Log file open, 03/20/19 22:23:50
LogWindows: Failed to load 'aqProf.dll' (GetLastError=126)
LogWindows: File 'aqProf.dll' does not exist
LogWindows: Failed to load 'VtuneApi.dll' (GetLastError=126)
LogWindows: File 'VtuneApi.dll' does not exist
LogWindows: Failed to load 'VtuneApi32e.dll' (GetLastError=126)
LogWindows: File 'VtuneApi32e.dll' does not exist
LogConsoleResponse: Display: Failed to find resolution value strings in scalability ini. Falling back to default.
LogInit: Display: Running engine for game: PixelArcade
LogPakFile: Registered encryption key '00000000000000000000000000000000': 0 pak files mounted, 0 remain pending
LogPlatformFile: Not using cached read wrapper
LogTaskGraph: Started task graph with 5 named threads and 23 total threads with 3 sets of task threads.
LogStats: Stats thread started at 0.272299
LogD3D11RHI: Loaded GFSDK_Aftermath_Lib.x64.dll
LogICUInternationalization: ICU TimeZone Detection - Raw Offset: +1:00, Platform Override: ''
LogPluginManager: Mounting plugin Paper2D
LogPluginManager: Mounting plugin AISupport
LogPluginManager: Mounting plugin LightPropagationVolume
LogPluginManager: Mounting plugin ActorLayerUtilities
LogPluginManager: Mounting plugin CLionSourceCodeAccess
LogPluginManager: Mounting plugin CodeLiteSourceCodeAccess
LogPluginManager: Mounting plugin GitSourceControl
LogPluginManager: Mounting plugin KDevelopSourceCodeAccess
LogPluginManager: Mounting plugin NullSourceCodeAccess
LogPluginManager: Mounting plugin PerforceSourceControl
LogPluginManager: Mounting plugin SubversionSourceControl
LogPluginManager: Mounting plugin UObjectPlugin
LogPluginManager: Mounting plugin VisualStudioCodeSourceCodeAccess
LogPluginManager: Mounting plugin VisualStudioSourceCodeAccess
LogPluginManager: Mounting plugin XCodeSourceCodeAccess
LogPluginManager: Mounting plugin AssetManagerEditor
LogPluginManager: Mounting plugin CryptoKeys
LogPluginManager: Mounting plugin DataValidation
LogPluginManager: Mounting plugin FacialAnimation
LogPluginManager: Mounting plugin GameplayTagsEditor
LogPluginManager: Mounting plugin MacGraphicsSwitching
LogPluginManager: Mounting plugin MeshEditor
LogPluginManager: Mounting plugin MobileLauncherProfileWizard
LogPluginManager: Mounting plugin PluginBrowser
LogPluginManager: Mounting plugin SpeedTreeImporter
LogPluginManager: Mounting plugin DatasmithContent
LogPluginManager: Mounting plugin VariantManagerContent
LogPluginManager: Mounting plugin AlembicImporter
LogPluginManager: Mounting plugin AppleImageUtils
LogPluginManager: Mounting plugin AppleVision
LogPluginManager: Mounting plugin BackChannel
LogPluginManager: Mounting plugin CharacterAI
LogPluginManager: Mounting plugin GeometryCache
LogPluginManager: Mounting plugin HTML5Networking
LogPluginManager: Mounting plugin ProxyLODPlugin
LogPluginManager: Mounting plugin MagicLeap
LogPluginManager: Mounting plugin MagicLeapMedia
LogPluginManager: Mounting plugin SubsystemConfigurator
LogPluginManager: Mounting plugin AndroidMedia
LogPluginManager: Mounting plugin AvfMedia
LogPluginManager: Mounting plugin ImgMedia
LogPluginManager: Mounting plugin LinearTimecode
LogPluginManager: Mounting plugin MediaCompositing
LogPluginManager: Mounting plugin MediaPlayerEditor
LogPluginManager: Mounting plugin WebMMedia
LogPluginManager: Mounting plugin WmfMedia
LogPluginManager: Mounting plugin TcpMessaging
LogPluginManager: Mounting plugin UdpMessaging
LogPluginManager: Mounting plugin ActorSequence
LogPluginManager: Mounting plugin LevelSequenceEditor
LogPluginManager: Mounting plugin MatineeToLevelSequence
LogPluginManager: Mounting plugin NetcodeUnitTest
LogPluginManager: Mounting plugin NUTUnrealEngine4
LogPluginManager: Mounting plugin OnlineSubsystemGooglePlay
LogPluginManager: Mounting plugin OnlineSubsystemIOS
LogPluginManager: Mounting plugin OnlineSubsystem
LogPluginManager: Mounting plugin OnlineSubsystemNull
LogPluginManager: Mounting plugin OnlineSubsystemSteam
LogPluginManager: Mounting plugin OnlineSubsystemUtils
LogPluginManager: Mounting plugin LauncherChunkInstaller
LogPluginManager: Mounting plugin AndroidDeviceProfileSelector
LogPluginManager: Mounting plugin AndroidMoviePlayer
LogPluginManager: Mounting plugin AndroidPermission
LogPluginManager: Mounting plugin AppleMoviePlayer
LogPluginManager: Mounting plugin ArchVisCharacter
LogPluginManager: Mounting plugin AudioCapture
LogPluginManager: Mounting plugin CableComponent
LogPluginManager: Mounting plugin CustomMeshComponent
LogPluginManager: Mounting plugin EditableMesh
LogPluginManager: Mounting plugin ExampleDeviceProfileSelector
LogPluginManager: Mounting plugin Firebase
LogPluginManager: Mounting plugin GoogleCloudMessaging
LogPluginManager: Mounting plugin IOSDeviceProfileSelector
LogPluginManager: Mounting plugin LinuxDeviceProfileSelector
LogPluginManager: Mounting plugin LocationServicesBPLibrary
LogPluginManager: Mounting plugin MobilePatchingUtils
LogPluginManager: Mounting plugin OculusVR
LogPluginManager: Mounting plugin PhysXVehicles
LogPluginManager: Mounting plugin ProceduralMeshComponent
LogPluginManager: Mounting plugin RuntimePhysXCooking
LogPluginManager: Mounting plugin SteamVR
LogPluginManager: Mounting plugin WebMMoviePlayer
LogPluginManager: Mounting plugin WindowsMoviePlayer
LogStreaming: Display: Took  0.056s to configure plugins.
LogInit: Using libcurl 7.55.1-DEV
LogInit:  - built for x86_64-pc-win32
LogInit:  - supports SSL with OpenSSL/1.0.2h
LogInit:  - supports HTTP deflate (compression) using libz 1.2.8
LogInit:  - other features:
LogInit:      CURL_VERSION_SSL
LogInit:      CURL_VERSION_LIBZ
LogInit:      CURL_VERSION_IPV6
LogInit:      CURL_VERSION_ASYNCHDNS
LogInit:      CURL_VERSION_LARGEFILE
LogInit:      CURL_VERSION_IDN
LogInit:  CurlRequestOptions (configurable via config and command line):
LogInit:  - bVerifyPeer = true  - Libcurl will verify peer certificate
LogInit:  - bUseHttpProxy = false  - Libcurl will NOT use HTTP proxy
LogInit:  - bDontReuseConnections = false  - Libcurl will reuse connections
LogInit:  - MaxHostConnections = 16  - Libcurl will limit the number of connections to a host
LogInit:  - LocalHostAddr = Default
LogInit:  - BufferSize = 65536
LogOnline: Display: STEAM: Loading Steam SDK 1.39
LogOnline: STEAM: Steam User is subscribed 1
LogOnline: STEAM: [AppId: 480] Client API initialized 1
LogOnline: Warning: STEAM: [OnlineSubsystemSteam].GameVersion is not set. Server advertising will fail
LogOnline: STEAM: [AppId: 480] Game Server API initialized 1
LogInit: WinSock: version 1.1 (2.2), MaxSocks=32767, MaxUdp=65467
LogInit: Build: ++UE4+Release-4.21-CL-4753647
LogInit: Engine Version: 4.21.2-4753647+++UE4+Release-4.21
LogInit: Compatible Engine Version: 4.21.0-4541578+++UE4+Release-4.21
LogInit: Net CL: 4541578
LogInit: OS: Windows 10 (), CPU: Intel(R) Core(TM) i7-7700K CPU @ 4.20GHz, GPU: NVIDIA GeForce GTX 1080
LogInit: Compiled (64-bit): Jan 19 2019 02:07:31
LogInit: Compiled with Visual C++: 19.13.26129.00
LogInit: Build Configuration: Development
LogInit: Branch Name: ++UE4+Release-4.21
LogInit: Command Line:  /Game/PixelWorlds/PixelMenu -game -PIEVIACONSOLE -ResX=1280 -ResY=720 -Multiprocess -messaging -SessionName="Play in Standalone Game" -windowed
LogInit: Base Directory: D:/Program Files/Epic Games/UE_4.21/Engine/Binaries/Win64/
LogInit: Installed Engine Build: 1
LogDevObjectVersion: Number of dev versions registered: 22
LogDevObjectVersion:   Dev-Blueprints (B0D832E4-1F89-4F0D-ACCF-7EB736FD4AA2): 10
LogDevObjectVersion:   Dev-Build (E1C64328-A22C-4D53-A36C-8E866417BD8C): 0
LogDevObjectVersion:   Dev-Core (375EC13C-06E4-48FB-B500-84F0262A717E): 2
LogDevObjectVersion:   Dev-Editor (E4B068ED-F494-42E9-A231-DA0B2E46BB41): 26
LogDevObjectVersion:   Dev-Framework (CFFC743F-43B0-4480-9391-14DF171D2073): 34
LogDevObjectVersion:   Dev-Mobile (B02B49B5-BB20-44E9-A304-32B752E40360): 2
LogDevObjectVersion:   Dev-Networking (A4E4105C-59A1-49B5-A7C5-40C4547EDFEE): 0
LogDevObjectVersion:   Dev-Online (39C831C9-5AE6-47DC-9A44-9C173E1C8E7C): 0
LogDevObjectVersion:   Dev-Physics (78F01B33-EBEA-4F98-B9B4-84EACCB95AA2): 0
LogDevObjectVersion:   Dev-Platform (6631380F-2D4D-43E0-8009-CF276956A95A): 0
LogDevObjectVersion:   Dev-Rendering (12F88B9F-8875-4AFC-A67C-D90C383ABD29): 27
LogDevObjectVersion:   Dev-Sequencer (7B5AE74C-D270-4C10-A958-57980B212A5A): 9
LogDevObjectVersion:   Dev-VR (D7296918-1DD6-4BDD-9DE2-64A83CC13884): 2
LogDevObjectVersion:   Dev-LoadTimes (C2A15278-BFE7-4AFE-6C17-90FF531DF755): 1
LogDevObjectVersion:   Private-Geometry (6EACA3D4-40EC-4CC1-B786-8BED09428FC5): 3
LogDevObjectVersion:   Dev-AnimPhys (29E575DD-E0A3-4627-9D10-D276232CDCEA): 17
LogDevObjectVersion:   Dev-Anim (AF43A65D-7FD3-4947-9873-3E8ED9C1BB05): 2
LogDevObjectVersion:   Dev-ReflectionCapture (6B266CEC-1EC7-4B8F-A30B-E4D90942FC07): 1
LogDevObjectVersion:   Dev-Automation (0DF73D61-A23F-47EA-B727-89E90C41499A): 1
LogDevObjectVersion:   FortniteMain (601D1886-AC64-4F84-AA16-D3DE0DEAC7D6): 17
LogDevObjectVersion:   Dev-Enterprise (9DFFBCD6-494F-0158-E221-12823C92A888): 4
LogDevObjectVersion:   Dev-Niagara (F2AED0AC-9AFE-416F-8664-AA7FFA26D6FC): 1
LogStreaming: Display: Took  0.005s to delete old logs.
LogInit: Presizing for max 8388607 objects, including 0 objects not considered by GC, pre-allocating 0 bytes for permanent pool.
LogInit: Object subsystem initialized
LogConfig: Setting CVar [[con.DebugEarlyDefault:1]]
LogConfig: Setting CVar [[r.setres:1280x720]]
[2019.03.20-21.23.50:868][  0]LogConfig: Setting CVar [[con.DebugEarlyDefault:1]]
[2019.03.20-21.23.50:868][  0]LogConfig: Setting CVar [[r.setres:1280x720]]
[2019.03.20-21.23.50:868][  0]LogConfig: Applying CVar settings from Section [/Script/Engine.RendererSettings] File [C:/Users/joeym/OneDrive/Documenten/GitHub/PixelArcade/Saved/Config/Windows/Engine.ini]
[2019.03.20-21.23.50:868][  0]LogConfig: Setting CVar [[r.GPUCrashDebugging:0]]
[2019.03.20-21.23.50:868][  0]LogConfig: Applying CVar settings from Section [/Script/Engine.RendererOverrideSettings] File [C:/Users/joeym/OneDrive/Documenten/GitHub/PixelArcade/Saved/Config/Windows/Engine.ini]
[2019.03.20-21.23.50:868][  0]LogConfig: Applying CVar settings from Section [/Script/Engine.StreamingSettings] File [C:/Users/joeym/OneDrive/Documenten/GitHub/PixelArcade/Saved/Config/Windows/Engine.ini]
[2019.03.20-21.23.50:868][  0]LogConfig: Setting CVar [[s.MinBulkDataSizeForAsyncLoading:131072]]
[2019.03.20-21.23.50:868][  0]LogConfig: Setting CVar [[s.AsyncLoadingThreadEnabled:0]]
[2019.03.20-21.23.50:868][  0]LogConfig: Setting CVar [[s.EventDrivenLoaderEnabled:1]]
[2019.03.20-21.23.50:868][  0]LogConfig: Setting CVar [[s.WarnIfTimeLimitExceeded:0]]
[2019.03.20-21.23.50:868][  0]LogConfig: Setting CVar [[s.TimeLimitExceededMultiplier:1.5]]
[2019.03.20-21.23.50:868][  0]LogConfig: Setting CVar [[s.TimeLimitExceededMinTime:0.005]]
[2019.03.20-21.23.50:868][  0]LogConfig: Setting CVar [[s.UseBackgroundLevelStreaming:1]]
[2019.03.20-21.23.50:868][  0]LogConfig: Setting CVar [[s.PriorityAsyncLoadingExtraTime:15.0]]
[2019.03.20-21.23.50:868][  0]LogConfig: Setting CVar [[s.LevelStreamingActorsUpdateTimeLimit:5.0]]
[2019.03.20-21.23.50:868][  0]LogConfig: Setting CVar [[s.PriorityLevelStreamingActorsUpdateExtraTime:5.0]]
[2019.03.20-21.23.50:868][  0]LogConfig: Setting CVar [[s.LevelStreamingComponentsRegistrationGranularity:10]]
[2019.03.20-21.23.50:868][  0]LogConfig: Setting CVar [[s.UnregisterComponentsTimeLimit:1.0]]
[2019.03.20-21.23.50:868][  0]LogConfig: Setting CVar [[s.LevelStreamingComponentsUnregistrationGranularity:5]]
[2019.03.20-21.23.50:868][  0]LogConfig: Applying CVar settings from Section [/Script/Engine.GarbageCollectionSettings] File [C:/Users/joeym/OneDrive/Documenten/GitHub/PixelArcade/Saved/Config/Windows/Engine.ini]
[2019.03.20-21.23.50:868][  0]LogConfig: Setting CVar [[gc.MaxObjectsNotConsideredByGC:1]]
[2019.03.20-21.23.50:868][  0]LogConfig: Setting CVar [[gc.SizeOfPermanentObjectPool:0]]
[2019.03.20-21.23.50:868][  0]LogConfig: Setting CVar [[gc.FlushStreamingOnGC:0]]
[2019.03.20-21.23.50:868][  0]LogConfig: Setting CVar [[gc.NumRetriesBeforeForcingGC:10]]
[2019.03.20-21.23.50:868][  0]LogConfig: Setting CVar [[gc.AllowParallelGC:1]]
[2019.03.20-21.23.50:868][  0]LogConfig: Setting CVar [[gc.TimeBetweenPurgingPendingKillObjects:61.1]]
[2019.03.20-21.23.50:868][  0]LogConfig: Setting CVar [[gc.MaxObjectsInEditor:8388607]]
[2019.03.20-21.23.50:869][  0]LogConfig: Setting CVar [[gc.IncrementalBeginDestroyEnabled:1]]
[2019.03.20-21.23.50:869][  0]LogConfig: Setting CVar [[gc.CreateGCClusters:1]]
[2019.03.20-21.23.50:869][  0]LogConfig: Setting CVar [[gc.MergeGCClusters:0]]
[2019.03.20-21.23.50:869][  0]LogConfig: Setting CVar [[gc.MinGCClusterSize:5]]
[2019.03.20-21.23.50:869][  0]LogConfig: Setting CVar [[gc.ActorClusteringEnabled:0]]
[2019.03.20-21.23.50:869][  0]LogConfig: Setting CVar [[gc.BlueprintClusteringEnabled:0]]
[2019.03.20-21.23.50:869][  0]LogConfig: Setting CVar [[gc.UseDisregardForGCOnDedicatedServers:0]]
[2019.03.20-21.23.50:869][  0]LogConfig: Applying CVar settings from Section [/Script/Engine.NetworkSettings] File [C:/Users/joeym/OneDrive/Documenten/GitHub/PixelArcade/Saved/Config/Windows/Engine.ini]
[2019.03.20-21.23.50:869][  0]LogConfig: Applying CVar settings from Section [/Script/UnrealEd.CookerSettings] File [C:/Users/joeym/OneDrive/Documenten/GitHub/PixelArcade/Saved/Config/Windows/Engine.ini]
[2019.03.20-21.23.50:873][  0]LogConfig: Applying CVar settings from Section [ViewDistanceQuality@3] File [C:/Users/joeym/OneDrive/Documenten/GitHub/PixelArcade/Saved/Config/Windows/Scalability.ini]
[2019.03.20-21.23.50:873][  0]LogConfig: Setting CVar [[r.SkeletalMeshLODBias:0]]
[2019.03.20-21.23.50:873][  0]LogConfig: Setting CVar [[r.ViewDistanceScale:1.0]]
[2019.03.20-21.23.50:873][  0]LogConfig: Applying CVar settings from Section [AntiAliasingQuality@3] File [C:/Users/joeym/OneDrive/Documenten/GitHub/PixelArcade/Saved/Config/Windows/Scalability.ini]
[2019.03.20-21.23.50:873][  0]LogConfig: Setting CVar [[r.PostProcessAAQuality:4]]
[2019.03.20-21.23.50:873][  0]LogConfig: Applying CVar settings from Section [ShadowQuality@3] File [C:/Users/joeym/OneDrive/Documenten/GitHub/PixelArcade/Saved/Config/Windows/Scalability.ini]
[2019.03.20-21.23.50:873][  0]LogConfig: Setting CVar [[r.LightFunctionQuality:1]]
[2019.03.20-21.23.50:873][  0]LogConfig: Setting CVar [[r.ShadowQuality:5]]
[2019.03.20-21.23.50:873][  0]LogConfig: Setting CVar [[r.Shadow.CSM.MaxCascades:10]]
[2019.03.20-21.23.50:873][  0]LogConfig: Setting CVar [[r.Shadow.MaxResolution:2048]]
[2019.03.20-21.23.50:873][  0]LogConfig: Setting CVar [[r.Shadow.MaxCSMResolution:2048]]
[2019.03.20-21.23.50:873][  0]LogConfig: Setting CVar [[r.Shadow.RadiusThreshold:0.01]]
[2019.03.20-21.23.50:873][  0]LogConfig: Setting CVar [[r.Shadow.DistanceScale:1.0]]
[2019.03.20-21.23.50:873][  0]LogConfig: Setting CVar [[r.Shadow.CSM.TransitionScale:1.0]]
[2019.03.20-21.23.50:873][  0]LogConfig: Setting CVar [[r.Shadow.PreShadowResolutionFactor:1.0]]
[2019.03.20-21.23.50:873][  0]LogConfig: Setting CVar [[r.DistanceFieldShadowing:1]]
[2019.03.20-21.23.50:873][  0]LogConfig: Setting CVar [[r.DistanceFieldAO:1]]
[2019.03.20-21.23.50:873][  0]LogConfig: Setting CVar [[r.AOQuality:2]]
[2019.03.20-21.23.50:873][  0]LogConfig: Setting CVar [[r.VolumetricFog:1]]
[2019.03.20-21.23.50:873][  0]LogConfig: Setting CVar [[r.VolumetricFog.GridPixelSize:8]]
[2019.03.20-21.23.50:873][  0]LogConfig: Setting CVar [[r.VolumetricFog.GridSizeZ:128]]
[2019.03.20-21.23.50:873][  0]LogConfig: Setting CVar [[r.VolumetricFog.HistoryMissSupersampleCount:4]]
[2019.03.20-21.23.50:873][  0]LogConfig: Setting CVar [[r.LightMaxDrawDistanceScale:1]]
[2019.03.20-21.23.50:873][  0]LogConfig: Setting CVar [[r.CapsuleShadows:1]]
[2019.03.20-21.23.50:873][  0]LogConfig: Applying CVar settings from Section [PostProcessQuality@3] File [C:/Users/joeym/OneDrive/Documenten/GitHub/PixelArcade/Saved/Config/Windows/Scalability.ini]
[2019.03.20-21.23.50:873][  0]LogConfig: Setting CVar [[r.MotionBlurQuality:4]]
[2019.03.20-21.23.50:873][  0]LogConfig: Setting CVar [[r.AmbientOcclusionMipLevelFactor:0.4]]
[2019.03.20-21.23.50:873][  0]LogConfig: Setting CVar [[r.AmbientOcclusionMaxQuality:100]]
[2019.03.20-21.23.50:873][  0]LogConfig: Setting CVar [[r.AmbientOcclusionLevels:-1]]
[2019.03.20-21.23.50:873][  0]LogConfig: Setting CVar [[r.AmbientOcclusionRadiusScale:1.0]]
[2019.03.20-21.23.50:873][  0]LogConfig: Setting CVar [[r.DepthOfFieldQuality:2]]
[2019.03.20-21.23.50:873][  0]LogConfig: Setting CVar [[r.RenderTargetPoolMin:400]]
[2019.03.20-21.23.50:873][  0]LogConfig: Setting CVar [[r.LensFlareQuality:2]]
[2019.03.20-21.23.50:873][  0]LogConfig: Setting CVar [[r.SceneColorFringeQuality:1]]
[2019.03.20-21.23.50:873][  0]LogConfig: Setting CVar [[r.EyeAdaptationQuality:2]]
[2019.03.20-21.23.50:873][  0]LogConfig: Setting CVar [[r.BloomQuality:5]]
[2019.03.20-21.23.50:873][  0]LogConfig: Setting CVar [[r.FastBlurThreshold:100]]
[2019.03.20-21.23.50:873][  0]LogConfig: Setting CVar [[r.Upscale.Quality:3]]
[2019.03.20-21.23.50:874][  0]LogConfig: Setting CVar [[r.Tonemapper.GrainQuantization:1]]
[2019.03.20-21.23.50:874][  0]LogConfig: Setting CVar [[r.LightShaftQuality:1]]
[2019.03.20-21.23.50:874][  0]LogConfig: Setting CVar [[r.Filter.SizeScale:1]]
[2019.03.20-21.23.50:874][  0]LogConfig: Setting CVar [[r.Tonemapper.Quality:5]]
[2019.03.20-21.23.50:874][  0]LogConfig: Setting CVar [[r.DOF.Gather.AccumulatorQuality:1        ; higher gathering accumulator quality]]
[2019.03.20-21.23.50:874][  0]LogConfig: Setting CVar [[r.DOF.Gather.PostfilterMethod:1          ; Median3x3 postfilering method]]
[2019.03.20-21.23.50:874][  0]LogConfig: Setting CVar [[r.DOF.Gather.EnableBokehSettings:0       ; no bokeh simulation when gathering]]
[2019.03.20-21.23.50:874][  0]LogConfig: Setting CVar [[r.DOF.Gather.RingCount:4                 ; medium number of samples when gathering]]
[2019.03.20-21.23.50:874][  0]LogConfig: Setting CVar [[r.DOF.Scatter.ForegroundCompositing:1    ; additive foreground scattering]]
[2019.03.20-21.23.50:874][  0]LogConfig: Setting CVar [[r.DOF.Scatter.BackgroundCompositing:2    ; additive background scattering]]
[2019.03.20-21.23.50:874][  0]LogConfig: Setting CVar [[r.DOF.Scatter.EnableBokehSettings:1      ; bokeh simulation when scattering]]
[2019.03.20-21.23.50:874][  0]LogConfig: Setting CVar [[r.DOF.Scatter.MaxSpriteRatio:0.1         ; only a maximum of 10% of scattered bokeh]]
[2019.03.20-21.23.50:874][  0]LogConfig: Setting CVar [[r.DOF.Recombine.Quality:1                ; cheap slight out of focus]]
[2019.03.20-21.23.50:874][  0]LogConfig: Setting CVar [[r.DOF.Recombine.EnableBokehSettings:0    ; no bokeh simulation on slight out of focus]]
[2019.03.20-21.23.50:874][  0]LogConfig: Setting CVar [[r.DOF.TemporalAAQuality:1                ; more stable temporal accumulation]]
[2019.03.20-21.23.50:874][  0]LogConfig: Setting CVar [[r.DOF.Kernel.MaxForegroundRadius:0.025]]
[2019.03.20-21.23.50:874][  0]LogConfig: Setting CVar [[r.DOF.Kernel.MaxBackgroundRadius:0.025]]
[2019.03.20-21.23.50:874][  0]LogConfig: Applying CVar settings from Section [TextureQuality@3] File [C:/Users/joeym/OneDrive/Documenten/GitHub/PixelArcade/Saved/Config/Windows/Scalability.ini]
[2019.03.20-21.23.50:874][  0]LogConfig: Setting CVar [[r.Streaming.MipBias:0]]
[2019.03.20-21.23.50:874][  0]LogConfig: Setting CVar [[r.Streaming.AmortizeCPUToGPUCopy:0]]
[2019.03.20-21.23.50:874][  0]LogConfig: Setting CVar [[r.Streaming.MaxNumTexturesToStreamPerFrame:0]]
[2019.03.20-21.23.50:874][  0]LogConfig: Setting CVar [[r.Streaming.Boost:1]]
[2019.03.20-21.23.50:874][  0]LogConfig: Setting CVar [[r.MaxAnisotropy:8]]
[2019.03.20-21.23.50:874][  0]LogConfig: Setting CVar [[r.Streaming.LimitPoolSizeToVRAM:0]]
[2019.03.20-21.23.50:874][  0]LogConfig: Setting CVar [[r.Streaming.PoolSize:1000]]
[2019.03.20-21.23.50:874][  0]LogConfig: Setting CVar [[r.Streaming.MaxEffectiveScreenSize:0]]
[2019.03.20-21.23.50:874][  0]LogConfig: Applying CVar settings from Section [EffectsQuality@3] File [C:/Users/joeym/OneDrive/Documenten/GitHub/PixelArcade/Saved/Config/Windows/Scalability.ini]
[2019.03.20-21.23.50:874][  0]LogConfig: Setting CVar [[r.TranslucencyLightingVolumeDim:64]]
[2019.03.20-21.23.50:874][  0]LogConfig: Setting CVar [[r.RefractionQuality:2]]
[2019.03.20-21.23.50:874][  0]LogConfig: Setting CVar [[r.SSR.Quality:3]]
[2019.03.20-21.23.50:874][  0]LogConfig: Setting CVar [[r.SceneColorFormat:4]]
[2019.03.20-21.23.50:874][  0]LogConfig: Setting CVar [[r.DetailMode:2]]
[2019.03.20-21.23.50:874][  0]LogConfig: Setting CVar [[r.TranslucencyVolumeBlur:1]]
[2019.03.20-21.23.50:874][  0]LogConfig: Setting CVar [[r.MaterialQualityLevel:1 ; High quality]]
[2019.03.20-21.23.50:874][  0]LogConfig: Setting CVar [[r.SSS.Scale:1]]
[2019.03.20-21.23.50:874][  0]LogConfig: Setting CVar [[r.SSS.SampleSet:2]]
[2019.03.20-21.23.50:874][  0]LogConfig: Setting CVar [[r.SSS.Quality:1]]
[2019.03.20-21.23.50:874][  0]LogConfig: Setting CVar [[r.SSS.HalfRes:1]]
[2019.03.20-21.23.50:874][  0]LogConfig: Setting CVar [[r.EmitterSpawnRateScale:1.0]]
[2019.03.20-21.23.50:874][  0]LogConfig: Setting CVar [[r.ParticleLightQuality:2]]
[2019.03.20-21.23.50:874][  0]LogConfig: Applying CVar settings from Section [FoliageQuality@3] File [C:/Users/joeym/OneDrive/Documenten/GitHub/PixelArcade/Saved/Config/Windows/Scalability.ini]
[2019.03.20-21.23.50:874][  0]LogConfig: Setting CVar [[foliage.DensityScale:1.0]]
[2019.03.20-21.23.50:874][  0]LogConfig: Setting CVar [[grass.DensityScale:1.0]]
[2019.03.20-21.23.50:874][  0]LogInit: Selected Device Profile: [Windows]
[2019.03.20-21.23.50:874][  0]LogInit: Applying CVar settings loaded from the selected device profile: [Windows]
[2019.03.20-21.23.50:877][  0]LogHAL: Display: Platform has ~ 16 GB [17106059264 / 17179869184 / 16], which maps to Larger [LargestMinGB=32, LargerMinGB=12, DefaultMinGB=8, SmallerMinGB=6, SmallestMinGB=0)
[2019.03.20-21.23.50:877][  0]LogConfig: Setting CVar [[r.Vulkan.UseRealUBs:1]]
[2019.03.20-21.23.50:877][  0]LogInit: Going up to parent DeviceProfile []
[2019.03.20-21.23.50:877][  0]LogConfig: Applying CVar settings from Section [ViewDistanceQuality@3] File [C:/Users/joeym/OneDrive/Documenten/GitHub/PixelArcade/Saved/Config/Windows/Scalability.ini]
[2019.03.20-21.23.50:877][  0]LogConfig: Setting CVar [[r.SkeletalMeshLODBias:0]]
[2019.03.20-21.23.50:877][  0]LogConfig: Setting CVar [[r.ViewDistanceScale:1.0]]
[2019.03.20-21.23.50:877][  0]LogConfig: Applying CVar settings from Section [AntiAliasingQuality@3] File [C:/Users/joeym/OneDrive/Documenten/GitHub/PixelArcade/Saved/Config/Windows/Scalability.ini]
[2019.03.20-21.23.50:877][  0]LogConfig: Setting CVar [[r.PostProcessAAQuality:4]]
[2019.03.20-21.23.50:877][  0]LogConfig: Applying CVar settings from Section [ShadowQuality@3] File [C:/Users/joeym/OneDrive/Documenten/GitHub/PixelArcade/Saved/Config/Windows/Scalability.ini]
[2019.03.20-21.23.50:877][  0]LogConfig: Setting CVar [[r.LightFunctionQuality:1]]
[2019.03.20-21.23.50:877][  0]LogConfig: Setting CVar [[r.ShadowQuality:5]]
[2019.03.20-21.23.50:877][  0]LogConfig: Setting CVar [[r.Shadow.CSM.MaxCascades:10]]
[2019.03.20-21.23.50:877][  0]LogConfig: Setting CVar [[r.Shadow.MaxResolution:2048]]
[2019.03.20-21.23.50:877][  0]LogConfig: Setting CVar [[r.Shadow.MaxCSMResolution:2048]]
[2019.03.20-21.23.50:877][  0]LogConfig: Setting CVar [[r.Shadow.RadiusThreshold:0.01]]
[2019.03.20-21.23.50:877][  0]LogConfig: Setting CVar [[r.Shadow.DistanceScale:1.0]]
[2019.03.20-21.23.50:877][  0]LogConfig: Setting CVar [[r.Shadow.CSM.TransitionScale:1.0]]
[2019.03.20-21.23.50:877][  0]LogConfig: Setting CVar [[r.Shadow.PreShadowResolutionFactor:1.0]]
[2019.03.20-21.23.50:877][  0]LogConfig: Setting CVar [[r.DistanceFieldShadowing:1]]
[2019.03.20-21.23.50:877][  0]LogConfig: Setting CVar [[r.DistanceFieldAO:1]]
[2019.03.20-21.23.50:877][  0]LogConfig: Setting CVar [[r.AOQuality:2]]
[2019.03.20-21.23.50:877][  0]LogConfig: Setting CVar [[r.VolumetricFog:1]]
[2019.03.20-21.23.50:878][  0]LogConfig: Setting CVar [[r.VolumetricFog.GridPixelSize:8]]
[2019.03.20-21.23.50:878][  0]LogConfig: Setting CVar [[r.VolumetricFog.GridSizeZ:128]]
[2019.03.20-21.23.50:878][  0]LogConfig: Setting CVar [[r.VolumetricFog.HistoryMissSupersampleCount:4]]
[2019.03.20-21.23.50:878][  0]LogConfig: Setting CVar [[r.LightMaxDrawDistanceScale:1]]
[2019.03.20-21.23.50:878][  0]LogConfig: Setting CVar [[r.CapsuleShadows:1]]
[2019.03.20-21.23.50:878][  0]LogConfig: Applying CVar settings from Section [PostProcessQuality@3] File [C:/Users/joeym/OneDrive/Documenten/GitHub/PixelArcade/Saved/Config/Windows/Scalability.ini]
[2019.03.20-21.23.50:878][  0]LogConfig: Setting CVar [[r.MotionBlurQuality:4]]
[2019.03.20-21.23.50:878][  0]LogConfig: Setting CVar [[r.AmbientOcclusionMipLevelFactor:0.4]]
[2019.03.20-21.23.50:878][  0]LogConfig: Setting CVar [[r.AmbientOcclusionMaxQuality:100]]
[2019.03.20-21.23.50:878][  0]LogConfig: Setting CVar [[r.AmbientOcclusionLevels:-1]]
[2019.03.20-21.23.50:878][  0]LogConfig: Setting CVar [[r.AmbientOcclusionRadiusScale:1.0]]
[2019.03.20-21.23.50:878][  0]LogConfig: Setting CVar [[r.DepthOfFieldQuality:2]]
[2019.03.20-21.23.50:878][  0]LogConfig: Setting CVar [[r.RenderTargetPoolMin:400]]
[2019.03.20-21.23.50:878][  0]LogConfig: Setting CVar [[r.LensFlareQuality:2]]
[2019.03.20-21.23.50:878][  0]LogConfig: Setting CVar [[r.SceneColorFringeQuality:1]]
[2019.03.20-21.23.50:878][  0]LogConfig: Setting CVar [[r.EyeAdaptationQuality:2]]
[2019.03.20-21.23.50:878][  0]LogConfig: Setting CVar [[r.BloomQuality:5]]
[2019.03.20-21.23.50:878][  0]LogConfig: Setting CVar [[r.FastBlurThreshold:100]]
[2019.03.20-21.23.50:878][  0]LogConfig: Setting CVar [[r.Upscale.Quality:3]]
[2019.03.20-21.23.50:878][  0]LogConfig: Setting CVar [[r.Tonemapper.GrainQuantization:1]]
[2019.03.20-21.23.50:878][  0]LogConfig: Setting CVar [[r.LightShaftQuality:1]]
[2019.03.20-21.23.50:878][  0]LogConfig: Setting CVar [[r.Filter.SizeScale:1]]
[2019.03.20-21.23.50:878][  0]LogConfig: Setting CVar [[r.Tonemapper.Quality:5]]
[2019.03.20-21.23.50:878][  0]LogConfig: Setting CVar [[r.DOF.Gather.AccumulatorQuality:1        ; higher gathering accumulator quality]]
[2019.03.20-21.23.50:878][  0]LogConfig: Setting CVar [[r.DOF.Gather.PostfilterMethod:1          ; Median3x3 postfilering method]]
[2019.03.20-21.23.50:878][  0]LogConfig: Setting CVar [[r.DOF.Gather.EnableBokehSettings:0       ; no bokeh simulation when gathering]]
[2019.03.20-21.23.50:878][  0]LogConfig: Setting CVar [[r.DOF.Gather.RingCount:4                 ; medium number of samples when gathering]]
[2019.03.20-21.23.50:878][  0]LogConfig: Setting CVar [[r.DOF.Scatter.ForegroundCompositing:1    ; additive foreground scattering]]
[2019.03.20-21.23.50:878][  0]LogConfig: Setting CVar [[r.DOF.Scatter.BackgroundCompositing:2    ; additive background scattering]]
[2019.03.20-21.23.50:878][  0]LogConfig: Setting CVar [[r.DOF.Scatter.EnableBokehSettings:1      ; bokeh simulation when scattering]]
[2019.03.20-21.23.50:878][  0]LogConfig: Setting CVar [[r.DOF.Scatter.MaxSpriteRatio:0.1         ; only a maximum of 10% of scattered bokeh]]
[2019.03.20-21.23.50:878][  0]LogConfig: Setting CVar [[r.DOF.Recombine.Quality:1                ; cheap slight out of focus]]
[2019.03.20-21.23.50:878][  0]LogConfig: Setting CVar [[r.DOF.Recombine.EnableBokehSettings:0    ; no bokeh simulation on slight out of focus]]
[2019.03.20-21.23.50:878][  0]LogConfig: Setting CVar [[r.DOF.TemporalAAQuality:1                ; more stable temporal accumulation]]
[2019.03.20-21.23.50:878][  0]LogConfig: Setting CVar [[r.DOF.Kernel.MaxForegroundRadius:0.025]]
[2019.03.20-21.23.50:878][  0]LogConfig: Setting CVar [[r.DOF.Kernel.MaxBackgroundRadius:0.025]]
[2019.03.20-21.23.50:878][  0]LogConfig: Applying CVar settings from Section [TextureQuality@3] File [C:/Users/joeym/OneDrive/Documenten/GitHub/PixelArcade/Saved/Config/Windows/Scalability.ini]
[2019.03.20-21.23.50:878][  0]LogConfig: Setting CVar [[r.Streaming.MipBias:0]]
[2019.03.20-21.23.50:878][  0]LogConfig: Setting CVar [[r.Streaming.AmortizeCPUToGPUCopy:0]]
[2019.03.20-21.23.50:878][  0]LogConfig: Setting CVar [[r.Streaming.MaxNumTexturesToStreamPerFrame:0]]
[2019.03.20-21.23.50:878][  0]LogConfig: Setting CVar [[r.Streaming.Boost:1]]
[2019.03.20-21.23.50:878][  0]LogConfig: Setting CVar [[r.MaxAnisotropy:8]]
[2019.03.20-21.23.50:878][  0]LogConfig: Setting CVar [[r.Streaming.LimitPoolSizeToVRAM:0]]
[2019.03.20-21.23.50:878][  0]LogConfig: Setting CVar [[r.Streaming.PoolSize:1000]]
[2019.03.20-21.23.50:878][  0]LogConfig: Setting CVar [[r.Streaming.MaxEffectiveScreenSize:0]]
[2019.03.20-21.23.50:878][  0]LogConfig: Applying CVar settings from Section [EffectsQuality@3] File [C:/Users/joeym/OneDrive/Documenten/GitHub/PixelArcade/Saved/Config/Windows/Scalability.ini]
[2019.03.20-21.23.50:878][  0]LogConfig: Setting CVar [[r.TranslucencyLightingVolumeDim:64]]
[2019.03.20-21.23.50:878][  0]LogConfig: Setting CVar [[r.RefractionQuality:2]]
[2019.03.20-21.23.50:878][  0]LogConfig: Setting CVar [[r.SSR.Quality:3]]
[2019.03.20-21.23.50:878][  0]LogConfig: Setting CVar [[r.SceneColorFormat:4]]
[2019.03.20-21.23.50:878][  0]LogConfig: Setting CVar [[r.DetailMode:2]]
[2019.03.20-21.23.50:878][  0]LogConfig: Setting CVar [[r.TranslucencyVolumeBlur:1]]
[2019.03.20-21.23.50:878][  0]LogConfig: Setting CVar [[r.MaterialQualityLevel:1 ; High quality]]
[2019.03.20-21.23.50:878][  0]LogConfig: Setting CVar [[r.SSS.Scale:1]]
[2019.03.20-21.23.50:878][  0]LogConfig: Setting CVar [[r.SSS.SampleSet:2]]
[2019.03.20-21.23.50:878][  0]LogConfig: Setting CVar [[r.SSS.Quality:1]]
[2019.03.20-21.23.50:878][  0]LogConfig: Setting CVar [[r.SSS.HalfRes:1]]
[2019.03.20-21.23.50:878][  0]LogConfig: Setting CVar [[r.EmitterSpawnRateScale:1.0]]
[2019.03.20-21.23.50:878][  0]LogConfig: Setting CVar [[r.ParticleLightQuality:2]]
[2019.03.20-21.23.50:878][  0]LogConfig: Applying CVar settings from Section [FoliageQuality@3] File [C:/Users/joeym/OneDrive/Documenten/GitHub/PixelArcade/Saved/Config/Windows/Scalability.ini]
[2019.03.20-21.23.50:878][  0]LogConfig: Setting CVar [[foliage.DensityScale:1.0]]
[2019.03.20-21.23.50:878][  0]LogConfig: Setting CVar [[grass.DensityScale:1.0]]
[2019.03.20-21.23.50:878][  0]LogConfig: Applying CVar settings from Section [Startup] File [../../../Engine/Config/ConsoleVariables.ini]
[2019.03.20-21.23.50:879][  0]LogConfig: Setting CVar [[net.UseAdaptiveNetUpdateFrequency:0]]
[2019.03.20-21.23.50:879][  0]LogConfig: Applying CVar settings from Section [ConsoleVariables] File [C:/Users/joeym/OneDrive/Documenten/GitHub/PixelArcade/Saved/Config/Windows/Engine.ini]
[2019.03.20-21.23.50:879][  0]LogInit: Computer: JOEYCOMPUTER
[2019.03.20-21.23.50:879][  0]LogInit: User: joeym
[2019.03.20-21.23.50:879][  0]LogInit: CPU Page size=4096, Cores=4
[2019.03.20-21.23.50:879][  0]LogInit: High frequency timer resolution =10.000000 MHz
[2019.03.20-21.23.50:879][  0]LogMemory: Memory total: Physical=15.9GB (16GB approx)
[2019.03.20-21.23.50:879][  0]LogMemory: Platform Memory Stats for Windows
[2019.03.20-21.23.50:879][  0]LogMemory: Process Physical Memory: 132.07 MB used, 132.08 MB peak
[2019.03.20-21.23.50:879][  0]LogMemory: Process Virtual Memory: 99.79 MB used, 99.79 MB peak
[2019.03.20-21.23.50:879][  0]LogMemory: Physical Memory: 7050.28 MB used,  9263.33 MB free, 16313.61 MB total
[2019.03.20-21.23.50:879][  0]LogMemory: Virtual Memory: 4766.89 MB used,  134212960.00 MB free, 134217728.00 MB total
[2019.03.20-21.23.50:915][  0]LogInit: Using OS detected language (nl-NL).
[2019.03.20-21.23.50:915][  0]LogInit: Using OS detected locale (nl-NL).
[2019.03.20-21.23.50:916][  0]LogTextLocalizationManager: No localization for 'nl-NL' exists, so 'en' will be used for the language.
[2019.03.20-21.23.50:916][  0]LogTextLocalizationManager: No localization for 'nl-NL' exists, so 'en' will be used for the locale.
[2019.03.20-21.23.51:269][  0]LogStreaming: Display: Took  0.354s to InitEngineTextLocalization.
[2019.03.20-21.23.51:296][  0]LogSlate: New Slate User Created.  User Index 0, Is Virtual User: 0
[2019.03.20-21.23.51:296][  0]LogSlate: Slate User Registered.  User Index 0, Is Virtual User: 0
[2019.03.20-21.23.51:303][  0]LogHMD: Failed to initialize OpenVR with code 110
[2019.03.20-21.23.51:303][  0]LogD3D11RHI: D3D11 adapters:
[2019.03.20-21.23.51:367][  0]LogD3D11RHI:    0. 'NVIDIA GeForce GTX 1080' (Feature Level 11_0)
[2019.03.20-21.23.51:367][  0]LogD3D11RHI:       8079/0/8156 MB DedicatedVideo/DedicatedSystem/SharedSystem, Outputs:2, VendorId:0x10de
[2019.03.20-21.23.51:370][  0]LogD3D11RHI:    1. 'Microsoft Basic Render Driver' (Feature Level 11_0)
[2019.03.20-21.23.51:370][  0]LogD3D11RHI:       0/0/8156 MB DedicatedVideo/DedicatedSystem/SharedSystem, Outputs:0, VendorId:0x1414
[2019.03.20-21.23.51:370][  0]LogD3D11RHI: Chosen D3D11 Adapter: 0
[2019.03.20-21.23.51:378][  0]LogD3D11RHI: Creating new Direct3DDevice
[2019.03.20-21.23.51:379][  0]LogD3D11RHI:     GPU DeviceId: 0x1b80 (for the marketing name, search the web for "GPU Device Id")
[2019.03.20-21.23.51:379][  0]LogWindows: EnumDisplayDevices:
[2019.03.20-21.23.51:379][  0]LogWindows:    0. 'NVIDIA GeForce GTX 1080' (P:1 D:1)
[2019.03.20-21.23.51:379][  0]LogWindows:    1. 'NVIDIA GeForce GTX 1080' (P:0 D:1)
[2019.03.20-21.23.51:379][  0]LogWindows:    2. 'NVIDIA GeForce GTX 1080' (P:0 D:0)
[2019.03.20-21.23.51:379][  0]LogWindows:    3. 'NVIDIA GeForce GTX 1080' (P:0 D:0)
[2019.03.20-21.23.51:380][  0]LogWindows: DebugString: FoundDriverCount:4 
[2019.03.20-21.23.51:380][  0]LogD3D11RHI:     Adapter Name: NVIDIA GeForce GTX 1080
[2019.03.20-21.23.51:380][  0]LogD3D11RHI:   Driver Version: 419.17 (internal:25.21.14.1917, unified:419.17)
[2019.03.20-21.23.51:380][  0]LogD3D11RHI:      Driver Date: 2-20-2019
[2019.03.20-21.23.51:380][  0]LogRHI: Texture pool is 5655 MB (70% of 8079 MB)
[2019.03.20-21.23.51:417][  0]LogD3D11RHI: Async texture creation enabled
[2019.03.20-21.23.51:430][  0]LogD3D11RHI: GPU Timing Frequency: 1000.000000 (Debug: 2 1)
[2019.03.20-21.23.51:837][  0]LogTemp: Display: Loaded TP WindowsClientTargetPlatform
[2019.03.20-21.23.51:847][  0]LogTemp: Display: Loaded TP WindowsNoEditorTargetPlatform
[2019.03.20-21.23.51:859][  0]LogTemp: Display: Loaded TP WindowsServerTargetPlatform
[2019.03.20-21.23.51:870][  0]LogTemp: Display: Loaded TP WindowsTargetPlatform
[2019.03.20-21.23.51:870][  0]LogTargetPlatformManager: Display: Building Assets For Windows
[2019.03.20-21.23.51:911][  0]LogShaderCompilers: Guid format shader working directory is -7 characters bigger than the processId version (C:/Users/joeym/OneDrive/Documenten/GitHub/PixelArcade/Intermediate/Shaders/WorkingDirectory/5608/).
[2019.03.20-21.23.51:911][  0]LogShaderCompilers: Cleaned the shader compiler working directory 'C:/Users/joeym/AppData/Local/Temp/UnrealShaderWorkingDir/41C06DDB475FC2573197BFB75CFDCB5B/'.
[2019.03.20-21.23.51:913][  0]LogXGEController: Cannot use XGE Controller as Incredibuild is not installed on this machine.
[2019.03.20-21.23.51:913][  0]LogShaderCompilers: Cannot use XGE Shader Compiler as Incredibuild is not installed on this machine.
[2019.03.20-21.23.51:913][  0]LogShaderCompilers: Display: Using Local Shader Compiler.
[2019.03.20-21.23.52:346][  0]LogDerivedDataCache: Display: Max Cache Size: 512 MB
[2019.03.20-21.23.52:387][  0]LogDerivedDataCache: Loaded boot cache 0.04s 71MB C:/Users/joeym/AppData/Local/UnrealEngine/4.21/DerivedDataCache/Boot.ddc.
[2019.03.20-21.23.52:387][  0]LogDerivedDataCache: Display: Loaded Boot cache: C:/Users/joeym/AppData/Local/UnrealEngine/4.21/DerivedDataCache/Boot.ddc
[2019.03.20-21.23.52:387][  0]LogDerivedDataCache: FDerivedDataBackendGraph:  Pak pak cache file C:/Users/joeym/OneDrive/Documenten/GitHub/PixelArcade/DerivedDataCache/DDC.ddp not found, will not use a pak cache.
[2019.03.20-21.23.52:387][  0]LogDerivedDataCache: Unable to find inner node Pak for hierarchical cache Hierarchy.
[2019.03.20-21.23.52:387][  0]LogDerivedDataCache: FDerivedDataBackendGraph:  CompressedPak pak cache file C:/Users/joeym/OneDrive/Documenten/GitHub/PixelArcade/DerivedDataCache/Compressed.ddp not found, will not use a pak cache.
[2019.03.20-21.23.52:387][  0]LogDerivedDataCache: Unable to find inner node CompressedPak for hierarchical cache Hierarchy.
[2019.03.20-21.23.52:400][  0]LogDerivedDataCache: Display: Pak cache opened for reading ../../../Engine/DerivedDataCache/Compressed.ddp.
[2019.03.20-21.23.52:400][  0]LogDerivedDataCache: FDerivedDataBackendGraph:  EnterprisePak pak cache file ../../../Enterprise/DerivedDataCache/Compressed.ddp not found, will not use a pak cache.
[2019.03.20-21.23.52:400][  0]LogDerivedDataCache: Unable to find inner node EnterprisePak for hierarchical cache Hierarchy.
[2019.03.20-21.23.52:412][  0]LogDerivedDataCache: Using Local data cache path C:/Users/joeym/AppData/Local/UnrealEngine/Common/DerivedDataCache: Writable
[2019.03.20-21.23.52:412][  0]LogDerivedDataCache: Shared data cache path not found in *engine.ini, will not use an Shared cache.
[2019.03.20-21.23.52:412][  0]LogDerivedDataCache: Unable to find inner node Shared for hierarchical cache Hierarchy.
[2019.03.20-21.23.52:431][  0]LogMaterial: Verifying Global Shaders for PCD3D_SM5
[2019.03.20-21.23.52:432][  0]LogSlate: Using FreeType 2.6.0
[2019.03.20-21.23.52:433][  0]LogSlate: SlateFontServices - WITH_FREETYPE: 1, WITH_HARFBUZZ: 1
[2019.03.20-21.23.52:544][  0]LogInit: Using OS detected language (nl-NL).
[2019.03.20-21.23.52:544][  0]LogInit: Using OS detected locale (nl-NL).
[2019.03.20-21.23.52:544][  0]LogTextLocalizationManager: No localization for 'nl-NL' exists, so 'en' will be used for the language.
[2019.03.20-21.23.52:544][  0]LogTextLocalizationManager: No localization for 'nl-NL' exists, so 'en' will be used for the locale.
[2019.03.20-21.23.52:545][  0]LogStreaming: Display: Took  0.001s to InitGameTextLocalization.
[2019.03.20-21.23.52:550][  0]LogAssetRegistry: FAssetRegistry took 0.0030 seconds to start up
[2019.03.20-21.23.52:760][  0]LogPackageLocalizationCache: Processed 12 localized package path(s) for 1 prioritized culture(s) in 0.027903 seconds
[2019.03.20-21.23.52:852][  0]LogInit: Selected Device Profile: [Windows]
[2019.03.20-21.23.52:985][  0]LogSimplygon: Simplygon DLL not present - disabling.
[2019.03.20-21.23.52:989][  0]LogMeshReduction: Using SimplygonSwarm for distributed automatic mesh merging
[2019.03.20-21.23.52:989][  0]LogMeshReduction: Using ProxyLODMeshReduction for automatic mesh merging
[2019.03.20-21.23.52:989][  0]LogMeshReduction: Using QuadricMeshReduction for automatic static mesh reduction
[2019.03.20-21.23.52:989][  0]LogMeshReduction: No automatic skeletal mesh reduction module available
[2019.03.20-21.23.53:004][  0]LogNetVersion: PixelArcade 1.0.0, NetCL: 4541578, EngineNetVer: 5, GameNetVer: 0 (Checksum: 3322908292)
[2019.03.20-21.23.53:530][  0]LogMoviePlayer: Initializing movie player
[2019.03.20-21.23.53:636][  0]LogTcpMessaging: Initializing TcpMessaging bridge
[2019.03.20-21.23.53:648][  0]LogUdpMessaging: Initializing bridge on interface 0.0.0.0:0 to multicast group 230.0.0.1:6666.
[2019.03.20-21.23.53:729][  0]SourceControl: Source control is disabled
[2019.03.20-21.23.53:729][  0]SourceControl: Source control is disabled
[2019.03.20-21.23.53:730][  0]SourceControl: Source control is disabled
[2019.03.20-21.23.53:854][  0]LogAndroidPermission: UAndroidPermissionCallbackProxy::GetInstance
[2019.03.20-21.23.53:964][  0]LogOcInput: OculusInput pre-init called
[2019.03.20-21.23.53:971][  0]LogUObjectArray: 43235 objects as part of root set at end of initial load.
[2019.03.20-21.23.53:971][  0]LogUObjectAllocator: 7601024 out of 0 bytes used by permanent object pool.
[2019.03.20-21.23.53:971][  0]LogUObjectArray: CloseDisregardForGC: 0/0 objects in disregard for GC pool
[2019.03.20-21.23.54:086][  0]LogEngine: Initializing Engine...
[2019.03.20-21.23.54:087][  0]LogHMD: Failed to initialize OpenVR with code 110
[2019.03.20-21.23.54:099][  0]LogStats: UGameplayTagsManager::ConstructGameplayTagTree: ImportINI prefixes -  0.000 s
[2019.03.20-21.23.54:099][  0]LogStats: UGameplayTagsManager::ConstructGameplayTagTree: Construct from data asset -  0.000 s
[2019.03.20-21.23.54:099][  0]LogStats: UGameplayTagsManager::ConstructGameplayTagTree: ImportINI -  0.000 s
[2019.03.20-21.23.54:099][  0]LogStats: UGameplayTagsManager::ConstructGameplayTagTree: GameplayTagTreeChangedEvent.Broadcast -  0.000 s
[2019.03.20-21.23.54:255][  0]LogInit: Initializing FReadOnlyCVARCache
[2019.03.20-21.23.54:275][  0]LogInit: XAudio2 using 'luidspreker/Hoofdtelefoon (Realtek High Definition Audio)' : 2 channels at 48 kHz using 32 bits per sample (channel mask 0x3)
[2019.03.20-21.23.54:306][  0]LogInit: FAudioDevice initialized.
[2019.03.20-21.23.54:318][  0]LogNetVersion: Set ProjectVersion to 1.0.0.0. Version Checksum will be recalculated on next use.
[2019.03.20-21.23.54:327][  0]LogInit: Texture streaming: Enabled
[2019.03.20-21.23.54:448][  0]LogSlate: Updating window title bar state: overlay mode, drag disabled, window buttons hidden, title bar hidden
[2019.03.20-21.23.54:449][  0]LogInit: Display: Game Engine Initialized.
[2019.03.20-21.23.54:449][  0]LogGameplayTags: Display: UGameplayTagsManager::DoneAddingNativeTags. DelegateIsBound: 0
[2019.03.20-21.23.54:449][  0]LogStats: UGameplayTagsManager::ConstructGameplayTagTree: ImportINI prefixes -  0.000 s
[2019.03.20-21.23.54:449][  0]LogStats: UGameplayTagsManager::ConstructGameplayTagTree: Construct from data asset -  0.000 s
[2019.03.20-21.23.54:449][  0]LogStats: UGameplayTagsManager::ConstructGameplayTagTree: ImportINI -  0.000 s
[2019.03.20-21.23.54:449][  0]LogStats: UGameplayTagsManager::ConstructGameplayTagTree: GameplayTagTreeChangedEvent.Broadcast -  0.000 s
[2019.03.20-21.23.54:463][  0]LogInit: Display: Starting Game.
[2019.03.20-21.23.54:464][  0]LogNet: Browse: /Game/PixelWorlds/PixelMenu?Name=Player
[2019.03.20-21.23.54:464][  0]LogLoad: LoadMap: /Game/PixelWorlds/PixelMenu?Name=Player
[2019.03.20-21.23.54:551][  0]LogAIModule: Creating AISystem for world PixelMenu
[2019.03.20-21.23.54:680][  0]LogLoad: Game class is 'GM_PixelMenu_C'
[2019.03.20-21.23.54:682][  0]LogWorld: Bringing World /Game/PixelWorlds/PixelMenu.PixelMenu up for play (max tick rate 0) at 2019.03.20-22.23.54
[2019.03.20-21.23.54:682][  0]LogWorld: Bringing up level for play took: 0.001368
[2019.03.20-21.23.54:686][  0]LogLoad: Took 0.222051 seconds to LoadMap(/Game/PixelWorlds/PixelMenu)
[2019.03.20-21.23.54:735][  0]LogRenderer: Reallocating scene render targets to support 1280x720 Format 10 NumSamples 1 (Frame:1).
[2019.03.20-21.23.54:735][  0]LogLoad: (Engine Initialization) Total time: 5.77 seconds
[2019.03.20-21.23.54:735][  0]LogLoad: (Engine Initialization) Total Blueprint compile time: 0.00 seconds
[2019.03.20-21.23.54:765][  0]LogContentStreaming: Texture pool size now 1000 MB
[2019.03.20-21.23.57:717][169]LogRenderer: Reallocating scene render targets to support 1920x1020 Format 10 NumSamples 1 (Frame:172).
[2019.03.20-21.24.25:426][888]LogOnlineSession: STEAM: Found 4 lobbies, finalizing the search
[2019.03.20-21.24.25:426][888]LogOnlineSession: STEAM: Search result 0: LobbyId=Lobby[0x186000001E0FC6D], LobbyId.IsValid()=true, CSteamID(LobbyId).IsLobby()=true
[2019.03.20-21.24.25:426][888]LogOnlineSession: Warning: STEAM: Unable to parse search result for lobby 'Lobby[0x186000001E0FC6D]'
[2019.03.20-21.24.25:426][888]LogOnlineSession: STEAM: Search result 1: LobbyId=Lobby[0x186000001F1C211], LobbyId.IsValid()=true, CSteamID(LobbyId).IsLobby()=true
[2019.03.20-21.24.25:426][888]LogOnlineSession: Warning: STEAM: Unknown or unsupported data type from Steam key data actual_password 9b74a91c786fe2fd1d7dae241a398a8e
[2019.03.20-21.24.25:426][888]LogOnlineSession: Warning: STEAM: Failed to parse setting from key actual_password value 9b74a91c786fe2fd1d7dae241a398a8e
[2019.03.20-21.24.25:426][888]LogOnlineSession: Warning: STEAM: Unknown or unsupported data type from Steam key data desc eu4
[2019.03.20-21.24.25:426][888]LogOnlineSession: Warning: STEAM: Failed to parse setting from key desc value eu4
[2019.03.20-21.24.25:426][888]LogOnlineSession: Warning: STEAM: Unknown or unsupported data type from Steam key data mod eu4
[2019.03.20-21.24.25:426][888]LogOnlineSession: Warning: STEAM: Failed to parse setting from key mod value eu4
[2019.03.20-21.24.25:426][888]LogOnlineSession: Warning: STEAM: Unknown or unsupported data type from Steam key data name martijn_bakker
[2019.03.20-21.24.25:426][888]LogOnlineSession: Warning: STEAM: Failed to parse setting from key name value martijn_bakker
[2019.03.20-21.24.25:426][888]LogOnlineSession: Warning: STEAM: Unknown or unsupported data type from Steam key data password 0
[2019.03.20-21.24.25:426][888]LogOnlineSession: Warning: STEAM: Failed to parse setting from key password value 0
[2019.03.20-21.24.25:427][888]LogOnlineSession: Warning: STEAM: Unknown or unsupported data type from Steam key data sn_32 0
[2019.03.20-21.24.25:427][888]LogOnlineSession: Warning: STEAM: Failed to parse setting from key sn_32 value 0
[2019.03.20-21.24.25:427][888]LogOnlineSession: Warning: STEAM: Unknown or unsupported data type from Steam key data sn_48 0
[2019.03.20-21.24.25:427][888]LogOnlineSession: Warning: STEAM: Failed to parse setting from key sn_48 value 0
[2019.03.20-21.24.25:427][888]LogOnlineSession: Warning: STEAM: Unknown or unsupported data type from Steam key data sn_49 0
[2019.03.20-21.24.25:427][888]LogOnlineSession: Warning: STEAM: Failed to parse setting from key sn_49 value 0
[2019.03.20-21.24.25:427][888]LogOnlineSession: Warning: STEAM: Unknown or unsupported data type from Steam key data sn_50 0
[2019.03.20-21.24.25:427][888]LogOnlineSession: Warning: STEAM: Failed to parse setting from key sn_50 value 0
[2019.03.20-21.24.25:427][888]LogOnlineSession: Warning: STEAM: Unknown or unsupported data type from Steam key data sn_51 0
[2019.03.20-21.24.25:427][888]LogOnlineSession: Warning: STEAM: Failed to parse setting from key sn_51 value 0
[2019.03.20-21.24.25:427][888]LogOnlineSession: Warning: STEAM: Unknown or unsupported data type from Steam key data sn_52 0
[2019.03.20-21.24.25:427][888]LogOnlineSession: Warning: STEAM: Failed to parse setting from key sn_52 value 0
[2019.03.20-21.24.25:427][888]LogOnlineSession: Warning: STEAM: Unknown or unsupported data type from Steam key data sn_53 0
[2019.03.20-21.24.25:427][888]LogOnlineSession: Warning: STEAM: Failed to parse setting from key sn_53 value 0
[2019.03.20-21.24.25:427][888]LogOnlineSession: Warning: STEAM: Unknown or unsupported data type from Steam key data sn_54 0
[2019.03.20-21.24.25:427][888]LogOnlineSession: Warning: STEAM: Failed to parse setting from key sn_54 value 0
[2019.03.20-21.24.25:427][888]LogOnlineSession: Warning: STEAM: Unknown or unsupported data type from Steam key data sn_55 0
[2019.03.20-21.24.25:428][888]LogOnlineSession: Warning: STEAM: Failed to parse setting from key sn_55 value 0
[2019.03.20-21.24.25:428][888]LogOnlineSession: Warning: STEAM: Unknown or unsupported data type from Steam key data sn_56 0
[2019.03.20-21.24.25:428][888]LogOnlineSession: Warning: STEAM: Failed to parse setting from key sn_56 value 0
[2019.03.20-21.24.25:428][888]LogOnlineSession: Warning: STEAM: Unknown or unsupported data type from Steam key data sn_57 0
[2019.03.20-21.24.25:428][888]LogOnlineSession: Warning: STEAM: Failed to parse setting from key sn_57 value 0
[2019.03.20-21.24.25:428][888]LogOnlineSession: Warning: STEAM: Unknown or unsupported data type from Steam key data sn_65 2
[2019.03.20-21.24.25:428][888]LogOnlineSession: Warning: STEAM: Failed to parse setting from key sn_65 value 2
[2019.03.20-21.24.25:428][888]LogOnlineSession: Warning: STEAM: Unknown or unsupported data type from Steam key data sn_66 1
[2019.03.20-21.24.25:428][888]LogOnlineSession: Warning: STEAM: Failed to parse setting from key sn_66 value 1
[2019.03.20-21.24.25:428][888]LogOnlineSession: Warning: STEAM: Unknown or unsupported data type from Steam key data sn_67 0
[2019.03.20-21.24.25:428][888]LogOnlineSession: Warning: STEAM: Failed to parse setting from key sn_67 value 0
[2019.03.20-21.24.25:428][888]LogOnlineSession: Warning: STEAM: Unknown or unsupported data type from Steam key data sn_68 0
[2019.03.20-21.24.25:428][888]LogOnlineSession: Warning: STEAM: Failed to parse setting from key sn_68 value 0
[2019.03.20-21.24.25:428][888]LogOnlineSession: Warning: STEAM: Unknown or unsupported data type from Steam key data sn_69 1
[2019.03.20-21.24.25:428][888]LogOnlineSession: Warning: STEAM: Failed to parse setting from key sn_69 value 1
[2019.03.20-21.24.25:428][888]LogOnlineSession: Warning: STEAM: Unknown or unsupported data type from Steam key data sn_70 0
[2019.03.20-21.24.25:428][888]LogOnlineSession: Warning: STEAM: Failed to parse setting from key sn_70 value 0
[2019.03.20-21.24.25:428][888]LogOnlineSession: Warning: STEAM: Unknown or unsupported data type from Steam key data sn_71 0
[2019.03.20-21.24.25:428][888]LogOnlineSession: Warning: STEAM: Failed to parse setting from key sn_71 value 0
[2019.03.20-21.24.25:429][888]LogOnlineSession: Warning: STEAM: Unknown or unsupported data type from Steam key data sn_72 0
[2019.03.20-21.24.25:429][888]LogOnlineSession: Warning: STEAM: Failed to parse setting from key sn_72 value 0
[2019.03.20-21.24.25:429][888]LogOnlineSession: Warning: STEAM: Unknown or unsupported data type from Steam key data sn_73 1
[2019.03.20-21.24.25:429][888]LogOnlineSession: Warning: STEAM: Failed to parse setting from key sn_73 value 1
[2019.03.20-21.24.25:429][888]LogOnlineSession: Warning: STEAM: Unknown or unsupported data type from Steam key data sn_74 1
[2019.03.20-21.24.25:429][888]LogOnlineSession: Warning: STEAM: Failed to parse setting from key sn_74 value 1
[2019.03.20-21.24.25:429][888]LogOnlineSession: Warning: STEAM: Unknown or unsupported data type from Steam key data sn_75 2
[2019.03.20-21.24.25:429][888]LogOnlineSession: Warning: STEAM: Failed to parse setting from key sn_75 value 2
[2019.03.20-21.24.25:429][888]LogOnlineSession: Warning: STEAM: Unknown or unsupported data type from Steam key data sn_76 0
[2019.03.20-21.24.25:429][888]LogOnlineSession: Warning: STEAM: Failed to parse setting from key sn_76 value 0
[2019.03.20-21.24.25:429][888]LogOnlineSession: Warning: STEAM: Unknown or unsupported data type from Steam key data sn_77 1
[2019.03.20-21.24.25:429][888]LogOnlineSession: Warning: STEAM: Failed to parse setting from key sn_77 value 1
[2019.03.20-21.24.25:429][888]LogOnlineSession: Warning: STEAM: Unknown or unsupported data type from Steam key data sn_78 1
[2019.03.20-21.24.25:429][888]LogOnlineSession: Warning: STEAM: Failed to parse setting from key sn_78 value 1
[2019.03.20-21.24.25:429][888]LogOnlineSession: Warning: STEAM: Unknown or unsupported data type from Steam key data sn_79 0
[2019.03.20-21.24.25:429][888]LogOnlineSession: Warning: STEAM: Failed to parse setting from key sn_79 value 0
[2019.03.20-21.24.25:429][888]LogOnlineSession: Warning: STEAM: Unknown or unsupported data type from Steam key data sn_80 0
[2019.03.20-21.24.25:429][888]LogOnlineSession: Warning: STEAM: Failed to parse setting from key sn_80 value 0
[2019.03.20-21.24.25:429][888]LogOnlineSession: Warning: STEAM: Unknown or unsupported data type from Steam key data sn_81 0
[2019.03.20-21.24.25:429][888]LogOnlineSession: Warning: STEAM: Failed to parse setting from key sn_81 value 0
[2019.03.20-21.24.25:429][888]LogOnlineSession: Warning: STEAM: Unknown or unsupported data type from Steam key data sn_82 2
[2019.03.20-21.24.25:429][888]LogOnlineSession: Warning: STEAM: Failed to parse setting from key sn_82 value 2
[2019.03.20-21.24.25:430][888]LogOnlineSession: Warning: STEAM: Unknown or unsupported data type from Steam key data sn_83 0
[2019.03.20-21.24.25:430][888]LogOnlineSession: Warning: STEAM: Failed to parse setting from key sn_83 value 0
[2019.03.20-21.24.25:430][888]LogOnlineSession: Warning: STEAM: Unknown or unsupported data type from Steam key data sn_84 1
[2019.03.20-21.24.25:430][888]LogOnlineSession: Warning: STEAM: Failed to parse setting from key sn_84 value 1
[2019.03.20-21.24.25:430][888]LogOnlineSession: Warning: STEAM: Unknown or unsupported data type from Steam key data sn_85 0
[2019.03.20-21.24.25:430][888]LogOnlineSession: Warning: STEAM: Failed to parse setting from key sn_85 value 0
[2019.03.20-21.24.25:430][888]LogOnlineSession: Warning: STEAM: Unknown or unsupported data type from Steam key data sn_86 0
[2019.03.20-21.24.25:430][888]LogOnlineSession: Warning: STEAM: Failed to parse setting from key sn_86 value 0
[2019.03.20-21.24.25:430][888]LogOnlineSession: Warning: STEAM: Unknown or unsupported data type from Steam key data sn_87 0
[2019.03.20-21.24.25:430][888]LogOnlineSession: Warning: STEAM: Failed to parse setting from key sn_87 value 0
[2019.03.20-21.24.25:430][888]LogOnlineSession: Warning: STEAM: Unknown or unsupported data type from Steam key data sn_88 0
[2019.03.20-21.24.25:430][888]LogOnlineSession: Warning: STEAM: Failed to parse setting from key sn_88 value 0
[2019.03.20-21.24.25:430][888]LogOnlineSession: Warning: STEAM: Unknown or unsupported data type from Steam key data sn_89 0
[2019.03.20-21.24.25:430][888]LogOnlineSession: Warning: STEAM: Failed to parse setting from key sn_89 value 0
[2019.03.20-21.24.25:430][888]LogOnlineSession: Warning: STEAM: Unknown or unsupported data type from Steam key data sn_90 0
[2019.03.20-21.24.25:430][888]LogOnlineSession: Warning: STEAM: Failed to parse setting from key sn_90 value 0
[2019.03.20-21.24.25:430][888]LogOnlineSession: Warning: STEAM: Unknown or unsupported data type from Steam key data status RUNNING
[2019.03.20-21.24.25:430][888]LogOnlineSession: Warning: STEAM: Failed to parse setting from key status value RUNNING
[2019.03.20-21.24.25:430][888]LogOnlineSession: Warning: STEAM: Unknown or unsupported data type from Steam key data st_32 0
[2019.03.20-21.24.25:430][888]LogOnlineSession: Warning: STEAM: Failed to parse setting from key st_32 value 0
[2019.03.20-21.24.25:430][888]LogOnlineSession: Warning: STEAM: Unknown or unsupported data type from Steam key data st_48 0
[2019.03.20-21.24.25:430][888]LogOnlineSession: Warning: STEAM: Failed to parse setting from key st_48 value 0
[2019.03.20-21.24.25:430][888]LogOnlineSession: Warning: STEAM: Unknown or unsupported data type from Steam key data st_49 0
[2019.03.20-21.24.25:430][888]LogOnlineSession: Warning: STEAM: Failed to parse setting from key st_49 value 0
[2019.03.20-21.24.25:430][888]LogOnlineSession: Warning: STEAM: Unknown or unsupported data type from Steam key data st_50 0
[2019.03.20-21.24.25:430][888]LogOnlineSession: Warning: STEAM: Failed to parse setting from key st_50 value 0
[2019.03.20-21.24.25:430][888]LogOnlineSession: Warning: STEAM: Unknown or unsupported data type from Steam key data st_51 0
[2019.03.20-21.24.25:430][888]LogOnlineSession: Warning: STEAM: Failed to parse setting from key st_51 value 0
[2019.03.20-21.24.25:430][888]LogOnlineSession: Warning: STEAM: Unknown or unsupported data type from Steam key data st_52 0
[2019.03.20-21.24.25:431][888]LogOnlineSession: Warning: STEAM: Failed to parse setting from key st_52 value 0
[2019.03.20-21.24.25:431][888]LogOnlineSession: Warning: STEAM: Unknown or unsupported data type from Steam key data st_53 0
[2019.03.20-21.24.25:431][888]LogOnlineSession: Warning: STEAM: Failed to parse setting from key st_53 value 0
[2019.03.20-21.24.25:431][888]LogOnlineSession: Warning: STEAM: Unknown or unsupported data type from Steam key data st_54 0
[2019.03.20-21.24.25:431][888]LogOnlineSession: Warning: STEAM: Failed to parse setting from key st_54 value 0
[2019.03.20-21.24.25:431][888]LogOnlineSession: Warning: STEAM: Unknown or unsupported data type from Steam key data st_55 0
[2019.03.20-21.24.25:431][888]LogOnlineSession: Warning: STEAM: Failed to parse setting from key st_55 value 0
[2019.03.20-21.24.25:431][888]LogOnlineSession: Warning: STEAM: Unknown or unsupported data type from Steam key data st_56 0
[2019.03.20-21.24.25:431][888]LogOnlineSession: Warning: STEAM: Failed to parse setting from key st_56 value 0
[2019.03.20-21.24.25:431][888]LogOnlineSession: Warning: STEAM: Unknown or unsupported data type from Steam key data st_57 0
[2019.03.20-21.24.25:431][888]LogOnlineSession: Warning: STEAM: Failed to parse setting from key st_57 value 0
[2019.03.20-21.24.25:431][888]LogOnlineSession: Warning: STEAM: Unknown or unsupported data type from Steam key data st_65 0
[2019.03.20-21.24.25:431][888]LogOnlineSession: Warning: STEAM: Failed to parse setting from key st_65 value 0
[2019.03.20-21.24.25:431][888]LogOnlineSession: Warning: STEAM: Unknown or unsupported data type from Steam key data st_66 0
[2019.03.20-21.24.25:431][888]LogOnlineSession: Warning: STEAM: Failed to parse setting from key st_66 value 0
[2019.03.20-21.24.25:431][888]LogOnlineSession: Warning: STEAM: Unknown or unsupported data type from Steam key data st_67 0
[2019.03.20-21.24.25:431][888]LogOnlineSession: Warning: STEAM: Failed to parse setting from key st_67 value 0
[2019.03.20-21.24.25:431][888]LogOnlineSession: Warning: STEAM: Unknown or unsupported data type from Steam key data st_68 0
[2019.03.20-21.24.25:431][888]LogOnlineSession: Warning: STEAM: Failed to parse setting from key st_68 value 0
[2019.03.20-21.24.25:431][888]LogOnlineSession: Warning: STEAM: Unknown or unsupported data type from Steam key data st_69 0
[2019.03.20-21.24.25:431][888]LogOnlineSession: Warning: STEAM: Failed to parse setting from key st_69 value 0
[2019.03.20-21.24.25:431][888]LogOnlineSession: Warning: STEAM: Unknown or unsupported data type from Steam key data st_70 0
[2019.03.20-21.24.25:431][888]LogOnlineSession: Warning: STEAM: Failed to parse setting from key st_70 value 0
[2019.03.20-21.24.25:431][888]LogOnlineSession: Warning: STEAM: Unknown or unsupported data type from Steam key data st_71 0
[2019.03.20-21.24.25:431][888]LogOnlineSession: Warning: STEAM: Failed to parse setting from key st_71 value 0
[2019.03.20-21.24.25:431][888]LogOnlineSession: Warning: STEAM: Unknown or unsupported data type from Steam key data st_72 0
[2019.03.20-21.24.25:431][888]LogOnlineSession: Warning: STEAM: Failed to parse setting from key st_72 value 0
[2019.03.20-21.24.25:431][888]LogOnlineSession: Warning: STEAM: Unknown or unsupported data type from Steam key data st_73 0
[2019.03.20-21.24.25:431][888]LogOnlineSession: Warning: STEAM: Failed to parse setting from key st_73 value 0
[2019.03.20-21.24.25:432][888]LogOnlineSession: Warning: STEAM: Unknown or unsupported data type from Steam key data st_74 0
[2019.03.20-21.24.25:432][888]LogOnlineSession: Warning: STEAM: Failed to parse setting from key st_74 value 0
[2019.03.20-21.24.25:432][888]LogOnlineSession: Warning: STEAM: Unknown or unsupported data type from Steam key data st_75 0
[2019.03.20-21.24.25:432][888]LogOnlineSession: Warning: STEAM: Failed to parse setting from key st_75 value 0
[2019.03.20-21.24.25:432][888]LogOnlineSession: Warning: STEAM: Unknown or unsupported data type from Steam key data st_76 0
[2019.03.20-21.24.25:432][888]LogOnlineSession: Warning: STEAM: Failed to parse setting from key st_76 value 0
[2019.03.20-21.24.25:432][888]LogOnlineSession: Warning: STEAM: Unknown or unsupported data type from Steam key data st_77 0
[2019.03.20-21.24.25:432][888]LogOnlineSession: Warning: STEAM: Failed to parse setting from key st_77 value 0
[2019.03.20-21.24.25:432][888]LogOnlineSession: Warning: STEAM: Unknown or unsupported data type from Steam key data st_78 0
[2019.03.20-21.24.25:432][888]LogOnlineSession: Warning: STEAM: Failed to parse setting from key st_78 value 0
[2019.03.20-21.24.25:432][888]LogOnlineSession: Warning: STEAM: Unknown or unsupported data type from Steam key data st_79 0
[2019.03.20-21.24.25:432][888]LogOnlineSession: Warning: STEAM: Failed to parse setting from key st_79 value 0
[2019.03.20-21.24.25:432][888]LogOnlineSession: Warning: STEAM: Unknown or unsupported data type from Steam key data st_80 0
[2019.03.20-21.24.25:432][888]LogOnlineSession: Warning: STEAM: Failed to parse setting from key st_80 value 0
[2019.03.20-21.24.25:432][888]LogOnlineSession: Warning: STEAM: Unknown or unsupported data type from Steam key data st_81 0
[2019.03.20-21.24.25:432][888]LogOnlineSession: Warning: STEAM: Failed to parse setting from key st_81 value 0
[2019.03.20-21.24.25:432][888]LogOnlineSession: Warning: STEAM: Unknown or unsupported data type from Steam key data st_82 0
[2019.03.20-21.24.25:432][888]LogOnlineSession: Warning: STEAM: Failed to parse setting from key st_82 value 0
[2019.03.20-21.24.25:433][888]LogOnlineSession: Warning: STEAM: Unknown or unsupported data type from Steam key data st_83 0
[2019.03.20-21.24.25:433][888]LogOnlineSession: Warning: STEAM: Failed to parse setting from key st_83 value 0
[2019.03.20-21.24.25:433][888]LogOnlineSession: Warning: STEAM: Unknown or unsupported data type from Steam key data st_84 0
[2019.03.20-21.24.25:433][888]LogOnlineSession: Warning: STEAM: Failed to parse setting from key st_84 value 0
[2019.03.20-21.24.25:433][888]LogOnlineSession: Warning: STEAM: Unknown or unsupported data type from Steam key data st_85 0
[2019.03.20-21.24.25:433][888]LogOnlineSession: Warning: STEAM: Failed to parse setting from key st_85 value 0
[2019.03.20-21.24.25:433][888]LogOnlineSession: Warning: STEAM: Unknown or unsupported data type from Steam key data st_86 0
[2019.03.20-21.24.25:433][888]LogOnlineSession: Warning: STEAM: Failed to parse setting from key st_86 value 0
[2019.03.20-21.24.25:433][888]LogOnlineSession: Warning: STEAM: Unknown or unsupported data type from Steam key data st_87 0
[2019.03.20-21.24.25:433][888]LogOnlineSession: Warning: STEAM: Failed to parse setting from key st_87 value 0
[2019.03.20-21.24.25:433][888]LogOnlineSession: Warning: STEAM: Unknown or unsupported data type from Steam key data st_88 0
[2019.03.20-21.24.25:433][888]LogOnlineSession: Warning: STEAM: Failed to parse setting from key st_88 value 0
[2019.03.20-21.24.25:433][888]LogOnlineSession: Warning: STEAM: Unknown or unsupported data type from Steam key data st_89 0
[2019.03.20-21.24.25:433][888]LogOnlineSession: Warning: STEAM: Failed to parse setting from key st_89 value 0
[2019.03.20-21.24.25:433][888]LogOnlineSession: Warning: STEAM: Unknown or unsupported data type from Steam key data st_90 0
[2019.03.20-21.24.25:433][888]LogOnlineSession: Warning: STEAM: Failed to parse setting from key st_90 value 0
[2019.03.20-21.24.25:433][888]LogOnlineSession: Warning: STEAM: Unknown or unsupported data type from Steam key data version EU4 v1.28.3.0 Spain (84bc)
[2019.03.20-21.24.25:433][888]LogOnlineSession: Warning: STEAM: Failed to parse setting from key version value EU4 v1.28.3.0 Spain (84bc)
[2019.03.20-21.24.25:433][888]LogOnlineSession: Warning: STEAM: Unknown or unsupported data type from Steam key data __gameserverIP 0
[2019.03.20-21.24.25:433][888]LogOnlineSession: Warning: STEAM: Failed to parse setting from key __gameserverIP value 0
[2019.03.20-21.24.25:433][888]LogOnlineSession: Warning: STEAM: Unknown or unsupported data type from Steam key data __gameserverPort 0
[2019.03.20-21.24.25:433][888]LogOnlineSession: Warning: STEAM: Failed to parse setting from key __gameserverPort value 0
[2019.03.20-21.24.25:433][888]LogOnlineSession: Warning: STEAM: Unknown or unsupported data type from Steam key data __gameserverSteamID 90124432053760006
[2019.03.20-21.24.25:433][888]LogOnlineSession: Warning: STEAM: Failed to parse setting from key __gameserverSteamID value 90124432053760006
[2019.03.20-21.24.25:433][888]LogOnlineSession: Warning: STEAM: Unable to parse search result for lobby 'Lobby[0x186000001F1C211]'
[2019.03.20-21.24.25:433][888]LogOnlineSession: STEAM: Search result 2: LobbyId=Lobby[0x186000001E0FCE2], LobbyId.IsValid()=true, CSteamID(LobbyId).IsLobby()=true
[2019.03.20-21.24.25:433][888]LogOnlineSession: Warning: STEAM: Unable to parse search result for lobby 'Lobby[0x186000001E0FCE2]'
[2019.03.20-21.24.25:433][888]LogOnlineSession: STEAM: Search result 3: LobbyId=Lobby[0x186000001F2B189], LobbyId.IsValid()=true, CSteamID(LobbyId).IsLobby()=true
[2019.03.20-21.24.25:434][888]LogOnlineSession: Warning: STEAM: Unknown or unsupported data type from Steam key data actual_password c997723b7915ca7625cdcc16aee4f4e9
[2019.03.20-21.24.25:434][888]LogOnlineSession: Warning: STEAM: Failed to parse setting from key actual_password value c997723b7915ca7625cdcc16aee4f4e9
[2019.03.20-21.24.25:434][888]LogOnlineSession: Warning: STEAM: Unknown or unsupported data type from Steam key data desc eu4
[2019.03.20-21.24.25:434][888]LogOnlineSession: Warning: STEAM: Failed to parse setting from key desc value eu4
[2019.03.20-21.24.25:434][888]LogOnlineSession: Warning: STEAM: Unknown or unsupported data type from Steam key data mod eu4
[2019.03.20-21.24.25:434][888]LogOnlineSession: Warning: STEAM: Failed to parse setting from key mod value eu4
[2019.03.20-21.24.25:434][888]LogOnlineSession: Warning: STEAM: Unknown or unsupported data type from Steam key data name gergely.rozgonyi01
[2019.03.20-21.24.25:434][888]LogOnlineSession: Warning: STEAM: Failed to parse setting from key name value gergely.rozgonyi01
[2019.03.20-21.24.25:434][888]LogOnlineSession: Warning: STEAM: Unknown or unsupported data type from Steam key data password 1
[2019.03.20-21.24.25:434][888]LogOnlineSession: Warning: STEAM: Failed to parse setting from key password value 1
[2019.03.20-21.24.25:434][888]LogOnlineSession: Warning: STEAM: Unknown or unsupported data type from Steam key data sn_32 0
[2019.03.20-21.24.25:434][888]LogOnlineSession: Warning: STEAM: Failed to parse setting from key sn_32 value 0
[2019.03.20-21.24.25:434][888]LogOnlineSession: Warning: STEAM: Unknown or unsupported data type from Steam key data sn_48 1
[2019.03.20-21.24.25:434][888]LogOnlineSession: Warning: STEAM: Failed to parse setting from key sn_48 value 1
[2019.03.20-21.24.25:434][888]LogOnlineSession: Warning: STEAM: Unknown or unsupported data type from Steam key data sn_49 1
[2019.03.20-21.24.25:434][888]LogOnlineSession: Warning: STEAM: Failed to parse setting from key sn_49 value 1
[2019.03.20-21.24.25:434][888]LogOnlineSession: Warning: STEAM: Unknown or unsupported data type from Steam key data sn_50 0
[2019.03.20-21.24.25:434][888]LogOnlineSession: Warning: STEAM: Failed to parse setting from key sn_50 value 0
[2019.03.20-21.24.25:434][888]LogOnlineSession: Warning: STEAM: Unknown or unsupported data type from Steam key data sn_51 0
[2019.03.20-21.24.25:434][888]LogOnlineSession: Warning: STEAM: Failed to parse setting from key sn_51 value 0
[2019.03.20-21.24.25:434][888]LogOnlineSession: Warning: STEAM: Unknown or unsupported data type from Steam key data sn_52 0
[2019.03.20-21.24.25:434][888]LogOnlineSession: Warning: STEAM: Failed to parse setting from key sn_52 value 0
[2019.03.20-21.24.25:434][888]LogOnlineSession: Warning: STEAM: Unknown or unsupported data type from Steam key data sn_53 0
[2019.03.20-21.24.25:434][888]LogOnlineSession: Warning: STEAM: Failed to parse setting from key sn_53 value 0
[2019.03.20-21.24.25:434][888]LogOnlineSession: Warning: STEAM: Unknown or unsupported data type from Steam key data sn_54 0
[2019.03.20-21.24.25:434][888]LogOnlineSession: Warning: STEAM: Failed to parse setting from key sn_54 value 0
[2019.03.20-21.24.25:434][888]LogOnlineSession: Warning: STEAM: Unknown or unsupported data type from Steam key data sn_55 0
[2019.03.20-21.24.25:435][888]LogOnlineSession: Warning: STEAM: Failed to parse setting from key sn_55 value 0
[2019.03.20-21.24.25:435][888]LogOnlineSession: Warning: STEAM: Unknown or unsupported data type from Steam key data sn_56 0
[2019.03.20-21.24.25:435][888]LogOnlineSession: Warning: STEAM: Failed to parse setting from key sn_56 value 0
[2019.03.20-21.24.25:435][888]LogOnlineSession: Warning: STEAM: Unknown or unsupported data type from Steam key data sn_57 0
[2019.03.20-21.24.25:435][888]LogOnlineSession: Warning: STEAM: Failed to parse setting from key sn_57 value 0
[2019.03.20-21.24.25:435][888]LogOnlineSession: Warning: STEAM: Unknown or unsupported data type from Steam key data sn_65 0
[2019.03.20-21.24.25:435][888]LogOnlineSession: Warning: STEAM: Failed to parse setting from key sn_65 value 0
[2019.03.20-21.24.25:435][888]LogOnlineSession: Warning: STEAM: Unknown or unsupported data type from Steam key data sn_66 0
[2019.03.20-21.24.25:435][888]LogOnlineSession: Warning: STEAM: Failed to parse setting from key sn_66 value 0
[2019.03.20-21.24.25:435][888]LogOnlineSession: Warning: STEAM: Unknown or unsupported data type from Steam key data sn_67 0
[2019.03.20-21.24.25:435][888]LogOnlineSession: Warning: STEAM: Failed to parse setting from key sn_67 value 0
[2019.03.20-21.24.25:435][888]LogOnlineSession: Warning: STEAM: Unknown or unsupported data type from Steam key data sn_68 0
[2019.03.20-21.24.25:435][888]LogOnlineSession: Warning: STEAM: Failed to parse setting from key sn_68 value 0
[2019.03.20-21.24.25:435][888]LogOnlineSession: Warning: STEAM: Unknown or unsupported data type from Steam key data sn_69 2
[2019.03.20-21.24.25:435][888]LogOnlineSession: Warning: STEAM: Failed to parse setting from key sn_69 value 2
[2019.03.20-21.24.25:435][888]LogOnlineSession: Warning: STEAM: Unknown or unsupported data type from Steam key data sn_70 0
[2019.03.20-21.24.25:435][888]LogOnlineSession: Warning: STEAM: Failed to parse setting from key sn_70 value 0
[2019.03.20-21.24.25:435][888]LogOnlineSession: Warning: STEAM: Unknown or unsupported data type from Steam key data sn_71 3
[2019.03.20-21.24.25:435][888]LogOnlineSession: Warning: STEAM: Failed to parse setting from key sn_71 value 3
[2019.03.20-21.24.25:435][888]LogOnlineSession: Warning: STEAM: Unknown or unsupported data type from Steam key data sn_72 0
[2019.03.20-21.24.25:435][888]LogOnlineSession: Warning: STEAM: Failed to parse setting from key sn_72 value 0
[2019.03.20-21.24.25:435][888]LogOnlineSession: Warning: STEAM: Unknown or unsupported data type from Steam key data sn_73 1
[2019.03.20-21.24.25:435][888]LogOnlineSession: Warning: STEAM: Failed to parse setting from key sn_73 value 1
[2019.03.20-21.24.25:435][888]LogOnlineSession: Warning: STEAM: Unknown or unsupported data type from Steam key data sn_74 0
[2019.03.20-21.24.25:435][888]LogOnlineSession: Warning: STEAM: Failed to parse setting from key sn_74 value 0
[2019.03.20-21.24.25:435][888]LogOnlineSession: Warning: STEAM: Unknown or unsupported data type from Steam key data sn_75 0
[2019.03.20-21.24.25:435][888]LogOnlineSession: Warning: STEAM: Failed to parse setting from key sn_75 value 0
[2019.03.20-21.24.25:436][888]LogOnlineSession: Warning: STEAM: Unknown or unsupported data type from Steam key data sn_76 1
[2019.03.20-21.24.25:436][888]LogOnlineSession: Warning: STEAM: Failed to parse setting from key sn_76 value 1
[2019.03.20-21.24.25:436][888]LogOnlineSession: Warning: STEAM: Unknown or unsupported data type from Steam key data sn_77 0
[2019.03.20-21.24.25:436][888]LogOnlineSession: Warning: STEAM: Failed to parse setting from key sn_77 value 0
[2019.03.20-21.24.25:436][888]LogOnlineSession: Warning: STEAM: Unknown or unsupported data type from Steam key data sn_78 1
[2019.03.20-21.24.25:436][888]LogOnlineSession: Warning: STEAM: Failed to parse setting from key sn_78 value 1
[2019.03.20-21.24.25:436][888]LogOnlineSession: Warning: STEAM: Unknown or unsupported data type from Steam key data sn_79 2
[2019.03.20-21.24.25:436][888]LogOnlineSession: Warning: STEAM: Failed to parse setting from key sn_79 value 2
[2019.03.20-21.24.25:436][888]LogOnlineSession: Warning: STEAM: Unknown or unsupported data type from Steam key data sn_80 0
[2019.03.20-21.24.25:436][888]LogOnlineSession: Warning: STEAM: Failed to parse setting from key sn_80 value 0
[2019.03.20-21.24.25:436][888]LogOnlineSession: Warning: STEAM: Unknown or unsupported data type from Steam key data sn_81 0
[2019.03.20-21.24.25:436][888]LogOnlineSession: Warning: STEAM: Failed to parse setting from key sn_81 value 0
[2019.03.20-21.24.25:436][888]LogOnlineSession: Warning: STEAM: Unknown or unsupported data type from Steam key data sn_82 2
[2019.03.20-21.24.25:436][888]LogOnlineSession: Warning: STEAM: Failed to parse setting from key sn_82 value 2
[2019.03.20-21.24.25:436][888]LogOnlineSession: Warning: STEAM: Unknown or unsupported data type from Steam key data sn_83 0
[2019.03.20-21.24.25:436][888]LogOnlineSession: Warning: STEAM: Failed to parse setting from key sn_83 value 0
[2019.03.20-21.24.25:436][888]LogOnlineSession: Warning: STEAM: Unknown or unsupported data type from Steam key data sn_84 0
[2019.03.20-21.24.25:436][888]LogOnlineSession: Warning: STEAM: Failed to parse setting from key sn_84 value 0
[2019.03.20-21.24.25:436][888]LogOnlineSession: Warning: STEAM: Unknown or unsupported data type from Steam key data sn_85 0
[2019.03.20-21.24.25:436][888]LogOnlineSession: Warning: STEAM: Failed to parse setting from key sn_85 value 0
[2019.03.20-21.24.25:436][888]LogOnlineSession: Warning: STEAM: Unknown or unsupported data type from Steam key data sn_86 0
[2019.03.20-21.24.25:436][888]LogOnlineSession: Warning: STEAM: Failed to parse setting from key sn_86 value 0
[2019.03.20-21.24.25:436][888]LogOnlineSession: Warning: STEAM: Unknown or unsupported data type from Steam key data sn_87 0
[2019.03.20-21.24.25:436][888]LogOnlineSession: Warning: STEAM: Failed to parse setting from key sn_87 value 0
[2019.03.20-21.24.25:436][888]LogOnlineSession: Warning: STEAM: Unknown or unsupported data type from Steam key data sn_88 0
[2019.03.20-21.24.25:436][888]LogOnlineSession: Warning: STEAM: Failed to parse setting from key sn_88 value 0
[2019.03.20-21.24.25:436][888]LogOnlineSession: Warning: STEAM: Unknown or unsupported data type from Steam key data sn_89 2
[2019.03.20-21.24.25:436][888]LogOnlineSession: Warning: STEAM: Failed to parse setting from key sn_89 value 2
[2019.03.20-21.24.25:437][888]LogOnlineSession: Warning: STEAM: Unknown or unsupported data type from Steam key data sn_90 1
[2019.03.20-21.24.25:437][888]LogOnlineSession: Warning: STEAM: Failed to parse setting from key sn_90 value 1
[2019.03.20-21.24.25:437][888]LogOnlineSession: Warning: STEAM: Unknown or unsupported data type from Steam key data status STARTING
[2019.03.20-21.24.25:437][888]LogOnlineSession: Warning: STEAM: Failed to parse setting from key status value STARTING
[2019.03.20-21.24.25:437][888]LogOnlineSession: Warning: STEAM: Unknown or unsupported data type from Steam key data st_32 0
[2019.03.20-21.24.25:437][888]LogOnlineSession: Warning: STEAM: Failed to parse setting from key st_32 value 0
[2019.03.20-21.24.25:437][888]LogOnlineSession: Warning: STEAM: Unknown or unsupported data type from Steam key data st_48 0
[2019.03.20-21.24.25:437][888]LogOnlineSession: Warning: STEAM: Failed to parse setting from key st_48 value 0
[2019.03.20-21.24.25:437][888]LogOnlineSession: Warning: STEAM: Unknown or unsupported data type from Steam key data st_49 0
[2019.03.20-21.24.25:437][888]LogOnlineSession: Warning: STEAM: Failed to parse setting from key st_49 value 0
[2019.03.20-21.24.25:437][888]LogOnlineSession: Warning: STEAM: Unknown or unsupported data type from Steam key data st_50 0
[2019.03.20-21.24.25:437][888]LogOnlineSession: Warning: STEAM: Failed to parse setting from key st_50 value 0
[2019.03.20-21.24.25:437][888]LogOnlineSession: Warning: STEAM: Unknown or unsupported data type from Steam key data st_51 0
[2019.03.20-21.24.25:437][888]LogOnlineSession: Warning: STEAM: Failed to parse setting from key st_51 value 0
[2019.03.20-21.24.25:437][888]LogOnlineSession: Warning: STEAM: Unknown or unsupported data type from Steam key data st_52 0
[2019.03.20-21.24.25:437][888]LogOnlineSession: Warning: STEAM: Failed to parse setting from key st_52 value 0
[2019.03.20-21.24.25:437][888]LogOnlineSession: Warning: STEAM: Unknown or unsupported data type from Steam key data st_53 0
[2019.03.20-21.24.25:437][888]LogOnlineSession: Warning: STEAM: Failed to parse setting from key st_53 value 0
[2019.03.20-21.24.25:437][888]LogOnlineSession: Warning: STEAM: Unknown or unsupported data type from Steam key data st_54 0
[2019.03.20-21.24.25:437][888]LogOnlineSession: Warning: STEAM: Failed to parse setting from key st_54 value 0
[2019.03.20-21.24.25:437][888]LogOnlineSession: Warning: STEAM: Unknown or unsupported data type from Steam key data st_55 0
[2019.03.20-21.24.25:437][888]LogOnlineSession: Warning: STEAM: Failed to parse setting from key st_55 value 0
[2019.03.20-21.24.25:437][888]LogOnlineSession: Warning: STEAM: Unknown or unsupported data type from Steam key data st_56 0
[2019.03.20-21.24.25:437][888]LogOnlineSession: Warning: STEAM: Failed to parse setting from key st_56 value 0
[2019.03.20-21.24.25:437][888]LogOnlineSession: Warning: STEAM: Unknown or unsupported data type from Steam key data st_57 0
[2019.03.20-21.24.25:437][888]LogOnlineSession: Warning: STEAM: Failed to parse setting from key st_57 value 0
[2019.03.20-21.24.25:438][888]LogOnlineSession: Warning: STEAM: Unknown or unsupported data type from Steam key data st_65 0
[2019.03.20-21.24.25:438][888]LogOnlineSession: Warning: STEAM: Failed to parse setting from key st_65 value 0
[2019.03.20-21.24.25:438][888]LogOnlineSession: Warning: STEAM: Unknown or unsupported data type from Steam key data st_66 0
[2019.03.20-21.24.25:438][888]LogOnlineSession: Warning: STEAM: Failed to parse setting from key st_66 value 0
[2019.03.20-21.24.25:438][888]LogOnlineSession: Warning: STEAM: Unknown or unsupported data type from Steam key data st_67 0
[2019.03.20-21.24.25:438][888]LogOnlineSession: Warning: STEAM: Failed to parse setting from key st_67 value 0
[2019.03.20-21.24.25:438][888]LogOnlineSession: Warning: STEAM: Unknown or unsupported data type from Steam key data st_68 0
[2019.03.20-21.24.25:438][888]LogOnlineSession: Warning: STEAM: Failed to parse setting from key st_68 value 0
[2019.03.20-21.24.25:438][888]LogOnlineSession: Warning: STEAM: Unknown or unsupported data type from Steam key data st_69 0
[2019.03.20-21.24.25:438][888]LogOnlineSession: Warning: STEAM: Failed to parse setting from key st_69 value 0
[2019.03.20-21.24.25:438][888]LogOnlineSession: Warning: STEAM: Unknown or unsupported data type from Steam key data st_70 0
[2019.03.20-21.24.25:438][888]LogOnlineSession: Warning: STEAM: Failed to parse setting from key st_70 value 0
[2019.03.20-21.24.25:438][888]LogOnlineSession: Warning: STEAM: Unknown or unsupported data type from Steam key data st_71 0
[2019.03.20-21.24.25:438][888]LogOnlineSession: Warning: STEAM: Failed to parse setting from key st_71 value 0
[2019.03.20-21.24.25:438][888]LogOnlineSession: Warning: STEAM: Unknown or unsupported data type from Steam key data st_72 0
[2019.03.20-21.24.25:438][888]LogOnlineSession: Warning: STEAM: Failed to parse setting from key st_72 value 0
[2019.03.20-21.24.25:438][888]LogOnlineSession: Warning: STEAM: Unknown or unsupported data type from Steam key data st_73 0
[2019.03.20-21.24.25:438][888]LogOnlineSession: Warning: STEAM: Failed to parse setting from key st_73 value 0
[2019.03.20-21.24.25:438][888]LogOnlineSession: Warning: STEAM: Unknown or unsupported data type from Steam key data st_74 0
[2019.03.20-21.24.25:438][888]LogOnlineSession: Warning: STEAM: Failed to parse setting from key st_74 value 0
[2019.03.20-21.24.25:438][888]LogOnlineSession: Warning: STEAM: Unknown or unsupported data type from Steam key data st_75 0
[2019.03.20-21.24.25:438][888]LogOnlineSession: Warning: STEAM: Failed to parse setting from key st_75 value 0
[2019.03.20-21.24.25:439][888]LogOnlineSession: Warning: STEAM: Unknown or unsupported data type from Steam key data st_76 0
[2019.03.20-21.24.25:439][888]LogOnlineSession: Warning: STEAM: Failed to parse setting from key st_76 value 0
[2019.03.20-21.24.25:439][888]LogOnlineSession: Warning: STEAM: Unknown or unsupported data type from Steam key data st_77 0
[2019.03.20-21.24.25:439][888]LogOnlineSession: Warning: STEAM: Failed to parse setting from key st_77 value 0
[2019.03.20-21.24.25:439][888]LogOnlineSession: Warning: STEAM: Unknown or unsupported data type from Steam key data st_78 0
[2019.03.20-21.24.25:439][888]LogOnlineSession: Warning: STEAM: Failed to parse setting from key st_78 value 0
[2019.03.20-21.24.25:439][888]LogOnlineSession: Warning: STEAM: Unknown or unsupported data type from Steam key data st_79 0
[2019.03.20-21.24.25:439][888]LogOnlineSession: Warning: STEAM: Failed to parse setting from key st_79 value 0
[2019.03.20-21.24.25:439][888]LogOnlineSession: Warning: STEAM: Unknown or unsupported data type from Steam key data st_80 0
[2019.03.20-21.24.25:439][888]LogOnlineSession: Warning: STEAM: Failed to parse setting from key st_80 value 0
[2019.03.20-21.24.25:439][888]LogOnlineSession: Warning: STEAM: Unknown or unsupported data type from Steam key data st_81 0
[2019.03.20-21.24.25:439][888]LogOnlineSession: Warning: STEAM: Failed to parse setting from key st_81 value 0
[2019.03.20-21.24.25:439][888]LogOnlineSession: Warning: STEAM: Unknown or unsupported data type from Steam key data st_82 0
[2019.03.20-21.24.25:439][888]LogOnlineSession: Warning: STEAM: Failed to parse setting from key st_82 value 0
[2019.03.20-21.24.25:439][888]LogOnlineSession: Warning: STEAM: Unknown or unsupported data type from Steam key data st_83 0
[2019.03.20-21.24.25:439][888]LogOnlineSession: Warning: STEAM: Failed to parse setting from key st_83 value 0
[2019.03.20-21.24.25:439][888]LogOnlineSession: Warning: STEAM: Unknown or unsupported data type from Steam key data st_84 0
[2019.03.20-21.24.25:439][888]LogOnlineSession: Warning: STEAM: Failed to parse setting from key st_84 value 0
[2019.03.20-21.24.25:439][888]LogOnlineSession: Warning: STEAM: Unknown or unsupported data type from Steam key data st_85 0
[2019.03.20-21.24.25:440][888]LogOnlineSession: Warning: STEAM: Failed to parse setting from key st_85 value 0
[2019.03.20-21.24.25:440][888]LogOnlineSession: Warning: STEAM: Unknown or unsupported data type from Steam key data st_86 0
[2019.03.20-21.24.25:440][888]LogOnlineSession: Warning: STEAM: Failed to parse setting from key st_86 value 0
[2019.03.20-21.24.25:440][888]LogOnlineSession: Warning: STEAM: Unknown or unsupported data type from Steam key data st_87 0
[2019.03.20-21.24.25:440][888]LogOnlineSession: Warning: STEAM: Failed to parse setting from key st_87 value 0
[2019.03.20-21.24.25:440][888]LogOnlineSession: Warning: STEAM: Unknown or unsupported data type from Steam key data st_88 0
[2019.03.20-21.24.25:440][888]LogOnlineSession: Warning: STEAM: Failed to parse setting from key st_88 value 0
[2019.03.20-21.24.25:440][888]LogOnlineSession: Warning: STEAM: Unknown or unsupported data type from Steam key data st_89 0
[2019.03.20-21.24.25:440][888]LogOnlineSession: Warning: STEAM: Failed to parse setting from key st_89 value 0
[2019.03.20-21.24.25:440][888]LogOnlineSession: Warning: STEAM: Unknown or unsupported data type from Steam key data st_90 0
[2019.03.20-21.24.25:440][888]LogOnlineSession: Warning: STEAM: Failed to parse setting from key st_90 value 0
[2019.03.20-21.24.25:440][888]LogOnlineSession: Warning: STEAM: Unknown or unsupported data type from Steam key data version EU4 v1.28.3.0 Spain (3ba8)
[2019.03.20-21.24.25:440][888]LogOnlineSession: Warning: STEAM: Failed to parse setting from key version value EU4 v1.28.3.0 Spain (3ba8)
[2019.03.20-21.24.25:440][888]LogOnlineSession: Warning: STEAM: Unknown or unsupported data type from Steam key data __gameserverIP 0
[2019.03.20-21.24.25:440][888]LogOnlineSession: Warning: STEAM: Failed to parse setting from key __gameserverIP value 0
[2019.03.20-21.24.25:440][888]LogOnlineSession: Warning: STEAM: Unknown or unsupported data type from Steam key data __gameserverPort 0
[2019.03.20-21.24.25:440][888]LogOnlineSession: Warning: STEAM: Failed to parse setting from key __gameserverPort value 0
[2019.03.20-21.24.25:440][888]LogOnlineSession: Warning: STEAM: Unknown or unsupported data type from Steam key data __gameserverSteamID 90124432666526723
[2019.03.20-21.24.25:440][888]LogOnlineSession: Warning: STEAM: Failed to parse setting from key __gameserverSteamID value 90124432666526723
[2019.03.20-21.24.25:440][888]LogOnlineSession: Warning: STEAM: Unable to parse search result for lobby 'Lobby[0x186000001F2B189]'
[2019.03.20-21.24.25:440][888]LogScript: Warning: Script Msg: Attempted to access index 0 from array 'result' of length 0 in '/Game/PixelCharacters/PixelFarm_Farmer.PixelFarm_Farmer_C'!
[2019.03.20-21.24.25:441][888]LogOnlineSession: Warning: STEAM: Invalid session info on search result
[2019.03.20-21.24.29:374][115]LogRenderer: Reallocating scene render targets to support 1280x720 Format 10 NumSamples 1 (Frame:2119).
[2019.03.20-21.24.29:386][117]LogRenderer: Reallocating scene render targets to support 1920x1020 Format 10 NumSamples 1 (Frame:2120).
[2019.03.20-21.24.29:402][118]LogRenderer: Reallocating scene render targets to support 1280x720 Format 10 NumSamples 1 (Frame:2121).
[2019.03.20-21.24.30:296][163]LogSlate: Window 'PixelArcade (64-bit Development PCD3D_SM5) ' being destroyed
[2019.03.20-21.24.30:297][163]LogWindowsTextInputMethodSystem: Display: IME system now deactivated.
[2019.03.20-21.24.30:304][163]LogSlate: Updating window title bar state: overlay mode, drag disabled, window buttons hidden, title bar hidden
[2019.03.20-21.24.30:304][163]LogEngine: All Windows Closed
[2019.03.20-21.24.30:304][163]LogWindows: FPlatformMisc::RequestExit(0)
