Log file open, 03/20/19 00:08:17
LogWindows: Failed to load 'aqProf.dll' (GetLastError=126)
LogWindows: File 'aqProf.dll' does not exist
LogWindows: Failed to load 'VSPerf140.dll' (GetLastError=126)
LogWindows: File 'VSPerf140.dll' does not exist
LogWindows: Failed to load 'VtuneApi.dll' (GetLastError=126)
LogWindows: File 'VtuneApi.dll' does not exist
LogWindows: Failed to load 'VtuneApi32e.dll' (GetLastError=126)
LogWindows: File 'VtuneApi32e.dll' does not exist
LogInit: Display: Running engine for game: PixelArcade
LogPlatformFile: Not using cached read wrapper
LogTaskGraph: Started task graph with 5 named threads and 23 total threads with 3 sets of task threads.
LogStats: Stats thread started at 0.268932
LogD3D11RHI: Loaded GFSDK_Aftermath_Lib.x64.dll
LogICUInternationalization: Display: ICU TimeZone Detection - Raw Offset: +1:00, Platform Override: ''
LogPluginManager: Mounting plugin Paper2D
LogPluginManager: Mounting plugin AISupport
LogPluginManager: Mounting plugin LightPropagationVolume
LogPluginManager: Mounting plugin CLionSourceCodeAccess
LogPluginManager: Mounting plugin CodeLiteSourceCodeAccess
LogPluginManager: Mounting plugin GitSourceControl
LogPluginManager: Mounting plugin KDevelopSourceCodeAccess
LogPluginManager: Mounting plugin NullSourceCodeAccess
LogPluginManager: Mounting plugin PerforceSourceControl
LogPluginManager: Mounting plugin SubversionSourceControl
LogPluginManager: Mounting plugin UObjectPlugin
LogPluginManager: Mounting plugin VisualStudioCodeSourceCodeAccess
LogPluginManager: Mounting plugin VisualStudioSourceCodeAccess
LogPluginManager: Mounting plugin XCodeSourceCodeAccess
LogPluginManager: Mounting plugin AssetManagerEditor
LogPluginManager: Mounting plugin CryptoKeys
LogPluginManager: Mounting plugin DataValidation
LogPluginManager: Mounting plugin FacialAnimation
LogPluginManager: Mounting plugin GameplayTagsEditor
LogPluginManager: Mounting plugin MacGraphicsSwitching
LogPluginManager: Mounting plugin MeshEditor
LogPluginManager: Mounting plugin MobileLauncherProfileWizard
LogPluginManager: Mounting plugin PluginBrowser
LogPluginManager: Mounting plugin SpeedTreeImporter
LogPluginManager: Mounting plugin DatasmithContent
LogPluginManager: Mounting plugin AlembicImporter
LogPluginManager: Mounting plugin AppleImageUtils
LogPluginManager: Mounting plugin AppleVision
LogPluginManager: Mounting plugin BackChannel
LogPluginManager: Mounting plugin CharacterAI
LogPluginManager: Mounting plugin GeometryCache
LogPluginManager: Mounting plugin HTML5Networking
LogPluginManager: Mounting plugin ProxyLODPlugin
LogPluginManager: Mounting plugin MagicLeap
LogPluginManager: Mounting plugin MagicLeapEmulator
LogPluginManager: Mounting plugin MagicLeapMedia
LogPluginManager: Mounting plugin AndroidMedia
LogPluginManager: Mounting plugin AvfMedia
LogPluginManager: Mounting plugin ImgMedia
LogPluginManager: Mounting plugin LinearTimecode
LogPluginManager: Mounting plugin MediaCompositing
LogPluginManager: Mounting plugin MediaPlayerEditor
LogPluginManager: Mounting plugin WmfMedia
LogPluginManager: Mounting plugin TcpMessaging
LogPluginManager: Mounting plugin UdpMessaging
LogPluginManager: Mounting plugin ActorSequence
LogPluginManager: Mounting plugin LevelSequenceEditor
LogPluginManager: Mounting plugin MatineeToLevelSequence
LogPluginManager: Mounting plugin NetcodeUnitTest
LogPluginManager: Mounting plugin NUTUnrealEngine4
LogPluginManager: Mounting plugin OnlineSubsystemGooglePlay
LogPluginManager: Mounting plugin OnlineSubsystemIOS
LogPluginManager: Mounting plugin OnlineSubsystem
LogPluginManager: Mounting plugin OnlineSubsystemNull
LogPluginManager: Mounting plugin OnlineSubsystemSteam
LogPluginManager: Mounting plugin OnlineSubsystemUtils
LogPluginManager: Mounting plugin LauncherChunkInstaller
LogPluginManager: Mounting plugin AndroidDeviceProfileSelector
LogPluginManager: Mounting plugin AndroidMoviePlayer
LogPluginManager: Mounting plugin AndroidPermission
LogPluginManager: Mounting plugin AppleMoviePlayer
LogPluginManager: Mounting plugin ArchVisCharacter
LogPluginManager: Mounting plugin AudioCapture
LogPluginManager: Mounting plugin CableComponent
LogPluginManager: Mounting plugin CustomMeshComponent
LogPluginManager: Mounting plugin EditableMesh
LogPluginManager: Mounting plugin ExampleDeviceProfileSelector
LogPluginManager: Mounting plugin GoogleCloudMessaging
LogPluginManager: Mounting plugin ImmediatePhysics
LogPluginManager: Mounting plugin IOSDeviceProfileSelector
LogPluginManager: Mounting plugin LinuxDeviceProfileSelector
LogPluginManager: Mounting plugin LocationServicesBPLibrary
LogPluginManager: Mounting plugin MobilePatchingUtils
LogPluginManager: Mounting plugin OculusVR
LogPluginManager: Plugin shader directory ../../../Engine/Plugins/Runtime/Oculus/OculusVR/Shaders found
LogPluginManager: Mapping shader source directory ../../../Engine/Plugins/Runtime/Oculus/OculusVR/Shaders to virtual directory /Plugin/OculusVR
LogPluginManager: Mounting plugin PhysXVehicles
LogPluginManager: Mounting plugin ProceduralMeshComponent
LogPluginManager: Mounting plugin RuntimePhysXCooking
LogPluginManager: Mounting plugin SteamVR
LogPluginManager: Mounting plugin WindowsMoviePlayer
LogPluginManager: Mounting plugin AdvancedSessions
LogPluginManager: Mounting plugin AdvancedSteamSessions
LogStreaming: Display: Took  0.098s to configure plugins.
LogInit: Using libcurl 7.55.1-DEV
LogInit:  - built for x86_64-pc-win32
LogInit:  - supports SSL with OpenSSL/1.0.2h
LogInit:  - supports HTTP deflate (compression) using libz 1.2.8
LogInit:  - other features:
LogInit:      CURL_VERSION_SSL
LogInit:      CURL_VERSION_LIBZ
LogInit:      CURL_VERSION_IPV6
LogInit:      CURL_VERSION_ASYNCHDNS
LogInit:      CURL_VERSION_LARGEFILE
LogInit:      CURL_VERSION_IDN
LogInit:  CurlRequestOptions (configurable via config and command line):
LogInit:  - bVerifyPeer = false  - Libcurl will NOT verify peer certificate
LogInit:  - bUseHttpProxy = false  - Libcurl will NOT use HTTP proxy
LogInit:  - bDontReuseConnections = false  - Libcurl will reuse connections
LogInit:  - CertBundlePath = nullptr  - Libcurl will use whatever was configured at build time.
LogInit:  - MaxHostConnections = 16  - Libcurl will limit the number of connections to a host
LogInit:  - LocalHostAddr = Default
LogInit:  - BufferSize = 65536
LogInit: WinSock: version 1.1 (2.2), MaxSocks=32767, MaxUdp=65467
LogInit: Build: ++UE4+Release-4.20-CL-4369336
LogInit: Engine Version: 4.20.3-4369336+++UE4+Release-4.20
LogInit: Compatible Engine Version: 4.20.0-4212847+++UE4+Release-4.20
LogInit: Net CL: 4212847
LogInit: OS: Windows 10 (), CPU: Intel(R) Core(TM) i7-7700K CPU @ 4.20GHz, GPU: NVIDIA GeForce GTX 1080
LogInit: Compiled (64-bit): Sep 17 2018 12:26:19
LogInit: Compiled with Visual C++: 19.13.26129.00
LogInit: Build Configuration: Development
LogInit: Branch Name: ++UE4+Release-4.20
LogInit: Command Line:  
LogInit: Base Directory: D:/Program Files/Epic Games/UE_4.20/Engine/Binaries/Win64/
LogInit: Installed Engine Build: 1
LogDevObjectVersion: Number of dev versions registered: 20
LogDevObjectVersion:   Dev-Blueprints (B0D832E4-1F89-4F0D-ACCF-7EB736FD4AA2): 10
LogDevObjectVersion:   Dev-Build (E1C64328-A22C-4D53-A36C-8E866417BD8C): 0
LogDevObjectVersion:   Dev-Core (375EC13C-06E4-48FB-B500-84F0262A717E): 2
LogDevObjectVersion:   Dev-Editor (E4B068ED-F494-42E9-A231-DA0B2E46BB41): 24
LogDevObjectVersion:   Dev-Framework (CFFC743F-43B0-4480-9391-14DF171D2073): 34
LogDevObjectVersion:   Dev-Mobile (B02B49B5-BB20-44E9-A304-32B752E40360): 2
LogDevObjectVersion:   Dev-Networking (A4E4105C-59A1-49B5-A7C5-40C4547EDFEE): 0
LogDevObjectVersion:   Dev-Online (39C831C9-5AE6-47DC-9A44-9C173E1C8E7C): 0
LogDevObjectVersion:   Dev-Physics (78F01B33-EBEA-4F98-B9B4-84EACCB95AA2): 0
LogDevObjectVersion:   Dev-Platform (6631380F-2D4D-43E0-8009-CF276956A95A): 0
LogDevObjectVersion:   Dev-Rendering (12F88B9F-8875-4AFC-A67C-D90C383ABD29): 26
LogDevObjectVersion:   Dev-Sequencer (7B5AE74C-D270-4C10-A958-57980B212A5A): 9
LogDevObjectVersion:   Dev-VR (D7296918-1DD6-4BDD-9DE2-64A83CC13884): 2
LogDevObjectVersion:   Dev-LoadTimes (C2A15278-BFE7-4AFE-6C17-90FF531DF755): 1
LogDevObjectVersion:   Private-Geometry (6EACA3D4-40EC-4CC1-B786-8BED09428FC5): 3
LogDevObjectVersion:   Dev-AnimPhys (29E575DD-E0A3-4627-9D10-D276232CDCEA): 17
LogDevObjectVersion:   Dev-ReflectionCapture (6B266CEC-1EC7-4B8F-A30B-E4D90942FC07): 1
LogDevObjectVersion:   Dev-Automation (0DF73D61-A23F-47EA-B727-89E90C41499A): 1
LogDevObjectVersion:   FortniteMain (601D1886-AC64-4F84-AA16-D3DE0DEAC7D6): 12
LogDevObjectVersion:   Dev-Enterprise (9DFFBCD6-494F-0158-E221-12823C92A888): 1
LogStreaming: Display: Took  0.000s to delete old logs.
LogInit: Presizing for max 8388607 objects, including 0 objects not considered by GC, pre-allocating 0 bytes for permanent pool.
LogInit: Object subsystem initialized
[2019.03.19-23.08.17:768][  0]LogInit: Selected Device Profile: [Windows]
[2019.03.19-23.08.17:768][  0]LogInit: Applying CVar settings loaded from the selected device profile: [Windows]
[2019.03.19-23.08.17:782][  0]LogHAL: Display: Platform has ~ 16 GB [17106059264 / 17179869184 / 16], which maps to Larger [LargestMinGB=32, LargerMinGB=12, DefaultMinGB=8, SmallerMinGB=6, SmallestMinGB=0)
[2019.03.19-23.08.17:782][  0]LogInit: Setting Device Profile CVar: [[r.Vulkan.UseRealUBs:1]]
[2019.03.19-23.08.17:783][  0]LogInit: Going up to parent DeviceProfile []
[2019.03.19-23.08.17:783][  0]LogInit: Computer: JOEYCOMPUTER
[2019.03.19-23.08.17:783][  0]LogInit: User: joeym
[2019.03.19-23.08.17:783][  0]LogInit: CPU Page size=4096, Cores=4
[2019.03.19-23.08.17:783][  0]LogInit: High frequency timer resolution =10.000000 MHz
[2019.03.19-23.08.17:783][  0]LogMemory: Memory total: Physical=15.9GB (16GB approx)
[2019.03.19-23.08.17:783][  0]LogMemory: Platform Memory Stats for Windows
[2019.03.19-23.08.17:783][  0]LogMemory: Process Physical Memory: 101.83 MB used, 101.83 MB peak
[2019.03.19-23.08.17:783][  0]LogMemory: Process Virtual Memory: 90.36 MB used, 90.36 MB peak
[2019.03.19-23.08.17:783][  0]LogMemory: Physical Memory: 7054.90 MB used,  9258.71 MB free, 16313.61 MB total
[2019.03.19-23.08.17:783][  0]LogMemory: Virtual Memory: 4642.12 MB used,  9258.71 MB free, 134217728.00 MB total
[2019.03.19-23.08.17:798][  0]LogInit: Using OS detected language (nl-NL).
[2019.03.19-23.08.17:798][  0]LogInit: Using OS detected locale (nl-NL).
[2019.03.19-23.08.17:800][  0]LogTextLocalizationManager: No localization for 'nl-NL' exists, so 'en' will be used for the language.
[2019.03.19-23.08.18:077][  0]LogStreaming: Display: Took  0.279s to InitEngineTextLocalization.
[2019.03.19-23.08.18:077][  0]LogInit: Setting process to per monitor DPI aware
[2019.03.19-23.08.18:105][  0]LogSlate: New Slate User Created.  User Index 0, Is Virtual User: 0
[2019.03.19-23.08.18:105][  0]LogSlate: Slate User Registered.  User Index 0, Is Virtual User: 0
[2019.03.19-23.08.18:367][  0]LogHMD: Failed to initialize OpenVR with code 110
[2019.03.19-23.08.18:368][  0]LogD3D11RHI: D3D11 adapters:
[2019.03.19-23.08.18:410][  0]LogD3D11RHI:    0. 'NVIDIA GeForce GTX 1080' (Feature Level 11_0)
[2019.03.19-23.08.18:410][  0]LogD3D11RHI:       8079/0/8156 MB DedicatedVideo/DedicatedSystem/SharedSystem, Outputs:2, VendorId:0x10de
[2019.03.19-23.08.18:412][  0]LogD3D11RHI:    1. 'Microsoft Basic Render Driver' (Feature Level 11_0)
[2019.03.19-23.08.18:412][  0]LogD3D11RHI:       0/0/8156 MB DedicatedVideo/DedicatedSystem/SharedSystem, Outputs:0, VendorId:0x1414
[2019.03.19-23.08.18:412][  0]LogD3D11RHI: Chosen D3D11 Adapter: 0
[2019.03.19-23.08.18:420][  0]LogD3D11RHI: Creating new Direct3DDevice
[2019.03.19-23.08.18:420][  0]LogD3D11RHI:     GPU DeviceId: 0x1b80 (for the marketing name, search the web for "GPU Device Id")
[2019.03.19-23.08.18:420][  0]LogWindows: EnumDisplayDevices:
[2019.03.19-23.08.18:420][  0]LogWindows:    0. 'NVIDIA GeForce GTX 1080' (P:1 D:1)
[2019.03.19-23.08.18:420][  0]LogWindows:    1. 'NVIDIA GeForce GTX 1080' (P:0 D:1)
[2019.03.19-23.08.18:420][  0]LogWindows:    2. 'NVIDIA GeForce GTX 1080' (P:0 D:0)
[2019.03.19-23.08.18:421][  0]LogWindows:    3. 'NVIDIA GeForce GTX 1080' (P:0 D:0)
[2019.03.19-23.08.18:421][  0]LogWindows: DebugString: FoundDriverCount:4 
[2019.03.19-23.08.18:421][  0]LogD3D11RHI:     Adapter Name: NVIDIA GeForce GTX 1080
[2019.03.19-23.08.18:421][  0]LogD3D11RHI:   Driver Version: 419.17 (internal:25.21.14.1917, unified:419.17)
[2019.03.19-23.08.18:421][  0]LogD3D11RHI:      Driver Date: 2-20-2019
[2019.03.19-23.08.18:421][  0]LogRHI: Texture pool is 5655 MB (70% of 8079 MB)
[2019.03.19-23.08.18:450][  0]LogD3D11RHI: Async texture creation enabled
[2019.03.19-23.08.18:460][  0]LogD3D11RHI: GPU Timing Frequency: 1000.000000 (Debug: 2 1)
[2019.03.19-23.08.18:557][  0]LogShaderCompilers: Guid format shader working directory is -8 characters bigger than the processId version (C:/Users/joeym/OneDrive/Documenten/GitHub/PixelArcade/Intermediate/Shaders/WorkingDirectory/19316/).
[2019.03.19-23.08.18:557][  0]LogShaderCompilers: Cleaned the shader compiler working directory 'C:/Users/joeym/AppData/Local/Temp/UnrealShaderWorkingDir/8CF0AF6D4F3560A7196C7B81B716B17A/'.
[2019.03.19-23.08.18:780][  0]LogTemp: Display: Loaded TP AllDesktopTargetPlatform
[2019.03.19-23.08.18:790][  0]LogTemp: Display: Loaded TP MacClientTargetPlatform
[2019.03.19-23.08.18:800][  0]LogTemp: Display: Loaded TP MacNoEditorTargetPlatform
[2019.03.19-23.08.18:812][  0]LogTemp: Display: Loaded TP MacServerTargetPlatform
[2019.03.19-23.08.18:823][  0]LogTemp: Display: Loaded TP MacTargetPlatform
[2019.03.19-23.08.18:832][  0]LogTemp: Display: Loaded TP WindowsClientTargetPlatform
[2019.03.19-23.08.18:842][  0]LogTemp: Display: Loaded TP WindowsNoEditorTargetPlatform
[2019.03.19-23.08.18:851][  0]LogTemp: Display: Loaded TP WindowsServerTargetPlatform
[2019.03.19-23.08.18:855][  0]LogTemp: Display: Loaded TP WindowsTargetPlatform
[2019.03.19-23.08.18:919][  0]LogTemp: Display: Loaded TP AndroidTargetPlatform
[2019.03.19-23.08.18:919][  0]LogTemp: Display: Loaded TP AndroidTargetPlatform
[2019.03.19-23.08.18:919][  0]LogTemp: Display: Loaded TP AndroidTargetPlatform
[2019.03.19-23.08.18:919][  0]LogTemp: Display: Loaded TP AndroidTargetPlatform
[2019.03.19-23.08.18:919][  0]LogTemp: Display: Loaded TP AndroidTargetPlatform
[2019.03.19-23.08.18:919][  0]LogTemp: Display: Loaded TP AndroidTargetPlatform
[2019.03.19-23.08.18:919][  0]LogTemp: Display: Loaded TP AndroidTargetPlatform
[2019.03.19-23.08.18:919][  0]LogTemp: Display: Loaded TP AndroidTargetPlatform
[2019.03.19-23.08.18:919][  0]LogTemp: Display: Loaded TP AndroidTargetPlatform
[2019.03.19-23.08.18:919][  0]LogTemp: Display: Loaded TP AndroidTargetPlatform
[2019.03.19-23.08.18:919][  0]LogTemp: Display: Loaded TP AndroidTargetPlatform
[2019.03.19-23.08.18:919][  0]LogTemp: Display: Loaded TP AndroidTargetPlatform
[2019.03.19-23.08.18:919][  0]LogTemp: Display: Loaded TP AndroidTargetPlatform
[2019.03.19-23.08.18:919][  0]LogTemp: Display: Loaded TP AndroidTargetPlatform
[2019.03.19-23.08.18:919][  0]LogTemp: Display: Loaded TP AndroidTargetPlatform
[2019.03.19-23.08.18:919][  0]LogTemp: Display: Loaded TP AndroidTargetPlatform
[2019.03.19-23.08.18:919][  0]LogTemp: Display: Loaded TP AndroidTargetPlatform
[2019.03.19-23.08.18:919][  0]LogTemp: Display: Loaded TP AndroidTargetPlatform
[2019.03.19-23.08.18:920][  0]LogTemp: Display: Loaded TP HTML5TargetPlatform
[2019.03.19-23.08.18:974][  0]LogTemp: Display: Loaded TP IOSTargetPlatform
[2019.03.19-23.08.18:974][  0]LogTemp: Display: Loaded TP IOSTargetPlatform
[2019.03.19-23.08.18:992][  0]LogTemp: Display: Loaded TP TVOSTargetPlatform
[2019.03.19-23.08.18:992][  0]LogTemp: Display: Loaded TP TVOSTargetPlatform
[2019.03.19-23.08.19:002][  0]LogTemp: Display: Loaded TP LinuxClientTargetPlatform
[2019.03.19-23.08.19:011][  0]LogTemp: Display: Loaded TP LinuxNoEditorTargetPlatform
[2019.03.19-23.08.19:020][  0]LogTemp: Display: Loaded TP LinuxServerTargetPlatform
[2019.03.19-23.08.19:030][  0]LogTemp: Display: Loaded TP LinuxTargetPlatform
[2019.03.19-23.08.19:037][  0]LogTemp: Display: Loaded TP LuminTargetPlatform
[2019.03.19-23.08.19:037][  0]LogTargetPlatformManager: Display: Building Assets For Windows
[2019.03.19-23.08.19:073][  0]LogXGEController: Cannot use XGE Controller as Incredibuild is not installed on this machine.
[2019.03.19-23.08.19:073][  0]LogShaderCompilers: Cannot use XGE Shader Compiler as Incredibuild is not installed on this machine.
[2019.03.19-23.08.19:073][  0]LogShaderCompilers: Display: Using Local Shader Compiler.
[2019.03.19-23.08.19:642][  0]LogDerivedDataCache: Display: Max Cache Size: 512 MB
[2019.03.19-23.08.19:686][  0]LogDerivedDataCache: Loaded boot cache 0.04s 71MB C:/Users/joeym/AppData/Local/UnrealEngine/4.20/DerivedDataCache/Boot.ddc.
[2019.03.19-23.08.19:686][  0]LogDerivedDataCache: Display: Loaded Boot cache: C:/Users/joeym/AppData/Local/UnrealEngine/4.20/DerivedDataCache/Boot.ddc
[2019.03.19-23.08.19:686][  0]LogDerivedDataCache: FDerivedDataBackendGraph:  Pak pak cache file C:/Users/joeym/OneDrive/Documenten/GitHub/PixelArcade/DerivedDataCache/DDC.ddp not found, will not use a pak cache.
[2019.03.19-23.08.19:686][  0]LogDerivedDataCache: Unable to find inner node Pak for hierarchical cache Hierarchy.
[2019.03.19-23.08.19:686][  0]LogDerivedDataCache: FDerivedDataBackendGraph:  CompressedPak pak cache file C:/Users/joeym/OneDrive/Documenten/GitHub/PixelArcade/DerivedDataCache/Compressed.ddp not found, will not use a pak cache.
[2019.03.19-23.08.19:686][  0]LogDerivedDataCache: Unable to find inner node CompressedPak for hierarchical cache Hierarchy.
[2019.03.19-23.08.19:697][  0]LogDerivedDataCache: Display: Pak cache opened for reading ../../../Engine/DerivedDataCache/Compressed.ddp.
[2019.03.19-23.08.19:709][  0]LogDerivedDataCache: Using Local data cache path C:/Users/joeym/AppData/Local/UnrealEngine/Common/DerivedDataCache: Writable
[2019.03.19-23.08.19:709][  0]LogDerivedDataCache: Shared data cache path not found in *engine.ini, will not use an Shared cache.
[2019.03.19-23.08.19:709][  0]LogDerivedDataCache: Unable to find inner node Shared for hierarchical cache Hierarchy.
[2019.03.19-23.08.19:722][  0]LogMaterial: Verifying Global Shaders for PCD3D_SM5
[2019.03.19-23.08.19:724][  0]LogSlate: Using FreeType 2.6.0
[2019.03.19-23.08.19:724][  0]LogSlate: SlateFontServices - WITH_FREETYPE: 1, WITH_HARFBUZZ: 1
[2019.03.19-23.08.19:794][  0]LogAssetRegistry: FAssetRegistry took 0.0250 seconds to start up
[2019.03.19-23.08.20:042][  0]LogInit: Selected Device Profile: [Windows]
[2019.03.19-23.08.20:143][  0]LogSimplygon: Simplygon DLL not present - disabling.
[2019.03.19-23.08.20:145][  0]LogMeshReduction: Using SimplygonSwarm for distributed automatic mesh merging
[2019.03.19-23.08.20:145][  0]LogMeshReduction: Using ProxyLODMeshReduction for automatic mesh merging
[2019.03.19-23.08.20:145][  0]LogMeshReduction: Using QuadricMeshReduction for automatic static mesh reduction
[2019.03.19-23.08.20:145][  0]LogMeshReduction: No automatic skeletal mesh reduction module available
[2019.03.19-23.08.20:158][  0]LogNetVersion: PixelArcade 1.0.0, NetCL: 4212847, EngineNetVer: 5, GameNetVer: 0 (Checksum: 3850678766)
[2019.03.19-23.08.20:515][  0]LogPackageLocalizationCache: Processed 11 localized package path(s) for 1 prioritized culture(s) in 0.045305 seconds
[2019.03.19-23.08.20:520][  0]LogUObjectArray: 38425 objects as part of root set at end of initial load.
[2019.03.19-23.08.20:520][  0]LogUObjectAllocator: 6690864 out of 0 bytes used by permanent object pool.
[2019.03.19-23.08.20:520][  0]LogUObjectArray: CloseDisregardForGC: 0/0 objects in disregard for GC pool
[2019.03.19-23.08.21:240][  0]LogTcpMessaging: Initializing TcpMessaging bridge
[2019.03.19-23.08.21:252][  0]LogUdpMessaging: Initializing bridge on interface 0.0.0.0:0 to multicast group 230.0.0.1:6666.
[2019.03.19-23.08.21:379][  0]SourceControl: Source control is disabled
[2019.03.19-23.08.21:380][  0]SourceControl: Source control is disabled
[2019.03.19-23.08.21:380][  0]SourceControl: Source control is disabled
[2019.03.19-23.08.21:381][  0]SourceControl: Source control is disabled
[2019.03.19-23.08.21:525][  0]LogOnline: Display: STEAM: Loading Steam SDK 1.39
[2019.03.19-23.08.21:527][  0]LogAndroidPermission: UAndroidPermissionCallbackProxy::GetInstance
[2019.03.19-23.08.21:605][  0]LogOcInput: OculusInput pre-init called
[2019.03.19-23.08.21:653][  0]LogEngine: Initializing Engine...
[2019.03.19-23.08.21:654][  0]LogHMD: Failed to initialize OpenVR with code 110
[2019.03.19-23.08.21:655][  0]LogStats: UGameplayTagsManager::ConstructGameplayTagTree: ImportINI prefixes -  0.000 s
[2019.03.19-23.08.21:655][  0]LogStats: UGameplayTagsManager::ConstructGameplayTagTree: Construct from data asset -  0.000 s
[2019.03.19-23.08.21:655][  0]LogStats: UGameplayTagsManager::ConstructGameplayTagTree: ImportINI -  0.000 s
[2019.03.19-23.08.21:655][  0]LogStats: UGameplayTagsManager::ConstructGameplayTagTree: GameplayTagTreeChangedEvent.Broadcast -  0.000 s
[2019.03.19-23.08.21:823][  0]LogInit: Initializing FReadOnlyCVARCache
[2019.03.19-23.08.21:831][  0]LogAIModule: Creating AISystem for world Untitled
[2019.03.19-23.08.21:890][  0]LogInit: XAudio2 using 'luidspreker/Hoofdtelefoon (Realtek High Definition Audio)' : 2 channels at 48 kHz using 32 bits per sample (channel mask 0x3)
[2019.03.19-23.08.21:920][  0]LogInit: FAudioDevice initialized.
[2019.03.19-23.08.21:921][  0]LogNetVersion: Set ProjectVersion to 1.0.0.0. Version Checksum will be recalculated on next use.
[2019.03.19-23.08.21:968][  0]LogDerivedDataCache: Saved boot cache 0.05s 71MB C:/Users/joeym/AppData/Local/UnrealEngine/4.20/DerivedDataCache/Boot.ddc.
[2019.03.19-23.08.21:976][  0]LogInit: Texture streaming: Enabled
[2019.03.19-23.08.21:988][  0]LogEngineSessionManager: EngineSessionManager initialized
[2019.03.19-23.08.21:999][  0]LogInit: Transaction tracking system initialized
[2019.03.19-23.08.22:011][  0]BlueprintLog: New page: Editor Load
[2019.03.19-23.08.22:055][  0]LocalizationService: Localization service is disabled
[2019.03.19-23.08.22:268][  0]LogCook: Display: Max memory allowance for cook 16384mb min free memory 0mb
[2019.03.19-23.08.22:268][  0]LogCook: Display: Mobile HDR setting 1
[2019.03.19-23.08.22:268][  0]LogGameplayTags: Display: UGameplayTagsManager::DoneAddingNativeTags. DelegateIsBound: 0
[2019.03.19-23.08.22:268][  0]LogStats: UGameplayTagsManager::ConstructGameplayTagTree: ImportINI prefixes -  0.000 s
[2019.03.19-23.08.22:268][  0]LogStats: UGameplayTagsManager::ConstructGameplayTagTree: Construct from data asset -  0.000 s
[2019.03.19-23.08.22:268][  0]LogStats: UGameplayTagsManager::ConstructGameplayTagTree: ImportINI -  0.000 s
[2019.03.19-23.08.22:268][  0]LogStats: UGameplayTagsManager::ConstructGameplayTagTree: GameplayTagTreeChangedEvent.Broadcast -  0.000 s
[2019.03.19-23.08.22:355][  0]LogFileCache: Scanning file cache for directory 'C:/Users/joeym/OneDrive/Documenten/GitHub/PixelArcade/Content/' took 0.02s
[2019.03.19-23.08.22:355][  0]SourceControl: Source control is disabled
[2019.03.19-23.08.22:356][  0]Cmd: MAP LOAD FILE="C:/Users/joeym/OneDrive/Documenten/GitHub/PixelArcade/Content/StarterContent/Maps/Minimal_Default.umap" TEMPLATE=0 SHOWPROGRESS=1 FEATURELEVEL=3
[2019.03.19-23.08.22:356][  0]LogEditorServer: Warning: Can't find file 'C:/Users/joeym/OneDrive/Documenten/GitHub/PixelArcade/Content/StarterContent/Maps/Minimal_Default.umap'
[2019.03.19-23.08.22:356][  0]Cmd: MAP CHECKDEP NOCLEARLOG
[2019.03.19-23.08.22:406][  0]MapCheck: Map check complete: 0 Error(s), 0 Warning(s), took 50,903ms to complete.
[2019.03.19-23.08.22:406][  0]LogFileHelpers: Loading map 'Minimal_Default' took 0.051
[2019.03.19-23.08.22:501][  0]LogSlate: Updating window title bar state: overlay mode, drag disabled, window buttons hidden, title bar hidden
[2019.03.19-23.08.22:507][  0]LogSlate: Updating window title bar state: overlay mode, drag disabled, window buttons hidden, title bar hidden
[2019.03.19-23.08.22:513][  0]LogSlate: Updating window title bar state: overlay mode, drag disabled, window buttons hidden, title bar hidden
[2019.03.19-23.08.22:519][  0]LogSlate: Updating window title bar state: overlay mode, drag disabled, window buttons hidden, title bar hidden
[2019.03.19-23.08.22:523][  0]LogCollectionManager: Loaded 0 collections in 0.000850 seconds
[2019.03.19-23.08.22:564][  0]LogFileCache: Scanning file cache for directory 'C:/Users/joeym/OneDrive/Documenten/GitHub/PixelArcade/Saved/Collections/' took 0.01s
[2019.03.19-23.08.22:565][  0]LogFileCache: Scanning file cache for directory 'C:/Users/joeym/OneDrive/Documenten/GitHub/PixelArcade/Content/Developers/joeym/Collections/' took 0.01s
[2019.03.19-23.08.22:565][  0]LogFileCache: Scanning file cache for directory 'C:/Users/joeym/OneDrive/Documenten/GitHub/PixelArcade/Content/Collections/' took 0.01s
[2019.03.19-23.08.22:565][  0]LogCollectionManager: Rebuilt the GUID cache for 0 collections in 0.000000 seconds
[2019.03.19-23.08.22:572][  0]LogContentBrowser: Native class hierarchy populated in 0.0069 seconds. Added 2598 classes and 613 folders.
[2019.03.19-23.08.22:575][  0]LogContentBrowser: Native class hierarchy updated for 'WidgetCarousel' in 0.0002 seconds. Added 0 classes and 0 folders.
[2019.03.19-23.08.22:625][  0]LogContentBrowser: Native class hierarchy updated for 'AddContentDialog' in 0.0002 seconds. Added 0 classes and 0 folders.
[2019.03.19-23.08.22:628][  0]LogContentBrowser: Native class hierarchy updated for 'SceneOutliner' in 0.0002 seconds. Added 1 classes and 2 folders.
[2019.03.19-23.08.22:697][  0]LogContentBrowser: Native class hierarchy updated for 'HierarchicalLODOutliner' in 0.0002 seconds. Added 0 classes and 0 folders.
[2019.03.19-23.08.22:697][  0]LogLoad: (Engine Initialization) Total time: 6.76 seconds
[2019.03.19-23.08.22:697][  0]LogLoad: (Engine Initialization) Total Blueprint compile time: 0.00 seconds
[2019.03.19-23.08.22:723][  0]LogAssetRegistry: Asset discovery search completed in 2.9510 seconds
[2019.03.19-23.08.22:725][  0]LogCollectionManager: Rebuilt the object cache for 0 collections in 0.000000 seconds (found 0 objects)
[2019.03.19-23.08.22:725][  0]LogCollectionManager: Fixed up redirectors for 0 collections in 0.000044 seconds (updated 0 objects)
[2019.03.19-23.08.22:726][  0]LogContentStreaming: Texture pool size now 1000 MB
[2019.03.19-23.08.22:733][  0]LogSlate: Took 0.000258 seconds to synchronously load lazily loaded font '../../../Engine/Content/Slate/Fonts/Roboto-Regular.ttf' (155K)
[2019.03.19-23.08.22:735][  0]LogSlate: Took 0.000219 seconds to synchronously load lazily loaded font '../../../Engine/Content/Slate/Fonts/Roboto-Bold.ttf' (160K)
[2019.03.19-23.08.22:738][  0]LogSlate: Took 0.000264 seconds to synchronously load lazily loaded font '../../../Engine/Content/Editor/Slate/Fonts/FontAwesome.ttf' (139K)
[2019.03.19-23.08.22:813][  0]LogSlate: Took 0.000279 seconds to synchronously load lazily loaded font '../../../Engine/Content/Slate/Fonts/Roboto-Light.ttf' (167K)
[2019.03.19-23.08.23:060][  2]LogRenderer: Reallocating scene render targets to support 780x360 Format 10 NumSamples 1 (Frame:1).
[2019.03.19-23.09.03:394][179]LogRenderer: Reallocating scene render targets to support 1172x576 Format 10 NumSamples 1 (Frame:62).
[2019.03.19-23.09.03:804][227]LogSlate: FSceneViewport::OnFocusLost() reason 0
[2019.03.19-23.09.19:319][968]LogSlate: Only BGRA pngs, bmps or icos are supported in by External Image Picker
[2019.03.19-23.09.19:411][971]LogTemp: Executing iPhonePackager certificates Engine -bundlename com.YourCompany.PixelArcade
[2019.03.19-23.09.19:411][971]LogTemp: CWD: D:\Program Files\Epic Games\UE_4.20\Engine\Binaries\DotNET\IOS
[2019.03.19-23.09.19:411][971]LogTemp: Initial Dir: D:\Program Files\Epic Games\UE_4.20
[2019.03.19-23.09.19:411][971]LogTemp: Env CWD: D:\Program Files\Epic Games\UE_4.20\Engine\Binaries\DotNET\IOS
[2019.03.19-23.09.19:411][971]LogTemp: BranchPath = JOEYCOMPUTER/D/Program Files/Epic Games/UE_4.20/Engine/Binaries --- GameBranchPath = JOEYCOMPUTER/D/Program Files/Epic Games/UE_4.20/Engine/Binaries
[2019.03.19-23.09.19:424][972]LogTemp: IPP ERROR: Could not find provision directory 'C:\Users\joeym\AppData\Local/Apple Computer/MobileDevice/Provisioning Profiles/'.
[2019.03.19-23.10.08:787][720]LogSlate: Window 'Project Settings' being destroyed
[2019.03.19-23.10.08:791][720]LogSlate: Window 'Project Settings' being destroyed
[2019.03.19-23.10.36:241][992]LogSlate: Window 'Plugins' being destroyed
[2019.03.19-23.10.36:244][992]LogSlate: Window 'Plugins' being destroyed
[2019.03.19-23.10.36:245][992]LogDirectoryWatcher: A directory notification for '../../../Engine/Plugins/' was aborted.
[2019.03.19-23.10.36:245][992]LogDirectoryWatcher: A directory notification for 'C:/Users/joeym/OneDrive/Documenten/GitHub/PixelArcade/Plugins/' was aborted.
[2019.03.19-23.10.44:883][  7]LogSlate: Took 0.000209 seconds to synchronously load lazily loaded font '../../../Engine/Content/Slate/Fonts/Roboto-Light.ttf' (167K)
[2019.03.19-23.10.44:890][  7]LogAssetEditorManager: Opening Asset editor for Blueprint /Game/PixelCharacters/PixelFarm_Farmer.PixelFarm_Farmer
[2019.03.19-23.10.45:245][  7]LogContentBrowser: Native class hierarchy updated for 'BlueprintGraph' in 0.0005 seconds. Added 116 classes and 0 folders.
[2019.03.19-23.10.45:878][  7]LogSlate: Took 0.003372 seconds to synchronously load lazily loaded font '../../../Engine/Content/Slate/Fonts/Roboto-BoldCondensed.ttf' (158K)
[2019.03.19-23.10.46:060][  8]LogSlate: Took 0.003384 seconds to synchronously load lazily loaded font '../../../Engine/Content/Slate/Fonts/Roboto-Italic.ttf' (157K)
[2019.03.19-23.13.50:668][845]BlueprintLog: New page: Compile PixelFarm_Farmer
[2019.03.19-23.14.03:946][352]Cmd: OBJ SAVEPACKAGE PACKAGE="/Game/PixelCharacters/PixelFarm_Farmer" FILE="C:/Users/joeym/OneDrive/Documenten/GitHub/PixelArcade/Content/PixelCharacters/PixelFarm_Farmer.uasset" SILENT=true
[2019.03.19-23.14.04:041][352]LogSavePackage: Moving 'C:/Users/joeym/OneDrive/Documenten/GitHub/PixelArcade/Saved/PixelFarm_Farmer5B9EE202490B00FE211F23A45E0A22CE.tmp' to 'C:/Users/joeym/OneDrive/Documenten/GitHub/PixelArcade/Content/PixelCharacters/PixelFarm_Farmer.uasset'
[2019.03.19-23.14.20:052][165]LogAIModule: Creating AISystem for world LVL_FarmHunt
[2019.03.19-23.14.43:773][879]BlueprintLog: New page: Compile PixelFarm_Farmer
[2019.03.19-23.14.44:394][910]Cmd: OBJ SAVEPACKAGE PACKAGE="/Game/PixelCharacters/PixelFarm_Farmer" FILE="C:/Users/joeym/OneDrive/Documenten/GitHub/PixelArcade/Content/PixelCharacters/PixelFarm_Farmer.uasset" SILENT=true
[2019.03.19-23.14.44:488][910]LogSavePackage: Moving 'C:/Users/joeym/OneDrive/Documenten/GitHub/PixelArcade/Saved/PixelFarm_Farmer7C673E064EC59B3554E642B87920C3FE.tmp' to 'C:/Users/joeym/OneDrive/Documenten/GitHub/PixelArcade/Content/PixelCharacters/PixelFarm_Farmer.uasset'
[2019.03.19-23.15.12:147][185]Cmd: OBJ SAVEPACKAGE PACKAGE="/Game/PixelCharacters/PixelFarm_Farmer" FILE="C:/Users/joeym/OneDrive/Documenten/GitHub/PixelArcade/Content/PixelCharacters/PixelFarm_Farmer.uasset" SILENT=true
[2019.03.19-23.15.12:228][185]LogSavePackage: Moving 'C:/Users/joeym/OneDrive/Documenten/GitHub/PixelArcade/Saved/PixelFarm_Farmer49A7C9F542D683FBAC3587BDFF7A258F.tmp' to 'C:/Users/joeym/OneDrive/Documenten/GitHub/PixelArcade/Content/PixelCharacters/PixelFarm_Farmer.uasset'
[2019.03.19-23.15.17:431][770]LogSlate: Window 'PixelFarm_Farmer' being destroyed
[2019.03.19-23.15.17:436][770]LogSlate: Window 'PixelFarm_Farmer' being destroyed
[2019.03.19-23.15.20:553][ 56]LogSlate: Only BGRA pngs, bmps or icos are supported in by External Image Picker
[2019.03.19-23.15.20:617][ 57]LogTemp: Executing iPhonePackager certificates Engine -bundlename com.YourCompany.PixelArcade
[2019.03.19-23.15.20:617][ 57]LogTemp: CWD: D:\Program Files\Epic Games\UE_4.20\Engine\Binaries\DotNET\IOS
[2019.03.19-23.15.20:617][ 57]LogTemp: Initial Dir: D:\Program Files\Epic Games\UE_4.20
[2019.03.19-23.15.20:617][ 57]LogTemp: Env CWD: D:\Program Files\Epic Games\UE_4.20\Engine\Binaries\DotNET\IOS
[2019.03.19-23.15.20:638][ 58]LogTemp: BranchPath = JOEYCOMPUTER/D/Program Files/Epic Games/UE_4.20/Engine/Binaries --- GameBranchPath = JOEYCOMPUTER/D/Program Files/Epic Games/UE_4.20/Engine/Binaries
[2019.03.19-23.15.20:638][ 58]LogTemp: IPP ERROR: Could not find provision directory 'C:\Users\joeym\AppData\Local/Apple Computer/MobileDevice/Provisioning Profiles/'.
[2019.03.19-23.15.26:010][665]LogSlate: Prevented a slow task dialog from being summoned while a context menu was open
[2019.03.19-23.15.29:481][ 70]LogSlate: Prevented a slow task dialog from being summoned while a context menu was open
[2019.03.19-23.15.46:424][ 71]LogSlate: Window 'Project Settings' being destroyed
[2019.03.19-23.15.46:428][ 71]LogSlate: Window 'Project Settings' being destroyed
[2019.03.19-23.15.48:506][290]LogSavePackage: Moving 'C:/Users/joeym/OneDrive/Documenten/GitHub/PixelArcade/Saved/LVL_FarmHuntD6BD390F46BBB682DF28DB9856C5EE4C.tmp' to 'C:/Users/joeym/OneDrive/Documenten/GitHub/PixelArcade/Content/PixelWorlds/LVL_FarmHunt.umap'
[2019.03.19-23.15.48:516][290]LogFileHelpers: Saving map 'LVL_FarmHunt' took 0.198
[2019.03.19-23.15.48:518][290]Cmd: OBJ SAVEPACKAGE PACKAGE="/Game/PixelGamemodes/GM_PixelMenu" FILE="C:/Users/joeym/OneDrive/Documenten/GitHub/PixelArcade/Content/PixelGamemodes/GM_PixelMenu.uasset" SILENT=true
[2019.03.19-23.15.48:537][290]LogSavePackage: Moving 'C:/Users/joeym/OneDrive/Documenten/GitHub/PixelArcade/Saved/GM_PixelMenuE1B2692C4D8C062BA7ABEB85A7258EAD.tmp' to 'C:/Users/joeym/OneDrive/Documenten/GitHub/PixelArcade/Content/PixelGamemodes/GM_PixelMenu.uasset'
[2019.03.19-23.15.54:012][941]LogAIModule: Creating AISystem for world LVL_PixelMenu
[2019.03.19-23.15.54:015][941]LogAssetEditorManager: Opening Asset editor for World /Game/PixelWorlds/LVL_PixelMenu.LVL_PixelMenu
[2019.03.19-23.15.54:038][941]Cmd: MAP LOAD FILE="C:/Users/joeym/OneDrive/Documenten/GitHub/PixelArcade/Content/PixelWorlds/LVL_PixelMenu.umap" TEMPLATE=0 SHOWPROGRESS=1 FEATURELEVEL=3
[2019.03.19-23.15.54:038][941]LightingResults: New page: Lighting Build
[2019.03.19-23.15.54:039][941]LogContentBrowser: Native class hierarchy updated for 'StatsViewer' in 0.0002 seconds. Added 5 classes and 0 folders.
[2019.03.19-23.15.54:040][941]LoadErrors: New page: Loading map: LVL_PixelMenu.umap
[2019.03.19-23.15.54:040][941]MapCheck: New page: Map Check
[2019.03.19-23.15.54:040][941]LightingResults: New page: Lighting Build
[2019.03.19-23.15.54:153][941]LogEditorServer: Finished looking for orphan Actors (0.000 secs)
[2019.03.19-23.15.54:194][941]Cmd: MAP CHECKDEP NOCLEARLOG
[2019.03.19-23.15.54:253][941]MapCheck: Map check complete: 0 Error(s), 0 Warning(s), took 59,621ms to complete.
[2019.03.19-23.15.54:254][941]LogFileHelpers: Loading map 'LVL_PixelMenu' took 0.217
[2019.03.19-23.16.10:007][825]LogSlate: FSceneViewport::OnFocusLost() reason 0
[2019.03.19-23.17.53:089][248]LogSlate: Window 'PixelArcade - Unreal Editor' being destroyed
[2019.03.19-23.17.53:091][248]LogWindowsTextInputMethodSystem: Display: IME system now deactivated.
[2019.03.19-23.17.53:248][249]Cmd: QUIT_EDITOR
[2019.03.19-23.17.53:272][249]LogExit: Preparing to exit.
[2019.03.19-23.17.53:583][249]LogExit: Editor shut down
[2019.03.19-23.17.53:583][249]LogExit: Transaction tracking system shut down
[2019.03.19-23.17.54:141][249]LogExit: Object subsystem successfully closed.
[2019.03.19-23.17.54:160][249]LogShaderCompilers: Display: Shaders left to compile 0
[2019.03.19-23.17.54:162][249]LogD3D11RHI: Shutdown
[2019.03.19-23.17.54:162][249]LogD3D11RHI: CleanupD3DDevice
[2019.03.19-23.17.54:163][249]LogD3D11RHI: ~FD3D11DynamicRHI
[2019.03.19-23.17.54:171][249]LogModuleManager: Shutting down and abandoning module StatsViewer (620)
[2019.03.19-23.17.54:171][249]LogModuleManager: Shutting down and abandoning module BlueprintGraph (618)
[2019.03.19-23.17.54:171][249]LogModuleManager: Shutting down and abandoning module ExternalImagePicker (616)
[2019.03.19-23.17.54:171][249]LogModuleManager: Shutting down and abandoning module HierarchicalLODOutliner (614)
[2019.03.19-23.17.54:171][249]LogModuleManager: Shutting down and abandoning module SceneOutliner (612)
[2019.03.19-23.17.54:171][249]LogModuleManager: Shutting down and abandoning module AddContentDialog (610)
[2019.03.19-23.17.54:171][249]LogModuleManager: Shutting down and abandoning module WidgetCarousel (609)
[2019.03.19-23.17.54:171][249]LogModuleManager: Shutting down and abandoning module EditorWidgets (606)
[2019.03.19-23.17.54:171][249]LogModuleManager: Shutting down and abandoning module CollectionManager (604)
[2019.03.19-23.17.54:171][249]LogModuleManager: Shutting down and abandoning module FoliageEdit (602)
[2019.03.19-23.17.54:171][249]LogModuleManager: Shutting down and abandoning module LandscapeEditor (600)
[2019.03.19-23.17.54:171][249]LogModuleManager: Shutting down and abandoning module MeshPaintMode (598)
[2019.03.19-23.17.54:171][249]LogModuleManager: Shutting down and abandoning module SceneDepthPickerMode (596)
[2019.03.19-23.17.54:171][249]LogModuleManager: Shutting down and abandoning module ActorPickerMode (594)
[2019.03.19-23.17.54:171][249]LogModuleManager: Shutting down and abandoning module GeometryMode (592)
[2019.03.19-23.17.54:171][249]LogModuleManager: Shutting down and abandoning module TextureAlignMode (590)
[2019.03.19-23.17.54:171][249]LogModuleManager: Shutting down and abandoning module BspMode (588)
[2019.03.19-23.17.54:172][249]LogModuleManager: Shutting down and abandoning module PIEPreviewDeviceProfileSelector (586)
[2019.03.19-23.17.54:172][249]LogModuleManager: Shutting down and abandoning module SequenceRecorderSections (584)
[2019.03.19-23.17.54:172][249]LogModuleManager: Shutting down and abandoning module AutomationWorker (582)
[2019.03.19-23.17.54:172][249]LogModuleManager: Shutting down and abandoning module AudioCaptureEditor (580)
[2019.03.19-23.17.54:172][249]LogModuleManager: Shutting down and abandoning module SequenceRecorder (579)
[2019.03.19-23.17.54:172][249]LogModuleManager: Shutting down and abandoning module MatineeToLevelSequence (576)
[2019.03.19-23.17.54:172][249]LogModuleManager: Shutting down and abandoning module LevelSequenceEditor (574)
[2019.03.19-23.17.54:172][249]LogModuleManager: Shutting down and abandoning module PlacementMode (573)
[2019.03.19-23.17.54:172][249]LogModuleManager: Shutting down and abandoning module MaterialEditor (572)
[2019.03.19-23.17.54:172][249]LogModuleManager: Shutting down and abandoning module WmfMediaFactory (568)
[2019.03.19-23.17.54:172][249]LogModuleManager: Shutting down and abandoning module WmfMediaEditor (566)
[2019.03.19-23.17.54:172][249]LogModuleManager: Shutting down and abandoning module MediaPlayerEditor (564)
[2019.03.19-23.17.54:172][249]LogModuleManager: Shutting down and abandoning module OpenExrWrapper (562)
[2019.03.19-23.17.54:172][249]LogModuleManager: Shutting down and abandoning module ImgMediaFactory (560)
[2019.03.19-23.17.54:172][249]LogModuleManager: Shutting down and abandoning module ImgMediaEditor (558)
[2019.03.19-23.17.54:172][249]LogModuleManager: Shutting down and abandoning module AvfMediaFactory (556)
[2019.03.19-23.17.54:172][249]LogModuleManager: Shutting down and abandoning module AvfMediaEditor (554)
[2019.03.19-23.17.54:172][249]LogModuleManager: Shutting down and abandoning module AndroidMediaFactory (552)
[2019.03.19-23.17.54:172][249]LogModuleManager: Shutting down and abandoning module AndroidMediaEditor (550)
[2019.03.19-23.17.54:172][249]LogModuleManager: Shutting down and abandoning module MagicLeapCameraPreviewFactory (548)
[2019.03.19-23.17.54:172][249]LogModuleManager: Shutting down and abandoning module MagicLeapMediaFactory (546)
[2019.03.19-23.17.54:172][249]LogModuleManager: Shutting down and abandoning module MagicLeapMediaEditor (544)
[2019.03.19-23.17.54:172][249]LogModuleManager: Shutting down and abandoning module CharacterAI (542)
[2019.03.19-23.17.54:172][249]LogModuleManager: Shutting down and abandoning module SmartSnapping (540)
[2019.03.19-23.17.54:172][249]LogModuleManager: Shutting down and abandoning module SessionServices (538)
[2019.03.19-23.17.54:172][249]LogModuleManager: Shutting down and abandoning module ViewportSnapping (536)
[2019.03.19-23.17.54:172][249]LogModuleManager: Shutting down and abandoning module ViewportInteraction (534)
[2019.03.19-23.17.54:172][249]LogModuleManager: Shutting down and abandoning module ClothPainter (532)
[2019.03.19-23.17.54:172][249]LogModuleManager: Shutting down and abandoning module SkeletalMeshEditor (531)
[2019.03.19-23.17.54:172][249]LogModuleManager: Shutting down and abandoning module LogVisualizer (528)
[2019.03.19-23.17.54:172][249]LogModuleManager: Shutting down and abandoning module IntroTutorials (526)
[2019.03.19-23.17.54:172][249]LogModuleManager: Shutting down and abandoning module GameProjectGeneration (525)
[2019.03.19-23.17.54:172][249]LogModuleManager: Shutting down and abandoning module LuminPlatformEditor (522)
[2019.03.19-23.17.54:172][249]LogModuleManager: Shutting down and abandoning module IOSPlatformEditor (520)
[2019.03.19-23.17.54:172][249]LogModuleManager: Shutting down and abandoning module HTML5PlatformEditor (518)
[2019.03.19-23.17.54:172][249]LogModuleManager: Shutting down and abandoning module AndroidPlatformEditor (516)
[2019.03.19-23.17.54:172][249]LogModuleManager: Shutting down and abandoning module AndroidDeviceDetection (515)
[2019.03.19-23.17.54:394][249]LogModuleManager: Shutting down and abandoning module WindowsPlatformEditor (512)
[2019.03.19-23.17.54:394][249]LogModuleManager: Shutting down and abandoning module LuminRuntimeSettings (510)
[2019.03.19-23.17.54:394][249]LogModuleManager: Shutting down and abandoning module IOSRuntimeSettings (508)
[2019.03.19-23.17.54:394][249]LogModuleManager: Shutting down and abandoning module AndroidRuntimeSettings (506)
[2019.03.19-23.17.54:394][249]LogModuleManager: Shutting down and abandoning module InputBindingEditor (504)
[2019.03.19-23.17.54:394][249]LogModuleManager: Shutting down and abandoning module MergeActors (502)
[2019.03.19-23.17.54:394][249]LogModuleManager: Shutting down and abandoning module LocalizationDashboard (500)
[2019.03.19-23.17.54:394][249]LogModuleManager: Shutting down and abandoning module LocalizationService (499)
[2019.03.19-23.17.54:394][249]LogModuleManager: Shutting down and abandoning module HardwareTargeting (496)
[2019.03.19-23.17.54:394][249]LogModuleManager: Shutting down and abandoning module DeviceProfileEditor (494)
[2019.03.19-23.17.54:394][249]LogModuleManager: Shutting down and abandoning module UndoHistory (492)
[2019.03.19-23.17.54:394][249]LogModuleManager: Shutting down and abandoning module XmlParser (490)
[2019.03.19-23.17.54:394][249]LogModuleManager: Shutting down and abandoning module Blutility (488)
[2019.03.19-23.17.54:394][249]LogModuleManager: Shutting down and abandoning module ProjectSettingsViewer (486)
[2019.03.19-23.17.54:394][249]LogModuleManager: Shutting down and abandoning module ProjectTargetPlatformEditor (485)
[2019.03.19-23.17.54:394][249]LogModuleManager: Shutting down and abandoning module EditorSettingsViewer (482)
[2019.03.19-23.17.54:394][249]LogModuleManager: Shutting down and abandoning module SettingsEditor (480)
[2019.03.19-23.17.54:394][249]LogModuleManager: Shutting down and abandoning module ProjectLauncher (478)
[2019.03.19-23.17.54:394][249]LogModuleManager: Shutting down and abandoning module SessionFrontend (476)
[2019.03.19-23.17.54:395][249]LogModuleManager: Shutting down and abandoning module ProfilerClient (474)
[2019.03.19-23.17.54:395][249]LogModuleManager: Shutting down and abandoning module DeviceManager (472)
[2019.03.19-23.17.54:395][249]LogModuleManager: Shutting down and abandoning module TargetDeviceServices (471)
[2019.03.19-23.17.54:450][249]LogModuleManager: Shutting down and abandoning module AutomationController (468)
[2019.03.19-23.17.54:450][249]LogModuleManager: Shutting down and abandoning module AutomationWindow (466)
[2019.03.19-23.17.54:450][249]LogModuleManager: Shutting down and abandoning module Layers (464)
[2019.03.19-23.17.54:450][249]LogModuleManager: Shutting down and abandoning module ComponentVisualizers (462)
[2019.03.19-23.17.54:450][249]LogModuleManager: Shutting down and abandoning module DetailCustomizations (460)
[2019.03.19-23.17.54:450][249]LogModuleManager: Shutting down and abandoning module PackagesDialog (458)
[2019.03.19-23.17.54:450][249]LogModuleManager: Shutting down and abandoning module Persona (456)
[2019.03.19-23.17.54:450][249]LogModuleManager: Shutting down and abandoning module AdvancedPreviewScene (455)
[2019.03.19-23.17.54:450][249]LogModuleManager: Shutting down and abandoning module AnimGraph (453)
[2019.03.19-23.17.54:450][249]LogModuleManager: Shutting down and abandoning module Kismet (450)
[2019.03.19-23.17.54:453][249]LogModuleManager: Shutting down and abandoning module GraphEditor (448)
[2019.03.19-23.17.54:453][249]LogModuleManager: Shutting down and abandoning module ClassViewer (446)
[2019.03.19-23.17.54:454][249]LogModuleManager: Shutting down and abandoning module Toolbox (444)
[2019.03.19-23.17.54:454][249]LogModuleManager: Shutting down and abandoning module ModuleUI (442)
[2019.03.19-23.17.54:454][249]LogModuleManager: Shutting down and abandoning module MovieSceneTools (440)
[2019.03.19-23.17.54:454][249]LogModuleManager: Shutting down and abandoning module OutputLog (438)
[2019.03.19-23.17.54:454][249]LogModuleManager: Shutting down and abandoning module GammaUI (436)
[2019.03.19-23.17.54:454][249]LogModuleManager: Shutting down and abandoning module Documentation (434)
[2019.03.19-23.17.54:454][249]LogModuleManager: Shutting down and abandoning module MovieSceneTracks (432)
[2019.03.19-23.17.54:454][249]LogModuleManager: Shutting down and abandoning module MovieScene (430)
[2019.03.19-23.17.54:454][249]LogModuleManager: Shutting down and abandoning module StreamingPauseRendering (428)
[2019.03.19-23.17.54:454][249]LogModuleManager: Shutting down and abandoning module LauncherPlatform (426)
[2019.03.19-23.17.54:454][249]LogModuleManager: Shutting down and abandoning module AnalyticsET (424)
[2019.03.19-23.17.54:454][249]LogModuleManager: Shutting down and abandoning module PortalServices (422)
[2019.03.19-23.17.54:454][249]LogModuleManager: Shutting down and abandoning module PortalRpc (420)
[2019.03.19-23.17.54:454][249]LogModuleManager: Shutting down and abandoning module MessagingRpc (418)
[2019.03.19-23.17.54:454][249]LogModuleManager: Shutting down and abandoning module AIModule (416)
[2019.03.19-23.17.54:455][249]LogModuleManager: Shutting down and abandoning module GameplayDebugger (415)
[2019.03.19-23.17.54:455][249]LogModuleManager: Shutting down and abandoning module AITestSuite (413)
[2019.03.19-23.17.54:455][249]LogModuleManager: Shutting down and abandoning module NavigationSystem (411)
[2019.03.19-23.17.54:455][249]LogModuleManager: Shutting down and abandoning module DesktopPlatform (408)
[2019.03.19-23.17.54:455][249]LogModuleManager: Shutting down and abandoning module ProfilerService (406)
[2019.03.19-23.17.54:494][249]LogModuleManager: Shutting down and abandoning module TaskGraph (404)
[2019.03.19-23.17.54:494][249]LogModuleManager: Shutting down and abandoning module SteamVRController (402)
[2019.03.19-23.17.54:494][249]LogModuleManager: Shutting down and abandoning module ProceduralMeshComponentEditor (400)
[2019.03.19-23.17.54:494][249]LogModuleManager: Shutting down and abandoning module ProceduralMeshComponent (398)
[2019.03.19-23.17.54:494][249]LogModuleManager: Shutting down and abandoning module OculusInput (396)
[2019.03.19-23.17.54:494][249]LogModuleManager: Shutting down and abandoning module MobilePatchingUtils (394)
[2019.03.19-23.17.54:494][249]LogModuleManager: Shutting down and abandoning module EditableMesh (392)
[2019.03.19-23.17.54:494][249]LogModuleManager: Shutting down and abandoning module CustomMeshComponent (390)
[2019.03.19-23.17.54:494][249]LogModuleManager: Shutting down and abandoning module CableComponent (388)
[2019.03.19-23.17.54:494][249]LogModuleManager: Shutting down and abandoning module AudioCapture (386)
[2019.03.19-23.17.54:494][249]LogModuleManager: Shutting down and abandoning module ArchVisCharacter (384)
[2019.03.19-23.17.54:494][249]LogModuleManager: Shutting down and abandoning module AndroidPermission (382)
[2019.03.19-23.17.54:494][249]LogModuleManager: Shutting down and abandoning module NUTUnrealEngine4 (378)
[2019.03.19-23.17.54:494][249]LogModuleManager: Shutting down and abandoning module NetcodeUnitTest (376)
[2019.03.19-23.17.54:494][249]LogModuleManager: Shutting down and abandoning module MediaCompositingEditor (374)
[2019.03.19-23.17.54:494][249]LogModuleManager: Shutting down and abandoning module MediaCompositing (372)
[2019.03.19-23.17.54:494][249]LogModuleManager: Shutting down and abandoning module LinearTimecode (370)
[2019.03.19-23.17.54:494][249]LogModuleManager: Shutting down and abandoning module ImgMedia (368)
[2019.03.19-23.17.54:497][249]LogModuleManager: Shutting down and abandoning module HTML5Networking (366)
[2019.03.19-23.17.54:497][249]LogModuleManager: Shutting down and abandoning module GeometryCacheTracks (364)
[2019.03.19-23.17.54:497][249]LogModuleManager: Shutting down and abandoning module GeometryCacheSequencer (362)
[2019.03.19-23.17.54:497][249]LogModuleManager: Shutting down and abandoning module BackChannel (360)
[2019.03.19-23.17.54:497][249]LogModuleManager: Shutting down and abandoning module AppleVision (358)
[2019.03.19-23.17.54:497][249]LogModuleManager: Shutting down and abandoning module AppleImageUtils (356)
[2019.03.19-23.17.54:497][249]LogModuleManager: Shutting down and abandoning module AlembicImporter (354)
[2019.03.19-23.17.54:497][249]LogModuleManager: Shutting down and abandoning module AlembicLibrary (353)
[2019.03.19-23.17.54:497][249]LogModuleManager: Shutting down and abandoning module GeometryCache (352)
[2019.03.19-23.17.54:497][249]LogModuleManager: Shutting down and abandoning module GeometryCacheEd (351)
[2019.03.19-23.17.54:497][249]LogModuleManager: Shutting down and abandoning module DatasmithContentEditor (346)
[2019.03.19-23.17.54:497][249]LogModuleManager: Shutting down and abandoning module DatasmithContent (344)
[2019.03.19-23.17.54:497][249]LogModuleManager: Shutting down and abandoning module SpeedTreeImporter (342)
[2019.03.19-23.17.54:497][249]LogModuleManager: Shutting down and abandoning module PluginBrowser (340)
[2019.03.19-23.17.54:497][249]LogModuleManager: Shutting down and abandoning module MobileLauncherProfileWizard (338)
[2019.03.19-23.17.54:497][249]LogModuleManager: Shutting down and abandoning module PolygonModeling (336)
[2019.03.19-23.17.54:497][249]LogModuleManager: Shutting down and abandoning module MeshEditor (334)
[2019.03.19-23.17.54:497][249]LogModuleManager: Shutting down and abandoning module CryptoKeysOpenSSL (332)
[2019.03.19-23.17.54:497][249]LogModuleManager: Shutting down and abandoning module CryptoKeys (330)
[2019.03.19-23.17.54:497][249]LogModuleManager: Shutting down and abandoning module VisualStudioSourceCodeAccess (328)
[2019.03.19-23.17.54:497][249]LogModuleManager: Shutting down and abandoning module VisualStudioCodeSourceCodeAccess (326)
[2019.03.19-23.17.54:497][249]LogModuleManager: Shutting down and abandoning module UObjectPlugin (324)
[2019.03.19-23.17.54:497][249]LogModuleManager: Shutting down and abandoning module SubversionSourceControl (322)
[2019.03.19-23.17.54:497][249]LogModuleManager: Shutting down and abandoning module PerforceSourceControl (320)
[2019.03.19-23.17.54:497][249]LogModuleManager: Shutting down and abandoning module GitSourceControl (318)
[2019.03.19-23.17.54:497][249]LogModuleManager: Shutting down and abandoning module SourceControl (317)
[2019.03.19-23.17.54:497][249]LogModuleManager: Shutting down and abandoning module CLionSourceCodeAccess (314)
[2019.03.19-23.17.54:497][249]LogModuleManager: Shutting down and abandoning module LightPropagationVolumeEditor (312)
[2019.03.19-23.17.54:497][249]LogModuleManager: Shutting down and abandoning module PaperTiledImporter (310)
[2019.03.19-23.17.54:497][249]LogModuleManager: Shutting down and abandoning module PaperSpriteSheetImporter (308)
[2019.03.19-23.17.54:497][249]LogModuleManager: Shutting down and abandoning module Paper2DEditor (306)
[2019.03.19-23.17.54:497][249]LogModuleManager: Shutting down and abandoning module MeshPaint (305)
[2019.03.19-23.17.54:497][249]LogModuleManager: Shutting down and abandoning module AdvancedSteamSessions (302)
[2019.03.19-23.17.54:497][249]LogModuleManager: Shutting down and abandoning module AdvancedSessions (300)
[2019.03.19-23.17.54:497][249]LogModuleManager: Shutting down and abandoning module RuntimePhysXCooking (298)
[2019.03.19-23.17.54:497][249]LogModuleManager: Shutting down and abandoning module PhysXVehiclesEditor (296)
[2019.03.19-23.17.54:497][249]LogModuleManager: Shutting down and abandoning module PhysXVehicles (294)
[2019.03.19-23.17.54:498][249]LogModuleManager: Shutting down and abandoning module OculusEditor (292)
[2019.03.19-23.17.54:498][249]LogModuleManager: Shutting down and abandoning module LocationServicesBPLibrary (290)
[2019.03.19-23.17.54:498][249]LogModuleManager: Shutting down and abandoning module ImmediatePhysicsEditor (288)
[2019.03.19-23.17.54:498][249]LogModuleManager: Shutting down and abandoning module ImmediatePhysics (286)
[2019.03.19-23.17.54:498][249]LogModuleManager: Shutting down and abandoning module ActorSequence (284)
[2019.03.19-23.17.54:498][249]LogModuleManager: Shutting down and abandoning module UdpMessaging (282)
[2019.03.19-23.17.54:599][249]LogModuleManager: Shutting down and abandoning module TcpMessaging (280)
[2019.03.19-23.17.54:700][249]LogModuleManager: Shutting down and abandoning module MagicLeapAudio (278)
[2019.03.19-23.17.54:700][249]LogModuleManager: Shutting down and abandoning module GameplayTagsEditor (276)
[2019.03.19-23.17.54:700][249]LogModuleManager: Shutting down and abandoning module FacialAnimationEditor (274)
[2019.03.19-23.17.54:700][249]LogModuleManager: Shutting down and abandoning module FacialAnimation (272)
[2019.03.19-23.17.54:700][249]LogModuleManager: Shutting down and abandoning module DataValidation (270)
[2019.03.19-23.17.54:700][249]LogModuleManager: Shutting down and abandoning module AssetManagerEditor (268)
[2019.03.19-23.17.54:700][249]LogModuleManager: Shutting down and abandoning module LevelEditor (267)
[2019.03.19-23.17.54:700][249]LogModuleManager: Shutting down and abandoning module PixelInspectorModule (266)
[2019.03.19-23.17.54:700][249]LogModuleManager: Shutting down and abandoning module CommonMenuExtensions (264)
[2019.03.19-23.17.54:700][249]LogModuleManager: Shutting down and abandoning module MainFrame (262)
[2019.03.19-23.17.54:700][249]LogModuleManager: Shutting down and abandoning module HotReload (261)
[2019.03.19-23.17.54:701][249]LogModuleManager: Shutting down and abandoning module ContentBrowser (257)
[2019.03.19-23.17.54:701][249]LogModuleManager: Shutting down and abandoning module TreeMap (255)
[2019.03.19-23.17.54:701][249]LogModuleManager: Shutting down and abandoning module LightPropagationVolumeRuntime (252)
[2019.03.19-23.17.54:701][249]LogModuleManager: Shutting down and abandoning module AISupportModule (250)
[2019.03.19-23.17.54:701][249]LogModuleManager: Shutting down and abandoning module Paper2D (248)
[2019.03.19-23.17.54:701][249]LogModuleManager: Shutting down and abandoning module WindowsMoviePlayer (246)
[2019.03.19-23.17.54:701][249]LogModuleManager: Shutting down and abandoning module WmfMedia (244)
[2019.03.19-23.17.54:702][249]LogModuleManager: Shutting down and abandoning module Media (243)
[2019.03.19-23.17.54:708][249]LogModuleManager: Shutting down and abandoning module PacketHandler (240)
[2019.03.19-23.17.54:708][249]LogModuleManager: Shutting down and abandoning module ClothingSystemEditor (238)
[2019.03.19-23.17.54:708][249]LogModuleManager: Shutting down and abandoning module ClothingSystemRuntime (236)
[2019.03.19-23.17.54:708][249]LogModuleManager: Shutting down and abandoning module MediaAssets (234)
[2019.03.19-23.17.54:708][249]LogModuleManager: Shutting down and abandoning module Overlay (232)
[2019.03.19-23.17.54:708][249]LogModuleManager: Shutting down and abandoning module OverlayEditor (231)
[2019.03.19-23.17.54:708][249]LogModuleManager: Shutting down and abandoning module VREditor (228)
[2019.03.19-23.17.54:708][249]LogModuleManager: Shutting down and abandoning module StringTableEditor (226)
[2019.03.19-23.17.54:708][249]LogModuleManager: Shutting down and abandoning module GameplayTasksEditor (224)
[2019.03.19-23.17.54:708][249]LogModuleManager: Shutting down and abandoning module BehaviorTreeEditor (222)
[2019.03.19-23.17.54:708][249]LogModuleManager: Shutting down and abandoning module FunctionalTesting (220)
[2019.03.19-23.17.54:708][249]LogModuleManager: Shutting down and abandoning module CollisionAnalyzer (218)
[2019.03.19-23.17.54:708][249]LogModuleManager: Shutting down and abandoning module WorkspaceMenuStructure (217)
[2019.03.19-23.17.54:708][249]LogModuleManager: Shutting down and abandoning module UMG (214)
[2019.03.19-23.17.54:708][249]LogModuleManager: Shutting down and abandoning module UMGEditor (213)
[2019.03.19-23.17.54:708][249]LogModuleManager: Shutting down and abandoning module Sequencer (212)
[2019.03.19-23.17.54:708][249]LogModuleManager: Shutting down and abandoning module MessageLog (209)
[2019.03.19-23.17.54:708][249]LogModuleManager: Shutting down and abandoning module SlateReflector (204)
[2019.03.19-23.17.54:708][249]LogModuleManager: Shutting down and abandoning module Slate (202)
[2019.03.19-23.17.54:708][249]LogModuleManager: Shutting down and abandoning module EditorStyle (200)
[2019.03.19-23.17.54:710][249]LogModuleManager: Shutting down and abandoning module MRMesh (198)
[2019.03.19-23.17.54:710][249]LogModuleManager: Shutting down and abandoning module SourceCodeAccess (196)
[2019.03.19-23.17.54:710][249]LogModuleManager: Shutting down and abandoning module HeadMountedDisplay (194)
[2019.03.19-23.17.54:710][249]LogModuleManager: Shutting down and abandoning module XAudio2 (192)
[2019.03.19-23.17.54:710][249]LogModuleManager: Shutting down and abandoning module Networking (190)
[2019.03.19-23.17.54:710][249]LogModuleManager: Shutting down and abandoning module Core (188)
[2019.03.19-23.17.54:710][249]LogModuleManager: Shutting down and abandoning module LevelSequence (186)
[2019.03.19-23.17.54:710][249]LogModuleManager: Shutting down and abandoning module KismetCompiler (184)
[2019.03.19-23.17.54:710][249]LogModuleManager: Shutting down and abandoning module MeshUtilities (182)
[2019.03.19-23.17.54:710][249]LogModuleManager: Shutting down and abandoning module MeshMergeUtilities (181)
[2019.03.19-23.17.54:710][249]LogModuleManager: Shutting down and abandoning module MeshReductionInterface (180)
[2019.03.19-23.17.54:710][249]LogModuleManager: Shutting down and abandoning module SimplygonSwarm (179)
[2019.03.19-23.17.54:710][249]LogModuleManager: Shutting down and abandoning module ProxyLODMeshReduction (177)
[2019.03.19-23.17.54:710][249]LogModuleManager: Shutting down and abandoning module SimplygonMeshReduction (175)
[2019.03.19-23.17.54:710][249]LogModuleManager: Shutting down and abandoning module QuadricMeshReduction (173)
[2019.03.19-23.17.54:710][249]LogModuleManager: Shutting down and abandoning module MaterialBaking (169)
[2019.03.19-23.17.54:710][249]LogModuleManager: Shutting down and abandoning module DirectoryWatcher (165)
[2019.03.19-23.17.54:710][249]LogModuleManager: Shutting down and abandoning module DerivedDataCache (162)
[2019.03.19-23.17.54:753][249]LogDerivedDataCache: Shutdown
[2019.03.19-23.17.54:753][249]LogModuleManager: Shutting down and abandoning module XGEController (160)
[2019.03.19-23.17.54:753][249]LogModuleManager: Shutting down and abandoning module TargetPlatform (158)
[2019.03.19-23.17.54:753][249]LogModuleManager: Shutting down and abandoning module VulkanShaderFormat (157)
[2019.03.19-23.17.54:753][249]LogModuleManager: Shutting down and abandoning module ShaderFormatVectorVM (155)
[2019.03.19-23.17.54:753][249]LogModuleManager: Shutting down and abandoning module ShaderFormatOpenGL (153)
[2019.03.19-23.17.54:753][249]LogModuleManager: Shutting down and abandoning module ShaderFormatD3D (151)
[2019.03.19-23.17.54:753][249]LogModuleManager: Shutting down and abandoning module MetalShaderFormat (149)
[2019.03.19-23.17.54:753][249]LogModuleManager: Shutting down and abandoning module TextureFormatUncompressed (147)
[2019.03.19-23.17.54:753][249]LogModuleManager: Shutting down and abandoning module TextureFormatPVR (145)
[2019.03.19-23.17.54:753][249]LogModuleManager: Shutting down and abandoning module TextureFormatDXT (143)
[2019.03.19-23.17.54:753][249]LogModuleManager: Shutting down and abandoning module TextureFormatIntelISPCTexComp (141)
[2019.03.19-23.17.54:753][249]LogModuleManager: Shutting down and abandoning module TextureFormatASTC (139)
[2019.03.19-23.17.54:753][249]LogModuleManager: Shutting down and abandoning module ImageWrapper (138)
[2019.03.19-23.17.54:753][249]LogModuleManager: Shutting down and abandoning module TextureFormatAndroid (135)
[2019.03.19-23.17.54:753][249]LogModuleManager: Shutting down and abandoning module AudioFormatOpus (133)
[2019.03.19-23.17.54:753][249]LogModuleManager: Shutting down and abandoning module AudioFormatOgg (131)
[2019.03.19-23.17.54:753][249]LogModuleManager: Shutting down and abandoning module AudioFormatADPCM (129)
[2019.03.19-23.17.54:753][249]LogModuleManager: Shutting down and abandoning module LuminTargetPlatform (127)
[2019.03.19-23.17.54:753][249]LogModuleManager: Shutting down and abandoning module LinuxTargetPlatform (125)
[2019.03.19-23.17.54:754][249]LogModuleManager: Shutting down and abandoning module LinuxServerTargetPlatform (123)
[2019.03.19-23.17.54:754][249]LogModuleManager: Shutting down and abandoning module LinuxNoEditorTargetPlatform (121)
[2019.03.19-23.17.54:754][249]LogModuleManager: Shutting down and abandoning module LinuxClientTargetPlatform (119)
[2019.03.19-23.17.54:754][249]LogModuleManager: Shutting down and abandoning module TVOSTargetPlatform (117)
[2019.03.19-23.17.54:754][249]LogModuleManager: Shutting down and abandoning module Messaging (115)
[2019.03.19-23.17.54:754][249]LogModuleManager: Shutting down and abandoning module IOSTargetPlatform (113)
[2019.03.19-23.17.54:755][249]LogModuleManager: Shutting down and abandoning module HTML5TargetPlatform (111)
[2019.03.19-23.17.54:755][249]LogModuleManager: Shutting down and abandoning module AndroidTargetPlatform (109)
[2019.03.19-23.17.54:759][249]LogModuleManager: Shutting down and abandoning module WindowsTargetPlatform (107)
[2019.03.19-23.17.54:759][249]LogModuleManager: Shutting down and abandoning module WindowsServerTargetPlatform (105)
[2019.03.19-23.17.54:759][249]LogModuleManager: Shutting down and abandoning module WindowsNoEditorTargetPlatform (103)
[2019.03.19-23.17.54:759][249]LogModuleManager: Shutting down and abandoning module WindowsClientTargetPlatform (101)
[2019.03.19-23.17.54:759][249]LogModuleManager: Shutting down and abandoning module MacTargetPlatform (99)
[2019.03.19-23.17.54:759][249]LogModuleManager: Shutting down and abandoning module MacServerTargetPlatform (97)
[2019.03.19-23.17.54:759][249]LogModuleManager: Shutting down and abandoning module MacNoEditorTargetPlatform (95)
[2019.03.19-23.17.54:759][249]LogModuleManager: Shutting down and abandoning module MacClientTargetPlatform (93)
[2019.03.19-23.17.54:759][249]LogModuleManager: Shutting down and abandoning module AllDesktopTargetPlatform (91)
[2019.03.19-23.17.54:759][249]LogModuleManager: Shutting down and abandoning module InputCore (88)
[2019.03.19-23.17.54:759][249]LogModuleManager: Shutting down and abandoning module Settings (86)
[2019.03.19-23.17.54:759][249]LogModuleManager: Shutting down and abandoning module PhysXCooking (84)
[2019.03.19-23.17.54:759][249]LogModuleManager: Shutting down and abandoning module SteamVR (82)
[2019.03.19-23.17.54:759][249]LogModuleManager: Shutting down and abandoning module OculusHMD (80)
[2019.03.19-23.17.54:759][249]LogModuleManager: Shutting down and abandoning module ExampleDeviceProfileSelector (78)
[2019.03.19-23.17.54:759][249]LogModuleManager: Shutting down and abandoning module LauncherChunkInstaller (76)
[2019.03.19-23.17.54:759][249]LogModuleManager: Shutting down and abandoning module OnlineBlueprintSupport (74)
[2019.03.19-23.17.54:759][249]LogModuleManager: Shutting down and abandoning module OnlineSubsystem (70)
[2019.03.19-23.17.54:760][249]LogModuleManager: Shutting down and abandoning module XMPP (65)
[2019.03.19-23.17.54:760][249]LogModuleManager: Shutting down and abandoning module WebSockets (64)
[2019.03.19-23.17.54:776][249]LogModuleManager: Shutting down and abandoning module HTTP (61)
[2019.03.19-23.17.54:776][249]LogHttp: Display: Http module shutting down, but needs to wait on 1 outstanding Http requests:
[2019.03.19-23.17.54:776][249]LogHttp: Display: 	verb=[POST] url=[https://datarouter.ol.epicgames.com/datarouter/api/v1/public/data?SessionID=%7B1393534F-43FD-7198-0465-B88215E9A210%7D&AppID=UEEditor.Rocket.Release&AppVersion=4.20.3-4369336%2B%2B%2BUE4%2BRelease-4.20&UserID=223845704c6516493bcdb69e8f4e2567%7C52cd936612ca433ba7244efdbd41ffd6%7C4eec7dc2-007f-4bed-8ab7-a8a892bc0b34&AppEnvironment=datacollector-binary&UploadType=eteventstream] status=Processing
[2019.03.19-23.17.54:810][249]LogModuleManager: Shutting down and abandoning module SSL (60)
[2019.03.19-23.17.54:811][249]LogModuleManager: Shutting down and abandoning module MagicLeapEmulator (56)
[2019.03.19-23.17.54:811][249]LogModuleManager: Shutting down and abandoning module MagicLeapPrivileges (54)
[2019.03.19-23.17.54:811][249]LogModuleManager: Shutting down and abandoning module MagicLeapIdentity (52)
[2019.03.19-23.17.54:811][249]LogModuleManager: Shutting down and abandoning module MagicLeapHelperVulkan (50)
[2019.03.19-23.17.54:811][249]LogModuleManager: Shutting down and abandoning module MagicLeapHelperOpenGL (48)
[2019.03.19-23.17.54:811][249]LogModuleManager: Shutting down and abandoning module MagicLeapSecureStorage (46)
[2019.03.19-23.17.54:811][249]LogModuleManager: Shutting down and abandoning module MagicLeapGestures (44)
[2019.03.19-23.17.54:811][249]LogModuleManager: Shutting down and abandoning module MagicLeapEyeTracker (42)
[2019.03.19-23.17.54:811][249]LogModuleManager: Shutting down and abandoning module MagicLeapController (40)
[2019.03.19-23.17.54:811][249]LogSlate: Slate User Destroyed.  User Index 0, Is Virtual User: 0
[2019.03.19-23.17.54:811][249]LogModuleManager: Shutting down and abandoning module MagicLeap (38)
[2019.03.19-23.17.54:811][249]LogModuleManager: Shutting down and abandoning module AnimationModifiers (36)
[2019.03.19-23.17.54:811][249]LogModuleManager: Shutting down and abandoning module PropertyEditor (35)
[2019.03.19-23.17.54:811][249]LogModuleManager: Shutting down and abandoning module AudioEditor (32)
[2019.03.19-23.17.54:811][249]LogModuleManager: Shutting down and abandoning module TextureCompressor (30)
[2019.03.19-23.17.54:812][249]LogModuleManager: Shutting down and abandoning module ShaderCore (28)
[2019.03.19-23.17.54:812][249]LogModuleManager: Shutting down and abandoning module Landscape (26)
[2019.03.19-23.17.54:812][249]LogModuleManager: Shutting down and abandoning module SlateRHIRenderer (24)
[2019.03.19-23.17.54:812][249]LogModuleManager: Shutting down and abandoning module OpenGLDrv (22)
[2019.03.19-23.17.54:812][249]LogModuleManager: Shutting down and abandoning module D3D11RHI (20)
[2019.03.19-23.17.54:812][249]LogModuleManager: Shutting down and abandoning module AnimGraphRuntime (18)
[2019.03.19-23.17.54:812][249]LogModuleManager: Shutting down and abandoning module Renderer (16)
[2019.03.19-23.17.54:812][249]LogModuleManager: Shutting down and abandoning module Engine (14)
[2019.03.19-23.17.54:812][249]LogModuleManager: Shutting down and abandoning module CoreUObject (12)
[2019.03.19-23.17.54:812][249]LogModuleManager: Shutting down and abandoning module NetworkFile (10)
[2019.03.19-23.17.54:812][249]LogModuleManager: Shutting down and abandoning module CookedIterativeFile (8)
[2019.03.19-23.17.54:812][249]LogModuleManager: Shutting down and abandoning module StreamingFile (6)
[2019.03.19-23.17.54:812][249]LogModuleManager: Shutting down and abandoning module SandboxFile (4)
[2019.03.19-23.17.54:812][249]LogModuleManager: Shutting down and abandoning module PakFile (2)
[2019.03.19-23.17.54:816][249]LogExit: Exiting.
[2019.03.19-23.17.54:835][249]Log file closed, 03/20/19 00:17:54
