Log file open, 03/20/19 12:34:34
LogWindows: Failed to load 'aqProf.dll' (GetLastError=126)
LogWindows: File 'aqProf.dll' does not exist
LogWindows: Failed to load 'VtuneApi.dll' (GetLastError=126)
LogWindows: File 'VtuneApi.dll' does not exist
LogWindows: Failed to load 'VtuneApi32e.dll' (GetLastError=126)
LogWindows: File 'VtuneApi32e.dll' does not exist
LogConsoleResponse: Display: Failed to find resolution value strings in scalability ini. Falling back to default.
LogInit: Display: Running engine for game: PixelArcade
LogPakFile: Registered encryption key '00000000000000000000000000000000': 0 pak files mounted, 0 remain pending
LogPlatformFile: Not using cached read wrapper
LogTaskGraph: Started task graph with 5 named threads and 23 total threads with 3 sets of task threads.
LogStats: Stats thread started at 0.371329
LogD3D11RHI: Loaded GFSDK_Aftermath_Lib.x64.dll
LogICUInternationalization: ICU TimeZone Detection - Raw Offset: +1:00, Platform Override: ''
LogPluginManager: Mounting plugin Paper2D
LogPluginManager: Mounting plugin AISupport
LogPluginManager: Mounting plugin LightPropagationVolume
LogPluginManager: Mounting plugin ActorLayerUtilities
LogPluginManager: Mounting plugin CLionSourceCodeAccess
LogPluginManager: Mounting plugin CodeLiteSourceCodeAccess
LogPluginManager: Mounting plugin GitSourceControl
LogPluginManager: Mounting plugin KDevelopSourceCodeAccess
LogPluginManager: Mounting plugin NullSourceCodeAccess
LogPluginManager: Mounting plugin PerforceSourceControl
LogPluginManager: Mounting plugin SubversionSourceControl
LogPluginManager: Mounting plugin UObjectPlugin
LogPluginManager: Mounting plugin VisualStudioCodeSourceCodeAccess
LogPluginManager: Mounting plugin VisualStudioSourceCodeAccess
LogPluginManager: Mounting plugin XCodeSourceCodeAccess
LogPluginManager: Mounting plugin AssetManagerEditor
LogPluginManager: Mounting plugin CryptoKeys
LogPluginManager: Mounting plugin DataValidation
LogPluginManager: Mounting plugin FacialAnimation
LogPluginManager: Mounting plugin GameplayTagsEditor
LogPluginManager: Mounting plugin MacGraphicsSwitching
LogPluginManager: Mounting plugin MeshEditor
LogPluginManager: Mounting plugin MobileLauncherProfileWizard
LogPluginManager: Mounting plugin PluginBrowser
LogPluginManager: Mounting plugin SpeedTreeImporter
LogPluginManager: Mounting plugin DatasmithContent
LogPluginManager: Mounting plugin VariantManagerContent
LogPluginManager: Mounting plugin AlembicImporter
LogPluginManager: Mounting plugin AppleImageUtils
LogPluginManager: Mounting plugin AppleVision
LogPluginManager: Mounting plugin BackChannel
LogPluginManager: Mounting plugin CharacterAI
LogPluginManager: Mounting plugin GeometryCache
LogPluginManager: Mounting plugin HTML5Networking
LogPluginManager: Mounting plugin ProxyLODPlugin
LogPluginManager: Mounting plugin MagicLeap
LogPluginManager: Mounting plugin MagicLeapMedia
LogPluginManager: Mounting plugin SubsystemConfigurator
LogPluginManager: Mounting plugin AndroidMedia
LogPluginManager: Mounting plugin AvfMedia
LogPluginManager: Mounting plugin ImgMedia
LogPluginManager: Mounting plugin LinearTimecode
LogPluginManager: Mounting plugin MediaCompositing
LogPluginManager: Mounting plugin MediaPlayerEditor
LogPluginManager: Mounting plugin WebMMedia
LogPluginManager: Mounting plugin WmfMedia
LogPluginManager: Mounting plugin TcpMessaging
LogPluginManager: Mounting plugin UdpMessaging
LogPluginManager: Mounting plugin ActorSequence
LogPluginManager: Mounting plugin LevelSequenceEditor
LogPluginManager: Mounting plugin MatineeToLevelSequence
LogPluginManager: Mounting plugin NetcodeUnitTest
LogPluginManager: Mounting plugin NUTUnrealEngine4
LogPluginManager: Mounting plugin OnlineSubsystemGooglePlay
LogPluginManager: Mounting plugin OnlineSubsystemIOS
LogPluginManager: Mounting plugin OnlineSubsystem
LogPluginManager: Mounting plugin OnlineSubsystemNull
LogPluginManager: Mounting plugin OnlineSubsystemSteam
LogPluginManager: Mounting plugin OnlineSubsystemUtils
LogPluginManager: Mounting plugin LauncherChunkInstaller
LogPluginManager: Mounting plugin AndroidDeviceProfileSelector
LogPluginManager: Mounting plugin AndroidMoviePlayer
LogPluginManager: Mounting plugin AndroidPermission
LogPluginManager: Mounting plugin AppleMoviePlayer
LogPluginManager: Mounting plugin ArchVisCharacter
LogPluginManager: Mounting plugin AudioCapture
LogPluginManager: Mounting plugin CableComponent
LogPluginManager: Mounting plugin CustomMeshComponent
LogPluginManager: Mounting plugin EditableMesh
LogPluginManager: Mounting plugin ExampleDeviceProfileSelector
LogPluginManager: Mounting plugin Firebase
LogPluginManager: Mounting plugin GoogleCloudMessaging
LogPluginManager: Mounting plugin IOSDeviceProfileSelector
LogPluginManager: Mounting plugin LinuxDeviceProfileSelector
LogPluginManager: Mounting plugin LocationServicesBPLibrary
LogPluginManager: Mounting plugin MobilePatchingUtils
LogPluginManager: Mounting plugin OculusVR
LogPluginManager: Mounting plugin PhysXVehicles
LogPluginManager: Mounting plugin ProceduralMeshComponent
LogPluginManager: Mounting plugin RuntimePhysXCooking
LogPluginManager: Mounting plugin SteamVR
LogPluginManager: Mounting plugin WebMMoviePlayer
LogPluginManager: Mounting plugin WindowsMoviePlayer
LogStreaming: Display: Took  0.240s to configure plugins.
LogInit: Using libcurl 7.55.1-DEV
LogInit:  - built for x86_64-pc-win32
LogInit:  - supports SSL with OpenSSL/1.0.2h
LogInit:  - supports HTTP deflate (compression) using libz 1.2.8
LogInit:  - other features:
LogInit:      CURL_VERSION_SSL
LogInit:      CURL_VERSION_LIBZ
LogInit:      CURL_VERSION_IPV6
LogInit:      CURL_VERSION_ASYNCHDNS
LogInit:      CURL_VERSION_LARGEFILE
LogInit:      CURL_VERSION_IDN
LogInit:  CurlRequestOptions (configurable via config and command line):
LogInit:  - bVerifyPeer = true  - Libcurl will verify peer certificate
LogInit:  - bUseHttpProxy = false  - Libcurl will NOT use HTTP proxy
LogInit:  - bDontReuseConnections = false  - Libcurl will reuse connections
LogInit:  - MaxHostConnections = 16  - Libcurl will limit the number of connections to a host
LogInit:  - LocalHostAddr = Default
LogInit:  - BufferSize = 65536
LogOnline: Display: STEAM: Loading Steam SDK 1.39
LogOnline: Warning: STEAM: Steam API disabled!
LogOnline: Display: STEAM: OnlineSubsystemSteam::Shutdown()
LogOnline: OSS: Unable to create OnlineSubsystem module Steam
LogInit: WinSock: version 1.1 (2.2), MaxSocks=32767, MaxUdp=65467
LogInit: Build: ++UE4+Release-4.21-CL-4753647
LogInit: Engine Version: 4.21.2-4753647+++UE4+Release-4.21
LogInit: Compatible Engine Version: 4.21.0-4541578+++UE4+Release-4.21
LogInit: Net CL: 4541578
LogInit: OS: Windows 10 (), CPU:       Intel(R) Core(TM) i7-3632QM CPU @ 2.20GHz, GPU: Intel(R) HD Graphics 4000
LogInit: Compiled (64-bit): Jan 19 2019 02:07:31
LogInit: Compiled with Visual C++: 19.13.26129.00
LogInit: Build Configuration: Development
LogInit: Branch Name: ++UE4+Release-4.21
LogInit: Command Line: 
LogInit: Base Directory: C:/Program Files/Epic Games/UE_4.21/Engine/Binaries/Win64/
LogInit: Installed Engine Build: 1
LogDevObjectVersion: Number of dev versions registered: 22
LogDevObjectVersion:   Dev-Blueprints (B0D832E4-1F89-4F0D-ACCF-7EB736FD4AA2): 10
LogDevObjectVersion:   Dev-Build (E1C64328-A22C-4D53-A36C-8E866417BD8C): 0
LogDevObjectVersion:   Dev-Core (375EC13C-06E4-48FB-B500-84F0262A717E): 2
LogDevObjectVersion:   Dev-Editor (E4B068ED-F494-42E9-A231-DA0B2E46BB41): 26
LogDevObjectVersion:   Dev-Framework (CFFC743F-43B0-4480-9391-14DF171D2073): 34
LogDevObjectVersion:   Dev-Mobile (B02B49B5-BB20-44E9-A304-32B752E40360): 2
LogDevObjectVersion:   Dev-Networking (A4E4105C-59A1-49B5-A7C5-40C4547EDFEE): 0
LogDevObjectVersion:   Dev-Online (39C831C9-5AE6-47DC-9A44-9C173E1C8E7C): 0
LogDevObjectVersion:   Dev-Physics (78F01B33-EBEA-4F98-B9B4-84EACCB95AA2): 0
LogDevObjectVersion:   Dev-Platform (6631380F-2D4D-43E0-8009-CF276956A95A): 0
LogDevObjectVersion:   Dev-Rendering (12F88B9F-8875-4AFC-A67C-D90C383ABD29): 27
LogDevObjectVersion:   Dev-Sequencer (7B5AE74C-D270-4C10-A958-57980B212A5A): 9
LogDevObjectVersion:   Dev-VR (D7296918-1DD6-4BDD-9DE2-64A83CC13884): 2
LogDevObjectVersion:   Dev-LoadTimes (C2A15278-BFE7-4AFE-6C17-90FF531DF755): 1
LogDevObjectVersion:   Private-Geometry (6EACA3D4-40EC-4CC1-B786-8BED09428FC5): 3
LogDevObjectVersion:   Dev-AnimPhys (29E575DD-E0A3-4627-9D10-D276232CDCEA): 17
LogDevObjectVersion:   Dev-Anim (AF43A65D-7FD3-4947-9873-3E8ED9C1BB05): 2
LogDevObjectVersion:   Dev-ReflectionCapture (6B266CEC-1EC7-4B8F-A30B-E4D90942FC07): 1
LogDevObjectVersion:   Dev-Automation (0DF73D61-A23F-47EA-B727-89E90C41499A): 1
LogDevObjectVersion:   FortniteMain (601D1886-AC64-4F84-AA16-D3DE0DEAC7D6): 17
LogDevObjectVersion:   Dev-Enterprise (9DFFBCD6-494F-0158-E221-12823C92A888): 4
LogDevObjectVersion:   Dev-Niagara (F2AED0AC-9AFE-416F-8664-AA7FFA26D6FC): 1
LogStreaming: Display: Took  0.003s to delete old logs.
LogInit: Presizing for max 8388607 objects, including 0 objects not considered by GC, pre-allocating 0 bytes for permanent pool.
LogInit: Object subsystem initialized
LogConfig: Setting CVar [[con.DebugEarlyDefault:1]]
LogConfig: Setting CVar [[r.setres:1280x720]]
[2019.03.20-11.34.35:461][  0]LogConfig: Setting CVar [[r.VSync:0]]
[2019.03.20-11.34.35:461][  0]LogConfig: Setting CVar [[r.RHICmdBypass:0]]
[2019.03.20-11.34.35:462][  0]LogConfig: Applying CVar settings from Section [/Script/Engine.RendererSettings] File [C:/Users/joey.JOEY-PC/Documents/Unreal Projects/PixelArcade/PixelArcade/Saved/Config/Windows/Engine.ini]
[2019.03.20-11.34.35:462][  0]LogConfig: Setting CVar [[r.GPUCrashDebugging:0]]
[2019.03.20-11.34.35:462][  0]LogConfig: Applying CVar settings from Section [/Script/Engine.RendererOverrideSettings] File [C:/Users/joey.JOEY-PC/Documents/Unreal Projects/PixelArcade/PixelArcade/Saved/Config/Windows/Engine.ini]
[2019.03.20-11.34.35:462][  0]LogConfig: Applying CVar settings from Section [/Script/Engine.StreamingSettings] File [C:/Users/joey.JOEY-PC/Documents/Unreal Projects/PixelArcade/PixelArcade/Saved/Config/Windows/Engine.ini]
[2019.03.20-11.34.35:462][  0]LogConfig: Setting CVar [[s.MinBulkDataSizeForAsyncLoading:131072]]
[2019.03.20-11.34.35:462][  0]LogConfig: Setting CVar [[s.AsyncLoadingThreadEnabled:0]]
[2019.03.20-11.34.35:462][  0]LogConfig: Setting CVar [[s.EventDrivenLoaderEnabled:1]]
[2019.03.20-11.34.35:462][  0]LogConfig: Setting CVar [[s.WarnIfTimeLimitExceeded:0]]
[2019.03.20-11.34.35:462][  0]LogConfig: Setting CVar [[s.TimeLimitExceededMultiplier:1.5]]
[2019.03.20-11.34.35:462][  0]LogConfig: Setting CVar [[s.TimeLimitExceededMinTime:0.005]]
[2019.03.20-11.34.35:462][  0]LogConfig: Setting CVar [[s.UseBackgroundLevelStreaming:1]]
[2019.03.20-11.34.35:462][  0]LogConfig: Setting CVar [[s.PriorityAsyncLoadingExtraTime:15.0]]
[2019.03.20-11.34.35:462][  0]LogConfig: Setting CVar [[s.LevelStreamingActorsUpdateTimeLimit:5.0]]
[2019.03.20-11.34.35:462][  0]LogConfig: Setting CVar [[s.PriorityLevelStreamingActorsUpdateExtraTime:5.0]]
[2019.03.20-11.34.35:462][  0]LogConfig: Setting CVar [[s.LevelStreamingComponentsRegistrationGranularity:10]]
[2019.03.20-11.34.35:462][  0]LogConfig: Setting CVar [[s.UnregisterComponentsTimeLimit:1.0]]
[2019.03.20-11.34.35:462][  0]LogConfig: Setting CVar [[s.LevelStreamingComponentsUnregistrationGranularity:5]]
[2019.03.20-11.34.35:462][  0]LogConfig: Applying CVar settings from Section [/Script/Engine.GarbageCollectionSettings] File [C:/Users/joey.JOEY-PC/Documents/Unreal Projects/PixelArcade/PixelArcade/Saved/Config/Windows/Engine.ini]
[2019.03.20-11.34.35:462][  0]LogConfig: Setting CVar [[gc.MaxObjectsNotConsideredByGC:1]]
[2019.03.20-11.34.35:462][  0]LogConfig: Setting CVar [[gc.SizeOfPermanentObjectPool:0]]
[2019.03.20-11.34.35:462][  0]LogConfig: Setting CVar [[gc.FlushStreamingOnGC:0]]
[2019.03.20-11.34.35:462][  0]LogConfig: Setting CVar [[gc.NumRetriesBeforeForcingGC:10]]
[2019.03.20-11.34.35:462][  0]LogConfig: Setting CVar [[gc.AllowParallelGC:1]]
[2019.03.20-11.34.35:462][  0]LogConfig: Setting CVar [[gc.TimeBetweenPurgingPendingKillObjects:61.1]]
[2019.03.20-11.34.35:463][  0]LogConfig: Setting CVar [[gc.MaxObjectsInEditor:8388607]]
[2019.03.20-11.34.35:463][  0]LogConfig: Setting CVar [[gc.IncrementalBeginDestroyEnabled:1]]
[2019.03.20-11.34.35:463][  0]LogConfig: Setting CVar [[gc.CreateGCClusters:1]]
[2019.03.20-11.34.35:463][  0]LogConfig: Setting CVar [[gc.MergeGCClusters:0]]
[2019.03.20-11.34.35:463][  0]LogConfig: Setting CVar [[gc.MinGCClusterSize:5]]
[2019.03.20-11.34.35:463][  0]LogConfig: Setting CVar [[gc.ActorClusteringEnabled:0]]
[2019.03.20-11.34.35:463][  0]LogConfig: Setting CVar [[gc.BlueprintClusteringEnabled:0]]
[2019.03.20-11.34.35:463][  0]LogConfig: Setting CVar [[gc.UseDisregardForGCOnDedicatedServers:0]]
[2019.03.20-11.34.35:463][  0]LogConfig: Applying CVar settings from Section [/Script/Engine.NetworkSettings] File [C:/Users/joey.JOEY-PC/Documents/Unreal Projects/PixelArcade/PixelArcade/Saved/Config/Windows/Engine.ini]
[2019.03.20-11.34.35:463][  0]LogConfig: Applying CVar settings from Section [/Script/UnrealEd.CookerSettings] File [C:/Users/joey.JOEY-PC/Documents/Unreal Projects/PixelArcade/PixelArcade/Saved/Config/Windows/Engine.ini]
[2019.03.20-11.34.35:476][  0]LogConfig: Applying CVar settings from Section [ViewDistanceQuality@3] File [C:/Users/joey.JOEY-PC/Documents/Unreal Projects/PixelArcade/PixelArcade/Saved/Config/Windows/Scalability.ini]
[2019.03.20-11.34.35:476][  0]LogConfig: Setting CVar [[r.SkeletalMeshLODBias:0]]
[2019.03.20-11.34.35:476][  0]LogConfig: Setting CVar [[r.ViewDistanceScale:1.0]]
[2019.03.20-11.34.35:476][  0]LogConfig: Applying CVar settings from Section [AntiAliasingQuality@3] File [C:/Users/joey.JOEY-PC/Documents/Unreal Projects/PixelArcade/PixelArcade/Saved/Config/Windows/Scalability.ini]
[2019.03.20-11.34.35:476][  0]LogConfig: Setting CVar [[r.PostProcessAAQuality:4]]
[2019.03.20-11.34.35:476][  0]LogConfig: Applying CVar settings from Section [ShadowQuality@3] File [C:/Users/joey.JOEY-PC/Documents/Unreal Projects/PixelArcade/PixelArcade/Saved/Config/Windows/Scalability.ini]
[2019.03.20-11.34.35:476][  0]LogConfig: Setting CVar [[r.LightFunctionQuality:1]]
[2019.03.20-11.34.35:476][  0]LogConfig: Setting CVar [[r.ShadowQuality:5]]
[2019.03.20-11.34.35:476][  0]LogConfig: Setting CVar [[r.Shadow.CSM.MaxCascades:10]]
[2019.03.20-11.34.35:476][  0]LogConfig: Setting CVar [[r.Shadow.MaxResolution:2048]]
[2019.03.20-11.34.35:476][  0]LogConfig: Setting CVar [[r.Shadow.MaxCSMResolution:2048]]
[2019.03.20-11.34.35:476][  0]LogConfig: Setting CVar [[r.Shadow.RadiusThreshold:0.01]]
[2019.03.20-11.34.35:476][  0]LogConfig: Setting CVar [[r.Shadow.DistanceScale:1.0]]
[2019.03.20-11.34.35:476][  0]LogConfig: Setting CVar [[r.Shadow.CSM.TransitionScale:1.0]]
[2019.03.20-11.34.35:476][  0]LogConfig: Setting CVar [[r.Shadow.PreShadowResolutionFactor:1.0]]
[2019.03.20-11.34.35:477][  0]LogConfig: Setting CVar [[r.DistanceFieldShadowing:1]]
[2019.03.20-11.34.35:477][  0]LogConfig: Setting CVar [[r.DistanceFieldAO:1]]
[2019.03.20-11.34.35:477][  0]LogConfig: Setting CVar [[r.AOQuality:2]]
[2019.03.20-11.34.35:477][  0]LogConfig: Setting CVar [[r.VolumetricFog:1]]
[2019.03.20-11.34.35:477][  0]LogConfig: Setting CVar [[r.VolumetricFog.GridPixelSize:8]]
[2019.03.20-11.34.35:477][  0]LogConfig: Setting CVar [[r.VolumetricFog.GridSizeZ:128]]
[2019.03.20-11.34.35:477][  0]LogConfig: Setting CVar [[r.VolumetricFog.HistoryMissSupersampleCount:4]]
[2019.03.20-11.34.35:477][  0]LogConfig: Setting CVar [[r.LightMaxDrawDistanceScale:1]]
[2019.03.20-11.34.35:477][  0]LogConfig: Setting CVar [[r.CapsuleShadows:1]]
[2019.03.20-11.34.35:477][  0]LogConfig: Applying CVar settings from Section [PostProcessQuality@3] File [C:/Users/joey.JOEY-PC/Documents/Unreal Projects/PixelArcade/PixelArcade/Saved/Config/Windows/Scalability.ini]
[2019.03.20-11.34.35:477][  0]LogConfig: Setting CVar [[r.MotionBlurQuality:4]]
[2019.03.20-11.34.35:477][  0]LogConfig: Setting CVar [[r.AmbientOcclusionMipLevelFactor:0.4]]
[2019.03.20-11.34.35:477][  0]LogConfig: Setting CVar [[r.AmbientOcclusionMaxQuality:100]]
[2019.03.20-11.34.35:477][  0]LogConfig: Setting CVar [[r.AmbientOcclusionLevels:-1]]
[2019.03.20-11.34.35:477][  0]LogConfig: Setting CVar [[r.AmbientOcclusionRadiusScale:1.0]]
[2019.03.20-11.34.35:477][  0]LogConfig: Setting CVar [[r.DepthOfFieldQuality:2]]
[2019.03.20-11.34.35:477][  0]LogConfig: Setting CVar [[r.RenderTargetPoolMin:400]]
[2019.03.20-11.34.35:478][  0]LogConfig: Setting CVar [[r.LensFlareQuality:2]]
[2019.03.20-11.34.35:478][  0]LogConfig: Setting CVar [[r.SceneColorFringeQuality:1]]
[2019.03.20-11.34.35:478][  0]LogConfig: Setting CVar [[r.EyeAdaptationQuality:2]]
[2019.03.20-11.34.35:478][  0]LogConfig: Setting CVar [[r.BloomQuality:5]]
[2019.03.20-11.34.35:478][  0]LogConfig: Setting CVar [[r.FastBlurThreshold:100]]
[2019.03.20-11.34.35:478][  0]LogConfig: Setting CVar [[r.Upscale.Quality:3]]
[2019.03.20-11.34.35:478][  0]LogConfig: Setting CVar [[r.Tonemapper.GrainQuantization:1]]
[2019.03.20-11.34.35:478][  0]LogConfig: Setting CVar [[r.LightShaftQuality:1]]
[2019.03.20-11.34.35:478][  0]LogConfig: Setting CVar [[r.Filter.SizeScale:1]]
[2019.03.20-11.34.35:478][  0]LogConfig: Setting CVar [[r.Tonemapper.Quality:5]]
[2019.03.20-11.34.35:478][  0]LogConfig: Setting CVar [[r.DOF.Gather.AccumulatorQuality:1        ; higher gathering accumulator quality]]
[2019.03.20-11.34.35:478][  0]LogConfig: Setting CVar [[r.DOF.Gather.PostfilterMethod:1          ; Median3x3 postfilering method]]
[2019.03.20-11.34.35:478][  0]LogConfig: Setting CVar [[r.DOF.Gather.EnableBokehSettings:0       ; no bokeh simulation when gathering]]
[2019.03.20-11.34.35:478][  0]LogConfig: Setting CVar [[r.DOF.Gather.RingCount:4                 ; medium number of samples when gathering]]
[2019.03.20-11.34.35:478][  0]LogConfig: Setting CVar [[r.DOF.Scatter.ForegroundCompositing:1    ; additive foreground scattering]]
[2019.03.20-11.34.35:478][  0]LogConfig: Setting CVar [[r.DOF.Scatter.BackgroundCompositing:2    ; additive background scattering]]
[2019.03.20-11.34.35:478][  0]LogConfig: Setting CVar [[r.DOF.Scatter.EnableBokehSettings:1      ; bokeh simulation when scattering]]
[2019.03.20-11.34.35:478][  0]LogConfig: Setting CVar [[r.DOF.Scatter.MaxSpriteRatio:0.1         ; only a maximum of 10% of scattered bokeh]]
[2019.03.20-11.34.35:478][  0]LogConfig: Setting CVar [[r.DOF.Recombine.Quality:1                ; cheap slight out of focus]]
[2019.03.20-11.34.35:478][  0]LogConfig: Setting CVar [[r.DOF.Recombine.EnableBokehSettings:0    ; no bokeh simulation on slight out of focus]]
[2019.03.20-11.34.35:478][  0]LogConfig: Setting CVar [[r.DOF.TemporalAAQuality:1                ; more stable temporal accumulation]]
[2019.03.20-11.34.35:478][  0]LogConfig: Setting CVar [[r.DOF.Kernel.MaxForegroundRadius:0.025]]
[2019.03.20-11.34.35:478][  0]LogConfig: Setting CVar [[r.DOF.Kernel.MaxBackgroundRadius:0.025]]
[2019.03.20-11.34.35:478][  0]LogConfig: Applying CVar settings from Section [TextureQuality@3] File [C:/Users/joey.JOEY-PC/Documents/Unreal Projects/PixelArcade/PixelArcade/Saved/Config/Windows/Scalability.ini]
[2019.03.20-11.34.35:479][  0]LogConfig: Setting CVar [[r.Streaming.MipBias:0]]
[2019.03.20-11.34.35:479][  0]LogConfig: Setting CVar [[r.Streaming.AmortizeCPUToGPUCopy:0]]
[2019.03.20-11.34.35:479][  0]LogConfig: Setting CVar [[r.Streaming.MaxNumTexturesToStreamPerFrame:0]]
[2019.03.20-11.34.35:479][  0]LogConfig: Setting CVar [[r.Streaming.Boost:1]]
[2019.03.20-11.34.35:479][  0]LogConfig: Setting CVar [[r.MaxAnisotropy:8]]
[2019.03.20-11.34.35:479][  0]LogConfig: Setting CVar [[r.Streaming.LimitPoolSizeToVRAM:0]]
[2019.03.20-11.34.35:479][  0]LogConfig: Setting CVar [[r.Streaming.PoolSize:1000]]
[2019.03.20-11.34.35:479][  0]LogConfig: Setting CVar [[r.Streaming.MaxEffectiveScreenSize:0]]
[2019.03.20-11.34.35:479][  0]LogConfig: Applying CVar settings from Section [EffectsQuality@3] File [C:/Users/joey.JOEY-PC/Documents/Unreal Projects/PixelArcade/PixelArcade/Saved/Config/Windows/Scalability.ini]
[2019.03.20-11.34.35:479][  0]LogConfig: Setting CVar [[r.TranslucencyLightingVolumeDim:64]]
[2019.03.20-11.34.35:479][  0]LogConfig: Setting CVar [[r.RefractionQuality:2]]
[2019.03.20-11.34.35:479][  0]LogConfig: Setting CVar [[r.SSR.Quality:3]]
[2019.03.20-11.34.35:479][  0]LogConfig: Setting CVar [[r.SceneColorFormat:4]]
[2019.03.20-11.34.35:479][  0]LogConfig: Setting CVar [[r.DetailMode:2]]
[2019.03.20-11.34.35:479][  0]LogConfig: Setting CVar [[r.TranslucencyVolumeBlur:1]]
[2019.03.20-11.34.35:479][  0]LogConfig: Setting CVar [[r.MaterialQualityLevel:1 ; High quality]]
[2019.03.20-11.34.35:479][  0]LogConfig: Setting CVar [[r.SSS.Scale:1]]
[2019.03.20-11.34.35:479][  0]LogConfig: Setting CVar [[r.SSS.SampleSet:2]]
[2019.03.20-11.34.35:479][  0]LogConfig: Setting CVar [[r.SSS.Quality:1]]
[2019.03.20-11.34.35:479][  0]LogConfig: Setting CVar [[r.SSS.HalfRes:1]]
[2019.03.20-11.34.35:479][  0]LogConfig: Setting CVar [[r.EmitterSpawnRateScale:1.0]]
[2019.03.20-11.34.35:479][  0]LogConfig: Setting CVar [[r.ParticleLightQuality:2]]
[2019.03.20-11.34.35:479][  0]LogConfig: Applying CVar settings from Section [FoliageQuality@3] File [C:/Users/joey.JOEY-PC/Documents/Unreal Projects/PixelArcade/PixelArcade/Saved/Config/Windows/Scalability.ini]
[2019.03.20-11.34.35:480][  0]LogConfig: Setting CVar [[foliage.DensityScale:1.0]]
[2019.03.20-11.34.35:480][  0]LogConfig: Setting CVar [[grass.DensityScale:1.0]]
[2019.03.20-11.34.35:481][  0]LogInit: Selected Device Profile: [Windows]
[2019.03.20-11.34.35:482][  0]LogInit: Applying CVar settings loaded from the selected device profile: [Windows]
[2019.03.20-11.34.35:543][  0]LogHAL: Display: Platform has ~ 8 GB [8452411392 / 8589934592 / 8], which maps to Default [LargestMinGB=32, LargerMinGB=12, DefaultMinGB=8, SmallerMinGB=6, SmallestMinGB=0)
[2019.03.20-11.34.35:546][  0]LogConfig: Setting CVar [[r.Vulkan.UseRealUBs:1]]
[2019.03.20-11.34.35:547][  0]LogInit: Going up to parent DeviceProfile []
[2019.03.20-11.34.35:547][  0]LogConfig: Applying CVar settings from Section [ViewDistanceQuality@3] File [C:/Users/joey.JOEY-PC/Documents/Unreal Projects/PixelArcade/PixelArcade/Saved/Config/Windows/Scalability.ini]
[2019.03.20-11.34.35:547][  0]LogConfig: Setting CVar [[r.SkeletalMeshLODBias:0]]
[2019.03.20-11.34.35:547][  0]LogConfig: Setting CVar [[r.ViewDistanceScale:1.0]]
[2019.03.20-11.34.35:547][  0]LogConfig: Applying CVar settings from Section [AntiAliasingQuality@3] File [C:/Users/joey.JOEY-PC/Documents/Unreal Projects/PixelArcade/PixelArcade/Saved/Config/Windows/Scalability.ini]
[2019.03.20-11.34.35:547][  0]LogConfig: Setting CVar [[r.PostProcessAAQuality:4]]
[2019.03.20-11.34.35:547][  0]LogConfig: Applying CVar settings from Section [ShadowQuality@3] File [C:/Users/joey.JOEY-PC/Documents/Unreal Projects/PixelArcade/PixelArcade/Saved/Config/Windows/Scalability.ini]
[2019.03.20-11.34.35:547][  0]LogConfig: Setting CVar [[r.LightFunctionQuality:1]]
[2019.03.20-11.34.35:547][  0]LogConfig: Setting CVar [[r.ShadowQuality:5]]
[2019.03.20-11.34.35:547][  0]LogConfig: Setting CVar [[r.Shadow.CSM.MaxCascades:10]]
[2019.03.20-11.34.35:547][  0]LogConfig: Setting CVar [[r.Shadow.MaxResolution:2048]]
[2019.03.20-11.34.35:547][  0]LogConfig: Setting CVar [[r.Shadow.MaxCSMResolution:2048]]
[2019.03.20-11.34.35:547][  0]LogConfig: Setting CVar [[r.Shadow.RadiusThreshold:0.01]]
[2019.03.20-11.34.35:547][  0]LogConfig: Setting CVar [[r.Shadow.DistanceScale:1.0]]
[2019.03.20-11.34.35:547][  0]LogConfig: Setting CVar [[r.Shadow.CSM.TransitionScale:1.0]]
[2019.03.20-11.34.35:547][  0]LogConfig: Setting CVar [[r.Shadow.PreShadowResolutionFactor:1.0]]
[2019.03.20-11.34.35:548][  0]LogConfig: Setting CVar [[r.DistanceFieldShadowing:1]]
[2019.03.20-11.34.35:548][  0]LogConfig: Setting CVar [[r.DistanceFieldAO:1]]
[2019.03.20-11.34.35:548][  0]LogConfig: Setting CVar [[r.AOQuality:2]]
[2019.03.20-11.34.35:548][  0]LogConfig: Setting CVar [[r.VolumetricFog:1]]
[2019.03.20-11.34.35:548][  0]LogConfig: Setting CVar [[r.VolumetricFog.GridPixelSize:8]]
[2019.03.20-11.34.35:548][  0]LogConfig: Setting CVar [[r.VolumetricFog.GridSizeZ:128]]
[2019.03.20-11.34.35:548][  0]LogConfig: Setting CVar [[r.VolumetricFog.HistoryMissSupersampleCount:4]]
[2019.03.20-11.34.35:548][  0]LogConfig: Setting CVar [[r.LightMaxDrawDistanceScale:1]]
[2019.03.20-11.34.35:548][  0]LogConfig: Setting CVar [[r.CapsuleShadows:1]]
[2019.03.20-11.34.35:548][  0]LogConfig: Applying CVar settings from Section [PostProcessQuality@3] File [C:/Users/joey.JOEY-PC/Documents/Unreal Projects/PixelArcade/PixelArcade/Saved/Config/Windows/Scalability.ini]
[2019.03.20-11.34.35:548][  0]LogConfig: Setting CVar [[r.MotionBlurQuality:4]]
[2019.03.20-11.34.35:548][  0]LogConfig: Setting CVar [[r.AmbientOcclusionMipLevelFactor:0.4]]
[2019.03.20-11.34.35:548][  0]LogConfig: Setting CVar [[r.AmbientOcclusionMaxQuality:100]]
[2019.03.20-11.34.35:548][  0]LogConfig: Setting CVar [[r.AmbientOcclusionLevels:-1]]
[2019.03.20-11.34.35:548][  0]LogConfig: Setting CVar [[r.AmbientOcclusionRadiusScale:1.0]]
[2019.03.20-11.34.35:548][  0]LogConfig: Setting CVar [[r.DepthOfFieldQuality:2]]
[2019.03.20-11.34.35:548][  0]LogConfig: Setting CVar [[r.RenderTargetPoolMin:400]]
[2019.03.20-11.34.35:548][  0]LogConfig: Setting CVar [[r.LensFlareQuality:2]]
[2019.03.20-11.34.35:548][  0]LogConfig: Setting CVar [[r.SceneColorFringeQuality:1]]
[2019.03.20-11.34.35:548][  0]LogConfig: Setting CVar [[r.EyeAdaptationQuality:2]]
[2019.03.20-11.34.35:548][  0]LogConfig: Setting CVar [[r.BloomQuality:5]]
[2019.03.20-11.34.35:548][  0]LogConfig: Setting CVar [[r.FastBlurThreshold:100]]
[2019.03.20-11.34.35:548][  0]LogConfig: Setting CVar [[r.Upscale.Quality:3]]
[2019.03.20-11.34.35:548][  0]LogConfig: Setting CVar [[r.Tonemapper.GrainQuantization:1]]
[2019.03.20-11.34.35:548][  0]LogConfig: Setting CVar [[r.LightShaftQuality:1]]
[2019.03.20-11.34.35:548][  0]LogConfig: Setting CVar [[r.Filter.SizeScale:1]]
[2019.03.20-11.34.35:548][  0]LogConfig: Setting CVar [[r.Tonemapper.Quality:5]]
[2019.03.20-11.34.35:548][  0]LogConfig: Setting CVar [[r.DOF.Gather.AccumulatorQuality:1        ; higher gathering accumulator quality]]
[2019.03.20-11.34.35:548][  0]LogConfig: Setting CVar [[r.DOF.Gather.PostfilterMethod:1          ; Median3x3 postfilering method]]
[2019.03.20-11.34.35:548][  0]LogConfig: Setting CVar [[r.DOF.Gather.EnableBokehSettings:0       ; no bokeh simulation when gathering]]
[2019.03.20-11.34.35:548][  0]LogConfig: Setting CVar [[r.DOF.Gather.RingCount:4                 ; medium number of samples when gathering]]
[2019.03.20-11.34.35:548][  0]LogConfig: Setting CVar [[r.DOF.Scatter.ForegroundCompositing:1    ; additive foreground scattering]]
[2019.03.20-11.34.35:548][  0]LogConfig: Setting CVar [[r.DOF.Scatter.BackgroundCompositing:2    ; additive background scattering]]
[2019.03.20-11.34.35:548][  0]LogConfig: Setting CVar [[r.DOF.Scatter.EnableBokehSettings:1      ; bokeh simulation when scattering]]
[2019.03.20-11.34.35:548][  0]LogConfig: Setting CVar [[r.DOF.Scatter.MaxSpriteRatio:0.1         ; only a maximum of 10% of scattered bokeh]]
[2019.03.20-11.34.35:548][  0]LogConfig: Setting CVar [[r.DOF.Recombine.Quality:1                ; cheap slight out of focus]]
[2019.03.20-11.34.35:548][  0]LogConfig: Setting CVar [[r.DOF.Recombine.EnableBokehSettings:0    ; no bokeh simulation on slight out of focus]]
[2019.03.20-11.34.35:548][  0]LogConfig: Setting CVar [[r.DOF.TemporalAAQuality:1                ; more stable temporal accumulation]]
[2019.03.20-11.34.35:548][  0]LogConfig: Setting CVar [[r.DOF.Kernel.MaxForegroundRadius:0.025]]
[2019.03.20-11.34.35:548][  0]LogConfig: Setting CVar [[r.DOF.Kernel.MaxBackgroundRadius:0.025]]
[2019.03.20-11.34.35:548][  0]LogConfig: Applying CVar settings from Section [TextureQuality@3] File [C:/Users/joey.JOEY-PC/Documents/Unreal Projects/PixelArcade/PixelArcade/Saved/Config/Windows/Scalability.ini]
[2019.03.20-11.34.35:548][  0]LogConfig: Setting CVar [[r.Streaming.MipBias:0]]
[2019.03.20-11.34.35:548][  0]LogConfig: Setting CVar [[r.Streaming.AmortizeCPUToGPUCopy:0]]
[2019.03.20-11.34.35:548][  0]LogConfig: Setting CVar [[r.Streaming.MaxNumTexturesToStreamPerFrame:0]]
[2019.03.20-11.34.35:548][  0]LogConfig: Setting CVar [[r.Streaming.Boost:1]]
[2019.03.20-11.34.35:548][  0]LogConfig: Setting CVar [[r.MaxAnisotropy:8]]
[2019.03.20-11.34.35:548][  0]LogConfig: Setting CVar [[r.Streaming.LimitPoolSizeToVRAM:0]]
[2019.03.20-11.34.35:548][  0]LogConfig: Setting CVar [[r.Streaming.PoolSize:1000]]
[2019.03.20-11.34.35:548][  0]LogConfig: Setting CVar [[r.Streaming.MaxEffectiveScreenSize:0]]
[2019.03.20-11.34.35:549][  0]LogConfig: Applying CVar settings from Section [EffectsQuality@3] File [C:/Users/joey.JOEY-PC/Documents/Unreal Projects/PixelArcade/PixelArcade/Saved/Config/Windows/Scalability.ini]
[2019.03.20-11.34.35:549][  0]LogConfig: Setting CVar [[r.TranslucencyLightingVolumeDim:64]]
[2019.03.20-11.34.35:549][  0]LogConfig: Setting CVar [[r.RefractionQuality:2]]
[2019.03.20-11.34.35:549][  0]LogConfig: Setting CVar [[r.SSR.Quality:3]]
[2019.03.20-11.34.35:549][  0]LogConfig: Setting CVar [[r.SceneColorFormat:4]]
[2019.03.20-11.34.35:549][  0]LogConfig: Setting CVar [[r.DetailMode:2]]
[2019.03.20-11.34.35:549][  0]LogConfig: Setting CVar [[r.TranslucencyVolumeBlur:1]]
[2019.03.20-11.34.35:549][  0]LogConfig: Setting CVar [[r.MaterialQualityLevel:1 ; High quality]]
[2019.03.20-11.34.35:549][  0]LogConfig: Setting CVar [[r.SSS.Scale:1]]
[2019.03.20-11.34.35:549][  0]LogConfig: Setting CVar [[r.SSS.SampleSet:2]]
[2019.03.20-11.34.35:549][  0]LogConfig: Setting CVar [[r.SSS.Quality:1]]
[2019.03.20-11.34.35:549][  0]LogConfig: Setting CVar [[r.SSS.HalfRes:1]]
[2019.03.20-11.34.35:549][  0]LogConfig: Setting CVar [[r.EmitterSpawnRateScale:1.0]]
[2019.03.20-11.34.35:549][  0]LogConfig: Setting CVar [[r.ParticleLightQuality:2]]
[2019.03.20-11.34.35:549][  0]LogConfig: Applying CVar settings from Section [FoliageQuality@3] File [C:/Users/joey.JOEY-PC/Documents/Unreal Projects/PixelArcade/PixelArcade/Saved/Config/Windows/Scalability.ini]
[2019.03.20-11.34.35:549][  0]LogConfig: Setting CVar [[foliage.DensityScale:1.0]]
[2019.03.20-11.34.35:549][  0]LogConfig: Setting CVar [[grass.DensityScale:1.0]]
[2019.03.20-11.34.35:549][  0]LogConfig: Applying CVar settings from Section [Startup] File [../../../Engine/Config/ConsoleVariables.ini]
[2019.03.20-11.34.35:561][  0]LogConfig: Setting CVar [[net.UseAdaptiveNetUpdateFrequency:0]]
[2019.03.20-11.34.35:561][  0]LogConfig: Applying CVar settings from Section [ConsoleVariables] File [C:/Users/joey.JOEY-PC/Documents/Unreal Projects/PixelArcade/PixelArcade/Saved/Config/Windows/Engine.ini]
[2019.03.20-11.34.35:564][  0]LogInit: Computer: JOEY-PC
[2019.03.20-11.34.35:564][  0]LogInit: User: joey
[2019.03.20-11.34.35:564][  0]LogInit: CPU Page size=4096, Cores=4
[2019.03.20-11.34.35:564][  0]LogInit: High frequency timer resolution =10.000000 MHz
[2019.03.20-11.34.35:565][  0]LogMemory: Memory total: Physical=7.9GB (8GB approx)
[2019.03.20-11.34.35:565][  0]LogMemory: Platform Memory Stats for Windows
[2019.03.20-11.34.35:565][  0]LogMemory: Process Physical Memory: 102.47 MB used, 102.47 MB peak
[2019.03.20-11.34.35:565][  0]LogMemory: Process Virtual Memory: 91.34 MB used, 91.34 MB peak
[2019.03.20-11.34.35:565][  0]LogMemory: Physical Memory: 3350.48 MB used,  4710.37 MB free, 8060.85 MB total
[2019.03.20-11.34.35:565][  0]LogMemory: Virtual Memory: 4651.71 MB used,  134213080.00 MB free, 134217728.00 MB total
[2019.03.20-11.34.35:927][  0]LogInit: Using OS detected language (en-US).
[2019.03.20-11.34.35:927][  0]LogInit: Using OS detected locale (en-US).
[2019.03.20-11.34.35:933][  0]LogTextLocalizationManager: No specific localization for 'en-US' exists, so the 'en' localization will be used.
[2019.03.20-11.34.37:032][  0]LogStreaming: Display: Took  1.106s to InitEngineTextLocalization.
[2019.03.20-11.34.37:033][  0]LogInit: Setting process to per monitor DPI aware
[2019.03.20-11.34.37:193][  0]LogSlate: New Slate User Created.  User Index 0, Is Virtual User: 0
[2019.03.20-11.34.37:193][  0]LogSlate: Slate User Registered.  User Index 0, Is Virtual User: 0
[2019.03.20-11.34.41:514][  0]LogHMD: Failed to initialize OpenVR with code 110
[2019.03.20-11.34.41:514][  0]LogD3D11RHI: D3D11 adapters:
[2019.03.20-11.34.41:561][  0]LogD3D11RHI:    0. 'NVIDIA GeForce GT 635M' (Feature Level 11_0)
[2019.03.20-11.34.41:561][  0]LogD3D11RHI:       1999/0/4030 MB DedicatedVideo/DedicatedSystem/SharedSystem, Outputs:1, VendorId:0x10de
[2019.03.20-11.34.41:566][  0]LogD3D11RHI:    1. 'Intel(R) HD Graphics 4000' (Feature Level 11_0)
[2019.03.20-11.34.41:567][  0]LogD3D11RHI:       32/0/1760 MB DedicatedVideo/DedicatedSystem/SharedSystem, Outputs:0, VendorId:0x8086
[2019.03.20-11.34.41:570][  0]LogD3D11RHI:    2. 'Microsoft Basic Render Driver' (Feature Level 11_0)
[2019.03.20-11.34.41:570][  0]LogD3D11RHI:       0/0/4030 MB DedicatedVideo/DedicatedSystem/SharedSystem, Outputs:0, VendorId:0x1414
[2019.03.20-11.34.41:570][  0]LogD3D11RHI: Chosen D3D11 Adapter: 0
[2019.03.20-11.34.41:617][  0]LogD3D11RHI: Creating new Direct3DDevice
[2019.03.20-11.34.41:617][  0]LogD3D11RHI:     GPU DeviceId: 0xde3 (for the marketing name, search the web for "GPU Device Id")
[2019.03.20-11.34.41:617][  0]LogWindows: EnumDisplayDevices:
[2019.03.20-11.34.41:618][  0]LogWindows:    0. 'Intel(R) HD Graphics 4000' (P:1 D:1)
[2019.03.20-11.34.41:618][  0]LogWindows:    1. 'Intel(R) HD Graphics 4000' (P:0 D:0)
[2019.03.20-11.34.41:619][  0]LogWindows:    2. 'Intel(R) HD Graphics 4000' (P:0 D:0)
[2019.03.20-11.34.41:619][  0]LogWindows:    3. 'NVIDIA GeForce GT 635M' (P:0 D:0)
[2019.03.20-11.34.41:619][  0]LogWindows: DebugString: PrimaryIsNotTheChoosenAdapter PrimaryIsNotTheChoosenAdapter PrimaryIsNotTheChoosenAdapter 
[2019.03.20-11.34.41:619][  0]LogD3D11RHI:     Adapter Name: NVIDIA GeForce GT 635M
[2019.03.20-11.34.41:620][  0]LogD3D11RHI:   Driver Version: 376.54 (internal:21.21.13.7654, unified:376.54)
[2019.03.20-11.34.41:620][  0]LogD3D11RHI:      Driver Date: 12-29-2016
[2019.03.20-11.34.41:620][  0]LogRHI: Texture pool is 1399 MB (70% of 1999 MB)
[2019.03.20-11.34.41:645][  0]LogD3D11RHI: Display: Timestamp queries are currently disabled on this hardware due to instability. Realtime GPU stats will not be available. You can override this behaviour by setting r.NVIDIATimestampWorkaround to 0
[2019.03.20-11.34.41:646][  0]LogD3D11RHI: Async texture creation enabled
[2019.03.20-11.34.41:676][  0]LogD3D11RHI: GPU Timing Frequency: 1000.000000 (Debug: 2 1)
[2019.03.20-11.34.42:355][  0]LogTemp: Display: Loaded TP AllDesktopTargetPlatform
[2019.03.20-11.34.42:377][  0]LogTemp: Display: Loaded TP MacClientTargetPlatform
[2019.03.20-11.34.42:399][  0]LogTemp: Display: Loaded TP MacNoEditorTargetPlatform
[2019.03.20-11.34.42:433][  0]LogTemp: Display: Loaded TP MacServerTargetPlatform
[2019.03.20-11.34.42:467][  0]LogTemp: Display: Loaded TP MacTargetPlatform
[2019.03.20-11.34.42:492][  0]LogTemp: Display: Loaded TP WindowsClientTargetPlatform
[2019.03.20-11.34.42:519][  0]LogTemp: Display: Loaded TP WindowsNoEditorTargetPlatform
[2019.03.20-11.34.42:550][  0]LogTemp: Display: Loaded TP WindowsServerTargetPlatform
[2019.03.20-11.34.42:565][  0]LogTemp: Display: Loaded TP WindowsTargetPlatform
[2019.03.20-11.34.42:723][  0]LogTemp: Display: Loaded TP AndroidTargetPlatform
[2019.03.20-11.34.42:723][  0]LogTemp: Display: Loaded TP AndroidTargetPlatform
[2019.03.20-11.34.42:723][  0]LogTemp: Display: Loaded TP AndroidTargetPlatform
[2019.03.20-11.34.42:723][  0]LogTemp: Display: Loaded TP AndroidTargetPlatform
[2019.03.20-11.34.42:723][  0]LogTemp: Display: Loaded TP AndroidTargetPlatform
[2019.03.20-11.34.42:723][  0]LogTemp: Display: Loaded TP AndroidTargetPlatform
[2019.03.20-11.34.42:723][  0]LogTemp: Display: Loaded TP AndroidTargetPlatform
[2019.03.20-11.34.42:723][  0]LogTemp: Display: Loaded TP AndroidTargetPlatform
[2019.03.20-11.34.42:724][  0]LogTemp: Display: Loaded TP AndroidTargetPlatform
[2019.03.20-11.34.42:724][  0]LogTemp: Display: Loaded TP AndroidTargetPlatform
[2019.03.20-11.34.42:724][  0]LogTemp: Display: Loaded TP AndroidTargetPlatform
[2019.03.20-11.34.42:724][  0]LogTemp: Display: Loaded TP AndroidTargetPlatform
[2019.03.20-11.34.42:724][  0]LogTemp: Display: Loaded TP AndroidTargetPlatform
[2019.03.20-11.34.42:724][  0]LogTemp: Display: Loaded TP AndroidTargetPlatform
[2019.03.20-11.34.42:724][  0]LogTemp: Display: Loaded TP AndroidTargetPlatform
[2019.03.20-11.34.42:724][  0]LogTemp: Display: Loaded TP AndroidTargetPlatform
[2019.03.20-11.34.42:724][  0]LogTemp: Display: Loaded TP AndroidTargetPlatform
[2019.03.20-11.34.42:724][  0]LogTemp: Display: Loaded TP AndroidTargetPlatform
[2019.03.20-11.34.42:728][  0]LogTemp: Display: Loaded TP HTML5TargetPlatform
[2019.03.20-11.34.42:819][  0]LogTemp: Display: Loaded TP IOSTargetPlatform
[2019.03.20-11.34.42:819][  0]LogTemp: Display: Loaded TP IOSTargetPlatform
[2019.03.20-11.34.42:868][  0]LogTemp: Display: Loaded TP TVOSTargetPlatform
[2019.03.20-11.34.42:868][  0]LogTemp: Display: Loaded TP TVOSTargetPlatform
[2019.03.20-11.34.42:892][  0]LogTemp: Display: Loaded TP LinuxClientTargetPlatform
[2019.03.20-11.34.42:913][  0]LogTemp: Display: Loaded TP LinuxNoEditorTargetPlatform
[2019.03.20-11.34.42:933][  0]LogTemp: Display: Loaded TP LinuxServerTargetPlatform
[2019.03.20-11.34.42:963][  0]LogTemp: Display: Loaded TP LinuxTargetPlatform
[2019.03.20-11.34.43:053][  0]LogTemp: Display: Loaded TP LuminTargetPlatform
[2019.03.20-11.34.43:053][  0]LogTemp: Display: Loaded TP LuminTargetPlatform
[2019.03.20-11.34.43:053][  0]LogTargetPlatformManager: Display: Building Assets For Windows
[2019.03.20-11.34.43:289][  0]LogShaderCompilers: Guid format shader working directory is -34 characters bigger than the processId version (../../../../../../Users/joey.JOEY-PC/Documents/Unreal Projects/PixelArcade/PixelArcade/Intermediate/Shaders/WorkingDirectory/13048/).
[2019.03.20-11.34.43:289][  0]LogShaderCompilers: Cleaned the shader compiler working directory 'C:/Users/joey.JOEY-PC/AppData/Local/Temp/UnrealShaderWorkingDir/8BEB241749F2B4FEB910D88B3DF4CDAA/'.
[2019.03.20-11.34.43:293][  0]LogXGEController: Cleaning working directory: C:/Users/joey.JOEY-PC/AppData/Local/Temp/UnrealXGEWorkingDir/
[2019.03.20-11.34.43:294][  0]LogXGEController: Cannot use XGE Controller as Incredibuild is not installed on this machine.
[2019.03.20-11.34.43:294][  0]LogShaderCompilers: Cannot use XGE Shader Compiler as Incredibuild is not installed on this machine.
[2019.03.20-11.34.43:294][  0]LogShaderCompilers: Display: Using Local Shader Compiler.
[2019.03.20-11.34.45:566][  0]LogDerivedDataCache: Display: Max Cache Size: 512 MB
[2019.03.20-11.34.45:775][  0]LogDerivedDataCache: Loaded boot cache 0.21s 71MB C:/Users/joey.JOEY-PC/AppData/Local/UnrealEngine/4.21/DerivedDataCache/Boot.ddc.
[2019.03.20-11.34.45:775][  0]LogDerivedDataCache: Display: Loaded Boot cache: C:/Users/joey.JOEY-PC/AppData/Local/UnrealEngine/4.21/DerivedDataCache/Boot.ddc
[2019.03.20-11.34.45:775][  0]LogDerivedDataCache: FDerivedDataBackendGraph:  Pak pak cache file ../../../../../../Users/joey.JOEY-PC/Documents/Unreal Projects/PixelArcade/PixelArcade/DerivedDataCache/DDC.ddp not found, will not use a pak cache.
[2019.03.20-11.34.45:775][  0]LogDerivedDataCache: Unable to find inner node Pak for hierarchical cache Hierarchy.
[2019.03.20-11.34.45:775][  0]LogDerivedDataCache: FDerivedDataBackendGraph:  CompressedPak pak cache file ../../../../../../Users/joey.JOEY-PC/Documents/Unreal Projects/PixelArcade/PixelArcade/DerivedDataCache/Compressed.ddp not found, will not use a pak cache.
[2019.03.20-11.34.45:775][  0]LogDerivedDataCache: Unable to find inner node CompressedPak for hierarchical cache Hierarchy.
[2019.03.20-11.34.45:805][  0]LogDerivedDataCache: Display: Pak cache opened for reading ../../../Engine/DerivedDataCache/Compressed.ddp.
[2019.03.20-11.34.45:805][  0]LogDerivedDataCache: FDerivedDataBackendGraph:  EnterprisePak pak cache file ../../../Enterprise/DerivedDataCache/Compressed.ddp not found, will not use a pak cache.
[2019.03.20-11.34.45:805][  0]LogDerivedDataCache: Unable to find inner node EnterprisePak for hierarchical cache Hierarchy.
[2019.03.20-11.34.45:819][  0]LogDerivedDataCache: Using Local data cache path C:/Users/joey.JOEY-PC/AppData/Local/UnrealEngine/Common/DerivedDataCache: Writable
[2019.03.20-11.34.45:819][  0]LogDerivedDataCache: Shared data cache path not found in *engine.ini, will not use an Shared cache.
[2019.03.20-11.34.45:819][  0]LogDerivedDataCache: Unable to find inner node Shared for hierarchical cache Hierarchy.
[2019.03.20-11.34.45:856][  0]LogMaterial: Verifying Global Shaders for PCD3D_SM5
[2019.03.20-11.34.45:865][  0]LogSlate: Using FreeType 2.6.0
[2019.03.20-11.34.45:884][  0]LogSlate: SlateFontServices - WITH_FREETYPE: 1, WITH_HARFBUZZ: 1
[2019.03.20-11.34.46:267][  0]LogAssetRegistry: FAssetRegistry took 0.0423 seconds to start up
[2019.03.20-11.34.47:095][  0]LogInit: Selected Device Profile: [Windows]
[2019.03.20-11.34.47:541][  0]LogSimplygon: Simplygon DLL not present - disabling.
[2019.03.20-11.34.47:562][  0]LogMeshReduction: Using SimplygonSwarm for distributed automatic mesh merging
[2019.03.20-11.34.47:562][  0]LogMeshReduction: Using ProxyLODMeshReduction for automatic mesh merging
[2019.03.20-11.34.47:563][  0]LogMeshReduction: Using QuadricMeshReduction for automatic static mesh reduction
[2019.03.20-11.34.47:563][  0]LogMeshReduction: No automatic skeletal mesh reduction module available
[2019.03.20-11.34.47:639][  0]LogNetVersion: PixelArcade 1.0.0, NetCL: 4541578, EngineNetVer: 5, GameNetVer: 0 (Checksum: 3322908292)
[2019.03.20-11.34.49:381][  0]LogPackageLocalizationCache: Processed 12 localized package path(s) for 2 prioritized culture(s) in 0.168728 seconds
[2019.03.20-11.34.49:390][  0]LogUObjectArray: 39784 objects as part of root set at end of initial load.
[2019.03.20-11.34.49:390][  0]LogUObjectAllocator: 6925464 out of 0 bytes used by permanent object pool.
[2019.03.20-11.34.49:390][  0]LogUObjectArray: CloseDisregardForGC: 0/0 objects in disregard for GC pool
[2019.03.20-11.34.54:054][  0]LogTcpMessaging: Initializing TcpMessaging bridge
[2019.03.20-11.34.54:073][  0]LogUdpMessaging: Initializing bridge on interface 0.0.0.0:0 to multicast group 230.0.0.1:6666.
[2019.03.20-11.34.55:279][  0]SourceControl: Source control is disabled
[2019.03.20-11.34.55:280][  0]SourceControl: Source control is disabled
[2019.03.20-11.34.55:291][  0]SourceControl: Source control is disabled
[2019.03.20-11.34.55:297][  0]SourceControl: Source control is disabled
[2019.03.20-11.34.55:657][  0]LogAndroidPermission: UAndroidPermissionCallbackProxy::GetInstance
[2019.03.20-11.34.55:767][  0]LogOcInput: OculusInput pre-init called
[2019.03.20-11.34.56:027][  0]LogEngine: Initializing Engine...
[2019.03.20-11.34.56:030][  0]LogHMD: Failed to initialize OpenVR with code 110
[2019.03.20-11.34.56:032][  0]LogStats: UGameplayTagsManager::ConstructGameplayTagTree: ImportINI prefixes -  0.000 s
[2019.03.20-11.34.56:032][  0]LogStats: UGameplayTagsManager::ConstructGameplayTagTree: Construct from data asset -  0.000 s
[2019.03.20-11.34.56:032][  0]LogStats: UGameplayTagsManager::ConstructGameplayTagTree: ImportINI -  0.000 s
[2019.03.20-11.34.56:032][  0]LogStats: UGameplayTagsManager::ConstructGameplayTagTree: GameplayTagTreeChangedEvent.Broadcast -  0.000 s
[2019.03.20-11.34.56:590][  0]LogInit: Initializing FReadOnlyCVARCache
[2019.03.20-11.34.56:641][  0]LogAIModule: Creating AISystem for world Untitled
[2019.03.20-11.34.56:669][  0]LogInit: XAudio2 using 'Speakers (Conexant SmartAudio HD)' : 2 channels at 44.1 kHz using 32 bits per sample (channel mask 0x3)
[2019.03.20-11.34.56:766][  0]LogInit: FAudioDevice initialized.
[2019.03.20-11.34.56:766][  0]LogNetVersion: Set ProjectVersion to 1.0.0.0. Version Checksum will be recalculated on next use.
[2019.03.20-11.34.56:860][  0]LogDerivedDataCache: Saved boot cache 0.09s 71MB C:/Users/joey.JOEY-PC/AppData/Local/UnrealEngine/4.21/DerivedDataCache/Boot.ddc.
[2019.03.20-11.34.56:877][  0]LogInit: Texture streaming: Enabled
[2019.03.20-11.34.56:913][  0]LogEngineSessionManager: EngineSessionManager initialized
[2019.03.20-11.34.56:944][  0]LogInit: Transaction tracking system initialized
[2019.03.20-11.34.57:030][  0]BlueprintLog: New page: Editor Load
[2019.03.20-11.34.57:273][  0]LocalizationService: Localization service is disabled
[2019.03.20-11.34.58:323][  0]LogFileCache: Scanning file cache for directory 'C:/Users/joey.JOEY-PC/Documents/Unreal Projects/PixelArcade/PixelArcade/Content/' took 0.02s
[2019.03.20-11.34.58:323][  0]LogCook: Display: Max memory allowance for cook 16384mb min free memory 0mb
[2019.03.20-11.34.58:325][  0]LogCook: Display: Mobile HDR setting 1
[2019.03.20-11.34.58:325][  0]LogGameplayTags: Display: UGameplayTagsManager::DoneAddingNativeTags. DelegateIsBound: 0
[2019.03.20-11.34.58:325][  0]LogStats: UGameplayTagsManager::ConstructGameplayTagTree: ImportINI prefixes -  0.000 s
[2019.03.20-11.34.58:325][  0]LogStats: UGameplayTagsManager::ConstructGameplayTagTree: Construct from data asset -  0.000 s
[2019.03.20-11.34.58:325][  0]LogStats: UGameplayTagsManager::ConstructGameplayTagTree: ImportINI -  0.000 s
[2019.03.20-11.34.58:325][  0]LogStats: UGameplayTagsManager::ConstructGameplayTagTree: GameplayTagTreeChangedEvent.Broadcast -  0.000 s
[2019.03.20-11.34.58:762][  0]SourceControl: Source control is disabled
[2019.03.20-11.34.58:764][  0]Cmd: MAP LOAD FILE="../../../../../../Users/joey.JOEY-PC/Documents/Unreal Projects/PixelArcade/PixelArcade/Content/PixelWorlds/PixelMenu.umap" TEMPLATE=0 SHOWPROGRESS=1 FEATURELEVEL=3
[2019.03.20-11.34.58:773][  0]LightingResults: New page: Lighting Build
[2019.03.20-11.34.58:785][  0]MapCheck: New page: Map Check
[2019.03.20-11.34.58:785][  0]LightingResults: New page: Lighting Build
[2019.03.20-11.34.59:173][  0]LogAIModule: Creating AISystem for world PixelMenu
[2019.03.20-11.34.59:203][  0]LogEditorServer: Finished looking for orphan Actors (0.000 secs)
[2019.03.20-11.34.59:234][  0]Cmd: MAP CHECKDEP NOCLEARLOG
[2019.03.20-11.34.59:235][  0]MapCheck: Map check complete: 0 Error(s), 0 Warning(s), took 0.208ms to complete.
[2019.03.20-11.34.59:235][  0]LogFileHelpers: Loading map 'PixelMenu' took 0.472
[2019.03.20-11.34.59:426][  0]LogSlate: Updating window title bar state: overlay mode, drag disabled, window buttons hidden, title bar hidden
[2019.03.20-11.34.59:438][  0]LogSlate: Updating window title bar state: overlay mode, drag disabled, window buttons hidden, title bar hidden
[2019.03.20-11.34.59:450][  0]LogSlate: Updating window title bar state: overlay mode, drag disabled, window buttons hidden, title bar hidden
[2019.03.20-11.34.59:462][  0]LogSlate: Updating window title bar state: overlay mode, drag disabled, window buttons hidden, title bar hidden
[2019.03.20-11.34.59:487][  0]LogCollectionManager: Loaded 0 collections in 0.003264 seconds
[2019.03.20-11.34.59:533][  0]LogFileCache: Scanning file cache for directory 'C:/Users/joey.JOEY-PC/Documents/Unreal Projects/PixelArcade/PixelArcade/Saved/Collections/' took 0.01s
[2019.03.20-11.34.59:533][  0]LogFileCache: Scanning file cache for directory 'C:/Users/joey.JOEY-PC/Documents/Unreal Projects/PixelArcade/PixelArcade/Content/Developers/joey/Collections/' took 0.01s
[2019.03.20-11.34.59:533][  0]LogFileCache: Scanning file cache for directory 'C:/Users/joey.JOEY-PC/Documents/Unreal Projects/PixelArcade/PixelArcade/Content/Collections/' took 0.00s
[2019.03.20-11.34.59:533][  0]LogCollectionManager: Rebuilt the GUID cache for 0 collections in 0.000000 seconds
[2019.03.20-11.34.59:549][  0]LogContentBrowser: Native class hierarchy populated in 0.0138 seconds. Added 2656 classes and 627 folders.
[2019.03.20-11.34.59:567][  0]LogContentBrowser: Native class hierarchy updated for 'WidgetCarousel' in 0.0003 seconds. Added 0 classes and 0 folders.
[2019.03.20-11.34.59:582][  0]LogPakFile: Registered encryption key '00000000000000000000000000000000': 0 pak files mounted, 0 remain pending
[2019.03.20-11.34.59:594][  0]LogPakFile: Registered encryption key '00000000000000000000000000000000': 0 pak files mounted, 0 remain pending
[2019.03.20-11.34.59:626][  0]LogPakFile: Registered encryption key '00000000000000000000000000000000': 0 pak files mounted, 0 remain pending
[2019.03.20-11.34.59:634][  0]LogPakFile: Registered encryption key '00000000000000000000000000000000': 0 pak files mounted, 0 remain pending
[2019.03.20-11.34.59:641][  0]LogPakFile: Registered encryption key '00000000000000000000000000000000': 0 pak files mounted, 0 remain pending
[2019.03.20-11.34.59:648][  0]LogPakFile: Registered encryption key '00000000000000000000000000000000': 0 pak files mounted, 0 remain pending
[2019.03.20-11.34.59:655][  0]LogPakFile: Registered encryption key '00000000000000000000000000000000': 0 pak files mounted, 0 remain pending
[2019.03.20-11.34.59:662][  0]LogPakFile: Registered encryption key '00000000000000000000000000000000': 0 pak files mounted, 0 remain pending
[2019.03.20-11.34.59:674][  0]LogPakFile: Registered encryption key '00000000000000000000000000000000': 0 pak files mounted, 0 remain pending
[2019.03.20-11.34.59:686][  0]LogPakFile: Registered encryption key '00000000000000000000000000000000': 0 pak files mounted, 0 remain pending
[2019.03.20-11.34.59:697][  0]LogPakFile: Registered encryption key '00000000000000000000000000000000': 0 pak files mounted, 0 remain pending
[2019.03.20-11.34.59:705][  0]LogPakFile: Registered encryption key '00000000000000000000000000000000': 0 pak files mounted, 0 remain pending
[2019.03.20-11.34.59:712][  0]LogPakFile: Registered encryption key '00000000000000000000000000000000': 0 pak files mounted, 0 remain pending
[2019.03.20-11.34.59:719][  0]LogPakFile: Registered encryption key '00000000000000000000000000000000': 0 pak files mounted, 0 remain pending
[2019.03.20-11.34.59:725][  0]LogPakFile: Registered encryption key '00000000000000000000000000000000': 0 pak files mounted, 0 remain pending
[2019.03.20-11.34.59:732][  0]LogPakFile: Registered encryption key '00000000000000000000000000000000': 0 pak files mounted, 0 remain pending
[2019.03.20-11.34.59:781][  0]LogPakFile: Registered encryption key '00000000000000000000000000000000': 0 pak files mounted, 0 remain pending
[2019.03.20-11.34.59:788][  0]LogPakFile: Registered encryption key '00000000000000000000000000000000': 0 pak files mounted, 0 remain pending
[2019.03.20-11.34.59:795][  0]LogPakFile: Registered encryption key '00000000000000000000000000000000': 0 pak files mounted, 0 remain pending
[2019.03.20-11.34.59:802][  0]LogPakFile: Registered encryption key '00000000000000000000000000000000': 0 pak files mounted, 0 remain pending
[2019.03.20-11.34.59:871][  0]LogPakFile: Registered encryption key '00000000000000000000000000000000': 0 pak files mounted, 0 remain pending
[2019.03.20-11.34.59:880][  0]LogPakFile: Registered encryption key '00000000000000000000000000000000': 0 pak files mounted, 0 remain pending
[2019.03.20-11.34.59:887][  0]LogPakFile: Registered encryption key '00000000000000000000000000000000': 0 pak files mounted, 0 remain pending
[2019.03.20-11.34.59:894][  0]LogPakFile: Registered encryption key '00000000000000000000000000000000': 0 pak files mounted, 0 remain pending
[2019.03.20-11.34.59:902][  0]LogPakFile: Registered encryption key '00000000000000000000000000000000': 0 pak files mounted, 0 remain pending
[2019.03.20-11.34.59:909][  0]LogPakFile: Registered encryption key '00000000000000000000000000000000': 0 pak files mounted, 0 remain pending
[2019.03.20-11.35.00:158][  0]LogContentBrowser: Native class hierarchy updated for 'AddContentDialog' in 0.0003 seconds. Added 0 classes and 0 folders.
[2019.03.20-11.35.00:172][  0]LogContentBrowser: Native class hierarchy updated for 'SceneOutliner' in 0.0004 seconds. Added 1 classes and 2 folders.
[2019.03.20-11.35.00:409][  0]LogSlate: Took 0.006233 seconds to synchronously load lazily loaded font '../../../Engine/Content/Slate/Fonts/Roboto-Regular.ttf' (155K)
[2019.03.20-11.35.00:421][  0]LogSlate: Took 0.007109 seconds to synchronously load lazily loaded font '../../../Engine/Content/Slate/Fonts/Roboto-Bold.ttf' (160K)
[2019.03.20-11.35.00:436][  0]LogSlate: Took 0.006151 seconds to synchronously load lazily loaded font '../../../Engine/Content/Editor/Slate/Fonts/FontAwesome.ttf' (139K)
[2019.03.20-11.35.00:630][  0]LogRenderer: Reallocating scene render targets to support 1004x456 Format 10 NumSamples 1 (Frame:1).
[2019.03.20-11.35.01:012][  0]LogContentBrowser: Native class hierarchy updated for 'HierarchicalLODOutliner' in 0.0004 seconds. Added 0 classes and 0 folders.
[2019.03.20-11.35.01:012][  0]LogLoad: (Engine Initialization) Total time: 32.47 seconds
[2019.03.20-11.35.01:012][  0]LogLoad: (Engine Initialization) Total Blueprint compile time: 0.00 seconds
[2019.03.20-11.35.01:105][  0]LogContentStreaming: Texture pool size now 1000 MB
[2019.03.20-11.35.01:669][  2]LogD3D11RHI: Timed out while waiting for GPU to catch up. (0.5 s)
[2019.03.20-11.35.01:696][  2]LogAssetRegistry: Asset discovery search completed in 15.4530 seconds
[2019.03.20-11.35.01:698][  2]LogCollectionManager: Rebuilt the object cache for 0 collections in 0.000000 seconds (found 0 objects)
[2019.03.20-11.35.01:698][  2]LogCollectionManager: Fixed up redirectors for 0 collections in 0.000055 seconds (updated 0 objects)
[2019.03.20-11.35.03:005][  4]LogSlate: Took 0.006357 seconds to synchronously load lazily loaded font '../../../Engine/Content/Slate/Fonts/Roboto-Light.ttf' (167K)
[2019.03.20-11.35.05:352][ 11]LogSlate: Took 0.000204 seconds to synchronously load lazily loaded font '../../../Engine/Content/Slate/Fonts/Roboto-Light.ttf' (167K)
[2019.03.20-11.35.09:314][ 72]LogSlate: FSceneViewport::OnFocusLost() reason 0
[2019.03.20-11.35.09:386][ 75]LogSlate: Window 'Plugins' being destroyed
[2019.03.20-11.35.09:391][ 75]LogSlate: Window 'Plugins' being destroyed
[2019.03.20-11.35.09:391][ 75]LogDirectoryWatcher: A directory notification for '../../../Engine/Plugins/' was aborted.
[2019.03.20-11.35.10:146][102]LogSlate: FSceneViewport::OnFocusLost() reason 0
[2019.03.20-11.35.10:204][104]LogTemp: Repeating last play command: Standalone Game
[2019.03.20-11.35.20:798][262]LogD3D11RHI: Timed out while waiting for GPU to catch up. (0.5 s)
[2019.03.20-11.35.21:300][263]LogD3D11RHI: Timed out while waiting for GPU to catch up. (0.5 s)
[2019.03.20-11.35.37:571][355]LogTemp: Repeating last play command: Standalone Game
[2019.03.20-11.35.47:896][504]LogD3D11RHI: Timed out while waiting for GPU to catch up. (0.5 s)
[2019.03.20-11.35.48:398][505]LogD3D11RHI: Timed out while waiting for GPU to catch up. (0.5 s)
[2019.03.20-11.36.55:623][568]LogTemp: Repeating last play command: Standalone Game
[2019.03.20-11.37.05:485][702]LogD3D11RHI: Timed out while waiting for GPU to catch up. (0.5 s)
[2019.03.20-11.37.05:987][703]LogD3D11RHI: Timed out while waiting for GPU to catch up. (0.5 s)
[2019.03.20-11.37.45:491][885]LogAssetEditorManager: Opening Asset editor for Blueprint /Game/PixelCharacters/PixelFarm_Farmer.PixelFarm_Farmer
[2019.03.20-11.37.46:732][885]LogContentBrowser: Native class hierarchy updated for 'BlueprintGraph' in 0.0008 seconds. Added 117 classes and 0 folders.
[2019.03.20-11.37.48:376][885]LogSlate: Took 0.008579 seconds to synchronously load lazily loaded font '../../../Engine/Content/Slate/Fonts/Roboto-BoldCondensed.ttf' (158K)
[2019.03.20-11.37.52:448][968]LogSlate: Took 0.006142 seconds to synchronously load lazily loaded font '../../../Engine/Content/Slate/Fonts/Roboto-Italic.ttf' (157K)
[2019.03.20-11.38.26:825][ 35]BlueprintLog: New page: Compile PixelFarm_Farmer
[2019.03.20-11.38.27:811][ 36]LogSavePackage: Moving '../../../../../../Users/joey.JOEY-PC/Documents/Unreal Projects/PixelArcade/PixelArcade/Saved/PixelFarm_Farmer113E1EDB4CAA3DF5E3F12283EEE9582D.tmp' to '../../../../../../Users/joey.JOEY-PC/Documents/Unreal Projects/PixelArcade/PixelArcade/Content/PixelCharacters/PixelFarm_Farmer.uasset'
[2019.03.20-11.40.07:155][974]BlueprintLog: New page: Compile PixelFarm_Farmer
[2019.03.20-11.40.10:885][ 62]LogTemp: Repeating last play command: Standalone Game
[2019.03.20-11.40.12:027][ 62]LogSlate: Window 'Save Content' being destroyed
[2019.03.20-11.40.12:287][ 62]LogSavePackage: Moving '../../../../../../Users/joey.JOEY-PC/Documents/Unreal Projects/PixelArcade/PixelArcade/Saved/PixelFarm_FarmerA6FFA5BF4EB6FCCC62B11A9B6693086B.tmp' to '../../../../../../Users/joey.JOEY-PC/Documents/Unreal Projects/PixelArcade/PixelArcade/Content/PixelCharacters/PixelFarm_Farmer.uasset'
[2019.03.20-11.40.24:345][204]LogD3D11RHI: Timed out while waiting for GPU to catch up. (0.5 s)
[2019.03.20-11.41.41:933][592]BlueprintLog: New page: Compile PixelFarm_Farmer
[2019.03.20-11.41.43:099][603]LogSavePackage: Moving '../../../../../../Users/joey.JOEY-PC/Documents/Unreal Projects/PixelArcade/PixelArcade/Saved/PixelFarm_FarmerA5DA1E3246DD130E4A5C448F6A5B3DE8.tmp' to '../../../../../../Users/joey.JOEY-PC/Documents/Unreal Projects/PixelArcade/PixelArcade/Content/PixelCharacters/PixelFarm_Farmer.uasset'
[2019.03.20-11.41.58:754][185]BlueprintLog: New page: Compile PixelFarm_Farmer
[2019.03.20-11.41.59:600][186]LogSavePackage: Moving '../../../../../../Users/joey.JOEY-PC/Documents/Unreal Projects/PixelArcade/PixelArcade/Saved/PixelFarm_Farmer663C284A4D0C821B02E71C9FE1FA60F5.tmp' to '../../../../../../Users/joey.JOEY-PC/Documents/Unreal Projects/PixelArcade/PixelArcade/Content/PixelCharacters/PixelFarm_Farmer.uasset'
[2019.03.20-11.42.00:723][220]LogTemp: Repeating last play command: Standalone Game
[2019.03.20-11.42.11:842][360]LogD3D11RHI: Timed out while waiting for GPU to catch up. (0.5 s)
[2019.03.20-11.42.12:345][361]LogD3D11RHI: Timed out while waiting for GPU to catch up. (0.5 s)
[2019.03.20-11.43.30:249][971]LogSavePackage: Moving '../../../../../../Users/joey.JOEY-PC/Documents/Unreal Projects/PixelArcade/PixelArcade/Saved/PixelFarm_Farmer3D7EF5E442E8E3D951573A9C8339F974.tmp' to '../../../../../../Users/joey.JOEY-PC/Documents/Unreal Projects/PixelArcade/PixelArcade/Content/PixelCharacters/PixelFarm_Farmer.uasset'
[2019.03.20-11.43.32:872][ 72]LogSlate: Window 'PixelFarm_Farmer' being destroyed
[2019.03.20-11.43.32:879][ 72]LogSlate: Window 'PixelFarm_Farmer' being destroyed
[2019.03.20-11.43.37:516][197]LogAssetEditorManager: Opening Asset editor for Blueprint /Game/PixelActors/PixelFarm/Actor_Carrot.Actor_Carrot
[2019.03.20-11.43.48:276][503]BlueprintLog: New page: Compile Actor_Carrot
[2019.03.20-11.43.49:128][508]LogSavePackage: Moving '../../../../../../Users/joey.JOEY-PC/Documents/Unreal Projects/PixelArcade/PixelArcade/Saved/Actor_Carrot1D5A94024FB9523C062F08AF239F7E62.tmp' to '../../../../../../Users/joey.JOEY-PC/Documents/Unreal Projects/PixelArcade/PixelArcade/Content/PixelActors/PixelFarm/Actor_Carrot.uasset'
[2019.03.20-11.43.53:748][654]LogSlate: Window 'Actor_Carrot' being destroyed
[2019.03.20-11.43.53:757][654]LogSlate: Window 'Actor_Carrot' being destroyed
[2019.03.20-11.43.54:976][694]LogSlate: Window 'PixelArcade - Unreal Editor' being destroyed
[2019.03.20-11.43.54:977][694]LogWindowsTextInputMethodSystem: Display: IME system now deactivated.
[2019.03.20-11.43.55:213][695]Cmd: QUIT_EDITOR
[2019.03.20-11.43.55:280][695]LogExit: Preparing to exit.
[2019.03.20-11.43.56:421][695]LogExit: Editor shut down
[2019.03.20-11.43.56:421][695]LogExit: Transaction tracking system shut down
[2019.03.20-11.43.56:754][695]LogExit: Object subsystem successfully closed.
[2019.03.20-11.43.56:781][695]LogShaderCompilers: Display: Shaders left to compile 0
[2019.03.20-11.43.56:786][695]LogD3D11RHI: Shutdown
[2019.03.20-11.43.56:786][695]LogD3D11RHI: CleanupD3DDevice
[2019.03.20-11.43.56:788][695]LogD3D11RHI: ~FD3D11DynamicRHI
[2019.03.20-11.43.56:834][695]LogModuleManager: Shutting down and abandoning module BlueprintGraph (628)
[2019.03.20-11.43.56:834][695]LogModuleManager: Shutting down and abandoning module HierarchicalLODOutliner (626)
[2019.03.20-11.43.56:834][695]LogModuleManager: Shutting down and abandoning module SceneOutliner (624)
[2019.03.20-11.43.56:834][695]LogModuleManager: Shutting down and abandoning module AddContentDialog (622)
[2019.03.20-11.43.56:834][695]LogModuleManager: Shutting down and abandoning module WidgetCarousel (621)
[2019.03.20-11.43.56:834][695]LogModuleManager: Shutting down and abandoning module EditorWidgets (618)
[2019.03.20-11.43.56:834][695]LogModuleManager: Shutting down and abandoning module CollectionManager (616)
[2019.03.20-11.43.56:835][695]LogModuleManager: Shutting down and abandoning module StatsViewer (614)
[2019.03.20-11.43.56:835][695]LogModuleManager: Shutting down and abandoning module FoliageEdit (612)
[2019.03.20-11.43.56:835][695]LogModuleManager: Shutting down and abandoning module LandscapeEditor (610)
[2019.03.20-11.43.56:836][695]LogModuleManager: Shutting down and abandoning module MeshPaintMode (608)
[2019.03.20-11.43.56:836][695]LogModuleManager: Shutting down and abandoning module SceneDepthPickerMode (606)
[2019.03.20-11.43.56:836][695]LogModuleManager: Shutting down and abandoning module ActorPickerMode (604)
[2019.03.20-11.43.56:837][695]LogModuleManager: Shutting down and abandoning module GeometryMode (602)
[2019.03.20-11.43.56:837][695]LogModuleManager: Shutting down and abandoning module TextureAlignMode (600)
[2019.03.20-11.43.56:837][695]LogModuleManager: Shutting down and abandoning module BspMode (598)
[2019.03.20-11.43.56:837][695]LogModuleManager: Shutting down and abandoning module PIEPreviewDeviceProfileSelector (596)
[2019.03.20-11.43.56:837][695]LogModuleManager: Shutting down and abandoning module SequenceRecorderSections (594)
[2019.03.20-11.43.56:837][695]LogModuleManager: Shutting down and abandoning module AutomationWorker (592)
[2019.03.20-11.43.56:837][695]LogModuleManager: Shutting down and abandoning module AudioCaptureEditor (590)
[2019.03.20-11.43.56:837][695]LogModuleManager: Shutting down and abandoning module MatineeToLevelSequence (588)
[2019.03.20-11.43.56:837][695]LogModuleManager: Shutting down and abandoning module LevelSequenceEditor (586)
[2019.03.20-11.43.56:837][695]LogModuleManager: Shutting down and abandoning module PlacementMode (585)
[2019.03.20-11.43.56:837][695]LogModuleManager: Shutting down and abandoning module MaterialEditor (584)
[2019.03.20-11.43.56:838][695]LogModuleManager: Shutting down and abandoning module WmfMediaFactory (580)
[2019.03.20-11.43.56:838][695]LogModuleManager: Shutting down and abandoning module WmfMediaEditor (578)
[2019.03.20-11.43.56:838][695]LogModuleManager: Shutting down and abandoning module WebMMediaFactory (576)
[2019.03.20-11.43.56:838][695]LogModuleManager: Shutting down and abandoning module WebMMediaEditor (574)
[2019.03.20-11.43.56:838][695]LogModuleManager: Shutting down and abandoning module WebMMedia (572)
[2019.03.20-11.43.56:838][695]LogModuleManager: Shutting down and abandoning module MediaPlayerEditor (570)
[2019.03.20-11.43.56:838][695]LogModuleManager: Shutting down and abandoning module MediaCompositingEditor (568)
[2019.03.20-11.43.56:838][695]LogModuleManager: Shutting down and abandoning module SequenceRecorder (567)
[2019.03.20-11.43.56:838][695]LogModuleManager: Shutting down and abandoning module OpenExrWrapper (564)
[2019.03.20-11.43.56:838][695]LogModuleManager: Shutting down and abandoning module ImgMediaFactory (562)
[2019.03.20-11.43.56:838][695]LogModuleManager: Shutting down and abandoning module ImgMediaEditor (560)
[2019.03.20-11.43.56:838][695]LogModuleManager: Shutting down and abandoning module AvfMediaFactory (558)
[2019.03.20-11.43.56:838][695]LogModuleManager: Shutting down and abandoning module AvfMediaEditor (556)
[2019.03.20-11.43.56:838][695]LogModuleManager: Shutting down and abandoning module AndroidMediaFactory (554)
[2019.03.20-11.43.56:838][695]LogModuleManager: Shutting down and abandoning module AndroidMediaEditor (552)
[2019.03.20-11.43.56:838][695]LogModuleManager: Shutting down and abandoning module MagicLeapCameraPreviewFactory (550)
[2019.03.20-11.43.56:838][695]LogModuleManager: Shutting down and abandoning module MagicLeapMediaFactory (548)
[2019.03.20-11.43.56:838][695]LogModuleManager: Shutting down and abandoning module MagicLeapMediaEditor (546)
[2019.03.20-11.43.56:838][695]LogModuleManager: Shutting down and abandoning module CharacterAI (544)
[2019.03.20-11.43.56:838][695]LogModuleManager: Shutting down and abandoning module SmartSnapping (542)
[2019.03.20-11.43.56:838][695]LogModuleManager: Shutting down and abandoning module SessionServices (540)
[2019.03.20-11.43.56:838][695]LogModuleManager: Shutting down and abandoning module ViewportSnapping (538)
[2019.03.20-11.43.56:838][695]LogModuleManager: Shutting down and abandoning module ViewportInteraction (536)
[2019.03.20-11.43.56:839][695]LogModuleManager: Shutting down and abandoning module ClothPainter (534)
[2019.03.20-11.43.56:839][695]LogModuleManager: Shutting down and abandoning module SkeletalMeshEditor (533)
[2019.03.20-11.43.56:840][695]LogModuleManager: Shutting down and abandoning module LogVisualizer (530)
[2019.03.20-11.43.56:841][695]LogModuleManager: Shutting down and abandoning module IntroTutorials (528)
[2019.03.20-11.43.56:841][695]LogModuleManager: Shutting down and abandoning module GameProjectGeneration (527)
[2019.03.20-11.43.56:841][695]LogModuleManager: Shutting down and abandoning module LuminPlatformEditor (524)
[2019.03.20-11.43.56:842][695]LogModuleManager: Shutting down and abandoning module IOSPlatformEditor (522)
[2019.03.20-11.43.56:842][695]LogModuleManager: Shutting down and abandoning module HTML5PlatformEditor (520)
[2019.03.20-11.43.56:842][695]LogModuleManager: Shutting down and abandoning module AndroidPlatformEditor (518)
[2019.03.20-11.43.56:842][695]LogModuleManager: Shutting down and abandoning module AndroidDeviceDetection (517)
[2019.03.20-11.43.56:909][695]LogModuleManager: Shutting down and abandoning module WindowsPlatformEditor (514)
[2019.03.20-11.43.56:909][695]LogModuleManager: Shutting down and abandoning module LuminRuntimeSettings (512)
[2019.03.20-11.43.56:909][695]LogModuleManager: Shutting down and abandoning module IOSRuntimeSettings (510)
[2019.03.20-11.43.56:910][695]LogModuleManager: Shutting down and abandoning module AndroidRuntimeSettings (508)
[2019.03.20-11.43.56:910][695]LogModuleManager: Shutting down and abandoning module TimeManagementEditor (506)
[2019.03.20-11.43.56:910][695]LogModuleManager: Shutting down and abandoning module InputBindingEditor (504)
[2019.03.20-11.43.56:910][695]LogModuleManager: Shutting down and abandoning module MergeActors (502)
[2019.03.20-11.43.56:910][695]LogModuleManager: Shutting down and abandoning module LocalizationDashboard (500)
[2019.03.20-11.43.56:910][695]LogModuleManager: Shutting down and abandoning module LocalizationService (499)
[2019.03.20-11.43.56:910][695]LogModuleManager: Shutting down and abandoning module HardwareTargeting (496)
[2019.03.20-11.43.56:910][695]LogModuleManager: Shutting down and abandoning module DeviceProfileEditor (494)
[2019.03.20-11.43.56:910][695]LogModuleManager: Shutting down and abandoning module UndoHistory (492)
[2019.03.20-11.43.56:910][695]LogModuleManager: Shutting down and abandoning module XmlParser (490)
[2019.03.20-11.43.56:910][695]LogModuleManager: Shutting down and abandoning module Blutility (488)
[2019.03.20-11.43.56:910][695]LogModuleManager: Shutting down and abandoning module ProjectSettingsViewer (486)
[2019.03.20-11.43.56:910][695]LogModuleManager: Shutting down and abandoning module ProjectTargetPlatformEditor (485)
[2019.03.20-11.43.56:911][695]LogModuleManager: Shutting down and abandoning module EditorSettingsViewer (482)
[2019.03.20-11.43.56:911][695]LogModuleManager: Shutting down and abandoning module SettingsEditor (480)
[2019.03.20-11.43.56:911][695]LogModuleManager: Shutting down and abandoning module ProjectLauncher (478)
[2019.03.20-11.43.56:911][695]LogModuleManager: Shutting down and abandoning module SessionFrontend (476)
[2019.03.20-11.43.56:911][695]LogModuleManager: Shutting down and abandoning module ProfilerClient (474)
[2019.03.20-11.43.56:912][695]LogModuleManager: Shutting down and abandoning module DeviceManager (472)
[2019.03.20-11.43.56:912][695]LogModuleManager: Shutting down and abandoning module TargetDeviceServices (471)
[2019.03.20-11.43.56:966][695]LogModuleManager: Shutting down and abandoning module AutomationController (468)
[2019.03.20-11.43.56:966][695]LogModuleManager: Shutting down and abandoning module AutomationWindow (466)
[2019.03.20-11.43.56:968][695]LogModuleManager: Shutting down and abandoning module Layers (464)
[2019.03.20-11.43.56:970][695]LogModuleManager: Shutting down and abandoning module ComponentVisualizers (462)
[2019.03.20-11.43.56:970][695]LogModuleManager: Shutting down and abandoning module DetailCustomizations (460)
[2019.03.20-11.43.56:970][695]LogModuleManager: Shutting down and abandoning module PackagesDialog (458)
[2019.03.20-11.43.56:970][695]LogModuleManager: Shutting down and abandoning module Persona (456)
[2019.03.20-11.43.56:971][695]LogModuleManager: Shutting down and abandoning module AdvancedPreviewScene (455)
[2019.03.20-11.43.56:971][695]LogModuleManager: Shutting down and abandoning module AnimGraph (453)
[2019.03.20-11.43.56:971][695]LogModuleManager: Shutting down and abandoning module Kismet (450)
[2019.03.20-11.43.56:975][695]LogModuleManager: Shutting down and abandoning module GraphEditor (448)
[2019.03.20-11.43.56:975][695]LogModuleManager: Shutting down and abandoning module ClassViewer (446)
[2019.03.20-11.43.56:975][695]LogModuleManager: Shutting down and abandoning module Toolbox (444)
[2019.03.20-11.43.56:975][695]LogModuleManager: Shutting down and abandoning module ModuleUI (442)
[2019.03.20-11.43.56:976][695]LogModuleManager: Shutting down and abandoning module MovieSceneTools (440)
[2019.03.20-11.43.56:976][695]LogModuleManager: Shutting down and abandoning module OutputLog (438)
[2019.03.20-11.43.56:976][695]LogModuleManager: Shutting down and abandoning module GammaUI (436)
[2019.03.20-11.43.56:977][695]LogModuleManager: Shutting down and abandoning module Documentation (434)
[2019.03.20-11.43.56:977][695]LogModuleManager: Shutting down and abandoning module MovieSceneTracks (432)
[2019.03.20-11.43.56:977][695]LogModuleManager: Shutting down and abandoning module MovieScene (430)
[2019.03.20-11.43.56:977][695]LogModuleManager: Shutting down and abandoning module StreamingPauseRendering (428)
[2019.03.20-11.43.56:977][695]LogModuleManager: Shutting down and abandoning module LauncherPlatform (426)
[2019.03.20-11.43.56:977][695]LogModuleManager: Shutting down and abandoning module AnalyticsET (424)
[2019.03.20-11.43.56:977][695]LogModuleManager: Shutting down and abandoning module PortalServices (422)
[2019.03.20-11.43.56:977][695]LogModuleManager: Shutting down and abandoning module PortalRpc (420)
[2019.03.20-11.43.56:977][695]LogModuleManager: Shutting down and abandoning module MessagingRpc (418)
[2019.03.20-11.43.56:977][695]LogModuleManager: Shutting down and abandoning module AIModule (416)
[2019.03.20-11.43.56:977][695]LogModuleManager: Shutting down and abandoning module GameplayDebugger (415)
[2019.03.20-11.43.56:977][695]LogModuleManager: Shutting down and abandoning module AITestSuite (413)
[2019.03.20-11.43.56:977][695]LogModuleManager: Shutting down and abandoning module NavigationSystem (411)
[2019.03.20-11.43.56:977][695]LogModuleManager: Shutting down and abandoning module DesktopPlatform (408)
[2019.03.20-11.43.56:977][695]LogModuleManager: Shutting down and abandoning module ImageWriteQueue (406)
[2019.03.20-11.43.56:980][695]LogModuleManager: Shutting down and abandoning module ProfilerService (404)
[2019.03.20-11.43.56:987][695]LogModuleManager: Shutting down and abandoning module TaskGraph (402)
[2019.03.20-11.43.56:987][695]LogModuleManager: Shutting down and abandoning module SteamVRController (400)
[2019.03.20-11.43.56:987][695]LogModuleManager: Shutting down and abandoning module ProceduralMeshComponentEditor (398)
[2019.03.20-11.43.56:987][695]LogModuleManager: Shutting down and abandoning module ProceduralMeshComponent (396)
[2019.03.20-11.43.56:987][695]LogModuleManager: Shutting down and abandoning module OculusInput (394)
[2019.03.20-11.43.56:987][695]LogModuleManager: Shutting down and abandoning module MobilePatchingUtils (392)
[2019.03.20-11.43.56:987][695]LogModuleManager: Shutting down and abandoning module EditableMesh (390)
[2019.03.20-11.43.56:987][695]LogModuleManager: Shutting down and abandoning module CustomMeshComponent (388)
[2019.03.20-11.43.56:987][695]LogModuleManager: Shutting down and abandoning module CableComponent (386)
[2019.03.20-11.43.56:987][695]LogModuleManager: Shutting down and abandoning module AudioCapture (384)
[2019.03.20-11.43.56:987][695]LogModuleManager: Shutting down and abandoning module ArchVisCharacter (382)
[2019.03.20-11.43.56:987][695]LogModuleManager: Shutting down and abandoning module AndroidPermission (380)
[2019.03.20-11.43.56:988][695]LogModuleManager: Shutting down and abandoning module NUTUnrealEngine4 (378)
[2019.03.20-11.43.56:988][695]LogModuleManager: Shutting down and abandoning module NetcodeUnitTest (376)
[2019.03.20-11.43.56:988][695]LogModuleManager: Shutting down and abandoning module MediaCompositing (374)
[2019.03.20-11.43.56:988][695]LogModuleManager: Shutting down and abandoning module LinearTimecode (372)
[2019.03.20-11.43.56:988][695]LogModuleManager: Shutting down and abandoning module ImgMedia (370)
[2019.03.20-11.43.56:991][695]LogModuleManager: Shutting down and abandoning module SubsystemConfigurator (368)
[2019.03.20-11.43.56:991][695]LogModuleManager: Shutting down and abandoning module HTML5Networking (366)
[2019.03.20-11.43.56:991][695]LogModuleManager: Shutting down and abandoning module GeometryCacheTracks (364)
[2019.03.20-11.43.56:991][695]LogModuleManager: Shutting down and abandoning module GeometryCacheSequencer (362)
[2019.03.20-11.43.56:991][695]LogModuleManager: Shutting down and abandoning module BackChannel (360)
[2019.03.20-11.43.56:991][695]LogModuleManager: Shutting down and abandoning module AppleVision (358)
[2019.03.20-11.43.56:991][695]LogModuleManager: Shutting down and abandoning module AppleImageUtilsBlueprintSupport (356)
[2019.03.20-11.43.56:991][695]LogModuleManager: Shutting down and abandoning module AppleImageUtils (354)
[2019.03.20-11.43.56:991][695]LogModuleManager: Shutting down and abandoning module AlembicImporter (352)
[2019.03.20-11.43.56:992][695]LogModuleManager: Shutting down and abandoning module AlembicLibrary (351)
[2019.03.20-11.43.56:992][695]LogModuleManager: Shutting down and abandoning module GeometryCache (350)
[2019.03.20-11.43.56:992][695]LogModuleManager: Shutting down and abandoning module GeometryCacheEd (349)
[2019.03.20-11.43.56:992][695]LogModuleManager: Shutting down and abandoning module VariantManagerContent (344)
[2019.03.20-11.43.56:992][695]LogModuleManager: Shutting down and abandoning module DatasmithContentEditor (342)
[2019.03.20-11.43.56:992][695]LogModuleManager: Shutting down and abandoning module SpeedTreeImporter (340)
[2019.03.20-11.43.56:992][695]LogModuleManager: Shutting down and abandoning module PluginBrowser (338)
[2019.03.20-11.43.56:992][695]LogModuleManager: Shutting down and abandoning module MobileLauncherProfileWizard (336)
[2019.03.20-11.43.56:992][695]LogModuleManager: Shutting down and abandoning module PolygonModeling (334)
[2019.03.20-11.43.56:992][695]LogModuleManager: Shutting down and abandoning module MeshEditor (332)
[2019.03.20-11.43.56:992][695]LogModuleManager: Shutting down and abandoning module CryptoKeysOpenSSL (330)
[2019.03.20-11.43.56:992][695]LogModuleManager: Shutting down and abandoning module CryptoKeys (328)
[2019.03.20-11.43.56:992][695]LogModuleManager: Shutting down and abandoning module VisualStudioSourceCodeAccess (326)
[2019.03.20-11.43.56:992][695]LogModuleManager: Shutting down and abandoning module VisualStudioCodeSourceCodeAccess (324)
[2019.03.20-11.43.56:993][695]LogModuleManager: Shutting down and abandoning module UObjectPlugin (322)
[2019.03.20-11.43.56:993][695]LogModuleManager: Shutting down and abandoning module SubversionSourceControl (320)
[2019.03.20-11.43.56:993][695]LogModuleManager: Shutting down and abandoning module PerforceSourceControl (318)
[2019.03.20-11.43.56:993][695]LogModuleManager: Shutting down and abandoning module GitSourceControl (316)
[2019.03.20-11.43.56:993][695]LogModuleManager: Shutting down and abandoning module SourceControl (315)
[2019.03.20-11.43.56:993][695]LogModuleManager: Shutting down and abandoning module CLionSourceCodeAccess (312)
[2019.03.20-11.43.56:993][695]LogModuleManager: Shutting down and abandoning module ActorLayerUtilitiesEditor (310)
[2019.03.20-11.43.56:993][695]LogModuleManager: Shutting down and abandoning module ActorLayerUtilities (308)
[2019.03.20-11.43.56:993][695]LogModuleManager: Shutting down and abandoning module LightPropagationVolumeEditor (306)
[2019.03.20-11.43.56:993][695]LogModuleManager: Shutting down and abandoning module PaperTiledImporter (304)
[2019.03.20-11.43.56:993][695]LogModuleManager: Shutting down and abandoning module PaperSpriteSheetImporter (302)
[2019.03.20-11.43.56:993][695]LogModuleManager: Shutting down and abandoning module Paper2DEditor (300)
[2019.03.20-11.43.56:994][695]LogModuleManager: Shutting down and abandoning module MeshPaint (299)
[2019.03.20-11.43.56:994][695]LogModuleManager: Shutting down and abandoning module RuntimePhysXCooking (296)
[2019.03.20-11.43.56:994][695]LogModuleManager: Shutting down and abandoning module PhysXVehiclesEditor (294)
[2019.03.20-11.43.56:994][695]LogModuleManager: Shutting down and abandoning module PhysXVehicles (292)
[2019.03.20-11.43.56:994][695]LogModuleManager: Shutting down and abandoning module OculusEditor (290)
[2019.03.20-11.43.56:994][695]LogModuleManager: Shutting down and abandoning module LocationServicesBPLibrary (288)
[2019.03.20-11.43.56:994][695]LogModuleManager: Shutting down and abandoning module ActorSequence (286)
[2019.03.20-11.43.56:994][695]LogModuleManager: Shutting down and abandoning module UdpMessaging (284)
[2019.03.20-11.43.57:095][695]LogModuleManager: Shutting down and abandoning module TcpMessaging (282)
[2019.03.20-11.43.57:349][695]LogModuleManager: Shutting down and abandoning module MagicLeapAudio (280)
[2019.03.20-11.43.57:350][695]LogModuleManager: Shutting down and abandoning module GameplayTagsEditor (278)
[2019.03.20-11.43.57:350][695]LogModuleManager: Shutting down and abandoning module FacialAnimationEditor (276)
[2019.03.20-11.43.57:350][695]LogModuleManager: Shutting down and abandoning module FacialAnimation (274)
[2019.03.20-11.43.57:350][695]LogModuleManager: Shutting down and abandoning module DataValidation (272)
[2019.03.20-11.43.57:350][695]LogModuleManager: Shutting down and abandoning module AssetManagerEditor (270)
[2019.03.20-11.43.57:350][695]LogModuleManager: Shutting down and abandoning module LevelEditor (269)
[2019.03.20-11.43.57:351][695]LogModuleManager: Shutting down and abandoning module PixelInspectorModule (268)
[2019.03.20-11.43.57:351][695]LogModuleManager: Shutting down and abandoning module CommonMenuExtensions (266)
[2019.03.20-11.43.57:351][695]LogModuleManager: Shutting down and abandoning module MainFrame (264)
[2019.03.20-11.43.57:351][695]LogModuleManager: Shutting down and abandoning module HotReload (263)
[2019.03.20-11.43.57:351][695]LogModuleManager: Shutting down and abandoning module ContentBrowser (259)
[2019.03.20-11.43.57:352][695]LogModuleManager: Shutting down and abandoning module TreeMap (257)
[2019.03.20-11.43.57:352][695]LogModuleManager: Shutting down and abandoning module LightPropagationVolumeRuntime (254)
[2019.03.20-11.43.57:352][695]LogModuleManager: Shutting down and abandoning module AISupportModule (252)
[2019.03.20-11.43.57:352][695]LogModuleManager: Shutting down and abandoning module Paper2D (250)
[2019.03.20-11.43.57:352][695]LogModuleManager: Shutting down and abandoning module WindowsMoviePlayer (248)
[2019.03.20-11.43.57:352][695]LogModuleManager: Shutting down and abandoning module WebMMoviePlayer (246)
[2019.03.20-11.43.57:353][695]LogModuleManager: Shutting down and abandoning module WmfMedia (244)
[2019.03.20-11.43.57:354][695]LogModuleManager: Shutting down and abandoning module Media (243)
[2019.03.20-11.43.57:360][695]LogModuleManager: Shutting down and abandoning module PacketHandler (240)
[2019.03.20-11.43.57:360][695]LogModuleManager: Shutting down and abandoning module ClothingSystemEditor (238)
[2019.03.20-11.43.57:360][695]LogModuleManager: Shutting down and abandoning module ClothingSystemRuntime (236)
[2019.03.20-11.43.57:360][695]LogModuleManager: Shutting down and abandoning module MediaAssets (234)
[2019.03.20-11.43.57:360][695]LogModuleManager: Shutting down and abandoning module Overlay (232)
[2019.03.20-11.43.57:360][695]LogModuleManager: Shutting down and abandoning module OverlayEditor (231)
[2019.03.20-11.43.57:360][695]LogModuleManager: Shutting down and abandoning module VREditor (228)
[2019.03.20-11.43.57:360][695]LogModuleManager: Shutting down and abandoning module StringTableEditor (226)
[2019.03.20-11.43.57:360][695]LogModuleManager: Shutting down and abandoning module GameplayTasksEditor (224)
[2019.03.20-11.43.57:360][695]LogModuleManager: Shutting down and abandoning module BehaviorTreeEditor (222)
[2019.03.20-11.43.57:360][695]LogModuleManager: Shutting down and abandoning module FunctionalTesting (220)
[2019.03.20-11.43.57:360][695]LogModuleManager: Shutting down and abandoning module CollisionAnalyzer (218)
[2019.03.20-11.43.57:360][695]LogModuleManager: Shutting down and abandoning module WorkspaceMenuStructure (217)
[2019.03.20-11.43.57:360][695]LogModuleManager: Shutting down and abandoning module UMG (214)
[2019.03.20-11.43.57:361][695]LogModuleManager: Shutting down and abandoning module UMGEditor (213)
[2019.03.20-11.43.57:361][695]LogModuleManager: Shutting down and abandoning module Sequencer (212)
[2019.03.20-11.43.57:361][695]LogModuleManager: Shutting down and abandoning module MessageLog (209)
[2019.03.20-11.43.57:361][695]LogModuleManager: Shutting down and abandoning module SlateReflector (204)
[2019.03.20-11.43.57:361][695]LogModuleManager: Shutting down and abandoning module Slate (202)
[2019.03.20-11.43.57:361][695]LogModuleManager: Shutting down and abandoning module EditorStyle (200)
[2019.03.20-11.43.57:363][695]LogModuleManager: Shutting down and abandoning module MRMesh (198)
[2019.03.20-11.43.57:363][695]LogModuleManager: Shutting down and abandoning module SourceCodeAccess (196)
[2019.03.20-11.43.57:363][695]LogModuleManager: Shutting down and abandoning module HeadMountedDisplay (194)
[2019.03.20-11.43.57:363][695]LogModuleManager: Shutting down and abandoning module XAudio2 (192)
[2019.03.20-11.43.57:363][695]LogModuleManager: Shutting down and abandoning module Networking (190)
[2019.03.20-11.43.57:363][695]LogModuleManager: Shutting down and abandoning module Core (188)
[2019.03.20-11.43.57:363][695]LogModuleManager: Shutting down and abandoning module LevelSequence (186)
[2019.03.20-11.43.57:363][695]LogModuleManager: Shutting down and abandoning module KismetCompiler (184)
[2019.03.20-11.43.57:363][695]LogModuleManager: Shutting down and abandoning module MeshUtilities (182)
[2019.03.20-11.43.57:363][695]LogModuleManager: Shutting down and abandoning module MeshMergeUtilities (181)
[2019.03.20-11.43.57:363][695]LogModuleManager: Shutting down and abandoning module MeshReductionInterface (180)
[2019.03.20-11.43.57:363][695]LogModuleManager: Shutting down and abandoning module SimplygonSwarm (179)
[2019.03.20-11.43.57:363][695]LogModuleManager: Shutting down and abandoning module ProxyLODMeshReduction (177)
[2019.03.20-11.43.57:363][695]LogModuleManager: Shutting down and abandoning module SimplygonMeshReduction (175)
[2019.03.20-11.43.57:363][695]LogModuleManager: Shutting down and abandoning module QuadricMeshReduction (173)
[2019.03.20-11.43.57:363][695]LogModuleManager: Shutting down and abandoning module MaterialBaking (169)
[2019.03.20-11.43.57:364][695]LogModuleManager: Shutting down and abandoning module DirectoryWatcher (165)
[2019.03.20-11.43.57:364][695]LogModuleManager: Shutting down and abandoning module DerivedDataCache (162)
[2019.03.20-11.43.57:415][695]LogDerivedDataCache: Shutdown
[2019.03.20-11.43.57:415][695]LogModuleManager: Shutting down and abandoning module XGEController (160)
[2019.03.20-11.43.57:415][695]LogXGEController: Cleaning working directory: C:/Users/joey.JOEY-PC/AppData/Local/Temp/UnrealXGEWorkingDir/
[2019.03.20-11.43.57:415][695]LogModuleManager: Shutting down and abandoning module TargetPlatform (158)
[2019.03.20-11.43.57:415][695]LogModuleManager: Shutting down and abandoning module VulkanShaderFormat (157)
[2019.03.20-11.43.57:415][695]LogModuleManager: Shutting down and abandoning module ShaderFormatVectorVM (155)
[2019.03.20-11.43.57:415][695]LogModuleManager: Shutting down and abandoning module ShaderFormatOpenGL (153)
[2019.03.20-11.43.57:415][695]LogModuleManager: Shutting down and abandoning module ShaderFormatD3D (151)
[2019.03.20-11.43.57:415][695]LogModuleManager: Shutting down and abandoning module MetalShaderFormat (149)
[2019.03.20-11.43.57:416][695]LogModuleManager: Shutting down and abandoning module TextureFormatUncompressed (147)
[2019.03.20-11.43.57:416][695]LogModuleManager: Shutting down and abandoning module TextureFormatPVR (145)
[2019.03.20-11.43.57:416][695]LogModuleManager: Shutting down and abandoning module TextureFormatDXT (143)
[2019.03.20-11.43.57:416][695]LogModuleManager: Shutting down and abandoning module TextureFormatIntelISPCTexComp (141)
[2019.03.20-11.43.57:416][695]LogModuleManager: Shutting down and abandoning module TextureFormatASTC (139)
[2019.03.20-11.43.57:416][695]LogModuleManager: Shutting down and abandoning module ImageWrapper (138)
[2019.03.20-11.43.57:416][695]LogModuleManager: Shutting down and abandoning module TextureFormatAndroid (135)
[2019.03.20-11.43.57:416][695]LogModuleManager: Shutting down and abandoning module AudioFormatOpus (133)
[2019.03.20-11.43.57:416][695]LogModuleManager: Shutting down and abandoning module AudioFormatOgg (131)
[2019.03.20-11.43.57:416][695]LogModuleManager: Shutting down and abandoning module AudioFormatADPCM (129)
[2019.03.20-11.43.57:416][695]LogModuleManager: Shutting down and abandoning module LuminTargetPlatform (127)
[2019.03.20-11.43.57:417][695]LogModuleManager: Shutting down and abandoning module LinuxTargetPlatform (125)
[2019.03.20-11.43.57:417][695]LogModuleManager: Shutting down and abandoning module LinuxServerTargetPlatform (123)
[2019.03.20-11.43.57:417][695]LogModuleManager: Shutting down and abandoning module LinuxNoEditorTargetPlatform (121)
[2019.03.20-11.43.57:417][695]LogModuleManager: Shutting down and abandoning module LinuxClientTargetPlatform (119)
[2019.03.20-11.43.57:417][695]LogModuleManager: Shutting down and abandoning module TVOSTargetPlatform (117)
[2019.03.20-11.43.57:418][695]LogModuleManager: Shutting down and abandoning module Messaging (115)
[2019.03.20-11.43.57:418][695]LogModuleManager: Shutting down and abandoning module IOSTargetPlatform (113)
[2019.03.20-11.43.57:419][695]LogModuleManager: Shutting down and abandoning module HTML5TargetPlatform (111)
[2019.03.20-11.43.57:419][695]LogModuleManager: Shutting down and abandoning module AndroidTargetPlatform (109)
[2019.03.20-11.43.57:425][695]LogModuleManager: Shutting down and abandoning module WindowsTargetPlatform (107)
[2019.03.20-11.43.57:425][695]LogModuleManager: Shutting down and abandoning module WindowsServerTargetPlatform (105)
[2019.03.20-11.43.57:425][695]LogModuleManager: Shutting down and abandoning module WindowsNoEditorTargetPlatform (103)
[2019.03.20-11.43.57:425][695]LogModuleManager: Shutting down and abandoning module WindowsClientTargetPlatform (101)
[2019.03.20-11.43.57:425][695]LogModuleManager: Shutting down and abandoning module MacTargetPlatform (99)
[2019.03.20-11.43.57:425][695]LogModuleManager: Shutting down and abandoning module MacServerTargetPlatform (97)
[2019.03.20-11.43.57:425][695]LogModuleManager: Shutting down and abandoning module MacNoEditorTargetPlatform (95)
[2019.03.20-11.43.57:425][695]LogModuleManager: Shutting down and abandoning module MacClientTargetPlatform (93)
[2019.03.20-11.43.57:425][695]LogModuleManager: Shutting down and abandoning module AllDesktopTargetPlatform (91)
[2019.03.20-11.43.57:425][695]LogModuleManager: Shutting down and abandoning module InputCore (88)
[2019.03.20-11.43.57:425][695]LogModuleManager: Shutting down and abandoning module Settings (86)
[2019.03.20-11.43.57:425][695]LogModuleManager: Shutting down and abandoning module PhysXCooking (84)
[2019.03.20-11.43.57:425][695]LogModuleManager: Shutting down and abandoning module SteamVR (82)
[2019.03.20-11.43.57:425][695]LogHMD: Freeing OpenVRDLLHandle.
[2019.03.20-11.43.57:425][695]LogModuleManager: Shutting down and abandoning module OculusHMD (80)
[2019.03.20-11.43.57:425][695]LogModuleManager: Shutting down and abandoning module ExampleDeviceProfileSelector (78)
[2019.03.20-11.43.57:425][695]LogModuleManager: Shutting down and abandoning module LauncherChunkInstaller (76)
[2019.03.20-11.43.57:425][695]LogModuleManager: Shutting down and abandoning module OnlineBlueprintSupport (74)
[2019.03.20-11.43.57:425][695]LogModuleManager: Shutting down and abandoning module OnlineSubsystem (70)
[2019.03.20-11.43.57:427][695]LogModuleManager: Shutting down and abandoning module XMPP (63)
[2019.03.20-11.43.57:427][695]LogModuleManager: Shutting down and abandoning module WebSockets (62)
[2019.03.20-11.43.57:442][695]LogModuleManager: Shutting down and abandoning module HTTP (59)
[2019.03.20-11.43.57:442][695]LogHttp: Display: Http module shutting down, but needs to wait on 1 outstanding Http requests:
[2019.03.20-11.43.57:442][695]LogHttp: Display: 	verb=[POST] url=[https://datarouter.ol.epicgames.com/datarouter/api/v1/public/data?SessionID=%7B3D9171BC-4337-ED6D-4DA5-46B64D9A285E%7D&AppID=UEEditor.Rocket.Release&AppVersion=4.21.2-4753647%2B%2B%2BUE4%2BRelease-4.21&UserID=2ff5ed2b4ea7f5724d83e4a8c7a078f7%7C52cd936612ca433ba7244efdbd41ffd6%7C78f223e4-764e-43ef-abb9-045bc1b63efa&AppEnvironment=datacollector-binary&UploadType=eteventstream] status=Processing
[2019.03.20-11.43.57:475][695]LogModuleManager: Shutting down and abandoning module SSL (58)
[2019.03.20-11.43.57:477][695]LogModuleManager: Shutting down and abandoning module MagicLeapIdentity (54)
[2019.03.20-11.43.57:477][695]LogModuleManager: Shutting down and abandoning module MagicLeapHelperVulkan (52)
[2019.03.20-11.43.57:477][695]LogModuleManager: Shutting down and abandoning module MagicLeapHelperOpenGL (50)
[2019.03.20-11.43.57:477][695]LogModuleManager: Shutting down and abandoning module MagicLeapSecureStorage (48)
[2019.03.20-11.43.57:477][695]LogModuleManager: Shutting down and abandoning module MagicLeapHandTracking (46)
[2019.03.20-11.43.57:477][695]LogModuleManager: Shutting down and abandoning module MagicLeapEyeTracker (44)
[2019.03.20-11.43.57:477][695]LogModuleManager: Shutting down and abandoning module MagicLeapController (42)
[2019.03.20-11.43.57:477][695]LogSlate: Slate User Destroyed.  User Index 0, Is Virtual User: 0
[2019.03.20-11.43.57:477][695]LogModuleManager: Shutting down and abandoning module MagicLeap (40)
[2019.03.20-11.43.57:477][695]LogModuleManager: Shutting down and abandoning module DatasmithContent (38)
[2019.03.20-11.43.57:477][695]LogModuleManager: Shutting down and abandoning module AnimationModifiers (36)
[2019.03.20-11.43.57:477][695]LogModuleManager: Shutting down and abandoning module PropertyEditor (35)
[2019.03.20-11.43.57:477][695]LogModuleManager: Shutting down and abandoning module AudioEditor (32)
[2019.03.20-11.43.57:478][695]LogModuleManager: Shutting down and abandoning module TextureCompressor (30)
[2019.03.20-11.43.57:478][695]LogModuleManager: Shutting down and abandoning module ShaderCore (28)
[2019.03.20-11.43.57:478][695]LogModuleManager: Shutting down and abandoning module Landscape (26)
[2019.03.20-11.43.57:478][695]LogModuleManager: Shutting down and abandoning module SlateRHIRenderer (24)
[2019.03.20-11.43.57:478][695]LogModuleManager: Shutting down and abandoning module OpenGLDrv (22)
[2019.03.20-11.43.57:478][695]LogModuleManager: Shutting down and abandoning module D3D11RHI (20)
[2019.03.20-11.43.57:478][695]LogModuleManager: Shutting down and abandoning module AnimGraphRuntime (18)
[2019.03.20-11.43.57:478][695]LogModuleManager: Shutting down and abandoning module Renderer (16)
[2019.03.20-11.43.57:479][695]LogModuleManager: Shutting down and abandoning module Engine (14)
[2019.03.20-11.43.57:479][695]LogModuleManager: Shutting down and abandoning module CoreUObject (12)
[2019.03.20-11.43.57:479][695]LogModuleManager: Shutting down and abandoning module NetworkFile (10)
[2019.03.20-11.43.57:479][695]LogModuleManager: Shutting down and abandoning module CookedIterativeFile (8)
[2019.03.20-11.43.57:479][695]LogModuleManager: Shutting down and abandoning module StreamingFile (6)
[2019.03.20-11.43.57:479][695]LogModuleManager: Shutting down and abandoning module SandboxFile (4)
[2019.03.20-11.43.57:479][695]LogModuleManager: Shutting down and abandoning module PakFile (2)
[2019.03.20-11.43.57:488][695]LogExit: Exiting.
[2019.03.20-11.43.57:499][695]Log file closed, 03/20/19 12:43:57
