Log file open, 03/28/19 11:25:13
LogWindows: Failed to load 'aqProf.dll' (GetLastError=126)
LogWindows: File 'aqProf.dll' does not exist
LogWindows: Failed to load 'VtuneApi.dll' (GetLastError=126)
LogWindows: File 'VtuneApi.dll' does not exist
LogWindows: Failed to load 'VtuneApi32e.dll' (GetLastError=126)
LogWindows: File 'VtuneApi32e.dll' does not exist
LogConsoleResponse: Display: Failed to find resolution value strings in scalability ini. Falling back to default.
LogInit: Display: Running engine for game: PixelArcade
LogPakFile: Registered encryption key '00000000000000000000000000000000': 0 pak files mounted, 0 remain pending
LogPlatformFile: Not using cached read wrapper
LogTaskGraph: Started task graph with 5 named threads and 23 total threads with 3 sets of task threads.
LogStats: Stats thread started at 0.319750
LogD3D11RHI: Loaded GFSDK_Aftermath_Lib.x64.dll
LogICUInternationalization: ICU TimeZone Detection - Raw Offset: +1:00, Platform Override: ''
LogPluginManager: Mounting plugin Paper2D
LogPluginManager: Mounting plugin AISupport
LogPluginManager: Mounting plugin LightPropagationVolume
LogPluginManager: Mounting plugin ActorLayerUtilities
LogPluginManager: Mounting plugin CLionSourceCodeAccess
LogPluginManager: Mounting plugin CodeLiteSourceCodeAccess
LogPluginManager: Mounting plugin GitSourceControl
LogPluginManager: Mounting plugin KDevelopSourceCodeAccess
LogPluginManager: Mounting plugin NullSourceCodeAccess
LogPluginManager: Mounting plugin PerforceSourceControl
LogPluginManager: Mounting plugin SubversionSourceControl
LogPluginManager: Mounting plugin UObjectPlugin
LogPluginManager: Mounting plugin VisualStudioCodeSourceCodeAccess
LogPluginManager: Mounting plugin VisualStudioSourceCodeAccess
LogPluginManager: Mounting plugin XCodeSourceCodeAccess
LogPluginManager: Mounting plugin AssetManagerEditor
LogPluginManager: Mounting plugin CryptoKeys
LogPluginManager: Mounting plugin DataValidation
LogPluginManager: Mounting plugin FacialAnimation
LogPluginManager: Mounting plugin GameplayTagsEditor
LogPluginManager: Mounting plugin MacGraphicsSwitching
LogPluginManager: Mounting plugin MeshEditor
LogPluginManager: Mounting plugin MobileLauncherProfileWizard
LogPluginManager: Mounting plugin PluginBrowser
LogPluginManager: Mounting plugin SpeedTreeImporter
LogPluginManager: Mounting plugin DatasmithContent
LogPluginManager: Mounting plugin VariantManagerContent
LogPluginManager: Mounting plugin AlembicImporter
LogPluginManager: Mounting plugin AppleImageUtils
LogPluginManager: Mounting plugin AppleVision
LogPluginManager: Mounting plugin BackChannel
LogPluginManager: Mounting plugin CharacterAI
LogPluginManager: Mounting plugin GeometryCache
LogPluginManager: Mounting plugin HTML5Networking
LogPluginManager: Mounting plugin ProxyLODPlugin
LogPluginManager: Mounting plugin MagicLeap
LogPluginManager: Mounting plugin MagicLeapMedia
LogPluginManager: Mounting plugin ProductivityTools
LogPluginManager: Mounting plugin SubsystemConfigurator
LogPluginManager: Mounting plugin AndroidMedia
LogPluginManager: Mounting plugin AvfMedia
LogPluginManager: Mounting plugin ImgMedia
LogPluginManager: Mounting plugin LinearTimecode
LogPluginManager: Mounting plugin MediaCompositing
LogPluginManager: Mounting plugin MediaPlayerEditor
LogPluginManager: Mounting plugin WebMMedia
LogPluginManager: Mounting plugin WmfMedia
LogPluginManager: Mounting plugin TcpMessaging
LogPluginManager: Mounting plugin UdpMessaging
LogPluginManager: Mounting plugin ActorSequence
LogPluginManager: Mounting plugin LevelSequenceEditor
LogPluginManager: Mounting plugin MatineeToLevelSequence
LogPluginManager: Mounting plugin NetcodeUnitTest
LogPluginManager: Mounting plugin NUTUnrealEngine4
LogPluginManager: Mounting plugin OnlineSubsystemGooglePlay
LogPluginManager: Mounting plugin OnlineSubsystemIOS
LogPluginManager: Mounting plugin OnlineSubsystem
LogPluginManager: Mounting plugin OnlineSubsystemNull
LogPluginManager: Mounting plugin OnlineSubsystemSteam
LogPluginManager: Mounting plugin OnlineSubsystemUtils
LogPluginManager: Mounting plugin LauncherChunkInstaller
LogPluginManager: Mounting plugin AndroidDeviceProfileSelector
LogPluginManager: Mounting plugin AndroidMoviePlayer
LogPluginManager: Mounting plugin AndroidPermission
LogPluginManager: Mounting plugin ApexDestruction
LogPluginManager: Mounting plugin AppleMoviePlayer
LogPluginManager: Mounting plugin ArchVisCharacter
LogPluginManager: Mounting plugin AudioCapture
LogPluginManager: Mounting plugin CableComponent
LogPluginManager: Mounting plugin CustomMeshComponent
LogPluginManager: Mounting plugin EditableMesh
LogPluginManager: Mounting plugin ExampleDeviceProfileSelector
LogPluginManager: Mounting plugin Firebase
LogPluginManager: Mounting plugin GoogleCloudMessaging
LogPluginManager: Mounting plugin IOSDeviceProfileSelector
LogPluginManager: Mounting plugin LinuxDeviceProfileSelector
LogPluginManager: Mounting plugin LocationServicesBPLibrary
LogPluginManager: Mounting plugin MobilePatchingUtils
LogPluginManager: Mounting plugin OculusVR
LogPluginManager: Mounting plugin PhysXVehicles
LogPluginManager: Mounting plugin ProceduralMeshComponent
LogPluginManager: Mounting plugin RuntimePhysXCooking
LogPluginManager: Mounting plugin SteamVR
LogPluginManager: Mounting plugin WebMMoviePlayer
LogPluginManager: Mounting plugin WindowsMoviePlayer
LogPluginManager: Mounting plugin AdvancedSessions
LogPluginManager: Mounting plugin AdvancedSteamSessions
LogStreaming: Display: Took  0.107s to configure plugins.
LogInit: Using libcurl 7.55.1-DEV
LogInit:  - built for x86_64-pc-win32
LogInit:  - supports SSL with OpenSSL/1.0.2h
LogInit:  - supports HTTP deflate (compression) using libz 1.2.8
LogInit:  - other features:
LogInit:      CURL_VERSION_SSL
LogInit:      CURL_VERSION_LIBZ
LogInit:      CURL_VERSION_IPV6
LogInit:      CURL_VERSION_ASYNCHDNS
LogInit:      CURL_VERSION_LARGEFILE
LogInit:      CURL_VERSION_IDN
LogInit:  CurlRequestOptions (configurable via config and command line):
LogInit:  - bVerifyPeer = true  - Libcurl will verify peer certificate
LogInit:  - bUseHttpProxy = false  - Libcurl will NOT use HTTP proxy
LogInit:  - bDontReuseConnections = false  - Libcurl will reuse connections
LogInit:  - MaxHostConnections = 16  - Libcurl will limit the number of connections to a host
LogInit:  - LocalHostAddr = Default
LogInit:  - BufferSize = 65536
LogOnline: Display: STEAM: Loading Steam SDK 1.39
LogOnline: STEAM: Steam User is subscribed 1
LogOnline: STEAM: [AppId: 480] Client API initialized 1
LogOnline: STEAM: [AppId: 480] Game Server API initialized 1
LogInit: WinSock: version 1.1 (2.2), MaxSocks=32767, MaxUdp=65467
LogInit: Build: ++UE4+Release-4.21-CL-4753647
LogInit: Engine Version: 4.21.2-4753647+++UE4+Release-4.21
LogInit: Compatible Engine Version: 4.21.0-4541578+++UE4+Release-4.21
LogInit: Net CL: 4541578
LogInit: OS: Windows 10 (), CPU:       Intel(R) Core(TM) i7-3632QM CPU @ 2.20GHz, GPU: Intel(R) HD Graphics 4000
LogInit: Compiled (64-bit): Jan 19 2019 02:07:31
LogInit: Compiled with Visual C++: 19.13.26129.00
LogInit: Build Configuration: Development
LogInit: Branch Name: ++UE4+Release-4.21
LogInit: Command Line:  /Game/PixelWorlds/PixelMenu -game -PIEVIACONSOLE -ResX=1280 -ResY=720 -Multiprocess -messaging -SessionName="Play in Standalone Game" -windowed
LogInit: Base Directory: C:/Program Files/Epic Games/UE_4.21/Engine/Binaries/Win64/
LogInit: Installed Engine Build: 1
LogDevObjectVersion: Number of dev versions registered: 22
LogDevObjectVersion:   Dev-Blueprints (B0D832E4-1F89-4F0D-ACCF-7EB736FD4AA2): 10
LogDevObjectVersion:   Dev-Build (E1C64328-A22C-4D53-A36C-8E866417BD8C): 0
LogDevObjectVersion:   Dev-Core (375EC13C-06E4-48FB-B500-84F0262A717E): 2
LogDevObjectVersion:   Dev-Editor (E4B068ED-F494-42E9-A231-DA0B2E46BB41): 26
LogDevObjectVersion:   Dev-Framework (CFFC743F-43B0-4480-9391-14DF171D2073): 34
LogDevObjectVersion:   Dev-Mobile (B02B49B5-BB20-44E9-A304-32B752E40360): 2
LogDevObjectVersion:   Dev-Networking (A4E4105C-59A1-49B5-A7C5-40C4547EDFEE): 0
LogDevObjectVersion:   Dev-Online (39C831C9-5AE6-47DC-9A44-9C173E1C8E7C): 0
LogDevObjectVersion:   Dev-Physics (78F01B33-EBEA-4F98-B9B4-84EACCB95AA2): 0
LogDevObjectVersion:   Dev-Platform (6631380F-2D4D-43E0-8009-CF276956A95A): 0
LogDevObjectVersion:   Dev-Rendering (12F88B9F-8875-4AFC-A67C-D90C383ABD29): 27
LogDevObjectVersion:   Dev-Sequencer (7B5AE74C-D270-4C10-A958-57980B212A5A): 9
LogDevObjectVersion:   Dev-VR (D7296918-1DD6-4BDD-9DE2-64A83CC13884): 2
LogDevObjectVersion:   Dev-LoadTimes (C2A15278-BFE7-4AFE-6C17-90FF531DF755): 1
LogDevObjectVersion:   Private-Geometry (6EACA3D4-40EC-4CC1-B786-8BED09428FC5): 3
LogDevObjectVersion:   Dev-AnimPhys (29E575DD-E0A3-4627-9D10-D276232CDCEA): 17
LogDevObjectVersion:   Dev-Anim (AF43A65D-7FD3-4947-9873-3E8ED9C1BB05): 2
LogDevObjectVersion:   Dev-ReflectionCapture (6B266CEC-1EC7-4B8F-A30B-E4D90942FC07): 1
LogDevObjectVersion:   Dev-Automation (0DF73D61-A23F-47EA-B727-89E90C41499A): 1
LogDevObjectVersion:   FortniteMain (601D1886-AC64-4F84-AA16-D3DE0DEAC7D6): 17
LogDevObjectVersion:   Dev-Enterprise (9DFFBCD6-494F-0158-E221-12823C92A888): 4
LogDevObjectVersion:   Dev-Niagara (F2AED0AC-9AFE-416F-8664-AA7FFA26D6FC): 1
LogStreaming: Display: Took  0.019s to delete old logs.
LogInit: Presizing for max 8388607 objects, including 0 objects not considered by GC, pre-allocating 0 bytes for permanent pool.
LogInit: Object subsystem initialized
LogConfig: Setting CVar [[con.DebugEarlyDefault:1]]
LogConfig: Setting CVar [[r.setres:1280x720]]
[2019.03.28-10.25.14:247][  0]LogConfig: Setting CVar [[con.DebugEarlyDefault:1]]
[2019.03.28-10.25.14:247][  0]LogConfig: Setting CVar [[r.setres:1280x720]]
[2019.03.28-10.25.14:247][  0]LogConfig: Applying CVar settings from Section [/Script/Engine.RendererSettings] File [C:/Users/joey.JOEY-PC/Documents/Unreal Projects/PixelArcade/PixelArcade/Saved/Config/Windows/Engine.ini]
[2019.03.28-10.25.14:247][  0]LogConfig: Setting CVar [[r.GPUCrashDebugging:0]]
[2019.03.28-10.25.14:247][  0]LogConfig: Applying CVar settings from Section [/Script/Engine.RendererOverrideSettings] File [C:/Users/joey.JOEY-PC/Documents/Unreal Projects/PixelArcade/PixelArcade/Saved/Config/Windows/Engine.ini]
[2019.03.28-10.25.14:247][  0]LogConfig: Applying CVar settings from Section [/Script/Engine.StreamingSettings] File [C:/Users/joey.JOEY-PC/Documents/Unreal Projects/PixelArcade/PixelArcade/Saved/Config/Windows/Engine.ini]
[2019.03.28-10.25.14:247][  0]LogConfig: Setting CVar [[s.MinBulkDataSizeForAsyncLoading:131072]]
[2019.03.28-10.25.14:247][  0]LogConfig: Setting CVar [[s.AsyncLoadingThreadEnabled:0]]
[2019.03.28-10.25.14:247][  0]LogConfig: Setting CVar [[s.EventDrivenLoaderEnabled:1]]
[2019.03.28-10.25.14:247][  0]LogConfig: Setting CVar [[s.WarnIfTimeLimitExceeded:0]]
[2019.03.28-10.25.14:247][  0]LogConfig: Setting CVar [[s.TimeLimitExceededMultiplier:1.5]]
[2019.03.28-10.25.14:248][  0]LogConfig: Setting CVar [[s.TimeLimitExceededMinTime:0.005]]
[2019.03.28-10.25.14:248][  0]LogConfig: Setting CVar [[s.UseBackgroundLevelStreaming:1]]
[2019.03.28-10.25.14:248][  0]LogConfig: Setting CVar [[s.PriorityAsyncLoadingExtraTime:15.0]]
[2019.03.28-10.25.14:248][  0]LogConfig: Setting CVar [[s.LevelStreamingActorsUpdateTimeLimit:5.0]]
[2019.03.28-10.25.14:248][  0]LogConfig: Setting CVar [[s.PriorityLevelStreamingActorsUpdateExtraTime:5.0]]
[2019.03.28-10.25.14:248][  0]LogConfig: Setting CVar [[s.LevelStreamingComponentsRegistrationGranularity:10]]
[2019.03.28-10.25.14:248][  0]LogConfig: Setting CVar [[s.UnregisterComponentsTimeLimit:1.0]]
[2019.03.28-10.25.14:248][  0]LogConfig: Setting CVar [[s.LevelStreamingComponentsUnregistrationGranularity:5]]
[2019.03.28-10.25.14:248][  0]LogConfig: Applying CVar settings from Section [/Script/Engine.GarbageCollectionSettings] File [C:/Users/joey.JOEY-PC/Documents/Unreal Projects/PixelArcade/PixelArcade/Saved/Config/Windows/Engine.ini]
[2019.03.28-10.25.14:248][  0]LogConfig: Setting CVar [[gc.MaxObjectsNotConsideredByGC:1]]
[2019.03.28-10.25.14:248][  0]LogConfig: Setting CVar [[gc.SizeOfPermanentObjectPool:0]]
[2019.03.28-10.25.14:248][  0]LogConfig: Setting CVar [[gc.FlushStreamingOnGC:0]]
[2019.03.28-10.25.14:248][  0]LogConfig: Setting CVar [[gc.NumRetriesBeforeForcingGC:10]]
[2019.03.28-10.25.14:248][  0]LogConfig: Setting CVar [[gc.AllowParallelGC:1]]
[2019.03.28-10.25.14:248][  0]LogConfig: Setting CVar [[gc.TimeBetweenPurgingPendingKillObjects:61.1]]
[2019.03.28-10.25.14:248][  0]LogConfig: Setting CVar [[gc.MaxObjectsInEditor:8388607]]
[2019.03.28-10.25.14:248][  0]LogConfig: Setting CVar [[gc.IncrementalBeginDestroyEnabled:1]]
[2019.03.28-10.25.14:248][  0]LogConfig: Setting CVar [[gc.CreateGCClusters:1]]
[2019.03.28-10.25.14:248][  0]LogConfig: Setting CVar [[gc.MergeGCClusters:0]]
[2019.03.28-10.25.14:248][  0]LogConfig: Setting CVar [[gc.MinGCClusterSize:5]]
[2019.03.28-10.25.14:248][  0]LogConfig: Setting CVar [[gc.ActorClusteringEnabled:0]]
[2019.03.28-10.25.14:248][  0]LogConfig: Setting CVar [[gc.BlueprintClusteringEnabled:0]]
[2019.03.28-10.25.14:249][  0]LogConfig: Setting CVar [[gc.UseDisregardForGCOnDedicatedServers:0]]
[2019.03.28-10.25.14:249][  0]LogConfig: Applying CVar settings from Section [/Script/Engine.NetworkSettings] File [C:/Users/joey.JOEY-PC/Documents/Unreal Projects/PixelArcade/PixelArcade/Saved/Config/Windows/Engine.ini]
[2019.03.28-10.25.14:249][  0]LogConfig: Applying CVar settings from Section [/Script/UnrealEd.CookerSettings] File [C:/Users/joey.JOEY-PC/Documents/Unreal Projects/PixelArcade/PixelArcade/Saved/Config/Windows/Engine.ini]
[2019.03.28-10.25.14:252][  0]LogConfig: Applying CVar settings from Section [ViewDistanceQuality@3] File [C:/Users/joey.JOEY-PC/Documents/Unreal Projects/PixelArcade/PixelArcade/Saved/Config/Windows/Scalability.ini]
[2019.03.28-10.25.14:252][  0]LogConfig: Setting CVar [[r.SkeletalMeshLODBias:0]]
[2019.03.28-10.25.14:252][  0]LogConfig: Setting CVar [[r.ViewDistanceScale:1.0]]
[2019.03.28-10.25.14:252][  0]LogConfig: Applying CVar settings from Section [AntiAliasingQuality@3] File [C:/Users/joey.JOEY-PC/Documents/Unreal Projects/PixelArcade/PixelArcade/Saved/Config/Windows/Scalability.ini]
[2019.03.28-10.25.14:252][  0]LogConfig: Setting CVar [[r.PostProcessAAQuality:4]]
[2019.03.28-10.25.14:252][  0]LogConfig: Applying CVar settings from Section [ShadowQuality@3] File [C:/Users/joey.JOEY-PC/Documents/Unreal Projects/PixelArcade/PixelArcade/Saved/Config/Windows/Scalability.ini]
[2019.03.28-10.25.14:252][  0]LogConfig: Setting CVar [[r.LightFunctionQuality:1]]
[2019.03.28-10.25.14:252][  0]LogConfig: Setting CVar [[r.ShadowQuality:5]]
[2019.03.28-10.25.14:252][  0]LogConfig: Setting CVar [[r.Shadow.CSM.MaxCascades:10]]
[2019.03.28-10.25.14:253][  0]LogConfig: Setting CVar [[r.Shadow.MaxResolution:2048]]
[2019.03.28-10.25.14:253][  0]LogConfig: Setting CVar [[r.Shadow.MaxCSMResolution:2048]]
[2019.03.28-10.25.14:253][  0]LogConfig: Setting CVar [[r.Shadow.RadiusThreshold:0.01]]
[2019.03.28-10.25.14:253][  0]LogConfig: Setting CVar [[r.Shadow.DistanceScale:1.0]]
[2019.03.28-10.25.14:253][  0]LogConfig: Setting CVar [[r.Shadow.CSM.TransitionScale:1.0]]
[2019.03.28-10.25.14:253][  0]LogConfig: Setting CVar [[r.Shadow.PreShadowResolutionFactor:1.0]]
[2019.03.28-10.25.14:253][  0]LogConfig: Setting CVar [[r.DistanceFieldShadowing:1]]
[2019.03.28-10.25.14:253][  0]LogConfig: Setting CVar [[r.DistanceFieldAO:1]]
[2019.03.28-10.25.14:253][  0]LogConfig: Setting CVar [[r.AOQuality:2]]
[2019.03.28-10.25.14:253][  0]LogConfig: Setting CVar [[r.VolumetricFog:1]]
[2019.03.28-10.25.14:253][  0]LogConfig: Setting CVar [[r.VolumetricFog.GridPixelSize:8]]
[2019.03.28-10.25.14:253][  0]LogConfig: Setting CVar [[r.VolumetricFog.GridSizeZ:128]]
[2019.03.28-10.25.14:253][  0]LogConfig: Setting CVar [[r.VolumetricFog.HistoryMissSupersampleCount:4]]
[2019.03.28-10.25.14:253][  0]LogConfig: Setting CVar [[r.LightMaxDrawDistanceScale:1]]
[2019.03.28-10.25.14:253][  0]LogConfig: Setting CVar [[r.CapsuleShadows:1]]
[2019.03.28-10.25.14:253][  0]LogConfig: Applying CVar settings from Section [PostProcessQuality@3] File [C:/Users/joey.JOEY-PC/Documents/Unreal Projects/PixelArcade/PixelArcade/Saved/Config/Windows/Scalability.ini]
[2019.03.28-10.25.14:254][  0]LogConfig: Setting CVar [[r.MotionBlurQuality:4]]
[2019.03.28-10.25.14:254][  0]LogConfig: Setting CVar [[r.AmbientOcclusionMipLevelFactor:0.4]]
[2019.03.28-10.25.14:254][  0]LogConfig: Setting CVar [[r.AmbientOcclusionMaxQuality:100]]
[2019.03.28-10.25.14:254][  0]LogConfig: Setting CVar [[r.AmbientOcclusionLevels:-1]]
[2019.03.28-10.25.14:254][  0]LogConfig: Setting CVar [[r.AmbientOcclusionRadiusScale:1.0]]
[2019.03.28-10.25.14:254][  0]LogConfig: Setting CVar [[r.DepthOfFieldQuality:2]]
[2019.03.28-10.25.14:254][  0]LogConfig: Setting CVar [[r.RenderTargetPoolMin:400]]
[2019.03.28-10.25.14:254][  0]LogConfig: Setting CVar [[r.LensFlareQuality:2]]
[2019.03.28-10.25.14:254][  0]LogConfig: Setting CVar [[r.SceneColorFringeQuality:1]]
[2019.03.28-10.25.14:254][  0]LogConfig: Setting CVar [[r.EyeAdaptationQuality:2]]
[2019.03.28-10.25.14:254][  0]LogConfig: Setting CVar [[r.BloomQuality:5]]
[2019.03.28-10.25.14:254][  0]LogConfig: Setting CVar [[r.FastBlurThreshold:100]]
[2019.03.28-10.25.14:254][  0]LogConfig: Setting CVar [[r.Upscale.Quality:3]]
[2019.03.28-10.25.14:254][  0]LogConfig: Setting CVar [[r.Tonemapper.GrainQuantization:1]]
[2019.03.28-10.25.14:254][  0]LogConfig: Setting CVar [[r.LightShaftQuality:1]]
[2019.03.28-10.25.14:254][  0]LogConfig: Setting CVar [[r.Filter.SizeScale:1]]
[2019.03.28-10.25.14:254][  0]LogConfig: Setting CVar [[r.Tonemapper.Quality:5]]
[2019.03.28-10.25.14:254][  0]LogConfig: Setting CVar [[r.DOF.Gather.AccumulatorQuality:1        ; higher gathering accumulator quality]]
[2019.03.28-10.25.14:254][  0]LogConfig: Setting CVar [[r.DOF.Gather.PostfilterMethod:1          ; Median3x3 postfilering method]]
[2019.03.28-10.25.14:254][  0]LogConfig: Setting CVar [[r.DOF.Gather.EnableBokehSettings:0       ; no bokeh simulation when gathering]]
[2019.03.28-10.25.14:254][  0]LogConfig: Setting CVar [[r.DOF.Gather.RingCount:4                 ; medium number of samples when gathering]]
[2019.03.28-10.25.14:254][  0]LogConfig: Setting CVar [[r.DOF.Scatter.ForegroundCompositing:1    ; additive foreground scattering]]
[2019.03.28-10.25.14:254][  0]LogConfig: Setting CVar [[r.DOF.Scatter.BackgroundCompositing:2    ; additive background scattering]]
[2019.03.28-10.25.14:254][  0]LogConfig: Setting CVar [[r.DOF.Scatter.EnableBokehSettings:1      ; bokeh simulation when scattering]]
[2019.03.28-10.25.14:254][  0]LogConfig: Setting CVar [[r.DOF.Scatter.MaxSpriteRatio:0.1         ; only a maximum of 10% of scattered bokeh]]
[2019.03.28-10.25.14:254][  0]LogConfig: Setting CVar [[r.DOF.Recombine.Quality:1                ; cheap slight out of focus]]
[2019.03.28-10.25.14:254][  0]LogConfig: Setting CVar [[r.DOF.Recombine.EnableBokehSettings:0    ; no bokeh simulation on slight out of focus]]
[2019.03.28-10.25.14:254][  0]LogConfig: Setting CVar [[r.DOF.TemporalAAQuality:1                ; more stable temporal accumulation]]
[2019.03.28-10.25.14:254][  0]LogConfig: Setting CVar [[r.DOF.Kernel.MaxForegroundRadius:0.025]]
[2019.03.28-10.25.14:254][  0]LogConfig: Setting CVar [[r.DOF.Kernel.MaxBackgroundRadius:0.025]]
[2019.03.28-10.25.14:254][  0]LogConfig: Applying CVar settings from Section [TextureQuality@3] File [C:/Users/joey.JOEY-PC/Documents/Unreal Projects/PixelArcade/PixelArcade/Saved/Config/Windows/Scalability.ini]
[2019.03.28-10.25.14:254][  0]LogConfig: Setting CVar [[r.Streaming.MipBias:0]]
[2019.03.28-10.25.14:254][  0]LogConfig: Setting CVar [[r.Streaming.AmortizeCPUToGPUCopy:0]]
[2019.03.28-10.25.14:254][  0]LogConfig: Setting CVar [[r.Streaming.MaxNumTexturesToStreamPerFrame:0]]
[2019.03.28-10.25.14:254][  0]LogConfig: Setting CVar [[r.Streaming.Boost:1]]
[2019.03.28-10.25.14:255][  0]LogConfig: Setting CVar [[r.MaxAnisotropy:8]]
[2019.03.28-10.25.14:255][  0]LogConfig: Setting CVar [[r.Streaming.LimitPoolSizeToVRAM:0]]
[2019.03.28-10.25.14:255][  0]LogConfig: Setting CVar [[r.Streaming.PoolSize:1000]]
[2019.03.28-10.25.14:255][  0]LogConfig: Setting CVar [[r.Streaming.MaxEffectiveScreenSize:0]]
[2019.03.28-10.25.14:255][  0]LogConfig: Applying CVar settings from Section [EffectsQuality@3] File [C:/Users/joey.JOEY-PC/Documents/Unreal Projects/PixelArcade/PixelArcade/Saved/Config/Windows/Scalability.ini]
[2019.03.28-10.25.14:255][  0]LogConfig: Setting CVar [[r.TranslucencyLightingVolumeDim:64]]
[2019.03.28-10.25.14:255][  0]LogConfig: Setting CVar [[r.RefractionQuality:2]]
[2019.03.28-10.25.14:255][  0]LogConfig: Setting CVar [[r.SSR.Quality:3]]
[2019.03.28-10.25.14:255][  0]LogConfig: Setting CVar [[r.SceneColorFormat:4]]
[2019.03.28-10.25.14:255][  0]LogConfig: Setting CVar [[r.DetailMode:2]]
[2019.03.28-10.25.14:255][  0]LogConfig: Setting CVar [[r.TranslucencyVolumeBlur:1]]
[2019.03.28-10.25.14:255][  0]LogConfig: Setting CVar [[r.MaterialQualityLevel:1 ; High quality]]
[2019.03.28-10.25.14:255][  0]LogConfig: Setting CVar [[r.SSS.Scale:1]]
[2019.03.28-10.25.14:255][  0]LogConfig: Setting CVar [[r.SSS.SampleSet:2]]
[2019.03.28-10.25.14:255][  0]LogConfig: Setting CVar [[r.SSS.Quality:1]]
[2019.03.28-10.25.14:255][  0]LogConfig: Setting CVar [[r.SSS.HalfRes:1]]
[2019.03.28-10.25.14:255][  0]LogConfig: Setting CVar [[r.EmitterSpawnRateScale:1.0]]
[2019.03.28-10.25.14:255][  0]LogConfig: Setting CVar [[r.ParticleLightQuality:2]]
[2019.03.28-10.25.14:255][  0]LogConfig: Applying CVar settings from Section [FoliageQuality@3] File [C:/Users/joey.JOEY-PC/Documents/Unreal Projects/PixelArcade/PixelArcade/Saved/Config/Windows/Scalability.ini]
[2019.03.28-10.25.14:255][  0]LogConfig: Setting CVar [[foliage.DensityScale:1.0]]
[2019.03.28-10.25.14:255][  0]LogConfig: Setting CVar [[grass.DensityScale:1.0]]
[2019.03.28-10.25.14:255][  0]LogInit: Selected Device Profile: [Windows]
[2019.03.28-10.25.14:255][  0]LogInit: Applying CVar settings loaded from the selected device profile: [Windows]
[2019.03.28-10.25.14:262][  0]LogHAL: Display: Platform has ~ 8 GB [8452411392 / 8589934592 / 8], which maps to Default [LargestMinGB=32, LargerMinGB=12, DefaultMinGB=8, SmallerMinGB=6, SmallestMinGB=0)
[2019.03.28-10.25.14:262][  0]LogConfig: Setting CVar [[r.Vulkan.UseRealUBs:1]]
[2019.03.28-10.25.14:262][  0]LogInit: Going up to parent DeviceProfile []
[2019.03.28-10.25.14:262][  0]LogConfig: Applying CVar settings from Section [ViewDistanceQuality@3] File [C:/Users/joey.JOEY-PC/Documents/Unreal Projects/PixelArcade/PixelArcade/Saved/Config/Windows/Scalability.ini]
[2019.03.28-10.25.14:262][  0]LogConfig: Setting CVar [[r.SkeletalMeshLODBias:0]]
[2019.03.28-10.25.14:263][  0]LogConfig: Setting CVar [[r.ViewDistanceScale:1.0]]
[2019.03.28-10.25.14:263][  0]LogConfig: Applying CVar settings from Section [AntiAliasingQuality@3] File [C:/Users/joey.JOEY-PC/Documents/Unreal Projects/PixelArcade/PixelArcade/Saved/Config/Windows/Scalability.ini]
[2019.03.28-10.25.14:263][  0]LogConfig: Setting CVar [[r.PostProcessAAQuality:4]]
[2019.03.28-10.25.14:263][  0]LogConfig: Applying CVar settings from Section [ShadowQuality@3] File [C:/Users/joey.JOEY-PC/Documents/Unreal Projects/PixelArcade/PixelArcade/Saved/Config/Windows/Scalability.ini]
[2019.03.28-10.25.14:263][  0]LogConfig: Setting CVar [[r.LightFunctionQuality:1]]
[2019.03.28-10.25.14:263][  0]LogConfig: Setting CVar [[r.ShadowQuality:5]]
[2019.03.28-10.25.14:263][  0]LogConfig: Setting CVar [[r.Shadow.CSM.MaxCascades:10]]
[2019.03.28-10.25.14:263][  0]LogConfig: Setting CVar [[r.Shadow.MaxResolution:2048]]
[2019.03.28-10.25.14:263][  0]LogConfig: Setting CVar [[r.Shadow.MaxCSMResolution:2048]]
[2019.03.28-10.25.14:263][  0]LogConfig: Setting CVar [[r.Shadow.RadiusThreshold:0.01]]
[2019.03.28-10.25.14:263][  0]LogConfig: Setting CVar [[r.Shadow.DistanceScale:1.0]]
[2019.03.28-10.25.14:263][  0]LogConfig: Setting CVar [[r.Shadow.CSM.TransitionScale:1.0]]
[2019.03.28-10.25.14:263][  0]LogConfig: Setting CVar [[r.Shadow.PreShadowResolutionFactor:1.0]]
[2019.03.28-10.25.14:263][  0]LogConfig: Setting CVar [[r.DistanceFieldShadowing:1]]
[2019.03.28-10.25.14:263][  0]LogConfig: Setting CVar [[r.DistanceFieldAO:1]]
[2019.03.28-10.25.14:263][  0]LogConfig: Setting CVar [[r.AOQuality:2]]
[2019.03.28-10.25.14:263][  0]LogConfig: Setting CVar [[r.VolumetricFog:1]]
[2019.03.28-10.25.14:263][  0]LogConfig: Setting CVar [[r.VolumetricFog.GridPixelSize:8]]
[2019.03.28-10.25.14:263][  0]LogConfig: Setting CVar [[r.VolumetricFog.GridSizeZ:128]]
[2019.03.28-10.25.14:263][  0]LogConfig: Setting CVar [[r.VolumetricFog.HistoryMissSupersampleCount:4]]
[2019.03.28-10.25.14:263][  0]LogConfig: Setting CVar [[r.LightMaxDrawDistanceScale:1]]
[2019.03.28-10.25.14:263][  0]LogConfig: Setting CVar [[r.CapsuleShadows:1]]
[2019.03.28-10.25.14:263][  0]LogConfig: Applying CVar settings from Section [PostProcessQuality@3] File [C:/Users/joey.JOEY-PC/Documents/Unreal Projects/PixelArcade/PixelArcade/Saved/Config/Windows/Scalability.ini]
[2019.03.28-10.25.14:263][  0]LogConfig: Setting CVar [[r.MotionBlurQuality:4]]
[2019.03.28-10.25.14:263][  0]LogConfig: Setting CVar [[r.AmbientOcclusionMipLevelFactor:0.4]]
[2019.03.28-10.25.14:263][  0]LogConfig: Setting CVar [[r.AmbientOcclusionMaxQuality:100]]
[2019.03.28-10.25.14:263][  0]LogConfig: Setting CVar [[r.AmbientOcclusionLevels:-1]]
[2019.03.28-10.25.14:263][  0]LogConfig: Setting CVar [[r.AmbientOcclusionRadiusScale:1.0]]
[2019.03.28-10.25.14:264][  0]LogConfig: Setting CVar [[r.DepthOfFieldQuality:2]]
[2019.03.28-10.25.14:264][  0]LogConfig: Setting CVar [[r.RenderTargetPoolMin:400]]
[2019.03.28-10.25.14:264][  0]LogConfig: Setting CVar [[r.LensFlareQuality:2]]
[2019.03.28-10.25.14:264][  0]LogConfig: Setting CVar [[r.SceneColorFringeQuality:1]]
[2019.03.28-10.25.14:264][  0]LogConfig: Setting CVar [[r.EyeAdaptationQuality:2]]
[2019.03.28-10.25.14:264][  0]LogConfig: Setting CVar [[r.BloomQuality:5]]
[2019.03.28-10.25.14:264][  0]LogConfig: Setting CVar [[r.FastBlurThreshold:100]]
[2019.03.28-10.25.14:264][  0]LogConfig: Setting CVar [[r.Upscale.Quality:3]]
[2019.03.28-10.25.14:264][  0]LogConfig: Setting CVar [[r.Tonemapper.GrainQuantization:1]]
[2019.03.28-10.25.14:264][  0]LogConfig: Setting CVar [[r.LightShaftQuality:1]]
[2019.03.28-10.25.14:264][  0]LogConfig: Setting CVar [[r.Filter.SizeScale:1]]
[2019.03.28-10.25.14:264][  0]LogConfig: Setting CVar [[r.Tonemapper.Quality:5]]
[2019.03.28-10.25.14:264][  0]LogConfig: Setting CVar [[r.DOF.Gather.AccumulatorQuality:1        ; higher gathering accumulator quality]]
[2019.03.28-10.25.14:264][  0]LogConfig: Setting CVar [[r.DOF.Gather.PostfilterMethod:1          ; Median3x3 postfilering method]]
[2019.03.28-10.25.14:264][  0]LogConfig: Setting CVar [[r.DOF.Gather.EnableBokehSettings:0       ; no bokeh simulation when gathering]]
[2019.03.28-10.25.14:264][  0]LogConfig: Setting CVar [[r.DOF.Gather.RingCount:4                 ; medium number of samples when gathering]]
[2019.03.28-10.25.14:264][  0]LogConfig: Setting CVar [[r.DOF.Scatter.ForegroundCompositing:1    ; additive foreground scattering]]
[2019.03.28-10.25.14:264][  0]LogConfig: Setting CVar [[r.DOF.Scatter.BackgroundCompositing:2    ; additive background scattering]]
[2019.03.28-10.25.14:264][  0]LogConfig: Setting CVar [[r.DOF.Scatter.EnableBokehSettings:1      ; bokeh simulation when scattering]]
[2019.03.28-10.25.14:264][  0]LogConfig: Setting CVar [[r.DOF.Scatter.MaxSpriteRatio:0.1         ; only a maximum of 10% of scattered bokeh]]
[2019.03.28-10.25.14:264][  0]LogConfig: Setting CVar [[r.DOF.Recombine.Quality:1                ; cheap slight out of focus]]
[2019.03.28-10.25.14:264][  0]LogConfig: Setting CVar [[r.DOF.Recombine.EnableBokehSettings:0    ; no bokeh simulation on slight out of focus]]
[2019.03.28-10.25.14:264][  0]LogConfig: Setting CVar [[r.DOF.TemporalAAQuality:1                ; more stable temporal accumulation]]
[2019.03.28-10.25.14:264][  0]LogConfig: Setting CVar [[r.DOF.Kernel.MaxForegroundRadius:0.025]]
[2019.03.28-10.25.14:264][  0]LogConfig: Setting CVar [[r.DOF.Kernel.MaxBackgroundRadius:0.025]]
[2019.03.28-10.25.14:265][  0]LogConfig: Applying CVar settings from Section [TextureQuality@3] File [C:/Users/joey.JOEY-PC/Documents/Unreal Projects/PixelArcade/PixelArcade/Saved/Config/Windows/Scalability.ini]
[2019.03.28-10.25.14:265][  0]LogConfig: Setting CVar [[r.Streaming.MipBias:0]]
[2019.03.28-10.25.14:265][  0]LogConfig: Setting CVar [[r.Streaming.AmortizeCPUToGPUCopy:0]]
[2019.03.28-10.25.14:265][  0]LogConfig: Setting CVar [[r.Streaming.MaxNumTexturesToStreamPerFrame:0]]
[2019.03.28-10.25.14:265][  0]LogConfig: Setting CVar [[r.Streaming.Boost:1]]
[2019.03.28-10.25.14:265][  0]LogConfig: Setting CVar [[r.MaxAnisotropy:8]]
[2019.03.28-10.25.14:265][  0]LogConfig: Setting CVar [[r.Streaming.LimitPoolSizeToVRAM:0]]
[2019.03.28-10.25.14:265][  0]LogConfig: Setting CVar [[r.Streaming.PoolSize:1000]]
[2019.03.28-10.25.14:265][  0]LogConfig: Setting CVar [[r.Streaming.MaxEffectiveScreenSize:0]]
[2019.03.28-10.25.14:265][  0]LogConfig: Applying CVar settings from Section [EffectsQuality@3] File [C:/Users/joey.JOEY-PC/Documents/Unreal Projects/PixelArcade/PixelArcade/Saved/Config/Windows/Scalability.ini]
[2019.03.28-10.25.14:265][  0]LogConfig: Setting CVar [[r.TranslucencyLightingVolumeDim:64]]
[2019.03.28-10.25.14:265][  0]LogConfig: Setting CVar [[r.RefractionQuality:2]]
[2019.03.28-10.25.14:265][  0]LogConfig: Setting CVar [[r.SSR.Quality:3]]
[2019.03.28-10.25.14:265][  0]LogConfig: Setting CVar [[r.SceneColorFormat:4]]
[2019.03.28-10.25.14:265][  0]LogConfig: Setting CVar [[r.DetailMode:2]]
[2019.03.28-10.25.14:265][  0]LogConfig: Setting CVar [[r.TranslucencyVolumeBlur:1]]
[2019.03.28-10.25.14:265][  0]LogConfig: Setting CVar [[r.MaterialQualityLevel:1 ; High quality]]
[2019.03.28-10.25.14:265][  0]LogConfig: Setting CVar [[r.SSS.Scale:1]]
[2019.03.28-10.25.14:265][  0]LogConfig: Setting CVar [[r.SSS.SampleSet:2]]
[2019.03.28-10.25.14:265][  0]LogConfig: Setting CVar [[r.SSS.Quality:1]]
[2019.03.28-10.25.14:265][  0]LogConfig: Setting CVar [[r.SSS.HalfRes:1]]
[2019.03.28-10.25.14:265][  0]LogConfig: Setting CVar [[r.EmitterSpawnRateScale:1.0]]
[2019.03.28-10.25.14:265][  0]LogConfig: Setting CVar [[r.ParticleLightQuality:2]]
[2019.03.28-10.25.14:265][  0]LogConfig: Applying CVar settings from Section [FoliageQuality@3] File [C:/Users/joey.JOEY-PC/Documents/Unreal Projects/PixelArcade/PixelArcade/Saved/Config/Windows/Scalability.ini]
[2019.03.28-10.25.14:265][  0]LogConfig: Setting CVar [[foliage.DensityScale:1.0]]
[2019.03.28-10.25.14:265][  0]LogConfig: Setting CVar [[grass.DensityScale:1.0]]
[2019.03.28-10.25.14:265][  0]LogConfig: Applying CVar settings from Section [Startup] File [../../../Engine/Config/ConsoleVariables.ini]
[2019.03.28-10.25.14:266][  0]LogConfig: Setting CVar [[net.UseAdaptiveNetUpdateFrequency:0]]
[2019.03.28-10.25.14:266][  0]LogConfig: Applying CVar settings from Section [ConsoleVariables] File [C:/Users/joey.JOEY-PC/Documents/Unreal Projects/PixelArcade/PixelArcade/Saved/Config/Windows/Engine.ini]
[2019.03.28-10.25.14:266][  0]LogInit: Computer: JOEY-PC
[2019.03.28-10.25.14:266][  0]LogInit: User: joey
[2019.03.28-10.25.14:266][  0]LogInit: CPU Page size=4096, Cores=4
[2019.03.28-10.25.14:266][  0]LogInit: High frequency timer resolution =10.000000 MHz
[2019.03.28-10.25.14:267][  0]LogMemory: Memory total: Physical=7.9GB (8GB approx)
[2019.03.28-10.25.14:267][  0]LogMemory: Platform Memory Stats for Windows
[2019.03.28-10.25.14:267][  0]LogMemory: Process Physical Memory: 132.39 MB used, 132.39 MB peak
[2019.03.28-10.25.14:267][  0]LogMemory: Process Virtual Memory: 100.21 MB used, 100.21 MB peak
[2019.03.28-10.25.14:267][  0]LogMemory: Physical Memory: 5050.94 MB used,  3009.91 MB free, 8060.85 MB total
[2019.03.28-10.25.14:267][  0]LogMemory: Virtual Memory: 4767.27 MB used,  134212960.00 MB free, 134217728.00 MB total
[2019.03.28-10.25.14:330][  0]LogInit: Using OS detected language (en-US).
[2019.03.28-10.25.14:330][  0]LogInit: Using OS detected locale (en-US).
[2019.03.28-10.25.14:331][  0]LogTextLocalizationManager: No specific localization for 'en-US' exists, so the 'en' localization will be used.
[2019.03.28-10.25.15:094][  0]LogStreaming: Display: Took  0.764s to InitEngineTextLocalization.
[2019.03.28-10.25.15:156][  0]LogSlate: New Slate User Created.  User Index 0, Is Virtual User: 0
[2019.03.28-10.25.15:156][  0]LogSlate: Slate User Registered.  User Index 0, Is Virtual User: 0
[2019.03.28-10.25.15:214][  0]LogHMD: Failed to initialize OpenVR with code 110
[2019.03.28-10.25.15:214][  0]LogD3D11RHI: D3D11 adapters:
[2019.03.28-10.25.15:264][  0]LogD3D11RHI:    0. 'NVIDIA GeForce GT 635M' (Feature Level 11_0)
[2019.03.28-10.25.15:264][  0]LogD3D11RHI:       1999/0/4030 MB DedicatedVideo/DedicatedSystem/SharedSystem, Outputs:1, VendorId:0x10de
[2019.03.28-10.25.15:273][  0]LogD3D11RHI:    1. 'Intel(R) HD Graphics 4000' (Feature Level 11_0)
[2019.03.28-10.25.15:273][  0]LogD3D11RHI:       32/0/1760 MB DedicatedVideo/DedicatedSystem/SharedSystem, Outputs:0, VendorId:0x8086
[2019.03.28-10.25.15:279][  0]LogD3D11RHI:    2. 'Microsoft Basic Render Driver' (Feature Level 11_0)
[2019.03.28-10.25.15:279][  0]LogD3D11RHI:       0/0/4030 MB DedicatedVideo/DedicatedSystem/SharedSystem, Outputs:0, VendorId:0x1414
[2019.03.28-10.25.15:279][  0]LogD3D11RHI: Chosen D3D11 Adapter: 0
[2019.03.28-10.25.15:334][  0]LogD3D11RHI: Creating new Direct3DDevice
[2019.03.28-10.25.15:335][  0]LogD3D11RHI:     GPU DeviceId: 0xde3 (for the marketing name, search the web for "GPU Device Id")
[2019.03.28-10.25.15:335][  0]LogWindows: EnumDisplayDevices:
[2019.03.28-10.25.15:336][  0]LogWindows:    0. 'Intel(R) HD Graphics 4000' (P:1 D:1)
[2019.03.28-10.25.15:336][  0]LogWindows:    1. 'Intel(R) HD Graphics 4000' (P:0 D:0)
[2019.03.28-10.25.15:337][  0]LogWindows:    2. 'Intel(R) HD Graphics 4000' (P:0 D:0)
[2019.03.28-10.25.15:337][  0]LogWindows:    3. 'NVIDIA GeForce GT 635M' (P:0 D:0)
[2019.03.28-10.25.15:338][  0]LogWindows: DebugString: PrimaryIsNotTheChoosenAdapter PrimaryIsNotTheChoosenAdapter PrimaryIsNotTheChoosenAdapter 
[2019.03.28-10.25.15:338][  0]LogD3D11RHI:     Adapter Name: NVIDIA GeForce GT 635M
[2019.03.28-10.25.15:338][  0]LogD3D11RHI:   Driver Version: 376.54 (internal:21.21.13.7654, unified:376.54)
[2019.03.28-10.25.15:338][  0]LogD3D11RHI:      Driver Date: 12-29-2016
[2019.03.28-10.25.15:338][  0]LogRHI: Texture pool is 1399 MB (70% of 1999 MB)
[2019.03.28-10.25.15:373][  0]LogD3D11RHI: Display: Timestamp queries are currently disabled on this hardware due to instability. Realtime GPU stats will not be available. You can override this behaviour by setting r.NVIDIATimestampWorkaround to 0
[2019.03.28-10.25.15:373][  0]LogD3D11RHI: Async texture creation enabled
[2019.03.28-10.25.15:387][  0]LogD3D11RHI: GPU Timing Frequency: 1000.000000 (Debug: 2 1)
[2019.03.28-10.25.15:991][  0]LogTemp: Display: Loaded TP WindowsClientTargetPlatform
[2019.03.28-10.25.16:011][  0]LogTemp: Display: Loaded TP WindowsNoEditorTargetPlatform
[2019.03.28-10.25.16:034][  0]LogTemp: Display: Loaded TP WindowsServerTargetPlatform
[2019.03.28-10.25.16:055][  0]LogTemp: Display: Loaded TP WindowsTargetPlatform
[2019.03.28-10.25.16:055][  0]LogTargetPlatformManager: Display: Building Assets For Windows
[2019.03.28-10.25.16:161][  0]LogShaderCompilers: Guid format shader working directory is -34 characters bigger than the processId version (../../../../../../Users/joey.JOEY-PC/Documents/Unreal Projects/PixelArcade/PixelArcade/Intermediate/Shaders/WorkingDirectory/19892/).
[2019.03.28-10.25.16:161][  0]LogShaderCompilers: Cleaned the shader compiler working directory 'C:/Users/joey.JOEY-PC/AppData/Local/Temp/UnrealShaderWorkingDir/2F793EFD4ADD0C78DA15978466DC1B01/'.
[2019.03.28-10.25.16:165][  0]LogXGEController: Cannot use XGE Controller as Incredibuild is not installed on this machine.
[2019.03.28-10.25.16:165][  0]LogShaderCompilers: Cannot use XGE Shader Compiler as Incredibuild is not installed on this machine.
[2019.03.28-10.25.16:165][  0]LogShaderCompilers: Display: Using Local Shader Compiler.
[2019.03.28-10.25.16:911][  0]LogDerivedDataCache: Display: Max Cache Size: 512 MB
[2019.03.28-10.25.16:981][  0]LogDerivedDataCache: Loaded boot cache 0.07s 71MB C:/Users/joey.JOEY-PC/AppData/Local/UnrealEngine/4.21/DerivedDataCache/Boot.ddc.
[2019.03.28-10.25.16:981][  0]LogDerivedDataCache: Display: Loaded Boot cache: C:/Users/joey.JOEY-PC/AppData/Local/UnrealEngine/4.21/DerivedDataCache/Boot.ddc
[2019.03.28-10.25.16:981][  0]LogDerivedDataCache: FDerivedDataBackendGraph:  Pak pak cache file ../../../../../../Users/joey.JOEY-PC/Documents/Unreal Projects/PixelArcade/PixelArcade/DerivedDataCache/DDC.ddp not found, will not use a pak cache.
[2019.03.28-10.25.16:981][  0]LogDerivedDataCache: Unable to find inner node Pak for hierarchical cache Hierarchy.
[2019.03.28-10.25.16:981][  0]LogDerivedDataCache: FDerivedDataBackendGraph:  CompressedPak pak cache file ../../../../../../Users/joey.JOEY-PC/Documents/Unreal Projects/PixelArcade/PixelArcade/DerivedDataCache/Compressed.ddp not found, will not use a pak cache.
[2019.03.28-10.25.16:981][  0]LogDerivedDataCache: Unable to find inner node CompressedPak for hierarchical cache Hierarchy.
[2019.03.28-10.25.17:002][  0]LogDerivedDataCache: Display: Pak cache opened for reading ../../../Engine/DerivedDataCache/Compressed.ddp.
[2019.03.28-10.25.17:002][  0]LogDerivedDataCache: FDerivedDataBackendGraph:  EnterprisePak pak cache file ../../../Enterprise/DerivedDataCache/Compressed.ddp not found, will not use a pak cache.
[2019.03.28-10.25.17:002][  0]LogDerivedDataCache: Unable to find inner node EnterprisePak for hierarchical cache Hierarchy.
[2019.03.28-10.25.17:015][  0]LogDerivedDataCache: Using Local data cache path C:/Users/joey.JOEY-PC/AppData/Local/UnrealEngine/Common/DerivedDataCache: Writable
[2019.03.28-10.25.17:015][  0]LogDerivedDataCache: Shared data cache path not found in *engine.ini, will not use an Shared cache.
[2019.03.28-10.25.17:015][  0]LogDerivedDataCache: Unable to find inner node Shared for hierarchical cache Hierarchy.
[2019.03.28-10.25.17:050][  0]LogMaterial: Verifying Global Shaders for PCD3D_SM5
[2019.03.28-10.25.17:052][  0]LogSlate: Using FreeType 2.6.0
[2019.03.28-10.25.17:053][  0]LogSlate: SlateFontServices - WITH_FREETYPE: 1, WITH_HARFBUZZ: 1
[2019.03.28-10.25.17:229][  0]LogInit: Using OS detected language (en-US).
[2019.03.28-10.25.17:229][  0]LogInit: Using OS detected locale (en-US).
[2019.03.28-10.25.17:229][  0]LogTextLocalizationManager: No localization for 'en-US' exists, so 'en' will be used for the language.
[2019.03.28-10.25.17:229][  0]LogTextLocalizationManager: No localization for 'en-US' exists, so 'en' will be used for the locale.
[2019.03.28-10.25.17:229][  0]LogSlate: FontCache flush requested. Reason: Culture for localization was changed
[2019.03.28-10.25.17:229][  0]LogSlate: FontCache flush requested. Reason: Culture for localization was changed
[2019.03.28-10.25.17:677][  0]LogStreaming: Display: Took  0.448s to InitGameTextLocalization.
[2019.03.28-10.25.17:690][  0]LogAssetRegistry: FAssetRegistry took 0.0072 seconds to start up
[2019.03.28-10.25.18:049][  0]LogPackageLocalizationCache: Processed 12 localized package path(s) for 1 prioritized culture(s) in 0.024458 seconds
[2019.03.28-10.25.18:223][  0]LogInit: Selected Device Profile: [Windows]
[2019.03.28-10.25.18:437][  0]LogSimplygon: Simplygon DLL not present - disabling.
[2019.03.28-10.25.18:444][  0]LogMeshReduction: Using SimplygonSwarm for distributed automatic mesh merging
[2019.03.28-10.25.18:444][  0]LogMeshReduction: Using ProxyLODMeshReduction for automatic mesh merging
[2019.03.28-10.25.18:444][  0]LogMeshReduction: Using QuadricMeshReduction for automatic static mesh reduction
[2019.03.28-10.25.18:444][  0]LogMeshReduction: No automatic skeletal mesh reduction module available
[2019.03.28-10.25.18:466][  0]LogNetVersion: PixelArcade 1.0.0, NetCL: 4541578, EngineNetVer: 5, GameNetVer: 0 (Checksum: 3322908292)
[2019.03.28-10.25.19:289][  0]LogMoviePlayer: Initializing movie player
[2019.03.28-10.25.19:420][  0]LogTcpMessaging: Initializing TcpMessaging bridge
[2019.03.28-10.25.19:434][  0]LogUdpMessaging: Initializing bridge on interface 0.0.0.0:0 to multicast group 230.0.0.1:6666.
[2019.03.28-10.25.19:518][  0]LogCollectionManager: Loaded 0 collections in 0.003055 seconds
[2019.03.28-10.25.19:544][  0]LogFileCache: Scanning file cache for directory 'C:/Users/joey.JOEY-PC/Documents/Unreal Projects/PixelArcade/PixelArcade/Saved/Collections/' took 0.01s
[2019.03.28-10.25.19:544][  0]LogFileCache: Scanning file cache for directory 'C:/Users/joey.JOEY-PC/Documents/Unreal Projects/PixelArcade/PixelArcade/Content/Developers/joey/Collections/' took 0.01s
[2019.03.28-10.25.19:544][  0]LogFileCache: Scanning file cache for directory 'C:/Users/joey.JOEY-PC/Documents/Unreal Projects/PixelArcade/PixelArcade/Content/Collections/' took 0.00s
[2019.03.28-10.25.19:544][  0]LogCollectionManager: Rebuilt the object cache for 0 collections in 0.000000 seconds (found 0 objects)
[2019.03.28-10.25.19:544][  0]LogCollectionManager: Fixed up redirectors for 0 collections in 0.000117 seconds (updated 0 objects)
[2019.03.28-10.25.19:602][  0]SourceControl: Source control is disabled
[2019.03.28-10.25.19:602][  0]SourceControl: Source control is disabled
[2019.03.28-10.25.19:603][  0]SourceControl: Source control is disabled
[2019.03.28-10.25.19:758][  0]LogAndroidPermission: UAndroidPermissionCallbackProxy::GetInstance
[2019.03.28-10.25.19:866][  0]LogOcInput: OculusInput pre-init called
[2019.03.28-10.25.19:877][  0]LogUObjectArray: 44021 objects as part of root set at end of initial load.
[2019.03.28-10.25.19:877][  0]LogUObjectAllocator: 7742936 out of 0 bytes used by permanent object pool.
[2019.03.28-10.25.19:877][  0]LogUObjectArray: CloseDisregardForGC: 0/0 objects in disregard for GC pool
[2019.03.28-10.25.20:026][  0]LogEngine: Initializing Engine...
[2019.03.28-10.25.20:027][  0]LogHMD: Failed to initialize OpenVR with code 110
[2019.03.28-10.25.20:040][  0]LogStats: UGameplayTagsManager::ConstructGameplayTagTree: ImportINI prefixes -  0.000 s
[2019.03.28-10.25.20:040][  0]LogStats: UGameplayTagsManager::ConstructGameplayTagTree: Construct from data asset -  0.000 s
[2019.03.28-10.25.20:040][  0]LogStats: UGameplayTagsManager::ConstructGameplayTagTree: ImportINI -  0.000 s
[2019.03.28-10.25.20:040][  0]LogStats: UGameplayTagsManager::ConstructGameplayTagTree: GameplayTagTreeChangedEvent.Broadcast -  0.000 s
[2019.03.28-10.25.20:304][  0]LogInit: Initializing FReadOnlyCVARCache
[2019.03.28-10.25.20:323][  0]LogInit: XAudio2 using 'Speakers (Conexant SmartAudio HD)' : 2 channels at 44.1 kHz using 32 bits per sample (channel mask 0x3)
[2019.03.28-10.25.20:371][  0]LogInit: FAudioDevice initialized.
[2019.03.28-10.25.20:383][  0]LogNetVersion: Set ProjectVersion to 1.0.0.0. Version Checksum will be recalculated on next use.
[2019.03.28-10.25.20:398][  0]LogInit: Texture streaming: Enabled
[2019.03.28-10.25.20:617][  0]LogSlate: Updating window title bar state: overlay mode, drag disabled, window buttons hidden, title bar hidden
[2019.03.28-10.25.20:617][  0]LogInit: Display: Game Engine Initialized.
[2019.03.28-10.25.20:617][  0]LogGameplayTags: Display: UGameplayTagsManager::DoneAddingNativeTags. DelegateIsBound: 0
[2019.03.28-10.25.20:617][  0]LogStats: UGameplayTagsManager::ConstructGameplayTagTree: ImportINI prefixes -  0.000 s
[2019.03.28-10.25.20:617][  0]LogStats: UGameplayTagsManager::ConstructGameplayTagTree: Construct from data asset -  0.000 s
[2019.03.28-10.25.20:617][  0]LogStats: UGameplayTagsManager::ConstructGameplayTagTree: ImportINI -  0.000 s
[2019.03.28-10.25.20:617][  0]LogStats: UGameplayTagsManager::ConstructGameplayTagTree: GameplayTagTreeChangedEvent.Broadcast -  0.000 s
[2019.03.28-10.25.20:644][  0]LogInit: Display: Starting Game.
[2019.03.28-10.25.20:644][  0]LogNet: Browse: /Game/PixelWorlds/PixelMenu?Name=Player
[2019.03.28-10.25.20:645][  0]LogLoad: LoadMap: /Game/PixelWorlds/PixelMenu?Name=Player
[2019.03.28-10.25.20:791][  0]LogLinker: Can't find file '/Game/SimpleInventory/Item_Base_Icon'
[2019.03.28-10.25.20:792][  0]LogLinker: Can't find file '/Game/SimpleInventory/Item_Base_Icon'
[2019.03.28-10.25.20:946][  0]LogLinker: Can't find file '/Game/SimpleInventory/Item_Base'
[2019.03.28-10.25.20:947][  0]LogLinker: Can't find file '/Game/SimpleInventory/Item_Base'
[2019.03.28-10.25.23:030][  0]LogAIModule: Creating AISystem for world PixelMenu
[2019.03.28-10.25.23:031][  0]LogLoad: Game class is 'GM_PixelMenu_C'
[2019.03.28-10.25.23:044][  0]LogWorld: Bringing World /Game/PixelWorlds/PixelMenu.PixelMenu up for play (max tick rate 0) at 2019.03.28-11.25.23
[2019.03.28-10.25.23:044][  0]LogWorld: Bringing up level for play took: 0.012219
[2019.03.28-10.25.23:197][  0]LogOnlineSession: Warning: STEAM: Can't destroy a null online session (GameSession)
[2019.03.28-10.25.23:584][  0]LogLoad: Took 2.939619 seconds to LoadMap(/Game/PixelWorlds/PixelMenu)
[2019.03.28-10.25.23:655][  0]LogRenderer: Reallocating scene render targets to support 1280x720 Format 10 NumSamples 1 (Frame:1).
[2019.03.28-10.25.23:655][  0]LogLoad: (Engine Initialization) Total time: 12.18 seconds
[2019.03.28-10.25.23:655][  0]LogLoad: (Engine Initialization) Total Blueprint compile time: 0.00 seconds
[2019.03.28-10.25.23:679][  0]LogContentStreaming: Texture pool size now 1000 MB
[2019.03.28-10.25.29:176][ 86]LogSlate: FSceneViewport::OnFocusLost() reason 0
[2019.03.28-10.25.58:600][862]LogBlueprintUserMessages: [MM_Player_C_0] Searching For Sessions....
[2019.03.28-10.26.00:172][903]LogOnlineSession: STEAM: Found 0 lobbies, finalizing the search
[2019.03.28-10.26.00:832][921]LogOnlineSession: Warning: STEAM: Server response IP:85.214.17.177
[2019.03.28-10.26.00:832][921]LogOnlineSession: Warning: STEAM: Removed incompatible build: ServerBuildUniqueId = 0x00000000, GetBuildUniqueId() = 0x00454c8a
[2019.03.28-10.26.00:882][922]LogOnlineSession: Warning: STEAM: Server response IP:31.186.103.206
[2019.03.28-10.26.00:882][922]LogOnlineSession: Warning: STEAM: Removed incompatible build: ServerBuildUniqueId = 0x00000000, GetBuildUniqueId() = 0x00454c8a
[2019.03.28-10.26.01:394][935]LogBlueprintUserMessages: [MM_Player_C_0] Searching For Sessions....
[2019.03.28-10.26.01:552][939]LogBlueprintUserMessages: [MM_Player_C_0] Searching For Sessions....
[2019.03.28-10.26.01:702][943]LogBlueprintUserMessages: [MM_Player_C_0] Searching For Sessions....
[2019.03.28-10.26.01:896][948]LogBlueprintUserMessages: [MM_Player_C_0] Searching For Sessions....
[2019.03.28-10.26.02:047][952]LogBlueprintUserMessages: [MM_Player_C_0] Searching For Sessions....
[2019.03.28-10.26.02:205][956]LogBlueprintUserMessages: [MM_Player_C_0] Searching For Sessions....
[2019.03.28-10.26.02:394][961]LogBlueprintUserMessages: [MM_Player_C_0] Searching For Sessions....
[2019.03.28-10.26.02:395][961]LogOnlineSession: Warning: STEAM: Ignoring game search request while one is pending
[2019.03.28-10.26.02:589][966]LogBlueprintUserMessages: [MM_Player_C_0] Searching For Sessions....
[2019.03.28-10.26.02:701][969]LogOnlineSession: Warning: STEAM: Failed to respond IP:196.52.84.43
[2019.03.28-10.26.02:752][971]LogOnlineSession: Warning: STEAM: Failed to respond IP:125.33.207.76
[2019.03.28-10.26.02:784][971]LogBlueprintUserMessages: [MM_Player_C_0] Searching For Sessions....
[2019.03.28-10.26.02:936][975]LogBlueprintUserMessages: [MM_Player_C_0] Searching For Sessions....
[2019.03.28-10.26.03:282][984]LogBlueprintUserMessages: [MM_Player_C_0] Searching For Sessions....
[2019.03.28-10.26.03:476][989]LogBlueprintUserMessages: [MM_Player_C_0] Searching For Sessions....
[2019.03.28-10.26.03:628][993]LogBlueprintUserMessages: [MM_Player_C_0] Searching For Sessions....
[2019.03.28-10.26.03:784][997]LogBlueprintUserMessages: [MM_Player_C_0] Searching For Sessions....
[2019.03.28-10.26.03:897][  0]LogBlueprintUserMessages: [MM_Player_C_0] Searching For Sessions....
[2019.03.28-10.26.04:048][  4]LogBlueprintUserMessages: [MM_Player_C_0] Searching For Sessions....
[2019.03.28-10.26.04:127][  6]LogOnlineSession: STEAM: Found 0 lobbies, finalizing the search
[2019.03.28-10.26.04:127][  6]LogOnlineSession: Warning: STEAM: Ignoring game search request while one is pending
[2019.03.28-10.26.04:204][  8]LogBlueprintUserMessages: [MM_Player_C_0] Searching For Sessions....
[2019.03.28-10.26.04:354][ 12]LogBlueprintUserMessages: [MM_Player_C_0] Searching For Sessions....
[2019.03.28-10.26.04:473][ 15]LogBlueprintUserMessages: [MM_Player_C_0] Searching For Sessions....
[2019.03.28-10.26.04:623][ 19]LogBlueprintUserMessages: [MM_Player_C_0] Searching For Sessions....
[2019.03.28-10.26.04:624][ 19]LogOnlineSession: Warning: STEAM: Ignoring game search request while one is pending
[2019.03.28-10.26.04:735][ 22]LogOnlineSession: Warning: STEAM: Server response IP:85.214.17.177
[2019.03.28-10.26.04:735][ 22]LogOnlineSession: Warning: STEAM: Removed incompatible build: ServerBuildUniqueId = 0x00000000, GetBuildUniqueId() = 0x00454c8a
[2019.03.28-10.26.04:779][ 23]LogBlueprintUserMessages: [MM_Player_C_0] Searching For Sessions....
[2019.03.28-10.26.04:787][ 24]LogOnlineSession: Warning: STEAM: Server response IP:31.186.103.206
[2019.03.28-10.26.04:787][ 24]LogOnlineSession: Warning: STEAM: Removed incompatible build: ServerBuildUniqueId = 0x00000000, GetBuildUniqueId() = 0x00454c8a
[2019.03.28-10.26.04:893][ 26]LogBlueprintUserMessages: [MM_Player_C_0] Searching For Sessions....
[2019.03.28-10.26.05:043][ 30]LogBlueprintUserMessages: [MM_Player_C_0] Searching For Sessions....
[2019.03.28-10.26.05:202][ 34]LogBlueprintUserMessages: [MM_Player_C_0] Searching For Sessions....
[2019.03.28-10.26.05:351][ 38]LogBlueprintUserMessages: [MM_Player_C_0] Searching For Sessions....
[2019.03.28-10.26.05:509][ 42]LogBlueprintUserMessages: [MM_Player_C_0] Searching For Sessions....
[2019.03.28-10.26.05:660][ 46]LogBlueprintUserMessages: [MM_Player_C_0] Searching For Sessions....
[2019.03.28-10.26.05:779][ 49]LogOnlineSession: Warning: STEAM: Ignoring game search request while one is pending
[2019.03.28-10.26.05:968][ 54]LogBlueprintUserMessages: [MM_Player_C_0] Searching For Sessions....
[2019.03.28-10.26.06:081][ 57]LogBlueprintUserMessages: [MM_Player_C_0] Searching For Sessions....
[2019.03.28-10.26.06:239][ 61]LogBlueprintUserMessages: [MM_Player_C_0] Searching For Sessions....
[2019.03.28-10.26.06:390][ 65]LogBlueprintUserMessages: [MM_Player_C_0] Searching For Sessions....
[2019.03.28-10.26.06:510][ 68]LogBlueprintUserMessages: [MM_Player_C_0] Searching For Sessions....
[2019.03.28-10.26.06:607][ 71]LogOnlineSession: Warning: STEAM: Failed to respond IP:196.52.84.43
[2019.03.28-10.26.06:658][ 72]LogOnlineSession: Warning: STEAM: Failed to respond IP:125.33.207.76
[2019.03.28-10.26.06:674][ 72]LogBlueprintUserMessages: [MM_Player_C_0] Searching For Sessions....
[2019.03.28-10.26.06:825][ 76]LogBlueprintUserMessages: [MM_Player_C_0] Searching For Sessions....
[2019.03.28-10.26.06:982][ 80]LogBlueprintUserMessages: [MM_Player_C_0] Searching For Sessions....
[2019.03.28-10.26.07:136][ 84]LogBlueprintUserMessages: [MM_Player_C_0] Searching For Sessions....
[2019.03.28-10.26.07:288][ 88]LogBlueprintUserMessages: [MM_Player_C_0] Searching For Sessions....
[2019.03.28-10.26.07:444][ 92]LogBlueprintUserMessages: [MM_Player_C_0] Searching For Sessions....
[2019.03.28-10.26.07:594][ 96]LogOnlineSession: STEAM: Found 1 lobbies, finalizing the search
[2019.03.28-10.26.07:594][ 96]LogOnlineSession: STEAM: Search result 0: LobbyId=Lobby[0x1860000017FCA42], LobbyId.IsValid()=true, CSteamID(LobbyId).IsLobby()=true
[2019.03.28-10.26.07:597][ 96]LogScript: Script Msg: Found a session. Ping is 9999
[2019.03.28-10.26.07:597][ 96]LogOnlineSession: Warning: STEAM: Ignoring game search request while one is pending
[2019.03.28-10.26.07:597][ 96]LogOnlineSession: Warning: STEAM: Ignoring game search request while one is pending
[2019.03.28-10.26.07:597][ 96]LogBlueprintUserMessages: [MM_Player_C_0] Searching For Sessions....
[2019.03.28-10.26.07:746][100]LogBlueprintUserMessages: [MM_Player_C_0] Searching For Sessions....
[2019.03.28-10.26.07:904][104]LogBlueprintUserMessages: [MM_Player_C_0] Searching For Sessions....
[2019.03.28-10.26.07:979][106]LogOnlineSession: Warning: STEAM: Ignoring game search request while one is pending
[2019.03.28-10.26.08:054][108]LogBlueprintUserMessages: [MM_Player_C_0] Searching For Sessions....
[2019.03.28-10.26.08:104][110]LogOnlineSession: Warning: STEAM: Server response IP:85.214.17.177
[2019.03.28-10.26.08:104][110]LogOnlineSession: Warning: STEAM: Removed incompatible build: ServerBuildUniqueId = 0x00000000, GetBuildUniqueId() = 0x00454c8a
[2019.03.28-10.26.08:155][111]LogOnlineSession: Warning: STEAM: Server response IP:31.186.103.206
[2019.03.28-10.26.08:155][111]LogOnlineSession: Warning: STEAM: Removed incompatible build: ServerBuildUniqueId = 0x00000000, GetBuildUniqueId() = 0x00454c8a
[2019.03.28-10.26.08:211][112]LogBlueprintUserMessages: [MM_Player_C_0] Searching For Sessions....
[2019.03.28-10.26.08:400][117]LogBlueprintUserMessages: [MM_Player_C_0] Searching For Sessions....
[2019.03.28-10.26.08:557][121]LogBlueprintUserMessages: [MM_Player_C_0] Searching For Sessions....
[2019.03.28-10.26.08:790][127]LogBlueprintUserMessages: [MM_Player_C_0] Searching For Sessions....
[2019.03.28-10.26.08:866][129]LogBlueprintUserMessages: [MM_Player_C_0] Searching For Sessions....
[2019.03.28-10.26.09:016][133]LogOnlineSession: Warning: STEAM: Ignoring game search request while one is pending
[2019.03.28-10.26.09:211][138]LogBlueprintUserMessages: [MM_Player_C_0] Searching For Sessions....
[2019.03.28-10.26.09:325][141]LogBlueprintUserMessages: [MM_Player_C_0] Searching For Sessions....
[2019.03.28-10.26.09:904][156]LogBlueprintUserMessages: [MM_Player_C_0] Searching For Sessions....
[2019.03.28-10.26.09:971][158]LogOnlineSession: Warning: STEAM: Failed to respond IP:196.52.84.43
[2019.03.28-10.26.10:016][159]LogBlueprintUserMessages: [MM_Player_C_0] Searching For Sessions....
[2019.03.28-10.26.10:023][160]LogOnlineSession: Warning: STEAM: Failed to respond IP:125.33.207.76
[2019.03.28-10.26.10:175][163]LogBlueprintUserMessages: [MM_Player_C_0] Searching For Sessions....
[2019.03.28-10.26.10:324][167]LogBlueprintUserMessages: [MM_Player_C_0] Searching For Sessions....
[2019.03.28-10.26.10:558][173]LogBlueprintUserMessages: [MM_Player_C_0] Searching For Sessions....
[2019.03.28-10.26.10:670][176]LogBlueprintUserMessages: [MM_Player_C_0] Searching For Sessions....
[2019.03.28-10.26.10:789][179]LogOnlineSession: STEAM: Found 1 lobbies, finalizing the search
[2019.03.28-10.26.10:789][179]LogOnlineSession: STEAM: Search result 0: LobbyId=Lobby[0x1860000017FCA42], LobbyId.IsValid()=true, CSteamID(LobbyId).IsLobby()=true
[2019.03.28-10.26.10:790][179]LogScript: Script Msg: Found a session. Ping is 9999
[2019.03.28-10.26.10:790][179]LogOnlineSession: Warning: STEAM: Ignoring game search request while one is pending
[2019.03.28-10.26.10:790][179]LogOnlineSession: Warning: STEAM: Ignoring game search request while one is pending
[2019.03.28-10.26.10:791][179]LogBlueprintUserMessages: [MM_Player_C_0] Searching For Sessions....
[2019.03.28-10.26.10:866][181]LogBlueprintUserMessages: [MM_Player_C_0] Searching For Sessions....
[2019.03.28-10.26.10:979][184]LogBlueprintUserMessages: [MM_Player_C_0] Searching For Sessions....
[2019.03.28-10.26.11:055][186]LogScript: Warning: Script Msg: Attempted to access index 0 from array 'Temp_struct_Variable' of length 0 in '/Game/MyMenu/MM_Player/MM_Player.MM_Player_C:ExecuteUbergraph_MM_Player'!
[2019.03.28-10.26.11:055][186]LogOnlineSession: Warning: STEAM: Invalid session info on search result
[2019.03.28-10.26.11:056][186]LogOnlineSession: Warning: STEAM: Can't destroy a null online session (GameSession)
[2019.03.28-10.26.11:326][193]LogOnlineSession: Warning: STEAM: Ignoring game search request while one is pending
[2019.03.28-10.26.11:398][195]LogOnlineSession: Warning: STEAM: Server response IP:85.214.17.177
[2019.03.28-10.26.11:398][195]LogOnlineSession: Warning: STEAM: Removed incompatible build: ServerBuildUniqueId = 0x00000000, GetBuildUniqueId() = 0x00454c8a
[2019.03.28-10.26.11:449][197]LogOnlineSession: Warning: STEAM: Server response IP:31.186.103.206
[2019.03.28-10.26.11:449][197]LogOnlineSession: Warning: STEAM: Removed incompatible build: ServerBuildUniqueId = 0x00000000, GetBuildUniqueId() = 0x00454c8a
[2019.03.28-10.26.13:269][243]LogOnlineSession: Warning: STEAM: Failed to respond IP:196.52.84.43
[2019.03.28-10.26.13:320][244]LogOnlineSession: Warning: STEAM: Failed to respond IP:125.33.207.76
[2019.03.28-10.26.14:311][269]LogScript: Warning: Script Msg: Attempted to access index 0 from array 'Temp_struct_Variable' of length 0 in '/Game/MyMenu/MM_Player/MM_Player.MM_Player_C:ExecuteUbergraph_MM_Player'!
[2019.03.28-10.26.14:311][269]LogOnlineSession: Warning: STEAM: Invalid session info on search result
[2019.03.28-10.26.14:312][269]LogOnlineSession: Warning: STEAM: Can't destroy a null online session (GameSession)
[2019.03.28-10.27.07:633][580]LogRenderer: Reallocating scene render targets to support 1600x840 Format 10 NumSamples 1 (Frame:2583).
[2019.03.28-10.27.08:611][594]LogRenderer: Reallocating scene render targets to support 1280x720 Format 10 NumSamples 1 (Frame:2598).
[2019.03.28-10.27.08:699][596]LogRenderer: Reallocating scene render targets to support 1600x840 Format 10 NumSamples 1 (Frame:2599).
[2019.03.28-10.27.08:742][598]LogRenderer: Reallocating scene render targets to support 1280x720 Format 10 NumSamples 1 (Frame:2600).
[2019.03.28-10.27.23:460][956]LogSlate: Window 'PixelArcade (64-bit Development PCD3D_SM5) ' being destroyed
[2019.03.28-10.27.23:461][956]LogWindowsTextInputMethodSystem: Display: IME system now deactivated.
[2019.03.28-10.27.23:470][956]LogWindowsTextInputMethodSystem: Display: IME system now deactivated.
[2019.03.28-10.27.23:472][956]LogSlate: Updating window title bar state: overlay mode, drag disabled, window buttons hidden, title bar hidden
[2019.03.28-10.27.23:472][956]LogEngine: All Windows Closed
[2019.03.28-10.27.23:472][956]LogWindows: FPlatformMisc::RequestExit(0)
[2019.03.28-10.27.24:103][957]LogExit: Preparing to exit.
[2019.03.28-10.27.24:103][957]LogMoviePlayer: Shutting down movie player
