Log file open, 03/26/19 13:17:26
LogWindows: Failed to load 'aqProf.dll' (GetLastError=126)
LogWindows: File 'aqProf.dll' does not exist
LogWindows: Failed to load 'VtuneApi.dll' (GetLastError=126)
LogWindows: File 'VtuneApi.dll' does not exist
LogWindows: Failed to load 'VtuneApi32e.dll' (GetLastError=126)
LogWindows: File 'VtuneApi32e.dll' does not exist
LogConsoleResponse: Display: Failed to find resolution value strings in scalability ini. Falling back to default.
LogInit: Display: Running engine for game: PixelArcade
LogPakFile: Registered encryption key '00000000000000000000000000000000': 0 pak files mounted, 0 remain pending
LogPlatformFile: Not using cached read wrapper
LogTaskGraph: Started task graph with 5 named threads and 23 total threads with 3 sets of task threads.
LogStats: Stats thread started at 0.315541
LogD3D11RHI: Loaded GFSDK_Aftermath_Lib.x64.dll
LogICUInternationalization: ICU TimeZone Detection - Raw Offset: +1:00, Platform Override: ''
LogPluginManager: Mounting plugin Paper2D
LogPluginManager: Mounting plugin AISupport
LogPluginManager: Mounting plugin LightPropagationVolume
LogPluginManager: Mounting plugin ActorLayerUtilities
LogPluginManager: Mounting plugin CLionSourceCodeAccess
LogPluginManager: Mounting plugin CodeLiteSourceCodeAccess
LogPluginManager: Mounting plugin GitSourceControl
LogPluginManager: Mounting plugin KDevelopSourceCodeAccess
LogPluginManager: Mounting plugin NullSourceCodeAccess
LogPluginManager: Mounting plugin PerforceSourceControl
LogPluginManager: Mounting plugin SubversionSourceControl
LogPluginManager: Mounting plugin UObjectPlugin
LogPluginManager: Mounting plugin VisualStudioCodeSourceCodeAccess
LogPluginManager: Mounting plugin VisualStudioSourceCodeAccess
LogPluginManager: Mounting plugin XCodeSourceCodeAccess
LogPluginManager: Mounting plugin AssetManagerEditor
LogPluginManager: Mounting plugin CryptoKeys
LogPluginManager: Mounting plugin DataValidation
LogPluginManager: Mounting plugin FacialAnimation
LogPluginManager: Mounting plugin GameplayTagsEditor
LogPluginManager: Mounting plugin MacGraphicsSwitching
LogPluginManager: Mounting plugin MeshEditor
LogPluginManager: Mounting plugin MobileLauncherProfileWizard
LogPluginManager: Mounting plugin PluginBrowser
LogPluginManager: Mounting plugin SpeedTreeImporter
LogPluginManager: Mounting plugin DatasmithContent
LogPluginManager: Mounting plugin VariantManagerContent
LogPluginManager: Mounting plugin AlembicImporter
LogPluginManager: Mounting plugin AppleImageUtils
LogPluginManager: Mounting plugin AppleVision
LogPluginManager: Mounting plugin BackChannel
LogPluginManager: Mounting plugin CharacterAI
LogPluginManager: Mounting plugin GeometryCache
LogPluginManager: Mounting plugin HTML5Networking
LogPluginManager: Mounting plugin ProxyLODPlugin
LogPluginManager: Mounting plugin MagicLeap
LogPluginManager: Mounting plugin MagicLeapMedia
LogPluginManager: Mounting plugin ProductivityTools
LogPluginManager: Mounting plugin SubsystemConfigurator
LogPluginManager: Mounting plugin AndroidMedia
LogPluginManager: Mounting plugin AvfMedia
LogPluginManager: Mounting plugin ImgMedia
LogPluginManager: Mounting plugin LinearTimecode
LogPluginManager: Mounting plugin MediaCompositing
LogPluginManager: Mounting plugin MediaPlayerEditor
LogPluginManager: Mounting plugin WebMMedia
LogPluginManager: Mounting plugin WmfMedia
LogPluginManager: Mounting plugin TcpMessaging
LogPluginManager: Mounting plugin UdpMessaging
LogPluginManager: Mounting plugin ActorSequence
LogPluginManager: Mounting plugin LevelSequenceEditor
LogPluginManager: Mounting plugin MatineeToLevelSequence
LogPluginManager: Mounting plugin NetcodeUnitTest
LogPluginManager: Mounting plugin NUTUnrealEngine4
LogPluginManager: Mounting plugin OnlineSubsystemGooglePlay
LogPluginManager: Mounting plugin OnlineSubsystemIOS
LogPluginManager: Mounting plugin OnlineSubsystem
LogPluginManager: Mounting plugin OnlineSubsystemNull
LogPluginManager: Mounting plugin OnlineSubsystemSteam
LogPluginManager: Mounting plugin OnlineSubsystemUtils
LogPluginManager: Mounting plugin LauncherChunkInstaller
LogPluginManager: Mounting plugin AndroidDeviceProfileSelector
LogPluginManager: Mounting plugin AndroidMoviePlayer
LogPluginManager: Mounting plugin AndroidPermission
LogPluginManager: Mounting plugin ApexDestruction
LogPluginManager: Mounting plugin AppleMoviePlayer
LogPluginManager: Mounting plugin ArchVisCharacter
LogPluginManager: Mounting plugin AudioCapture
LogPluginManager: Mounting plugin CableComponent
LogPluginManager: Mounting plugin CustomMeshComponent
LogPluginManager: Mounting plugin EditableMesh
LogPluginManager: Mounting plugin ExampleDeviceProfileSelector
LogPluginManager: Mounting plugin Firebase
LogPluginManager: Mounting plugin GoogleCloudMessaging
LogPluginManager: Mounting plugin IOSDeviceProfileSelector
LogPluginManager: Mounting plugin LinuxDeviceProfileSelector
LogPluginManager: Mounting plugin LocationServicesBPLibrary
LogPluginManager: Mounting plugin MobilePatchingUtils
LogPluginManager: Mounting plugin OculusVR
LogPluginManager: Mounting plugin PhysXVehicles
LogPluginManager: Mounting plugin ProceduralMeshComponent
LogPluginManager: Mounting plugin RuntimePhysXCooking
LogPluginManager: Mounting plugin SteamVR
LogPluginManager: Mounting plugin WebMMoviePlayer
LogPluginManager: Mounting plugin WindowsMoviePlayer
LogStreaming: Display: Took  0.159s to configure plugins.
LogInit: Using libcurl 7.55.1-DEV
LogInit:  - built for x86_64-pc-win32
LogInit:  - supports SSL with OpenSSL/1.0.2h
LogInit:  - supports HTTP deflate (compression) using libz 1.2.8
LogInit:  - other features:
LogInit:      CURL_VERSION_SSL
LogInit:      CURL_VERSION_LIBZ
LogInit:      CURL_VERSION_IPV6
LogInit:      CURL_VERSION_ASYNCHDNS
LogInit:      CURL_VERSION_LARGEFILE
LogInit:      CURL_VERSION_IDN
LogInit:  CurlRequestOptions (configurable via config and command line):
LogInit:  - bVerifyPeer = true  - Libcurl will verify peer certificate
LogInit:  - bUseHttpProxy = false  - Libcurl will NOT use HTTP proxy
LogInit:  - bDontReuseConnections = false  - Libcurl will reuse connections
LogInit:  - MaxHostConnections = 16  - Libcurl will limit the number of connections to a host
LogInit:  - LocalHostAddr = Default
LogInit:  - BufferSize = 65536
LogOnline: Display: STEAM: Loading Steam SDK 1.39
LogOnline: Warning: STEAM: Steam API disabled!
LogOnline: Display: STEAM: OnlineSubsystemSteam::Shutdown()
LogOnline: OSS: Unable to create OnlineSubsystem module Steam
LogInit: WinSock: version 1.1 (2.2), MaxSocks=32767, MaxUdp=65467
LogInit: Build: ++UE4+Release-4.21-CL-4753647
LogInit: Engine Version: 4.21.2-4753647+++UE4+Release-4.21
LogInit: Compatible Engine Version: 4.21.0-4541578+++UE4+Release-4.21
LogInit: Net CL: 4541578
LogInit: OS: Windows 10 (), CPU:       Intel(R) Core(TM) i7-3632QM CPU @ 2.20GHz, GPU: Intel(R) HD Graphics 4000
LogInit: Compiled (64-bit): Jan 19 2019 02:07:31
LogInit: Compiled with Visual C++: 19.13.26129.00
LogInit: Build Configuration: Development
LogInit: Branch Name: ++UE4+Release-4.21
LogInit: Command Line: 
LogInit: Base Directory: C:/Program Files/Epic Games/UE_4.21/Engine/Binaries/Win64/
LogInit: Installed Engine Build: 1
LogDevObjectVersion: Number of dev versions registered: 22
LogDevObjectVersion:   Dev-Blueprints (B0D832E4-1F89-4F0D-ACCF-7EB736FD4AA2): 10
LogDevObjectVersion:   Dev-Build (E1C64328-A22C-4D53-A36C-8E866417BD8C): 0
LogDevObjectVersion:   Dev-Core (375EC13C-06E4-48FB-B500-84F0262A717E): 2
LogDevObjectVersion:   Dev-Editor (E4B068ED-F494-42E9-A231-DA0B2E46BB41): 26
LogDevObjectVersion:   Dev-Framework (CFFC743F-43B0-4480-9391-14DF171D2073): 34
LogDevObjectVersion:   Dev-Mobile (B02B49B5-BB20-44E9-A304-32B752E40360): 2
LogDevObjectVersion:   Dev-Networking (A4E4105C-59A1-49B5-A7C5-40C4547EDFEE): 0
LogDevObjectVersion:   Dev-Online (39C831C9-5AE6-47DC-9A44-9C173E1C8E7C): 0
LogDevObjectVersion:   Dev-Physics (78F01B33-EBEA-4F98-B9B4-84EACCB95AA2): 0
LogDevObjectVersion:   Dev-Platform (6631380F-2D4D-43E0-8009-CF276956A95A): 0
LogDevObjectVersion:   Dev-Rendering (12F88B9F-8875-4AFC-A67C-D90C383ABD29): 27
LogDevObjectVersion:   Dev-Sequencer (7B5AE74C-D270-4C10-A958-57980B212A5A): 9
LogDevObjectVersion:   Dev-VR (D7296918-1DD6-4BDD-9DE2-64A83CC13884): 2
LogDevObjectVersion:   Dev-LoadTimes (C2A15278-BFE7-4AFE-6C17-90FF531DF755): 1
LogDevObjectVersion:   Private-Geometry (6EACA3D4-40EC-4CC1-B786-8BED09428FC5): 3
LogDevObjectVersion:   Dev-AnimPhys (29E575DD-E0A3-4627-9D10-D276232CDCEA): 17
LogDevObjectVersion:   Dev-Anim (AF43A65D-7FD3-4947-9873-3E8ED9C1BB05): 2
LogDevObjectVersion:   Dev-ReflectionCapture (6B266CEC-1EC7-4B8F-A30B-E4D90942FC07): 1
LogDevObjectVersion:   Dev-Automation (0DF73D61-A23F-47EA-B727-89E90C41499A): 1
LogDevObjectVersion:   FortniteMain (601D1886-AC64-4F84-AA16-D3DE0DEAC7D6): 17
LogDevObjectVersion:   Dev-Enterprise (9DFFBCD6-494F-0158-E221-12823C92A888): 4
LogDevObjectVersion:   Dev-Niagara (F2AED0AC-9AFE-416F-8664-AA7FFA26D6FC): 1
LogStreaming: Display: Took  0.010s to delete old logs.
LogInit: Presizing for max 8388607 objects, including 0 objects not considered by GC, pre-allocating 0 bytes for permanent pool.
LogInit: Object subsystem initialized
LogConfig: Setting CVar [[con.DebugEarlyDefault:1]]
LogConfig: Setting CVar [[r.setres:1280x720]]
[2019.03.26-12.17.26:947][  0]LogConfig: Setting CVar [[r.VSync:0]]
[2019.03.26-12.17.26:947][  0]LogConfig: Setting CVar [[r.RHICmdBypass:0]]
[2019.03.26-12.17.26:947][  0]LogConfig: Applying CVar settings from Section [/Script/Engine.RendererSettings] File [C:/Users/joey.JOEY-PC/Documents/Unreal Projects/PixelArcade/PixelArcade/Saved/Config/Windows/Engine.ini]
[2019.03.26-12.17.26:947][  0]LogConfig: Setting CVar [[r.GPUCrashDebugging:0]]
[2019.03.26-12.17.26:947][  0]LogConfig: Applying CVar settings from Section [/Script/Engine.RendererOverrideSettings] File [C:/Users/joey.JOEY-PC/Documents/Unreal Projects/PixelArcade/PixelArcade/Saved/Config/Windows/Engine.ini]
[2019.03.26-12.17.26:947][  0]LogConfig: Applying CVar settings from Section [/Script/Engine.StreamingSettings] File [C:/Users/joey.JOEY-PC/Documents/Unreal Projects/PixelArcade/PixelArcade/Saved/Config/Windows/Engine.ini]
[2019.03.26-12.17.26:947][  0]LogConfig: Setting CVar [[s.MinBulkDataSizeForAsyncLoading:131072]]
[2019.03.26-12.17.26:947][  0]LogConfig: Setting CVar [[s.AsyncLoadingThreadEnabled:0]]
[2019.03.26-12.17.26:947][  0]LogConfig: Setting CVar [[s.EventDrivenLoaderEnabled:1]]
[2019.03.26-12.17.26:947][  0]LogConfig: Setting CVar [[s.WarnIfTimeLimitExceeded:0]]
[2019.03.26-12.17.26:947][  0]LogConfig: Setting CVar [[s.TimeLimitExceededMultiplier:1.5]]
[2019.03.26-12.17.26:947][  0]LogConfig: Setting CVar [[s.TimeLimitExceededMinTime:0.005]]
[2019.03.26-12.17.26:947][  0]LogConfig: Setting CVar [[s.UseBackgroundLevelStreaming:1]]
[2019.03.26-12.17.26:947][  0]LogConfig: Setting CVar [[s.PriorityAsyncLoadingExtraTime:15.0]]
[2019.03.26-12.17.26:947][  0]LogConfig: Setting CVar [[s.LevelStreamingActorsUpdateTimeLimit:5.0]]
[2019.03.26-12.17.26:947][  0]LogConfig: Setting CVar [[s.PriorityLevelStreamingActorsUpdateExtraTime:5.0]]
[2019.03.26-12.17.26:947][  0]LogConfig: Setting CVar [[s.LevelStreamingComponentsRegistrationGranularity:10]]
[2019.03.26-12.17.26:947][  0]LogConfig: Setting CVar [[s.UnregisterComponentsTimeLimit:1.0]]
[2019.03.26-12.17.26:947][  0]LogConfig: Setting CVar [[s.LevelStreamingComponentsUnregistrationGranularity:5]]
[2019.03.26-12.17.26:947][  0]LogConfig: Applying CVar settings from Section [/Script/Engine.GarbageCollectionSettings] File [C:/Users/joey.JOEY-PC/Documents/Unreal Projects/PixelArcade/PixelArcade/Saved/Config/Windows/Engine.ini]
[2019.03.26-12.17.26:947][  0]LogConfig: Setting CVar [[gc.MaxObjectsNotConsideredByGC:1]]
[2019.03.26-12.17.26:947][  0]LogConfig: Setting CVar [[gc.SizeOfPermanentObjectPool:0]]
[2019.03.26-12.17.26:947][  0]LogConfig: Setting CVar [[gc.FlushStreamingOnGC:0]]
[2019.03.26-12.17.26:947][  0]LogConfig: Setting CVar [[gc.NumRetriesBeforeForcingGC:10]]
[2019.03.26-12.17.26:947][  0]LogConfig: Setting CVar [[gc.AllowParallelGC:1]]
[2019.03.26-12.17.26:947][  0]LogConfig: Setting CVar [[gc.TimeBetweenPurgingPendingKillObjects:61.1]]
[2019.03.26-12.17.26:947][  0]LogConfig: Setting CVar [[gc.MaxObjectsInEditor:8388607]]
[2019.03.26-12.17.26:947][  0]LogConfig: Setting CVar [[gc.IncrementalBeginDestroyEnabled:1]]
[2019.03.26-12.17.26:947][  0]LogConfig: Setting CVar [[gc.CreateGCClusters:1]]
[2019.03.26-12.17.26:947][  0]LogConfig: Setting CVar [[gc.MergeGCClusters:0]]
[2019.03.26-12.17.26:947][  0]LogConfig: Setting CVar [[gc.MinGCClusterSize:5]]
[2019.03.26-12.17.26:947][  0]LogConfig: Setting CVar [[gc.ActorClusteringEnabled:0]]
[2019.03.26-12.17.26:947][  0]LogConfig: Setting CVar [[gc.BlueprintClusteringEnabled:0]]
[2019.03.26-12.17.26:947][  0]LogConfig: Setting CVar [[gc.UseDisregardForGCOnDedicatedServers:0]]
[2019.03.26-12.17.26:947][  0]LogConfig: Applying CVar settings from Section [/Script/Engine.NetworkSettings] File [C:/Users/joey.JOEY-PC/Documents/Unreal Projects/PixelArcade/PixelArcade/Saved/Config/Windows/Engine.ini]
[2019.03.26-12.17.26:948][  0]LogConfig: Applying CVar settings from Section [/Script/UnrealEd.CookerSettings] File [C:/Users/joey.JOEY-PC/Documents/Unreal Projects/PixelArcade/PixelArcade/Saved/Config/Windows/Engine.ini]
[2019.03.26-12.17.26:951][  0]LogConfig: Applying CVar settings from Section [ViewDistanceQuality@3] File [C:/Users/joey.JOEY-PC/Documents/Unreal Projects/PixelArcade/PixelArcade/Saved/Config/Windows/Scalability.ini]
[2019.03.26-12.17.26:951][  0]LogConfig: Setting CVar [[r.SkeletalMeshLODBias:0]]
[2019.03.26-12.17.26:951][  0]LogConfig: Setting CVar [[r.ViewDistanceScale:1.0]]
[2019.03.26-12.17.26:951][  0]LogConfig: Applying CVar settings from Section [AntiAliasingQuality@3] File [C:/Users/joey.JOEY-PC/Documents/Unreal Projects/PixelArcade/PixelArcade/Saved/Config/Windows/Scalability.ini]
[2019.03.26-12.17.26:951][  0]LogConfig: Setting CVar [[r.PostProcessAAQuality:4]]
[2019.03.26-12.17.26:951][  0]LogConfig: Applying CVar settings from Section [ShadowQuality@3] File [C:/Users/joey.JOEY-PC/Documents/Unreal Projects/PixelArcade/PixelArcade/Saved/Config/Windows/Scalability.ini]
[2019.03.26-12.17.26:951][  0]LogConfig: Setting CVar [[r.LightFunctionQuality:1]]
[2019.03.26-12.17.26:951][  0]LogConfig: Setting CVar [[r.ShadowQuality:5]]
[2019.03.26-12.17.26:951][  0]LogConfig: Setting CVar [[r.Shadow.CSM.MaxCascades:10]]
[2019.03.26-12.17.26:951][  0]LogConfig: Setting CVar [[r.Shadow.MaxResolution:2048]]
[2019.03.26-12.17.26:951][  0]LogConfig: Setting CVar [[r.Shadow.MaxCSMResolution:2048]]
[2019.03.26-12.17.26:951][  0]LogConfig: Setting CVar [[r.Shadow.RadiusThreshold:0.01]]
[2019.03.26-12.17.26:951][  0]LogConfig: Setting CVar [[r.Shadow.DistanceScale:1.0]]
[2019.03.26-12.17.26:951][  0]LogConfig: Setting CVar [[r.Shadow.CSM.TransitionScale:1.0]]
[2019.03.26-12.17.26:951][  0]LogConfig: Setting CVar [[r.Shadow.PreShadowResolutionFactor:1.0]]
[2019.03.26-12.17.26:952][  0]LogConfig: Setting CVar [[r.DistanceFieldShadowing:1]]
[2019.03.26-12.17.26:952][  0]LogConfig: Setting CVar [[r.DistanceFieldAO:1]]
[2019.03.26-12.17.26:952][  0]LogConfig: Setting CVar [[r.AOQuality:2]]
[2019.03.26-12.17.26:952][  0]LogConfig: Setting CVar [[r.VolumetricFog:1]]
[2019.03.26-12.17.26:952][  0]LogConfig: Setting CVar [[r.VolumetricFog.GridPixelSize:8]]
[2019.03.26-12.17.26:952][  0]LogConfig: Setting CVar [[r.VolumetricFog.GridSizeZ:128]]
[2019.03.26-12.17.26:952][  0]LogConfig: Setting CVar [[r.VolumetricFog.HistoryMissSupersampleCount:4]]
[2019.03.26-12.17.26:952][  0]LogConfig: Setting CVar [[r.LightMaxDrawDistanceScale:1]]
[2019.03.26-12.17.26:952][  0]LogConfig: Setting CVar [[r.CapsuleShadows:1]]
[2019.03.26-12.17.26:952][  0]LogConfig: Applying CVar settings from Section [PostProcessQuality@3] File [C:/Users/joey.JOEY-PC/Documents/Unreal Projects/PixelArcade/PixelArcade/Saved/Config/Windows/Scalability.ini]
[2019.03.26-12.17.26:952][  0]LogConfig: Setting CVar [[r.MotionBlurQuality:4]]
[2019.03.26-12.17.26:952][  0]LogConfig: Setting CVar [[r.AmbientOcclusionMipLevelFactor:0.4]]
[2019.03.26-12.17.26:952][  0]LogConfig: Setting CVar [[r.AmbientOcclusionMaxQuality:100]]
[2019.03.26-12.17.26:952][  0]LogConfig: Setting CVar [[r.AmbientOcclusionLevels:-1]]
[2019.03.26-12.17.26:952][  0]LogConfig: Setting CVar [[r.AmbientOcclusionRadiusScale:1.0]]
[2019.03.26-12.17.26:952][  0]LogConfig: Setting CVar [[r.DepthOfFieldQuality:2]]
[2019.03.26-12.17.26:952][  0]LogConfig: Setting CVar [[r.RenderTargetPoolMin:400]]
[2019.03.26-12.17.26:952][  0]LogConfig: Setting CVar [[r.LensFlareQuality:2]]
[2019.03.26-12.17.26:952][  0]LogConfig: Setting CVar [[r.SceneColorFringeQuality:1]]
[2019.03.26-12.17.26:952][  0]LogConfig: Setting CVar [[r.EyeAdaptationQuality:2]]
[2019.03.26-12.17.26:952][  0]LogConfig: Setting CVar [[r.BloomQuality:5]]
[2019.03.26-12.17.26:952][  0]LogConfig: Setting CVar [[r.FastBlurThreshold:100]]
[2019.03.26-12.17.26:952][  0]LogConfig: Setting CVar [[r.Upscale.Quality:3]]
[2019.03.26-12.17.26:952][  0]LogConfig: Setting CVar [[r.Tonemapper.GrainQuantization:1]]
[2019.03.26-12.17.26:952][  0]LogConfig: Setting CVar [[r.LightShaftQuality:1]]
[2019.03.26-12.17.26:952][  0]LogConfig: Setting CVar [[r.Filter.SizeScale:1]]
[2019.03.26-12.17.26:952][  0]LogConfig: Setting CVar [[r.Tonemapper.Quality:5]]
[2019.03.26-12.17.26:952][  0]LogConfig: Setting CVar [[r.DOF.Gather.AccumulatorQuality:1        ; higher gathering accumulator quality]]
[2019.03.26-12.17.26:952][  0]LogConfig: Setting CVar [[r.DOF.Gather.PostfilterMethod:1          ; Median3x3 postfilering method]]
[2019.03.26-12.17.26:952][  0]LogConfig: Setting CVar [[r.DOF.Gather.EnableBokehSettings:0       ; no bokeh simulation when gathering]]
[2019.03.26-12.17.26:952][  0]LogConfig: Setting CVar [[r.DOF.Gather.RingCount:4                 ; medium number of samples when gathering]]
[2019.03.26-12.17.26:952][  0]LogConfig: Setting CVar [[r.DOF.Scatter.ForegroundCompositing:1    ; additive foreground scattering]]
[2019.03.26-12.17.26:952][  0]LogConfig: Setting CVar [[r.DOF.Scatter.BackgroundCompositing:2    ; additive background scattering]]
[2019.03.26-12.17.26:952][  0]LogConfig: Setting CVar [[r.DOF.Scatter.EnableBokehSettings:1      ; bokeh simulation when scattering]]
[2019.03.26-12.17.26:952][  0]LogConfig: Setting CVar [[r.DOF.Scatter.MaxSpriteRatio:0.1         ; only a maximum of 10% of scattered bokeh]]
[2019.03.26-12.17.26:952][  0]LogConfig: Setting CVar [[r.DOF.Recombine.Quality:1                ; cheap slight out of focus]]
[2019.03.26-12.17.26:952][  0]LogConfig: Setting CVar [[r.DOF.Recombine.EnableBokehSettings:0    ; no bokeh simulation on slight out of focus]]
[2019.03.26-12.17.26:952][  0]LogConfig: Setting CVar [[r.DOF.TemporalAAQuality:1                ; more stable temporal accumulation]]
[2019.03.26-12.17.26:952][  0]LogConfig: Setting CVar [[r.DOF.Kernel.MaxForegroundRadius:0.025]]
[2019.03.26-12.17.26:952][  0]LogConfig: Setting CVar [[r.DOF.Kernel.MaxBackgroundRadius:0.025]]
[2019.03.26-12.17.26:952][  0]LogConfig: Applying CVar settings from Section [TextureQuality@3] File [C:/Users/joey.JOEY-PC/Documents/Unreal Projects/PixelArcade/PixelArcade/Saved/Config/Windows/Scalability.ini]
[2019.03.26-12.17.26:952][  0]LogConfig: Setting CVar [[r.Streaming.MipBias:0]]
[2019.03.26-12.17.26:952][  0]LogConfig: Setting CVar [[r.Streaming.AmortizeCPUToGPUCopy:0]]
[2019.03.26-12.17.26:952][  0]LogConfig: Setting CVar [[r.Streaming.MaxNumTexturesToStreamPerFrame:0]]
[2019.03.26-12.17.26:952][  0]LogConfig: Setting CVar [[r.Streaming.Boost:1]]
[2019.03.26-12.17.26:952][  0]LogConfig: Setting CVar [[r.MaxAnisotropy:8]]
[2019.03.26-12.17.26:952][  0]LogConfig: Setting CVar [[r.Streaming.LimitPoolSizeToVRAM:0]]
[2019.03.26-12.17.26:952][  0]LogConfig: Setting CVar [[r.Streaming.PoolSize:1000]]
[2019.03.26-12.17.26:952][  0]LogConfig: Setting CVar [[r.Streaming.MaxEffectiveScreenSize:0]]
[2019.03.26-12.17.26:952][  0]LogConfig: Applying CVar settings from Section [EffectsQuality@3] File [C:/Users/joey.JOEY-PC/Documents/Unreal Projects/PixelArcade/PixelArcade/Saved/Config/Windows/Scalability.ini]
[2019.03.26-12.17.26:952][  0]LogConfig: Setting CVar [[r.TranslucencyLightingVolumeDim:64]]
[2019.03.26-12.17.26:953][  0]LogConfig: Setting CVar [[r.RefractionQuality:2]]
[2019.03.26-12.17.26:953][  0]LogConfig: Setting CVar [[r.SSR.Quality:3]]
[2019.03.26-12.17.26:953][  0]LogConfig: Setting CVar [[r.SceneColorFormat:4]]
[2019.03.26-12.17.26:953][  0]LogConfig: Setting CVar [[r.DetailMode:2]]
[2019.03.26-12.17.26:953][  0]LogConfig: Setting CVar [[r.TranslucencyVolumeBlur:1]]
[2019.03.26-12.17.26:953][  0]LogConfig: Setting CVar [[r.MaterialQualityLevel:1 ; High quality]]
[2019.03.26-12.17.26:953][  0]LogConfig: Setting CVar [[r.SSS.Scale:1]]
[2019.03.26-12.17.26:953][  0]LogConfig: Setting CVar [[r.SSS.SampleSet:2]]
[2019.03.26-12.17.26:953][  0]LogConfig: Setting CVar [[r.SSS.Quality:1]]
[2019.03.26-12.17.26:953][  0]LogConfig: Setting CVar [[r.SSS.HalfRes:1]]
[2019.03.26-12.17.26:953][  0]LogConfig: Setting CVar [[r.EmitterSpawnRateScale:1.0]]
[2019.03.26-12.17.26:953][  0]LogConfig: Setting CVar [[r.ParticleLightQuality:2]]
[2019.03.26-12.17.26:953][  0]LogConfig: Applying CVar settings from Section [FoliageQuality@3] File [C:/Users/joey.JOEY-PC/Documents/Unreal Projects/PixelArcade/PixelArcade/Saved/Config/Windows/Scalability.ini]
[2019.03.26-12.17.26:953][  0]LogConfig: Setting CVar [[foliage.DensityScale:1.0]]
[2019.03.26-12.17.26:953][  0]LogConfig: Setting CVar [[grass.DensityScale:1.0]]
[2019.03.26-12.17.26:953][  0]LogInit: Selected Device Profile: [Windows]
[2019.03.26-12.17.26:953][  0]LogInit: Applying CVar settings loaded from the selected device profile: [Windows]
[2019.03.26-12.17.26:971][  0]LogHAL: Display: Platform has ~ 8 GB [8452411392 / 8589934592 / 8], which maps to Default [LargestMinGB=32, LargerMinGB=12, DefaultMinGB=8, SmallerMinGB=6, SmallestMinGB=0)
[2019.03.26-12.17.26:971][  0]LogConfig: Setting CVar [[r.Vulkan.UseRealUBs:1]]
[2019.03.26-12.17.26:971][  0]LogInit: Going up to parent DeviceProfile []
[2019.03.26-12.17.26:971][  0]LogConfig: Applying CVar settings from Section [ViewDistanceQuality@0] File [C:/Users/joey.JOEY-PC/Documents/Unreal Projects/PixelArcade/PixelArcade/Saved/Config/Windows/Scalability.ini]
[2019.03.26-12.17.26:971][  0]LogConfig: Setting CVar [[r.SkeletalMeshLODBias:2]]
[2019.03.26-12.17.26:971][  0]LogConfig: Setting CVar [[r.ViewDistanceScale:0.4]]
[2019.03.26-12.17.26:971][  0]LogConfig: Applying CVar settings from Section [AntiAliasingQuality@0] File [C:/Users/joey.JOEY-PC/Documents/Unreal Projects/PixelArcade/PixelArcade/Saved/Config/Windows/Scalability.ini]
[2019.03.26-12.17.26:971][  0]LogConfig: Setting CVar [[r.PostProcessAAQuality:0]]
[2019.03.26-12.17.26:971][  0]LogConfig: Applying CVar settings from Section [ShadowQuality@0] File [C:/Users/joey.JOEY-PC/Documents/Unreal Projects/PixelArcade/PixelArcade/Saved/Config/Windows/Scalability.ini]
[2019.03.26-12.17.26:971][  0]LogConfig: Setting CVar [[r.LightFunctionQuality:0]]
[2019.03.26-12.17.26:971][  0]LogConfig: Setting CVar [[r.ShadowQuality:0]]
[2019.03.26-12.17.26:971][  0]LogConfig: Setting CVar [[r.Shadow.CSM.MaxCascades:1]]
[2019.03.26-12.17.26:971][  0]LogConfig: Setting CVar [[r.Shadow.MaxResolution:512]]
[2019.03.26-12.17.26:971][  0]LogConfig: Setting CVar [[r.Shadow.MaxCSMResolution:512]]
[2019.03.26-12.17.26:971][  0]LogConfig: Setting CVar [[r.Shadow.RadiusThreshold:0.06]]
[2019.03.26-12.17.26:971][  0]LogConfig: Setting CVar [[r.Shadow.DistanceScale:0.6]]
[2019.03.26-12.17.26:971][  0]LogConfig: Setting CVar [[r.Shadow.CSM.TransitionScale:0]]
[2019.03.26-12.17.26:971][  0]LogConfig: Setting CVar [[r.Shadow.PreShadowResolutionFactor:0.5]]
[2019.03.26-12.17.26:971][  0]LogConfig: Setting CVar [[r.DistanceFieldShadowing:0]]
[2019.03.26-12.17.26:971][  0]LogConfig: Setting CVar [[r.DistanceFieldAO:0]]
[2019.03.26-12.17.26:971][  0]LogConfig: Setting CVar [[r.VolumetricFog:0]]
[2019.03.26-12.17.26:971][  0]LogConfig: Setting CVar [[r.LightMaxDrawDistanceScale:0]]
[2019.03.26-12.17.26:971][  0]LogConfig: Setting CVar [[r.CapsuleShadows:0]]
[2019.03.26-12.17.26:971][  0]LogConfig: Applying CVar settings from Section [PostProcessQuality@0] File [C:/Users/joey.JOEY-PC/Documents/Unreal Projects/PixelArcade/PixelArcade/Saved/Config/Windows/Scalability.ini]
[2019.03.26-12.17.26:971][  0]LogConfig: Setting CVar [[r.MotionBlurQuality:0]]
[2019.03.26-12.17.26:971][  0]LogConfig: Setting CVar [[r.AmbientOcclusionMipLevelFactor:1.0]]
[2019.03.26-12.17.26:971][  0]LogConfig: Setting CVar [[r.AmbientOcclusionMaxQuality:0]]
[2019.03.26-12.17.26:971][  0]LogConfig: Setting CVar [[r.AmbientOcclusionLevels:0]]
[2019.03.26-12.17.26:971][  0]LogConfig: Setting CVar [[r.AmbientOcclusionRadiusScale:1.2]]
[2019.03.26-12.17.26:971][  0]LogConfig: Setting CVar [[r.DepthOfFieldQuality:0]]
[2019.03.26-12.17.26:971][  0]LogConfig: Setting CVar [[r.RenderTargetPoolMin:300]]
[2019.03.26-12.17.26:971][  0]LogConfig: Setting CVar [[r.LensFlareQuality:0]]
[2019.03.26-12.17.26:971][  0]LogConfig: Setting CVar [[r.SceneColorFringeQuality:0]]
[2019.03.26-12.17.26:971][  0]LogConfig: Setting CVar [[r.EyeAdaptationQuality:0]]
[2019.03.26-12.17.26:971][  0]LogConfig: Setting CVar [[r.BloomQuality:4]]
[2019.03.26-12.17.26:971][  0]LogConfig: Setting CVar [[r.FastBlurThreshold:0]]
[2019.03.26-12.17.26:971][  0]LogConfig: Setting CVar [[r.Upscale.Quality:1]]
[2019.03.26-12.17.26:971][  0]LogConfig: Setting CVar [[r.Tonemapper.GrainQuantization:0]]
[2019.03.26-12.17.26:971][  0]LogConfig: Setting CVar [[r.LightShaftQuality:0]]
[2019.03.26-12.17.26:971][  0]LogConfig: Setting CVar [[r.Filter.SizeScale:0.6]]
[2019.03.26-12.17.26:971][  0]LogConfig: Setting CVar [[r.Tonemapper.Quality:0]]
[2019.03.26-12.17.26:971][  0]LogConfig: Applying CVar settings from Section [TextureQuality@0] File [C:/Users/joey.JOEY-PC/Documents/Unreal Projects/PixelArcade/PixelArcade/Saved/Config/Windows/Scalability.ini]
[2019.03.26-12.17.26:971][  0]LogConfig: Setting CVar [[r.Streaming.MipBias:16]]
[2019.03.26-12.17.26:972][  0]LogConfig: Setting CVar [[r.Streaming.AmortizeCPUToGPUCopy:1]]
[2019.03.26-12.17.26:972][  0]LogConfig: Setting CVar [[r.Streaming.MaxNumTexturesToStreamPerFrame:1]]
[2019.03.26-12.17.26:972][  0]LogConfig: Setting CVar [[r.Streaming.Boost:0.3]]
[2019.03.26-12.17.26:972][  0]LogConfig: Setting CVar [[r.MaxAnisotropy:0]]
[2019.03.26-12.17.26:972][  0]LogConfig: Setting CVar [[r.Streaming.LimitPoolSizeToVRAM:1]]
[2019.03.26-12.17.26:972][  0]LogConfig: Setting CVar [[r.Streaming.PoolSize:400]]
[2019.03.26-12.17.26:972][  0]LogConfig: Setting CVar [[r.Streaming.MaxEffectiveScreenSize:0]]
[2019.03.26-12.17.26:972][  0]LogConfig: Applying CVar settings from Section [EffectsQuality@0] File [C:/Users/joey.JOEY-PC/Documents/Unreal Projects/PixelArcade/PixelArcade/Saved/Config/Windows/Scalability.ini]
[2019.03.26-12.17.26:972][  0]LogConfig: Setting CVar [[r.TranslucencyLightingVolumeDim:24]]
[2019.03.26-12.17.26:972][  0]LogConfig: Setting CVar [[r.RefractionQuality:0]]
[2019.03.26-12.17.26:972][  0]LogConfig: Setting CVar [[r.SSR.Quality:0]]
[2019.03.26-12.17.26:972][  0]LogConfig: Setting CVar [[r.SceneColorFormat:3]]
[2019.03.26-12.17.26:972][  0]LogConfig: Setting CVar [[r.DetailMode:0]]
[2019.03.26-12.17.26:972][  0]LogConfig: Setting CVar [[r.TranslucencyVolumeBlur:0]]
[2019.03.26-12.17.26:972][  0]LogConfig: Setting CVar [[r.MaterialQualityLevel:0 ; Low quality]]
[2019.03.26-12.17.26:972][  0]LogConfig: Setting CVar [[r.SSS.Scale:0]]
[2019.03.26-12.17.26:972][  0]LogConfig: Setting CVar [[r.SSS.SampleSet:0]]
[2019.03.26-12.17.26:972][  0]LogConfig: Setting CVar [[r.SSS.Quality:0]]
[2019.03.26-12.17.26:972][  0]LogConfig: Setting CVar [[r.SSS.HalfRes:1]]
[2019.03.26-12.17.26:972][  0]LogConfig: Setting CVar [[r.EmitterSpawnRateScale:0.125]]
[2019.03.26-12.17.26:972][  0]LogConfig: Setting CVar [[r.ParticleLightQuality:0]]
[2019.03.26-12.17.26:972][  0]LogConfig: Applying CVar settings from Section [FoliageQuality@0] File [C:/Users/joey.JOEY-PC/Documents/Unreal Projects/PixelArcade/PixelArcade/Saved/Config/Windows/Scalability.ini]
[2019.03.26-12.17.26:972][  0]LogConfig: Setting CVar [[foliage.DensityScale:0]]
[2019.03.26-12.17.26:972][  0]LogConfig: Setting CVar [[grass.DensityScale:0]]
[2019.03.26-12.17.26:972][  0]LogConfig: Applying CVar settings from Section [Startup] File [../../../Engine/Config/ConsoleVariables.ini]
[2019.03.26-12.17.26:972][  0]LogConfig: Setting CVar [[net.UseAdaptiveNetUpdateFrequency:0]]
[2019.03.26-12.17.26:972][  0]LogConfig: Applying CVar settings from Section [ConsoleVariables] File [C:/Users/joey.JOEY-PC/Documents/Unreal Projects/PixelArcade/PixelArcade/Saved/Config/Windows/Engine.ini]
[2019.03.26-12.17.26:972][  0]LogInit: Computer: JOEY-PC
[2019.03.26-12.17.26:972][  0]LogInit: User: joey
[2019.03.26-12.17.26:972][  0]LogInit: CPU Page size=4096, Cores=4
[2019.03.26-12.17.26:973][  0]LogInit: High frequency timer resolution =10.000000 MHz
[2019.03.26-12.17.26:973][  0]LogMemory: Memory total: Physical=7.9GB (8GB approx)
[2019.03.26-12.17.26:973][  0]LogMemory: Platform Memory Stats for Windows
[2019.03.26-12.17.26:973][  0]LogMemory: Process Physical Memory: 103.95 MB used, 103.95 MB peak
[2019.03.26-12.17.26:973][  0]LogMemory: Process Virtual Memory: 89.97 MB used, 89.97 MB peak
[2019.03.26-12.17.26:973][  0]LogMemory: Physical Memory: 5075.39 MB used,  2985.46 MB free, 8060.85 MB total
[2019.03.26-12.17.26:973][  0]LogMemory: Virtual Memory: 4650.14 MB used,  134213080.00 MB free, 134217728.00 MB total
[2019.03.26-12.17.27:005][  0]LogInit: Using OS detected language (en-US).
[2019.03.26-12.17.27:005][  0]LogInit: Using OS detected locale (en-US).
[2019.03.26-12.17.27:006][  0]LogTextLocalizationManager: No specific localization for 'en-US' exists, so the 'en' localization will be used.
[2019.03.26-12.17.27:551][  0]LogStreaming: Display: Took  0.546s to InitEngineTextLocalization.
[2019.03.26-12.17.27:551][  0]LogInit: Setting process to per monitor DPI aware
[2019.03.26-12.17.27:612][  0]LogSlate: New Slate User Created.  User Index 0, Is Virtual User: 0
[2019.03.26-12.17.27:612][  0]LogSlate: Slate User Registered.  User Index 0, Is Virtual User: 0
[2019.03.26-12.17.27:962][  0]LogHMD: Failed to initialize OpenVR with code 110
[2019.03.26-12.17.27:962][  0]LogD3D11RHI: D3D11 adapters:
[2019.03.26-12.17.28:022][  0]LogD3D11RHI:    0. 'NVIDIA GeForce GT 635M' (Feature Level 11_0)
[2019.03.26-12.17.28:022][  0]LogD3D11RHI:       1999/0/4030 MB DedicatedVideo/DedicatedSystem/SharedSystem, Outputs:1, VendorId:0x10de
[2019.03.26-12.17.28:028][  0]LogD3D11RHI:    1. 'Intel(R) HD Graphics 4000' (Feature Level 11_0)
[2019.03.26-12.17.28:028][  0]LogD3D11RHI:       32/0/1760 MB DedicatedVideo/DedicatedSystem/SharedSystem, Outputs:0, VendorId:0x8086
[2019.03.26-12.17.28:031][  0]LogD3D11RHI:    2. 'Microsoft Basic Render Driver' (Feature Level 11_0)
[2019.03.26-12.17.28:031][  0]LogD3D11RHI:       0/0/4030 MB DedicatedVideo/DedicatedSystem/SharedSystem, Outputs:0, VendorId:0x1414
[2019.03.26-12.17.28:031][  0]LogD3D11RHI: Chosen D3D11 Adapter: 0
[2019.03.26-12.17.28:078][  0]LogD3D11RHI: Creating new Direct3DDevice
[2019.03.26-12.17.28:078][  0]LogD3D11RHI:     GPU DeviceId: 0xde3 (for the marketing name, search the web for "GPU Device Id")
[2019.03.26-12.17.28:078][  0]LogWindows: EnumDisplayDevices:
[2019.03.26-12.17.28:079][  0]LogWindows:    0. 'Intel(R) HD Graphics 4000' (P:1 D:1)
[2019.03.26-12.17.28:079][  0]LogWindows:    1. 'Intel(R) HD Graphics 4000' (P:0 D:0)
[2019.03.26-12.17.28:080][  0]LogWindows:    2. 'Intel(R) HD Graphics 4000' (P:0 D:0)
[2019.03.26-12.17.28:080][  0]LogWindows:    3. 'NVIDIA GeForce GT 635M' (P:0 D:0)
[2019.03.26-12.17.28:081][  0]LogWindows: DebugString: PrimaryIsNotTheChoosenAdapter PrimaryIsNotTheChoosenAdapter PrimaryIsNotTheChoosenAdapter 
[2019.03.26-12.17.28:081][  0]LogD3D11RHI:     Adapter Name: NVIDIA GeForce GT 635M
[2019.03.26-12.17.28:081][  0]LogD3D11RHI:   Driver Version: 376.54 (internal:21.21.13.7654, unified:376.54)
[2019.03.26-12.17.28:081][  0]LogD3D11RHI:      Driver Date: 12-29-2016
[2019.03.26-12.17.28:081][  0]LogRHI: Texture pool is 1399 MB (70% of 1999 MB)
[2019.03.26-12.17.28:109][  0]LogD3D11RHI: Display: Timestamp queries are currently disabled on this hardware due to instability. Realtime GPU stats will not be available. You can override this behaviour by setting r.NVIDIATimestampWorkaround to 0
[2019.03.26-12.17.28:109][  0]LogD3D11RHI: Async texture creation enabled
[2019.03.26-12.17.28:123][  0]LogD3D11RHI: GPU Timing Frequency: 1000.000000 (Debug: 2 1)
[2019.03.26-12.17.28:588][  0]LogTemp: Display: Loaded TP AllDesktopTargetPlatform
[2019.03.26-12.17.28:608][  0]LogTemp: Display: Loaded TP MacClientTargetPlatform
[2019.03.26-12.17.28:627][  0]LogTemp: Display: Loaded TP MacNoEditorTargetPlatform
[2019.03.26-12.17.28:649][  0]LogTemp: Display: Loaded TP MacServerTargetPlatform
[2019.03.26-12.17.28:674][  0]LogTemp: Display: Loaded TP MacTargetPlatform
[2019.03.26-12.17.28:694][  0]LogTemp: Display: Loaded TP WindowsClientTargetPlatform
[2019.03.26-12.17.28:717][  0]LogTemp: Display: Loaded TP WindowsNoEditorTargetPlatform
[2019.03.26-12.17.28:737][  0]LogTemp: Display: Loaded TP WindowsServerTargetPlatform
[2019.03.26-12.17.28:746][  0]LogTemp: Display: Loaded TP WindowsTargetPlatform
[2019.03.26-12.17.28:860][  0]LogTemp: Display: Loaded TP AndroidTargetPlatform
[2019.03.26-12.17.28:860][  0]LogTemp: Display: Loaded TP AndroidTargetPlatform
[2019.03.26-12.17.28:860][  0]LogTemp: Display: Loaded TP AndroidTargetPlatform
[2019.03.26-12.17.28:860][  0]LogTemp: Display: Loaded TP AndroidTargetPlatform
[2019.03.26-12.17.28:860][  0]LogTemp: Display: Loaded TP AndroidTargetPlatform
[2019.03.26-12.17.28:860][  0]LogTemp: Display: Loaded TP AndroidTargetPlatform
[2019.03.26-12.17.28:860][  0]LogTemp: Display: Loaded TP AndroidTargetPlatform
[2019.03.26-12.17.28:860][  0]LogTemp: Display: Loaded TP AndroidTargetPlatform
[2019.03.26-12.17.28:860][  0]LogTemp: Display: Loaded TP AndroidTargetPlatform
[2019.03.26-12.17.28:860][  0]LogTemp: Display: Loaded TP AndroidTargetPlatform
[2019.03.26-12.17.28:860][  0]LogTemp: Display: Loaded TP AndroidTargetPlatform
[2019.03.26-12.17.28:861][  0]LogTemp: Display: Loaded TP AndroidTargetPlatform
[2019.03.26-12.17.28:861][  0]LogTemp: Display: Loaded TP AndroidTargetPlatform
[2019.03.26-12.17.28:861][  0]LogTemp: Display: Loaded TP AndroidTargetPlatform
[2019.03.26-12.17.28:861][  0]LogTemp: Display: Loaded TP AndroidTargetPlatform
[2019.03.26-12.17.28:861][  0]LogTemp: Display: Loaded TP AndroidTargetPlatform
[2019.03.26-12.17.28:861][  0]LogTemp: Display: Loaded TP AndroidTargetPlatform
[2019.03.26-12.17.28:861][  0]LogTemp: Display: Loaded TP AndroidTargetPlatform
[2019.03.26-12.17.28:864][  0]LogTemp: Display: Loaded TP HTML5TargetPlatform
[2019.03.26-12.17.28:937][  0]LogTemp: Display: Loaded TP IOSTargetPlatform
[2019.03.26-12.17.28:937][  0]LogTemp: Display: Loaded TP IOSTargetPlatform
[2019.03.26-12.17.28:976][  0]LogTemp: Display: Loaded TP TVOSTargetPlatform
[2019.03.26-12.17.28:977][  0]LogTemp: Display: Loaded TP TVOSTargetPlatform
[2019.03.26-12.17.28:995][  0]LogTemp: Display: Loaded TP LinuxClientTargetPlatform
[2019.03.26-12.17.29:013][  0]LogTemp: Display: Loaded TP LinuxNoEditorTargetPlatform
[2019.03.26-12.17.29:032][  0]LogTemp: Display: Loaded TP LinuxServerTargetPlatform
[2019.03.26-12.17.29:053][  0]LogTemp: Display: Loaded TP LinuxTargetPlatform
[2019.03.26-12.17.29:124][  0]LogTemp: Display: Loaded TP LuminTargetPlatform
[2019.03.26-12.17.29:124][  0]LogTemp: Display: Loaded TP LuminTargetPlatform
[2019.03.26-12.17.29:124][  0]LogTargetPlatformManager: Display: Building Assets For Windows
[2019.03.26-12.17.29:218][  0]LogShaderCompilers: Guid format shader working directory is -33 characters bigger than the processId version (../../../../../../Users/joey.JOEY-PC/Documents/Unreal Projects/PixelArcade/PixelArcade/Intermediate/Shaders/WorkingDirectory/8200/).
[2019.03.26-12.17.29:218][  0]LogShaderCompilers: Cleaned the shader compiler working directory 'C:/Users/joey.JOEY-PC/AppData/Local/Temp/UnrealShaderWorkingDir/2C986FE242EC9463D40316A398A91878/'.
[2019.03.26-12.17.29:222][  0]LogXGEController: Cleaning working directory: C:/Users/joey.JOEY-PC/AppData/Local/Temp/UnrealXGEWorkingDir/
[2019.03.26-12.17.29:222][  0]LogXGEController: Cannot use XGE Controller as Incredibuild is not installed on this machine.
[2019.03.26-12.17.29:222][  0]LogShaderCompilers: Cannot use XGE Shader Compiler as Incredibuild is not installed on this machine.
[2019.03.26-12.17.29:222][  0]LogShaderCompilers: Display: Using Local Shader Compiler.
[2019.03.26-12.17.29:976][  0]LogDerivedDataCache: Display: Max Cache Size: 512 MB
[2019.03.26-12.17.30:050][  0]LogDerivedDataCache: Loaded boot cache 0.07s 71MB C:/Users/joey.JOEY-PC/AppData/Local/UnrealEngine/4.21/DerivedDataCache/Boot.ddc.
[2019.03.26-12.17.30:050][  0]LogDerivedDataCache: Display: Loaded Boot cache: C:/Users/joey.JOEY-PC/AppData/Local/UnrealEngine/4.21/DerivedDataCache/Boot.ddc
[2019.03.26-12.17.30:050][  0]LogDerivedDataCache: FDerivedDataBackendGraph:  Pak pak cache file ../../../../../../Users/joey.JOEY-PC/Documents/Unreal Projects/PixelArcade/PixelArcade/DerivedDataCache/DDC.ddp not found, will not use a pak cache.
[2019.03.26-12.17.30:050][  0]LogDerivedDataCache: Unable to find inner node Pak for hierarchical cache Hierarchy.
[2019.03.26-12.17.30:051][  0]LogDerivedDataCache: FDerivedDataBackendGraph:  CompressedPak pak cache file ../../../../../../Users/joey.JOEY-PC/Documents/Unreal Projects/PixelArcade/PixelArcade/DerivedDataCache/Compressed.ddp not found, will not use a pak cache.
[2019.03.26-12.17.30:051][  0]LogDerivedDataCache: Unable to find inner node CompressedPak for hierarchical cache Hierarchy.
[2019.03.26-12.17.30:072][  0]LogDerivedDataCache: Display: Pak cache opened for reading ../../../Engine/DerivedDataCache/Compressed.ddp.
[2019.03.26-12.17.30:072][  0]LogDerivedDataCache: FDerivedDataBackendGraph:  EnterprisePak pak cache file ../../../Enterprise/DerivedDataCache/Compressed.ddp not found, will not use a pak cache.
[2019.03.26-12.17.30:072][  0]LogDerivedDataCache: Unable to find inner node EnterprisePak for hierarchical cache Hierarchy.
[2019.03.26-12.17.30:084][  0]LogDerivedDataCache: Using Local data cache path C:/Users/joey.JOEY-PC/AppData/Local/UnrealEngine/Common/DerivedDataCache: Writable
[2019.03.26-12.17.30:084][  0]LogDerivedDataCache: Shared data cache path not found in *engine.ini, will not use an Shared cache.
[2019.03.26-12.17.30:084][  0]LogDerivedDataCache: Unable to find inner node Shared for hierarchical cache Hierarchy.
[2019.03.26-12.17.30:117][  0]LogMaterial: Verifying Global Shaders for PCD3D_SM5
[2019.03.26-12.17.30:119][  0]LogSlate: Using FreeType 2.6.0
[2019.03.26-12.17.30:120][  0]LogSlate: SlateFontServices - WITH_FREETYPE: 1, WITH_HARFBUZZ: 1
[2019.03.26-12.17.30:233][  0]LogAssetRegistry: FAssetRegistry took 0.0440 seconds to start up
[2019.03.26-12.17.30:763][  0]LogInit: Selected Device Profile: [Windows]
[2019.03.26-12.17.30:986][  0]LogSimplygon: Simplygon DLL not present - disabling.
[2019.03.26-12.17.30:992][  0]LogMeshReduction: Using SimplygonSwarm for distributed automatic mesh merging
[2019.03.26-12.17.30:992][  0]LogMeshReduction: Using ProxyLODMeshReduction for automatic mesh merging
[2019.03.26-12.17.30:992][  0]LogMeshReduction: Using QuadricMeshReduction for automatic static mesh reduction
[2019.03.26-12.17.30:992][  0]LogMeshReduction: No automatic skeletal mesh reduction module available
[2019.03.26-12.17.31:010][  0]LogNetVersion: PixelArcade 1.0.0, NetCL: 4541578, EngineNetVer: 5, GameNetVer: 0 (Checksum: 3322908292)
[2019.03.26-12.17.31:774][  0]LogPackageLocalizationCache: Processed 12 localized package path(s) for 2 prioritized culture(s) in 0.140365 seconds
[2019.03.26-12.17.31:781][  0]LogUObjectArray: 39784 objects as part of root set at end of initial load.
[2019.03.26-12.17.31:781][  0]LogUObjectAllocator: 6925456 out of 0 bytes used by permanent object pool.
[2019.03.26-12.17.31:781][  0]LogUObjectArray: CloseDisregardForGC: 0/0 objects in disregard for GC pool
[2019.03.26-12.17.32:965][  0]LogTcpMessaging: Initializing TcpMessaging bridge
[2019.03.26-12.17.32:979][  0]LogUdpMessaging: Initializing bridge on interface 0.0.0.0:0 to multicast group 230.0.0.1:6666.
[2019.03.26-12.17.33:899][  0]SourceControl: Source control is disabled
[2019.03.26-12.17.33:899][  0]SourceControl: Source control is disabled
[2019.03.26-12.17.33:901][  0]SourceControl: Source control is disabled
[2019.03.26-12.17.33:902][  0]SourceControl: Source control is disabled
[2019.03.26-12.17.34:098][  0]LogAndroidPermission: UAndroidPermissionCallbackProxy::GetInstance
[2019.03.26-12.17.34:189][  0]LogOcInput: OculusInput pre-init called
[2019.03.26-12.17.34:351][  0]LogEngine: Initializing Engine...
[2019.03.26-12.17.34:352][  0]LogHMD: Failed to initialize OpenVR with code 110
[2019.03.26-12.17.34:353][  0]LogStats: UGameplayTagsManager::ConstructGameplayTagTree: ImportINI prefixes -  0.000 s
[2019.03.26-12.17.34:353][  0]LogStats: UGameplayTagsManager::ConstructGameplayTagTree: Construct from data asset -  0.000 s
[2019.03.26-12.17.34:353][  0]LogStats: UGameplayTagsManager::ConstructGameplayTagTree: ImportINI -  0.000 s
[2019.03.26-12.17.34:354][  0]LogStats: UGameplayTagsManager::ConstructGameplayTagTree: GameplayTagTreeChangedEvent.Broadcast -  0.000 s
[2019.03.26-12.17.34:687][  0]LogInit: Initializing FReadOnlyCVARCache
[2019.03.26-12.17.34:718][  0]LogAIModule: Creating AISystem for world Untitled
[2019.03.26-12.17.34:743][  0]LogInit: XAudio2 using 'Speakers (Conexant SmartAudio HD)' : 2 channels at 44.1 kHz using 32 bits per sample (channel mask 0x3)
[2019.03.26-12.17.34:811][  0]LogInit: FAudioDevice initialized.
[2019.03.26-12.17.34:811][  0]LogNetVersion: Set ProjectVersion to 1.0.0.0. Version Checksum will be recalculated on next use.
[2019.03.26-12.17.34:905][  0]LogDerivedDataCache: Saved boot cache 0.09s 71MB C:/Users/joey.JOEY-PC/AppData/Local/UnrealEngine/4.21/DerivedDataCache/Boot.ddc.
[2019.03.26-12.17.34:918][  0]LogInit: Texture streaming: Enabled
[2019.03.26-12.17.34:948][  0]LogEngineSessionManager: EngineSessionManager initialized
[2019.03.26-12.17.34:969][  0]LogInit: Transaction tracking system initialized
[2019.03.26-12.17.35:010][  0]BlueprintLog: New page: Editor Load
[2019.03.26-12.17.35:134][  0]LocalizationService: Localization service is disabled
[2019.03.26-12.17.36:813][  0]LogFileCache: Scanning file cache for directory 'C:/Users/joey.JOEY-PC/Documents/Unreal Projects/PixelArcade/PixelArcade/Content/' took 0.02s
[2019.03.26-12.17.36:813][  0]LogCook: Display: Max memory allowance for cook 16384mb min free memory 0mb
[2019.03.26-12.17.36:813][  0]LogCook: Display: Mobile HDR setting 1
[2019.03.26-12.17.36:813][  0]LogGameplayTags: Display: UGameplayTagsManager::DoneAddingNativeTags. DelegateIsBound: 0
[2019.03.26-12.17.36:813][  0]LogStats: UGameplayTagsManager::ConstructGameplayTagTree: ImportINI prefixes -  0.000 s
[2019.03.26-12.17.36:814][  0]LogStats: UGameplayTagsManager::ConstructGameplayTagTree: Construct from data asset -  0.000 s
[2019.03.26-12.17.36:814][  0]LogStats: UGameplayTagsManager::ConstructGameplayTagTree: ImportINI -  0.000 s
[2019.03.26-12.17.36:814][  0]LogStats: UGameplayTagsManager::ConstructGameplayTagTree: GameplayTagTreeChangedEvent.Broadcast -  0.000 s
[2019.03.26-12.17.37:770][  0]SourceControl: Source control is disabled
[2019.03.26-12.17.37:770][  0]Cmd: MAP LOAD FILE="../../../../../../Users/joey.JOEY-PC/Documents/Unreal Projects/PixelArcade/PixelArcade/Content/PixelWorlds/PixelMenu.umap" TEMPLATE=0 SHOWPROGRESS=1 FEATURELEVEL=3
[2019.03.26-12.17.37:771][  0]LightingResults: New page: Lighting Build
[2019.03.26-12.17.37:776][  0]MapCheck: New page: Map Check
[2019.03.26-12.17.37:777][  0]LightingResults: New page: Lighting Build
[2019.03.26-12.17.38:002][  0]LogLinker: Can't find file '/Game/SimpleInventory/Item_Base_Icon'
[2019.03.26-12.17.38:003][  0]LogLinker: Can't find file '/Game/SimpleInventory/Item_Base_Icon'
[2019.03.26-12.17.38:352][  0]LogLinker: Can't find file '/Game/SimpleInventory/Item_Base'
[2019.03.26-12.17.38:352][  0]LogLinker: Can't find file '/Game/SimpleInventory/Item_Base'
[2019.03.26-12.17.40:586][  0]LogAIModule: Creating AISystem for world PixelMenu
[2019.03.26-12.17.40:598][  0]LogEditorServer: Finished looking for orphan Actors (0.000 secs)
[2019.03.26-12.17.40:637][  0]Cmd: MAP CHECKDEP NOCLEARLOG
[2019.03.26-12.17.40:637][  0]MapCheck: Map check complete: 0 Error(s), 0 Warning(s), took 0.219ms to complete.
[2019.03.26-12.17.40:637][  0]LogFileHelpers: Loading map 'PixelMenu' took 2.867
[2019.03.26-12.17.40:748][  0]LogSlate: Updating window title bar state: overlay mode, drag disabled, window buttons hidden, title bar hidden
[2019.03.26-12.17.40:759][  0]LogSlate: Updating window title bar state: overlay mode, drag disabled, window buttons hidden, title bar hidden
[2019.03.26-12.17.40:774][  0]LogSlate: Updating window title bar state: overlay mode, drag disabled, window buttons hidden, title bar hidden
[2019.03.26-12.17.40:785][  0]LogSlate: Updating window title bar state: overlay mode, drag disabled, window buttons hidden, title bar hidden
[2019.03.26-12.17.40:795][  0]LogCollectionManager: Loaded 0 collections in 0.003373 seconds
[2019.03.26-12.17.40:814][  0]LogFileCache: Scanning file cache for directory 'C:/Users/joey.JOEY-PC/Documents/Unreal Projects/PixelArcade/PixelArcade/Saved/Collections/' took 0.01s
[2019.03.26-12.17.40:814][  0]LogFileCache: Scanning file cache for directory 'C:/Users/joey.JOEY-PC/Documents/Unreal Projects/PixelArcade/PixelArcade/Content/Developers/joey/Collections/' took 0.00s
[2019.03.26-12.17.40:814][  0]LogFileCache: Scanning file cache for directory 'C:/Users/joey.JOEY-PC/Documents/Unreal Projects/PixelArcade/PixelArcade/Content/Collections/' took 0.00s
[2019.03.26-12.17.40:814][  0]LogCollectionManager: Rebuilt the GUID cache for 0 collections in 0.000000 seconds
[2019.03.26-12.17.40:827][  0]LogContentBrowser: Native class hierarchy populated in 0.0132 seconds. Added 2666 classes and 635 folders.
[2019.03.26-12.17.40:839][  0]LogContentBrowser: Native class hierarchy updated for 'WidgetCarousel' in 0.0005 seconds. Added 0 classes and 0 folders.
[2019.03.26-12.17.40:841][  0]LogPakFile: Registered encryption key '00000000000000000000000000000000': 0 pak files mounted, 0 remain pending
[2019.03.26-12.17.40:842][  0]LogPakFile: Registered encryption key '00000000000000000000000000000000': 0 pak files mounted, 0 remain pending
[2019.03.26-12.17.40:843][  0]LogPakFile: Registered encryption key '00000000000000000000000000000000': 0 pak files mounted, 0 remain pending
[2019.03.26-12.17.40:844][  0]LogPakFile: Registered encryption key '00000000000000000000000000000000': 0 pak files mounted, 0 remain pending
[2019.03.26-12.17.40:844][  0]LogPakFile: Registered encryption key '00000000000000000000000000000000': 0 pak files mounted, 0 remain pending
[2019.03.26-12.17.40:845][  0]LogPakFile: Registered encryption key '00000000000000000000000000000000': 0 pak files mounted, 0 remain pending
[2019.03.26-12.17.40:845][  0]LogPakFile: Registered encryption key '00000000000000000000000000000000': 0 pak files mounted, 0 remain pending
[2019.03.26-12.17.40:846][  0]LogPakFile: Registered encryption key '00000000000000000000000000000000': 0 pak files mounted, 0 remain pending
[2019.03.26-12.17.40:847][  0]LogPakFile: Registered encryption key '00000000000000000000000000000000': 0 pak files mounted, 0 remain pending
[2019.03.26-12.17.40:847][  0]LogPakFile: Registered encryption key '00000000000000000000000000000000': 0 pak files mounted, 0 remain pending
[2019.03.26-12.17.40:848][  0]LogPakFile: Registered encryption key '00000000000000000000000000000000': 0 pak files mounted, 0 remain pending
[2019.03.26-12.17.40:849][  0]LogPakFile: Registered encryption key '00000000000000000000000000000000': 0 pak files mounted, 0 remain pending
[2019.03.26-12.17.40:849][  0]LogPakFile: Registered encryption key '00000000000000000000000000000000': 0 pak files mounted, 0 remain pending
[2019.03.26-12.17.40:850][  0]LogPakFile: Registered encryption key '00000000000000000000000000000000': 0 pak files mounted, 0 remain pending
[2019.03.26-12.17.40:851][  0]LogPakFile: Registered encryption key '00000000000000000000000000000000': 0 pak files mounted, 0 remain pending
[2019.03.26-12.17.40:852][  0]LogPakFile: Registered encryption key '00000000000000000000000000000000': 0 pak files mounted, 0 remain pending
[2019.03.26-12.17.40:852][  0]LogPakFile: Registered encryption key '00000000000000000000000000000000': 0 pak files mounted, 0 remain pending
[2019.03.26-12.17.40:853][  0]LogPakFile: Registered encryption key '00000000000000000000000000000000': 0 pak files mounted, 0 remain pending
[2019.03.26-12.17.40:854][  0]LogPakFile: Registered encryption key '00000000000000000000000000000000': 0 pak files mounted, 0 remain pending
[2019.03.26-12.17.40:854][  0]LogPakFile: Registered encryption key '00000000000000000000000000000000': 0 pak files mounted, 0 remain pending
[2019.03.26-12.17.40:855][  0]LogPakFile: Registered encryption key '00000000000000000000000000000000': 0 pak files mounted, 0 remain pending
[2019.03.26-12.17.40:856][  0]LogPakFile: Registered encryption key '00000000000000000000000000000000': 0 pak files mounted, 0 remain pending
[2019.03.26-12.17.40:856][  0]LogPakFile: Registered encryption key '00000000000000000000000000000000': 0 pak files mounted, 0 remain pending
[2019.03.26-12.17.40:857][  0]LogPakFile: Registered encryption key '00000000000000000000000000000000': 0 pak files mounted, 0 remain pending
[2019.03.26-12.17.40:858][  0]LogPakFile: Registered encryption key '00000000000000000000000000000000': 0 pak files mounted, 0 remain pending
[2019.03.26-12.17.40:858][  0]LogPakFile: Registered encryption key '00000000000000000000000000000000': 0 pak files mounted, 0 remain pending
[2019.03.26-12.17.40:908][  0]LogContentBrowser: Native class hierarchy updated for 'AddContentDialog' in 0.0003 seconds. Added 0 classes and 0 folders.
[2019.03.26-12.17.40:915][  0]LogContentBrowser: Native class hierarchy updated for 'SceneOutliner' in 0.0004 seconds. Added 1 classes and 2 folders.
[2019.03.26-12.17.41:064][  0]LogContentBrowser: Native class hierarchy updated for 'HierarchicalLODOutliner' in 0.0004 seconds. Added 0 classes and 0 folders.
[2019.03.26-12.17.41:064][  0]LogLoad: (Engine Initialization) Total time: 16.70 seconds
[2019.03.26-12.17.41:064][  0]LogLoad: (Engine Initialization) Total Blueprint compile time: 0.00 seconds
[2019.03.26-12.17.41:144][  0]LogContentStreaming: Texture pool size now 400 MB
[2019.03.26-12.17.41:146][  0]LogSlate: Took 0.000316 seconds to synchronously load lazily loaded font '../../../Engine/Content/Slate/Fonts/Roboto-Regular.ttf' (155K)
[2019.03.26-12.17.41:148][  0]LogSlate: Took 0.000156 seconds to synchronously load lazily loaded font '../../../Engine/Content/Slate/Fonts/Roboto-Bold.ttf' (160K)
[2019.03.26-12.17.41:155][  0]LogSlate: Took 0.000232 seconds to synchronously load lazily loaded font '../../../Engine/Content/Editor/Slate/Fonts/FontAwesome.ttf' (139K)
[2019.03.26-12.17.41:278][  0]LogSlate: Took 0.000183 seconds to synchronously load lazily loaded font '../../../Engine/Content/Slate/Fonts/Roboto-Light.ttf' (167K)
[2019.03.26-12.17.41:315][  1]LogRenderer: Reallocating scene render targets to support 804x408 Format 9 NumSamples 1 (Frame:1).
[2019.03.26-12.17.44:732][ 11]LogAssetRegistry: Asset discovery search completed in 14.5216 seconds
[2019.03.26-12.17.44:736][ 11]LogCollectionManager: Rebuilt the object cache for 0 collections in 0.000000 seconds (found 0 objects)
[2019.03.26-12.17.44:736][ 11]LogCollectionManager: Fixed up redirectors for 0 collections in 0.000086 seconds (updated 0 objects)
[2019.03.26-12.17.46:074][ 51]LogRenderer: Reallocating scene render targets to support 1004x512 Format 9 NumSamples 1 (Frame:49).
[2019.03.26-12.18.16:009][711]LogSlate: FSceneViewport::OnFocusLost() reason 0
[2019.03.26-12.18.25:920][261]LogSlate: Took 0.000285 seconds to synchronously load lazily loaded font '../../../Engine/Content/Slate/Fonts/Roboto-Light.ttf' (167K)
[2019.03.26-12.18.25:932][261]LogAssetEditorManager: Opening Asset editor for Blueprint /Game/PixelCharacters/PixelFarmHunt/PixelFarm_Farmer.PixelFarm_Farmer
[2019.03.26-12.18.26:883][261]LogContentBrowser: Native class hierarchy updated for 'BlueprintGraph' in 0.0011 seconds. Added 117 classes and 0 folders.
[2019.03.26-12.18.28:322][261]LogSlate: Took 0.000265 seconds to synchronously load lazily loaded font '../../../Engine/Content/Slate/Fonts/Roboto-BoldCondensed.ttf' (158K)
[2019.03.26-12.18.29:178][262]LogSlate: Took 0.000268 seconds to synchronously load lazily loaded font '../../../Engine/Content/Slate/Fonts/Roboto-Italic.ttf' (157K)
[2019.03.26-12.18.58:765][370]BlueprintLog: New page: Compile PixelFarm_Farmer
[2019.03.26-12.19.00:405][370]LogActorComponent: RegisterComponentWithWorld: Owner belongs to a DEADCLASS
[2019.03.26-12.19.00:405][370]LogActorComponent: RegisterComponentWithWorld: Owner belongs to a DEADCLASS
[2019.03.26-12.19.00:405][370]LogActorComponent: RegisterComponentWithWorld: Owner belongs to a DEADCLASS
[2019.03.26-12.19.00:405][370]LogActorComponent: RegisterComponentWithWorld: Owner belongs to a DEADCLASS
[2019.03.26-12.19.21:612][208]LogBlueprintUserMessages: Early PlayInEditor Detection: Level '/Game/PixelWorlds/PixelMenu.PixelMenu:PersistentLevel' has LevelScriptBlueprint '/Game/PixelWorlds/PixelMenu.PixelMenu:PersistentLevel.PixelMenu' with GeneratedClass '/Game/PixelWorlds/PixelMenu.PixelMenu_C' with ClassGeneratedBy '/Game/PixelWorlds/PixelMenu.PixelMenu:PersistentLevel.PixelMenu'
[2019.03.26-12.19.21:613][208]LogPlayLevel: PlayLevel: No blueprints needed recompiling
[2019.03.26-12.19.21:613][208]PIE: New page: PIE session: PixelMenu (Mar 26, 2019, 2:19:21 PM)
[2019.03.26-12.19.21:615][208]LogOnline: Warning: STEAM: Steam API disabled!
[2019.03.26-12.19.21:615][208]LogOnline: Display: STEAM: OnlineSubsystemSteam::Shutdown()
[2019.03.26-12.19.21:627][208]LogPlayLevel: Creating play world package: /Game/PixelWorlds/UEDPIE_0_PixelMenu
[2019.03.26-12.19.21:633][208]LogPlayLevel: PIE: StaticDuplicateObject took: (0.005759s)
[2019.03.26-12.19.21:635][208]LogAIModule: Creating AISystem for world PixelMenu
[2019.03.26-12.19.21:635][208]LogPlayLevel: PIE: World Init took: (0.001680s)
[2019.03.26-12.19.21:635][208]LogPlayLevel: PIE: Created PIE world by copying editor world from /Game/PixelWorlds/PixelMenu.PixelMenu to /Game/PixelWorlds/UEDPIE_0_PixelMenu.PixelMenu (0.008082s)
[2019.03.26-12.19.21:696][208]LogInit: XAudio2 using 'Speakers (Conexant SmartAudio HD)' : 2 channels at 44.1 kHz using 32 bits per sample (channel mask 0x3)
[2019.03.26-12.19.21:759][208]LogInit: FAudioDevice initialized.
[2019.03.26-12.19.21:769][208]LogSlate: Updating window title bar state: overlay mode, drag disabled, window buttons hidden, title bar hidden
[2019.03.26-12.19.21:852][208]LogLoad: Game class is 'GM_PixelMenu_C'
[2019.03.26-12.19.21:855][208]LogWorld: Bringing World /Game/PixelWorlds/UEDPIE_0_PixelMenu.PixelMenu up for play (max tick rate 60) at 2019.03.26-13.19.21
[2019.03.26-12.19.21:856][208]LogWorld: Bringing up level for play took: 0.001573
[2019.03.26-12.19.21:883][208]LogContentBrowser: Native class hierarchy updated for 'MovieSceneCapture' in 0.0006 seconds. Added 20 classes and 0 folders.
[2019.03.26-12.19.21:915][208]PIE: Play in editor start time for /Game/PixelWorlds/UEDPIE_0_PixelMenu 0.18
[2019.03.26-12.19.21:916][208]LogBlueprintUserMessages: Late PlayInEditor Detection: Level '/Game/PixelWorlds/PixelMenu.PixelMenu:PersistentLevel' has LevelScriptBlueprint '/Game/PixelWorlds/PixelMenu.PixelMenu:PersistentLevel.PixelMenu' with GeneratedClass '/Game/PixelWorlds/PixelMenu.PixelMenu_C' with ClassGeneratedBy '/Game/PixelWorlds/PixelMenu.PixelMenu:PersistentLevel.PixelMenu'
[2019.03.26-12.19.22:021][209]LogCharacterMovement: Warning: GetSimulationTimeStep() - Max iterations 8 hit while remaining time 0.100000 > MaxSimulationTimeStep (0.050) for 'PixelFarm_Farmer_C_0', movement 'Walking'
[2019.03.26-12.19.22:580][232]LogBlueprintUserMessages: Early EndPlayMap Detection: Level '/Game/PixelWorlds/PixelMenu.PixelMenu:PersistentLevel' has LevelScriptBlueprint '/Game/PixelWorlds/PixelMenu.PixelMenu:PersistentLevel.PixelMenu' with GeneratedClass '/Game/PixelWorlds/PixelMenu.PixelMenu_C' with ClassGeneratedBy '/Game/PixelWorlds/PixelMenu.PixelMenu:PersistentLevel.PixelMenu'
[2019.03.26-12.19.22:580][232]LogSlate: Updating window title bar state: overlay mode, drag disabled, window buttons hidden, title bar hidden
[2019.03.26-12.19.22:618][232]LogSlate: Window 'PixelArcade Game Preview Standalone (64-bit/PCD3D_SM5)' being destroyed
[2019.03.26-12.19.22:660][232]LogPlayLevel: Display: Shutting down PIE online subsystems
[2019.03.26-12.19.22:660][232]LogBlueprintUserMessages: Late EndPlayMap Detection: Level '/Game/PixelWorlds/PixelMenu.PixelMenu:PersistentLevel' has LevelScriptBlueprint '/Game/PixelWorlds/PixelMenu.PixelMenu:PersistentLevel.PixelMenu' with GeneratedClass '/Game/PixelWorlds/PixelMenu.PixelMenu_C' with ClassGeneratedBy '/Game/PixelWorlds/PixelMenu.PixelMenu:PersistentLevel.PixelMenu'
[2019.03.26-12.19.22:745][233]LogPlayLevel: Display: Destroying online subsystem :Context_3
[2019.03.26-12.25.14:133][291]BlueprintLog: New page: Compile PixelFarm_Farmer
[2019.03.26-12.25.15:673][291]LogActorComponent: RegisterComponentWithWorld: Owner belongs to a DEADCLASS
[2019.03.26-12.25.15:673][291]LogActorComponent: RegisterComponentWithWorld: Owner belongs to a DEADCLASS
[2019.03.26-12.25.15:673][291]LogActorComponent: RegisterComponentWithWorld: Owner belongs to a DEADCLASS
[2019.03.26-12.25.15:674][291]LogActorComponent: RegisterComponentWithWorld: Owner belongs to a DEADCLASS
[2019.03.26-12.26.47:327][147]LogSavePackage: Moving '../../../../../../Users/joey.JOEY-PC/Documents/Unreal Projects/PixelArcade/PixelArcade/Saved/PixelFarm_Farmer4A90C1274ECC74F952DA6A9E2D768E6A.tmp' to '../../../../../../Users/joey.JOEY-PC/Documents/Unreal Projects/PixelArcade/PixelArcade/Content/PixelCharacters/PixelFarmHunt/PixelFarm_Farmer.uasset'
[2019.03.26-12.27.14:488][269]LogAssetEditorManager: Opening Asset editor for Blueprint /Game/PixelActors/PixelFarm/FarmLand.FarmLand
[2019.03.26-12.30.07:162][749]LogSlate: Window 'FarmLand' being destroyed
[2019.03.26-12.30.07:169][749]LogSlate: Window 'FarmLand' being destroyed
[2019.03.26-12.30.07:275][749]LogActorComponent: UnregisterComponent: (/Engine/Transient.EditorFloorComp) Not registered. Aborting.
[2019.03.26-12.30.07:628][764]LogEditorViewport: Clicking on Actor (LMB): StaticMeshActor (Floor)
[2019.03.26-12.30.08:273][792]LogSlate: FSceneViewport::OnFocusLost() reason 0
[2019.03.26-12.30.12:664][988]LogAIModule: Creating AISystem for world FarmHunt
[2019.03.26-12.30.12:710][988]LogAssetEditorManager: Opening Asset editor for World /Game/PixelWorlds/FarmHunt.FarmHunt
[2019.03.26-12.30.12:765][988]Cmd: MAP LOAD FILE="../../../../../../Users/joey.JOEY-PC/Documents/Unreal Projects/PixelArcade/PixelArcade/Content/PixelWorlds/FarmHunt.umap" TEMPLATE=0 SHOWPROGRESS=1 FEATURELEVEL=3
[2019.03.26-12.30.12:765][988]LightingResults: New page: Lighting Build
[2019.03.26-12.30.12:767][988]LoadErrors: New page: Loading map: FarmHunt.umap
[2019.03.26-12.30.12:768][988]MapCheck: New page: Map Check
[2019.03.26-12.30.12:769][988]LightingResults: New page: Lighting Build
[2019.03.26-12.30.13:090][988]LogEditorServer: Finished looking for orphan Actors (0.000 secs)
[2019.03.26-12.30.13:203][988]Cmd: MAP CHECKDEP NOCLEARLOG
[2019.03.26-12.30.13:204][988]MapCheck: Map check complete: 0 Error(s), 0 Warning(s), took 0.27ms to complete.
[2019.03.26-12.30.13:204][988]LogFileHelpers: Loading map 'FarmHunt' took 0.440
[2019.03.26-12.32.09:382][623]LogSlate: FSceneViewport::OnFocusLost() reason 0
[2019.03.26-12.32.24:617][495]LogSlate: FSceneViewport::OnFocusLost() reason 0
[2019.03.26-12.32.49:582][844]LogSlate: Window 'Save Content' being destroyed
[2019.03.26-12.32.49:617][844]Cmd: OBJ SAVEPACKAGE PACKAGE="/Game/Widgets/PauseMenu" FILE="../../../../../../Users/joey.JOEY-PC/Documents/Unreal Projects/PixelArcade/PixelArcade/Content/Widgets/PauseMenu.uasset" SILENT=true
[2019.03.26-12.32.49:636][844]LogSavePackage: Moving '../../../../../../Users/joey.JOEY-PC/Documents/Unreal Projects/PixelArcade/PixelArcade/Saved/PauseMenuE62F39004D652AAF5C765094ADB343E3.tmp' to '../../../../../../Users/joey.JOEY-PC/Documents/Unreal Projects/PixelArcade/PixelArcade/Content/Widgets/PauseMenu.uasset'
[2019.03.26-12.45.25:162][949]LogAssetEditorManager: Opening Asset editor for WidgetBlueprint /Game/Widgets/PauseMenu.PauseMenu
[2019.03.26-12.46.35:953][ 65]LogSlate: Window 'PauseMenu' being destroyed
[2019.03.26-12.46.35:964][ 65]LogSlate: Window 'PauseMenu' being destroyed
[2019.03.26-12.46.47:154][287]LogSlate: Window 'PixelArcade - Unreal Editor' being destroyed
[2019.03.26-12.46.47:401][288]Cmd: QUIT_EDITOR
[2019.03.26-12.46.47:704][288]LogWindowsTextInputMethodSystem: Display: IME system now deactivated.
[2019.03.26-12.46.47:720][288]LogExit: Preparing to exit.
[2019.03.26-12.46.48:008][288]LogExit: Editor shut down
[2019.03.26-12.46.48:008][288]LogExit: Transaction tracking system shut down
[2019.03.26-12.46.48:340][288]LogExit: Object subsystem successfully closed.
[2019.03.26-12.46.48:362][288]LogShaderCompilers: Display: Shaders left to compile 0
[2019.03.26-12.46.48:370][288]LogD3D11RHI: Shutdown
[2019.03.26-12.46.48:370][288]LogD3D11RHI: CleanupD3DDevice
[2019.03.26-12.46.48:373][288]LogD3D11RHI: ~FD3D11DynamicRHI
[2019.03.26-12.46.48:412][288]LogModuleManager: Shutting down and abandoning module SequencerWidgets (640)
[2019.03.26-12.46.48:413][288]LogModuleManager: Shutting down and abandoning module MovieSceneCapture (638)
[2019.03.26-12.46.48:413][288]LogModuleManager: Shutting down and abandoning module Voice (636)
[2019.03.26-12.46.48:413][288]LogModuleManager: Shutting down and abandoning module BlueprintGraph (634)
[2019.03.26-12.46.48:413][288]LogModuleManager: Shutting down and abandoning module HierarchicalLODOutliner (632)
[2019.03.26-12.46.48:413][288]LogModuleManager: Shutting down and abandoning module SceneOutliner (630)
[2019.03.26-12.46.48:413][288]LogModuleManager: Shutting down and abandoning module AddContentDialog (628)
[2019.03.26-12.46.48:413][288]LogModuleManager: Shutting down and abandoning module WidgetCarousel (627)
[2019.03.26-12.46.48:413][288]LogModuleManager: Shutting down and abandoning module EditorWidgets (624)
[2019.03.26-12.46.48:413][288]LogModuleManager: Shutting down and abandoning module CollectionManager (622)
[2019.03.26-12.46.48:413][288]LogModuleManager: Shutting down and abandoning module StatsViewer (620)
[2019.03.26-12.46.48:413][288]LogModuleManager: Shutting down and abandoning module FoliageEdit (618)
[2019.03.26-12.46.48:413][288]LogModuleManager: Shutting down and abandoning module LandscapeEditor (616)
[2019.03.26-12.46.48:414][288]LogModuleManager: Shutting down and abandoning module MeshPaintMode (614)
[2019.03.26-12.46.48:414][288]LogModuleManager: Shutting down and abandoning module SceneDepthPickerMode (612)
[2019.03.26-12.46.48:414][288]LogModuleManager: Shutting down and abandoning module ActorPickerMode (610)
[2019.03.26-12.46.48:414][288]LogModuleManager: Shutting down and abandoning module GeometryMode (608)
[2019.03.26-12.46.48:414][288]LogModuleManager: Shutting down and abandoning module TextureAlignMode (606)
[2019.03.26-12.46.48:414][288]LogModuleManager: Shutting down and abandoning module BspMode (604)
[2019.03.26-12.46.48:414][288]LogModuleManager: Shutting down and abandoning module PIEPreviewDeviceProfileSelector (602)
[2019.03.26-12.46.48:414][288]LogModuleManager: Shutting down and abandoning module SequenceRecorderSections (600)
[2019.03.26-12.46.48:414][288]LogModuleManager: Shutting down and abandoning module AutomationWorker (598)
[2019.03.26-12.46.48:414][288]LogModuleManager: Shutting down and abandoning module AudioCaptureEditor (596)
[2019.03.26-12.46.48:414][288]LogModuleManager: Shutting down and abandoning module MatineeToLevelSequence (594)
[2019.03.26-12.46.48:414][288]LogModuleManager: Shutting down and abandoning module LevelSequenceEditor (592)
[2019.03.26-12.46.48:414][288]LogModuleManager: Shutting down and abandoning module PlacementMode (591)
[2019.03.26-12.46.48:414][288]LogModuleManager: Shutting down and abandoning module MaterialEditor (590)
[2019.03.26-12.46.48:414][288]LogModuleManager: Shutting down and abandoning module WmfMediaFactory (586)
[2019.03.26-12.46.48:414][288]LogModuleManager: Shutting down and abandoning module WmfMediaEditor (584)
[2019.03.26-12.46.48:414][288]LogModuleManager: Shutting down and abandoning module WebMMediaFactory (582)
[2019.03.26-12.46.48:414][288]LogModuleManager: Shutting down and abandoning module WebMMediaEditor (580)
[2019.03.26-12.46.48:414][288]LogModuleManager: Shutting down and abandoning module WebMMedia (578)
[2019.03.26-12.46.48:414][288]LogModuleManager: Shutting down and abandoning module MediaPlayerEditor (576)
[2019.03.26-12.46.48:414][288]LogModuleManager: Shutting down and abandoning module MediaCompositingEditor (574)
[2019.03.26-12.46.48:414][288]LogModuleManager: Shutting down and abandoning module SequenceRecorder (573)
[2019.03.26-12.46.48:414][288]LogModuleManager: Shutting down and abandoning module OpenExrWrapper (570)
[2019.03.26-12.46.48:414][288]LogModuleManager: Shutting down and abandoning module ImgMediaFactory (568)
[2019.03.26-12.46.48:414][288]LogModuleManager: Shutting down and abandoning module ImgMediaEditor (566)
[2019.03.26-12.46.48:414][288]LogModuleManager: Shutting down and abandoning module AvfMediaFactory (564)
[2019.03.26-12.46.48:414][288]LogModuleManager: Shutting down and abandoning module AvfMediaEditor (562)
[2019.03.26-12.46.48:415][288]LogModuleManager: Shutting down and abandoning module AndroidMediaFactory (560)
[2019.03.26-12.46.48:415][288]LogModuleManager: Shutting down and abandoning module AndroidMediaEditor (558)
[2019.03.26-12.46.48:415][288]LogModuleManager: Shutting down and abandoning module ProductivityTools (556)
[2019.03.26-12.46.48:415][288]LogModuleManager: Shutting down and abandoning module MagicLeapCameraPreviewFactory (554)
[2019.03.26-12.46.48:415][288]LogModuleManager: Shutting down and abandoning module MagicLeapMediaFactory (552)
[2019.03.26-12.46.48:415][288]LogModuleManager: Shutting down and abandoning module MagicLeapMediaEditor (550)
[2019.03.26-12.46.48:415][288]LogModuleManager: Shutting down and abandoning module CharacterAI (548)
[2019.03.26-12.46.48:415][288]LogModuleManager: Shutting down and abandoning module SmartSnapping (546)
[2019.03.26-12.46.48:415][288]LogModuleManager: Shutting down and abandoning module SessionServices (544)
[2019.03.26-12.46.48:415][288]LogModuleManager: Shutting down and abandoning module ViewportSnapping (542)
[2019.03.26-12.46.48:415][288]LogModuleManager: Shutting down and abandoning module ViewportInteraction (540)
[2019.03.26-12.46.48:415][288]LogModuleManager: Shutting down and abandoning module ClothPainter (538)
[2019.03.26-12.46.48:415][288]LogModuleManager: Shutting down and abandoning module SkeletalMeshEditor (537)
[2019.03.26-12.46.48:415][288]LogModuleManager: Shutting down and abandoning module LogVisualizer (534)
[2019.03.26-12.46.48:415][288]LogModuleManager: Shutting down and abandoning module IntroTutorials (532)
[2019.03.26-12.46.48:415][288]LogModuleManager: Shutting down and abandoning module GameProjectGeneration (531)
[2019.03.26-12.46.48:415][288]LogModuleManager: Shutting down and abandoning module LuminPlatformEditor (528)
[2019.03.26-12.46.48:415][288]LogModuleManager: Shutting down and abandoning module IOSPlatformEditor (526)
[2019.03.26-12.46.48:415][288]LogModuleManager: Shutting down and abandoning module HTML5PlatformEditor (524)
[2019.03.26-12.46.48:415][288]LogModuleManager: Shutting down and abandoning module AndroidPlatformEditor (522)
[2019.03.26-12.46.48:415][288]LogModuleManager: Shutting down and abandoning module AndroidDeviceDetection (521)
[2019.03.26-12.46.48:708][288]LogModuleManager: Shutting down and abandoning module WindowsPlatformEditor (518)
[2019.03.26-12.46.48:708][288]LogModuleManager: Shutting down and abandoning module LuminRuntimeSettings (516)
[2019.03.26-12.46.48:709][288]LogModuleManager: Shutting down and abandoning module IOSRuntimeSettings (514)
[2019.03.26-12.46.48:709][288]LogModuleManager: Shutting down and abandoning module AndroidRuntimeSettings (512)
[2019.03.26-12.46.48:709][288]LogModuleManager: Shutting down and abandoning module TimeManagementEditor (510)
[2019.03.26-12.46.48:709][288]LogModuleManager: Shutting down and abandoning module InputBindingEditor (508)
[2019.03.26-12.46.48:709][288]LogModuleManager: Shutting down and abandoning module MergeActors (506)
[2019.03.26-12.46.48:709][288]LogModuleManager: Shutting down and abandoning module LocalizationDashboard (504)
[2019.03.26-12.46.48:709][288]LogModuleManager: Shutting down and abandoning module LocalizationService (503)
[2019.03.26-12.46.48:709][288]LogModuleManager: Shutting down and abandoning module HardwareTargeting (500)
[2019.03.26-12.46.48:709][288]LogModuleManager: Shutting down and abandoning module DeviceProfileEditor (498)
[2019.03.26-12.46.48:709][288]LogModuleManager: Shutting down and abandoning module UndoHistory (496)
[2019.03.26-12.46.48:709][288]LogModuleManager: Shutting down and abandoning module XmlParser (494)
[2019.03.26-12.46.48:709][288]LogModuleManager: Shutting down and abandoning module Blutility (492)
[2019.03.26-12.46.48:709][288]LogModuleManager: Shutting down and abandoning module ProjectSettingsViewer (490)
[2019.03.26-12.46.48:709][288]LogModuleManager: Shutting down and abandoning module ProjectTargetPlatformEditor (489)
[2019.03.26-12.46.48:709][288]LogModuleManager: Shutting down and abandoning module EditorSettingsViewer (486)
[2019.03.26-12.46.48:709][288]LogModuleManager: Shutting down and abandoning module SettingsEditor (484)
[2019.03.26-12.46.48:709][288]LogModuleManager: Shutting down and abandoning module ProjectLauncher (482)
[2019.03.26-12.46.48:709][288]LogModuleManager: Shutting down and abandoning module SessionFrontend (480)
[2019.03.26-12.46.48:709][288]LogModuleManager: Shutting down and abandoning module ProfilerClient (478)
[2019.03.26-12.46.48:709][288]LogModuleManager: Shutting down and abandoning module DeviceManager (476)
[2019.03.26-12.46.48:709][288]LogModuleManager: Shutting down and abandoning module TargetDeviceServices (475)
[2019.03.26-12.46.48:765][288]LogModuleManager: Shutting down and abandoning module AutomationController (472)
[2019.03.26-12.46.48:765][288]LogModuleManager: Shutting down and abandoning module AutomationWindow (470)
[2019.03.26-12.46.48:765][288]LogModuleManager: Shutting down and abandoning module Layers (468)
[2019.03.26-12.46.48:765][288]LogModuleManager: Shutting down and abandoning module ComponentVisualizers (466)
[2019.03.26-12.46.48:765][288]LogModuleManager: Shutting down and abandoning module DetailCustomizations (464)
[2019.03.26-12.46.48:765][288]LogModuleManager: Shutting down and abandoning module PackagesDialog (462)
[2019.03.26-12.46.48:765][288]LogModuleManager: Shutting down and abandoning module Persona (460)
[2019.03.26-12.46.48:765][288]LogModuleManager: Shutting down and abandoning module AdvancedPreviewScene (459)
[2019.03.26-12.46.48:765][288]LogModuleManager: Shutting down and abandoning module AnimGraph (457)
[2019.03.26-12.46.48:765][288]LogModuleManager: Shutting down and abandoning module Kismet (454)
[2019.03.26-12.46.48:771][288]LogModuleManager: Shutting down and abandoning module GraphEditor (452)
[2019.03.26-12.46.48:771][288]LogModuleManager: Shutting down and abandoning module ClassViewer (450)
[2019.03.26-12.46.48:771][288]LogModuleManager: Shutting down and abandoning module Toolbox (448)
[2019.03.26-12.46.48:771][288]LogModuleManager: Shutting down and abandoning module ModuleUI (446)
[2019.03.26-12.46.48:771][288]LogModuleManager: Shutting down and abandoning module MovieSceneTools (444)
[2019.03.26-12.46.48:771][288]LogModuleManager: Shutting down and abandoning module OutputLog (442)
[2019.03.26-12.46.48:771][288]LogModuleManager: Shutting down and abandoning module GammaUI (440)
[2019.03.26-12.46.48:771][288]LogModuleManager: Shutting down and abandoning module Documentation (438)
[2019.03.26-12.46.48:772][288]LogModuleManager: Shutting down and abandoning module MovieSceneTracks (436)
[2019.03.26-12.46.48:772][288]LogModuleManager: Shutting down and abandoning module MovieScene (434)
[2019.03.26-12.46.48:772][288]LogModuleManager: Shutting down and abandoning module StreamingPauseRendering (432)
[2019.03.26-12.46.48:772][288]LogModuleManager: Shutting down and abandoning module LauncherPlatform (430)
[2019.03.26-12.46.48:772][288]LogModuleManager: Shutting down and abandoning module AnalyticsET (428)
[2019.03.26-12.46.48:772][288]LogModuleManager: Shutting down and abandoning module PortalServices (426)
[2019.03.26-12.46.48:772][288]LogModuleManager: Shutting down and abandoning module PortalRpc (424)
[2019.03.26-12.46.48:772][288]LogModuleManager: Shutting down and abandoning module MessagingRpc (422)
[2019.03.26-12.46.48:772][288]LogModuleManager: Shutting down and abandoning module AIModule (420)
[2019.03.26-12.46.48:772][288]LogModuleManager: Shutting down and abandoning module GameplayDebugger (419)
[2019.03.26-12.46.48:772][288]LogModuleManager: Shutting down and abandoning module AITestSuite (417)
[2019.03.26-12.46.48:772][288]LogModuleManager: Shutting down and abandoning module NavigationSystem (415)
[2019.03.26-12.46.48:772][288]LogModuleManager: Shutting down and abandoning module DesktopPlatform (412)
[2019.03.26-12.46.48:772][288]LogModuleManager: Shutting down and abandoning module ImageWriteQueue (410)
[2019.03.26-12.46.48:775][288]LogModuleManager: Shutting down and abandoning module ProfilerService (408)
[2019.03.26-12.46.48:983][288]LogModuleManager: Shutting down and abandoning module TaskGraph (406)
[2019.03.26-12.46.48:984][288]LogModuleManager: Shutting down and abandoning module SteamVRController (404)
[2019.03.26-12.46.48:984][288]LogModuleManager: Shutting down and abandoning module ProceduralMeshComponentEditor (402)
[2019.03.26-12.46.48:984][288]LogModuleManager: Shutting down and abandoning module ProceduralMeshComponent (400)
[2019.03.26-12.46.48:984][288]LogModuleManager: Shutting down and abandoning module OculusInput (398)
[2019.03.26-12.46.48:984][288]LogModuleManager: Shutting down and abandoning module MobilePatchingUtils (396)
[2019.03.26-12.46.48:984][288]LogModuleManager: Shutting down and abandoning module EditableMesh (394)
[2019.03.26-12.46.48:984][288]LogModuleManager: Shutting down and abandoning module CustomMeshComponent (392)
[2019.03.26-12.46.48:984][288]LogModuleManager: Shutting down and abandoning module CableComponent (390)
[2019.03.26-12.46.48:984][288]LogModuleManager: Shutting down and abandoning module AudioCapture (388)
[2019.03.26-12.46.48:984][288]LogModuleManager: Shutting down and abandoning module ArchVisCharacter (386)
[2019.03.26-12.46.48:984][288]LogModuleManager: Shutting down and abandoning module AndroidPermission (384)
[2019.03.26-12.46.48:984][288]LogModuleManager: Shutting down and abandoning module NUTUnrealEngine4 (382)
[2019.03.26-12.46.48:984][288]LogModuleManager: Shutting down and abandoning module NetcodeUnitTest (380)
[2019.03.26-12.46.48:984][288]LogModuleManager: Shutting down and abandoning module MediaCompositing (378)
[2019.03.26-12.46.48:984][288]LogModuleManager: Shutting down and abandoning module LinearTimecode (376)
[2019.03.26-12.46.48:984][288]LogModuleManager: Shutting down and abandoning module ImgMedia (374)
[2019.03.26-12.46.48:988][288]LogModuleManager: Shutting down and abandoning module SubsystemConfigurator (372)
[2019.03.26-12.46.48:988][288]LogModuleManager: Shutting down and abandoning module HTML5Networking (370)
[2019.03.26-12.46.48:988][288]LogModuleManager: Shutting down and abandoning module GeometryCacheTracks (368)
[2019.03.26-12.46.48:988][288]LogModuleManager: Shutting down and abandoning module GeometryCacheSequencer (366)
[2019.03.26-12.46.48:988][288]LogModuleManager: Shutting down and abandoning module BackChannel (364)
[2019.03.26-12.46.48:988][288]LogModuleManager: Shutting down and abandoning module AppleVision (362)
[2019.03.26-12.46.48:988][288]LogModuleManager: Shutting down and abandoning module AppleImageUtilsBlueprintSupport (360)
[2019.03.26-12.46.48:988][288]LogModuleManager: Shutting down and abandoning module AppleImageUtils (358)
[2019.03.26-12.46.48:988][288]LogModuleManager: Shutting down and abandoning module AlembicImporter (356)
[2019.03.26-12.46.48:988][288]LogModuleManager: Shutting down and abandoning module AlembicLibrary (355)
[2019.03.26-12.46.48:988][288]LogModuleManager: Shutting down and abandoning module GeometryCache (354)
[2019.03.26-12.46.48:988][288]LogModuleManager: Shutting down and abandoning module GeometryCacheEd (353)
[2019.03.26-12.46.48:988][288]LogModuleManager: Shutting down and abandoning module VariantManagerContent (348)
[2019.03.26-12.46.48:988][288]LogModuleManager: Shutting down and abandoning module DatasmithContentEditor (346)
[2019.03.26-12.46.48:988][288]LogModuleManager: Shutting down and abandoning module SpeedTreeImporter (344)
[2019.03.26-12.46.48:988][288]LogModuleManager: Shutting down and abandoning module PluginBrowser (342)
[2019.03.26-12.46.48:989][288]LogModuleManager: Shutting down and abandoning module MobileLauncherProfileWizard (340)
[2019.03.26-12.46.48:989][288]LogModuleManager: Shutting down and abandoning module PolygonModeling (338)
[2019.03.26-12.46.48:989][288]LogModuleManager: Shutting down and abandoning module MeshEditor (336)
[2019.03.26-12.46.48:989][288]LogModuleManager: Shutting down and abandoning module CryptoKeysOpenSSL (334)
[2019.03.26-12.46.48:989][288]LogModuleManager: Shutting down and abandoning module CryptoKeys (332)
[2019.03.26-12.46.48:989][288]LogModuleManager: Shutting down and abandoning module VisualStudioSourceCodeAccess (330)
[2019.03.26-12.46.48:989][288]LogModuleManager: Shutting down and abandoning module VisualStudioCodeSourceCodeAccess (328)
[2019.03.26-12.46.48:989][288]LogModuleManager: Shutting down and abandoning module UObjectPlugin (326)
[2019.03.26-12.46.48:989][288]LogModuleManager: Shutting down and abandoning module SubversionSourceControl (324)
[2019.03.26-12.46.48:989][288]LogModuleManager: Shutting down and abandoning module PerforceSourceControl (322)
[2019.03.26-12.46.48:989][288]LogModuleManager: Shutting down and abandoning module GitSourceControl (320)
[2019.03.26-12.46.48:989][288]LogModuleManager: Shutting down and abandoning module SourceControl (319)
[2019.03.26-12.46.48:989][288]LogModuleManager: Shutting down and abandoning module CLionSourceCodeAccess (316)
[2019.03.26-12.46.48:989][288]LogModuleManager: Shutting down and abandoning module ActorLayerUtilitiesEditor (314)
[2019.03.26-12.46.48:989][288]LogModuleManager: Shutting down and abandoning module ActorLayerUtilities (312)
[2019.03.26-12.46.48:989][288]LogModuleManager: Shutting down and abandoning module LightPropagationVolumeEditor (310)
[2019.03.26-12.46.48:989][288]LogModuleManager: Shutting down and abandoning module PaperTiledImporter (308)
[2019.03.26-12.46.48:989][288]LogModuleManager: Shutting down and abandoning module PaperSpriteSheetImporter (306)
[2019.03.26-12.46.48:989][288]LogModuleManager: Shutting down and abandoning module Paper2DEditor (304)
[2019.03.26-12.46.48:989][288]LogModuleManager: Shutting down and abandoning module MeshPaint (303)
[2019.03.26-12.46.48:989][288]LogModuleManager: Shutting down and abandoning module RuntimePhysXCooking (300)
[2019.03.26-12.46.48:989][288]LogModuleManager: Shutting down and abandoning module PhysXVehiclesEditor (298)
[2019.03.26-12.46.48:989][288]LogModuleManager: Shutting down and abandoning module PhysXVehicles (296)
[2019.03.26-12.46.48:989][288]LogModuleManager: Shutting down and abandoning module OculusEditor (294)
[2019.03.26-12.46.48:989][288]LogModuleManager: Shutting down and abandoning module LocationServicesBPLibrary (292)
[2019.03.26-12.46.48:989][288]LogModuleManager: Shutting down and abandoning module ApexDestructionEditor (290)
[2019.03.26-12.46.48:990][288]LogModuleManager: Shutting down and abandoning module ApexDestruction (288)
[2019.03.26-12.46.48:990][288]LogModuleManager: Shutting down and abandoning module ActorSequence (286)
[2019.03.26-12.46.48:990][288]LogModuleManager: Shutting down and abandoning module UdpMessaging (284)
[2019.03.26-12.46.49:091][288]LogModuleManager: Shutting down and abandoning module TcpMessaging (282)
[2019.03.26-12.46.49:192][288]LogModuleManager: Shutting down and abandoning module MagicLeapAudio (280)
[2019.03.26-12.46.49:192][288]LogModuleManager: Shutting down and abandoning module GameplayTagsEditor (278)
[2019.03.26-12.46.49:192][288]LogModuleManager: Shutting down and abandoning module FacialAnimationEditor (276)
[2019.03.26-12.46.49:192][288]LogModuleManager: Shutting down and abandoning module FacialAnimation (274)
[2019.03.26-12.46.49:192][288]LogModuleManager: Shutting down and abandoning module DataValidation (272)
[2019.03.26-12.46.49:192][288]LogModuleManager: Shutting down and abandoning module AssetManagerEditor (270)
[2019.03.26-12.46.49:192][288]LogModuleManager: Shutting down and abandoning module LevelEditor (269)
[2019.03.26-12.46.49:193][288]LogModuleManager: Shutting down and abandoning module PixelInspectorModule (268)
[2019.03.26-12.46.49:193][288]LogModuleManager: Shutting down and abandoning module CommonMenuExtensions (266)
[2019.03.26-12.46.49:193][288]LogModuleManager: Shutting down and abandoning module MainFrame (264)
[2019.03.26-12.46.49:193][288]LogModuleManager: Shutting down and abandoning module HotReload (263)
[2019.03.26-12.46.49:194][288]LogModuleManager: Shutting down and abandoning module ContentBrowser (259)
[2019.03.26-12.46.49:194][288]LogModuleManager: Shutting down and abandoning module TreeMap (257)
[2019.03.26-12.46.49:195][288]LogModuleManager: Shutting down and abandoning module LightPropagationVolumeRuntime (254)
[2019.03.26-12.46.49:195][288]LogModuleManager: Shutting down and abandoning module AISupportModule (252)
[2019.03.26-12.46.49:195][288]LogModuleManager: Shutting down and abandoning module Paper2D (250)
[2019.03.26-12.46.49:195][288]LogModuleManager: Shutting down and abandoning module WindowsMoviePlayer (248)
[2019.03.26-12.46.49:195][288]LogModuleManager: Shutting down and abandoning module WebMMoviePlayer (246)
[2019.03.26-12.46.49:195][288]LogModuleManager: Shutting down and abandoning module WmfMedia (244)
[2019.03.26-12.46.49:196][288]LogModuleManager: Shutting down and abandoning module Media (243)
[2019.03.26-12.46.49:202][288]LogModuleManager: Shutting down and abandoning module PacketHandler (240)
[2019.03.26-12.46.49:202][288]LogModuleManager: Shutting down and abandoning module ClothingSystemEditor (238)
[2019.03.26-12.46.49:202][288]LogModuleManager: Shutting down and abandoning module ClothingSystemRuntime (236)
[2019.03.26-12.46.49:202][288]LogModuleManager: Shutting down and abandoning module MediaAssets (234)
[2019.03.26-12.46.49:202][288]LogModuleManager: Shutting down and abandoning module Overlay (232)
[2019.03.26-12.46.49:202][288]LogModuleManager: Shutting down and abandoning module OverlayEditor (231)
[2019.03.26-12.46.49:202][288]LogModuleManager: Shutting down and abandoning module VREditor (228)
[2019.03.26-12.46.49:202][288]LogModuleManager: Shutting down and abandoning module StringTableEditor (226)
[2019.03.26-12.46.49:202][288]LogModuleManager: Shutting down and abandoning module GameplayTasksEditor (224)
[2019.03.26-12.46.49:202][288]LogModuleManager: Shutting down and abandoning module BehaviorTreeEditor (222)
[2019.03.26-12.46.49:203][288]LogModuleManager: Shutting down and abandoning module FunctionalTesting (220)
[2019.03.26-12.46.49:203][288]LogModuleManager: Shutting down and abandoning module CollisionAnalyzer (218)
[2019.03.26-12.46.49:203][288]LogModuleManager: Shutting down and abandoning module WorkspaceMenuStructure (217)
[2019.03.26-12.46.49:203][288]LogModuleManager: Shutting down and abandoning module UMG (214)
[2019.03.26-12.46.49:203][288]LogModuleManager: Shutting down and abandoning module UMGEditor (213)
[2019.03.26-12.46.49:203][288]LogModuleManager: Shutting down and abandoning module Sequencer (212)
[2019.03.26-12.46.49:203][288]LogModuleManager: Shutting down and abandoning module MessageLog (209)
[2019.03.26-12.46.49:203][288]LogModuleManager: Shutting down and abandoning module SlateReflector (204)
[2019.03.26-12.46.49:203][288]LogModuleManager: Shutting down and abandoning module Slate (202)
[2019.03.26-12.46.49:203][288]LogModuleManager: Shutting down and abandoning module EditorStyle (200)
[2019.03.26-12.46.49:205][288]LogModuleManager: Shutting down and abandoning module MRMesh (198)
[2019.03.26-12.46.49:205][288]LogModuleManager: Shutting down and abandoning module SourceCodeAccess (196)
[2019.03.26-12.46.49:205][288]LogModuleManager: Shutting down and abandoning module HeadMountedDisplay (194)
[2019.03.26-12.46.49:205][288]LogModuleManager: Shutting down and abandoning module XAudio2 (192)
[2019.03.26-12.46.49:205][288]LogModuleManager: Shutting down and abandoning module Networking (190)
[2019.03.26-12.46.49:205][288]LogModuleManager: Shutting down and abandoning module Core (188)
[2019.03.26-12.46.49:205][288]LogModuleManager: Shutting down and abandoning module LevelSequence (186)
[2019.03.26-12.46.49:205][288]LogModuleManager: Shutting down and abandoning module KismetCompiler (184)
[2019.03.26-12.46.49:205][288]LogModuleManager: Shutting down and abandoning module MeshUtilities (182)
[2019.03.26-12.46.49:205][288]LogModuleManager: Shutting down and abandoning module MeshMergeUtilities (181)
[2019.03.26-12.46.49:205][288]LogModuleManager: Shutting down and abandoning module MeshReductionInterface (180)
[2019.03.26-12.46.49:205][288]LogModuleManager: Shutting down and abandoning module SimplygonSwarm (179)
[2019.03.26-12.46.49:205][288]LogModuleManager: Shutting down and abandoning module ProxyLODMeshReduction (177)
[2019.03.26-12.46.49:205][288]LogModuleManager: Shutting down and abandoning module SimplygonMeshReduction (175)
[2019.03.26-12.46.49:205][288]LogModuleManager: Shutting down and abandoning module QuadricMeshReduction (173)
[2019.03.26-12.46.49:205][288]LogModuleManager: Shutting down and abandoning module MaterialBaking (169)
[2019.03.26-12.46.49:205][288]LogModuleManager: Shutting down and abandoning module DirectoryWatcher (165)
[2019.03.26-12.46.49:205][288]LogModuleManager: Shutting down and abandoning module DerivedDataCache (162)
[2019.03.26-12.46.49:300][288]LogDerivedDataCache: Shutdown
[2019.03.26-12.46.49:301][288]LogModuleManager: Shutting down and abandoning module XGEController (160)
[2019.03.26-12.46.49:301][288]LogXGEController: Cleaning working directory: C:/Users/joey.JOEY-PC/AppData/Local/Temp/UnrealXGEWorkingDir/
[2019.03.26-12.46.49:301][288]LogModuleManager: Shutting down and abandoning module TargetPlatform (158)
[2019.03.26-12.46.49:301][288]LogModuleManager: Shutting down and abandoning module VulkanShaderFormat (157)
[2019.03.26-12.46.49:301][288]LogModuleManager: Shutting down and abandoning module ShaderFormatVectorVM (155)
[2019.03.26-12.46.49:301][288]LogModuleManager: Shutting down and abandoning module ShaderFormatOpenGL (153)
[2019.03.26-12.46.49:301][288]LogModuleManager: Shutting down and abandoning module ShaderFormatD3D (151)
[2019.03.26-12.46.49:301][288]LogModuleManager: Shutting down and abandoning module MetalShaderFormat (149)
[2019.03.26-12.46.49:301][288]LogModuleManager: Shutting down and abandoning module TextureFormatUncompressed (147)
[2019.03.26-12.46.49:301][288]LogModuleManager: Shutting down and abandoning module TextureFormatPVR (145)
[2019.03.26-12.46.49:301][288]LogModuleManager: Shutting down and abandoning module TextureFormatDXT (143)
[2019.03.26-12.46.49:301][288]LogModuleManager: Shutting down and abandoning module TextureFormatIntelISPCTexComp (141)
[2019.03.26-12.46.49:301][288]LogModuleManager: Shutting down and abandoning module TextureFormatASTC (139)
[2019.03.26-12.46.49:301][288]LogModuleManager: Shutting down and abandoning module ImageWrapper (138)
[2019.03.26-12.46.49:301][288]LogModuleManager: Shutting down and abandoning module TextureFormatAndroid (135)
[2019.03.26-12.46.49:301][288]LogModuleManager: Shutting down and abandoning module AudioFormatOpus (133)
[2019.03.26-12.46.49:301][288]LogModuleManager: Shutting down and abandoning module AudioFormatOgg (131)
[2019.03.26-12.46.49:301][288]LogModuleManager: Shutting down and abandoning module AudioFormatADPCM (129)
[2019.03.26-12.46.49:301][288]LogModuleManager: Shutting down and abandoning module LuminTargetPlatform (127)
[2019.03.26-12.46.49:302][288]LogModuleManager: Shutting down and abandoning module LinuxTargetPlatform (125)
[2019.03.26-12.46.49:302][288]LogModuleManager: Shutting down and abandoning module LinuxServerTargetPlatform (123)
[2019.03.26-12.46.49:302][288]LogModuleManager: Shutting down and abandoning module LinuxNoEditorTargetPlatform (121)
[2019.03.26-12.46.49:302][288]LogModuleManager: Shutting down and abandoning module LinuxClientTargetPlatform (119)
[2019.03.26-12.46.49:302][288]LogModuleManager: Shutting down and abandoning module TVOSTargetPlatform (117)
[2019.03.26-12.46.49:303][288]LogModuleManager: Shutting down and abandoning module Messaging (115)
[2019.03.26-12.46.49:303][288]LogModuleManager: Shutting down and abandoning module IOSTargetPlatform (113)
[2019.03.26-12.46.49:304][288]LogModuleManager: Shutting down and abandoning module HTML5TargetPlatform (111)
[2019.03.26-12.46.49:304][288]LogModuleManager: Shutting down and abandoning module AndroidTargetPlatform (109)
[2019.03.26-12.46.49:310][288]LogModuleManager: Shutting down and abandoning module WindowsTargetPlatform (107)
[2019.03.26-12.46.49:310][288]LogModuleManager: Shutting down and abandoning module WindowsServerTargetPlatform (105)
[2019.03.26-12.46.49:310][288]LogModuleManager: Shutting down and abandoning module WindowsNoEditorTargetPlatform (103)
[2019.03.26-12.46.49:310][288]LogModuleManager: Shutting down and abandoning module WindowsClientTargetPlatform (101)
[2019.03.26-12.46.49:310][288]LogModuleManager: Shutting down and abandoning module MacTargetPlatform (99)
[2019.03.26-12.46.49:310][288]LogModuleManager: Shutting down and abandoning module MacServerTargetPlatform (97)
[2019.03.26-12.46.49:310][288]LogModuleManager: Shutting down and abandoning module MacNoEditorTargetPlatform (95)
[2019.03.26-12.46.49:310][288]LogModuleManager: Shutting down and abandoning module MacClientTargetPlatform (93)
[2019.03.26-12.46.49:310][288]LogModuleManager: Shutting down and abandoning module AllDesktopTargetPlatform (91)
[2019.03.26-12.46.49:310][288]LogModuleManager: Shutting down and abandoning module InputCore (88)
[2019.03.26-12.46.49:310][288]LogModuleManager: Shutting down and abandoning module Settings (86)
[2019.03.26-12.46.49:310][288]LogModuleManager: Shutting down and abandoning module PhysXCooking (84)
[2019.03.26-12.46.49:310][288]LogModuleManager: Shutting down and abandoning module SteamVR (82)
[2019.03.26-12.46.49:310][288]LogHMD: Freeing OpenVRDLLHandle.
[2019.03.26-12.46.49:310][288]LogModuleManager: Shutting down and abandoning module OculusHMD (80)
[2019.03.26-12.46.49:310][288]LogModuleManager: Shutting down and abandoning module ExampleDeviceProfileSelector (78)
[2019.03.26-12.46.49:310][288]LogModuleManager: Shutting down and abandoning module LauncherChunkInstaller (76)
[2019.03.26-12.46.49:310][288]LogModuleManager: Shutting down and abandoning module OnlineBlueprintSupport (74)
[2019.03.26-12.46.49:310][288]LogModuleManager: Shutting down and abandoning module OnlineSubsystem (70)
[2019.03.26-12.46.49:311][288]LogModuleManager: Shutting down and abandoning module XMPP (63)
[2019.03.26-12.46.49:312][288]LogModuleManager: Shutting down and abandoning module WebSockets (62)
[2019.03.26-12.46.49:346][288]LogModuleManager: Shutting down and abandoning module HTTP (59)
[2019.03.26-12.46.49:346][288]LogHttp: Display: Http module shutting down, but needs to wait on 1 outstanding Http requests:
[2019.03.26-12.46.49:346][288]LogHttp: Display: 	verb=[POST] url=[https://datarouter.ol.epicgames.com/datarouter/api/v1/public/data?SessionID=%7B0C6AEF8E-4451-F28B-8AEB-E7B09D35F664%7D&AppID=UEEditor.Rocket.Release&AppVersion=4.21.2-4753647%2B%2B%2BUE4%2BRelease-4.21&UserID=2ff5ed2b4ea7f5724d83e4a8c7a078f7%7C52cd936612ca433ba7244efdbd41ffd6%7C78f223e4-764e-43ef-abb9-045bc1b63efa&AppEnvironment=datacollector-binary&UploadType=eteventstream] status=Processing
[2019.03.26-12.46.49:358][288]LogModuleManager: Shutting down and abandoning module SSL (58)
[2019.03.26-12.46.49:359][288]LogModuleManager: Shutting down and abandoning module MagicLeapIdentity (54)
[2019.03.26-12.46.49:359][288]LogModuleManager: Shutting down and abandoning module MagicLeapHelperVulkan (52)
[2019.03.26-12.46.49:359][288]LogModuleManager: Shutting down and abandoning module MagicLeapHelperOpenGL (50)
[2019.03.26-12.46.49:359][288]LogModuleManager: Shutting down and abandoning module MagicLeapSecureStorage (48)
[2019.03.26-12.46.49:359][288]LogModuleManager: Shutting down and abandoning module MagicLeapHandTracking (46)
[2019.03.26-12.46.49:359][288]LogModuleManager: Shutting down and abandoning module MagicLeapEyeTracker (44)
[2019.03.26-12.46.49:360][288]LogModuleManager: Shutting down and abandoning module MagicLeapController (42)
[2019.03.26-12.46.49:360][288]LogSlate: Slate User Destroyed.  User Index 0, Is Virtual User: 0
[2019.03.26-12.46.49:360][288]LogModuleManager: Shutting down and abandoning module MagicLeap (40)
[2019.03.26-12.46.49:360][288]LogModuleManager: Shutting down and abandoning module DatasmithContent (38)
[2019.03.26-12.46.49:360][288]LogModuleManager: Shutting down and abandoning module AnimationModifiers (36)
[2019.03.26-12.46.49:360][288]LogModuleManager: Shutting down and abandoning module PropertyEditor (35)
[2019.03.26-12.46.49:360][288]LogModuleManager: Shutting down and abandoning module AudioEditor (32)
[2019.03.26-12.46.49:360][288]LogModuleManager: Shutting down and abandoning module TextureCompressor (30)
[2019.03.26-12.46.49:361][288]LogModuleManager: Shutting down and abandoning module ShaderCore (28)
[2019.03.26-12.46.49:361][288]LogModuleManager: Shutting down and abandoning module Landscape (26)
[2019.03.26-12.46.49:361][288]LogModuleManager: Shutting down and abandoning module SlateRHIRenderer (24)
[2019.03.26-12.46.49:361][288]LogModuleManager: Shutting down and abandoning module OpenGLDrv (22)
[2019.03.26-12.46.49:361][288]LogModuleManager: Shutting down and abandoning module D3D11RHI (20)
[2019.03.26-12.46.49:361][288]LogModuleManager: Shutting down and abandoning module AnimGraphRuntime (18)
[2019.03.26-12.46.49:361][288]LogModuleManager: Shutting down and abandoning module Renderer (16)
[2019.03.26-12.46.49:362][288]LogModuleManager: Shutting down and abandoning module Engine (14)
[2019.03.26-12.46.49:362][288]LogModuleManager: Shutting down and abandoning module CoreUObject (12)
[2019.03.26-12.46.49:362][288]LogModuleManager: Shutting down and abandoning module NetworkFile (10)
[2019.03.26-12.46.49:362][288]LogModuleManager: Shutting down and abandoning module CookedIterativeFile (8)
[2019.03.26-12.46.49:362][288]LogModuleManager: Shutting down and abandoning module StreamingFile (6)
[2019.03.26-12.46.49:362][288]LogModuleManager: Shutting down and abandoning module SandboxFile (4)
[2019.03.26-12.46.49:362][288]LogModuleManager: Shutting down and abandoning module PakFile (2)
[2019.03.26-12.46.49:371][288]LogExit: Exiting.
[2019.03.26-12.46.49:399][288]Log file closed, 03/26/19 13:46:49
