Log file open, 03/20/19 09:17:17
LogWindows: Failed to load 'aqProf.dll' (GetLastError=126)
LogWindows: File 'aqProf.dll' does not exist
LogWindows: Failed to load 'VSPerf140.dll' (GetLastError=126)
LogWindows: File 'VSPerf140.dll' does not exist
LogWindows: Failed to load 'VtuneApi.dll' (GetLastError=126)
LogWindows: File 'VtuneApi.dll' does not exist
LogWindows: Failed to load 'VtuneApi32e.dll' (GetLastError=126)
LogWindows: File 'VtuneApi32e.dll' does not exist
LogInit: Display: Running engine for game: PixelArcade
LogPlatformFile: Not using cached read wrapper
LogTaskGraph: Started task graph with 5 named threads and 23 total threads with 3 sets of task threads.
LogStats: Stats thread started at 0.366152
LogD3D11RHI: Loaded GFSDK_Aftermath_Lib.x64.dll
LogICUInternationalization: Display: ICU TimeZone Detection - Raw Offset: +1:00, Platform Override: ''
LogPluginManager: Mounting plugin Paper2D
LogPluginManager: Mounting plugin AISupport
LogPluginManager: Mounting plugin LightPropagationVolume
LogPluginManager: Mounting plugin CLionSourceCodeAccess
LogPluginManager: Mounting plugin CodeLiteSourceCodeAccess
LogPluginManager: Mounting plugin GitSourceControl
LogPluginManager: Mounting plugin KDevelopSourceCodeAccess
LogPluginManager: Mounting plugin NullSourceCodeAccess
LogPluginManager: Mounting plugin PerforceSourceControl
LogPluginManager: Mounting plugin SubversionSourceControl
LogPluginManager: Mounting plugin UObjectPlugin
LogPluginManager: Mounting plugin VisualStudioCodeSourceCodeAccess
LogPluginManager: Mounting plugin VisualStudioSourceCodeAccess
LogPluginManager: Mounting plugin XCodeSourceCodeAccess
LogPluginManager: Mounting plugin AssetManagerEditor
LogPluginManager: Mounting plugin CryptoKeys
LogPluginManager: Mounting plugin DataValidation
LogPluginManager: Mounting plugin FacialAnimation
LogPluginManager: Mounting plugin GameplayTagsEditor
LogPluginManager: Mounting plugin MacGraphicsSwitching
LogPluginManager: Mounting plugin MeshEditor
LogPluginManager: Mounting plugin MobileLauncherProfileWizard
LogPluginManager: Mounting plugin PluginBrowser
LogPluginManager: Mounting plugin SpeedTreeImporter
LogPluginManager: Mounting plugin DatasmithContent
LogPluginManager: Mounting plugin AlembicImporter
LogPluginManager: Mounting plugin AppleImageUtils
LogPluginManager: Mounting plugin AppleVision
LogPluginManager: Mounting plugin BackChannel
LogPluginManager: Mounting plugin CharacterAI
LogPluginManager: Mounting plugin GeometryCache
LogPluginManager: Mounting plugin HTML5Networking
LogPluginManager: Mounting plugin ProxyLODPlugin
LogPluginManager: Mounting plugin MagicLeap
LogPluginManager: Mounting plugin MagicLeapEmulator
LogPluginManager: Mounting plugin MagicLeapMedia
LogPluginManager: Mounting plugin AndroidMedia
LogPluginManager: Mounting plugin AvfMedia
LogPluginManager: Mounting plugin ImgMedia
LogPluginManager: Mounting plugin LinearTimecode
LogPluginManager: Mounting plugin MediaCompositing
LogPluginManager: Mounting plugin MediaPlayerEditor
LogPluginManager: Mounting plugin WmfMedia
LogPluginManager: Mounting plugin TcpMessaging
LogPluginManager: Mounting plugin UdpMessaging
LogPluginManager: Mounting plugin ActorSequence
LogPluginManager: Mounting plugin LevelSequenceEditor
LogPluginManager: Mounting plugin MatineeToLevelSequence
LogPluginManager: Mounting plugin NetcodeUnitTest
LogPluginManager: Mounting plugin NUTUnrealEngine4
LogPluginManager: Mounting plugin OnlineSubsystemGooglePlay
LogPluginManager: Mounting plugin OnlineSubsystemIOS
LogPluginManager: Mounting plugin OnlineSubsystem
LogPluginManager: Mounting plugin OnlineSubsystemNull
LogPluginManager: Mounting plugin OnlineSubsystemSteam
LogPluginManager: Mounting plugin OnlineSubsystemUtils
LogPluginManager: Mounting plugin LauncherChunkInstaller
LogPluginManager: Mounting plugin AndroidDeviceProfileSelector
LogPluginManager: Mounting plugin AndroidMoviePlayer
LogPluginManager: Mounting plugin AndroidPermission
LogPluginManager: Mounting plugin AppleMoviePlayer
LogPluginManager: Mounting plugin ArchVisCharacter
LogPluginManager: Mounting plugin AudioCapture
LogPluginManager: Mounting plugin CableComponent
LogPluginManager: Mounting plugin CustomMeshComponent
LogPluginManager: Mounting plugin EditableMesh
LogPluginManager: Mounting plugin ExampleDeviceProfileSelector
LogPluginManager: Mounting plugin GoogleCloudMessaging
LogPluginManager: Mounting plugin ImmediatePhysics
LogPluginManager: Mounting plugin IOSDeviceProfileSelector
LogPluginManager: Mounting plugin LinuxDeviceProfileSelector
LogPluginManager: Mounting plugin LocationServicesBPLibrary
LogPluginManager: Mounting plugin MobilePatchingUtils
LogPluginManager: Mounting plugin OculusVR
LogPluginManager: Plugin shader directory ../../../Engine/Plugins/Runtime/Oculus/OculusVR/Shaders found
LogPluginManager: Mapping shader source directory ../../../Engine/Plugins/Runtime/Oculus/OculusVR/Shaders to virtual directory /Plugin/OculusVR
LogPluginManager: Mounting plugin PhysXVehicles
LogPluginManager: Mounting plugin ProceduralMeshComponent
LogPluginManager: Mounting plugin RuntimePhysXCooking
LogPluginManager: Mounting plugin SteamVR
LogPluginManager: Mounting plugin WindowsMoviePlayer
LogPluginManager: Mounting plugin AdvancedSessions
LogPluginManager: Mounting plugin AdvancedSteamSessions
LogStreaming: Display: Took  0.131s to configure plugins.
LogInit: Using libcurl 7.55.1-DEV
LogInit:  - built for x86_64-pc-win32
LogInit:  - supports SSL with OpenSSL/1.0.2h
LogInit:  - supports HTTP deflate (compression) using libz 1.2.8
LogInit:  - other features:
LogInit:      CURL_VERSION_SSL
LogInit:      CURL_VERSION_LIBZ
LogInit:      CURL_VERSION_IPV6
LogInit:      CURL_VERSION_ASYNCHDNS
LogInit:      CURL_VERSION_LARGEFILE
LogInit:      CURL_VERSION_IDN
LogInit:  CurlRequestOptions (configurable via config and command line):
LogInit:  - bVerifyPeer = false  - Libcurl will NOT verify peer certificate
LogInit:  - bUseHttpProxy = false  - Libcurl will NOT use HTTP proxy
LogInit:  - bDontReuseConnections = false  - Libcurl will reuse connections
LogInit:  - CertBundlePath = nullptr  - Libcurl will use whatever was configured at build time.
LogInit:  - MaxHostConnections = 16  - Libcurl will limit the number of connections to a host
LogInit:  - LocalHostAddr = Default
LogInit:  - BufferSize = 65536
LogOnline: Display: STEAM: Loading Steam SDK 1.39
LogInit: WinSock: version 1.1 (2.2), MaxSocks=32767, MaxUdp=65467
LogInit: Build: ++UE4+Release-4.20-CL-4369336
LogInit: Engine Version: 4.20.3-4369336+++UE4+Release-4.20
LogInit: Compatible Engine Version: 4.20.0-4212847+++UE4+Release-4.20
LogInit: Net CL: 4212847
LogInit: OS: Windows 10 (), CPU:       Intel(R) Core(TM) i7-3632QM CPU @ 2.20GHz, GPU: Intel(R) HD Graphics 4000
LogInit: Compiled (64-bit): Sep 17 2018 12:26:19
LogInit: Compiled with Visual C++: 19.13.26129.00
LogInit: Build Configuration: Development
LogInit: Branch Name: ++UE4+Release-4.20
LogInit: Command Line:  /Game/PixelWorlds/PixelMenu -game -PIEVIACONSOLE -ResX=1280 -ResY=720  -Multiprocess -messaging -SessionName="Play in Standalone Game" -windowed 
LogInit: Base Directory: C:/Program Files/Epic Games/UE_4.20/Engine/Binaries/Win64/
LogInit: Installed Engine Build: 1
LogDevObjectVersion: Number of dev versions registered: 20
LogDevObjectVersion:   Dev-Blueprints (B0D832E4-1F89-4F0D-ACCF-7EB736FD4AA2): 10
LogDevObjectVersion:   Dev-Build (E1C64328-A22C-4D53-A36C-8E866417BD8C): 0
LogDevObjectVersion:   Dev-Core (375EC13C-06E4-48FB-B500-84F0262A717E): 2
LogDevObjectVersion:   Dev-Editor (E4B068ED-F494-42E9-A231-DA0B2E46BB41): 24
LogDevObjectVersion:   Dev-Framework (CFFC743F-43B0-4480-9391-14DF171D2073): 34
LogDevObjectVersion:   Dev-Mobile (B02B49B5-BB20-44E9-A304-32B752E40360): 2
LogDevObjectVersion:   Dev-Networking (A4E4105C-59A1-49B5-A7C5-40C4547EDFEE): 0
LogDevObjectVersion:   Dev-Online (39C831C9-5AE6-47DC-9A44-9C173E1C8E7C): 0
LogDevObjectVersion:   Dev-Physics (78F01B33-EBEA-4F98-B9B4-84EACCB95AA2): 0
LogDevObjectVersion:   Dev-Platform (6631380F-2D4D-43E0-8009-CF276956A95A): 0
LogDevObjectVersion:   Dev-Rendering (12F88B9F-8875-4AFC-A67C-D90C383ABD29): 26
LogDevObjectVersion:   Dev-Sequencer (7B5AE74C-D270-4C10-A958-57980B212A5A): 9
LogDevObjectVersion:   Dev-VR (D7296918-1DD6-4BDD-9DE2-64A83CC13884): 2
LogDevObjectVersion:   Dev-LoadTimes (C2A15278-BFE7-4AFE-6C17-90FF531DF755): 1
LogDevObjectVersion:   Private-Geometry (6EACA3D4-40EC-4CC1-B786-8BED09428FC5): 3
LogDevObjectVersion:   Dev-AnimPhys (29E575DD-E0A3-4627-9D10-D276232CDCEA): 17
LogDevObjectVersion:   Dev-ReflectionCapture (6B266CEC-1EC7-4B8F-A30B-E4D90942FC07): 1
LogDevObjectVersion:   Dev-Automation (0DF73D61-A23F-47EA-B727-89E90C41499A): 1
LogDevObjectVersion:   FortniteMain (601D1886-AC64-4F84-AA16-D3DE0DEAC7D6): 12
LogDevObjectVersion:   Dev-Enterprise (9DFFBCD6-494F-0158-E221-12823C92A888): 1
LogStreaming: Display: Took  0.000s to delete old logs.
LogInit: Presizing for max 8388607 objects, including 0 objects not considered by GC, pre-allocating 0 bytes for permanent pool.
LogInit: Object subsystem initialized
[2019.03.20-08.17.17:930][  0]LogInit: Selected Device Profile: [Windows]
[2019.03.20-08.17.17:930][  0]LogInit: Applying CVar settings loaded from the selected device profile: [Windows]
[2019.03.20-08.17.17:939][  0]LogHAL: Display: Platform has ~ 8 GB [8452411392 / 8589934592 / 8], which maps to Default [LargestMinGB=32, LargerMinGB=12, DefaultMinGB=8, SmallerMinGB=6, SmallestMinGB=0)
[2019.03.20-08.17.17:939][  0]LogInit: Setting Device Profile CVar: [[r.Vulkan.UseRealUBs:1]]
[2019.03.20-08.17.17:939][  0]LogInit: Going up to parent DeviceProfile []
[2019.03.20-08.17.17:940][  0]LogInit: Computer: JOEY-PC
[2019.03.20-08.17.17:940][  0]LogInit: User: joey
[2019.03.20-08.17.17:940][  0]LogInit: CPU Page size=4096, Cores=4
[2019.03.20-08.17.17:940][  0]LogInit: High frequency timer resolution =10.000000 MHz
[2019.03.20-08.17.17:941][  0]LogMemory: Memory total: Physical=7.9GB (8GB approx)
[2019.03.20-08.17.17:941][  0]LogMemory: Platform Memory Stats for Windows
[2019.03.20-08.17.17:941][  0]LogMemory: Process Physical Memory: 129.63 MB used, 129.63 MB peak
[2019.03.20-08.17.17:941][  0]LogMemory: Process Virtual Memory: 99.72 MB used, 99.72 MB peak
[2019.03.20-08.17.17:941][  0]LogMemory: Physical Memory: 5157.11 MB used,  2903.74 MB free, 8060.85 MB total
[2019.03.20-08.17.17:941][  0]LogMemory: Virtual Memory: 4755.08 MB used,  2903.74 MB free, 134217728.00 MB total
[2019.03.20-08.17.18:020][  0]LogInit: Using OS detected language (en-US).
[2019.03.20-08.17.18:020][  0]LogInit: Using OS detected locale (en-US).
[2019.03.20-08.17.18:021][  0]LogTextLocalizationManager: No specific localization for 'en-US' exists, so the 'en' localization will be used.
[2019.03.20-08.17.18:726][  0]LogStreaming: Display: Took  0.707s to InitEngineTextLocalization.
[2019.03.20-08.17.18:788][  0]LogSlate: New Slate User Created.  User Index 0, Is Virtual User: 0
[2019.03.20-08.17.18:788][  0]LogSlate: Slate User Registered.  User Index 0, Is Virtual User: 0
[2019.03.20-08.17.18:857][  0]LogHMD: Failed to initialize OpenVR with code 110
[2019.03.20-08.17.18:858][  0]LogD3D11RHI: D3D11 adapters:
[2019.03.20-08.17.18:918][  0]LogD3D11RHI:    0. 'NVIDIA GeForce GT 635M' (Feature Level 11_0)
[2019.03.20-08.17.18:918][  0]LogD3D11RHI:       1999/0/4030 MB DedicatedVideo/DedicatedSystem/SharedSystem, Outputs:1, VendorId:0x10de
[2019.03.20-08.17.18:931][  0]LogD3D11RHI:    1. 'Intel(R) HD Graphics 4000' (Feature Level 11_0)
[2019.03.20-08.17.18:931][  0]LogD3D11RHI:       32/0/1760 MB DedicatedVideo/DedicatedSystem/SharedSystem, Outputs:0, VendorId:0x8086
[2019.03.20-08.17.18:941][  0]LogD3D11RHI:    2. 'Microsoft Basic Render Driver' (Feature Level 11_0)
[2019.03.20-08.17.18:941][  0]LogD3D11RHI:       0/0/4030 MB DedicatedVideo/DedicatedSystem/SharedSystem, Outputs:0, VendorId:0x1414
[2019.03.20-08.17.18:941][  0]LogD3D11RHI: Chosen D3D11 Adapter: 0
[2019.03.20-08.17.19:012][  0]LogD3D11RHI: Creating new Direct3DDevice
[2019.03.20-08.17.19:013][  0]LogD3D11RHI:     GPU DeviceId: 0xde3 (for the marketing name, search the web for "GPU Device Id")
[2019.03.20-08.17.19:013][  0]LogWindows: EnumDisplayDevices:
[2019.03.20-08.17.19:013][  0]LogWindows:    0. 'Intel(R) HD Graphics 4000' (P:1 D:1)
[2019.03.20-08.17.19:014][  0]LogWindows:    1. 'Intel(R) HD Graphics 4000' (P:0 D:0)
[2019.03.20-08.17.19:014][  0]LogWindows:    2. 'Intel(R) HD Graphics 4000' (P:0 D:0)
[2019.03.20-08.17.19:015][  0]LogWindows:    3. 'NVIDIA GeForce GT 635M' (P:0 D:0)
[2019.03.20-08.17.19:016][  0]LogWindows: DebugString: PrimaryIsNotTheChoosenAdapter PrimaryIsNotTheChoosenAdapter PrimaryIsNotTheChoosenAdapter 
[2019.03.20-08.17.19:016][  0]LogD3D11RHI:     Adapter Name: NVIDIA GeForce GT 635M
[2019.03.20-08.17.19:016][  0]LogD3D11RHI:   Driver Version: 376.54 (internal:21.21.13.7654, unified:376.54)
[2019.03.20-08.17.19:016][  0]LogD3D11RHI:      Driver Date: 12-29-2016
[2019.03.20-08.17.19:016][  0]LogRHI: Texture pool is 1399 MB (70% of 1999 MB)
[2019.03.20-08.17.19:059][  0]LogD3D11RHI: Display: Timestamp queries are currently disabled on this hardware due to instability. Realtime GPU stats will not be available. You can override this behaviour by setting r.NVIDIATimestampWorkaround to 0
[2019.03.20-08.17.19:059][  0]LogD3D11RHI: Async texture creation enabled
[2019.03.20-08.17.19:075][  0]LogD3D11RHI: GPU Timing Frequency: 1000.000000 (Debug: 2 1)
[2019.03.20-08.17.19:078][  0]LogShaderCompilers: Guid format shader working directory is -33 characters bigger than the processId version (../../../../../../Users/joey.JOEY-PC/Documents/Unreal Projects/PixelArcade/PixelArcade/Intermediate/Shaders/WorkingDirectory/3448/).
[2019.03.20-08.17.19:078][  0]LogShaderCompilers: Cleaned the shader compiler working directory 'C:/Users/joey.JOEY-PC/AppData/Local/Temp/UnrealShaderWorkingDir/1B8892084DDA2553016E3BBB0E93ED16/'.
[2019.03.20-08.17.19:810][  0]LogTemp: Display: Loaded TP WindowsClientTargetPlatform
[2019.03.20-08.17.19:837][  0]LogTemp: Display: Loaded TP WindowsNoEditorTargetPlatform
[2019.03.20-08.17.19:865][  0]LogTemp: Display: Loaded TP WindowsServerTargetPlatform
[2019.03.20-08.17.19:893][  0]LogTemp: Display: Loaded TP WindowsTargetPlatform
[2019.03.20-08.17.19:893][  0]LogTargetPlatformManager: Display: Building Assets For Windows
[2019.03.20-08.17.20:042][  0]LogXGEController: Cannot use XGE Controller as Incredibuild is not installed on this machine.
[2019.03.20-08.17.20:042][  0]LogShaderCompilers: Cannot use XGE Shader Compiler as Incredibuild is not installed on this machine.
[2019.03.20-08.17.20:042][  0]LogShaderCompilers: Display: Using Local Shader Compiler.
[2019.03.20-08.17.21:211][  0]LogDerivedDataCache: Display: Max Cache Size: 512 MB
[2019.03.20-08.17.21:293][  0]LogDerivedDataCache: Loaded boot cache 0.08s 71MB C:/Users/joey.JOEY-PC/AppData/Local/UnrealEngine/4.20/DerivedDataCache/Boot.ddc.
[2019.03.20-08.17.21:293][  0]LogDerivedDataCache: Display: Loaded Boot cache: C:/Users/joey.JOEY-PC/AppData/Local/UnrealEngine/4.20/DerivedDataCache/Boot.ddc
[2019.03.20-08.17.21:294][  0]LogDerivedDataCache: FDerivedDataBackendGraph:  Pak pak cache file ../../../../../../Users/joey.JOEY-PC/Documents/Unreal Projects/PixelArcade/PixelArcade/DerivedDataCache/DDC.ddp not found, will not use a pak cache.
[2019.03.20-08.17.21:294][  0]LogDerivedDataCache: Unable to find inner node Pak for hierarchical cache Hierarchy.
[2019.03.20-08.17.21:294][  0]LogDerivedDataCache: FDerivedDataBackendGraph:  CompressedPak pak cache file ../../../../../../Users/joey.JOEY-PC/Documents/Unreal Projects/PixelArcade/PixelArcade/DerivedDataCache/Compressed.ddp not found, will not use a pak cache.
[2019.03.20-08.17.21:294][  0]LogDerivedDataCache: Unable to find inner node CompressedPak for hierarchical cache Hierarchy.
[2019.03.20-08.17.21:314][  0]LogDerivedDataCache: Display: Pak cache opened for reading ../../../Engine/DerivedDataCache/Compressed.ddp.
[2019.03.20-08.17.21:327][  0]LogDerivedDataCache: Using Local data cache path C:/Users/joey.JOEY-PC/AppData/Local/UnrealEngine/Common/DerivedDataCache: Writable
[2019.03.20-08.17.21:327][  0]LogDerivedDataCache: Shared data cache path not found in *engine.ini, will not use an Shared cache.
[2019.03.20-08.17.21:327][  0]LogDerivedDataCache: Unable to find inner node Shared for hierarchical cache Hierarchy.
[2019.03.20-08.17.21:353][  0]LogMaterial: Verifying Global Shaders for PCD3D_SM5
[2019.03.20-08.17.21:355][  0]LogSlate: Using FreeType 2.6.0
[2019.03.20-08.17.21:355][  0]LogSlate: SlateFontServices - WITH_FREETYPE: 1, WITH_HARFBUZZ: 1
[2019.03.20-08.17.21:413][  0]LogInit: Using OS detected language (en-US).
[2019.03.20-08.17.21:413][  0]LogInit: Using OS detected locale (en-US).
[2019.03.20-08.17.21:413][  0]LogTextLocalizationManager: No localization for 'en-US' exists, so 'en' will be used for the language.
[2019.03.20-08.17.21:413][  0]LogTextLocalizationManager: No localization for 'en-US' exists, so 'en' will be used for the locale.
[2019.03.20-08.17.21:786][  0]LogStreaming: Display: Took  0.373s to InitGameTextLocalization.
[2019.03.20-08.17.21:798][  0]LogAssetRegistry: FAssetRegistry took 0.0062 seconds to start up
[2019.03.20-08.17.22:123][  0]LogPackageLocalizationCache: Processed 11 localized package path(s) for 1 prioritized culture(s) in 0.016927 seconds
[2019.03.20-08.17.22:294][  0]LogInit: Selected Device Profile: [Windows]
[2019.03.20-08.17.22:486][  0]LogSimplygon: Simplygon DLL not present - disabling.
[2019.03.20-08.17.22:493][  0]LogMeshReduction: Using SimplygonSwarm for distributed automatic mesh merging
[2019.03.20-08.17.22:493][  0]LogMeshReduction: Using ProxyLODMeshReduction for automatic mesh merging
[2019.03.20-08.17.22:493][  0]LogMeshReduction: Using QuadricMeshReduction for automatic static mesh reduction
[2019.03.20-08.17.22:493][  0]LogMeshReduction: No automatic skeletal mesh reduction module available
[2019.03.20-08.17.22:513][  0]LogNetVersion: PixelArcade 1.0.0, NetCL: 4212847, EngineNetVer: 5, GameNetVer: 0 (Checksum: 3850678766)
[2019.03.20-08.17.23:229][  0]LogMoviePlayer: Initializing movie player
[2019.03.20-08.17.23:482][  0]LogTcpMessaging: Initializing TcpMessaging bridge
[2019.03.20-08.17.23:496][  0]LogUdpMessaging: Initializing bridge on interface 0.0.0.0:0 to multicast group 230.0.0.1:6666.
[2019.03.20-08.17.23:614][  0]SourceControl: Source control is disabled
[2019.03.20-08.17.23:614][  0]SourceControl: Source control is disabled
[2019.03.20-08.17.23:616][  0]SourceControl: Source control is disabled
[2019.03.20-08.17.23:783][  0]LogAndroidPermission: UAndroidPermissionCallbackProxy::GetInstance
[2019.03.20-08.17.23:899][  0]LogOcInput: OculusInput pre-init called
[2019.03.20-08.17.23:914][  0]LogUObjectArray: 42822 objects as part of root set at end of initial load.
[2019.03.20-08.17.23:914][  0]LogUObjectAllocator: 7552984 out of 0 bytes used by permanent object pool.
[2019.03.20-08.17.23:914][  0]LogUObjectArray: CloseDisregardForGC: 0/0 objects in disregard for GC pool
[2019.03.20-08.17.23:996][  0]LogEngine: Initializing Engine...
[2019.03.20-08.17.23:997][  0]LogHMD: Failed to initialize OpenVR with code 110
[2019.03.20-08.17.24:011][  0]LogStats: UGameplayTagsManager::ConstructGameplayTagTree: ImportINI prefixes -  0.000 s
[2019.03.20-08.17.24:011][  0]LogStats: UGameplayTagsManager::ConstructGameplayTagTree: Construct from data asset -  0.000 s
[2019.03.20-08.17.24:011][  0]LogStats: UGameplayTagsManager::ConstructGameplayTagTree: ImportINI -  0.000 s
[2019.03.20-08.17.24:011][  0]LogStats: UGameplayTagsManager::ConstructGameplayTagTree: GameplayTagTreeChangedEvent.Broadcast -  0.000 s
[2019.03.20-08.17.24:271][  0]LogInit: Initializing FReadOnlyCVARCache
[2019.03.20-08.17.24:290][  0]LogInit: XAudio2 using 'Speakers (Conexant SmartAudio HD)' : 2 channels at 44.1 kHz using 32 bits per sample (channel mask 0x3)
[2019.03.20-08.17.24:340][  0]LogInit: FAudioDevice initialized.
[2019.03.20-08.17.24:352][  0]LogNetVersion: Set ProjectVersion to 1.0.0.0. Version Checksum will be recalculated on next use.
[2019.03.20-08.17.24:363][  0]LogInit: Texture streaming: Enabled
[2019.03.20-08.17.24:552][  0]LogSlate: Updating window title bar state: overlay mode, drag disabled, window buttons hidden, title bar hidden
[2019.03.20-08.17.24:552][  0]LogInit: Display: Game Engine Initialized.
[2019.03.20-08.17.24:552][  0]LogGameplayTags: Display: UGameplayTagsManager::DoneAddingNativeTags. DelegateIsBound: 0
[2019.03.20-08.17.24:552][  0]LogStats: UGameplayTagsManager::ConstructGameplayTagTree: ImportINI prefixes -  0.000 s
[2019.03.20-08.17.24:552][  0]LogStats: UGameplayTagsManager::ConstructGameplayTagTree: Construct from data asset -  0.000 s
[2019.03.20-08.17.24:552][  0]LogStats: UGameplayTagsManager::ConstructGameplayTagTree: ImportINI -  0.000 s
[2019.03.20-08.17.24:552][  0]LogStats: UGameplayTagsManager::ConstructGameplayTagTree: GameplayTagTreeChangedEvent.Broadcast -  0.000 s
[2019.03.20-08.17.24:578][  0]LogInit: Display: Starting Game.
[2019.03.20-08.17.24:578][  0]LogNet: Browse: /Game/PixelWorlds/PixelMenu?Name=Player
[2019.03.20-08.17.24:579][  0]LogLoad: LoadMap: /Game/PixelWorlds/PixelMenu?Name=Player
[2019.03.20-08.17.24:792][  0]LogAIModule: Creating AISystem for world PixelMenu
[2019.03.20-08.17.24:937][  0]LogLoad: Game class is 'GM_PixelMenu_C'
[2019.03.20-08.17.24:940][  0]LogWorld: Bringing World /Game/PixelWorlds/PixelMenu.PixelMenu up for play (max tick rate 0) at 2019.03.20-09.17.24
[2019.03.20-08.17.24:941][  0]LogWorld: Bringing up level for play took: 0.002411
[2019.03.20-08.17.24:945][  0]LogLoad: Took 0.367122 seconds to LoadMap(/Game/PixelWorlds/PixelMenu)
[2019.03.20-08.17.25:025][  0]LogRenderer: Reallocating scene render targets to support 1280x720 Format 10 NumSamples 1 (Frame:1).
[2019.03.20-08.17.25:025][  0]LogLoad: (Engine Initialization) Total time: 10.82 seconds
[2019.03.20-08.17.25:025][  0]LogLoad: (Engine Initialization) Total Blueprint compile time: 0.00 seconds
[2019.03.20-08.17.25:049][  0]LogContentStreaming: Texture pool size now 1000 MB
[2019.03.20-08.17.28:770][ 35]LogBlueprintUserMessages: [PixelFarm_Farmer_C_0] Hello
[2019.03.20-08.17.29:241][ 46]LogOnlineSession: Verbose: OSS: dumping NamedSession: 
[2019.03.20-08.17.29:241][ 46]LogOnlineSession: Verbose: OSS: 	SessionName: GameSession
[2019.03.20-08.17.29:241][ 46]LogOnlineSession: Verbose: OSS: 	HostingPlayerNum: 0
[2019.03.20-08.17.29:241][ 46]LogOnlineSession: Verbose: OSS: 	SessionState: Pending
[2019.03.20-08.17.29:241][ 46]LogOnlineSession: Verbose: OSS: 	RegisteredPlayers: 
[2019.03.20-08.17.29:241][ 46]LogOnlineSession: Verbose: OSS: 	    0 registered players
[2019.03.20-08.17.29:241][ 46]LogOnlineSession: Verbose: OSS: dumping Session: 
[2019.03.20-08.17.29:241][ 46]LogOnlineSession: Verbose: OSS: 	OwningPlayerName: Joey
[2019.03.20-08.17.29:241][ 46]LogOnlineSession: Verbose: OSS: 	OwningPlayerId: Joey [0x110000108DE5512]
[2019.03.20-08.17.29:241][ 46]LogOnlineSession: Verbose: OSS: 	NumOpenPrivateConnections: 0
[2019.03.20-08.17.29:241][ 46]LogOnlineSession: Verbose: OSS: 	NumOpenPublicConnections: 99
[2019.03.20-08.17.29:241][ 46]LogOnlineSession: Verbose: OSS: 	SessionInfo: HostIP: INVALID SteamP2P: 76561198109054226:7777 Type: Lobby session SessionId: Lobby [0x186000001E6BB9F]
[2019.03.20-08.17.29:241][ 46]LogOnlineSession: Verbose: OSS: dumping SessionSettings: 
[2019.03.20-08.17.29:241][ 46]LogOnlineSession: Verbose: OSS: 	NumPublicConnections: 100
[2019.03.20-08.17.29:241][ 46]LogOnlineSession: Verbose: OSS: 	NumPrivateConnections: 0
[2019.03.20-08.17.29:241][ 46]LogOnlineSession: Verbose: OSS: 	bIsLanMatch: false
[2019.03.20-08.17.29:241][ 46]LogOnlineSession: Verbose: OSS: 	bIsDedicated: false
[2019.03.20-08.17.29:241][ 46]LogOnlineSession: Verbose: OSS: 	bUsesStats: false
[2019.03.20-08.17.29:241][ 46]LogOnlineSession: Verbose: OSS: 	bShouldAdvertise: true
[2019.03.20-08.17.29:241][ 46]LogOnlineSession: Verbose: OSS: 	bAllowJoinInProgress: true
[2019.03.20-08.17.29:241][ 46]LogOnlineSession: Verbose: OSS: 	bAllowInvites: true
[2019.03.20-08.17.29:241][ 46]LogOnlineSession: Verbose: OSS: 	bUsesPresence: true
[2019.03.20-08.17.29:241][ 46]LogOnlineSession: Verbose: OSS: 	bAllowJoinViaPresence: true
[2019.03.20-08.17.29:242][ 46]LogOnlineSession: Verbose: OSS: 	bAllowJoinViaPresenceFriendsOnly: false
[2019.03.20-08.17.29:242][ 46]LogOnlineSession: Verbose: OSS: 	BuildUniqueId: 0x0040486f
[2019.03.20-08.17.29:242][ 46]LogOnlineSession: Verbose: OSS: 	Settings:
[2019.03.20-08.17.29:242][ 46]LogOnlineSession: Verbose: OSS: 		PIXELARCADE=PIXEL : OnlineService
[2019.03.20-08.17.29:592][ 51]LogPackageName: SearchForPackageOnDisk took   0.219s to resolve FarmHunt.umap.
[2019.03.20-08.17.29:593][ 51]LogBlueprintUserMessages: [PixelFarm_Farmer_C_0] !!!!
[2019.03.20-08.17.29:823][ 52]LogPackageName: SearchForPackageOnDisk took   0.218s to resolve FarmHunt.umap.
[2019.03.20-08.17.29:823][ 52]LogNet: Browse: /Game/PixelWorlds/FarmHunt?listen
[2019.03.20-08.17.29:824][ 52]LogLoad: LoadMap: /Game/PixelWorlds/FarmHunt?listen
[2019.03.20-08.17.30:242][ 52]LogLinker: Warning: Can't find file '/Game/PixelWorlds/FarmHunt_BuiltData'
[2019.03.20-08.17.30:242][ 52]LoadErrors: Failed to load /Game/PixelWorlds/FarmHunt_BuiltData.FarmHunt_BuiltData Referenced by PersistentLevel
[2019.03.20-08.17.30:242][ 52]LogUObjectGlobals: Warning: Failed to load '/Game/PixelWorlds/FarmHunt_BuiltData': Can't find file '/Game/PixelWorlds/FarmHunt_BuiltData'
[2019.03.20-08.17.30:243][ 52]LogLinker: Warning: Can't find file for asset '/Game/PixelWorlds/FarmHunt_BuiltData' while loading NULL.
[2019.03.20-08.17.30:243][ 52]LoadErrors: Failed to load /Game/PixelWorlds/FarmHunt_BuiltData.FarmHunt_BuiltData Referenced by PersistentLevel
[2019.03.20-08.17.30:243][ 52]LogUObjectGlobals: Warning: Failed to load '/Game/PixelWorlds/FarmHunt_BuiltData': Can't find file for asset '/Game/PixelWorlds/FarmHunt_BuiltData' while loading NULL.
[2019.03.20-08.17.30:366][ 52]LogAIModule: Creating AISystem for world FarmHunt
[2019.03.20-08.17.30:366][ 52]LogLoad: Game class is 'GM_FarmHunt_C'
[2019.03.20-08.17.30:366][ 52]LogTemp: Display: ParseSettings for GameNetDriver
[2019.03.20-08.17.30:367][ 52]LogTemp: Display: ParseSettings for IpNetDriver_0
[2019.03.20-08.17.30:367][ 52]LogTemp: Display: ParseSettings for GameNetDriver
[2019.03.20-08.17.30:367][ 52]LogNet: ReplicationDriverClass is null! Not using ReplicationDriver.
[2019.03.20-08.17.30:367][ 52]LogInit: SteamSockets: Socket queue 131072 / 131072
[2019.03.20-08.17.30:367][ 52]LogNet: Warning: Failed to init net driver ListenURL: /Game/PixelWorlds/FarmHunt?listen: SteamSockets: binding to port 7777 failed (0)
[2019.03.20-08.17.30:367][ 52]LogNet: Warning: Network Failure: GameNetDriver[NetDriverListenFailure]: SteamSockets: binding to port 7777 failed (0)
[2019.03.20-08.17.30:367][ 52]LogNet: NetworkFailure: NetDriverListenFailure, Error: 'SteamSockets: binding to port 7777 failed (0)'
[2019.03.20-08.17.30:368][ 52]LogWorld: Failed to listen: SteamSockets: binding to port 7777 failed (0)
[2019.03.20-08.17.30:368][ 52]LogNet: Error: LoadMap: failed to Listen(/Game/PixelWorlds/FarmHunt?listen)
[2019.03.20-08.17.30:392][ 52]LogWorld: Bringing World /Game/PixelWorlds/FarmHunt.FarmHunt up for play (max tick rate 0) at 2019.03.20-09.17.30
[2019.03.20-08.17.30:393][ 52]LogWorld: Bringing up level for play took: 0.024172
[2019.03.20-08.17.30:398][ 52]LogLoad: Took 0.573805 seconds to LoadMap(/Game/PixelWorlds/FarmHunt)
[2019.03.20-08.17.30:403][ 53]LogNet: Browse: /Game/PixelWorlds/PixelMenu?closed
[2019.03.20-08.17.30:405][ 53]LogNet: Connection failed; returning to Entry
[2019.03.20-08.17.30:526][ 53]LogLoad: LoadMap: /Game/PixelWorlds/PixelMenu?closed
[2019.03.20-08.17.30:744][ 53]LogAIModule: Creating AISystem for world PixelMenu
[2019.03.20-08.17.30:887][ 53]LogLoad: Game class is 'GM_PixelMenu_C'
[2019.03.20-08.17.30:889][ 53]LogWorld: Bringing World /Game/PixelWorlds/PixelMenu.PixelMenu up for play (max tick rate 0) at 2019.03.20-09.17.30
[2019.03.20-08.17.30:889][ 53]LogWorld: Bringing up level for play took: 0.001291
[2019.03.20-08.17.30:892][ 53]LogLoad: Took 0.365924 seconds to LoadMap(/Game/PixelWorlds/PixelMenu)
[2019.03.20-08.17.31:828][ 76]LogSlate: FSceneViewport::OnFocusLost() reason 2
[2019.03.20-08.17.34:119][132]LogSlate: Window 'PixelArcade (64-bit Development PCD3D_SM5) ' being destroyed
[2019.03.20-08.17.34:120][132]LogWindowsTextInputMethodSystem: Display: IME system now deactivated.
[2019.03.20-08.17.34:129][132]LogSlate: Updating window title bar state: overlay mode, drag disabled, window buttons hidden, title bar hidden
[2019.03.20-08.17.34:129][132]LogEngine: All Windows Closed
[2019.03.20-08.17.34:129][132]LogWindows: FPlatformMisc::RequestExit(0)
[2019.03.20-08.17.35:010][133]LogExit: Preparing to exit.
[2019.03.20-08.17.35:010][133]LogMoviePlayer: Shutting down movie player
[2019.03.20-08.17.35:524][133]LogSlate: Updating window title bar state: overlay mode, drag disabled, window buttons hidden, title bar hidden
[2019.03.20-08.17.35:539][133]LogExit: Game engine shut down
[2019.03.20-08.17.35:541][133]LogExit: GameNetDriver None shut down
[2019.03.20-08.17.36:070][133]LogExit: Object subsystem successfully closed.
[2019.03.20-08.17.36:087][133]LogShaderCompilers: Display: Shaders left to compile 0
[2019.03.20-08.17.36:091][133]LogD3D11RHI: Shutdown
[2019.03.20-08.17.36:091][133]LogD3D11RHI: CleanupD3DDevice
[2019.03.20-08.17.36:093][133]LogD3D11RHI: ~FD3D11DynamicRHI
[2019.03.20-08.17.36:131][133]LogModuleManager: Shutting down and abandoning module SequenceRecorderSections (380)
[2019.03.20-08.17.36:131][133]LogModuleManager: Shutting down and abandoning module SequenceRecorder (378)
[2019.03.20-08.17.36:131][133]LogModuleManager: Shutting down and abandoning module AutomationController (376)
[2019.03.20-08.17.36:131][133]LogModuleManager: Shutting down and abandoning module AutomationWorker (374)
[2019.03.20-08.17.36:131][133]LogModuleManager: Shutting down and abandoning module AIModule (372)
[2019.03.20-08.17.36:131][133]LogModuleManager: Shutting down and abandoning module GameplayDebugger (371)
[2019.03.20-08.17.36:131][133]LogModuleManager: Shutting down and abandoning module AITestSuite (369)
[2019.03.20-08.17.36:131][133]LogModuleManager: Shutting down and abandoning module NavigationSystem (367)
[2019.03.20-08.17.36:131][133]LogModuleManager: Shutting down and abandoning module WmfMediaFactory (364)
[2019.03.20-08.17.36:131][133]LogModuleManager: Shutting down and abandoning module OpenExrWrapper (362)
[2019.03.20-08.17.36:131][133]LogModuleManager: Shutting down and abandoning module ImgMediaFactory (360)
[2019.03.20-08.17.36:131][133]LogModuleManager: Shutting down and abandoning module AvfMediaFactory (358)
[2019.03.20-08.17.36:131][133]LogModuleManager: Shutting down and abandoning module MagicLeapCameraPreviewFactory (356)
[2019.03.20-08.17.36:131][133]LogModuleManager: Shutting down and abandoning module MagicLeapMediaFactory (354)
[2019.03.20-08.17.36:131][133]LogModuleManager: Shutting down and abandoning module CharacterAI (352)
[2019.03.20-08.17.36:131][133]LogModuleManager: Shutting down and abandoning module SessionServices (350)
[2019.03.20-08.17.36:131][133]LogModuleManager: Shutting down and abandoning module MovieSceneCapture (348)
[2019.03.20-08.17.36:131][133]LogModuleManager: Shutting down and abandoning module MovieSceneTracks (346)
[2019.03.20-08.17.36:131][133]LogModuleManager: Shutting down and abandoning module MovieScene (344)
[2019.03.20-08.17.36:131][133]LogModuleManager: Shutting down and abandoning module StreamingPauseRendering (342)
[2019.03.20-08.17.36:131][133]LogModuleManager: Shutting down and abandoning module PortalServices (340)
[2019.03.20-08.17.36:132][133]LogModuleManager: Shutting down and abandoning module PortalRpc (338)
[2019.03.20-08.17.36:132][133]LogModuleManager: Shutting down and abandoning module MessagingRpc (336)
[2019.03.20-08.17.36:132][133]LogModuleManager: Shutting down and abandoning module ProfilerService (334)
[2019.03.20-08.17.36:213][133]LogModuleManager: Shutting down and abandoning module TaskGraph (332)
[2019.03.20-08.17.36:213][133]LogModuleManager: Shutting down and abandoning module SteamVRController (330)
[2019.03.20-08.17.36:213][133]LogModuleManager: Shutting down and abandoning module ProceduralMeshComponent (328)
[2019.03.20-08.17.36:213][133]LogModuleManager: Shutting down and abandoning module OculusInput (326)
[2019.03.20-08.17.36:213][133]LogModuleManager: Shutting down and abandoning module MobilePatchingUtils (324)
[2019.03.20-08.17.36:213][133]LogModuleManager: Shutting down and abandoning module EditableMesh (322)
[2019.03.20-08.17.36:214][133]LogModuleManager: Shutting down and abandoning module CustomMeshComponent (320)
[2019.03.20-08.17.36:214][133]LogModuleManager: Shutting down and abandoning module CableComponent (318)
[2019.03.20-08.17.36:214][133]LogModuleManager: Shutting down and abandoning module AudioCapture (316)
[2019.03.20-08.17.36:214][133]LogModuleManager: Shutting down and abandoning module ArchVisCharacter (314)
[2019.03.20-08.17.36:214][133]LogModuleManager: Shutting down and abandoning module AndroidPermission (312)
[2019.03.20-08.17.36:214][133]LogModuleManager: Shutting down and abandoning module NUTUnrealEngine4 (308)
[2019.03.20-08.17.36:214][133]LogModuleManager: Shutting down and abandoning module NetcodeUnitTest (306)
[2019.03.20-08.17.36:214][133]LogModuleManager: Shutting down and abandoning module MediaCompositing (304)
[2019.03.20-08.17.36:214][133]LogModuleManager: Shutting down and abandoning module LinearTimecode (302)
[2019.03.20-08.17.36:214][133]LogModuleManager: Shutting down and abandoning module ImgMedia (300)
[2019.03.20-08.17.36:218][133]LogModuleManager: Shutting down and abandoning module HTML5Networking (298)
[2019.03.20-08.17.36:218][133]LogModuleManager: Shutting down and abandoning module GeometryCacheTracks (296)
[2019.03.20-08.17.36:218][133]LogModuleManager: Shutting down and abandoning module GeometryCacheSequencer (295)
[2019.03.20-08.17.36:218][133]LogModuleManager: Shutting down and abandoning module GeometryCache (292)
[2019.03.20-08.17.36:218][133]LogModuleManager: Shutting down and abandoning module GeometryCacheEd (291)
[2019.03.20-08.17.36:218][133]LogModuleManager: Shutting down and abandoning module BackChannel (288)
[2019.03.20-08.17.36:218][133]LogModuleManager: Shutting down and abandoning module AppleVision (286)
[2019.03.20-08.17.36:218][133]LogModuleManager: Shutting down and abandoning module AppleImageUtils (284)
[2019.03.20-08.17.36:218][133]LogModuleManager: Shutting down and abandoning module DatasmithContent (282)
[2019.03.20-08.17.36:219][133]LogModuleManager: Shutting down and abandoning module CryptoKeysOpenSSL (280)
[2019.03.20-08.17.36:219][133]LogModuleManager: Shutting down and abandoning module CryptoKeys (278)
[2019.03.20-08.17.36:219][133]LogModuleManager: Shutting down and abandoning module VisualStudioSourceCodeAccess (276)
[2019.03.20-08.17.36:219][133]LogModuleManager: Shutting down and abandoning module HotReload (275)
[2019.03.20-08.17.36:220][133]LogModuleManager: Shutting down and abandoning module DirectoryWatcher (274)
[2019.03.20-08.17.36:220][133]LogModuleManager: Shutting down and abandoning module VisualStudioCodeSourceCodeAccess (270)
[2019.03.20-08.17.36:220][133]LogModuleManager: Shutting down and abandoning module UObjectPlugin (268)
[2019.03.20-08.17.36:220][133]LogModuleManager: Shutting down and abandoning module SubversionSourceControl (266)
[2019.03.20-08.17.36:220][133]LogModuleManager: Shutting down and abandoning module PerforceSourceControl (264)
[2019.03.20-08.17.36:220][133]LogModuleManager: Shutting down and abandoning module SourceControl (263)
[2019.03.20-08.17.36:220][133]LogModuleManager: Shutting down and abandoning module CLionSourceCodeAccess (260)
[2019.03.20-08.17.36:220][133]LogModuleManager: Shutting down and abandoning module AdvancedSteamSessions (258)
[2019.03.20-08.17.36:220][133]LogModuleManager: Shutting down and abandoning module AdvancedSessions (256)
[2019.03.20-08.17.36:220][133]LogModuleManager: Shutting down and abandoning module RuntimePhysXCooking (254)
[2019.03.20-08.17.36:220][133]LogModuleManager: Shutting down and abandoning module PhysXVehiclesEditor (252)
[2019.03.20-08.17.36:220][133]LogModuleManager: Shutting down and abandoning module PhysXVehicles (250)
[2019.03.20-08.17.36:220][133]LogModuleManager: Shutting down and abandoning module LocationServicesBPLibrary (248)
[2019.03.20-08.17.36:220][133]LogModuleManager: Shutting down and abandoning module ImmediatePhysicsEditor (246)
[2019.03.20-08.17.36:220][133]LogModuleManager: Shutting down and abandoning module ImmediatePhysics (244)
[2019.03.20-08.17.36:220][133]LogModuleManager: Shutting down and abandoning module ActorSequence (242)
[2019.03.20-08.17.36:220][133]LogModuleManager: Shutting down and abandoning module UdpMessaging (240)
[2019.03.20-08.17.36:321][133]LogModuleManager: Shutting down and abandoning module TcpMessaging (238)
[2019.03.20-08.17.36:491][133]LogModuleManager: Shutting down and abandoning module MagicLeapAudio (236)
[2019.03.20-08.17.36:491][133]LogModuleManager: Shutting down and abandoning module GameplayTagsEditor (234)
[2019.03.20-08.17.36:491][133]LogModuleManager: Shutting down and abandoning module FacialAnimation (232)
[2019.03.20-08.17.36:491][133]LogModuleManager: Shutting down and abandoning module DataValidation (230)
[2019.03.20-08.17.36:492][133]LogModuleManager: Shutting down and abandoning module AssetManagerEditor (228)
[2019.03.20-08.17.36:492][133]LogModuleManager: Shutting down and abandoning module TreeMap (227)
[2019.03.20-08.17.36:492][133]LogModuleManager: Shutting down and abandoning module LightPropagationVolumeRuntime (224)
[2019.03.20-08.17.36:492][133]LogModuleManager: Shutting down and abandoning module AISupportModule (222)
[2019.03.20-08.17.36:492][133]LogModuleManager: Shutting down and abandoning module Paper2D (220)
[2019.03.20-08.17.36:492][133]LogModuleManager: Shutting down and abandoning module PIEPreviewDeviceProfileSelector (218)
[2019.03.20-08.17.36:492][133]LogModuleManager: Shutting down and abandoning module WindowsMoviePlayer (216)
[2019.03.20-08.17.36:492][133]LogModuleManager: Shutting down and abandoning module WmfMedia (214)
[2019.03.20-08.17.36:494][133]LogModuleManager: Shutting down and abandoning module Media (213)
[2019.03.20-08.17.36:500][133]LogModuleManager: Shutting down and abandoning module PacketHandler (210)
[2019.03.20-08.17.36:500][133]LogModuleManager: Shutting down and abandoning module ClothingSystemEditor (208)
[2019.03.20-08.17.36:500][133]LogModuleManager: Shutting down and abandoning module ClothingSystemRuntime (206)
[2019.03.20-08.17.36:500][133]LogModuleManager: Shutting down and abandoning module MediaAssets (204)
[2019.03.20-08.17.36:500][133]LogModuleManager: Shutting down and abandoning module Overlay (202)
[2019.03.20-08.17.36:500][133]LogModuleManager: Shutting down and abandoning module OverlayEditor (201)
[2019.03.20-08.17.36:501][133]LogModuleManager: Shutting down and abandoning module VREditor (198)
[2019.03.20-08.17.36:501][133]LogModuleManager: Shutting down and abandoning module StringTableEditor (196)
[2019.03.20-08.17.36:501][133]LogModuleManager: Shutting down and abandoning module GameplayTasksEditor (194)
[2019.03.20-08.17.36:501][133]LogModuleManager: Shutting down and abandoning module BehaviorTreeEditor (192)
[2019.03.20-08.17.36:501][133]LogModuleManager: Shutting down and abandoning module FunctionalTesting (190)
[2019.03.20-08.17.36:501][133]LogModuleManager: Shutting down and abandoning module CollisionAnalyzer (188)
[2019.03.20-08.17.36:501][133]LogModuleManager: Shutting down and abandoning module WorkspaceMenuStructure (187)
[2019.03.20-08.17.36:501][133]LogModuleManager: Shutting down and abandoning module UMG (184)
[2019.03.20-08.17.36:501][133]LogModuleManager: Shutting down and abandoning module UMGEditor (183)
[2019.03.20-08.17.36:501][133]LogModuleManager: Shutting down and abandoning module Sequencer (182)
[2019.03.20-08.17.36:501][133]LogModuleManager: Shutting down and abandoning module MessageLog (179)
[2019.03.20-08.17.36:501][133]LogModuleManager: Shutting down and abandoning module SlateReflector (174)
[2019.03.20-08.17.36:501][133]LogModuleManager: Shutting down and abandoning module Slate (172)
[2019.03.20-08.17.36:501][133]LogModuleManager: Shutting down and abandoning module EditorStyle (170)
[2019.03.20-08.17.36:503][133]LogModuleManager: Shutting down and abandoning module MRMesh (168)
[2019.03.20-08.17.36:503][133]LogModuleManager: Shutting down and abandoning module Messaging (166)
[2019.03.20-08.17.36:504][133]LogModuleManager: Shutting down and abandoning module SourceCodeAccess (164)
[2019.03.20-08.17.36:504][133]LogModuleManager: Shutting down and abandoning module HeadMountedDisplay (162)
[2019.03.20-08.17.36:504][133]LogModuleManager: Shutting down and abandoning module XAudio2 (160)
[2019.03.20-08.17.36:504][133]LogModuleManager: Shutting down and abandoning module Networking (158)
[2019.03.20-08.17.36:504][133]LogModuleManager: Shutting down and abandoning module Core (156)
[2019.03.20-08.17.36:504][133]LogModuleManager: Shutting down and abandoning module LevelSequence (154)
[2019.03.20-08.17.36:504][133]LogModuleManager: Shutting down and abandoning module KismetCompiler (152)
[2019.03.20-08.17.36:504][133]LogModuleManager: Shutting down and abandoning module MeshUtilities (150)
[2019.03.20-08.17.36:504][133]LogModuleManager: Shutting down and abandoning module MeshMergeUtilities (149)
[2019.03.20-08.17.36:504][133]LogModuleManager: Shutting down and abandoning module MeshReductionInterface (148)
[2019.03.20-08.17.36:504][133]LogModuleManager: Shutting down and abandoning module SimplygonSwarm (147)
[2019.03.20-08.17.36:504][133]LogModuleManager: Shutting down and abandoning module ProxyLODMeshReduction (145)
[2019.03.20-08.17.36:504][133]LogModuleManager: Shutting down and abandoning module SimplygonMeshReduction (143)
[2019.03.20-08.17.36:504][133]LogModuleManager: Shutting down and abandoning module QuadricMeshReduction (141)
[2019.03.20-08.17.36:504][133]LogModuleManager: Shutting down and abandoning module MaterialBaking (137)
[2019.03.20-08.17.36:504][133]LogModuleManager: Shutting down and abandoning module DerivedDataCache (132)
[2019.03.20-08.17.36:836][133]LogDerivedDataCache: Shutdown
[2019.03.20-08.17.36:836][133]LogModuleManager: Shutting down and abandoning module XGEController (130)
[2019.03.20-08.17.36:836][133]LogModuleManager: Shutting down and abandoning module TargetPlatform (128)
[2019.03.20-08.17.36:836][133]LogModuleManager: Shutting down and abandoning module VulkanShaderFormat (127)
[2019.03.20-08.17.36:836][133]LogModuleManager: Shutting down and abandoning module ShaderFormatVectorVM (125)
[2019.03.20-08.17.36:836][133]LogModuleManager: Shutting down and abandoning module ShaderFormatOpenGL (123)
[2019.03.20-08.17.36:836][133]LogModuleManager: Shutting down and abandoning module ShaderFormatD3D (121)
[2019.03.20-08.17.36:836][133]LogModuleManager: Shutting down and abandoning module MetalShaderFormat (119)
[2019.03.20-08.17.36:836][133]LogModuleManager: Shutting down and abandoning module TextureFormatUncompressed (117)
[2019.03.20-08.17.36:836][133]LogModuleManager: Shutting down and abandoning module TextureFormatPVR (115)
[2019.03.20-08.17.36:836][133]LogModuleManager: Shutting down and abandoning module TextureFormatDXT (113)
[2019.03.20-08.17.36:836][133]LogModuleManager: Shutting down and abandoning module TextureFormatIntelISPCTexComp (111)
[2019.03.20-08.17.36:836][133]LogModuleManager: Shutting down and abandoning module TextureFormatASTC (109)
[2019.03.20-08.17.36:836][133]LogModuleManager: Shutting down and abandoning module ImageWrapper (108)
[2019.03.20-08.17.36:836][133]LogModuleManager: Shutting down and abandoning module TextureFormatAndroid (105)
[2019.03.20-08.17.36:836][133]LogModuleManager: Shutting down and abandoning module AudioFormatOpus (103)
[2019.03.20-08.17.36:836][133]LogModuleManager: Shutting down and abandoning module AudioFormatOgg (101)
[2019.03.20-08.17.36:836][133]LogModuleManager: Shutting down and abandoning module AudioFormatADPCM (99)
[2019.03.20-08.17.36:836][133]LogModuleManager: Shutting down and abandoning module WindowsTargetPlatform (97)
[2019.03.20-08.17.36:836][133]LogModuleManager: Shutting down and abandoning module WindowsServerTargetPlatform (95)
[2019.03.20-08.17.36:836][133]LogModuleManager: Shutting down and abandoning module WindowsNoEditorTargetPlatform (93)
[2019.03.20-08.17.36:836][133]LogModuleManager: Shutting down and abandoning module WindowsClientTargetPlatform (91)
[2019.03.20-08.17.36:836][133]LogModuleManager: Shutting down and abandoning module InputCore (88)
[2019.03.20-08.17.36:836][133]LogModuleManager: Shutting down and abandoning module Settings (86)
[2019.03.20-08.17.36:837][133]LogModuleManager: Shutting down and abandoning module PhysXCooking (84)
[2019.03.20-08.17.36:837][133]LogModuleManager: Shutting down and abandoning module SteamVR (82)
[2019.03.20-08.17.36:837][133]LogModuleManager: Shutting down and abandoning module OculusHMD (80)
[2019.03.20-08.17.36:837][133]LogModuleManager: Shutting down and abandoning module ExampleDeviceProfileSelector (78)
[2019.03.20-08.17.36:837][133]LogModuleManager: Shutting down and abandoning module LauncherChunkInstaller (76)
[2019.03.20-08.17.36:837][133]LogModuleManager: Shutting down and abandoning module OnlineBlueprintSupport (74)
[2019.03.20-08.17.36:837][133]LogModuleManager: Shutting down and abandoning module OnlineSubsystem (70)
[2019.03.20-08.17.36:837][133]LogOnline: Display: STEAM: OnlineSubsystemSteam::Shutdown()
[2019.03.20-08.17.36:870][133]LogOnline: Display: STEAM: OnlineSubsystemSteam::Shutdown()
[2019.03.20-08.17.36:870][133]LogModuleManager: Shutting down and abandoning module XMPP (65)
[2019.03.20-08.17.36:870][133]LogModuleManager: Shutting down and abandoning module WebSockets (64)
[2019.03.20-08.17.36:874][133]LogModuleManager: Shutting down and abandoning module HTTP (61)
[2019.03.20-08.17.36:906][133]LogModuleManager: Shutting down and abandoning module SSL (60)
[2019.03.20-08.17.36:907][133]LogModuleManager: Shutting down and abandoning module MagicLeapEmulator (56)
[2019.03.20-08.17.36:908][133]LogModuleManager: Shutting down and abandoning module MagicLeapPrivileges (54)
[2019.03.20-08.17.36:908][133]LogModuleManager: Shutting down and abandoning module MagicLeapIdentity (52)
[2019.03.20-08.17.36:908][133]LogModuleManager: Shutting down and abandoning module MagicLeapHelperVulkan (50)
[2019.03.20-08.17.36:908][133]LogModuleManager: Shutting down and abandoning module MagicLeapHelperOpenGL (48)
[2019.03.20-08.17.36:908][133]LogModuleManager: Shutting down and abandoning module MagicLeapSecureStorage (46)
[2019.03.20-08.17.36:908][133]LogModuleManager: Shutting down and abandoning module MagicLeapGestures (44)
[2019.03.20-08.17.36:908][133]LogModuleManager: Shutting down and abandoning module MagicLeapEyeTracker (42)
[2019.03.20-08.17.36:908][133]LogModuleManager: Shutting down and abandoning module MagicLeapController (40)
[2019.03.20-08.17.36:908][133]LogSlate: Slate User Destroyed.  User Index 0, Is Virtual User: 0
[2019.03.20-08.17.36:908][133]LogModuleManager: Shutting down and abandoning module MagicLeap (38)
[2019.03.20-08.17.36:908][133]LogModuleManager: Shutting down and abandoning module AnimationModifiers (36)
[2019.03.20-08.17.36:908][133]LogModuleManager: Shutting down and abandoning module PropertyEditor (35)
[2019.03.20-08.17.36:908][133]LogModuleManager: Shutting down and abandoning module AudioEditor (32)
[2019.03.20-08.17.36:908][133]LogModuleManager: Shutting down and abandoning module TextureCompressor (30)
[2019.03.20-08.17.36:909][133]LogModuleManager: Shutting down and abandoning module ShaderCore (28)
[2019.03.20-08.17.36:909][133]LogModuleManager: Shutting down and abandoning module Landscape (26)
[2019.03.20-08.17.36:909][133]LogModuleManager: Shutting down and abandoning module SlateRHIRenderer (24)
[2019.03.20-08.17.36:909][133]LogModuleManager: Shutting down and abandoning module OpenGLDrv (22)
[2019.03.20-08.17.36:909][133]LogModuleManager: Shutting down and abandoning module D3D11RHI (20)
[2019.03.20-08.17.36:909][133]LogModuleManager: Shutting down and abandoning module AnimGraphRuntime (18)
[2019.03.20-08.17.36:909][133]LogModuleManager: Shutting down and abandoning module Renderer (16)
[2019.03.20-08.17.36:909][133]LogModuleManager: Shutting down and abandoning module Engine (14)
[2019.03.20-08.17.36:909][133]LogModuleManager: Shutting down and abandoning module CoreUObject (12)
[2019.03.20-08.17.36:909][133]LogModuleManager: Shutting down and abandoning module NetworkFile (10)
[2019.03.20-08.17.36:909][133]LogModuleManager: Shutting down and abandoning module CookedIterativeFile (8)
[2019.03.20-08.17.36:909][133]LogModuleManager: Shutting down and abandoning module StreamingFile (6)
[2019.03.20-08.17.36:909][133]LogModuleManager: Shutting down and abandoning module SandboxFile (4)
[2019.03.20-08.17.36:909][133]LogModuleManager: Shutting down and abandoning module PakFile (2)
[2019.03.20-08.17.36:915][133]LogExit: Exiting.
[2019.03.20-08.17.36:922][133]Log file closed, 03/20/19 09:17:36
