Log file open, 03/27/19 14:30:59
LogWindows: Failed to load 'aqProf.dll' (GetLastError=126)
LogWindows: File 'aqProf.dll' does not exist
LogWindows: Failed to load 'VtuneApi.dll' (GetLastError=126)
LogWindows: File 'VtuneApi.dll' does not exist
LogWindows: Failed to load 'VtuneApi32e.dll' (GetLastError=126)
LogWindows: File 'VtuneApi32e.dll' does not exist
LogConsoleResponse: Display: Failed to find resolution value strings in scalability ini. Falling back to default.
LogInit: Display: Running engine for game: PixelArcade
LogPakFile: Registered encryption key '00000000000000000000000000000000': 0 pak files mounted, 0 remain pending
LogPlatformFile: Not using cached read wrapper
LogTaskGraph: Started task graph with 5 named threads and 23 total threads with 3 sets of task threads.
LogStats: Stats thread started at 0.319532
LogD3D11RHI: Loaded GFSDK_Aftermath_Lib.x64.dll
LogICUInternationalization: ICU TimeZone Detection - Raw Offset: +1:00, Platform Override: ''
LogPluginManager: Mounting plugin Paper2D
LogPluginManager: Mounting plugin AISupport
LogPluginManager: Mounting plugin LightPropagationVolume
LogPluginManager: Mounting plugin ActorLayerUtilities
LogPluginManager: Mounting plugin CLionSourceCodeAccess
LogPluginManager: Mounting plugin CodeLiteSourceCodeAccess
LogPluginManager: Mounting plugin GitSourceControl
LogPluginManager: Mounting plugin KDevelopSourceCodeAccess
LogPluginManager: Mounting plugin NullSourceCodeAccess
LogPluginManager: Mounting plugin PerforceSourceControl
LogPluginManager: Mounting plugin SubversionSourceControl
LogPluginManager: Mounting plugin UObjectPlugin
LogPluginManager: Mounting plugin VisualStudioCodeSourceCodeAccess
LogPluginManager: Mounting plugin VisualStudioSourceCodeAccess
LogPluginManager: Mounting plugin XCodeSourceCodeAccess
LogPluginManager: Mounting plugin AssetManagerEditor
LogPluginManager: Mounting plugin CryptoKeys
LogPluginManager: Mounting plugin DataValidation
LogPluginManager: Mounting plugin FacialAnimation
LogPluginManager: Mounting plugin GameplayTagsEditor
LogPluginManager: Mounting plugin MacGraphicsSwitching
LogPluginManager: Mounting plugin MeshEditor
LogPluginManager: Mounting plugin MobileLauncherProfileWizard
LogPluginManager: Mounting plugin PluginBrowser
LogPluginManager: Mounting plugin SpeedTreeImporter
LogPluginManager: Mounting plugin DatasmithContent
LogPluginManager: Mounting plugin VariantManagerContent
LogPluginManager: Mounting plugin AlembicImporter
LogPluginManager: Mounting plugin AppleImageUtils
LogPluginManager: Mounting plugin AppleVision
LogPluginManager: Mounting plugin BackChannel
LogPluginManager: Mounting plugin CharacterAI
LogPluginManager: Mounting plugin GeometryCache
LogPluginManager: Mounting plugin HTML5Networking
LogPluginManager: Mounting plugin ProxyLODPlugin
LogPluginManager: Mounting plugin MagicLeap
LogPluginManager: Mounting plugin MagicLeapMedia
LogPluginManager: Mounting plugin ProductivityTools
LogPluginManager: Mounting plugin AndroidMedia
LogPluginManager: Mounting plugin AvfMedia
LogPluginManager: Mounting plugin ImgMedia
LogPluginManager: Mounting plugin LinearTimecode
LogPluginManager: Mounting plugin MediaCompositing
LogPluginManager: Mounting plugin MediaPlayerEditor
LogPluginManager: Mounting plugin WebMMedia
LogPluginManager: Mounting plugin WmfMedia
LogPluginManager: Mounting plugin TcpMessaging
LogPluginManager: Mounting plugin UdpMessaging
LogPluginManager: Mounting plugin ActorSequence
LogPluginManager: Mounting plugin LevelSequenceEditor
LogPluginManager: Mounting plugin MatineeToLevelSequence
LogPluginManager: Mounting plugin NetcodeUnitTest
LogPluginManager: Mounting plugin NUTUnrealEngine4
LogPluginManager: Mounting plugin OnlineSubsystemGooglePlay
LogPluginManager: Mounting plugin OnlineSubsystemIOS
LogPluginManager: Mounting plugin OnlineSubsystem
LogPluginManager: Mounting plugin OnlineSubsystemNull
LogPluginManager: Mounting plugin OnlineSubsystemSteam
LogPluginManager: Mounting plugin OnlineSubsystemUtils
LogPluginManager: Mounting plugin LauncherChunkInstaller
LogPluginManager: Mounting plugin AndroidDeviceProfileSelector
LogPluginManager: Mounting plugin AndroidMoviePlayer
LogPluginManager: Mounting plugin AndroidPermission
LogPluginManager: Mounting plugin ApexDestruction
LogPluginManager: Mounting plugin AppleMoviePlayer
LogPluginManager: Mounting plugin ArchVisCharacter
LogPluginManager: Mounting plugin AudioCapture
LogPluginManager: Mounting plugin CableComponent
LogPluginManager: Mounting plugin CustomMeshComponent
LogPluginManager: Mounting plugin EditableMesh
LogPluginManager: Mounting plugin ExampleDeviceProfileSelector
LogPluginManager: Mounting plugin Firebase
LogPluginManager: Mounting plugin GoogleCloudMessaging
LogPluginManager: Mounting plugin IOSDeviceProfileSelector
LogPluginManager: Mounting plugin LinuxDeviceProfileSelector
LogPluginManager: Mounting plugin LocationServicesBPLibrary
LogPluginManager: Mounting plugin MobilePatchingUtils
LogPluginManager: Mounting plugin OculusVR
LogPluginManager: Mounting plugin PhysXVehicles
LogPluginManager: Mounting plugin ProceduralMeshComponent
LogPluginManager: Mounting plugin RuntimePhysXCooking
LogPluginManager: Mounting plugin SteamVR
LogPluginManager: Mounting plugin WebMMoviePlayer
LogPluginManager: Mounting plugin WindowsMoviePlayer
LogPluginManager: Mounting plugin AdvancedSessions
LogPluginManager: Mounting plugin AdvancedSteamSessions
LogStreaming: Display: Took  0.062s to configure plugins.
LogInit: Using libcurl 7.55.1-DEV
LogInit:  - built for x86_64-pc-win32
LogInit:  - supports SSL with OpenSSL/1.0.2h
LogInit:  - supports HTTP deflate (compression) using libz 1.2.8
LogInit:  - other features:
LogInit:      CURL_VERSION_SSL
LogInit:      CURL_VERSION_LIBZ
LogInit:      CURL_VERSION_IPV6
LogInit:      CURL_VERSION_ASYNCHDNS
LogInit:      CURL_VERSION_LARGEFILE
LogInit:      CURL_VERSION_IDN
LogInit:  CurlRequestOptions (configurable via config and command line):
LogInit:  - bVerifyPeer = true  - Libcurl will verify peer certificate
LogInit:  - bUseHttpProxy = false  - Libcurl will NOT use HTTP proxy
LogInit:  - bDontReuseConnections = false  - Libcurl will reuse connections
LogInit:  - MaxHostConnections = 16  - Libcurl will limit the number of connections to a host
LogInit:  - LocalHostAddr = Default
LogInit:  - BufferSize = 65536
LogOnline: Display: STEAM: Loading Steam SDK 1.39
LogOnline: Warning: STEAM: Steamworks: SteamUtils() failed!
LogOnline: Warning: STEAM: Steamworks: SteamUser() failed!
LogOnline: Warning: STEAM: Steamworks: SteamFriends() failed!
LogOnline: Warning: STEAM: Steamworks: SteamRemoteStorage() failed!
LogOnline: Warning: STEAM: Steamworks: SteamUserStats() failed!
LogOnline: Warning: STEAM: Steamworks: SteamMatchmakingServers() failed!
LogOnline: Warning: STEAM: Steamworks: SteamApps() failed!
LogOnline: Warning: STEAM: Steamworks: SteamNetworking() failed!
LogOnline: Warning: STEAM: Steamworks: SteamMatchmaking() failed!
LogOnline: STEAM: [AppId: 0] Client API initialized 0
LogOnline: Display: STEAM: OnlineSubsystemSteam::Shutdown()
LogOnline: Warning: STEAM: Steam API failed to initialize!
LogOnline: Display: STEAM: OnlineSubsystemSteam::Shutdown()
LogOnline: OSS: Unable to create OnlineSubsystem module Steam
LogInit: WinSock: version 1.1 (2.2), MaxSocks=32767, MaxUdp=65467
LogInit: Build: ++UE4+Release-4.21-CL-4753647
LogInit: Engine Version: 4.21.2-4753647+++UE4+Release-4.21
LogInit: Compatible Engine Version: 4.21.0-4541578+++UE4+Release-4.21
LogInit: Net CL: 4541578
LogInit: OS: Windows 10 (), CPU: Intel(R) Core(TM) i7-7700K CPU @ 4.20GHz, GPU: NVIDIA GeForce GTX 1080
LogInit: Compiled (64-bit): Jan 19 2019 02:07:31
LogInit: Compiled with Visual C++: 19.13.26129.00
LogInit: Build Configuration: Development
LogInit: Branch Name: ++UE4+Release-4.21
LogInit: Command Line:  /Game/PixelWorlds/PixelMenu -game -PIEVIACONSOLE -ResX=1280 -ResY=720 -Multiprocess -messaging -SessionName="Play in Standalone Game" -windowed
LogInit: Base Directory: D:/Program Files/Epic Games/UE_4.21/Engine/Binaries/Win64/
LogInit: Installed Engine Build: 1
LogDevObjectVersion: Number of dev versions registered: 22
LogDevObjectVersion:   Dev-Blueprints (B0D832E4-1F89-4F0D-ACCF-7EB736FD4AA2): 10
LogDevObjectVersion:   Dev-Build (E1C64328-A22C-4D53-A36C-8E866417BD8C): 0
LogDevObjectVersion:   Dev-Core (375EC13C-06E4-48FB-B500-84F0262A717E): 2
LogDevObjectVersion:   Dev-Editor (E4B068ED-F494-42E9-A231-DA0B2E46BB41): 26
LogDevObjectVersion:   Dev-Framework (CFFC743F-43B0-4480-9391-14DF171D2073): 34
LogDevObjectVersion:   Dev-Mobile (B02B49B5-BB20-44E9-A304-32B752E40360): 2
LogDevObjectVersion:   Dev-Networking (A4E4105C-59A1-49B5-A7C5-40C4547EDFEE): 0
LogDevObjectVersion:   Dev-Online (39C831C9-5AE6-47DC-9A44-9C173E1C8E7C): 0
LogDevObjectVersion:   Dev-Physics (78F01B33-EBEA-4F98-B9B4-84EACCB95AA2): 0
LogDevObjectVersion:   Dev-Platform (6631380F-2D4D-43E0-8009-CF276956A95A): 0
LogDevObjectVersion:   Dev-Rendering (12F88B9F-8875-4AFC-A67C-D90C383ABD29): 27
LogDevObjectVersion:   Dev-Sequencer (7B5AE74C-D270-4C10-A958-57980B212A5A): 9
LogDevObjectVersion:   Dev-VR (D7296918-1DD6-4BDD-9DE2-64A83CC13884): 2
LogDevObjectVersion:   Dev-LoadTimes (C2A15278-BFE7-4AFE-6C17-90FF531DF755): 1
LogDevObjectVersion:   Private-Geometry (6EACA3D4-40EC-4CC1-B786-8BED09428FC5): 3
LogDevObjectVersion:   Dev-AnimPhys (29E575DD-E0A3-4627-9D10-D276232CDCEA): 17
LogDevObjectVersion:   Dev-Anim (AF43A65D-7FD3-4947-9873-3E8ED9C1BB05): 2
LogDevObjectVersion:   Dev-ReflectionCapture (6B266CEC-1EC7-4B8F-A30B-E4D90942FC07): 1
LogDevObjectVersion:   Dev-Automation (0DF73D61-A23F-47EA-B727-89E90C41499A): 1
LogDevObjectVersion:   FortniteMain (601D1886-AC64-4F84-AA16-D3DE0DEAC7D6): 17
LogDevObjectVersion:   Dev-Enterprise (9DFFBCD6-494F-0158-E221-12823C92A888): 4
LogDevObjectVersion:   Dev-Niagara (F2AED0AC-9AFE-416F-8664-AA7FFA26D6FC): 1
LogStreaming: Display: Took  0.004s to delete old logs.
LogInit: Presizing for max 8388607 objects, including 0 objects not considered by GC, pre-allocating 0 bytes for permanent pool.
LogInit: Object subsystem initialized
LogConfig: Setting CVar [[con.DebugEarlyDefault:1]]
LogConfig: Setting CVar [[r.setres:1280x720]]
[2019.03.27-13.31.00:670][  0]LogConfig: Setting CVar [[con.DebugEarlyDefault:1]]
[2019.03.27-13.31.00:670][  0]LogConfig: Setting CVar [[r.setres:1280x720]]
[2019.03.27-13.31.00:670][  0]LogConfig: Applying CVar settings from Section [/Script/Engine.RendererSettings] File [C:/Users/joeym/OneDrive/Documenten/GitHub/PixelArcade/Saved/Config/Windows/Engine.ini]
[2019.03.27-13.31.00:670][  0]LogConfig: Setting CVar [[r.GPUCrashDebugging:0]]
[2019.03.27-13.31.00:670][  0]LogConfig: Applying CVar settings from Section [/Script/Engine.RendererOverrideSettings] File [C:/Users/joeym/OneDrive/Documenten/GitHub/PixelArcade/Saved/Config/Windows/Engine.ini]
[2019.03.27-13.31.00:670][  0]LogConfig: Applying CVar settings from Section [/Script/Engine.StreamingSettings] File [C:/Users/joeym/OneDrive/Documenten/GitHub/PixelArcade/Saved/Config/Windows/Engine.ini]
[2019.03.27-13.31.00:670][  0]LogConfig: Setting CVar [[s.MinBulkDataSizeForAsyncLoading:131072]]
[2019.03.27-13.31.00:670][  0]LogConfig: Setting CVar [[s.AsyncLoadingThreadEnabled:0]]
[2019.03.27-13.31.00:670][  0]LogConfig: Setting CVar [[s.EventDrivenLoaderEnabled:1]]
[2019.03.27-13.31.00:670][  0]LogConfig: Setting CVar [[s.WarnIfTimeLimitExceeded:0]]
[2019.03.27-13.31.00:670][  0]LogConfig: Setting CVar [[s.TimeLimitExceededMultiplier:1.5]]
[2019.03.27-13.31.00:670][  0]LogConfig: Setting CVar [[s.TimeLimitExceededMinTime:0.005]]
[2019.03.27-13.31.00:670][  0]LogConfig: Setting CVar [[s.UseBackgroundLevelStreaming:1]]
[2019.03.27-13.31.00:670][  0]LogConfig: Setting CVar [[s.PriorityAsyncLoadingExtraTime:15.0]]
[2019.03.27-13.31.00:670][  0]LogConfig: Setting CVar [[s.LevelStreamingActorsUpdateTimeLimit:5.0]]
[2019.03.27-13.31.00:670][  0]LogConfig: Setting CVar [[s.PriorityLevelStreamingActorsUpdateExtraTime:5.0]]
[2019.03.27-13.31.00:670][  0]LogConfig: Setting CVar [[s.LevelStreamingComponentsRegistrationGranularity:10]]
[2019.03.27-13.31.00:670][  0]LogConfig: Setting CVar [[s.UnregisterComponentsTimeLimit:1.0]]
[2019.03.27-13.31.00:670][  0]LogConfig: Setting CVar [[s.LevelStreamingComponentsUnregistrationGranularity:5]]
[2019.03.27-13.31.00:670][  0]LogConfig: Applying CVar settings from Section [/Script/Engine.GarbageCollectionSettings] File [C:/Users/joeym/OneDrive/Documenten/GitHub/PixelArcade/Saved/Config/Windows/Engine.ini]
[2019.03.27-13.31.00:670][  0]LogConfig: Setting CVar [[gc.MaxObjectsNotConsideredByGC:1]]
[2019.03.27-13.31.00:670][  0]LogConfig: Setting CVar [[gc.SizeOfPermanentObjectPool:0]]
[2019.03.27-13.31.00:670][  0]LogConfig: Setting CVar [[gc.FlushStreamingOnGC:0]]
[2019.03.27-13.31.00:670][  0]LogConfig: Setting CVar [[gc.NumRetriesBeforeForcingGC:10]]
[2019.03.27-13.31.00:670][  0]LogConfig: Setting CVar [[gc.AllowParallelGC:1]]
[2019.03.27-13.31.00:670][  0]LogConfig: Setting CVar [[gc.TimeBetweenPurgingPendingKillObjects:61.1]]
[2019.03.27-13.31.00:670][  0]LogConfig: Setting CVar [[gc.MaxObjectsInEditor:8388607]]
[2019.03.27-13.31.00:670][  0]LogConfig: Setting CVar [[gc.IncrementalBeginDestroyEnabled:1]]
[2019.03.27-13.31.00:670][  0]LogConfig: Setting CVar [[gc.CreateGCClusters:1]]
[2019.03.27-13.31.00:670][  0]LogConfig: Setting CVar [[gc.MergeGCClusters:0]]
[2019.03.27-13.31.00:670][  0]LogConfig: Setting CVar [[gc.MinGCClusterSize:5]]
[2019.03.27-13.31.00:670][  0]LogConfig: Setting CVar [[gc.ActorClusteringEnabled:0]]
[2019.03.27-13.31.00:670][  0]LogConfig: Setting CVar [[gc.BlueprintClusteringEnabled:0]]
[2019.03.27-13.31.00:670][  0]LogConfig: Setting CVar [[gc.UseDisregardForGCOnDedicatedServers:0]]
[2019.03.27-13.31.00:670][  0]LogConfig: Applying CVar settings from Section [/Script/Engine.NetworkSettings] File [C:/Users/joeym/OneDrive/Documenten/GitHub/PixelArcade/Saved/Config/Windows/Engine.ini]
[2019.03.27-13.31.00:670][  0]LogConfig: Applying CVar settings from Section [/Script/UnrealEd.CookerSettings] File [C:/Users/joeym/OneDrive/Documenten/GitHub/PixelArcade/Saved/Config/Windows/Engine.ini]
[2019.03.27-13.31.00:678][  0]LogConfig: Applying CVar settings from Section [ViewDistanceQuality@3] File [C:/Users/joeym/OneDrive/Documenten/GitHub/PixelArcade/Saved/Config/Windows/Scalability.ini]
[2019.03.27-13.31.00:678][  0]LogConfig: Setting CVar [[r.SkeletalMeshLODBias:0]]
[2019.03.27-13.31.00:678][  0]LogConfig: Setting CVar [[r.ViewDistanceScale:1.0]]
[2019.03.27-13.31.00:678][  0]LogConfig: Applying CVar settings from Section [AntiAliasingQuality@3] File [C:/Users/joeym/OneDrive/Documenten/GitHub/PixelArcade/Saved/Config/Windows/Scalability.ini]
[2019.03.27-13.31.00:678][  0]LogConfig: Setting CVar [[r.PostProcessAAQuality:4]]
[2019.03.27-13.31.00:678][  0]LogConfig: Applying CVar settings from Section [ShadowQuality@3] File [C:/Users/joeym/OneDrive/Documenten/GitHub/PixelArcade/Saved/Config/Windows/Scalability.ini]
[2019.03.27-13.31.00:678][  0]LogConfig: Setting CVar [[r.LightFunctionQuality:1]]
[2019.03.27-13.31.00:678][  0]LogConfig: Setting CVar [[r.ShadowQuality:5]]
[2019.03.27-13.31.00:678][  0]LogConfig: Setting CVar [[r.Shadow.CSM.MaxCascades:10]]
[2019.03.27-13.31.00:678][  0]LogConfig: Setting CVar [[r.Shadow.MaxResolution:2048]]
[2019.03.27-13.31.00:678][  0]LogConfig: Setting CVar [[r.Shadow.MaxCSMResolution:2048]]
[2019.03.27-13.31.00:678][  0]LogConfig: Setting CVar [[r.Shadow.RadiusThreshold:0.01]]
[2019.03.27-13.31.00:678][  0]LogConfig: Setting CVar [[r.Shadow.DistanceScale:1.0]]
[2019.03.27-13.31.00:678][  0]LogConfig: Setting CVar [[r.Shadow.CSM.TransitionScale:1.0]]
[2019.03.27-13.31.00:678][  0]LogConfig: Setting CVar [[r.Shadow.PreShadowResolutionFactor:1.0]]
[2019.03.27-13.31.00:678][  0]LogConfig: Setting CVar [[r.DistanceFieldShadowing:1]]
[2019.03.27-13.31.00:678][  0]LogConfig: Setting CVar [[r.DistanceFieldAO:1]]
[2019.03.27-13.31.00:678][  0]LogConfig: Setting CVar [[r.AOQuality:2]]
[2019.03.27-13.31.00:678][  0]LogConfig: Setting CVar [[r.VolumetricFog:1]]
[2019.03.27-13.31.00:678][  0]LogConfig: Setting CVar [[r.VolumetricFog.GridPixelSize:8]]
[2019.03.27-13.31.00:678][  0]LogConfig: Setting CVar [[r.VolumetricFog.GridSizeZ:128]]
[2019.03.27-13.31.00:678][  0]LogConfig: Setting CVar [[r.VolumetricFog.HistoryMissSupersampleCount:4]]
[2019.03.27-13.31.00:678][  0]LogConfig: Setting CVar [[r.LightMaxDrawDistanceScale:1]]
[2019.03.27-13.31.00:678][  0]LogConfig: Setting CVar [[r.CapsuleShadows:1]]
[2019.03.27-13.31.00:678][  0]LogConfig: Applying CVar settings from Section [PostProcessQuality@3] File [C:/Users/joeym/OneDrive/Documenten/GitHub/PixelArcade/Saved/Config/Windows/Scalability.ini]
[2019.03.27-13.31.00:678][  0]LogConfig: Setting CVar [[r.MotionBlurQuality:4]]
[2019.03.27-13.31.00:678][  0]LogConfig: Setting CVar [[r.AmbientOcclusionMipLevelFactor:0.4]]
[2019.03.27-13.31.00:678][  0]LogConfig: Setting CVar [[r.AmbientOcclusionMaxQuality:100]]
[2019.03.27-13.31.00:678][  0]LogConfig: Setting CVar [[r.AmbientOcclusionLevels:-1]]
[2019.03.27-13.31.00:678][  0]LogConfig: Setting CVar [[r.AmbientOcclusionRadiusScale:1.0]]
[2019.03.27-13.31.00:678][  0]LogConfig: Setting CVar [[r.DepthOfFieldQuality:2]]
[2019.03.27-13.31.00:678][  0]LogConfig: Setting CVar [[r.RenderTargetPoolMin:400]]
[2019.03.27-13.31.00:678][  0]LogConfig: Setting CVar [[r.LensFlareQuality:2]]
[2019.03.27-13.31.00:678][  0]LogConfig: Setting CVar [[r.SceneColorFringeQuality:1]]
[2019.03.27-13.31.00:678][  0]LogConfig: Setting CVar [[r.EyeAdaptationQuality:2]]
[2019.03.27-13.31.00:678][  0]LogConfig: Setting CVar [[r.BloomQuality:5]]
[2019.03.27-13.31.00:678][  0]LogConfig: Setting CVar [[r.FastBlurThreshold:100]]
[2019.03.27-13.31.00:678][  0]LogConfig: Setting CVar [[r.Upscale.Quality:3]]
[2019.03.27-13.31.00:678][  0]LogConfig: Setting CVar [[r.Tonemapper.GrainQuantization:1]]
[2019.03.27-13.31.00:678][  0]LogConfig: Setting CVar [[r.LightShaftQuality:1]]
[2019.03.27-13.31.00:678][  0]LogConfig: Setting CVar [[r.Filter.SizeScale:1]]
[2019.03.27-13.31.00:678][  0]LogConfig: Setting CVar [[r.Tonemapper.Quality:5]]
[2019.03.27-13.31.00:678][  0]LogConfig: Setting CVar [[r.DOF.Gather.AccumulatorQuality:1        ; higher gathering accumulator quality]]
[2019.03.27-13.31.00:678][  0]LogConfig: Setting CVar [[r.DOF.Gather.PostfilterMethod:1          ; Median3x3 postfilering method]]
[2019.03.27-13.31.00:678][  0]LogConfig: Setting CVar [[r.DOF.Gather.EnableBokehSettings:0       ; no bokeh simulation when gathering]]
[2019.03.27-13.31.00:678][  0]LogConfig: Setting CVar [[r.DOF.Gather.RingCount:4                 ; medium number of samples when gathering]]
[2019.03.27-13.31.00:678][  0]LogConfig: Setting CVar [[r.DOF.Scatter.ForegroundCompositing:1    ; additive foreground scattering]]
[2019.03.27-13.31.00:678][  0]LogConfig: Setting CVar [[r.DOF.Scatter.BackgroundCompositing:2    ; additive background scattering]]
[2019.03.27-13.31.00:678][  0]LogConfig: Setting CVar [[r.DOF.Scatter.EnableBokehSettings:1      ; bokeh simulation when scattering]]
[2019.03.27-13.31.00:678][  0]LogConfig: Setting CVar [[r.DOF.Scatter.MaxSpriteRatio:0.1         ; only a maximum of 10% of scattered bokeh]]
[2019.03.27-13.31.00:678][  0]LogConfig: Setting CVar [[r.DOF.Recombine.Quality:1                ; cheap slight out of focus]]
[2019.03.27-13.31.00:679][  0]LogConfig: Setting CVar [[r.DOF.Recombine.EnableBokehSettings:0    ; no bokeh simulation on slight out of focus]]
[2019.03.27-13.31.00:679][  0]LogConfig: Setting CVar [[r.DOF.TemporalAAQuality:1                ; more stable temporal accumulation]]
[2019.03.27-13.31.00:679][  0]LogConfig: Setting CVar [[r.DOF.Kernel.MaxForegroundRadius:0.025]]
[2019.03.27-13.31.00:679][  0]LogConfig: Setting CVar [[r.DOF.Kernel.MaxBackgroundRadius:0.025]]
[2019.03.27-13.31.00:679][  0]LogConfig: Applying CVar settings from Section [TextureQuality@3] File [C:/Users/joeym/OneDrive/Documenten/GitHub/PixelArcade/Saved/Config/Windows/Scalability.ini]
[2019.03.27-13.31.00:679][  0]LogConfig: Setting CVar [[r.Streaming.MipBias:0]]
[2019.03.27-13.31.00:679][  0]LogConfig: Setting CVar [[r.Streaming.AmortizeCPUToGPUCopy:0]]
[2019.03.27-13.31.00:679][  0]LogConfig: Setting CVar [[r.Streaming.MaxNumTexturesToStreamPerFrame:0]]
[2019.03.27-13.31.00:679][  0]LogConfig: Setting CVar [[r.Streaming.Boost:1]]
[2019.03.27-13.31.00:679][  0]LogConfig: Setting CVar [[r.MaxAnisotropy:8]]
[2019.03.27-13.31.00:679][  0]LogConfig: Setting CVar [[r.Streaming.LimitPoolSizeToVRAM:0]]
[2019.03.27-13.31.00:679][  0]LogConfig: Setting CVar [[r.Streaming.PoolSize:1000]]
[2019.03.27-13.31.00:679][  0]LogConfig: Setting CVar [[r.Streaming.MaxEffectiveScreenSize:0]]
[2019.03.27-13.31.00:679][  0]LogConfig: Applying CVar settings from Section [EffectsQuality@3] File [C:/Users/joeym/OneDrive/Documenten/GitHub/PixelArcade/Saved/Config/Windows/Scalability.ini]
[2019.03.27-13.31.00:679][  0]LogConfig: Setting CVar [[r.TranslucencyLightingVolumeDim:64]]
[2019.03.27-13.31.00:679][  0]LogConfig: Setting CVar [[r.RefractionQuality:2]]
[2019.03.27-13.31.00:679][  0]LogConfig: Setting CVar [[r.SSR.Quality:3]]
[2019.03.27-13.31.00:679][  0]LogConfig: Setting CVar [[r.SceneColorFormat:4]]
[2019.03.27-13.31.00:679][  0]LogConfig: Setting CVar [[r.DetailMode:2]]
[2019.03.27-13.31.00:679][  0]LogConfig: Setting CVar [[r.TranslucencyVolumeBlur:1]]
[2019.03.27-13.31.00:679][  0]LogConfig: Setting CVar [[r.MaterialQualityLevel:1 ; High quality]]
[2019.03.27-13.31.00:679][  0]LogConfig: Setting CVar [[r.SSS.Scale:1]]
[2019.03.27-13.31.00:679][  0]LogConfig: Setting CVar [[r.SSS.SampleSet:2]]
[2019.03.27-13.31.00:679][  0]LogConfig: Setting CVar [[r.SSS.Quality:1]]
[2019.03.27-13.31.00:679][  0]LogConfig: Setting CVar [[r.SSS.HalfRes:1]]
[2019.03.27-13.31.00:679][  0]LogConfig: Setting CVar [[r.EmitterSpawnRateScale:1.0]]
[2019.03.27-13.31.00:679][  0]LogConfig: Setting CVar [[r.ParticleLightQuality:2]]
[2019.03.27-13.31.00:679][  0]LogConfig: Applying CVar settings from Section [FoliageQuality@3] File [C:/Users/joeym/OneDrive/Documenten/GitHub/PixelArcade/Saved/Config/Windows/Scalability.ini]
[2019.03.27-13.31.00:679][  0]LogConfig: Setting CVar [[foliage.DensityScale:1.0]]
[2019.03.27-13.31.00:679][  0]LogConfig: Setting CVar [[grass.DensityScale:1.0]]
[2019.03.27-13.31.00:679][  0]LogInit: Selected Device Profile: [Windows]
[2019.03.27-13.31.00:679][  0]LogInit: Applying CVar settings loaded from the selected device profile: [Windows]
[2019.03.27-13.31.00:685][  0]LogHAL: Display: Platform has ~ 16 GB [17106059264 / 17179869184 / 16], which maps to Larger [LargestMinGB=32, LargerMinGB=12, DefaultMinGB=8, SmallerMinGB=6, SmallestMinGB=0)
[2019.03.27-13.31.00:685][  0]LogConfig: Setting CVar [[r.Vulkan.UseRealUBs:1]]
[2019.03.27-13.31.00:685][  0]LogInit: Going up to parent DeviceProfile []
[2019.03.27-13.31.00:685][  0]LogConfig: Applying CVar settings from Section [ViewDistanceQuality@3] File [C:/Users/joeym/OneDrive/Documenten/GitHub/PixelArcade/Saved/Config/Windows/Scalability.ini]
[2019.03.27-13.31.00:685][  0]LogConfig: Setting CVar [[r.SkeletalMeshLODBias:0]]
[2019.03.27-13.31.00:685][  0]LogConfig: Setting CVar [[r.ViewDistanceScale:1.0]]
[2019.03.27-13.31.00:685][  0]LogConfig: Applying CVar settings from Section [AntiAliasingQuality@3] File [C:/Users/joeym/OneDrive/Documenten/GitHub/PixelArcade/Saved/Config/Windows/Scalability.ini]
[2019.03.27-13.31.00:685][  0]LogConfig: Setting CVar [[r.PostProcessAAQuality:4]]
[2019.03.27-13.31.00:685][  0]LogConfig: Applying CVar settings from Section [ShadowQuality@3] File [C:/Users/joeym/OneDrive/Documenten/GitHub/PixelArcade/Saved/Config/Windows/Scalability.ini]
[2019.03.27-13.31.00:685][  0]LogConfig: Setting CVar [[r.LightFunctionQuality:1]]
[2019.03.27-13.31.00:685][  0]LogConfig: Setting CVar [[r.ShadowQuality:5]]
[2019.03.27-13.31.00:685][  0]LogConfig: Setting CVar [[r.Shadow.CSM.MaxCascades:10]]
[2019.03.27-13.31.00:685][  0]LogConfig: Setting CVar [[r.Shadow.MaxResolution:2048]]
[2019.03.27-13.31.00:685][  0]LogConfig: Setting CVar [[r.Shadow.MaxCSMResolution:2048]]
[2019.03.27-13.31.00:685][  0]LogConfig: Setting CVar [[r.Shadow.RadiusThreshold:0.01]]
[2019.03.27-13.31.00:685][  0]LogConfig: Setting CVar [[r.Shadow.DistanceScale:1.0]]
[2019.03.27-13.31.00:685][  0]LogConfig: Setting CVar [[r.Shadow.CSM.TransitionScale:1.0]]
[2019.03.27-13.31.00:685][  0]LogConfig: Setting CVar [[r.Shadow.PreShadowResolutionFactor:1.0]]
[2019.03.27-13.31.00:685][  0]LogConfig: Setting CVar [[r.DistanceFieldShadowing:1]]
[2019.03.27-13.31.00:685][  0]LogConfig: Setting CVar [[r.DistanceFieldAO:1]]
[2019.03.27-13.31.00:685][  0]LogConfig: Setting CVar [[r.AOQuality:2]]
[2019.03.27-13.31.00:685][  0]LogConfig: Setting CVar [[r.VolumetricFog:1]]
[2019.03.27-13.31.00:685][  0]LogConfig: Setting CVar [[r.VolumetricFog.GridPixelSize:8]]
[2019.03.27-13.31.00:685][  0]LogConfig: Setting CVar [[r.VolumetricFog.GridSizeZ:128]]
[2019.03.27-13.31.00:685][  0]LogConfig: Setting CVar [[r.VolumetricFog.HistoryMissSupersampleCount:4]]
[2019.03.27-13.31.00:685][  0]LogConfig: Setting CVar [[r.LightMaxDrawDistanceScale:1]]
[2019.03.27-13.31.00:685][  0]LogConfig: Setting CVar [[r.CapsuleShadows:1]]
[2019.03.27-13.31.00:685][  0]LogConfig: Applying CVar settings from Section [PostProcessQuality@3] File [C:/Users/joeym/OneDrive/Documenten/GitHub/PixelArcade/Saved/Config/Windows/Scalability.ini]
[2019.03.27-13.31.00:685][  0]LogConfig: Setting CVar [[r.MotionBlurQuality:4]]
[2019.03.27-13.31.00:685][  0]LogConfig: Setting CVar [[r.AmbientOcclusionMipLevelFactor:0.4]]
[2019.03.27-13.31.00:685][  0]LogConfig: Setting CVar [[r.AmbientOcclusionMaxQuality:100]]
[2019.03.27-13.31.00:685][  0]LogConfig: Setting CVar [[r.AmbientOcclusionLevels:-1]]
[2019.03.27-13.31.00:686][  0]LogConfig: Setting CVar [[r.AmbientOcclusionRadiusScale:1.0]]
[2019.03.27-13.31.00:686][  0]LogConfig: Setting CVar [[r.DepthOfFieldQuality:2]]
[2019.03.27-13.31.00:686][  0]LogConfig: Setting CVar [[r.RenderTargetPoolMin:400]]
[2019.03.27-13.31.00:686][  0]LogConfig: Setting CVar [[r.LensFlareQuality:2]]
[2019.03.27-13.31.00:686][  0]LogConfig: Setting CVar [[r.SceneColorFringeQuality:1]]
[2019.03.27-13.31.00:686][  0]LogConfig: Setting CVar [[r.EyeAdaptationQuality:2]]
[2019.03.27-13.31.00:686][  0]LogConfig: Setting CVar [[r.BloomQuality:5]]
[2019.03.27-13.31.00:686][  0]LogConfig: Setting CVar [[r.FastBlurThreshold:100]]
[2019.03.27-13.31.00:686][  0]LogConfig: Setting CVar [[r.Upscale.Quality:3]]
[2019.03.27-13.31.00:686][  0]LogConfig: Setting CVar [[r.Tonemapper.GrainQuantization:1]]
[2019.03.27-13.31.00:686][  0]LogConfig: Setting CVar [[r.LightShaftQuality:1]]
[2019.03.27-13.31.00:686][  0]LogConfig: Setting CVar [[r.Filter.SizeScale:1]]
[2019.03.27-13.31.00:686][  0]LogConfig: Setting CVar [[r.Tonemapper.Quality:5]]
[2019.03.27-13.31.00:686][  0]LogConfig: Setting CVar [[r.DOF.Gather.AccumulatorQuality:1        ; higher gathering accumulator quality]]
[2019.03.27-13.31.00:686][  0]LogConfig: Setting CVar [[r.DOF.Gather.PostfilterMethod:1          ; Median3x3 postfilering method]]
[2019.03.27-13.31.00:686][  0]LogConfig: Setting CVar [[r.DOF.Gather.EnableBokehSettings:0       ; no bokeh simulation when gathering]]
[2019.03.27-13.31.00:686][  0]LogConfig: Setting CVar [[r.DOF.Gather.RingCount:4                 ; medium number of samples when gathering]]
[2019.03.27-13.31.00:686][  0]LogConfig: Setting CVar [[r.DOF.Scatter.ForegroundCompositing:1    ; additive foreground scattering]]
[2019.03.27-13.31.00:686][  0]LogConfig: Setting CVar [[r.DOF.Scatter.BackgroundCompositing:2    ; additive background scattering]]
[2019.03.27-13.31.00:686][  0]LogConfig: Setting CVar [[r.DOF.Scatter.EnableBokehSettings:1      ; bokeh simulation when scattering]]
[2019.03.27-13.31.00:686][  0]LogConfig: Setting CVar [[r.DOF.Scatter.MaxSpriteRatio:0.1         ; only a maximum of 10% of scattered bokeh]]
[2019.03.27-13.31.00:686][  0]LogConfig: Setting CVar [[r.DOF.Recombine.Quality:1                ; cheap slight out of focus]]
[2019.03.27-13.31.00:686][  0]LogConfig: Setting CVar [[r.DOF.Recombine.EnableBokehSettings:0    ; no bokeh simulation on slight out of focus]]
[2019.03.27-13.31.00:686][  0]LogConfig: Setting CVar [[r.DOF.TemporalAAQuality:1                ; more stable temporal accumulation]]
[2019.03.27-13.31.00:686][  0]LogConfig: Setting CVar [[r.DOF.Kernel.MaxForegroundRadius:0.025]]
[2019.03.27-13.31.00:686][  0]LogConfig: Setting CVar [[r.DOF.Kernel.MaxBackgroundRadius:0.025]]
[2019.03.27-13.31.00:686][  0]LogConfig: Applying CVar settings from Section [TextureQuality@3] File [C:/Users/joeym/OneDrive/Documenten/GitHub/PixelArcade/Saved/Config/Windows/Scalability.ini]
[2019.03.27-13.31.00:686][  0]LogConfig: Setting CVar [[r.Streaming.MipBias:0]]
[2019.03.27-13.31.00:686][  0]LogConfig: Setting CVar [[r.Streaming.AmortizeCPUToGPUCopy:0]]
[2019.03.27-13.31.00:686][  0]LogConfig: Setting CVar [[r.Streaming.MaxNumTexturesToStreamPerFrame:0]]
[2019.03.27-13.31.00:686][  0]LogConfig: Setting CVar [[r.Streaming.Boost:1]]
[2019.03.27-13.31.00:686][  0]LogConfig: Setting CVar [[r.MaxAnisotropy:8]]
[2019.03.27-13.31.00:686][  0]LogConfig: Setting CVar [[r.Streaming.LimitPoolSizeToVRAM:0]]
[2019.03.27-13.31.00:686][  0]LogConfig: Setting CVar [[r.Streaming.PoolSize:1000]]
[2019.03.27-13.31.00:686][  0]LogConfig: Setting CVar [[r.Streaming.MaxEffectiveScreenSize:0]]
[2019.03.27-13.31.00:686][  0]LogConfig: Applying CVar settings from Section [EffectsQuality@3] File [C:/Users/joeym/OneDrive/Documenten/GitHub/PixelArcade/Saved/Config/Windows/Scalability.ini]
[2019.03.27-13.31.00:686][  0]LogConfig: Setting CVar [[r.TranslucencyLightingVolumeDim:64]]
[2019.03.27-13.31.00:686][  0]LogConfig: Setting CVar [[r.RefractionQuality:2]]
[2019.03.27-13.31.00:686][  0]LogConfig: Setting CVar [[r.SSR.Quality:3]]
[2019.03.27-13.31.00:686][  0]LogConfig: Setting CVar [[r.SceneColorFormat:4]]
[2019.03.27-13.31.00:686][  0]LogConfig: Setting CVar [[r.DetailMode:2]]
[2019.03.27-13.31.00:686][  0]LogConfig: Setting CVar [[r.TranslucencyVolumeBlur:1]]
[2019.03.27-13.31.00:686][  0]LogConfig: Setting CVar [[r.MaterialQualityLevel:1 ; High quality]]
[2019.03.27-13.31.00:686][  0]LogConfig: Setting CVar [[r.SSS.Scale:1]]
[2019.03.27-13.31.00:686][  0]LogConfig: Setting CVar [[r.SSS.SampleSet:2]]
[2019.03.27-13.31.00:686][  0]LogConfig: Setting CVar [[r.SSS.Quality:1]]
[2019.03.27-13.31.00:686][  0]LogConfig: Setting CVar [[r.SSS.HalfRes:1]]
[2019.03.27-13.31.00:686][  0]LogConfig: Setting CVar [[r.EmitterSpawnRateScale:1.0]]
[2019.03.27-13.31.00:686][  0]LogConfig: Setting CVar [[r.ParticleLightQuality:2]]
[2019.03.27-13.31.00:686][  0]LogConfig: Applying CVar settings from Section [FoliageQuality@3] File [C:/Users/joeym/OneDrive/Documenten/GitHub/PixelArcade/Saved/Config/Windows/Scalability.ini]
[2019.03.27-13.31.00:686][  0]LogConfig: Setting CVar [[foliage.DensityScale:1.0]]
[2019.03.27-13.31.00:686][  0]LogConfig: Setting CVar [[grass.DensityScale:1.0]]
[2019.03.27-13.31.00:686][  0]LogConfig: Applying CVar settings from Section [Startup] File [../../../Engine/Config/ConsoleVariables.ini]
[2019.03.27-13.31.00:689][  0]LogConfig: Setting CVar [[net.UseAdaptiveNetUpdateFrequency:0]]
[2019.03.27-13.31.00:689][  0]LogConfig: Applying CVar settings from Section [ConsoleVariables] File [C:/Users/joeym/OneDrive/Documenten/GitHub/PixelArcade/Saved/Config/Windows/Engine.ini]
[2019.03.27-13.31.00:689][  0]LogInit: Computer: JOEYCOMPUTER
[2019.03.27-13.31.00:689][  0]LogInit: User: joeym
[2019.03.27-13.31.00:689][  0]LogInit: CPU Page size=4096, Cores=4
[2019.03.27-13.31.00:689][  0]LogInit: High frequency timer resolution =10.000000 MHz
[2019.03.27-13.31.00:689][  0]LogMemory: Memory total: Physical=15.9GB (16GB approx)
[2019.03.27-13.31.00:689][  0]LogMemory: Platform Memory Stats for Windows
[2019.03.27-13.31.00:689][  0]LogMemory: Process Physical Memory: 104.22 MB used, 104.23 MB peak
[2019.03.27-13.31.00:689][  0]LogMemory: Process Virtual Memory: 93.26 MB used, 93.26 MB peak
[2019.03.27-13.31.00:689][  0]LogMemory: Physical Memory: 5498.80 MB used,  10814.80 MB free, 16313.61 MB total
[2019.03.27-13.31.00:690][  0]LogMemory: Virtual Memory: 4653.30 MB used,  134213072.00 MB free, 134217728.00 MB total
[2019.03.27-13.31.00:776][  0]LogInit: Using OS detected language (nl-NL).
[2019.03.27-13.31.00:776][  0]LogInit: Using OS detected locale (nl-NL).
[2019.03.27-13.31.00:777][  0]LogTextLocalizationManager: No localization for 'nl-NL' exists, so 'en' will be used for the language.
[2019.03.27-13.31.00:777][  0]LogTextLocalizationManager: No localization for 'nl-NL' exists, so 'en' will be used for the locale.
[2019.03.27-13.31.01:090][  0]LogStreaming: Display: Took  0.314s to InitEngineTextLocalization.
[2019.03.27-13.31.01:345][  0]LogSlate: New Slate User Created.  User Index 0, Is Virtual User: 0
[2019.03.27-13.31.01:345][  0]LogSlate: Slate User Registered.  User Index 0, Is Virtual User: 0
[2019.03.27-13.31.01:373][  0]LogHMD: Failed to initialize OpenVR with code 110
[2019.03.27-13.31.01:373][  0]LogD3D11RHI: D3D11 adapters:
[2019.03.27-13.31.01:427][  0]LogD3D11RHI:    0. 'NVIDIA GeForce GTX 1080' (Feature Level 11_0)
[2019.03.27-13.31.01:427][  0]LogD3D11RHI:       8079/0/8156 MB DedicatedVideo/DedicatedSystem/SharedSystem, Outputs:3, VendorId:0x10de
[2019.03.27-13.31.01:429][  0]LogD3D11RHI:    1. 'Microsoft Basic Render Driver' (Feature Level 11_0)
[2019.03.27-13.31.01:429][  0]LogD3D11RHI:       0/0/8156 MB DedicatedVideo/DedicatedSystem/SharedSystem, Outputs:0, VendorId:0x1414
[2019.03.27-13.31.01:429][  0]LogD3D11RHI: Chosen D3D11 Adapter: 0
[2019.03.27-13.31.01:436][  0]LogD3D11RHI: Creating new Direct3DDevice
[2019.03.27-13.31.01:436][  0]LogD3D11RHI:     GPU DeviceId: 0x1b80 (for the marketing name, search the web for "GPU Device Id")
[2019.03.27-13.31.01:436][  0]LogWindows: EnumDisplayDevices:
[2019.03.27-13.31.01:437][  0]LogWindows:    0. 'NVIDIA GeForce GTX 1080' (P:1 D:1)
[2019.03.27-13.31.01:437][  0]LogWindows:    1. 'NVIDIA GeForce GTX 1080' (P:0 D:1)
[2019.03.27-13.31.01:437][  0]LogWindows:    2. 'NVIDIA GeForce GTX 1080' (P:0 D:1)
[2019.03.27-13.31.01:437][  0]LogWindows:    3. 'NVIDIA GeForce GTX 1080' (P:0 D:0)
[2019.03.27-13.31.01:437][  0]LogWindows: DebugString: FoundDriverCount:4 
[2019.03.27-13.31.01:437][  0]LogD3D11RHI:     Adapter Name: NVIDIA GeForce GTX 1080
[2019.03.27-13.31.01:437][  0]LogD3D11RHI:   Driver Version: 419.17 (internal:25.21.14.1917, unified:419.17)
[2019.03.27-13.31.01:437][  0]LogD3D11RHI:      Driver Date: 2-20-2019
[2019.03.27-13.31.01:437][  0]LogRHI: Texture pool is 5655 MB (70% of 8079 MB)
[2019.03.27-13.31.01:474][  0]LogD3D11RHI: Async texture creation enabled
[2019.03.27-13.31.01:502][  0]LogD3D11RHI: GPU Timing Frequency: 1000.000000 (Debug: 2 1)
[2019.03.27-13.31.02:062][  0]LogTemp: Display: Loaded TP WindowsClientTargetPlatform
[2019.03.27-13.31.02:084][  0]LogTemp: Display: Loaded TP WindowsNoEditorTargetPlatform
[2019.03.27-13.31.02:101][  0]LogTemp: Display: Loaded TP WindowsServerTargetPlatform
[2019.03.27-13.31.02:113][  0]LogTemp: Display: Loaded TP WindowsTargetPlatform
[2019.03.27-13.31.02:113][  0]LogTargetPlatformManager: Display: Building Assets For Windows
[2019.03.27-13.31.02:315][  0]LogShaderCompilers: Guid format shader working directory is -8 characters bigger than the processId version (C:/Users/joeym/OneDrive/Documenten/GitHub/PixelArcade/Intermediate/Shaders/WorkingDirectory/16108/).
[2019.03.27-13.31.02:315][  0]LogShaderCompilers: Cleaned the shader compiler working directory 'C:/Users/joeym/AppData/Local/Temp/UnrealShaderWorkingDir/AAF115CB46C89D1315C7A49CF31E1C53/'.
[2019.03.27-13.31.02:316][  0]LogXGEController: Cannot use XGE Controller as Incredibuild is not installed on this machine.
[2019.03.27-13.31.02:316][  0]LogShaderCompilers: Cannot use XGE Shader Compiler as Incredibuild is not installed on this machine.
[2019.03.27-13.31.02:316][  0]LogShaderCompilers: Display: Using Local Shader Compiler.
[2019.03.27-13.31.03:649][  0]LogDerivedDataCache: Display: Max Cache Size: 512 MB
[2019.03.27-13.31.03:691][  0]LogDerivedDataCache: Loaded boot cache 0.04s 71MB C:/Users/joeym/AppData/Local/UnrealEngine/4.21/DerivedDataCache/Boot.ddc.
[2019.03.27-13.31.03:691][  0]LogDerivedDataCache: Display: Loaded Boot cache: C:/Users/joeym/AppData/Local/UnrealEngine/4.21/DerivedDataCache/Boot.ddc
[2019.03.27-13.31.03:692][  0]LogDerivedDataCache: FDerivedDataBackendGraph:  Pak pak cache file C:/Users/joeym/OneDrive/Documenten/GitHub/PixelArcade/DerivedDataCache/DDC.ddp not found, will not use a pak cache.
[2019.03.27-13.31.03:692][  0]LogDerivedDataCache: Unable to find inner node Pak for hierarchical cache Hierarchy.
[2019.03.27-13.31.03:692][  0]LogDerivedDataCache: FDerivedDataBackendGraph:  CompressedPak pak cache file C:/Users/joeym/OneDrive/Documenten/GitHub/PixelArcade/DerivedDataCache/Compressed.ddp not found, will not use a pak cache.
[2019.03.27-13.31.03:692][  0]LogDerivedDataCache: Unable to find inner node CompressedPak for hierarchical cache Hierarchy.
[2019.03.27-13.31.03:706][  0]LogDerivedDataCache: Display: Pak cache opened for reading ../../../Engine/DerivedDataCache/Compressed.ddp.
[2019.03.27-13.31.03:706][  0]LogDerivedDataCache: FDerivedDataBackendGraph:  EnterprisePak pak cache file ../../../Enterprise/DerivedDataCache/Compressed.ddp not found, will not use a pak cache.
[2019.03.27-13.31.03:707][  0]LogDerivedDataCache: Unable to find inner node EnterprisePak for hierarchical cache Hierarchy.
[2019.03.27-13.31.03:718][  0]LogDerivedDataCache: Using Local data cache path C:/Users/joeym/AppData/Local/UnrealEngine/Common/DerivedDataCache: Writable
[2019.03.27-13.31.03:718][  0]LogDerivedDataCache: Shared data cache path not found in *engine.ini, will not use an Shared cache.
[2019.03.27-13.31.03:718][  0]LogDerivedDataCache: Unable to find inner node Shared for hierarchical cache Hierarchy.
[2019.03.27-13.31.03:740][  0]LogMaterial: Verifying Global Shaders for PCD3D_SM5
[2019.03.27-13.31.03:763][  0]LogSlate: Using FreeType 2.6.0
[2019.03.27-13.31.03:771][  0]LogSlate: SlateFontServices - WITH_FREETYPE: 1, WITH_HARFBUZZ: 1
[2019.03.27-13.31.03:985][  0]LogInit: Using OS detected language (nl-NL).
[2019.03.27-13.31.03:985][  0]LogInit: Using OS detected locale (nl-NL).
[2019.03.27-13.31.03:985][  0]LogTextLocalizationManager: No localization for 'nl-NL' exists, so 'en' will be used for the language.
[2019.03.27-13.31.03:985][  0]LogTextLocalizationManager: No localization for 'nl-NL' exists, so 'en' will be used for the locale.
[2019.03.27-13.31.03:986][  0]LogStreaming: Display: Took  0.001s to InitGameTextLocalization.
[2019.03.27-13.31.03:990][  0]LogAssetRegistry: FAssetRegistry took 0.0030 seconds to start up
[2019.03.27-13.31.04:158][  0]LogPackageLocalizationCache: Processed 11 localized package path(s) for 1 prioritized culture(s) in 0.010149 seconds
[2019.03.27-13.31.04:242][  0]LogInit: Selected Device Profile: [Windows]
[2019.03.27-13.31.04:497][  0]LogSimplygon: Simplygon DLL not present - disabling.
[2019.03.27-13.31.04:515][  0]LogMeshReduction: Using SimplygonSwarm for distributed automatic mesh merging
[2019.03.27-13.31.04:515][  0]LogMeshReduction: Using ProxyLODMeshReduction for automatic mesh merging
[2019.03.27-13.31.04:515][  0]LogMeshReduction: Using QuadricMeshReduction for automatic static mesh reduction
[2019.03.27-13.31.04:515][  0]LogMeshReduction: No automatic skeletal mesh reduction module available
[2019.03.27-13.31.04:537][  0]LogNetVersion: PixelArcade 1.0.0, NetCL: 4541578, EngineNetVer: 5, GameNetVer: 0 (Checksum: 3322908292)
[2019.03.27-13.31.05:852][  0]LogMoviePlayer: Initializing movie player
[2019.03.27-13.31.06:076][  0]LogTcpMessaging: Initializing TcpMessaging bridge
[2019.03.27-13.31.06:095][  0]LogUdpMessaging: Initializing bridge on interface 0.0.0.0:0 to multicast group 230.0.0.1:6666.
[2019.03.27-13.31.06:203][  0]LogCollectionManager: Loaded 0 collections in 0.000779 seconds
[2019.03.27-13.31.06:226][  0]LogFileCache: Scanning file cache for directory 'C:/Users/joeym/OneDrive/Documenten/GitHub/PixelArcade/Saved/Collections/' took 0.01s
[2019.03.27-13.31.06:226][  0]LogFileCache: Scanning file cache for directory 'C:/Users/joeym/OneDrive/Documenten/GitHub/PixelArcade/Content/Developers/joeym/Collections/' took 0.01s
[2019.03.27-13.31.06:226][  0]LogFileCache: Scanning file cache for directory 'C:/Users/joeym/OneDrive/Documenten/GitHub/PixelArcade/Content/Collections/' took 0.00s
[2019.03.27-13.31.06:226][  0]LogCollectionManager: Rebuilt the object cache for 0 collections in 0.000000 seconds (found 0 objects)
[2019.03.27-13.31.06:226][  0]LogCollectionManager: Fixed up redirectors for 0 collections in 0.000061 seconds (updated 0 objects)
[2019.03.27-13.31.06:399][  0]SourceControl: Source control is disabled
[2019.03.27-13.31.06:399][  0]SourceControl: Source control is disabled
[2019.03.27-13.31.06:407][  0]SourceControl: Source control is disabled
[2019.03.27-13.31.06:722][  0]LogAndroidPermission: UAndroidPermissionCallbackProxy::GetInstance
[2019.03.27-13.31.06:857][  0]LogOcInput: OculusInput pre-init called
[2019.03.27-13.31.06:872][  0]LogUObjectArray: 44021 objects as part of root set at end of initial load.
[2019.03.27-13.31.06:872][  0]LogUObjectAllocator: 7742944 out of 0 bytes used by permanent object pool.
[2019.03.27-13.31.06:872][  0]LogUObjectArray: CloseDisregardForGC: 0/0 objects in disregard for GC pool
[2019.03.27-13.31.07:037][  0]LogEngine: Initializing Engine...
[2019.03.27-13.31.07:037][  0]LogHMD: Failed to initialize OpenVR with code 110
[2019.03.27-13.31.07:050][  0]LogStats: UGameplayTagsManager::ConstructGameplayTagTree: ImportINI prefixes -  0.000 s
[2019.03.27-13.31.07:050][  0]LogStats: UGameplayTagsManager::ConstructGameplayTagTree: Construct from data asset -  0.000 s
[2019.03.27-13.31.07:050][  0]LogStats: UGameplayTagsManager::ConstructGameplayTagTree: ImportINI -  0.000 s
[2019.03.27-13.31.07:050][  0]LogStats: UGameplayTagsManager::ConstructGameplayTagTree: GameplayTagTreeChangedEvent.Broadcast -  0.000 s
[2019.03.27-13.31.07:286][  0]LogInit: Initializing FReadOnlyCVARCache
[2019.03.27-13.31.07:315][  0]LogInit: XAudio2 using 'luidspreker/Hoofdtelefoon (Realtek High Definition Audio)' : 2 channels at 48 kHz using 32 bits per sample (channel mask 0x3)
[2019.03.27-13.31.07:342][  0]LogInit: FAudioDevice initialized.
[2019.03.27-13.31.07:353][  0]LogNetVersion: Set ProjectVersion to 1.0.0.0. Version Checksum will be recalculated on next use.
[2019.03.27-13.31.07:358][  0]LogInit: Texture streaming: Enabled
[2019.03.27-13.31.07:675][  0]LogSlate: Updating window title bar state: overlay mode, drag disabled, window buttons hidden, title bar hidden
[2019.03.27-13.31.07:695][  0]LogInit: Display: Game Engine Initialized.
[2019.03.27-13.31.07:695][  0]LogGameplayTags: Display: UGameplayTagsManager::DoneAddingNativeTags. DelegateIsBound: 0
[2019.03.27-13.31.07:695][  0]LogStats: UGameplayTagsManager::ConstructGameplayTagTree: ImportINI prefixes -  0.000 s
[2019.03.27-13.31.07:695][  0]LogStats: UGameplayTagsManager::ConstructGameplayTagTree: Construct from data asset -  0.000 s
[2019.03.27-13.31.07:695][  0]LogStats: UGameplayTagsManager::ConstructGameplayTagTree: ImportINI -  0.000 s
[2019.03.27-13.31.07:695][  0]LogStats: UGameplayTagsManager::ConstructGameplayTagTree: GameplayTagTreeChangedEvent.Broadcast -  0.000 s
[2019.03.27-13.31.07:757][  0]LogInit: Display: Starting Game.
[2019.03.27-13.31.07:766][  0]LogNet: Browse: /Game/PixelWorlds/PixelMenu?Name=Player
[2019.03.27-13.31.07:766][  0]LogLoad: LoadMap: /Game/PixelWorlds/PixelMenu?Name=Player
[2019.03.27-13.31.07:875][  0]LogLinker: Can't find file '/Game/SimpleInventory/Item_Base_Icon'
[2019.03.27-13.31.07:875][  0]LogLinker: Can't find file '/Game/SimpleInventory/Item_Base_Icon'
[2019.03.27-13.31.07:948][  0]LogLinker: Can't find file '/Game/SimpleInventory/Item_Base'
[2019.03.27-13.31.07:948][  0]LogLinker: Can't find file '/Game/SimpleInventory/Item_Base'
[2019.03.27-13.31.09:200][  0]LogAIModule: Creating AISystem for world PixelMenu
[2019.03.27-13.31.09:200][  0]LogLoad: Game class is 'GM_PixelMenu_C'
[2019.03.27-13.31.09:205][  0]LogWorld: Bringing World /Game/PixelWorlds/PixelMenu.PixelMenu up for play (max tick rate 0) at 2019.03.27-14.31.09
[2019.03.27-13.31.09:224][  0]LogWorld: Bringing up level for play took: 0.018219
[2019.03.27-13.31.09:776][  0]LogLoad: Took 2.010318 seconds to LoadMap(/Game/PixelWorlds/PixelMenu)
[2019.03.27-13.31.09:904][  0]LogRenderer: Reallocating scene render targets to support 1280x720 Format 10 NumSamples 1 (Frame:1).
[2019.03.27-13.31.09:904][  0]LogLoad: (Engine Initialization) Total time: 12.22 seconds
[2019.03.27-13.31.09:904][  0]LogLoad: (Engine Initialization) Total Blueprint compile time: 0.00 seconds
[2019.03.27-13.31.09:958][  0]LogContentStreaming: Texture pool size now 1000 MB
[2019.03.27-13.31.27:309][ 71]LogSlate: FSceneViewport::OnFocusLost() reason 0
[2019.03.27-13.31.28:747][161]LogScript: Warning: Script Msg: Attempted to access index 0 from array 'CallFunc_GetAllWidgetsOfClass_FoundWidgets2' of length 0 in '/Game/MyMenu/MM_Widget/Extra/MM_Button.MM_Button_C:ExecuteUbergraph_MM_Button'!
[2019.03.27-13.31.28:747][161]LogScript: Warning: Script Msg: Attempted to access index 0 from array 'CallFunc_GetAllWidgetsOfClass_FoundWidgets3' of length 0 in '/Game/MyMenu/MM_Widget/Extra/MM_Button.MM_Button_C:ExecuteUbergraph_MM_Button'!
[2019.03.27-13.31.29:198][189]Closing by request
[2019.03.27-13.31.29:198][189]LogWindows: FPlatformMisc::RequestExit(0)
[2019.03.27-13.31.30:080][190]LogSlate: Window 'PixelArcade (64-bit Development PCD3D_SM5) ' being destroyed
[2019.03.27-13.31.30:081][190]LogWindowsTextInputMethodSystem: Display: IME system now deactivated.
[2019.03.27-13.31.30:149][190]LogExit: Preparing to exit.
[2019.03.27-13.31.30:149][190]LogMoviePlayer: Shutting down movie player
[2019.03.27-13.31.31:458][190]LogSlate: Updating window title bar state: overlay mode, drag disabled, window buttons hidden, title bar hidden
[2019.03.27-13.31.31:486][190]LogExit: Game engine shut down
[2019.03.27-13.31.32:686][190]LogExit: Object subsystem successfully closed.
[2019.03.27-13.31.32:790][190]LogShaderCompilers: Display: Shaders left to compile 0
[2019.03.27-13.31.32:841][190]LogD3D11RHI: Shutdown
[2019.03.27-13.31.32:841][190]LogD3D11RHI: CleanupD3DDevice
[2019.03.27-13.31.32:843][190]LogD3D11RHI: ~FD3D11DynamicRHI
[2019.03.27-13.31.33:251][190]LogModuleManager: Shutting down and abandoning module SequenceRecorderSections (396)
[2019.03.27-13.31.33:251][190]LogModuleManager: Shutting down and abandoning module SequenceRecorder (394)
[2019.03.27-13.31.33:251][190]LogModuleManager: Shutting down and abandoning module AutomationController (392)
[2019.03.27-13.31.33:251][190]LogModuleManager: Shutting down and abandoning module AutomationWorker (390)
[2019.03.27-13.31.33:251][190]LogModuleManager: Shutting down and abandoning module Voice (388)
[2019.03.27-13.31.33:251][190]LogModuleManager: Shutting down and abandoning module AIModule (386)
[2019.03.27-13.31.33:251][190]LogModuleManager: Shutting down and abandoning module GameplayDebugger (385)
[2019.03.27-13.31.33:251][190]LogModuleManager: Shutting down and abandoning module AITestSuite (383)
[2019.03.27-13.31.33:251][190]LogModuleManager: Shutting down and abandoning module NavigationSystem (381)
[2019.03.27-13.31.33:251][190]LogModuleManager: Shutting down and abandoning module WmfMediaFactory (378)
[2019.03.27-13.31.33:251][190]LogModuleManager: Shutting down and abandoning module WebMMediaFactory (376)
[2019.03.27-13.31.33:251][190]LogModuleManager: Shutting down and abandoning module WebMMedia (374)
[2019.03.27-13.31.33:251][190]LogModuleManager: Shutting down and abandoning module OpenExrWrapper (372)
[2019.03.27-13.31.33:251][190]LogModuleManager: Shutting down and abandoning module ImgMediaFactory (370)
[2019.03.27-13.31.33:251][190]LogModuleManager: Shutting down and abandoning module AvfMediaFactory (368)
[2019.03.27-13.31.33:251][190]LogModuleManager: Shutting down and abandoning module MagicLeapCameraPreviewFactory (366)
[2019.03.27-13.31.33:251][190]LogModuleManager: Shutting down and abandoning module MagicLeapMediaFactory (364)
[2019.03.27-13.31.33:251][190]LogModuleManager: Shutting down and abandoning module CharacterAI (362)
[2019.03.27-13.31.33:252][190]LogModuleManager: Shutting down and abandoning module SessionServices (360)
[2019.03.27-13.31.33:252][190]LogModuleManager: Shutting down and abandoning module MovieSceneCapture (358)
[2019.03.27-13.31.33:252][190]LogModuleManager: Shutting down and abandoning module MovieSceneTracks (356)
[2019.03.27-13.31.33:252][190]LogModuleManager: Shutting down and abandoning module MovieScene (354)
[2019.03.27-13.31.33:252][190]LogModuleManager: Shutting down and abandoning module StreamingPauseRendering (352)
[2019.03.27-13.31.33:252][190]LogModuleManager: Shutting down and abandoning module PortalServices (350)
[2019.03.27-13.31.33:252][190]LogModuleManager: Shutting down and abandoning module PortalRpc (348)
[2019.03.27-13.31.33:252][190]LogModuleManager: Shutting down and abandoning module MessagingRpc (346)
[2019.03.27-13.31.33:252][190]LogModuleManager: Shutting down and abandoning module ImageWriteQueue (344)
[2019.03.27-13.31.33:253][190]LogModuleManager: Shutting down and abandoning module ProfilerService (342)
[2019.03.27-13.31.33:467][190]LogModuleManager: Shutting down and abandoning module TaskGraph (340)
[2019.03.27-13.31.33:467][190]LogModuleManager: Shutting down and abandoning module SteamVRController (338)
[2019.03.27-13.31.33:467][190]LogModuleManager: Shutting down and abandoning module ProceduralMeshComponent (336)
[2019.03.27-13.31.33:467][190]LogModuleManager: Shutting down and abandoning module OculusInput (334)
[2019.03.27-13.31.33:467][190]LogModuleManager: Shutting down and abandoning module MobilePatchingUtils (332)
[2019.03.27-13.31.33:467][190]LogModuleManager: Shutting down and abandoning module EditableMesh (330)
[2019.03.27-13.31.33:490][190]LogModuleManager: Shutting down and abandoning module CustomMeshComponent (328)
[2019.03.27-13.31.33:490][190]LogModuleManager: Shutting down and abandoning module CableComponent (326)
[2019.03.27-13.31.33:490][190]LogModuleManager: Shutting down and abandoning module AudioCapture (324)
[2019.03.27-13.31.33:490][190]LogModuleManager: Shutting down and abandoning module ArchVisCharacter (322)
[2019.03.27-13.31.33:490][190]LogModuleManager: Shutting down and abandoning module AndroidPermission (320)
[2019.03.27-13.31.33:490][190]LogModuleManager: Shutting down and abandoning module NUTUnrealEngine4 (318)
[2019.03.27-13.31.33:514][190]LogModuleManager: Shutting down and abandoning module NetcodeUnitTest (316)
[2019.03.27-13.31.33:514][190]LogModuleManager: Shutting down and abandoning module MediaCompositing (314)
[2019.03.27-13.31.33:514][190]LogModuleManager: Shutting down and abandoning module LinearTimecode (312)
[2019.03.27-13.31.33:514][190]LogModuleManager: Shutting down and abandoning module ImgMedia (310)
[2019.03.27-13.31.33:529][190]LogModuleManager: Shutting down and abandoning module HTML5Networking (308)
[2019.03.27-13.31.33:529][190]LogModuleManager: Shutting down and abandoning module GeometryCacheTracks (306)
[2019.03.27-13.31.33:529][190]LogModuleManager: Shutting down and abandoning module GeometryCacheSequencer (305)
[2019.03.27-13.31.33:529][190]LogModuleManager: Shutting down and abandoning module GeometryCache (302)
[2019.03.27-13.31.33:529][190]LogModuleManager: Shutting down and abandoning module GeometryCacheEd (301)
[2019.03.27-13.31.33:529][190]LogModuleManager: Shutting down and abandoning module BackChannel (298)
[2019.03.27-13.31.33:535][190]LogModuleManager: Shutting down and abandoning module AppleVision (296)
[2019.03.27-13.31.33:535][190]LogModuleManager: Shutting down and abandoning module AppleImageUtilsBlueprintSupport (294)
[2019.03.27-13.31.33:535][190]LogModuleManager: Shutting down and abandoning module AppleImageUtils (292)
[2019.03.27-13.31.33:535][190]LogModuleManager: Shutting down and abandoning module VariantManagerContent (290)
[2019.03.27-13.31.33:535][190]LogModuleManager: Shutting down and abandoning module CryptoKeysOpenSSL (288)
[2019.03.27-13.31.33:535][190]LogModuleManager: Shutting down and abandoning module CryptoKeys (286)
[2019.03.27-13.31.33:535][190]LogModuleManager: Shutting down and abandoning module VisualStudioSourceCodeAccess (284)
[2019.03.27-13.31.33:535][190]LogModuleManager: Shutting down and abandoning module HotReload (283)
[2019.03.27-13.31.33:536][190]LogModuleManager: Shutting down and abandoning module VisualStudioCodeSourceCodeAccess (280)
[2019.03.27-13.31.33:536][190]LogModuleManager: Shutting down and abandoning module UObjectPlugin (278)
[2019.03.27-13.31.33:536][190]LogModuleManager: Shutting down and abandoning module SubversionSourceControl (276)
[2019.03.27-13.31.33:536][190]LogModuleManager: Shutting down and abandoning module PerforceSourceControl (274)
[2019.03.27-13.31.33:555][190]LogModuleManager: Shutting down and abandoning module SourceControl (273)
[2019.03.27-13.31.33:555][190]LogModuleManager: Shutting down and abandoning module CLionSourceCodeAccess (270)
[2019.03.27-13.31.33:555][190]LogModuleManager: Shutting down and abandoning module ActorLayerUtilities (268)
[2019.03.27-13.31.33:555][190]LogModuleManager: Shutting down and abandoning module AdvancedSteamSessions (266)
[2019.03.27-13.31.33:555][190]LogModuleManager: Shutting down and abandoning module AdvancedSessions (264)
[2019.03.27-13.31.33:555][190]LogModuleManager: Shutting down and abandoning module RuntimePhysXCooking (262)
[2019.03.27-13.31.33:556][190]LogModuleManager: Shutting down and abandoning module PhysXVehiclesEditor (260)
[2019.03.27-13.31.33:556][190]LogModuleManager: Shutting down and abandoning module PhysXVehicles (258)
[2019.03.27-13.31.33:556][190]LogModuleManager: Shutting down and abandoning module LocationServicesBPLibrary (256)
[2019.03.27-13.31.33:556][190]LogModuleManager: Shutting down and abandoning module ApexDestructionEditor (254)
[2019.03.27-13.31.33:565][190]LogModuleManager: Shutting down and abandoning module ContentBrowser (253)
[2019.03.27-13.31.33:565][190]LogModuleManager: Shutting down and abandoning module CollectionManager (252)
[2019.03.27-13.31.33:565][190]LogModuleManager: Shutting down and abandoning module DirectoryWatcher (251)
[2019.03.27-13.31.33:565][190]LogModuleManager: Shutting down and abandoning module ApexDestruction (246)
[2019.03.27-13.31.33:565][190]LogModuleManager: Shutting down and abandoning module ActorSequence (244)
[2019.03.27-13.31.33:565][190]LogModuleManager: Shutting down and abandoning module UdpMessaging (242)
[2019.03.27-13.31.33:666][190]LogModuleManager: Shutting down and abandoning module TcpMessaging (240)
[2019.03.27-13.31.33:766][190]LogModuleManager: Shutting down and abandoning module MagicLeapAudio (238)
[2019.03.27-13.31.33:766][190]LogModuleManager: Shutting down and abandoning module GameplayTagsEditor (236)
[2019.03.27-13.31.33:800][190]LogModuleManager: Shutting down and abandoning module FacialAnimation (234)
[2019.03.27-13.31.33:800][190]LogModuleManager: Shutting down and abandoning module DataValidation (232)
[2019.03.27-13.31.33:800][190]LogModuleManager: Shutting down and abandoning module AssetManagerEditor (230)
[2019.03.27-13.31.33:814][190]LogModuleManager: Shutting down and abandoning module TreeMap (229)
[2019.03.27-13.31.33:814][190]LogModuleManager: Shutting down and abandoning module LightPropagationVolumeRuntime (226)
[2019.03.27-13.31.33:814][190]LogModuleManager: Shutting down and abandoning module AISupportModule (224)
[2019.03.27-13.31.33:814][190]LogModuleManager: Shutting down and abandoning module Paper2D (222)
[2019.03.27-13.31.33:814][190]LogModuleManager: Shutting down and abandoning module WindowsMoviePlayer (220)
[2019.03.27-13.31.33:814][190]LogModuleManager: Shutting down and abandoning module WebMMoviePlayer (218)
[2019.03.27-13.31.33:814][190]LogModuleManager: Shutting down and abandoning module WmfMedia (216)
[2019.03.27-13.31.33:827][190]LogModuleManager: Shutting down and abandoning module Media (215)
[2019.03.27-13.31.33:833][190]LogModuleManager: Shutting down and abandoning module PacketHandler (212)
[2019.03.27-13.31.33:833][190]LogModuleManager: Shutting down and abandoning module ClothingSystemEditor (210)
[2019.03.27-13.31.33:833][190]LogModuleManager: Shutting down and abandoning module ClothingSystemRuntime (208)
[2019.03.27-13.31.33:851][190]LogModuleManager: Shutting down and abandoning module MediaAssets (206)
[2019.03.27-13.31.33:851][190]LogModuleManager: Shutting down and abandoning module Overlay (204)
[2019.03.27-13.31.33:851][190]LogModuleManager: Shutting down and abandoning module OverlayEditor (203)
[2019.03.27-13.31.33:851][190]LogModuleManager: Shutting down and abandoning module VREditor (200)
[2019.03.27-13.31.33:871][190]LogModuleManager: Shutting down and abandoning module StringTableEditor (198)
[2019.03.27-13.31.33:889][190]LogModuleManager: Shutting down and abandoning module GameplayTasksEditor (196)
[2019.03.27-13.31.33:889][190]LogModuleManager: Shutting down and abandoning module BehaviorTreeEditor (194)
[2019.03.27-13.31.33:902][190]LogModuleManager: Shutting down and abandoning module FunctionalTesting (192)
[2019.03.27-13.31.33:902][190]LogModuleManager: Shutting down and abandoning module CollisionAnalyzer (190)
[2019.03.27-13.31.33:902][190]LogModuleManager: Shutting down and abandoning module WorkspaceMenuStructure (189)
[2019.03.27-13.31.33:902][190]LogModuleManager: Shutting down and abandoning module UMG (186)
[2019.03.27-13.31.33:902][190]LogModuleManager: Shutting down and abandoning module UMGEditor (185)
[2019.03.27-13.31.33:902][190]LogModuleManager: Shutting down and abandoning module Sequencer (184)
[2019.03.27-13.31.33:909][190]LogModuleManager: Shutting down and abandoning module MessageLog (181)
[2019.03.27-13.31.33:909][190]LogModuleManager: Shutting down and abandoning module SlateReflector (176)
[2019.03.27-13.31.33:943][190]LogModuleManager: Shutting down and abandoning module Slate (174)
[2019.03.27-13.31.33:943][190]LogModuleManager: Shutting down and abandoning module EditorStyle (172)
[2019.03.27-13.31.33:944][190]LogModuleManager: Shutting down and abandoning module MRMesh (170)
[2019.03.27-13.31.33:944][190]LogModuleManager: Shutting down and abandoning module Messaging (168)
[2019.03.27-13.31.33:944][190]LogModuleManager: Shutting down and abandoning module SourceCodeAccess (166)
[2019.03.27-13.31.33:944][190]LogModuleManager: Shutting down and abandoning module HeadMountedDisplay (164)
[2019.03.27-13.31.33:944][190]LogModuleManager: Shutting down and abandoning module XAudio2 (162)
[2019.03.27-13.31.33:944][190]LogModuleManager: Shutting down and abandoning module Networking (160)
[2019.03.27-13.31.33:944][190]LogModuleManager: Shutting down and abandoning module Core (158)
[2019.03.27-13.31.33:944][190]LogModuleManager: Shutting down and abandoning module LevelSequence (156)
[2019.03.27-13.31.33:944][190]LogModuleManager: Shutting down and abandoning module KismetCompiler (154)
[2019.03.27-13.31.33:944][190]LogModuleManager: Shutting down and abandoning module MeshUtilities (152)
[2019.03.27-13.31.33:944][190]LogModuleManager: Shutting down and abandoning module MeshMergeUtilities (151)
[2019.03.27-13.31.33:944][190]LogModuleManager: Shutting down and abandoning module MeshReductionInterface (150)
[2019.03.27-13.31.33:944][190]LogModuleManager: Shutting down and abandoning module SimplygonSwarm (149)
[2019.03.27-13.31.33:962][190]LogModuleManager: Shutting down and abandoning module ProxyLODMeshReduction (147)
[2019.03.27-13.31.33:980][190]LogModuleManager: Shutting down and abandoning module SimplygonMeshReduction (145)
[2019.03.27-13.31.33:980][190]LogModuleManager: Shutting down and abandoning module QuadricMeshReduction (143)
[2019.03.27-13.31.33:980][190]LogModuleManager: Shutting down and abandoning module MaterialBaking (139)
[2019.03.27-13.31.33:998][190]LogModuleManager: Shutting down and abandoning module PIEPreviewDeviceProfileSelector (134)
[2019.03.27-13.31.33:998][190]LogModuleManager: Shutting down and abandoning module DerivedDataCache (132)
[2019.03.27-13.31.34:243][190]LogDerivedDataCache: Shutdown
[2019.03.27-13.31.34:243][190]LogModuleManager: Shutting down and abandoning module XGEController (130)
[2019.03.27-13.31.34:243][190]LogModuleManager: Shutting down and abandoning module TargetPlatform (128)
[2019.03.27-13.31.34:243][190]LogModuleManager: Shutting down and abandoning module VulkanShaderFormat (127)
[2019.03.27-13.31.34:243][190]LogModuleManager: Shutting down and abandoning module ShaderFormatVectorVM (125)
[2019.03.27-13.31.34:243][190]LogModuleManager: Shutting down and abandoning module ShaderFormatOpenGL (123)
[2019.03.27-13.31.34:255][190]LogModuleManager: Shutting down and abandoning module ShaderFormatD3D (121)
[2019.03.27-13.31.34:255][190]LogModuleManager: Shutting down and abandoning module MetalShaderFormat (119)
[2019.03.27-13.31.34:265][190]LogModuleManager: Shutting down and abandoning module TextureFormatUncompressed (117)
[2019.03.27-13.31.34:265][190]LogModuleManager: Shutting down and abandoning module TextureFormatPVR (115)
[2019.03.27-13.31.34:265][190]LogModuleManager: Shutting down and abandoning module TextureFormatDXT (113)
[2019.03.27-13.31.34:265][190]LogModuleManager: Shutting down and abandoning module TextureFormatIntelISPCTexComp (111)
[2019.03.27-13.31.34:265][190]LogModuleManager: Shutting down and abandoning module TextureFormatASTC (109)
[2019.03.27-13.31.34:266][190]LogModuleManager: Shutting down and abandoning module ImageWrapper (108)
[2019.03.27-13.31.34:266][190]LogModuleManager: Shutting down and abandoning module TextureFormatAndroid (105)
[2019.03.27-13.31.34:266][190]LogModuleManager: Shutting down and abandoning module AudioFormatOpus (103)
[2019.03.27-13.31.34:266][190]LogModuleManager: Shutting down and abandoning module AudioFormatOgg (101)
[2019.03.27-13.31.34:266][190]LogModuleManager: Shutting down and abandoning module AudioFormatADPCM (99)
[2019.03.27-13.31.34:266][190]LogModuleManager: Shutting down and abandoning module WindowsTargetPlatform (97)
[2019.03.27-13.31.34:266][190]LogModuleManager: Shutting down and abandoning module WindowsServerTargetPlatform (95)
[2019.03.27-13.31.34:266][190]LogModuleManager: Shutting down and abandoning module WindowsNoEditorTargetPlatform (93)
[2019.03.27-13.31.34:266][190]LogModuleManager: Shutting down and abandoning module WindowsClientTargetPlatform (91)
[2019.03.27-13.31.34:266][190]LogModuleManager: Shutting down and abandoning module InputCore (88)
[2019.03.27-13.31.34:266][190]LogModuleManager: Shutting down and abandoning module Settings (86)
[2019.03.27-13.31.34:266][190]LogModuleManager: Shutting down and abandoning module PhysXCooking (84)
[2019.03.27-13.31.34:266][190]LogModuleManager: Shutting down and abandoning module SteamVR (82)
[2019.03.27-13.31.34:266][190]LogHMD: Freeing OpenVRDLLHandle.
[2019.03.27-13.31.34:266][190]LogModuleManager: Shutting down and abandoning module OculusHMD (80)
[2019.03.27-13.31.34:266][190]LogModuleManager: Shutting down and abandoning module ExampleDeviceProfileSelector (78)
[2019.03.27-13.31.34:266][190]LogModuleManager: Shutting down and abandoning module LauncherChunkInstaller (76)
[2019.03.27-13.31.34:266][190]LogModuleManager: Shutting down and abandoning module OnlineBlueprintSupport (74)
[2019.03.27-13.31.34:266][190]LogModuleManager: Shutting down and abandoning module OnlineSubsystem (70)
[2019.03.27-13.31.34:301][190]LogModuleManager: Shutting down and abandoning module XMPP (63)
[2019.03.27-13.31.34:368][190]LogModuleManager: Shutting down and abandoning module WebSockets (62)
[2019.03.27-13.31.34:390][190]LogModuleManager: Shutting down and abandoning module HTTP (59)
[2019.03.27-13.31.34:421][190]LogModuleManager: Shutting down and abandoning module SSL (58)
[2019.03.27-13.31.34:422][190]LogModuleManager: Shutting down and abandoning module MagicLeapIdentity (54)
[2019.03.27-13.31.34:422][190]LogModuleManager: Shutting down and abandoning module MagicLeapHelperVulkan (52)
[2019.03.27-13.31.34:422][190]LogModuleManager: Shutting down and abandoning module MagicLeapHelperOpenGL (50)
[2019.03.27-13.31.34:422][190]LogModuleManager: Shutting down and abandoning module MagicLeapSecureStorage (48)
[2019.03.27-13.31.34:422][190]LogModuleManager: Shutting down and abandoning module MagicLeapHandTracking (46)
[2019.03.27-13.31.34:422][190]LogModuleManager: Shutting down and abandoning module MagicLeapEyeTracker (44)
[2019.03.27-13.31.34:422][190]LogModuleManager: Shutting down and abandoning module MagicLeapController (42)
[2019.03.27-13.31.34:422][190]LogSlate: Slate User Destroyed.  User Index 0, Is Virtual User: 0
[2019.03.27-13.31.34:422][190]LogModuleManager: Shutting down and abandoning module MagicLeap (40)
[2019.03.27-13.31.34:422][190]LogModuleManager: Shutting down and abandoning module DatasmithContent (38)
[2019.03.27-13.31.34:422][190]LogModuleManager: Shutting down and abandoning module AnimationModifiers (36)
[2019.03.27-13.31.34:546][190]LogModuleManager: Shutting down and abandoning module PropertyEditor (35)
[2019.03.27-13.31.34:625][190]LogModuleManager: Shutting down and abandoning module AudioEditor (32)
[2019.03.27-13.31.34:651][190]LogModuleManager: Shutting down and abandoning module TextureCompressor (30)
[2019.03.27-13.31.34:651][190]LogModuleManager: Shutting down and abandoning module ShaderCore (28)
[2019.03.27-13.31.34:651][190]LogModuleManager: Shutting down and abandoning module Landscape (26)
[2019.03.27-13.31.34:651][190]LogModuleManager: Shutting down and abandoning module SlateRHIRenderer (24)
[2019.03.27-13.31.34:672][190]LogModuleManager: Shutting down and abandoning module OpenGLDrv (22)
[2019.03.27-13.31.34:735][190]LogModuleManager: Shutting down and abandoning module D3D11RHI (20)
[2019.03.27-13.31.34:735][190]LogModuleManager: Shutting down and abandoning module AnimGraphRuntime (18)
[2019.03.27-13.31.34:735][190]LogModuleManager: Shutting down and abandoning module Renderer (16)
[2019.03.27-13.31.34:736][190]LogModuleManager: Shutting down and abandoning module Engine (14)
[2019.03.27-13.31.34:736][190]LogModuleManager: Shutting down and abandoning module CoreUObject (12)
[2019.03.27-13.31.34:736][190]LogModuleManager: Shutting down and abandoning module NetworkFile (10)
[2019.03.27-13.31.34:736][190]LogModuleManager: Shutting down and abandoning module CookedIterativeFile (8)
[2019.03.27-13.31.34:736][190]LogModuleManager: Shutting down and abandoning module StreamingFile (6)
[2019.03.27-13.31.34:736][190]LogModuleManager: Shutting down and abandoning module SandboxFile (4)
[2019.03.27-13.31.34:736][190]LogModuleManager: Shutting down and abandoning module PakFile (2)
[2019.03.27-13.31.34:739][190]LogExit: Exiting.
[2019.03.27-13.31.34:745][190]Log file closed, 03/27/19 14:31:34
