Log file open, 03/26/19 17:11:36
LogWindows: Failed to load 'aqProf.dll' (GetLastError=126)
LogWindows: File 'aqProf.dll' does not exist
LogWindows: Failed to load 'VtuneApi.dll' (GetLastError=126)
LogWindows: File 'VtuneApi.dll' does not exist
LogWindows: Failed to load 'VtuneApi32e.dll' (GetLastError=126)
LogWindows: File 'VtuneApi32e.dll' does not exist
LogConsoleResponse: Display: Failed to find resolution value strings in scalability ini. Falling back to default.
LogInit: Display: Running engine for game: PixelArcade
LogPakFile: Registered encryption key '00000000000000000000000000000000': 0 pak files mounted, 0 remain pending
LogPlatformFile: Not using cached read wrapper
LogTaskGraph: Started task graph with 5 named threads and 23 total threads with 3 sets of task threads.
LogStats: Stats thread started at 3.079186
LogD3D11RHI: Loaded GFSDK_Aftermath_Lib.x64.dll
LogICUInternationalization: ICU TimeZone Detection - Raw Offset: +1:00, Platform Override: ''
LogPluginManager: Mounting plugin Paper2D
LogPluginManager: Mounting plugin AISupport
LogPluginManager: Mounting plugin LightPropagationVolume
LogPluginManager: Mounting plugin ActorLayerUtilities
LogPluginManager: Mounting plugin CLionSourceCodeAccess
LogPluginManager: Mounting plugin CodeLiteSourceCodeAccess
LogPluginManager: Mounting plugin GitSourceControl
LogPluginManager: Mounting plugin KDevelopSourceCodeAccess
LogPluginManager: Mounting plugin NullSourceCodeAccess
LogPluginManager: Mounting plugin PerforceSourceControl
LogPluginManager: Mounting plugin SubversionSourceControl
LogPluginManager: Mounting plugin UObjectPlugin
LogPluginManager: Mounting plugin VisualStudioCodeSourceCodeAccess
LogPluginManager: Mounting plugin VisualStudioSourceCodeAccess
LogPluginManager: Mounting plugin XCodeSourceCodeAccess
LogPluginManager: Mounting plugin AssetManagerEditor
LogPluginManager: Mounting plugin CryptoKeys
LogPluginManager: Mounting plugin DataValidation
LogPluginManager: Mounting plugin FacialAnimation
LogPluginManager: Mounting plugin GameplayTagsEditor
LogPluginManager: Mounting plugin MacGraphicsSwitching
LogPluginManager: Mounting plugin MeshEditor
LogPluginManager: Mounting plugin MobileLauncherProfileWizard
LogPluginManager: Mounting plugin PluginBrowser
LogPluginManager: Mounting plugin SpeedTreeImporter
LogPluginManager: Mounting plugin DatasmithContent
LogPluginManager: Mounting plugin VariantManagerContent
LogPluginManager: Mounting plugin AlembicImporter
LogPluginManager: Mounting plugin AppleImageUtils
LogPluginManager: Mounting plugin AppleVision
LogPluginManager: Mounting plugin BackChannel
LogPluginManager: Mounting plugin CharacterAI
LogPluginManager: Mounting plugin GeometryCache
LogPluginManager: Mounting plugin HTML5Networking
LogPluginManager: Mounting plugin ProxyLODPlugin
LogPluginManager: Mounting plugin MagicLeap
LogPluginManager: Mounting plugin MagicLeapMedia
LogPluginManager: Mounting plugin ProductivityTools
LogPluginManager: Mounting plugin SubsystemConfigurator
LogPluginManager: Mounting plugin AndroidMedia
LogPluginManager: Mounting plugin AvfMedia
LogPluginManager: Mounting plugin ImgMedia
LogPluginManager: Mounting plugin LinearTimecode
LogPluginManager: Mounting plugin MediaCompositing
LogPluginManager: Mounting plugin MediaPlayerEditor
LogPluginManager: Mounting plugin WebMMedia
LogPluginManager: Mounting plugin WmfMedia
LogPluginManager: Mounting plugin TcpMessaging
LogPluginManager: Mounting plugin UdpMessaging
LogPluginManager: Mounting plugin ActorSequence
LogPluginManager: Mounting plugin LevelSequenceEditor
LogPluginManager: Mounting plugin MatineeToLevelSequence
LogPluginManager: Mounting plugin NetcodeUnitTest
LogPluginManager: Mounting plugin NUTUnrealEngine4
LogPluginManager: Mounting plugin OnlineSubsystemGooglePlay
LogPluginManager: Mounting plugin OnlineSubsystemIOS
LogPluginManager: Mounting plugin OnlineSubsystem
LogPluginManager: Mounting plugin OnlineSubsystemNull
LogPluginManager: Mounting plugin OnlineSubsystemSteam
LogPluginManager: Mounting plugin OnlineSubsystemUtils
LogPluginManager: Mounting plugin LauncherChunkInstaller
LogPluginManager: Mounting plugin AndroidDeviceProfileSelector
LogPluginManager: Mounting plugin AndroidMoviePlayer
LogPluginManager: Mounting plugin AndroidPermission
LogPluginManager: Mounting plugin ApexDestruction
LogPluginManager: Mounting plugin AppleMoviePlayer
LogPluginManager: Mounting plugin ArchVisCharacter
LogPluginManager: Mounting plugin AudioCapture
LogPluginManager: Mounting plugin CableComponent
LogPluginManager: Mounting plugin CustomMeshComponent
LogPluginManager: Mounting plugin EditableMesh
LogPluginManager: Mounting plugin ExampleDeviceProfileSelector
LogPluginManager: Mounting plugin Firebase
LogPluginManager: Mounting plugin GoogleCloudMessaging
LogPluginManager: Mounting plugin IOSDeviceProfileSelector
LogPluginManager: Mounting plugin LinuxDeviceProfileSelector
LogPluginManager: Mounting plugin LocationServicesBPLibrary
LogPluginManager: Mounting plugin MobilePatchingUtils
LogPluginManager: Mounting plugin OculusVR
LogPluginManager: Mounting plugin PhysXVehicles
LogPluginManager: Mounting plugin ProceduralMeshComponent
LogPluginManager: Mounting plugin RuntimePhysXCooking
LogPluginManager: Mounting plugin SteamVR
LogPluginManager: Mounting plugin WebMMoviePlayer
LogPluginManager: Mounting plugin WindowsMoviePlayer
LogStreaming: Display: Took  0.211s to configure plugins.
LogInit: Using libcurl 7.55.1-DEV
LogInit:  - built for x86_64-pc-win32
LogInit:  - supports SSL with OpenSSL/1.0.2h
LogInit:  - supports HTTP deflate (compression) using libz 1.2.8
LogInit:  - other features:
LogInit:      CURL_VERSION_SSL
LogInit:      CURL_VERSION_LIBZ
LogInit:      CURL_VERSION_IPV6
LogInit:      CURL_VERSION_ASYNCHDNS
LogInit:      CURL_VERSION_LARGEFILE
LogInit:      CURL_VERSION_IDN
LogInit:  CurlRequestOptions (configurable via config and command line):
LogInit:  - bVerifyPeer = true  - Libcurl will verify peer certificate
LogInit:  - bUseHttpProxy = false  - Libcurl will NOT use HTTP proxy
LogInit:  - bDontReuseConnections = false  - Libcurl will reuse connections
LogInit:  - MaxHostConnections = 16  - Libcurl will limit the number of connections to a host
LogInit:  - LocalHostAddr = Default
LogInit:  - BufferSize = 65536
LogOnline: Display: STEAM: Loading Steam SDK 1.39
LogOnline: Warning: STEAM: Steam API disabled!
LogOnline: Display: STEAM: OnlineSubsystemSteam::Shutdown()
LogOnline: OSS: Unable to create OnlineSubsystem module Steam
LogInit: WinSock: version 1.1 (2.2), MaxSocks=32767, MaxUdp=65467
LogInit: Build: ++UE4+Release-4.21-CL-4753647
LogInit: Engine Version: 4.21.2-4753647+++UE4+Release-4.21
LogInit: Compatible Engine Version: 4.21.0-4541578+++UE4+Release-4.21
LogInit: Net CL: 4541578
LogInit: OS: Windows 10 (), CPU: Intel(R) Core(TM) i7-7700K CPU @ 4.20GHz, GPU: NVIDIA GeForce GTX 1080
LogInit: Compiled (64-bit): Jan 19 2019 02:07:31
LogInit: Compiled with Visual C++: 19.13.26129.00
LogInit: Build Configuration: Development
LogInit: Branch Name: ++UE4+Release-4.21
LogInit: Command Line: 
LogInit: Base Directory: D:/Program Files/Epic Games/UE_4.21/Engine/Binaries/Win64/
LogInit: Installed Engine Build: 1
LogDevObjectVersion: Number of dev versions registered: 22
LogDevObjectVersion:   Dev-Blueprints (B0D832E4-1F89-4F0D-ACCF-7EB736FD4AA2): 10
LogDevObjectVersion:   Dev-Build (E1C64328-A22C-4D53-A36C-8E866417BD8C): 0
LogDevObjectVersion:   Dev-Core (375EC13C-06E4-48FB-B500-84F0262A717E): 2
LogDevObjectVersion:   Dev-Editor (E4B068ED-F494-42E9-A231-DA0B2E46BB41): 26
LogDevObjectVersion:   Dev-Framework (CFFC743F-43B0-4480-9391-14DF171D2073): 34
LogDevObjectVersion:   Dev-Mobile (B02B49B5-BB20-44E9-A304-32B752E40360): 2
LogDevObjectVersion:   Dev-Networking (A4E4105C-59A1-49B5-A7C5-40C4547EDFEE): 0
LogDevObjectVersion:   Dev-Online (39C831C9-5AE6-47DC-9A44-9C173E1C8E7C): 0
LogDevObjectVersion:   Dev-Physics (78F01B33-EBEA-4F98-B9B4-84EACCB95AA2): 0
LogDevObjectVersion:   Dev-Platform (6631380F-2D4D-43E0-8009-CF276956A95A): 0
LogDevObjectVersion:   Dev-Rendering (12F88B9F-8875-4AFC-A67C-D90C383ABD29): 27
LogDevObjectVersion:   Dev-Sequencer (7B5AE74C-D270-4C10-A958-57980B212A5A): 9
LogDevObjectVersion:   Dev-VR (D7296918-1DD6-4BDD-9DE2-64A83CC13884): 2
LogDevObjectVersion:   Dev-LoadTimes (C2A15278-BFE7-4AFE-6C17-90FF531DF755): 1
LogDevObjectVersion:   Private-Geometry (6EACA3D4-40EC-4CC1-B786-8BED09428FC5): 3
LogDevObjectVersion:   Dev-AnimPhys (29E575DD-E0A3-4627-9D10-D276232CDCEA): 17
LogDevObjectVersion:   Dev-Anim (AF43A65D-7FD3-4947-9873-3E8ED9C1BB05): 2
LogDevObjectVersion:   Dev-ReflectionCapture (6B266CEC-1EC7-4B8F-A30B-E4D90942FC07): 1
LogDevObjectVersion:   Dev-Automation (0DF73D61-A23F-47EA-B727-89E90C41499A): 1
LogDevObjectVersion:   FortniteMain (601D1886-AC64-4F84-AA16-D3DE0DEAC7D6): 17
LogDevObjectVersion:   Dev-Enterprise (9DFFBCD6-494F-0158-E221-12823C92A888): 4
LogDevObjectVersion:   Dev-Niagara (F2AED0AC-9AFE-416F-8664-AA7FFA26D6FC): 1
LogStreaming: Display: Took  0.007s to delete old logs.
LogInit: Presizing for max 8388607 objects, including 0 objects not considered by GC, pre-allocating 0 bytes for permanent pool.
LogInit: Object subsystem initialized
LogConfig: Setting CVar [[con.DebugEarlyDefault:1]]
LogConfig: Setting CVar [[r.setres:1280x720]]
[2019.03.26-16.11.38:412][  0]LogConfig: Setting CVar [[r.VSync:0]]
[2019.03.26-16.11.38:412][  0]LogConfig: Setting CVar [[r.RHICmdBypass:0]]
[2019.03.26-16.11.38:412][  0]LogConfig: Applying CVar settings from Section [/Script/Engine.RendererSettings] File [C:/Users/joeym/OneDrive/Documenten/GitHub/PixelArcade/Saved/Config/Windows/Engine.ini]
[2019.03.26-16.11.38:412][  0]LogConfig: Setting CVar [[r.GPUCrashDebugging:0]]
[2019.03.26-16.11.38:412][  0]LogConfig: Applying CVar settings from Section [/Script/Engine.RendererOverrideSettings] File [C:/Users/joeym/OneDrive/Documenten/GitHub/PixelArcade/Saved/Config/Windows/Engine.ini]
[2019.03.26-16.11.38:412][  0]LogConfig: Applying CVar settings from Section [/Script/Engine.StreamingSettings] File [C:/Users/joeym/OneDrive/Documenten/GitHub/PixelArcade/Saved/Config/Windows/Engine.ini]
[2019.03.26-16.11.38:412][  0]LogConfig: Setting CVar [[s.MinBulkDataSizeForAsyncLoading:131072]]
[2019.03.26-16.11.38:412][  0]LogConfig: Setting CVar [[s.AsyncLoadingThreadEnabled:0]]
[2019.03.26-16.11.38:412][  0]LogConfig: Setting CVar [[s.EventDrivenLoaderEnabled:1]]
[2019.03.26-16.11.38:412][  0]LogConfig: Setting CVar [[s.WarnIfTimeLimitExceeded:0]]
[2019.03.26-16.11.38:412][  0]LogConfig: Setting CVar [[s.TimeLimitExceededMultiplier:1.5]]
[2019.03.26-16.11.38:412][  0]LogConfig: Setting CVar [[s.TimeLimitExceededMinTime:0.005]]
[2019.03.26-16.11.38:412][  0]LogConfig: Setting CVar [[s.UseBackgroundLevelStreaming:1]]
[2019.03.26-16.11.38:412][  0]LogConfig: Setting CVar [[s.PriorityAsyncLoadingExtraTime:15.0]]
[2019.03.26-16.11.38:412][  0]LogConfig: Setting CVar [[s.LevelStreamingActorsUpdateTimeLimit:5.0]]
[2019.03.26-16.11.38:412][  0]LogConfig: Setting CVar [[s.PriorityLevelStreamingActorsUpdateExtraTime:5.0]]
[2019.03.26-16.11.38:412][  0]LogConfig: Setting CVar [[s.LevelStreamingComponentsRegistrationGranularity:10]]
[2019.03.26-16.11.38:412][  0]LogConfig: Setting CVar [[s.UnregisterComponentsTimeLimit:1.0]]
[2019.03.26-16.11.38:412][  0]LogConfig: Setting CVar [[s.LevelStreamingComponentsUnregistrationGranularity:5]]
[2019.03.26-16.11.38:412][  0]LogConfig: Applying CVar settings from Section [/Script/Engine.GarbageCollectionSettings] File [C:/Users/joeym/OneDrive/Documenten/GitHub/PixelArcade/Saved/Config/Windows/Engine.ini]
[2019.03.26-16.11.38:412][  0]LogConfig: Setting CVar [[gc.MaxObjectsNotConsideredByGC:1]]
[2019.03.26-16.11.38:412][  0]LogConfig: Setting CVar [[gc.SizeOfPermanentObjectPool:0]]
[2019.03.26-16.11.38:412][  0]LogConfig: Setting CVar [[gc.FlushStreamingOnGC:0]]
[2019.03.26-16.11.38:412][  0]LogConfig: Setting CVar [[gc.NumRetriesBeforeForcingGC:10]]
[2019.03.26-16.11.38:412][  0]LogConfig: Setting CVar [[gc.AllowParallelGC:1]]
[2019.03.26-16.11.38:412][  0]LogConfig: Setting CVar [[gc.TimeBetweenPurgingPendingKillObjects:61.1]]
[2019.03.26-16.11.38:412][  0]LogConfig: Setting CVar [[gc.MaxObjectsInEditor:8388607]]
[2019.03.26-16.11.38:412][  0]LogConfig: Setting CVar [[gc.IncrementalBeginDestroyEnabled:1]]
[2019.03.26-16.11.38:412][  0]LogConfig: Setting CVar [[gc.CreateGCClusters:1]]
[2019.03.26-16.11.38:412][  0]LogConfig: Setting CVar [[gc.MergeGCClusters:0]]
[2019.03.26-16.11.38:412][  0]LogConfig: Setting CVar [[gc.MinGCClusterSize:5]]
[2019.03.26-16.11.38:412][  0]LogConfig: Setting CVar [[gc.ActorClusteringEnabled:0]]
[2019.03.26-16.11.38:412][  0]LogConfig: Setting CVar [[gc.BlueprintClusteringEnabled:0]]
[2019.03.26-16.11.38:412][  0]LogConfig: Setting CVar [[gc.UseDisregardForGCOnDedicatedServers:0]]
[2019.03.26-16.11.38:412][  0]LogConfig: Applying CVar settings from Section [/Script/Engine.NetworkSettings] File [C:/Users/joeym/OneDrive/Documenten/GitHub/PixelArcade/Saved/Config/Windows/Engine.ini]
[2019.03.26-16.11.38:412][  0]LogConfig: Applying CVar settings from Section [/Script/UnrealEd.CookerSettings] File [C:/Users/joeym/OneDrive/Documenten/GitHub/PixelArcade/Saved/Config/Windows/Engine.ini]
[2019.03.26-16.11.38:460][  0]LogConfig: Applying CVar settings from Section [ViewDistanceQuality@3] File [C:/Users/joeym/OneDrive/Documenten/GitHub/PixelArcade/Saved/Config/Windows/Scalability.ini]
[2019.03.26-16.11.38:460][  0]LogConfig: Setting CVar [[r.SkeletalMeshLODBias:0]]
[2019.03.26-16.11.38:460][  0]LogConfig: Setting CVar [[r.ViewDistanceScale:1.0]]
[2019.03.26-16.11.38:460][  0]LogConfig: Applying CVar settings from Section [AntiAliasingQuality@3] File [C:/Users/joeym/OneDrive/Documenten/GitHub/PixelArcade/Saved/Config/Windows/Scalability.ini]
[2019.03.26-16.11.38:460][  0]LogConfig: Setting CVar [[r.PostProcessAAQuality:4]]
[2019.03.26-16.11.38:460][  0]LogConfig: Applying CVar settings from Section [ShadowQuality@3] File [C:/Users/joeym/OneDrive/Documenten/GitHub/PixelArcade/Saved/Config/Windows/Scalability.ini]
[2019.03.26-16.11.38:460][  0]LogConfig: Setting CVar [[r.LightFunctionQuality:1]]
[2019.03.26-16.11.38:460][  0]LogConfig: Setting CVar [[r.ShadowQuality:5]]
[2019.03.26-16.11.38:460][  0]LogConfig: Setting CVar [[r.Shadow.CSM.MaxCascades:10]]
[2019.03.26-16.11.38:460][  0]LogConfig: Setting CVar [[r.Shadow.MaxResolution:2048]]
[2019.03.26-16.11.38:460][  0]LogConfig: Setting CVar [[r.Shadow.MaxCSMResolution:2048]]
[2019.03.26-16.11.38:460][  0]LogConfig: Setting CVar [[r.Shadow.RadiusThreshold:0.01]]
[2019.03.26-16.11.38:460][  0]LogConfig: Setting CVar [[r.Shadow.DistanceScale:1.0]]
[2019.03.26-16.11.38:460][  0]LogConfig: Setting CVar [[r.Shadow.CSM.TransitionScale:1.0]]
[2019.03.26-16.11.38:460][  0]LogConfig: Setting CVar [[r.Shadow.PreShadowResolutionFactor:1.0]]
[2019.03.26-16.11.38:460][  0]LogConfig: Setting CVar [[r.DistanceFieldShadowing:1]]
[2019.03.26-16.11.38:460][  0]LogConfig: Setting CVar [[r.DistanceFieldAO:1]]
[2019.03.26-16.11.38:460][  0]LogConfig: Setting CVar [[r.AOQuality:2]]
[2019.03.26-16.11.38:460][  0]LogConfig: Setting CVar [[r.VolumetricFog:1]]
[2019.03.26-16.11.38:460][  0]LogConfig: Setting CVar [[r.VolumetricFog.GridPixelSize:8]]
[2019.03.26-16.11.38:460][  0]LogConfig: Setting CVar [[r.VolumetricFog.GridSizeZ:128]]
[2019.03.26-16.11.38:460][  0]LogConfig: Setting CVar [[r.VolumetricFog.HistoryMissSupersampleCount:4]]
[2019.03.26-16.11.38:460][  0]LogConfig: Setting CVar [[r.LightMaxDrawDistanceScale:1]]
[2019.03.26-16.11.38:460][  0]LogConfig: Setting CVar [[r.CapsuleShadows:1]]
[2019.03.26-16.11.38:460][  0]LogConfig: Applying CVar settings from Section [PostProcessQuality@3] File [C:/Users/joeym/OneDrive/Documenten/GitHub/PixelArcade/Saved/Config/Windows/Scalability.ini]
[2019.03.26-16.11.38:460][  0]LogConfig: Setting CVar [[r.MotionBlurQuality:4]]
[2019.03.26-16.11.38:460][  0]LogConfig: Setting CVar [[r.AmbientOcclusionMipLevelFactor:0.4]]
[2019.03.26-16.11.38:460][  0]LogConfig: Setting CVar [[r.AmbientOcclusionMaxQuality:100]]
[2019.03.26-16.11.38:460][  0]LogConfig: Setting CVar [[r.AmbientOcclusionLevels:-1]]
[2019.03.26-16.11.38:460][  0]LogConfig: Setting CVar [[r.AmbientOcclusionRadiusScale:1.0]]
[2019.03.26-16.11.38:461][  0]LogConfig: Setting CVar [[r.DepthOfFieldQuality:2]]
[2019.03.26-16.11.38:461][  0]LogConfig: Setting CVar [[r.RenderTargetPoolMin:400]]
[2019.03.26-16.11.38:461][  0]LogConfig: Setting CVar [[r.LensFlareQuality:2]]
[2019.03.26-16.11.38:461][  0]LogConfig: Setting CVar [[r.SceneColorFringeQuality:1]]
[2019.03.26-16.11.38:461][  0]LogConfig: Setting CVar [[r.EyeAdaptationQuality:2]]
[2019.03.26-16.11.38:461][  0]LogConfig: Setting CVar [[r.BloomQuality:5]]
[2019.03.26-16.11.38:461][  0]LogConfig: Setting CVar [[r.FastBlurThreshold:100]]
[2019.03.26-16.11.38:461][  0]LogConfig: Setting CVar [[r.Upscale.Quality:3]]
[2019.03.26-16.11.38:461][  0]LogConfig: Setting CVar [[r.Tonemapper.GrainQuantization:1]]
[2019.03.26-16.11.38:461][  0]LogConfig: Setting CVar [[r.LightShaftQuality:1]]
[2019.03.26-16.11.38:461][  0]LogConfig: Setting CVar [[r.Filter.SizeScale:1]]
[2019.03.26-16.11.38:461][  0]LogConfig: Setting CVar [[r.Tonemapper.Quality:5]]
[2019.03.26-16.11.38:461][  0]LogConfig: Setting CVar [[r.DOF.Gather.AccumulatorQuality:1        ; higher gathering accumulator quality]]
[2019.03.26-16.11.38:461][  0]LogConfig: Setting CVar [[r.DOF.Gather.PostfilterMethod:1          ; Median3x3 postfilering method]]
[2019.03.26-16.11.38:461][  0]LogConfig: Setting CVar [[r.DOF.Gather.EnableBokehSettings:0       ; no bokeh simulation when gathering]]
[2019.03.26-16.11.38:461][  0]LogConfig: Setting CVar [[r.DOF.Gather.RingCount:4                 ; medium number of samples when gathering]]
[2019.03.26-16.11.38:461][  0]LogConfig: Setting CVar [[r.DOF.Scatter.ForegroundCompositing:1    ; additive foreground scattering]]
[2019.03.26-16.11.38:461][  0]LogConfig: Setting CVar [[r.DOF.Scatter.BackgroundCompositing:2    ; additive background scattering]]
[2019.03.26-16.11.38:461][  0]LogConfig: Setting CVar [[r.DOF.Scatter.EnableBokehSettings:1      ; bokeh simulation when scattering]]
[2019.03.26-16.11.38:461][  0]LogConfig: Setting CVar [[r.DOF.Scatter.MaxSpriteRatio:0.1         ; only a maximum of 10% of scattered bokeh]]
[2019.03.26-16.11.38:461][  0]LogConfig: Setting CVar [[r.DOF.Recombine.Quality:1                ; cheap slight out of focus]]
[2019.03.26-16.11.38:461][  0]LogConfig: Setting CVar [[r.DOF.Recombine.EnableBokehSettings:0    ; no bokeh simulation on slight out of focus]]
[2019.03.26-16.11.38:461][  0]LogConfig: Setting CVar [[r.DOF.TemporalAAQuality:1                ; more stable temporal accumulation]]
[2019.03.26-16.11.38:461][  0]LogConfig: Setting CVar [[r.DOF.Kernel.MaxForegroundRadius:0.025]]
[2019.03.26-16.11.38:461][  0]LogConfig: Setting CVar [[r.DOF.Kernel.MaxBackgroundRadius:0.025]]
[2019.03.26-16.11.38:461][  0]LogConfig: Applying CVar settings from Section [TextureQuality@3] File [C:/Users/joeym/OneDrive/Documenten/GitHub/PixelArcade/Saved/Config/Windows/Scalability.ini]
[2019.03.26-16.11.38:461][  0]LogConfig: Setting CVar [[r.Streaming.MipBias:0]]
[2019.03.26-16.11.38:461][  0]LogConfig: Setting CVar [[r.Streaming.AmortizeCPUToGPUCopy:0]]
[2019.03.26-16.11.38:461][  0]LogConfig: Setting CVar [[r.Streaming.MaxNumTexturesToStreamPerFrame:0]]
[2019.03.26-16.11.38:461][  0]LogConfig: Setting CVar [[r.Streaming.Boost:1]]
[2019.03.26-16.11.38:461][  0]LogConfig: Setting CVar [[r.MaxAnisotropy:8]]
[2019.03.26-16.11.38:461][  0]LogConfig: Setting CVar [[r.Streaming.LimitPoolSizeToVRAM:0]]
[2019.03.26-16.11.38:461][  0]LogConfig: Setting CVar [[r.Streaming.PoolSize:1000]]
[2019.03.26-16.11.38:461][  0]LogConfig: Setting CVar [[r.Streaming.MaxEffectiveScreenSize:0]]
[2019.03.26-16.11.38:461][  0]LogConfig: Applying CVar settings from Section [EffectsQuality@3] File [C:/Users/joeym/OneDrive/Documenten/GitHub/PixelArcade/Saved/Config/Windows/Scalability.ini]
[2019.03.26-16.11.38:461][  0]LogConfig: Setting CVar [[r.TranslucencyLightingVolumeDim:64]]
[2019.03.26-16.11.38:461][  0]LogConfig: Setting CVar [[r.RefractionQuality:2]]
[2019.03.26-16.11.38:461][  0]LogConfig: Setting CVar [[r.SSR.Quality:3]]
[2019.03.26-16.11.38:461][  0]LogConfig: Setting CVar [[r.SceneColorFormat:4]]
[2019.03.26-16.11.38:461][  0]LogConfig: Setting CVar [[r.DetailMode:2]]
[2019.03.26-16.11.38:461][  0]LogConfig: Setting CVar [[r.TranslucencyVolumeBlur:1]]
[2019.03.26-16.11.38:461][  0]LogConfig: Setting CVar [[r.MaterialQualityLevel:1 ; High quality]]
[2019.03.26-16.11.38:461][  0]LogConfig: Setting CVar [[r.SSS.Scale:1]]
[2019.03.26-16.11.38:461][  0]LogConfig: Setting CVar [[r.SSS.SampleSet:2]]
[2019.03.26-16.11.38:461][  0]LogConfig: Setting CVar [[r.SSS.Quality:1]]
[2019.03.26-16.11.38:461][  0]LogConfig: Setting CVar [[r.SSS.HalfRes:1]]
[2019.03.26-16.11.38:461][  0]LogConfig: Setting CVar [[r.EmitterSpawnRateScale:1.0]]
[2019.03.26-16.11.38:461][  0]LogConfig: Setting CVar [[r.ParticleLightQuality:2]]
[2019.03.26-16.11.38:461][  0]LogConfig: Applying CVar settings from Section [FoliageQuality@3] File [C:/Users/joeym/OneDrive/Documenten/GitHub/PixelArcade/Saved/Config/Windows/Scalability.ini]
[2019.03.26-16.11.38:461][  0]LogConfig: Setting CVar [[foliage.DensityScale:1.0]]
[2019.03.26-16.11.38:461][  0]LogConfig: Setting CVar [[grass.DensityScale:1.0]]
[2019.03.26-16.11.38:470][  0]LogInit: Selected Device Profile: [Windows]
[2019.03.26-16.11.38:471][  0]LogInit: Applying CVar settings loaded from the selected device profile: [Windows]
[2019.03.26-16.11.38:513][  0]LogHAL: Display: Platform has ~ 16 GB [17106059264 / 17179869184 / 16], which maps to Larger [LargestMinGB=32, LargerMinGB=12, DefaultMinGB=8, SmallerMinGB=6, SmallestMinGB=0)
[2019.03.26-16.11.38:523][  0]LogConfig: Setting CVar [[r.Vulkan.UseRealUBs:1]]
[2019.03.26-16.11.38:523][  0]LogInit: Going up to parent DeviceProfile []
[2019.03.26-16.11.38:523][  0]LogConfig: Applying CVar settings from Section [ViewDistanceQuality@3] File [C:/Users/joeym/OneDrive/Documenten/GitHub/PixelArcade/Saved/Config/Windows/Scalability.ini]
[2019.03.26-16.11.38:523][  0]LogConfig: Setting CVar [[r.SkeletalMeshLODBias:0]]
[2019.03.26-16.11.38:523][  0]LogConfig: Setting CVar [[r.ViewDistanceScale:1.0]]
[2019.03.26-16.11.38:523][  0]LogConfig: Applying CVar settings from Section [AntiAliasingQuality@3] File [C:/Users/joeym/OneDrive/Documenten/GitHub/PixelArcade/Saved/Config/Windows/Scalability.ini]
[2019.03.26-16.11.38:523][  0]LogConfig: Setting CVar [[r.PostProcessAAQuality:4]]
[2019.03.26-16.11.38:523][  0]LogConfig: Applying CVar settings from Section [ShadowQuality@3] File [C:/Users/joeym/OneDrive/Documenten/GitHub/PixelArcade/Saved/Config/Windows/Scalability.ini]
[2019.03.26-16.11.38:523][  0]LogConfig: Setting CVar [[r.LightFunctionQuality:1]]
[2019.03.26-16.11.38:523][  0]LogConfig: Setting CVar [[r.ShadowQuality:5]]
[2019.03.26-16.11.38:523][  0]LogConfig: Setting CVar [[r.Shadow.CSM.MaxCascades:10]]
[2019.03.26-16.11.38:523][  0]LogConfig: Setting CVar [[r.Shadow.MaxResolution:2048]]
[2019.03.26-16.11.38:523][  0]LogConfig: Setting CVar [[r.Shadow.MaxCSMResolution:2048]]
[2019.03.26-16.11.38:523][  0]LogConfig: Setting CVar [[r.Shadow.RadiusThreshold:0.01]]
[2019.03.26-16.11.38:523][  0]LogConfig: Setting CVar [[r.Shadow.DistanceScale:1.0]]
[2019.03.26-16.11.38:523][  0]LogConfig: Setting CVar [[r.Shadow.CSM.TransitionScale:1.0]]
[2019.03.26-16.11.38:523][  0]LogConfig: Setting CVar [[r.Shadow.PreShadowResolutionFactor:1.0]]
[2019.03.26-16.11.38:523][  0]LogConfig: Setting CVar [[r.DistanceFieldShadowing:1]]
[2019.03.26-16.11.38:523][  0]LogConfig: Setting CVar [[r.DistanceFieldAO:1]]
[2019.03.26-16.11.38:523][  0]LogConfig: Setting CVar [[r.AOQuality:2]]
[2019.03.26-16.11.38:523][  0]LogConfig: Setting CVar [[r.VolumetricFog:1]]
[2019.03.26-16.11.38:523][  0]LogConfig: Setting CVar [[r.VolumetricFog.GridPixelSize:8]]
[2019.03.26-16.11.38:523][  0]LogConfig: Setting CVar [[r.VolumetricFog.GridSizeZ:128]]
[2019.03.26-16.11.38:523][  0]LogConfig: Setting CVar [[r.VolumetricFog.HistoryMissSupersampleCount:4]]
[2019.03.26-16.11.38:523][  0]LogConfig: Setting CVar [[r.LightMaxDrawDistanceScale:1]]
[2019.03.26-16.11.38:523][  0]LogConfig: Setting CVar [[r.CapsuleShadows:1]]
[2019.03.26-16.11.38:523][  0]LogConfig: Applying CVar settings from Section [PostProcessQuality@3] File [C:/Users/joeym/OneDrive/Documenten/GitHub/PixelArcade/Saved/Config/Windows/Scalability.ini]
[2019.03.26-16.11.38:523][  0]LogConfig: Setting CVar [[r.MotionBlurQuality:4]]
[2019.03.26-16.11.38:523][  0]LogConfig: Setting CVar [[r.AmbientOcclusionMipLevelFactor:0.4]]
[2019.03.26-16.11.38:523][  0]LogConfig: Setting CVar [[r.AmbientOcclusionMaxQuality:100]]
[2019.03.26-16.11.38:523][  0]LogConfig: Setting CVar [[r.AmbientOcclusionLevels:-1]]
[2019.03.26-16.11.38:523][  0]LogConfig: Setting CVar [[r.AmbientOcclusionRadiusScale:1.0]]
[2019.03.26-16.11.38:523][  0]LogConfig: Setting CVar [[r.DepthOfFieldQuality:2]]
[2019.03.26-16.11.38:523][  0]LogConfig: Setting CVar [[r.RenderTargetPoolMin:400]]
[2019.03.26-16.11.38:523][  0]LogConfig: Setting CVar [[r.LensFlareQuality:2]]
[2019.03.26-16.11.38:523][  0]LogConfig: Setting CVar [[r.SceneColorFringeQuality:1]]
[2019.03.26-16.11.38:523][  0]LogConfig: Setting CVar [[r.EyeAdaptationQuality:2]]
[2019.03.26-16.11.38:523][  0]LogConfig: Setting CVar [[r.BloomQuality:5]]
[2019.03.26-16.11.38:523][  0]LogConfig: Setting CVar [[r.FastBlurThreshold:100]]
[2019.03.26-16.11.38:523][  0]LogConfig: Setting CVar [[r.Upscale.Quality:3]]
[2019.03.26-16.11.38:523][  0]LogConfig: Setting CVar [[r.Tonemapper.GrainQuantization:1]]
[2019.03.26-16.11.38:523][  0]LogConfig: Setting CVar [[r.LightShaftQuality:1]]
[2019.03.26-16.11.38:523][  0]LogConfig: Setting CVar [[r.Filter.SizeScale:1]]
[2019.03.26-16.11.38:523][  0]LogConfig: Setting CVar [[r.Tonemapper.Quality:5]]
[2019.03.26-16.11.38:523][  0]LogConfig: Setting CVar [[r.DOF.Gather.AccumulatorQuality:1        ; higher gathering accumulator quality]]
[2019.03.26-16.11.38:523][  0]LogConfig: Setting CVar [[r.DOF.Gather.PostfilterMethod:1          ; Median3x3 postfilering method]]
[2019.03.26-16.11.38:523][  0]LogConfig: Setting CVar [[r.DOF.Gather.EnableBokehSettings:0       ; no bokeh simulation when gathering]]
[2019.03.26-16.11.38:523][  0]LogConfig: Setting CVar [[r.DOF.Gather.RingCount:4                 ; medium number of samples when gathering]]
[2019.03.26-16.11.38:523][  0]LogConfig: Setting CVar [[r.DOF.Scatter.ForegroundCompositing:1    ; additive foreground scattering]]
[2019.03.26-16.11.38:523][  0]LogConfig: Setting CVar [[r.DOF.Scatter.BackgroundCompositing:2    ; additive background scattering]]
[2019.03.26-16.11.38:523][  0]LogConfig: Setting CVar [[r.DOF.Scatter.EnableBokehSettings:1      ; bokeh simulation when scattering]]
[2019.03.26-16.11.38:523][  0]LogConfig: Setting CVar [[r.DOF.Scatter.MaxSpriteRatio:0.1         ; only a maximum of 10% of scattered bokeh]]
[2019.03.26-16.11.38:523][  0]LogConfig: Setting CVar [[r.DOF.Recombine.Quality:1                ; cheap slight out of focus]]
[2019.03.26-16.11.38:523][  0]LogConfig: Setting CVar [[r.DOF.Recombine.EnableBokehSettings:0    ; no bokeh simulation on slight out of focus]]
[2019.03.26-16.11.38:523][  0]LogConfig: Setting CVar [[r.DOF.TemporalAAQuality:1                ; more stable temporal accumulation]]
[2019.03.26-16.11.38:523][  0]LogConfig: Setting CVar [[r.DOF.Kernel.MaxForegroundRadius:0.025]]
[2019.03.26-16.11.38:523][  0]LogConfig: Setting CVar [[r.DOF.Kernel.MaxBackgroundRadius:0.025]]
[2019.03.26-16.11.38:523][  0]LogConfig: Applying CVar settings from Section [TextureQuality@3] File [C:/Users/joeym/OneDrive/Documenten/GitHub/PixelArcade/Saved/Config/Windows/Scalability.ini]
[2019.03.26-16.11.38:523][  0]LogConfig: Setting CVar [[r.Streaming.MipBias:0]]
[2019.03.26-16.11.38:523][  0]LogConfig: Setting CVar [[r.Streaming.AmortizeCPUToGPUCopy:0]]
[2019.03.26-16.11.38:523][  0]LogConfig: Setting CVar [[r.Streaming.MaxNumTexturesToStreamPerFrame:0]]
[2019.03.26-16.11.38:523][  0]LogConfig: Setting CVar [[r.Streaming.Boost:1]]
[2019.03.26-16.11.38:523][  0]LogConfig: Setting CVar [[r.MaxAnisotropy:8]]
[2019.03.26-16.11.38:523][  0]LogConfig: Setting CVar [[r.Streaming.LimitPoolSizeToVRAM:0]]
[2019.03.26-16.11.38:523][  0]LogConfig: Setting CVar [[r.Streaming.PoolSize:1000]]
[2019.03.26-16.11.38:523][  0]LogConfig: Setting CVar [[r.Streaming.MaxEffectiveScreenSize:0]]
[2019.03.26-16.11.38:523][  0]LogConfig: Applying CVar settings from Section [EffectsQuality@3] File [C:/Users/joeym/OneDrive/Documenten/GitHub/PixelArcade/Saved/Config/Windows/Scalability.ini]
[2019.03.26-16.11.38:523][  0]LogConfig: Setting CVar [[r.TranslucencyLightingVolumeDim:64]]
[2019.03.26-16.11.38:523][  0]LogConfig: Setting CVar [[r.RefractionQuality:2]]
[2019.03.26-16.11.38:523][  0]LogConfig: Setting CVar [[r.SSR.Quality:3]]
[2019.03.26-16.11.38:523][  0]LogConfig: Setting CVar [[r.SceneColorFormat:4]]
[2019.03.26-16.11.38:523][  0]LogConfig: Setting CVar [[r.DetailMode:2]]
[2019.03.26-16.11.38:523][  0]LogConfig: Setting CVar [[r.TranslucencyVolumeBlur:1]]
[2019.03.26-16.11.38:523][  0]LogConfig: Setting CVar [[r.MaterialQualityLevel:1 ; High quality]]
[2019.03.26-16.11.38:523][  0]LogConfig: Setting CVar [[r.SSS.Scale:1]]
[2019.03.26-16.11.38:523][  0]LogConfig: Setting CVar [[r.SSS.SampleSet:2]]
[2019.03.26-16.11.38:523][  0]LogConfig: Setting CVar [[r.SSS.Quality:1]]
[2019.03.26-16.11.38:523][  0]LogConfig: Setting CVar [[r.SSS.HalfRes:1]]
[2019.03.26-16.11.38:523][  0]LogConfig: Setting CVar [[r.EmitterSpawnRateScale:1.0]]
[2019.03.26-16.11.38:523][  0]LogConfig: Setting CVar [[r.ParticleLightQuality:2]]
[2019.03.26-16.11.38:523][  0]LogConfig: Applying CVar settings from Section [FoliageQuality@3] File [C:/Users/joeym/OneDrive/Documenten/GitHub/PixelArcade/Saved/Config/Windows/Scalability.ini]
[2019.03.26-16.11.38:523][  0]LogConfig: Setting CVar [[foliage.DensityScale:1.0]]
[2019.03.26-16.11.38:523][  0]LogConfig: Setting CVar [[grass.DensityScale:1.0]]
[2019.03.26-16.11.38:523][  0]LogConfig: Applying CVar settings from Section [Startup] File [../../../Engine/Config/ConsoleVariables.ini]
[2019.03.26-16.11.38:546][  0]LogConfig: Setting CVar [[net.UseAdaptiveNetUpdateFrequency:0]]
[2019.03.26-16.11.38:546][  0]LogConfig: Applying CVar settings from Section [ConsoleVariables] File [C:/Users/joeym/OneDrive/Documenten/GitHub/PixelArcade/Saved/Config/Windows/Engine.ini]
[2019.03.26-16.11.38:562][  0]LogInit: Computer: JOEYCOMPUTER
[2019.03.26-16.11.38:562][  0]LogInit: User: joeym
[2019.03.26-16.11.38:562][  0]LogInit: CPU Page size=4096, Cores=4
[2019.03.26-16.11.38:562][  0]LogInit: High frequency timer resolution =10.000000 MHz
[2019.03.26-16.11.38:571][  0]LogMemory: Memory total: Physical=15.9GB (16GB approx)
[2019.03.26-16.11.38:571][  0]LogMemory: Platform Memory Stats for Windows
[2019.03.26-16.11.38:571][  0]LogMemory: Process Physical Memory: 104.09 MB used, 104.09 MB peak
[2019.03.26-16.11.38:571][  0]LogMemory: Process Virtual Memory: 89.81 MB used, 89.81 MB peak
[2019.03.26-16.11.38:571][  0]LogMemory: Physical Memory: 5449.41 MB used,  10864.20 MB free, 16313.61 MB total
[2019.03.26-16.11.38:571][  0]LogMemory: Virtual Memory: 4649.68 MB used,  134213080.00 MB free, 134217728.00 MB total
[2019.03.26-16.11.39:200][  0]LogInit: Using OS detected language (nl-NL).
[2019.03.26-16.11.39:200][  0]LogInit: Using OS detected locale (nl-NL).
[2019.03.26-16.11.39:235][  0]LogTextLocalizationManager: No localization for 'nl-NL' exists, so 'en' will be used for the language.
[2019.03.26-16.11.39:973][  0]LogStreaming: Display: Took  0.766s to InitEngineTextLocalization.
[2019.03.26-16.11.39:980][  0]LogInit: Setting process to per monitor DPI aware
[2019.03.26-16.11.40:678][  0]LogSlate: New Slate User Created.  User Index 0, Is Virtual User: 0
[2019.03.26-16.11.40:678][  0]LogSlate: Slate User Registered.  User Index 0, Is Virtual User: 0
[2019.03.26-16.11.43:032][  0]LogHMD: Failed to initialize OpenVR with code 110
[2019.03.26-16.11.43:032][  0]LogD3D11RHI: D3D11 adapters:
[2019.03.26-16.11.43:086][  0]LogD3D11RHI:    0. 'NVIDIA GeForce GTX 1080' (Feature Level 11_0)
[2019.03.26-16.11.43:086][  0]LogD3D11RHI:       8079/0/8156 MB DedicatedVideo/DedicatedSystem/SharedSystem, Outputs:3, VendorId:0x10de
[2019.03.26-16.11.43:088][  0]LogD3D11RHI:    1. 'Microsoft Basic Render Driver' (Feature Level 11_0)
[2019.03.26-16.11.43:088][  0]LogD3D11RHI:       0/0/8156 MB DedicatedVideo/DedicatedSystem/SharedSystem, Outputs:0, VendorId:0x1414
[2019.03.26-16.11.43:088][  0]LogD3D11RHI: Chosen D3D11 Adapter: 0
[2019.03.26-16.11.43:112][  0]LogD3D11RHI: Creating new Direct3DDevice
[2019.03.26-16.11.43:112][  0]LogD3D11RHI:     GPU DeviceId: 0x1b80 (for the marketing name, search the web for "GPU Device Id")
[2019.03.26-16.11.43:112][  0]LogWindows: EnumDisplayDevices:
[2019.03.26-16.11.43:112][  0]LogWindows:    0. 'NVIDIA GeForce GTX 1080' (P:1 D:1)
[2019.03.26-16.11.43:113][  0]LogWindows:    1. 'NVIDIA GeForce GTX 1080' (P:0 D:1)
[2019.03.26-16.11.43:113][  0]LogWindows:    2. 'NVIDIA GeForce GTX 1080' (P:0 D:1)
[2019.03.26-16.11.43:113][  0]LogWindows:    3. 'NVIDIA GeForce GTX 1080' (P:0 D:0)
[2019.03.26-16.11.43:113][  0]LogWindows: DebugString: FoundDriverCount:4 
[2019.03.26-16.11.43:113][  0]LogD3D11RHI:     Adapter Name: NVIDIA GeForce GTX 1080
[2019.03.26-16.11.43:114][  0]LogD3D11RHI:   Driver Version: 419.17 (internal:25.21.14.1917, unified:419.17)
[2019.03.26-16.11.43:114][  0]LogD3D11RHI:      Driver Date: 2-20-2019
[2019.03.26-16.11.43:115][  0]LogRHI: Texture pool is 5655 MB (70% of 8079 MB)
[2019.03.26-16.11.43:143][  0]LogD3D11RHI: Async texture creation enabled
[2019.03.26-16.11.43:346][  0]LogD3D11RHI: GPU Timing Frequency: 1000.000000 (Debug: 2 1)
[2019.03.26-16.11.44:135][  0]LogTemp: Display: Loaded TP AllDesktopTargetPlatform
[2019.03.26-16.11.44:168][  0]LogTemp: Display: Loaded TP MacClientTargetPlatform
[2019.03.26-16.11.44:193][  0]LogTemp: Display: Loaded TP MacNoEditorTargetPlatform
[2019.03.26-16.11.44:211][  0]LogTemp: Display: Loaded TP MacServerTargetPlatform
[2019.03.26-16.11.44:252][  0]LogTemp: Display: Loaded TP MacTargetPlatform
[2019.03.26-16.11.44:340][  0]LogTemp: Display: Loaded TP WindowsClientTargetPlatform
[2019.03.26-16.11.44:358][  0]LogTemp: Display: Loaded TP WindowsNoEditorTargetPlatform
[2019.03.26-16.11.44:376][  0]LogTemp: Display: Loaded TP WindowsServerTargetPlatform
[2019.03.26-16.11.44:389][  0]LogTemp: Display: Loaded TP WindowsTargetPlatform
[2019.03.26-16.11.44:511][  0]LogTemp: Display: Loaded TP AndroidTargetPlatform
[2019.03.26-16.11.44:511][  0]LogTemp: Display: Loaded TP AndroidTargetPlatform
[2019.03.26-16.11.44:511][  0]LogTemp: Display: Loaded TP AndroidTargetPlatform
[2019.03.26-16.11.44:511][  0]LogTemp: Display: Loaded TP AndroidTargetPlatform
[2019.03.26-16.11.44:511][  0]LogTemp: Display: Loaded TP AndroidTargetPlatform
[2019.03.26-16.11.44:511][  0]LogTemp: Display: Loaded TP AndroidTargetPlatform
[2019.03.26-16.11.44:511][  0]LogTemp: Display: Loaded TP AndroidTargetPlatform
[2019.03.26-16.11.44:511][  0]LogTemp: Display: Loaded TP AndroidTargetPlatform
[2019.03.26-16.11.44:511][  0]LogTemp: Display: Loaded TP AndroidTargetPlatform
[2019.03.26-16.11.44:511][  0]LogTemp: Display: Loaded TP AndroidTargetPlatform
[2019.03.26-16.11.44:511][  0]LogTemp: Display: Loaded TP AndroidTargetPlatform
[2019.03.26-16.11.44:511][  0]LogTemp: Display: Loaded TP AndroidTargetPlatform
[2019.03.26-16.11.44:511][  0]LogTemp: Display: Loaded TP AndroidTargetPlatform
[2019.03.26-16.11.44:511][  0]LogTemp: Display: Loaded TP AndroidTargetPlatform
[2019.03.26-16.11.44:511][  0]LogTemp: Display: Loaded TP AndroidTargetPlatform
[2019.03.26-16.11.44:511][  0]LogTemp: Display: Loaded TP AndroidTargetPlatform
[2019.03.26-16.11.44:511][  0]LogTemp: Display: Loaded TP AndroidTargetPlatform
[2019.03.26-16.11.44:511][  0]LogTemp: Display: Loaded TP AndroidTargetPlatform
[2019.03.26-16.11.44:529][  0]LogTemp: Display: Loaded TP HTML5TargetPlatform
[2019.03.26-16.11.44:674][  0]LogTemp: Display: Loaded TP IOSTargetPlatform
[2019.03.26-16.11.44:674][  0]LogTemp: Display: Loaded TP IOSTargetPlatform
[2019.03.26-16.11.44:708][  0]LogTemp: Display: Loaded TP TVOSTargetPlatform
[2019.03.26-16.11.44:708][  0]LogTemp: Display: Loaded TP TVOSTargetPlatform
[2019.03.26-16.11.44:737][  0]LogTemp: Display: Loaded TP LinuxClientTargetPlatform
[2019.03.26-16.11.44:759][  0]LogTemp: Display: Loaded TP LinuxNoEditorTargetPlatform
[2019.03.26-16.11.44:787][  0]LogTemp: Display: Loaded TP LinuxServerTargetPlatform
[2019.03.26-16.11.44:817][  0]LogTemp: Display: Loaded TP LinuxTargetPlatform
[2019.03.26-16.11.44:870][  0]LogTemp: Display: Loaded TP LuminTargetPlatform
[2019.03.26-16.11.44:870][  0]LogTemp: Display: Loaded TP LuminTargetPlatform
[2019.03.26-16.11.44:870][  0]LogTargetPlatformManager: Display: Building Assets For Windows
[2019.03.26-16.11.45:590][  0]LogShaderCompilers: Guid format shader working directory is -8 characters bigger than the processId version (C:/Users/joeym/OneDrive/Documenten/GitHub/PixelArcade/Intermediate/Shaders/WorkingDirectory/10968/).
[2019.03.26-16.11.45:590][  0]LogShaderCompilers: Cleaned the shader compiler working directory 'C:/Users/joeym/AppData/Local/Temp/UnrealShaderWorkingDir/D275D68B4DDBC2AFBBB96393FC7CC25B/'.
[2019.03.26-16.11.45:625][  0]LogXGEController: Cleaning working directory: C:/Users/joeym/AppData/Local/Temp/UnrealXGEWorkingDir/
[2019.03.26-16.11.45:627][  0]LogXGEController: Cannot use XGE Controller as Incredibuild is not installed on this machine.
[2019.03.26-16.11.45:627][  0]LogShaderCompilers: Cannot use XGE Shader Compiler as Incredibuild is not installed on this machine.
[2019.03.26-16.11.45:627][  0]LogShaderCompilers: Display: Using Local Shader Compiler.
[2019.03.26-16.11.47:878][  0]LogDerivedDataCache: Display: Max Cache Size: 512 MB
[2019.03.26-16.11.47:965][  0]LogDerivedDataCache: Loaded boot cache 0.09s 71MB C:/Users/joeym/AppData/Local/UnrealEngine/4.21/DerivedDataCache/Boot.ddc.
[2019.03.26-16.11.47:965][  0]LogDerivedDataCache: Display: Loaded Boot cache: C:/Users/joeym/AppData/Local/UnrealEngine/4.21/DerivedDataCache/Boot.ddc
[2019.03.26-16.11.47:966][  0]LogDerivedDataCache: FDerivedDataBackendGraph:  Pak pak cache file C:/Users/joeym/OneDrive/Documenten/GitHub/PixelArcade/DerivedDataCache/DDC.ddp not found, will not use a pak cache.
[2019.03.26-16.11.47:966][  0]LogDerivedDataCache: Unable to find inner node Pak for hierarchical cache Hierarchy.
[2019.03.26-16.11.47:966][  0]LogDerivedDataCache: FDerivedDataBackendGraph:  CompressedPak pak cache file C:/Users/joeym/OneDrive/Documenten/GitHub/PixelArcade/DerivedDataCache/Compressed.ddp not found, will not use a pak cache.
[2019.03.26-16.11.47:966][  0]LogDerivedDataCache: Unable to find inner node CompressedPak for hierarchical cache Hierarchy.
[2019.03.26-16.11.48:025][  0]LogDerivedDataCache: Display: Pak cache opened for reading ../../../Engine/DerivedDataCache/Compressed.ddp.
[2019.03.26-16.11.48:025][  0]LogDerivedDataCache: FDerivedDataBackendGraph:  EnterprisePak pak cache file ../../../Enterprise/DerivedDataCache/Compressed.ddp not found, will not use a pak cache.
[2019.03.26-16.11.48:025][  0]LogDerivedDataCache: Unable to find inner node EnterprisePak for hierarchical cache Hierarchy.
[2019.03.26-16.11.48:037][  0]LogDerivedDataCache: Using Local data cache path C:/Users/joeym/AppData/Local/UnrealEngine/Common/DerivedDataCache: Writable
[2019.03.26-16.11.48:037][  0]LogDerivedDataCache: Shared data cache path not found in *engine.ini, will not use an Shared cache.
[2019.03.26-16.11.48:037][  0]LogDerivedDataCache: Unable to find inner node Shared for hierarchical cache Hierarchy.
[2019.03.26-16.11.48:086][  0]LogMaterial: Verifying Global Shaders for PCD3D_SM5
[2019.03.26-16.11.48:150][  0]LogSlate: Using FreeType 2.6.0
[2019.03.26-16.11.48:243][  0]LogSlate: SlateFontServices - WITH_FREETYPE: 1, WITH_HARFBUZZ: 1
[2019.03.26-16.11.50:136][  0]LogAssetRegistry: FAssetRegistry took 0.0439 seconds to start up
[2019.03.26-16.11.54:855][  0]LogInit: Selected Device Profile: [Windows]
[2019.03.26-16.11.57:458][  0]LogSimplygon: Simplygon DLL not present - disabling.
[2019.03.26-16.11.57:634][  0]LogMeshReduction: Using SimplygonSwarm for distributed automatic mesh merging
[2019.03.26-16.11.57:635][  0]LogMeshReduction: Using ProxyLODMeshReduction for automatic mesh merging
[2019.03.26-16.11.57:636][  0]LogMeshReduction: Using QuadricMeshReduction for automatic static mesh reduction
[2019.03.26-16.11.57:636][  0]LogMeshReduction: No automatic skeletal mesh reduction module available
[2019.03.26-16.11.58:239][  0]LogNetVersion: PixelArcade 1.0.0, NetCL: 4541578, EngineNetVer: 5, GameNetVer: 0 (Checksum: 3322908292)
[2019.03.26-16.12.03:097][  0]LogPackageLocalizationCache: Processed 12 localized package path(s) for 1 prioritized culture(s) in 0.097526 seconds
[2019.03.26-16.12.03:110][  0]LogUObjectArray: 39784 objects as part of root set at end of initial load.
[2019.03.26-16.12.03:110][  0]LogUObjectAllocator: 6925456 out of 0 bytes used by permanent object pool.
[2019.03.26-16.12.03:110][  0]LogUObjectArray: CloseDisregardForGC: 0/0 objects in disregard for GC pool
[2019.03.26-16.12.25:015][  0]LogTcpMessaging: Initializing TcpMessaging bridge
[2019.03.26-16.12.25:065][  0]LogUdpMessaging: Initializing bridge on interface 0.0.0.0:0 to multicast group 230.0.0.1:6666.
[2019.03.26-16.12.26:727][  0]SourceControl: Source control is disabled
[2019.03.26-16.12.26:740][  0]SourceControl: Source control is disabled
[2019.03.26-16.12.26:840][  0]SourceControl: Source control is disabled
[2019.03.26-16.12.26:859][  0]SourceControl: Source control is disabled
[2019.03.26-16.12.27:998][  0]LogAndroidPermission: UAndroidPermissionCallbackProxy::GetInstance
[2019.03.26-16.12.28:182][  0]LogOcInput: OculusInput pre-init called
[2019.03.26-16.12.29:076][  0]LogEngine: Initializing Engine...
[2019.03.26-16.12.29:097][  0]LogHMD: Failed to initialize OpenVR with code 110
[2019.03.26-16.12.29:117][  0]LogStats: UGameplayTagsManager::ConstructGameplayTagTree: ImportINI prefixes -  0.000 s
[2019.03.26-16.12.29:117][  0]LogStats: UGameplayTagsManager::ConstructGameplayTagTree: Construct from data asset -  0.000 s
[2019.03.26-16.12.29:117][  0]LogStats: UGameplayTagsManager::ConstructGameplayTagTree: ImportINI -  0.000 s
[2019.03.26-16.12.29:118][  0]LogStats: UGameplayTagsManager::ConstructGameplayTagTree: GameplayTagTreeChangedEvent.Broadcast -  0.001 s
[2019.03.26-16.12.29:467][  0]LogInit: Initializing FReadOnlyCVARCache
[2019.03.26-16.12.29:895][  0]LogAIModule: Creating AISystem for world Untitled
[2019.03.26-16.12.30:074][  0]LogInit: XAudio2 using 'luidspreker/Hoofdtelefoon (Realtek High Definition Audio)' : 2 channels at 48 kHz using 32 bits per sample (channel mask 0x3)
[2019.03.26-16.12.30:147][  0]LogInit: FAudioDevice initialized.
[2019.03.26-16.12.30:147][  0]LogNetVersion: Set ProjectVersion to 1.0.0.0. Version Checksum will be recalculated on next use.
[2019.03.26-16.12.30:185][  0]LogDerivedDataCache: Saved boot cache 0.04s 71MB C:/Users/joeym/AppData/Local/UnrealEngine/4.21/DerivedDataCache/Boot.ddc.
[2019.03.26-16.12.30:202][  0]LogInit: Texture streaming: Enabled
[2019.03.26-16.12.30:332][  0]LogEngineSessionManager: EngineSessionManager initialized
[2019.03.26-16.12.30:332][  0]LogEngineSessionManager: EngineSessionManager sent abnormal shutdown report. Type=AbnormalShutdown, SessionId={00B560F5-4790-1CC7-C43F-25B0D4B98CF5}
[2019.03.26-16.12.30:332][  0]LogEngineSessionManager: EngineSessionManager sent abnormal shutdown report. Type=AbnormalShutdown, SessionId={6311CBC4-4BDD-37C9-C7ED-B29728EF1447}
[2019.03.26-16.12.30:455][  0]LogInit: Transaction tracking system initialized
[2019.03.26-16.12.30:732][  0]BlueprintLog: New page: Editor Load
[2019.03.26-16.12.31:840][  0]LocalizationService: Localization service is disabled
[2019.03.26-16.12.34:439][  0]LogFileCache: Scanning file cache for directory 'C:/Users/joeym/OneDrive/Documenten/GitHub/PixelArcade/Content/' took 0.02s
[2019.03.26-16.12.34:439][  0]LogCook: Display: Max memory allowance for cook 16384mb min free memory 0mb
[2019.03.26-16.12.34:439][  0]LogCook: Display: Mobile HDR setting 1
[2019.03.26-16.12.34:439][  0]LogGameplayTags: Display: UGameplayTagsManager::DoneAddingNativeTags. DelegateIsBound: 0
[2019.03.26-16.12.34:439][  0]LogStats: UGameplayTagsManager::ConstructGameplayTagTree: ImportINI prefixes -  0.000 s
[2019.03.26-16.12.34:439][  0]LogStats: UGameplayTagsManager::ConstructGameplayTagTree: Construct from data asset -  0.000 s
[2019.03.26-16.12.34:439][  0]LogStats: UGameplayTagsManager::ConstructGameplayTagTree: ImportINI -  0.000 s
[2019.03.26-16.12.34:439][  0]LogStats: UGameplayTagsManager::ConstructGameplayTagTree: GameplayTagTreeChangedEvent.Broadcast -  0.000 s
[2019.03.26-16.12.37:472][  0]SourceControl: Source control is disabled
[2019.03.26-16.12.37:512][  0]Cmd: MAP LOAD FILE="C:/Users/joeym/OneDrive/Documenten/GitHub/PixelArcade/Content/PixelWorlds/PixelMenu.umap" TEMPLATE=0 SHOWPROGRESS=1 FEATURELEVEL=3
[2019.03.26-16.12.37:524][  0]LightingResults: New page: Lighting Build
[2019.03.26-16.12.37:662][  0]MapCheck: New page: Map Check
[2019.03.26-16.12.37:662][  0]LightingResults: New page: Lighting Build
[2019.03.26-16.12.38:261][  0]LogLinker: Can't find file '/Game/SimpleInventory/Item_Base_Icon'
[2019.03.26-16.12.38:261][  0]LogLinker: Can't find file '/Game/SimpleInventory/Item_Base_Icon'
[2019.03.26-16.12.38:461][  0]LogLinker: Can't find file '/Game/SimpleInventory/Item_Base'
[2019.03.26-16.12.38:461][  0]LogLinker: Can't find file '/Game/SimpleInventory/Item_Base'
[2019.03.26-16.12.39:564][  0]LogTexture: Display: Building textures: Backpack1 (BGRA8, 64X32)
[2019.03.26-16.12.39:564][  0]LogTexture: Display: Building textures: Seed1 (BGRA8, 32X32)
[2019.03.26-16.12.39:564][  0]LogStaticMesh: Building static mesh Seed...
[2019.03.26-16.12.39:619][  0]LogStaticMesh: Built static mesh [0.05s] /Game/PixelModels/PixelFarm/Seed.Seed
[2019.03.26-16.12.39:919][  0]LogMaterial: Display: Missing cached shader map for material Backpack_material, compiling. 
[2019.03.26-16.12.39:998][  0]LogStaticMesh: Building static mesh Backpack...
[2019.03.26-16.12.40:007][  0]LogShaderCompilers: Display: Shaders left to compile 22
[2019.03.26-16.12.40:007][  0]LogShaderCompilers: Display: Shaders left to compile 12
[2019.03.26-16.12.40:007][  0]LogShaderCompilers: Display: Shaders left to compile 2
[2019.03.26-16.12.40:007][  0]LogStaticMesh: Built static mesh [0.01s] /Game/PixelModels/PixelFarm/Backpack.Backpack
[2019.03.26-16.12.40:101][  0]LogMaterial: Display: Missing cached shader map for material Seed_material, compiling. 
[2019.03.26-16.12.40:633][  0]LogShaderCompilers: Display: Shaders left to compile 22
[2019.03.26-16.12.40:633][  0]LogShaderCompilers: Display: Shaders left to compile 12
[2019.03.26-16.12.40:700][  0]LogAIModule: Creating AISystem for world PixelMenu
[2019.03.26-16.12.41:171][  0]LogEditorServer: Finished looking for orphan Actors (0.000 secs)
[2019.03.26-16.12.41:334][  0]Cmd: MAP CHECKDEP NOCLEARLOG
[2019.03.26-16.12.41:334][  0]MapCheck: Map check complete: 0 Error(s), 0 Warning(s), took 0,142ms to complete.
[2019.03.26-16.12.41:334][  0]LogFileHelpers: Loading map 'PixelMenu' took 3.861
[2019.03.26-16.12.42:048][  0]LogShaderCompilers: Display: Shaders left to compile 2
[2019.03.26-16.12.42:569][  0]LogSlate: Updating window title bar state: overlay mode, drag disabled, window buttons hidden, title bar hidden
[2019.03.26-16.12.42:589][  0]LogSlate: Updating window title bar state: overlay mode, drag disabled, window buttons hidden, title bar hidden
[2019.03.26-16.12.42:599][  0]LogSlate: Updating window title bar state: overlay mode, drag disabled, window buttons hidden, title bar hidden
[2019.03.26-16.12.42:609][  0]LogSlate: Updating window title bar state: overlay mode, drag disabled, window buttons hidden, title bar hidden
[2019.03.26-16.12.42:691][  0]LogCollectionManager: Loaded 0 collections in 0.001457 seconds
[2019.03.26-16.12.42:736][  0]LogFileCache: Scanning file cache for directory 'C:/Users/joeym/OneDrive/Documenten/GitHub/PixelArcade/Saved/Collections/' took 0.01s
[2019.03.26-16.12.42:736][  0]LogFileCache: Scanning file cache for directory 'C:/Users/joeym/OneDrive/Documenten/GitHub/PixelArcade/Content/Developers/joeym/Collections/' took 0.00s
[2019.03.26-16.12.42:736][  0]LogFileCache: Scanning file cache for directory 'C:/Users/joeym/OneDrive/Documenten/GitHub/PixelArcade/Content/Collections/' took 0.00s
[2019.03.26-16.12.42:736][  0]LogCollectionManager: Rebuilt the GUID cache for 0 collections in 0.000000 seconds
[2019.03.26-16.12.42:745][  0]LogContentBrowser: Native class hierarchy populated in 0.0089 seconds. Added 2666 classes and 635 folders.
[2019.03.26-16.12.42:807][  0]LogContentBrowser: Native class hierarchy updated for 'WidgetCarousel' in 0.0002 seconds. Added 0 classes and 0 folders.
[2019.03.26-16.12.42:892][  0]LogPakFile: Registered encryption key '00000000000000000000000000000000': 0 pak files mounted, 0 remain pending
[2019.03.26-16.12.42:947][  0]LogPakFile: Registered encryption key '00000000000000000000000000000000': 0 pak files mounted, 0 remain pending
[2019.03.26-16.12.42:968][  0]LogPakFile: Registered encryption key '00000000000000000000000000000000': 0 pak files mounted, 0 remain pending
[2019.03.26-16.12.42:977][  0]LogPakFile: Registered encryption key '00000000000000000000000000000000': 0 pak files mounted, 0 remain pending
[2019.03.26-16.12.42:995][  0]LogPakFile: Registered encryption key '00000000000000000000000000000000': 0 pak files mounted, 0 remain pending
[2019.03.26-16.12.43:009][  0]LogPakFile: Registered encryption key '00000000000000000000000000000000': 0 pak files mounted, 0 remain pending
[2019.03.26-16.12.43:019][  0]LogPakFile: Registered encryption key '00000000000000000000000000000000': 0 pak files mounted, 0 remain pending
[2019.03.26-16.12.43:034][  0]LogPakFile: Registered encryption key '00000000000000000000000000000000': 0 pak files mounted, 0 remain pending
[2019.03.26-16.12.43:050][  0]LogPakFile: Registered encryption key '00000000000000000000000000000000': 0 pak files mounted, 0 remain pending
[2019.03.26-16.12.43:066][  0]LogPakFile: Registered encryption key '00000000000000000000000000000000': 0 pak files mounted, 0 remain pending
[2019.03.26-16.12.43:078][  0]LogPakFile: Registered encryption key '00000000000000000000000000000000': 0 pak files mounted, 0 remain pending
[2019.03.26-16.12.43:091][  0]LogPakFile: Registered encryption key '00000000000000000000000000000000': 0 pak files mounted, 0 remain pending
[2019.03.26-16.12.43:108][  0]LogPakFile: Registered encryption key '00000000000000000000000000000000': 0 pak files mounted, 0 remain pending
[2019.03.26-16.12.43:119][  0]LogPakFile: Registered encryption key '00000000000000000000000000000000': 0 pak files mounted, 0 remain pending
[2019.03.26-16.12.43:130][  0]LogPakFile: Registered encryption key '00000000000000000000000000000000': 0 pak files mounted, 0 remain pending
[2019.03.26-16.12.43:140][  0]LogPakFile: Registered encryption key '00000000000000000000000000000000': 0 pak files mounted, 0 remain pending
[2019.03.26-16.12.43:166][  0]LogPakFile: Registered encryption key '00000000000000000000000000000000': 0 pak files mounted, 0 remain pending
[2019.03.26-16.12.43:181][  0]LogPakFile: Registered encryption key '00000000000000000000000000000000': 0 pak files mounted, 0 remain pending
[2019.03.26-16.12.43:195][  0]LogPakFile: Registered encryption key '00000000000000000000000000000000': 0 pak files mounted, 0 remain pending
[2019.03.26-16.12.43:210][  0]LogPakFile: Registered encryption key '00000000000000000000000000000000': 0 pak files mounted, 0 remain pending
[2019.03.26-16.12.43:236][  0]LogPakFile: Registered encryption key '00000000000000000000000000000000': 0 pak files mounted, 0 remain pending
[2019.03.26-16.12.43:248][  0]LogPakFile: Registered encryption key '00000000000000000000000000000000': 0 pak files mounted, 0 remain pending
[2019.03.26-16.12.43:255][  0]LogPakFile: Registered encryption key '00000000000000000000000000000000': 0 pak files mounted, 0 remain pending
[2019.03.26-16.12.43:269][  0]LogPakFile: Registered encryption key '00000000000000000000000000000000': 0 pak files mounted, 0 remain pending
[2019.03.26-16.12.43:280][  0]LogPakFile: Registered encryption key '00000000000000000000000000000000': 0 pak files mounted, 0 remain pending
[2019.03.26-16.12.43:297][  0]LogPakFile: Registered encryption key '00000000000000000000000000000000': 0 pak files mounted, 0 remain pending
[2019.03.26-16.12.43:936][  0]LogContentBrowser: Native class hierarchy updated for 'AddContentDialog' in 0.0002 seconds. Added 0 classes and 0 folders.
[2019.03.26-16.12.43:978][  0]LogContentBrowser: Native class hierarchy updated for 'SceneOutliner' in 0.0002 seconds. Added 1 classes and 2 folders.
[2019.03.26-16.12.44:724][  0]LogSlate: Took 0.016245 seconds to synchronously load lazily loaded font '../../../Engine/Content/Slate/Fonts/Roboto-Regular.ttf' (155K)
[2019.03.26-16.12.44:763][  0]LogSlate: Took 0.037341 seconds to synchronously load lazily loaded font '../../../Engine/Content/Slate/Fonts/Roboto-Bold.ttf' (160K)
[2019.03.26-16.12.44:826][  0]LogSlate: Took 0.015682 seconds to synchronously load lazily loaded font '../../../Engine/Content/Editor/Slate/Fonts/FontAwesome.ttf' (139K)
[2019.03.26-16.12.45:139][  0]LogRenderer: Reallocating scene render targets to support 1152x684 Format 10 NumSamples 1 (Frame:1).
[2019.03.26-16.12.45:675][  0]LogContentBrowser: Native class hierarchy updated for 'HierarchicalLODOutliner' in 0.0002 seconds. Added 0 classes and 0 folders.
[2019.03.26-16.12.45:675][  0]LogLoad: (Engine Initialization) Total time: 80.11 seconds
[2019.03.26-16.12.45:675][  0]LogLoad: (Engine Initialization) Total Blueprint compile time: 0.00 seconds
[2019.03.26-16.12.45:860][  0]LogContentStreaming: Texture pool size now 1000 MB
[2019.03.26-16.12.45:935][  0]LogSlate: Took 0.033020 seconds to synchronously load lazily loaded font '../../../Engine/Content/Slate/Fonts/Roboto-Light.ttf' (167K)
[2019.03.26-16.12.46:429][  7]LogAssetRegistry: Asset discovery search completed in 56.3155 seconds
[2019.03.26-16.12.46:430][  7]LogCollectionManager: Rebuilt the object cache for 0 collections in 0.000000 seconds (found 0 objects)
[2019.03.26-16.12.46:430][  7]LogCollectionManager: Fixed up redirectors for 0 collections in 0.000070 seconds (updated 0 objects)
[2019.03.26-16.12.57:188][170]LogSlate: FSceneViewport::OnFocusLost() reason 2
[2019.03.26-16.13.01:104][384]LogTemp: Executing iPhonePackager certificates Engine -bundlename com.YourCompany.PixelArcade
[2019.03.26-16.13.01:104][384]LogTemp: CWD: D:\Program Files\Epic Games\UE_4.21\Engine\Binaries\DotNET\IOS
[2019.03.26-16.13.01:104][384]LogTemp: Initial Dir: D:\Program Files\Epic Games\UE_4.21
[2019.03.26-16.13.01:104][384]LogTemp: Env CWD: D:\Program Files\Epic Games\UE_4.21\Engine\Binaries\DotNET\IOS
[2019.03.26-16.13.01:104][384]LogTemp: BranchPath = JOEYCOMPUTER/D/Program Files/Epic Games/UE_4.21/Engine/Binaries --- GameBranchPath = JOEYCOMPUTER/D/Program Files/Epic Games/UE_4.21/Engine/Binaries
[2019.03.26-16.13.01:104][384]LogTemp: IPP ERROR: Could not find provision directory 'C:\Users\joeym\AppData\Local/Apple Computer/MobileDevice/Provisioning Profiles/'.
[2019.03.26-16.13.01:104][384]LogSlate: Only BGRA pngs, bmps or icos are supported in by External Image Picker
[2019.03.26-16.13.01:148][384]LogSlate: FSceneViewport::OnFocusLost() reason 2
[2019.03.26-16.13.06:149][943]LogTemp: Subsystem Settings Updated.
[2019.03.26-16.13.06:162][943]LogTemp: Warning: Steam Subsystem Disabled!
[2019.03.26-16.13.06:186][943]LogSlate: Took 0.000173 seconds to synchronously load lazily loaded font '../../../Engine/Content/Slate/Fonts/Roboto-Light.ttf' (167K)
[2019.03.26-16.13.08:423][206]Cmd: CLOSE_SLATE_MAINFRAME
[2019.03.26-16.13.08:538][206]LogSlate: Window 'Project Settings' being destroyed
[2019.03.26-16.13.08:540][206]LogDirectoryWatcher: A directory notification for '../../../Engine/Plugins/' was aborted.
[2019.03.26-16.13.08:584][206]LogSlate: Window 'PixelArcade - Unreal Editor' being destroyed
[2019.03.26-16.13.08:805][207]Cmd: QUIT_EDITOR
[2019.03.26-16.13.08:929][207]LogWindowsTextInputMethodSystem: Display: IME system now deactivated.
[2019.03.26-16.13.08:949][207]LogExit: Preparing to exit.
[2019.03.26-16.13.09:297][207]LogExit: Editor shut down
[2019.03.26-16.13.09:298][207]LogExit: Transaction tracking system shut down
[2019.03.26-16.13.09:860][207]LogExit: Object subsystem successfully closed.
[2019.03.26-16.13.10:058][207]LogShaderCompilers: Display: Shaders left to compile 0
[2019.03.26-16.13.10:095][207]LogD3D11RHI: Shutdown
[2019.03.26-16.13.10:095][207]LogD3D11RHI: CleanupD3DDevice
[2019.03.26-16.13.10:096][207]LogD3D11RHI: ~FD3D11DynamicRHI
[2019.03.26-16.13.10:438][207]LogModuleManager: Shutting down and abandoning module ExternalImagePicker (636)
[2019.03.26-16.13.10:438][207]LogModuleManager: Shutting down and abandoning module HierarchicalLODOutliner (634)
[2019.03.26-16.13.10:438][207]LogModuleManager: Shutting down and abandoning module SceneOutliner (632)
[2019.03.26-16.13.10:438][207]LogModuleManager: Shutting down and abandoning module AddContentDialog (630)
[2019.03.26-16.13.10:438][207]LogModuleManager: Shutting down and abandoning module WidgetCarousel (629)
[2019.03.26-16.13.10:438][207]LogModuleManager: Shutting down and abandoning module EditorWidgets (626)
[2019.03.26-16.13.10:438][207]LogModuleManager: Shutting down and abandoning module CollectionManager (624)
[2019.03.26-16.13.10:439][207]LogModuleManager: Shutting down and abandoning module MeshBuilder (622)
[2019.03.26-16.13.10:439][207]LogModuleManager: Shutting down and abandoning module StatsViewer (620)
[2019.03.26-16.13.10:439][207]LogModuleManager: Shutting down and abandoning module FoliageEdit (618)
[2019.03.26-16.13.10:439][207]LogModuleManager: Shutting down and abandoning module LandscapeEditor (616)
[2019.03.26-16.13.10:449][207]LogModuleManager: Shutting down and abandoning module MeshPaintMode (614)
[2019.03.26-16.13.10:449][207]LogModuleManager: Shutting down and abandoning module SceneDepthPickerMode (612)
[2019.03.26-16.13.10:449][207]LogModuleManager: Shutting down and abandoning module ActorPickerMode (610)
[2019.03.26-16.13.10:449][207]LogModuleManager: Shutting down and abandoning module GeometryMode (608)
[2019.03.26-16.13.10:449][207]LogModuleManager: Shutting down and abandoning module TextureAlignMode (606)
[2019.03.26-16.13.10:449][207]LogModuleManager: Shutting down and abandoning module BspMode (604)
[2019.03.26-16.13.10:449][207]LogModuleManager: Shutting down and abandoning module PIEPreviewDeviceProfileSelector (602)
[2019.03.26-16.13.10:449][207]LogModuleManager: Shutting down and abandoning module SequenceRecorderSections (600)
[2019.03.26-16.13.10:450][207]LogModuleManager: Shutting down and abandoning module AutomationWorker (598)
[2019.03.26-16.13.10:450][207]LogModuleManager: Shutting down and abandoning module AudioCaptureEditor (596)
[2019.03.26-16.13.10:450][207]LogModuleManager: Shutting down and abandoning module MatineeToLevelSequence (594)
[2019.03.26-16.13.10:455][207]LogModuleManager: Shutting down and abandoning module LevelSequenceEditor (592)
[2019.03.26-16.13.10:465][207]LogModuleManager: Shutting down and abandoning module PlacementMode (591)
[2019.03.26-16.13.10:465][207]LogModuleManager: Shutting down and abandoning module MaterialEditor (590)
[2019.03.26-16.13.10:498][207]LogModuleManager: Shutting down and abandoning module WmfMediaFactory (586)
[2019.03.26-16.13.10:499][207]LogModuleManager: Shutting down and abandoning module WmfMediaEditor (584)
[2019.03.26-16.13.10:499][207]LogModuleManager: Shutting down and abandoning module WebMMediaFactory (582)
[2019.03.26-16.13.10:499][207]LogModuleManager: Shutting down and abandoning module WebMMediaEditor (580)
[2019.03.26-16.13.10:499][207]LogModuleManager: Shutting down and abandoning module WebMMedia (578)
[2019.03.26-16.13.10:499][207]LogModuleManager: Shutting down and abandoning module MediaPlayerEditor (576)
[2019.03.26-16.13.10:499][207]LogModuleManager: Shutting down and abandoning module MediaCompositingEditor (574)
[2019.03.26-16.13.10:505][207]LogModuleManager: Shutting down and abandoning module SequenceRecorder (573)
[2019.03.26-16.13.10:505][207]LogModuleManager: Shutting down and abandoning module OpenExrWrapper (570)
[2019.03.26-16.13.10:505][207]LogModuleManager: Shutting down and abandoning module ImgMediaFactory (568)
[2019.03.26-16.13.10:505][207]LogModuleManager: Shutting down and abandoning module ImgMediaEditor (566)
[2019.03.26-16.13.10:505][207]LogModuleManager: Shutting down and abandoning module AvfMediaFactory (564)
[2019.03.26-16.13.10:505][207]LogModuleManager: Shutting down and abandoning module AvfMediaEditor (562)
[2019.03.26-16.13.10:505][207]LogModuleManager: Shutting down and abandoning module AndroidMediaFactory (560)
[2019.03.26-16.13.10:505][207]LogModuleManager: Shutting down and abandoning module AndroidMediaEditor (558)
[2019.03.26-16.13.10:505][207]LogModuleManager: Shutting down and abandoning module ProductivityTools (556)
[2019.03.26-16.13.10:505][207]LogModuleManager: Shutting down and abandoning module MagicLeapCameraPreviewFactory (554)
[2019.03.26-16.13.10:505][207]LogModuleManager: Shutting down and abandoning module MagicLeapMediaFactory (552)
[2019.03.26-16.13.10:505][207]LogModuleManager: Shutting down and abandoning module MagicLeapMediaEditor (550)
[2019.03.26-16.13.10:505][207]LogModuleManager: Shutting down and abandoning module CharacterAI (548)
[2019.03.26-16.13.10:505][207]LogModuleManager: Shutting down and abandoning module SmartSnapping (546)
[2019.03.26-16.13.10:505][207]LogModuleManager: Shutting down and abandoning module SessionServices (544)
[2019.03.26-16.13.10:505][207]LogModuleManager: Shutting down and abandoning module ViewportSnapping (542)
[2019.03.26-16.13.10:505][207]LogModuleManager: Shutting down and abandoning module ViewportInteraction (540)
[2019.03.26-16.13.10:513][207]LogModuleManager: Shutting down and abandoning module ClothPainter (538)
[2019.03.26-16.13.10:513][207]LogModuleManager: Shutting down and abandoning module SkeletalMeshEditor (537)
[2019.03.26-16.13.10:518][207]LogModuleManager: Shutting down and abandoning module LogVisualizer (534)
[2019.03.26-16.13.10:525][207]LogModuleManager: Shutting down and abandoning module IntroTutorials (532)
[2019.03.26-16.13.10:525][207]LogModuleManager: Shutting down and abandoning module GameProjectGeneration (531)
[2019.03.26-16.13.10:540][207]LogModuleManager: Shutting down and abandoning module LuminPlatformEditor (528)
[2019.03.26-16.13.10:540][207]LogModuleManager: Shutting down and abandoning module IOSPlatformEditor (526)
[2019.03.26-16.13.10:540][207]LogModuleManager: Shutting down and abandoning module HTML5PlatformEditor (524)
[2019.03.26-16.13.10:540][207]LogModuleManager: Shutting down and abandoning module AndroidPlatformEditor (522)
[2019.03.26-16.13.10:540][207]LogModuleManager: Shutting down and abandoning module AndroidDeviceDetection (521)
[2019.03.26-16.13.11:393][207]LogModuleManager: Shutting down and abandoning module WindowsPlatformEditor (518)
[2019.03.26-16.13.11:393][207]LogModuleManager: Shutting down and abandoning module LuminRuntimeSettings (516)
[2019.03.26-16.13.11:393][207]LogModuleManager: Shutting down and abandoning module IOSRuntimeSettings (514)
[2019.03.26-16.13.11:393][207]LogModuleManager: Shutting down and abandoning module AndroidRuntimeSettings (512)
[2019.03.26-16.13.11:393][207]LogModuleManager: Shutting down and abandoning module TimeManagementEditor (510)
[2019.03.26-16.13.11:393][207]LogModuleManager: Shutting down and abandoning module InputBindingEditor (508)
[2019.03.26-16.13.11:407][207]LogModuleManager: Shutting down and abandoning module MergeActors (506)
[2019.03.26-16.13.11:407][207]LogModuleManager: Shutting down and abandoning module LocalizationDashboard (504)
[2019.03.26-16.13.11:407][207]LogModuleManager: Shutting down and abandoning module LocalizationService (503)
[2019.03.26-16.13.11:407][207]LogModuleManager: Shutting down and abandoning module HardwareTargeting (500)
[2019.03.26-16.13.11:407][207]LogModuleManager: Shutting down and abandoning module DeviceProfileEditor (498)
[2019.03.26-16.13.11:407][207]LogModuleManager: Shutting down and abandoning module UndoHistory (496)
[2019.03.26-16.13.11:407][207]LogModuleManager: Shutting down and abandoning module XmlParser (494)
[2019.03.26-16.13.11:407][207]LogModuleManager: Shutting down and abandoning module Blutility (492)
[2019.03.26-16.13.11:407][207]LogModuleManager: Shutting down and abandoning module ProjectSettingsViewer (490)
[2019.03.26-16.13.11:408][207]LogModuleManager: Shutting down and abandoning module ProjectTargetPlatformEditor (489)
[2019.03.26-16.13.11:408][207]LogModuleManager: Shutting down and abandoning module EditorSettingsViewer (486)
[2019.03.26-16.13.11:408][207]LogModuleManager: Shutting down and abandoning module SettingsEditor (484)
[2019.03.26-16.13.11:408][207]LogModuleManager: Shutting down and abandoning module ProjectLauncher (482)
[2019.03.26-16.13.11:412][207]LogModuleManager: Shutting down and abandoning module SessionFrontend (480)
[2019.03.26-16.13.11:412][207]LogModuleManager: Shutting down and abandoning module ProfilerClient (478)
[2019.03.26-16.13.11:421][207]LogModuleManager: Shutting down and abandoning module DeviceManager (476)
[2019.03.26-16.13.11:421][207]LogModuleManager: Shutting down and abandoning module TargetDeviceServices (475)
[2019.03.26-16.13.11:476][207]LogModuleManager: Shutting down and abandoning module AutomationController (472)
[2019.03.26-16.13.11:476][207]LogModuleManager: Shutting down and abandoning module AutomationWindow (470)
[2019.03.26-16.13.11:486][207]LogModuleManager: Shutting down and abandoning module Layers (468)
[2019.03.26-16.13.11:499][207]LogModuleManager: Shutting down and abandoning module ComponentVisualizers (466)
[2019.03.26-16.13.11:499][207]LogModuleManager: Shutting down and abandoning module DetailCustomizations (464)
[2019.03.26-16.13.11:499][207]LogModuleManager: Shutting down and abandoning module PackagesDialog (462)
[2019.03.26-16.13.11:503][207]LogModuleManager: Shutting down and abandoning module Persona (460)
[2019.03.26-16.13.11:514][207]LogModuleManager: Shutting down and abandoning module AdvancedPreviewScene (459)
[2019.03.26-16.13.11:515][207]LogModuleManager: Shutting down and abandoning module AnimGraph (457)
[2019.03.26-16.13.11:515][207]LogModuleManager: Shutting down and abandoning module Kismet (454)
[2019.03.26-16.13.11:522][207]LogModuleManager: Shutting down and abandoning module GraphEditor (452)
[2019.03.26-16.13.11:547][207]LogModuleManager: Shutting down and abandoning module ClassViewer (450)
[2019.03.26-16.13.11:547][207]LogModuleManager: Shutting down and abandoning module Toolbox (448)
[2019.03.26-16.13.11:547][207]LogModuleManager: Shutting down and abandoning module ModuleUI (446)
[2019.03.26-16.13.11:555][207]LogModuleManager: Shutting down and abandoning module MovieSceneTools (444)
[2019.03.26-16.13.11:555][207]LogModuleManager: Shutting down and abandoning module OutputLog (442)
[2019.03.26-16.13.11:555][207]LogModuleManager: Shutting down and abandoning module GammaUI (440)
[2019.03.26-16.13.11:560][207]LogModuleManager: Shutting down and abandoning module Documentation (438)
[2019.03.26-16.13.11:560][207]LogModuleManager: Shutting down and abandoning module MovieSceneTracks (436)
[2019.03.26-16.13.11:560][207]LogModuleManager: Shutting down and abandoning module MovieScene (434)
[2019.03.26-16.13.11:560][207]LogModuleManager: Shutting down and abandoning module StreamingPauseRendering (432)
[2019.03.26-16.13.11:565][207]LogModuleManager: Shutting down and abandoning module LauncherPlatform (430)
[2019.03.26-16.13.11:565][207]LogModuleManager: Shutting down and abandoning module AnalyticsET (428)
[2019.03.26-16.13.11:565][207]LogModuleManager: Shutting down and abandoning module PortalServices (426)
[2019.03.26-16.13.11:565][207]LogModuleManager: Shutting down and abandoning module PortalRpc (424)
[2019.03.26-16.13.11:565][207]LogModuleManager: Shutting down and abandoning module MessagingRpc (422)
[2019.03.26-16.13.11:565][207]LogModuleManager: Shutting down and abandoning module AIModule (420)
[2019.03.26-16.13.11:565][207]LogModuleManager: Shutting down and abandoning module GameplayDebugger (419)
[2019.03.26-16.13.11:565][207]LogModuleManager: Shutting down and abandoning module AITestSuite (417)
[2019.03.26-16.13.11:565][207]LogModuleManager: Shutting down and abandoning module NavigationSystem (415)
[2019.03.26-16.13.11:565][207]LogModuleManager: Shutting down and abandoning module DesktopPlatform (412)
[2019.03.26-16.13.11:565][207]LogModuleManager: Shutting down and abandoning module ImageWriteQueue (410)
[2019.03.26-16.13.11:567][207]LogModuleManager: Shutting down and abandoning module ProfilerService (408)
[2019.03.26-16.13.11:712][207]LogModuleManager: Shutting down and abandoning module TaskGraph (406)
[2019.03.26-16.13.11:712][207]LogModuleManager: Shutting down and abandoning module SteamVRController (404)
[2019.03.26-16.13.11:712][207]LogModuleManager: Shutting down and abandoning module ProceduralMeshComponentEditor (402)
[2019.03.26-16.13.11:712][207]LogModuleManager: Shutting down and abandoning module ProceduralMeshComponent (400)
[2019.03.26-16.13.11:712][207]LogModuleManager: Shutting down and abandoning module OculusInput (398)
[2019.03.26-16.13.11:712][207]LogModuleManager: Shutting down and abandoning module MobilePatchingUtils (396)
[2019.03.26-16.13.11:712][207]LogModuleManager: Shutting down and abandoning module EditableMesh (394)
[2019.03.26-16.13.11:723][207]LogModuleManager: Shutting down and abandoning module CustomMeshComponent (392)
[2019.03.26-16.13.11:723][207]LogModuleManager: Shutting down and abandoning module CableComponent (390)
[2019.03.26-16.13.11:731][207]LogModuleManager: Shutting down and abandoning module AudioCapture (388)
[2019.03.26-16.13.11:731][207]LogModuleManager: Shutting down and abandoning module ArchVisCharacter (386)
[2019.03.26-16.13.11:731][207]LogModuleManager: Shutting down and abandoning module AndroidPermission (384)
[2019.03.26-16.13.11:731][207]LogModuleManager: Shutting down and abandoning module NUTUnrealEngine4 (382)
[2019.03.26-16.13.11:738][207]LogModuleManager: Shutting down and abandoning module NetcodeUnitTest (380)
[2019.03.26-16.13.11:738][207]LogModuleManager: Shutting down and abandoning module MediaCompositing (378)
[2019.03.26-16.13.11:738][207]LogModuleManager: Shutting down and abandoning module LinearTimecode (376)
[2019.03.26-16.13.11:738][207]LogModuleManager: Shutting down and abandoning module ImgMedia (374)
[2019.03.26-16.13.11:740][207]LogModuleManager: Shutting down and abandoning module SubsystemConfigurator (372)
[2019.03.26-16.13.11:741][207]LogModuleManager: Shutting down and abandoning module HTML5Networking (370)
[2019.03.26-16.13.11:741][207]LogModuleManager: Shutting down and abandoning module GeometryCacheTracks (368)
[2019.03.26-16.13.11:741][207]LogModuleManager: Shutting down and abandoning module GeometryCacheSequencer (366)
[2019.03.26-16.13.11:741][207]LogModuleManager: Shutting down and abandoning module BackChannel (364)
[2019.03.26-16.13.11:751][207]LogModuleManager: Shutting down and abandoning module AppleVision (362)
[2019.03.26-16.13.11:751][207]LogModuleManager: Shutting down and abandoning module AppleImageUtilsBlueprintSupport (360)
[2019.03.26-16.13.11:751][207]LogModuleManager: Shutting down and abandoning module AppleImageUtils (358)
[2019.03.26-16.13.11:751][207]LogModuleManager: Shutting down and abandoning module AlembicImporter (356)
[2019.03.26-16.13.11:751][207]LogModuleManager: Shutting down and abandoning module AlembicLibrary (355)
[2019.03.26-16.13.11:751][207]LogModuleManager: Shutting down and abandoning module GeometryCache (354)
[2019.03.26-16.13.11:751][207]LogModuleManager: Shutting down and abandoning module GeometryCacheEd (353)
[2019.03.26-16.13.11:751][207]LogModuleManager: Shutting down and abandoning module VariantManagerContent (348)
[2019.03.26-16.13.11:752][207]LogModuleManager: Shutting down and abandoning module DatasmithContentEditor (346)
[2019.03.26-16.13.11:760][207]LogModuleManager: Shutting down and abandoning module SpeedTreeImporter (344)
[2019.03.26-16.13.11:760][207]LogModuleManager: Shutting down and abandoning module PluginBrowser (342)
[2019.03.26-16.13.11:760][207]LogModuleManager: Shutting down and abandoning module MobileLauncherProfileWizard (340)
[2019.03.26-16.13.11:769][207]LogModuleManager: Shutting down and abandoning module PolygonModeling (338)
[2019.03.26-16.13.11:769][207]LogModuleManager: Shutting down and abandoning module MeshEditor (336)
[2019.03.26-16.13.11:769][207]LogModuleManager: Shutting down and abandoning module CryptoKeysOpenSSL (334)
[2019.03.26-16.13.11:769][207]LogModuleManager: Shutting down and abandoning module CryptoKeys (332)
[2019.03.26-16.13.11:769][207]LogModuleManager: Shutting down and abandoning module VisualStudioSourceCodeAccess (330)
[2019.03.26-16.13.11:769][207]LogModuleManager: Shutting down and abandoning module VisualStudioCodeSourceCodeAccess (328)
[2019.03.26-16.13.11:769][207]LogModuleManager: Shutting down and abandoning module UObjectPlugin (326)
[2019.03.26-16.13.11:769][207]LogModuleManager: Shutting down and abandoning module SubversionSourceControl (324)
[2019.03.26-16.13.11:769][207]LogModuleManager: Shutting down and abandoning module PerforceSourceControl (322)
[2019.03.26-16.13.11:780][207]LogModuleManager: Shutting down and abandoning module GitSourceControl (320)
[2019.03.26-16.13.11:780][207]LogModuleManager: Shutting down and abandoning module SourceControl (319)
[2019.03.26-16.13.11:780][207]LogModuleManager: Shutting down and abandoning module CLionSourceCodeAccess (316)
[2019.03.26-16.13.11:792][207]LogModuleManager: Shutting down and abandoning module ActorLayerUtilitiesEditor (314)
[2019.03.26-16.13.11:792][207]LogModuleManager: Shutting down and abandoning module ActorLayerUtilities (312)
[2019.03.26-16.13.11:792][207]LogModuleManager: Shutting down and abandoning module LightPropagationVolumeEditor (310)
[2019.03.26-16.13.11:792][207]LogModuleManager: Shutting down and abandoning module PaperTiledImporter (308)
[2019.03.26-16.13.11:792][207]LogModuleManager: Shutting down and abandoning module PaperSpriteSheetImporter (306)
[2019.03.26-16.13.11:800][207]LogModuleManager: Shutting down and abandoning module Paper2DEditor (304)
[2019.03.26-16.13.11:815][207]LogModuleManager: Shutting down and abandoning module MeshPaint (303)
[2019.03.26-16.13.11:823][207]LogModuleManager: Shutting down and abandoning module RuntimePhysXCooking (300)
[2019.03.26-16.13.11:823][207]LogModuleManager: Shutting down and abandoning module PhysXVehiclesEditor (298)
[2019.03.26-16.13.11:823][207]LogModuleManager: Shutting down and abandoning module PhysXVehicles (296)
[2019.03.26-16.13.11:823][207]LogModuleManager: Shutting down and abandoning module OculusEditor (294)
[2019.03.26-16.13.11:823][207]LogModuleManager: Shutting down and abandoning module LocationServicesBPLibrary (292)
[2019.03.26-16.13.11:823][207]LogModuleManager: Shutting down and abandoning module ApexDestructionEditor (290)
[2019.03.26-16.13.11:831][207]LogModuleManager: Shutting down and abandoning module ApexDestruction (288)
[2019.03.26-16.13.11:831][207]LogModuleManager: Shutting down and abandoning module ActorSequence (286)
[2019.03.26-16.13.11:831][207]LogModuleManager: Shutting down and abandoning module UdpMessaging (284)
[2019.03.26-16.13.11:932][207]LogModuleManager: Shutting down and abandoning module TcpMessaging (282)
[2019.03.26-16.13.12:033][207]LogModuleManager: Shutting down and abandoning module MagicLeapAudio (280)
[2019.03.26-16.13.12:033][207]LogModuleManager: Shutting down and abandoning module GameplayTagsEditor (278)
[2019.03.26-16.13.12:033][207]LogModuleManager: Shutting down and abandoning module FacialAnimationEditor (276)
[2019.03.26-16.13.12:033][207]LogModuleManager: Shutting down and abandoning module FacialAnimation (274)
[2019.03.26-16.13.12:033][207]LogModuleManager: Shutting down and abandoning module DataValidation (272)
[2019.03.26-16.13.12:033][207]LogModuleManager: Shutting down and abandoning module AssetManagerEditor (270)
[2019.03.26-16.13.12:042][207]LogModuleManager: Shutting down and abandoning module LevelEditor (269)
[2019.03.26-16.13.12:043][207]LogModuleManager: Shutting down and abandoning module PixelInspectorModule (268)
[2019.03.26-16.13.12:043][207]LogModuleManager: Shutting down and abandoning module CommonMenuExtensions (266)
[2019.03.26-16.13.12:043][207]LogModuleManager: Shutting down and abandoning module MainFrame (264)
[2019.03.26-16.13.12:043][207]LogModuleManager: Shutting down and abandoning module HotReload (263)
[2019.03.26-16.13.12:053][207]LogModuleManager: Shutting down and abandoning module ContentBrowser (259)
[2019.03.26-16.13.12:054][207]LogModuleManager: Shutting down and abandoning module TreeMap (257)
[2019.03.26-16.13.12:054][207]LogModuleManager: Shutting down and abandoning module LightPropagationVolumeRuntime (254)
[2019.03.26-16.13.12:054][207]LogModuleManager: Shutting down and abandoning module AISupportModule (252)
[2019.03.26-16.13.12:054][207]LogModuleManager: Shutting down and abandoning module Paper2D (250)
[2019.03.26-16.13.12:054][207]LogModuleManager: Shutting down and abandoning module WindowsMoviePlayer (248)
[2019.03.26-16.13.12:056][207]LogModuleManager: Shutting down and abandoning module WebMMoviePlayer (246)
[2019.03.26-16.13.12:056][207]LogModuleManager: Shutting down and abandoning module WmfMedia (244)
[2019.03.26-16.13.12:069][207]LogModuleManager: Shutting down and abandoning module Media (243)
[2019.03.26-16.13.12:075][207]LogModuleManager: Shutting down and abandoning module PacketHandler (240)
[2019.03.26-16.13.12:075][207]LogModuleManager: Shutting down and abandoning module ClothingSystemEditor (238)
[2019.03.26-16.13.12:075][207]LogModuleManager: Shutting down and abandoning module ClothingSystemRuntime (236)
[2019.03.26-16.13.12:092][207]LogModuleManager: Shutting down and abandoning module MediaAssets (234)
[2019.03.26-16.13.12:093][207]LogModuleManager: Shutting down and abandoning module Overlay (232)
[2019.03.26-16.13.12:093][207]LogModuleManager: Shutting down and abandoning module OverlayEditor (231)
[2019.03.26-16.13.12:093][207]LogModuleManager: Shutting down and abandoning module VREditor (228)
[2019.03.26-16.13.12:093][207]LogModuleManager: Shutting down and abandoning module StringTableEditor (226)
[2019.03.26-16.13.12:106][207]LogModuleManager: Shutting down and abandoning module GameplayTasksEditor (224)
[2019.03.26-16.13.12:106][207]LogModuleManager: Shutting down and abandoning module BehaviorTreeEditor (222)
[2019.03.26-16.13.12:110][207]LogModuleManager: Shutting down and abandoning module FunctionalTesting (220)
[2019.03.26-16.13.12:110][207]LogModuleManager: Shutting down and abandoning module CollisionAnalyzer (218)
[2019.03.26-16.13.12:110][207]LogModuleManager: Shutting down and abandoning module WorkspaceMenuStructure (217)
[2019.03.26-16.13.12:110][207]LogModuleManager: Shutting down and abandoning module UMG (214)
[2019.03.26-16.13.12:119][207]LogModuleManager: Shutting down and abandoning module UMGEditor (213)
[2019.03.26-16.13.12:119][207]LogModuleManager: Shutting down and abandoning module Sequencer (212)
[2019.03.26-16.13.12:130][207]LogModuleManager: Shutting down and abandoning module MessageLog (209)
[2019.03.26-16.13.12:130][207]LogModuleManager: Shutting down and abandoning module SlateReflector (204)
[2019.03.26-16.13.12:150][207]LogModuleManager: Shutting down and abandoning module Slate (202)
[2019.03.26-16.13.12:150][207]LogModuleManager: Shutting down and abandoning module EditorStyle (200)
[2019.03.26-16.13.12:151][207]LogModuleManager: Shutting down and abandoning module MRMesh (198)
[2019.03.26-16.13.12:151][207]LogModuleManager: Shutting down and abandoning module SourceCodeAccess (196)
[2019.03.26-16.13.12:151][207]LogModuleManager: Shutting down and abandoning module HeadMountedDisplay (194)
[2019.03.26-16.13.12:151][207]LogModuleManager: Shutting down and abandoning module XAudio2 (192)
[2019.03.26-16.13.12:151][207]LogModuleManager: Shutting down and abandoning module Networking (190)
[2019.03.26-16.13.12:151][207]LogModuleManager: Shutting down and abandoning module Core (188)
[2019.03.26-16.13.12:151][207]LogModuleManager: Shutting down and abandoning module LevelSequence (186)
[2019.03.26-16.13.12:151][207]LogModuleManager: Shutting down and abandoning module KismetCompiler (184)
[2019.03.26-16.13.12:151][207]LogModuleManager: Shutting down and abandoning module MeshUtilities (182)
[2019.03.26-16.13.12:151][207]LogModuleManager: Shutting down and abandoning module MeshMergeUtilities (181)
[2019.03.26-16.13.12:151][207]LogModuleManager: Shutting down and abandoning module MeshReductionInterface (180)
[2019.03.26-16.13.12:151][207]LogModuleManager: Shutting down and abandoning module SimplygonSwarm (179)
[2019.03.26-16.13.12:161][207]LogModuleManager: Shutting down and abandoning module ProxyLODMeshReduction (177)
[2019.03.26-16.13.12:180][207]LogModuleManager: Shutting down and abandoning module SimplygonMeshReduction (175)
[2019.03.26-16.13.12:180][207]LogModuleManager: Shutting down and abandoning module QuadricMeshReduction (173)
[2019.03.26-16.13.12:185][207]LogModuleManager: Shutting down and abandoning module MaterialBaking (169)
[2019.03.26-16.13.12:185][207]LogModuleManager: Shutting down and abandoning module DirectoryWatcher (165)
[2019.03.26-16.13.12:185][207]LogModuleManager: Shutting down and abandoning module DerivedDataCache (162)
[2019.03.26-16.13.12:618][207]LogDerivedDataCache: Shutdown
[2019.03.26-16.13.12:619][207]LogModuleManager: Shutting down and abandoning module XGEController (160)
[2019.03.26-16.13.12:619][207]LogXGEController: Cleaning working directory: C:/Users/joeym/AppData/Local/Temp/UnrealXGEWorkingDir/
[2019.03.26-16.13.12:619][207]LogModuleManager: Shutting down and abandoning module TargetPlatform (158)
[2019.03.26-16.13.12:619][207]LogModuleManager: Shutting down and abandoning module VulkanShaderFormat (157)
[2019.03.26-16.13.12:619][207]LogModuleManager: Shutting down and abandoning module ShaderFormatVectorVM (155)
[2019.03.26-16.13.12:623][207]LogModuleManager: Shutting down and abandoning module ShaderFormatOpenGL (153)
[2019.03.26-16.13.12:630][207]LogModuleManager: Shutting down and abandoning module ShaderFormatD3D (151)
[2019.03.26-16.13.12:630][207]LogModuleManager: Shutting down and abandoning module MetalShaderFormat (149)
[2019.03.26-16.13.12:639][207]LogModuleManager: Shutting down and abandoning module TextureFormatUncompressed (147)
[2019.03.26-16.13.12:639][207]LogModuleManager: Shutting down and abandoning module TextureFormatPVR (145)
[2019.03.26-16.13.12:639][207]LogModuleManager: Shutting down and abandoning module TextureFormatDXT (143)
[2019.03.26-16.13.12:653][207]LogModuleManager: Shutting down and abandoning module TextureFormatIntelISPCTexComp (141)
[2019.03.26-16.13.12:653][207]LogModuleManager: Shutting down and abandoning module TextureFormatASTC (139)
[2019.03.26-16.13.12:653][207]LogModuleManager: Shutting down and abandoning module ImageWrapper (138)
[2019.03.26-16.13.12:653][207]LogModuleManager: Shutting down and abandoning module TextureFormatAndroid (135)
[2019.03.26-16.13.12:653][207]LogModuleManager: Shutting down and abandoning module AudioFormatOpus (133)
[2019.03.26-16.13.12:653][207]LogModuleManager: Shutting down and abandoning module AudioFormatOgg (131)
[2019.03.26-16.13.12:653][207]LogModuleManager: Shutting down and abandoning module AudioFormatADPCM (129)
[2019.03.26-16.13.12:653][207]LogModuleManager: Shutting down and abandoning module LuminTargetPlatform (127)
[2019.03.26-16.13.12:653][207]LogModuleManager: Shutting down and abandoning module LinuxTargetPlatform (125)
[2019.03.26-16.13.12:653][207]LogModuleManager: Shutting down and abandoning module LinuxServerTargetPlatform (123)
[2019.03.26-16.13.12:653][207]LogModuleManager: Shutting down and abandoning module LinuxNoEditorTargetPlatform (121)
[2019.03.26-16.13.12:653][207]LogModuleManager: Shutting down and abandoning module LinuxClientTargetPlatform (119)
[2019.03.26-16.13.12:653][207]LogModuleManager: Shutting down and abandoning module TVOSTargetPlatform (117)
[2019.03.26-16.13.12:654][207]LogModuleManager: Shutting down and abandoning module Messaging (115)
[2019.03.26-16.13.12:654][207]LogModuleManager: Shutting down and abandoning module IOSTargetPlatform (113)
[2019.03.26-16.13.12:654][207]LogModuleManager: Shutting down and abandoning module HTML5TargetPlatform (111)
[2019.03.26-16.13.12:654][207]LogModuleManager: Shutting down and abandoning module AndroidTargetPlatform (109)
[2019.03.26-16.13.12:658][207]LogModuleManager: Shutting down and abandoning module WindowsTargetPlatform (107)
[2019.03.26-16.13.12:658][207]LogModuleManager: Shutting down and abandoning module WindowsServerTargetPlatform (105)
[2019.03.26-16.13.12:658][207]LogModuleManager: Shutting down and abandoning module WindowsNoEditorTargetPlatform (103)
[2019.03.26-16.13.12:658][207]LogModuleManager: Shutting down and abandoning module WindowsClientTargetPlatform (101)
[2019.03.26-16.13.12:658][207]LogModuleManager: Shutting down and abandoning module MacTargetPlatform (99)
[2019.03.26-16.13.12:658][207]LogModuleManager: Shutting down and abandoning module MacServerTargetPlatform (97)
[2019.03.26-16.13.12:658][207]LogModuleManager: Shutting down and abandoning module MacNoEditorTargetPlatform (95)
[2019.03.26-16.13.12:658][207]LogModuleManager: Shutting down and abandoning module MacClientTargetPlatform (93)
[2019.03.26-16.13.12:658][207]LogModuleManager: Shutting down and abandoning module AllDesktopTargetPlatform (91)
[2019.03.26-16.13.12:658][207]LogModuleManager: Shutting down and abandoning module InputCore (88)
[2019.03.26-16.13.12:658][207]LogModuleManager: Shutting down and abandoning module Settings (86)
[2019.03.26-16.13.12:658][207]LogModuleManager: Shutting down and abandoning module PhysXCooking (84)
[2019.03.26-16.13.12:658][207]LogModuleManager: Shutting down and abandoning module SteamVR (82)
[2019.03.26-16.13.12:658][207]LogHMD: Freeing OpenVRDLLHandle.
[2019.03.26-16.13.12:658][207]LogModuleManager: Shutting down and abandoning module OculusHMD (80)
[2019.03.26-16.13.12:658][207]LogModuleManager: Shutting down and abandoning module ExampleDeviceProfileSelector (78)
[2019.03.26-16.13.12:658][207]LogModuleManager: Shutting down and abandoning module LauncherChunkInstaller (76)
[2019.03.26-16.13.12:658][207]LogModuleManager: Shutting down and abandoning module OnlineBlueprintSupport (74)
[2019.03.26-16.13.12:658][207]LogModuleManager: Shutting down and abandoning module OnlineSubsystem (70)
[2019.03.26-16.13.12:692][207]LogModuleManager: Shutting down and abandoning module XMPP (63)
[2019.03.26-16.13.12:709][207]LogModuleManager: Shutting down and abandoning module WebSockets (62)
[2019.03.26-16.13.12:734][207]LogModuleManager: Shutting down and abandoning module HTTP (59)
[2019.03.26-16.13.12:734][207]LogHttp: Display: Http module shutting down, but needs to wait on 1 outstanding Http requests:
[2019.03.26-16.13.12:734][207]LogHttp: Display: 	verb=[POST] url=[https://datarouter.ol.epicgames.com/datarouter/api/v1/public/data?SessionID=%7B5952558D-4CCF-2A61-F3F2-CAB1A92A1734%7D&AppID=UEEditor.Rocket.Release&AppVersion=4.21.2-4753647%2B%2B%2BUE4%2BRelease-4.21&UserID=223845704c6516493bcdb69e8f4e2567%7C52cd936612ca433ba7244efdbd41ffd6%7C4eec7dc2-007f-4bed-8ab7-a8a892bc0b34&AppEnvironment=datacollector-binary&UploadType=eteventstream] status=Processing
[2019.03.26-16.13.12:750][207]LogModuleManager: Shutting down and abandoning module SSL (58)
[2019.03.26-16.13.12:751][207]LogModuleManager: Shutting down and abandoning module MagicLeapIdentity (54)
[2019.03.26-16.13.12:751][207]LogModuleManager: Shutting down and abandoning module MagicLeapHelperVulkan (52)
[2019.03.26-16.13.12:751][207]LogModuleManager: Shutting down and abandoning module MagicLeapHelperOpenGL (50)
[2019.03.26-16.13.12:751][207]LogModuleManager: Shutting down and abandoning module MagicLeapSecureStorage (48)
[2019.03.26-16.13.12:751][207]LogModuleManager: Shutting down and abandoning module MagicLeapHandTracking (46)
[2019.03.26-16.13.12:751][207]LogModuleManager: Shutting down and abandoning module MagicLeapEyeTracker (44)
[2019.03.26-16.13.12:751][207]LogModuleManager: Shutting down and abandoning module MagicLeapController (42)
[2019.03.26-16.13.12:751][207]LogSlate: Slate User Destroyed.  User Index 0, Is Virtual User: 0
[2019.03.26-16.13.12:751][207]LogModuleManager: Shutting down and abandoning module MagicLeap (40)
[2019.03.26-16.13.12:751][207]LogModuleManager: Shutting down and abandoning module DatasmithContent (38)
[2019.03.26-16.13.12:752][207]LogModuleManager: Shutting down and abandoning module AnimationModifiers (36)
[2019.03.26-16.13.12:763][207]LogModuleManager: Shutting down and abandoning module PropertyEditor (35)
[2019.03.26-16.13.12:774][207]LogModuleManager: Shutting down and abandoning module AudioEditor (32)
[2019.03.26-16.13.12:783][207]LogModuleManager: Shutting down and abandoning module TextureCompressor (30)
[2019.03.26-16.13.12:784][207]LogModuleManager: Shutting down and abandoning module ShaderCore (28)
[2019.03.26-16.13.12:784][207]LogModuleManager: Shutting down and abandoning module Landscape (26)
[2019.03.26-16.13.12:784][207]LogModuleManager: Shutting down and abandoning module SlateRHIRenderer (24)
[2019.03.26-16.13.12:784][207]LogModuleManager: Shutting down and abandoning module OpenGLDrv (22)
[2019.03.26-16.13.12:793][207]LogModuleManager: Shutting down and abandoning module D3D11RHI (20)
[2019.03.26-16.13.12:793][207]LogModuleManager: Shutting down and abandoning module AnimGraphRuntime (18)
[2019.03.26-16.13.12:793][207]LogModuleManager: Shutting down and abandoning module Renderer (16)
[2019.03.26-16.13.12:793][207]LogModuleManager: Shutting down and abandoning module Engine (14)
[2019.03.26-16.13.12:793][207]LogModuleManager: Shutting down and abandoning module CoreUObject (12)
[2019.03.26-16.13.12:793][207]LogModuleManager: Shutting down and abandoning module NetworkFile (10)
[2019.03.26-16.13.12:799][207]LogModuleManager: Shutting down and abandoning module CookedIterativeFile (8)
[2019.03.26-16.13.12:799][207]LogModuleManager: Shutting down and abandoning module StreamingFile (6)
[2019.03.26-16.13.12:803][207]LogModuleManager: Shutting down and abandoning module SandboxFile (4)
[2019.03.26-16.13.12:803][207]LogModuleManager: Shutting down and abandoning module PakFile (2)
[2019.03.26-16.13.12:822][207]LogExit: Exiting.
[2019.03.26-16.13.12:832][207]Log file closed, 03/26/19 17:13:12
