Log file open, 03/30/19 12:17:25
LogWindows: Failed to load 'aqProf.dll' (GetLastError=126)
LogWindows: File 'aqProf.dll' does not exist
LogWindows: Failed to load 'VtuneApi.dll' (GetLastError=126)
LogWindows: File 'VtuneApi.dll' does not exist
LogWindows: Failed to load 'VtuneApi32e.dll' (GetLastError=126)
LogWindows: File 'VtuneApi32e.dll' does not exist
LogConsoleResponse: Display: Failed to find resolution value strings in scalability ini. Falling back to default.
LogInit: Display: Running engine for game: PixelArcade
LogPakFile: Registered encryption key '00000000000000000000000000000000': 0 pak files mounted, 0 remain pending
LogPlatformFile: Not using cached read wrapper
LogTaskGraph: Started task graph with 5 named threads and 23 total threads with 3 sets of task threads.
LogStats: Stats thread started at 3.138216
LogD3D11RHI: Loaded GFSDK_Aftermath_Lib.x64.dll
LogICUInternationalization: ICU TimeZone Detection - Raw Offset: +1:00, Platform Override: ''
LogPluginManager: Mounting plugin Paper2D
LogPluginManager: Mounting plugin AISupport
LogPluginManager: Mounting plugin LightPropagationVolume
LogPluginManager: Mounting plugin ActorLayerUtilities
LogPluginManager: Mounting plugin CLionSourceCodeAccess
LogPluginManager: Mounting plugin CodeLiteSourceCodeAccess
LogPluginManager: Mounting plugin GitSourceControl
LogPluginManager: Mounting plugin KDevelopSourceCodeAccess
LogPluginManager: Mounting plugin NullSourceCodeAccess
LogPluginManager: Mounting plugin PerforceSourceControl
LogPluginManager: Mounting plugin SubversionSourceControl
LogPluginManager: Mounting plugin UObjectPlugin
LogPluginManager: Mounting plugin VisualStudioCodeSourceCodeAccess
LogPluginManager: Mounting plugin VisualStudioSourceCodeAccess
LogPluginManager: Mounting plugin XCodeSourceCodeAccess
LogPluginManager: Mounting plugin AssetManagerEditor
LogPluginManager: Mounting plugin CryptoKeys
LogPluginManager: Mounting plugin DataValidation
LogPluginManager: Mounting plugin FacialAnimation
LogPluginManager: Mounting plugin GameplayTagsEditor
LogPluginManager: Mounting plugin MacGraphicsSwitching
LogPluginManager: Mounting plugin MeshEditor
LogPluginManager: Mounting plugin MobileLauncherProfileWizard
LogPluginManager: Mounting plugin PluginBrowser
LogPluginManager: Mounting plugin SpeedTreeImporter
LogPluginManager: Mounting plugin DatasmithContent
LogPluginManager: Mounting plugin VariantManagerContent
LogPluginManager: Mounting plugin AlembicImporter
LogPluginManager: Mounting plugin AppleImageUtils
LogPluginManager: Mounting plugin AppleVision
LogPluginManager: Mounting plugin BackChannel
LogPluginManager: Mounting plugin CharacterAI
LogPluginManager: Mounting plugin GeometryCache
LogPluginManager: Mounting plugin HTML5Networking
LogPluginManager: Mounting plugin ProxyLODPlugin
LogPluginManager: Mounting plugin MagicLeap
LogPluginManager: Mounting plugin MagicLeapMedia
LogPluginManager: Mounting plugin ProductivityTools
LogPluginManager: Mounting plugin AndroidMedia
LogPluginManager: Mounting plugin AvfMedia
LogPluginManager: Mounting plugin ImgMedia
LogPluginManager: Mounting plugin LinearTimecode
LogPluginManager: Mounting plugin MediaCompositing
LogPluginManager: Mounting plugin MediaPlayerEditor
LogPluginManager: Mounting plugin WebMMedia
LogPluginManager: Mounting plugin WmfMedia
LogPluginManager: Mounting plugin TcpMessaging
LogPluginManager: Mounting plugin UdpMessaging
LogPluginManager: Mounting plugin ActorSequence
LogPluginManager: Mounting plugin LevelSequenceEditor
LogPluginManager: Mounting plugin MatineeToLevelSequence
LogPluginManager: Mounting plugin NetcodeUnitTest
LogPluginManager: Mounting plugin NUTUnrealEngine4
LogPluginManager: Mounting plugin OnlineSubsystemGooglePlay
LogPluginManager: Mounting plugin OnlineSubsystemIOS
LogPluginManager: Mounting plugin OnlineSubsystem
LogPluginManager: Mounting plugin OnlineSubsystemNull
LogPluginManager: Mounting plugin OnlineSubsystemSteam
LogPluginManager: Mounting plugin OnlineSubsystemUtils
LogPluginManager: Mounting plugin LauncherChunkInstaller
LogPluginManager: Mounting plugin AndroidDeviceProfileSelector
LogPluginManager: Mounting plugin AndroidMoviePlayer
LogPluginManager: Mounting plugin AndroidPermission
LogPluginManager: Mounting plugin ApexDestruction
LogPluginManager: Mounting plugin AppleMoviePlayer
LogPluginManager: Mounting plugin ArchVisCharacter
LogPluginManager: Mounting plugin AudioCapture
LogPluginManager: Mounting plugin CableComponent
LogPluginManager: Mounting plugin CustomMeshComponent
LogPluginManager: Mounting plugin EditableMesh
LogPluginManager: Mounting plugin ExampleDeviceProfileSelector
LogPluginManager: Mounting plugin Firebase
LogPluginManager: Mounting plugin GoogleCloudMessaging
LogPluginManager: Mounting plugin IOSDeviceProfileSelector
LogPluginManager: Mounting plugin LinuxDeviceProfileSelector
LogPluginManager: Mounting plugin LocationServicesBPLibrary
LogPluginManager: Mounting plugin MobilePatchingUtils
LogPluginManager: Mounting plugin OculusVR
LogPluginManager: Mounting plugin PhysXVehicles
LogPluginManager: Mounting plugin ProceduralMeshComponent
LogPluginManager: Mounting plugin RuntimePhysXCooking
LogPluginManager: Mounting plugin SteamVR
LogPluginManager: Mounting plugin WebMMoviePlayer
LogPluginManager: Mounting plugin WindowsMoviePlayer
LogPluginManager: Mounting plugin AdvancedSessions
LogPluginManager: Mounting plugin AdvancedSteamSessions
LogStreaming: Display: Took  0.200s to configure plugins.
LogInit: Using libcurl 7.55.1-DEV
LogInit:  - built for x86_64-pc-win32
LogInit:  - supports SSL with OpenSSL/1.0.2h
LogInit:  - supports HTTP deflate (compression) using libz 1.2.8
LogInit:  - other features:
LogInit:      CURL_VERSION_SSL
LogInit:      CURL_VERSION_LIBZ
LogInit:      CURL_VERSION_IPV6
LogInit:      CURL_VERSION_ASYNCHDNS
LogInit:      CURL_VERSION_LARGEFILE
LogInit:      CURL_VERSION_IDN
LogInit:  CurlRequestOptions (configurable via config and command line):
LogInit:  - bVerifyPeer = true  - Libcurl will verify peer certificate
LogInit:  - bUseHttpProxy = false  - Libcurl will NOT use HTTP proxy
LogInit:  - bDontReuseConnections = false  - Libcurl will reuse connections
LogInit:  - MaxHostConnections = 16  - Libcurl will limit the number of connections to a host
LogInit:  - LocalHostAddr = Default
LogInit:  - BufferSize = 65536
LogInit: WinSock: version 1.1 (2.2), MaxSocks=32767, MaxUdp=65467
LogInit: Build: ++UE4+Release-4.21-CL-4753647
LogInit: Engine Version: 4.21.2-4753647+++UE4+Release-4.21
LogInit: Compatible Engine Version: 4.21.0-4541578+++UE4+Release-4.21
LogInit: Net CL: 4541578
LogInit: OS: Windows 10 (), CPU: Intel(R) Core(TM) i7-7700K CPU @ 4.20GHz, GPU: NVIDIA GeForce GTX 1080
LogInit: Compiled (64-bit): Jan 19 2019 02:07:31
LogInit: Compiled with Visual C++: 19.13.26129.00
LogInit: Build Configuration: Development
LogInit: Branch Name: ++UE4+Release-4.21
LogInit: Command Line: 
LogInit: Base Directory: D:/Program Files/Epic Games/UE_4.21/Engine/Binaries/Win64/
LogInit: Installed Engine Build: 1
LogDevObjectVersion: Number of dev versions registered: 22
LogDevObjectVersion:   Dev-Blueprints (B0D832E4-1F89-4F0D-ACCF-7EB736FD4AA2): 10
LogDevObjectVersion:   Dev-Build (E1C64328-A22C-4D53-A36C-8E866417BD8C): 0
LogDevObjectVersion:   Dev-Core (375EC13C-06E4-48FB-B500-84F0262A717E): 2
LogDevObjectVersion:   Dev-Editor (E4B068ED-F494-42E9-A231-DA0B2E46BB41): 26
LogDevObjectVersion:   Dev-Framework (CFFC743F-43B0-4480-9391-14DF171D2073): 34
LogDevObjectVersion:   Dev-Mobile (B02B49B5-BB20-44E9-A304-32B752E40360): 2
LogDevObjectVersion:   Dev-Networking (A4E4105C-59A1-49B5-A7C5-40C4547EDFEE): 0
LogDevObjectVersion:   Dev-Online (39C831C9-5AE6-47DC-9A44-9C173E1C8E7C): 0
LogDevObjectVersion:   Dev-Physics (78F01B33-EBEA-4F98-B9B4-84EACCB95AA2): 0
LogDevObjectVersion:   Dev-Platform (6631380F-2D4D-43E0-8009-CF276956A95A): 0
LogDevObjectVersion:   Dev-Rendering (12F88B9F-8875-4AFC-A67C-D90C383ABD29): 27
LogDevObjectVersion:   Dev-Sequencer (7B5AE74C-D270-4C10-A958-57980B212A5A): 9
LogDevObjectVersion:   Dev-VR (D7296918-1DD6-4BDD-9DE2-64A83CC13884): 2
LogDevObjectVersion:   Dev-LoadTimes (C2A15278-BFE7-4AFE-6C17-90FF531DF755): 1
LogDevObjectVersion:   Private-Geometry (6EACA3D4-40EC-4CC1-B786-8BED09428FC5): 3
LogDevObjectVersion:   Dev-AnimPhys (29E575DD-E0A3-4627-9D10-D276232CDCEA): 17
LogDevObjectVersion:   Dev-Anim (AF43A65D-7FD3-4947-9873-3E8ED9C1BB05): 2
LogDevObjectVersion:   Dev-ReflectionCapture (6B266CEC-1EC7-4B8F-A30B-E4D90942FC07): 1
LogDevObjectVersion:   Dev-Automation (0DF73D61-A23F-47EA-B727-89E90C41499A): 1
LogDevObjectVersion:   FortniteMain (601D1886-AC64-4F84-AA16-D3DE0DEAC7D6): 17
LogDevObjectVersion:   Dev-Enterprise (9DFFBCD6-494F-0158-E221-12823C92A888): 4
LogDevObjectVersion:   Dev-Niagara (F2AED0AC-9AFE-416F-8664-AA7FFA26D6FC): 1
LogStreaming: Display: Took  0.006s to delete old logs.
LogInit: Presizing for max 8388607 objects, including 0 objects not considered by GC, pre-allocating 0 bytes for permanent pool.
LogInit: Object subsystem initialized
LogConfig: Setting CVar [[con.DebugEarlyDefault:1]]
LogConfig: Setting CVar [[r.setres:1280x720]]
[2019.03.30-11.17.28:186][  0]LogConfig: Setting CVar [[r.VSync:0]]
[2019.03.30-11.17.28:186][  0]LogConfig: Setting CVar [[r.RHICmdBypass:0]]
[2019.03.30-11.17.28:186][  0]LogConfig: Applying CVar settings from Section [/Script/Engine.RendererSettings] File [C:/Users/joeym/OneDrive/Documenten/GitHub/PixelArcade/Saved/Config/Windows/Engine.ini]
[2019.03.30-11.17.28:186][  0]LogConfig: Setting CVar [[r.GPUCrashDebugging:0]]
[2019.03.30-11.17.28:186][  0]LogConfig: Applying CVar settings from Section [/Script/Engine.RendererOverrideSettings] File [C:/Users/joeym/OneDrive/Documenten/GitHub/PixelArcade/Saved/Config/Windows/Engine.ini]
[2019.03.30-11.17.28:186][  0]LogConfig: Applying CVar settings from Section [/Script/Engine.StreamingSettings] File [C:/Users/joeym/OneDrive/Documenten/GitHub/PixelArcade/Saved/Config/Windows/Engine.ini]
[2019.03.30-11.17.28:186][  0]LogConfig: Setting CVar [[s.MinBulkDataSizeForAsyncLoading:131072]]
[2019.03.30-11.17.28:186][  0]LogConfig: Setting CVar [[s.AsyncLoadingThreadEnabled:0]]
[2019.03.30-11.17.28:186][  0]LogConfig: Setting CVar [[s.EventDrivenLoaderEnabled:1]]
[2019.03.30-11.17.28:186][  0]LogConfig: Setting CVar [[s.WarnIfTimeLimitExceeded:0]]
[2019.03.30-11.17.28:186][  0]LogConfig: Setting CVar [[s.TimeLimitExceededMultiplier:1.5]]
[2019.03.30-11.17.28:186][  0]LogConfig: Setting CVar [[s.TimeLimitExceededMinTime:0.005]]
[2019.03.30-11.17.28:186][  0]LogConfig: Setting CVar [[s.UseBackgroundLevelStreaming:1]]
[2019.03.30-11.17.28:186][  0]LogConfig: Setting CVar [[s.PriorityAsyncLoadingExtraTime:15.0]]
[2019.03.30-11.17.28:186][  0]LogConfig: Setting CVar [[s.LevelStreamingActorsUpdateTimeLimit:5.0]]
[2019.03.30-11.17.28:186][  0]LogConfig: Setting CVar [[s.PriorityLevelStreamingActorsUpdateExtraTime:5.0]]
[2019.03.30-11.17.28:186][  0]LogConfig: Setting CVar [[s.LevelStreamingComponentsRegistrationGranularity:10]]
[2019.03.30-11.17.28:186][  0]LogConfig: Setting CVar [[s.UnregisterComponentsTimeLimit:1.0]]
[2019.03.30-11.17.28:186][  0]LogConfig: Setting CVar [[s.LevelStreamingComponentsUnregistrationGranularity:5]]
[2019.03.30-11.17.28:186][  0]LogConfig: Applying CVar settings from Section [/Script/Engine.GarbageCollectionSettings] File [C:/Users/joeym/OneDrive/Documenten/GitHub/PixelArcade/Saved/Config/Windows/Engine.ini]
[2019.03.30-11.17.28:187][  0]LogConfig: Setting CVar [[gc.MaxObjectsNotConsideredByGC:1]]
[2019.03.30-11.17.28:187][  0]LogConfig: Setting CVar [[gc.SizeOfPermanentObjectPool:0]]
[2019.03.30-11.17.28:187][  0]LogConfig: Setting CVar [[gc.FlushStreamingOnGC:0]]
[2019.03.30-11.17.28:187][  0]LogConfig: Setting CVar [[gc.NumRetriesBeforeForcingGC:10]]
[2019.03.30-11.17.28:187][  0]LogConfig: Setting CVar [[gc.AllowParallelGC:1]]
[2019.03.30-11.17.28:187][  0]LogConfig: Setting CVar [[gc.TimeBetweenPurgingPendingKillObjects:61.1]]
[2019.03.30-11.17.28:187][  0]LogConfig: Setting CVar [[gc.MaxObjectsInEditor:8388607]]
[2019.03.30-11.17.28:187][  0]LogConfig: Setting CVar [[gc.IncrementalBeginDestroyEnabled:1]]
[2019.03.30-11.17.28:187][  0]LogConfig: Setting CVar [[gc.CreateGCClusters:1]]
[2019.03.30-11.17.28:187][  0]LogConfig: Setting CVar [[gc.MergeGCClusters:0]]
[2019.03.30-11.17.28:187][  0]LogConfig: Setting CVar [[gc.MinGCClusterSize:5]]
[2019.03.30-11.17.28:187][  0]LogConfig: Setting CVar [[gc.ActorClusteringEnabled:0]]
[2019.03.30-11.17.28:187][  0]LogConfig: Setting CVar [[gc.BlueprintClusteringEnabled:0]]
[2019.03.30-11.17.28:187][  0]LogConfig: Setting CVar [[gc.UseDisregardForGCOnDedicatedServers:0]]
[2019.03.30-11.17.28:187][  0]LogConfig: Applying CVar settings from Section [/Script/Engine.NetworkSettings] File [C:/Users/joeym/OneDrive/Documenten/GitHub/PixelArcade/Saved/Config/Windows/Engine.ini]
[2019.03.30-11.17.28:187][  0]LogConfig: Applying CVar settings from Section [/Script/UnrealEd.CookerSettings] File [C:/Users/joeym/OneDrive/Documenten/GitHub/PixelArcade/Saved/Config/Windows/Engine.ini]
[2019.03.30-11.17.28:231][  0]LogConfig: Applying CVar settings from Section [ViewDistanceQuality@3] File [C:/Users/joeym/OneDrive/Documenten/GitHub/PixelArcade/Saved/Config/Windows/Scalability.ini]
[2019.03.30-11.17.28:231][  0]LogConfig: Setting CVar [[r.SkeletalMeshLODBias:0]]
[2019.03.30-11.17.28:231][  0]LogConfig: Setting CVar [[r.ViewDistanceScale:1.0]]
[2019.03.30-11.17.28:231][  0]LogConfig: Applying CVar settings from Section [AntiAliasingQuality@3] File [C:/Users/joeym/OneDrive/Documenten/GitHub/PixelArcade/Saved/Config/Windows/Scalability.ini]
[2019.03.30-11.17.28:231][  0]LogConfig: Setting CVar [[r.PostProcessAAQuality:4]]
[2019.03.30-11.17.28:231][  0]LogConfig: Applying CVar settings from Section [ShadowQuality@3] File [C:/Users/joeym/OneDrive/Documenten/GitHub/PixelArcade/Saved/Config/Windows/Scalability.ini]
[2019.03.30-11.17.28:231][  0]LogConfig: Setting CVar [[r.LightFunctionQuality:1]]
[2019.03.30-11.17.28:231][  0]LogConfig: Setting CVar [[r.ShadowQuality:5]]
[2019.03.30-11.17.28:231][  0]LogConfig: Setting CVar [[r.Shadow.CSM.MaxCascades:10]]
[2019.03.30-11.17.28:231][  0]LogConfig: Setting CVar [[r.Shadow.MaxResolution:2048]]
[2019.03.30-11.17.28:231][  0]LogConfig: Setting CVar [[r.Shadow.MaxCSMResolution:2048]]
[2019.03.30-11.17.28:231][  0]LogConfig: Setting CVar [[r.Shadow.RadiusThreshold:0.01]]
[2019.03.30-11.17.28:231][  0]LogConfig: Setting CVar [[r.Shadow.DistanceScale:1.0]]
[2019.03.30-11.17.28:231][  0]LogConfig: Setting CVar [[r.Shadow.CSM.TransitionScale:1.0]]
[2019.03.30-11.17.28:231][  0]LogConfig: Setting CVar [[r.Shadow.PreShadowResolutionFactor:1.0]]
[2019.03.30-11.17.28:231][  0]LogConfig: Setting CVar [[r.DistanceFieldShadowing:1]]
[2019.03.30-11.17.28:232][  0]LogConfig: Setting CVar [[r.DistanceFieldAO:1]]
[2019.03.30-11.17.28:232][  0]LogConfig: Setting CVar [[r.AOQuality:2]]
[2019.03.30-11.17.28:232][  0]LogConfig: Setting CVar [[r.VolumetricFog:1]]
[2019.03.30-11.17.28:232][  0]LogConfig: Setting CVar [[r.VolumetricFog.GridPixelSize:8]]
[2019.03.30-11.17.28:232][  0]LogConfig: Setting CVar [[r.VolumetricFog.GridSizeZ:128]]
[2019.03.30-11.17.28:232][  0]LogConfig: Setting CVar [[r.VolumetricFog.HistoryMissSupersampleCount:4]]
[2019.03.30-11.17.28:232][  0]LogConfig: Setting CVar [[r.LightMaxDrawDistanceScale:1]]
[2019.03.30-11.17.28:232][  0]LogConfig: Setting CVar [[r.CapsuleShadows:1]]
[2019.03.30-11.17.28:232][  0]LogConfig: Applying CVar settings from Section [PostProcessQuality@3] File [C:/Users/joeym/OneDrive/Documenten/GitHub/PixelArcade/Saved/Config/Windows/Scalability.ini]
[2019.03.30-11.17.28:232][  0]LogConfig: Setting CVar [[r.MotionBlurQuality:4]]
[2019.03.30-11.17.28:232][  0]LogConfig: Setting CVar [[r.AmbientOcclusionMipLevelFactor:0.4]]
[2019.03.30-11.17.28:232][  0]LogConfig: Setting CVar [[r.AmbientOcclusionMaxQuality:100]]
[2019.03.30-11.17.28:232][  0]LogConfig: Setting CVar [[r.AmbientOcclusionLevels:-1]]
[2019.03.30-11.17.28:232][  0]LogConfig: Setting CVar [[r.AmbientOcclusionRadiusScale:1.0]]
[2019.03.30-11.17.28:232][  0]LogConfig: Setting CVar [[r.DepthOfFieldQuality:2]]
[2019.03.30-11.17.28:232][  0]LogConfig: Setting CVar [[r.RenderTargetPoolMin:400]]
[2019.03.30-11.17.28:232][  0]LogConfig: Setting CVar [[r.LensFlareQuality:2]]
[2019.03.30-11.17.28:232][  0]LogConfig: Setting CVar [[r.SceneColorFringeQuality:1]]
[2019.03.30-11.17.28:232][  0]LogConfig: Setting CVar [[r.EyeAdaptationQuality:2]]
[2019.03.30-11.17.28:232][  0]LogConfig: Setting CVar [[r.BloomQuality:5]]
[2019.03.30-11.17.28:232][  0]LogConfig: Setting CVar [[r.FastBlurThreshold:100]]
[2019.03.30-11.17.28:232][  0]LogConfig: Setting CVar [[r.Upscale.Quality:3]]
[2019.03.30-11.17.28:232][  0]LogConfig: Setting CVar [[r.Tonemapper.GrainQuantization:1]]
[2019.03.30-11.17.28:232][  0]LogConfig: Setting CVar [[r.LightShaftQuality:1]]
[2019.03.30-11.17.28:232][  0]LogConfig: Setting CVar [[r.Filter.SizeScale:1]]
[2019.03.30-11.17.28:232][  0]LogConfig: Setting CVar [[r.Tonemapper.Quality:5]]
[2019.03.30-11.17.28:232][  0]LogConfig: Setting CVar [[r.DOF.Gather.AccumulatorQuality:1        ; higher gathering accumulator quality]]
[2019.03.30-11.17.28:232][  0]LogConfig: Setting CVar [[r.DOF.Gather.PostfilterMethod:1          ; Median3x3 postfilering method]]
[2019.03.30-11.17.28:232][  0]LogConfig: Setting CVar [[r.DOF.Gather.EnableBokehSettings:0       ; no bokeh simulation when gathering]]
[2019.03.30-11.17.28:232][  0]LogConfig: Setting CVar [[r.DOF.Gather.RingCount:4                 ; medium number of samples when gathering]]
[2019.03.30-11.17.28:232][  0]LogConfig: Setting CVar [[r.DOF.Scatter.ForegroundCompositing:1    ; additive foreground scattering]]
[2019.03.30-11.17.28:232][  0]LogConfig: Setting CVar [[r.DOF.Scatter.BackgroundCompositing:2    ; additive background scattering]]
[2019.03.30-11.17.28:232][  0]LogConfig: Setting CVar [[r.DOF.Scatter.EnableBokehSettings:1      ; bokeh simulation when scattering]]
[2019.03.30-11.17.28:232][  0]LogConfig: Setting CVar [[r.DOF.Scatter.MaxSpriteRatio:0.1         ; only a maximum of 10% of scattered bokeh]]
[2019.03.30-11.17.28:232][  0]LogConfig: Setting CVar [[r.DOF.Recombine.Quality:1                ; cheap slight out of focus]]
[2019.03.30-11.17.28:232][  0]LogConfig: Setting CVar [[r.DOF.Recombine.EnableBokehSettings:0    ; no bokeh simulation on slight out of focus]]
[2019.03.30-11.17.28:232][  0]LogConfig: Setting CVar [[r.DOF.TemporalAAQuality:1                ; more stable temporal accumulation]]
[2019.03.30-11.17.28:232][  0]LogConfig: Setting CVar [[r.DOF.Kernel.MaxForegroundRadius:0.025]]
[2019.03.30-11.17.28:232][  0]LogConfig: Setting CVar [[r.DOF.Kernel.MaxBackgroundRadius:0.025]]
[2019.03.30-11.17.28:232][  0]LogConfig: Applying CVar settings from Section [TextureQuality@3] File [C:/Users/joeym/OneDrive/Documenten/GitHub/PixelArcade/Saved/Config/Windows/Scalability.ini]
[2019.03.30-11.17.28:232][  0]LogConfig: Setting CVar [[r.Streaming.MipBias:0]]
[2019.03.30-11.17.28:232][  0]LogConfig: Setting CVar [[r.Streaming.AmortizeCPUToGPUCopy:0]]
[2019.03.30-11.17.28:232][  0]LogConfig: Setting CVar [[r.Streaming.MaxNumTexturesToStreamPerFrame:0]]
[2019.03.30-11.17.28:232][  0]LogConfig: Setting CVar [[r.Streaming.Boost:1]]
[2019.03.30-11.17.28:232][  0]LogConfig: Setting CVar [[r.MaxAnisotropy:8]]
[2019.03.30-11.17.28:232][  0]LogConfig: Setting CVar [[r.Streaming.LimitPoolSizeToVRAM:0]]
[2019.03.30-11.17.28:232][  0]LogConfig: Setting CVar [[r.Streaming.PoolSize:1000]]
[2019.03.30-11.17.28:232][  0]LogConfig: Setting CVar [[r.Streaming.MaxEffectiveScreenSize:0]]
[2019.03.30-11.17.28:232][  0]LogConfig: Applying CVar settings from Section [EffectsQuality@3] File [C:/Users/joeym/OneDrive/Documenten/GitHub/PixelArcade/Saved/Config/Windows/Scalability.ini]
[2019.03.30-11.17.28:232][  0]LogConfig: Setting CVar [[r.TranslucencyLightingVolumeDim:64]]
[2019.03.30-11.17.28:232][  0]LogConfig: Setting CVar [[r.RefractionQuality:2]]
[2019.03.30-11.17.28:232][  0]LogConfig: Setting CVar [[r.SSR.Quality:3]]
[2019.03.30-11.17.28:232][  0]LogConfig: Setting CVar [[r.SceneColorFormat:4]]
[2019.03.30-11.17.28:232][  0]LogConfig: Setting CVar [[r.DetailMode:2]]
[2019.03.30-11.17.28:232][  0]LogConfig: Setting CVar [[r.TranslucencyVolumeBlur:1]]
[2019.03.30-11.17.28:232][  0]LogConfig: Setting CVar [[r.MaterialQualityLevel:1 ; High quality]]
[2019.03.30-11.17.28:232][  0]LogConfig: Setting CVar [[r.SSS.Scale:1]]
[2019.03.30-11.17.28:232][  0]LogConfig: Setting CVar [[r.SSS.SampleSet:2]]
[2019.03.30-11.17.28:232][  0]LogConfig: Setting CVar [[r.SSS.Quality:1]]
[2019.03.30-11.17.28:232][  0]LogConfig: Setting CVar [[r.SSS.HalfRes:1]]
[2019.03.30-11.17.28:232][  0]LogConfig: Setting CVar [[r.EmitterSpawnRateScale:1.0]]
[2019.03.30-11.17.28:232][  0]LogConfig: Setting CVar [[r.ParticleLightQuality:2]]
[2019.03.30-11.17.28:232][  0]LogConfig: Applying CVar settings from Section [FoliageQuality@3] File [C:/Users/joeym/OneDrive/Documenten/GitHub/PixelArcade/Saved/Config/Windows/Scalability.ini]
[2019.03.30-11.17.28:232][  0]LogConfig: Setting CVar [[foliage.DensityScale:1.0]]
[2019.03.30-11.17.28:232][  0]LogConfig: Setting CVar [[grass.DensityScale:1.0]]
[2019.03.30-11.17.28:242][  0]LogInit: Selected Device Profile: [Windows]
[2019.03.30-11.17.28:243][  0]LogInit: Applying CVar settings loaded from the selected device profile: [Windows]
[2019.03.30-11.17.28:285][  0]LogHAL: Display: Platform has ~ 16 GB [17106059264 / 17179869184 / 16], which maps to Larger [LargestMinGB=32, LargerMinGB=12, DefaultMinGB=8, SmallerMinGB=6, SmallestMinGB=0)
[2019.03.30-11.17.28:294][  0]LogConfig: Setting CVar [[r.Vulkan.UseRealUBs:1]]
[2019.03.30-11.17.28:294][  0]LogInit: Going up to parent DeviceProfile []
[2019.03.30-11.17.28:295][  0]LogConfig: Applying CVar settings from Section [ViewDistanceQuality@3] File [C:/Users/joeym/OneDrive/Documenten/GitHub/PixelArcade/Saved/Config/Windows/Scalability.ini]
[2019.03.30-11.17.28:295][  0]LogConfig: Setting CVar [[r.SkeletalMeshLODBias:0]]
[2019.03.30-11.17.28:295][  0]LogConfig: Setting CVar [[r.ViewDistanceScale:1.0]]
[2019.03.30-11.17.28:295][  0]LogConfig: Applying CVar settings from Section [AntiAliasingQuality@3] File [C:/Users/joeym/OneDrive/Documenten/GitHub/PixelArcade/Saved/Config/Windows/Scalability.ini]
[2019.03.30-11.17.28:295][  0]LogConfig: Setting CVar [[r.PostProcessAAQuality:4]]
[2019.03.30-11.17.28:295][  0]LogConfig: Applying CVar settings from Section [ShadowQuality@3] File [C:/Users/joeym/OneDrive/Documenten/GitHub/PixelArcade/Saved/Config/Windows/Scalability.ini]
[2019.03.30-11.17.28:295][  0]LogConfig: Setting CVar [[r.LightFunctionQuality:1]]
[2019.03.30-11.17.28:295][  0]LogConfig: Setting CVar [[r.ShadowQuality:5]]
[2019.03.30-11.17.28:295][  0]LogConfig: Setting CVar [[r.Shadow.CSM.MaxCascades:10]]
[2019.03.30-11.17.28:295][  0]LogConfig: Setting CVar [[r.Shadow.MaxResolution:2048]]
[2019.03.30-11.17.28:295][  0]LogConfig: Setting CVar [[r.Shadow.MaxCSMResolution:2048]]
[2019.03.30-11.17.28:295][  0]LogConfig: Setting CVar [[r.Shadow.RadiusThreshold:0.01]]
[2019.03.30-11.17.28:295][  0]LogConfig: Setting CVar [[r.Shadow.DistanceScale:1.0]]
[2019.03.30-11.17.28:295][  0]LogConfig: Setting CVar [[r.Shadow.CSM.TransitionScale:1.0]]
[2019.03.30-11.17.28:295][  0]LogConfig: Setting CVar [[r.Shadow.PreShadowResolutionFactor:1.0]]
[2019.03.30-11.17.28:295][  0]LogConfig: Setting CVar [[r.DistanceFieldShadowing:1]]
[2019.03.30-11.17.28:295][  0]LogConfig: Setting CVar [[r.DistanceFieldAO:1]]
[2019.03.30-11.17.28:295][  0]LogConfig: Setting CVar [[r.AOQuality:2]]
[2019.03.30-11.17.28:295][  0]LogConfig: Setting CVar [[r.VolumetricFog:1]]
[2019.03.30-11.17.28:295][  0]LogConfig: Setting CVar [[r.VolumetricFog.GridPixelSize:8]]
[2019.03.30-11.17.28:295][  0]LogConfig: Setting CVar [[r.VolumetricFog.GridSizeZ:128]]
[2019.03.30-11.17.28:295][  0]LogConfig: Setting CVar [[r.VolumetricFog.HistoryMissSupersampleCount:4]]
[2019.03.30-11.17.28:295][  0]LogConfig: Setting CVar [[r.LightMaxDrawDistanceScale:1]]
[2019.03.30-11.17.28:295][  0]LogConfig: Setting CVar [[r.CapsuleShadows:1]]
[2019.03.30-11.17.28:295][  0]LogConfig: Applying CVar settings from Section [PostProcessQuality@3] File [C:/Users/joeym/OneDrive/Documenten/GitHub/PixelArcade/Saved/Config/Windows/Scalability.ini]
[2019.03.30-11.17.28:295][  0]LogConfig: Setting CVar [[r.MotionBlurQuality:4]]
[2019.03.30-11.17.28:295][  0]LogConfig: Setting CVar [[r.AmbientOcclusionMipLevelFactor:0.4]]
[2019.03.30-11.17.28:295][  0]LogConfig: Setting CVar [[r.AmbientOcclusionMaxQuality:100]]
[2019.03.30-11.17.28:295][  0]LogConfig: Setting CVar [[r.AmbientOcclusionLevels:-1]]
[2019.03.30-11.17.28:295][  0]LogConfig: Setting CVar [[r.AmbientOcclusionRadiusScale:1.0]]
[2019.03.30-11.17.28:295][  0]LogConfig: Setting CVar [[r.DepthOfFieldQuality:2]]
[2019.03.30-11.17.28:295][  0]LogConfig: Setting CVar [[r.RenderTargetPoolMin:400]]
[2019.03.30-11.17.28:295][  0]LogConfig: Setting CVar [[r.LensFlareQuality:2]]
[2019.03.30-11.17.28:295][  0]LogConfig: Setting CVar [[r.SceneColorFringeQuality:1]]
[2019.03.30-11.17.28:295][  0]LogConfig: Setting CVar [[r.EyeAdaptationQuality:2]]
[2019.03.30-11.17.28:295][  0]LogConfig: Setting CVar [[r.BloomQuality:5]]
[2019.03.30-11.17.28:295][  0]LogConfig: Setting CVar [[r.FastBlurThreshold:100]]
[2019.03.30-11.17.28:295][  0]LogConfig: Setting CVar [[r.Upscale.Quality:3]]
[2019.03.30-11.17.28:295][  0]LogConfig: Setting CVar [[r.Tonemapper.GrainQuantization:1]]
[2019.03.30-11.17.28:295][  0]LogConfig: Setting CVar [[r.LightShaftQuality:1]]
[2019.03.30-11.17.28:295][  0]LogConfig: Setting CVar [[r.Filter.SizeScale:1]]
[2019.03.30-11.17.28:295][  0]LogConfig: Setting CVar [[r.Tonemapper.Quality:5]]
[2019.03.30-11.17.28:295][  0]LogConfig: Setting CVar [[r.DOF.Gather.AccumulatorQuality:1        ; higher gathering accumulator quality]]
[2019.03.30-11.17.28:295][  0]LogConfig: Setting CVar [[r.DOF.Gather.PostfilterMethod:1          ; Median3x3 postfilering method]]
[2019.03.30-11.17.28:295][  0]LogConfig: Setting CVar [[r.DOF.Gather.EnableBokehSettings:0       ; no bokeh simulation when gathering]]
[2019.03.30-11.17.28:295][  0]LogConfig: Setting CVar [[r.DOF.Gather.RingCount:4                 ; medium number of samples when gathering]]
[2019.03.30-11.17.28:295][  0]LogConfig: Setting CVar [[r.DOF.Scatter.ForegroundCompositing:1    ; additive foreground scattering]]
[2019.03.30-11.17.28:295][  0]LogConfig: Setting CVar [[r.DOF.Scatter.BackgroundCompositing:2    ; additive background scattering]]
[2019.03.30-11.17.28:295][  0]LogConfig: Setting CVar [[r.DOF.Scatter.EnableBokehSettings:1      ; bokeh simulation when scattering]]
[2019.03.30-11.17.28:295][  0]LogConfig: Setting CVar [[r.DOF.Scatter.MaxSpriteRatio:0.1         ; only a maximum of 10% of scattered bokeh]]
[2019.03.30-11.17.28:295][  0]LogConfig: Setting CVar [[r.DOF.Recombine.Quality:1                ; cheap slight out of focus]]
[2019.03.30-11.17.28:295][  0]LogConfig: Setting CVar [[r.DOF.Recombine.EnableBokehSettings:0    ; no bokeh simulation on slight out of focus]]
[2019.03.30-11.17.28:295][  0]LogConfig: Setting CVar [[r.DOF.TemporalAAQuality:1                ; more stable temporal accumulation]]
[2019.03.30-11.17.28:295][  0]LogConfig: Setting CVar [[r.DOF.Kernel.MaxForegroundRadius:0.025]]
[2019.03.30-11.17.28:295][  0]LogConfig: Setting CVar [[r.DOF.Kernel.MaxBackgroundRadius:0.025]]
[2019.03.30-11.17.28:295][  0]LogConfig: Applying CVar settings from Section [TextureQuality@3] File [C:/Users/joeym/OneDrive/Documenten/GitHub/PixelArcade/Saved/Config/Windows/Scalability.ini]
[2019.03.30-11.17.28:295][  0]LogConfig: Setting CVar [[r.Streaming.MipBias:0]]
[2019.03.30-11.17.28:295][  0]LogConfig: Setting CVar [[r.Streaming.AmortizeCPUToGPUCopy:0]]
[2019.03.30-11.17.28:295][  0]LogConfig: Setting CVar [[r.Streaming.MaxNumTexturesToStreamPerFrame:0]]
[2019.03.30-11.17.28:295][  0]LogConfig: Setting CVar [[r.Streaming.Boost:1]]
[2019.03.30-11.17.28:295][  0]LogConfig: Setting CVar [[r.MaxAnisotropy:8]]
[2019.03.30-11.17.28:295][  0]LogConfig: Setting CVar [[r.Streaming.LimitPoolSizeToVRAM:0]]
[2019.03.30-11.17.28:295][  0]LogConfig: Setting CVar [[r.Streaming.PoolSize:1000]]
[2019.03.30-11.17.28:295][  0]LogConfig: Setting CVar [[r.Streaming.MaxEffectiveScreenSize:0]]
[2019.03.30-11.17.28:295][  0]LogConfig: Applying CVar settings from Section [EffectsQuality@3] File [C:/Users/joeym/OneDrive/Documenten/GitHub/PixelArcade/Saved/Config/Windows/Scalability.ini]
[2019.03.30-11.17.28:295][  0]LogConfig: Setting CVar [[r.TranslucencyLightingVolumeDim:64]]
[2019.03.30-11.17.28:295][  0]LogConfig: Setting CVar [[r.RefractionQuality:2]]
[2019.03.30-11.17.28:295][  0]LogConfig: Setting CVar [[r.SSR.Quality:3]]
[2019.03.30-11.17.28:295][  0]LogConfig: Setting CVar [[r.SceneColorFormat:4]]
[2019.03.30-11.17.28:295][  0]LogConfig: Setting CVar [[r.DetailMode:2]]
[2019.03.30-11.17.28:295][  0]LogConfig: Setting CVar [[r.TranslucencyVolumeBlur:1]]
[2019.03.30-11.17.28:295][  0]LogConfig: Setting CVar [[r.MaterialQualityLevel:1 ; High quality]]
[2019.03.30-11.17.28:295][  0]LogConfig: Setting CVar [[r.SSS.Scale:1]]
[2019.03.30-11.17.28:295][  0]LogConfig: Setting CVar [[r.SSS.SampleSet:2]]
[2019.03.30-11.17.28:295][  0]LogConfig: Setting CVar [[r.SSS.Quality:1]]
[2019.03.30-11.17.28:295][  0]LogConfig: Setting CVar [[r.SSS.HalfRes:1]]
[2019.03.30-11.17.28:295][  0]LogConfig: Setting CVar [[r.EmitterSpawnRateScale:1.0]]
[2019.03.30-11.17.28:295][  0]LogConfig: Setting CVar [[r.ParticleLightQuality:2]]
[2019.03.30-11.17.28:295][  0]LogConfig: Applying CVar settings from Section [FoliageQuality@3] File [C:/Users/joeym/OneDrive/Documenten/GitHub/PixelArcade/Saved/Config/Windows/Scalability.ini]
[2019.03.30-11.17.28:295][  0]LogConfig: Setting CVar [[foliage.DensityScale:1.0]]
[2019.03.30-11.17.28:295][  0]LogConfig: Setting CVar [[grass.DensityScale:1.0]]
[2019.03.30-11.17.28:295][  0]LogConfig: Applying CVar settings from Section [Startup] File [../../../Engine/Config/ConsoleVariables.ini]
[2019.03.30-11.17.28:318][  0]LogConfig: Setting CVar [[net.UseAdaptiveNetUpdateFrequency:0]]
[2019.03.30-11.17.28:318][  0]LogConfig: Applying CVar settings from Section [ConsoleVariables] File [C:/Users/joeym/OneDrive/Documenten/GitHub/PixelArcade/Saved/Config/Windows/Engine.ini]
[2019.03.30-11.17.28:333][  0]LogInit: Computer: JOEYCOMPUTER
[2019.03.30-11.17.28:333][  0]LogInit: User: joeym
[2019.03.30-11.17.28:333][  0]LogInit: CPU Page size=4096, Cores=4
[2019.03.30-11.17.28:333][  0]LogInit: High frequency timer resolution =10.000000 MHz
[2019.03.30-11.17.28:342][  0]LogMemory: Memory total: Physical=15.9GB (16GB approx)
[2019.03.30-11.17.28:342][  0]LogMemory: Platform Memory Stats for Windows
[2019.03.30-11.17.28:342][  0]LogMemory: Process Physical Memory: 102.70 MB used, 102.70 MB peak
[2019.03.30-11.17.28:342][  0]LogMemory: Process Virtual Memory: 89.69 MB used, 89.69 MB peak
[2019.03.30-11.17.28:342][  0]LogMemory: Physical Memory: 4961.63 MB used,  11351.98 MB free, 16313.61 MB total
[2019.03.30-11.17.28:342][  0]LogMemory: Virtual Memory: 4648.41 MB used,  134213080.00 MB free, 134217728.00 MB total
[2019.03.30-11.17.28:939][  0]LogInit: Using OS detected language (nl-NL).
[2019.03.30-11.17.28:939][  0]LogInit: Using OS detected locale (nl-NL).
[2019.03.30-11.17.28:998][  0]LogTextLocalizationManager: No localization for 'nl-NL' exists, so 'en' will be used for the language.
[2019.03.30-11.17.29:711][  0]LogStreaming: Display: Took  0.757s to InitEngineTextLocalization.
[2019.03.30-11.17.29:718][  0]LogInit: Setting process to per monitor DPI aware
[2019.03.30-11.17.30:391][  0]LogSlate: New Slate User Created.  User Index 0, Is Virtual User: 0
[2019.03.30-11.17.30:391][  0]LogSlate: Slate User Registered.  User Index 0, Is Virtual User: 0
[2019.03.30-11.17.33:093][  0]LogHMD: Failed to initialize OpenVR with code 110
[2019.03.30-11.17.33:093][  0]LogD3D11RHI: D3D11 adapters:
[2019.03.30-11.17.33:141][  0]LogD3D11RHI:    0. 'NVIDIA GeForce GTX 1080' (Feature Level 11_0)
[2019.03.30-11.17.33:141][  0]LogD3D11RHI:       8079/0/8156 MB DedicatedVideo/DedicatedSystem/SharedSystem, Outputs:2, VendorId:0x10de
[2019.03.30-11.17.33:143][  0]LogD3D11RHI:    1. 'Microsoft Basic Render Driver' (Feature Level 11_0)
[2019.03.30-11.17.33:143][  0]LogD3D11RHI:       0/0/8156 MB DedicatedVideo/DedicatedSystem/SharedSystem, Outputs:0, VendorId:0x1414
[2019.03.30-11.17.33:143][  0]LogD3D11RHI: Chosen D3D11 Adapter: 0
[2019.03.30-11.17.33:150][  0]LogD3D11RHI: Creating new Direct3DDevice
[2019.03.30-11.17.33:150][  0]LogD3D11RHI:     GPU DeviceId: 0x1b80 (for the marketing name, search the web for "GPU Device Id")
[2019.03.30-11.17.33:150][  0]LogWindows: EnumDisplayDevices:
[2019.03.30-11.17.33:150][  0]LogWindows:    0. 'NVIDIA GeForce GTX 1080' (P:1 D:1)
[2019.03.30-11.17.33:150][  0]LogWindows:    1. 'NVIDIA GeForce GTX 1080' (P:0 D:1)
[2019.03.30-11.17.33:151][  0]LogWindows:    2. 'NVIDIA GeForce GTX 1080' (P:0 D:0)
[2019.03.30-11.17.33:151][  0]LogWindows:    3. 'NVIDIA GeForce GTX 1080' (P:0 D:0)
[2019.03.30-11.17.33:151][  0]LogWindows: DebugString: FoundDriverCount:4 
[2019.03.30-11.17.33:151][  0]LogD3D11RHI:     Adapter Name: NVIDIA GeForce GTX 1080
[2019.03.30-11.17.33:151][  0]LogD3D11RHI:   Driver Version: 419.17 (internal:25.21.14.1917, unified:419.17)
[2019.03.30-11.17.33:152][  0]LogD3D11RHI:      Driver Date: 2-20-2019
[2019.03.30-11.17.33:152][  0]LogRHI: Texture pool is 5655 MB (70% of 8079 MB)
[2019.03.30-11.17.33:180][  0]LogD3D11RHI: Async texture creation enabled
[2019.03.30-11.17.33:391][  0]LogD3D11RHI: GPU Timing Frequency: 1000.000000 (Debug: 2 1)
[2019.03.30-11.17.34:184][  0]LogTemp: Display: Loaded TP AllDesktopTargetPlatform
[2019.03.30-11.17.34:225][  0]LogTemp: Display: Loaded TP MacClientTargetPlatform
[2019.03.30-11.17.34:258][  0]LogTemp: Display: Loaded TP MacNoEditorTargetPlatform
[2019.03.30-11.17.34:288][  0]LogTemp: Display: Loaded TP MacServerTargetPlatform
[2019.03.30-11.17.34:332][  0]LogTemp: Display: Loaded TP MacTargetPlatform
[2019.03.30-11.17.34:386][  0]LogTemp: Display: Loaded TP WindowsClientTargetPlatform
[2019.03.30-11.17.34:418][  0]LogTemp: Display: Loaded TP WindowsNoEditorTargetPlatform
[2019.03.30-11.17.34:442][  0]LogTemp: Display: Loaded TP WindowsServerTargetPlatform
[2019.03.30-11.17.34:455][  0]LogTemp: Display: Loaded TP WindowsTargetPlatform
[2019.03.30-11.17.34:576][  0]LogTemp: Display: Loaded TP AndroidTargetPlatform
[2019.03.30-11.17.34:576][  0]LogTemp: Display: Loaded TP AndroidTargetPlatform
[2019.03.30-11.17.34:576][  0]LogTemp: Display: Loaded TP AndroidTargetPlatform
[2019.03.30-11.17.34:576][  0]LogTemp: Display: Loaded TP AndroidTargetPlatform
[2019.03.30-11.17.34:576][  0]LogTemp: Display: Loaded TP AndroidTargetPlatform
[2019.03.30-11.17.34:576][  0]LogTemp: Display: Loaded TP AndroidTargetPlatform
[2019.03.30-11.17.34:576][  0]LogTemp: Display: Loaded TP AndroidTargetPlatform
[2019.03.30-11.17.34:576][  0]LogTemp: Display: Loaded TP AndroidTargetPlatform
[2019.03.30-11.17.34:576][  0]LogTemp: Display: Loaded TP AndroidTargetPlatform
[2019.03.30-11.17.34:576][  0]LogTemp: Display: Loaded TP AndroidTargetPlatform
[2019.03.30-11.17.34:576][  0]LogTemp: Display: Loaded TP AndroidTargetPlatform
[2019.03.30-11.17.34:576][  0]LogTemp: Display: Loaded TP AndroidTargetPlatform
[2019.03.30-11.17.34:576][  0]LogTemp: Display: Loaded TP AndroidTargetPlatform
[2019.03.30-11.17.34:576][  0]LogTemp: Display: Loaded TP AndroidTargetPlatform
[2019.03.30-11.17.34:576][  0]LogTemp: Display: Loaded TP AndroidTargetPlatform
[2019.03.30-11.17.34:576][  0]LogTemp: Display: Loaded TP AndroidTargetPlatform
[2019.03.30-11.17.34:576][  0]LogTemp: Display: Loaded TP AndroidTargetPlatform
[2019.03.30-11.17.34:576][  0]LogTemp: Display: Loaded TP AndroidTargetPlatform
[2019.03.30-11.17.34:600][  0]LogTemp: Display: Loaded TP HTML5TargetPlatform
[2019.03.30-11.17.34:745][  0]LogTemp: Display: Loaded TP IOSTargetPlatform
[2019.03.30-11.17.34:745][  0]LogTemp: Display: Loaded TP IOSTargetPlatform
[2019.03.30-11.17.34:779][  0]LogTemp: Display: Loaded TP TVOSTargetPlatform
[2019.03.30-11.17.34:779][  0]LogTemp: Display: Loaded TP TVOSTargetPlatform
[2019.03.30-11.17.34:800][  0]LogTemp: Display: Loaded TP LinuxClientTargetPlatform
[2019.03.30-11.17.34:827][  0]LogTemp: Display: Loaded TP LinuxNoEditorTargetPlatform
[2019.03.30-11.17.34:850][  0]LogTemp: Display: Loaded TP LinuxServerTargetPlatform
[2019.03.30-11.17.34:882][  0]LogTemp: Display: Loaded TP LinuxTargetPlatform
[2019.03.30-11.17.34:933][  0]LogTemp: Display: Loaded TP LuminTargetPlatform
[2019.03.30-11.17.34:933][  0]LogTemp: Display: Loaded TP LuminTargetPlatform
[2019.03.30-11.17.34:933][  0]LogTargetPlatformManager: Display: Building Assets For Windows
[2019.03.30-11.17.35:721][  0]LogShaderCompilers: Guid format shader working directory is -8 characters bigger than the processId version (C:/Users/joeym/OneDrive/Documenten/GitHub/PixelArcade/Intermediate/Shaders/WorkingDirectory/17488/).
[2019.03.30-11.17.35:721][  0]LogShaderCompilers: Cleaned the shader compiler working directory 'C:/Users/joeym/AppData/Local/Temp/UnrealShaderWorkingDir/D0D425454462B690E7FA1C89A300AD93/'.
[2019.03.30-11.17.35:744][  0]LogXGEController: Cleaning working directory: C:/Users/joeym/AppData/Local/Temp/UnrealXGEWorkingDir/
[2019.03.30-11.17.35:744][  0]LogXGEController: Cannot use XGE Controller as Incredibuild is not installed on this machine.
[2019.03.30-11.17.35:744][  0]LogShaderCompilers: Cannot use XGE Shader Compiler as Incredibuild is not installed on this machine.
[2019.03.30-11.17.35:744][  0]LogShaderCompilers: Display: Using Local Shader Compiler.
[2019.03.30-11.17.38:065][  0]LogDerivedDataCache: Display: Max Cache Size: 512 MB
[2019.03.30-11.17.38:154][  0]LogDerivedDataCache: Loaded boot cache 0.09s 71MB C:/Users/joeym/AppData/Local/UnrealEngine/4.21/DerivedDataCache/Boot.ddc.
[2019.03.30-11.17.38:154][  0]LogDerivedDataCache: Display: Loaded Boot cache: C:/Users/joeym/AppData/Local/UnrealEngine/4.21/DerivedDataCache/Boot.ddc
[2019.03.30-11.17.38:154][  0]LogDerivedDataCache: FDerivedDataBackendGraph:  Pak pak cache file C:/Users/joeym/OneDrive/Documenten/GitHub/PixelArcade/DerivedDataCache/DDC.ddp not found, will not use a pak cache.
[2019.03.30-11.17.38:154][  0]LogDerivedDataCache: Unable to find inner node Pak for hierarchical cache Hierarchy.
[2019.03.30-11.17.38:154][  0]LogDerivedDataCache: FDerivedDataBackendGraph:  CompressedPak pak cache file C:/Users/joeym/OneDrive/Documenten/GitHub/PixelArcade/DerivedDataCache/Compressed.ddp not found, will not use a pak cache.
[2019.03.30-11.17.38:154][  0]LogDerivedDataCache: Unable to find inner node CompressedPak for hierarchical cache Hierarchy.
[2019.03.30-11.17.38:221][  0]LogDerivedDataCache: Display: Pak cache opened for reading ../../../Engine/DerivedDataCache/Compressed.ddp.
[2019.03.30-11.17.38:222][  0]LogDerivedDataCache: FDerivedDataBackendGraph:  EnterprisePak pak cache file ../../../Enterprise/DerivedDataCache/Compressed.ddp not found, will not use a pak cache.
[2019.03.30-11.17.38:222][  0]LogDerivedDataCache: Unable to find inner node EnterprisePak for hierarchical cache Hierarchy.
[2019.03.30-11.17.38:235][  0]LogDerivedDataCache: Using Local data cache path C:/Users/joeym/AppData/Local/UnrealEngine/Common/DerivedDataCache: Writable
[2019.03.30-11.17.38:235][  0]LogDerivedDataCache: Shared data cache path not found in *engine.ini, will not use an Shared cache.
[2019.03.30-11.17.38:235][  0]LogDerivedDataCache: Unable to find inner node Shared for hierarchical cache Hierarchy.
[2019.03.30-11.17.38:282][  0]LogMaterial: Verifying Global Shaders for PCD3D_SM5
[2019.03.30-11.17.38:347][  0]LogSlate: Using FreeType 2.6.0
[2019.03.30-11.17.38:450][  0]LogSlate: SlateFontServices - WITH_FREETYPE: 1, WITH_HARFBUZZ: 1
[2019.03.30-11.17.40:156][  0]LogAssetRegistry: FAssetRegistry took 0.0424 seconds to start up
[2019.03.30-11.17.43:307][  0]LogInit: Selected Device Profile: [Windows]
[2019.03.30-11.17.45:904][  0]LogSimplygon: Simplygon DLL not present - disabling.
[2019.03.30-11.17.46:102][  0]LogMeshReduction: Using SimplygonSwarm for distributed automatic mesh merging
[2019.03.30-11.17.46:102][  0]LogMeshReduction: Using ProxyLODMeshReduction for automatic mesh merging
[2019.03.30-11.17.46:104][  0]LogMeshReduction: Using QuadricMeshReduction for automatic static mesh reduction
[2019.03.30-11.17.46:104][  0]LogMeshReduction: No automatic skeletal mesh reduction module available
[2019.03.30-11.17.47:076][  0]LogNetVersion: PixelArcade 1.0.0, NetCL: 4541578, EngineNetVer: 5, GameNetVer: 0 (Checksum: 3322908292)
[2019.03.30-11.17.51:984][  0]LogPackageLocalizationCache: Processed 11 localized package path(s) for 1 prioritized culture(s) in 0.072158 seconds
[2019.03.30-11.17.52:023][  0]LogUObjectArray: 39775 objects as part of root set at end of initial load.
[2019.03.30-11.17.52:023][  0]LogUObjectAllocator: 6914664 out of 0 bytes used by permanent object pool.
[2019.03.30-11.17.52:023][  0]LogUObjectArray: CloseDisregardForGC: 0/0 objects in disregard for GC pool
[2019.03.30-11.18.15:879][  0]LogTcpMessaging: Initializing TcpMessaging bridge
[2019.03.30-11.18.15:927][  0]LogUdpMessaging: Initializing bridge on interface 0.0.0.0:0 to multicast group 230.0.0.1:6666.
[2019.03.30-11.18.17:711][  0]SourceControl: Source control is disabled
[2019.03.30-11.18.17:720][  0]SourceControl: Source control is disabled
[2019.03.30-11.18.17:804][  0]SourceControl: Source control is disabled
[2019.03.30-11.18.17:824][  0]SourceControl: Source control is disabled
[2019.03.30-11.18.19:134][  0]LogOnline: Display: STEAM: Loading Steam SDK 1.39
[2019.03.30-11.18.19:212][  0]LogAndroidPermission: UAndroidPermissionCallbackProxy::GetInstance
[2019.03.30-11.18.19:427][  0]LogOcInput: OculusInput pre-init called
[2019.03.30-11.18.20:248][  0]LogEngine: Initializing Engine...
[2019.03.30-11.18.20:268][  0]LogHMD: Failed to initialize OpenVR with code 110
[2019.03.30-11.18.20:282][  0]LogStats: UGameplayTagsManager::ConstructGameplayTagTree: ImportINI prefixes -  0.000 s
[2019.03.30-11.18.20:282][  0]LogStats: UGameplayTagsManager::ConstructGameplayTagTree: Construct from data asset -  0.000 s
[2019.03.30-11.18.20:282][  0]LogStats: UGameplayTagsManager::ConstructGameplayTagTree: ImportINI -  0.000 s
[2019.03.30-11.18.20:282][  0]LogStats: UGameplayTagsManager::ConstructGameplayTagTree: GameplayTagTreeChangedEvent.Broadcast -  0.000 s
[2019.03.30-11.18.20:539][  0]LogInit: Initializing FReadOnlyCVARCache
[2019.03.30-11.18.20:871][  0]LogAIModule: Creating AISystem for world Untitled
[2019.03.30-11.18.21:032][  0]LogInit: XAudio2 using 'luidspreker/Hoofdtelefoon (Realtek High Definition Audio)' : 2 channels at 48 kHz using 32 bits per sample (channel mask 0x3)
[2019.03.30-11.18.21:074][  0]LogInit: FAudioDevice initialized.
[2019.03.30-11.18.21:074][  0]LogNetVersion: Set ProjectVersion to 1.0.0.0. Version Checksum will be recalculated on next use.
[2019.03.30-11.18.21:119][  0]LogDerivedDataCache: Saved boot cache 0.04s 71MB C:/Users/joeym/AppData/Local/UnrealEngine/4.21/DerivedDataCache/Boot.ddc.
[2019.03.30-11.18.21:140][  0]LogInit: Texture streaming: Enabled
[2019.03.30-11.18.21:278][  0]LogEngineSessionManager: EngineSessionManager initialized
[2019.03.30-11.18.21:377][  0]LogInit: Transaction tracking system initialized
[2019.03.30-11.18.21:646][  0]BlueprintLog: New page: Editor Load
[2019.03.30-11.18.22:753][  0]LocalizationService: Localization service is disabled
[2019.03.30-11.18.25:035][  0]LogFileCache: Scanning file cache for directory 'C:/Users/joeym/OneDrive/Documenten/GitHub/PixelArcade/Content/' took 0.02s
[2019.03.30-11.18.25:035][  0]LogCook: Display: Max memory allowance for cook 16384mb min free memory 0mb
[2019.03.30-11.18.25:035][  0]LogCook: Display: Mobile HDR setting 1
[2019.03.30-11.18.25:035][  0]LogGameplayTags: Display: UGameplayTagsManager::DoneAddingNativeTags. DelegateIsBound: 0
[2019.03.30-11.18.25:035][  0]LogStats: UGameplayTagsManager::ConstructGameplayTagTree: ImportINI prefixes -  0.000 s
[2019.03.30-11.18.25:035][  0]LogStats: UGameplayTagsManager::ConstructGameplayTagTree: Construct from data asset -  0.000 s
[2019.03.30-11.18.25:036][  0]LogStats: UGameplayTagsManager::ConstructGameplayTagTree: ImportINI -  0.000 s
[2019.03.30-11.18.25:036][  0]LogStats: UGameplayTagsManager::ConstructGameplayTagTree: GameplayTagTreeChangedEvent.Broadcast -  0.000 s
[2019.03.30-11.18.28:115][  0]SourceControl: Source control is disabled
[2019.03.30-11.18.28:150][  0]Cmd: MAP LOAD FILE="C:/Users/joeym/OneDrive/Documenten/GitHub/PixelArcade/Content/PixelWorlds/PixelMenu.umap" TEMPLATE=0 SHOWPROGRESS=1 FEATURELEVEL=3
[2019.03.30-11.18.28:162][  0]LightingResults: New page: Lighting Build
[2019.03.30-11.18.28:293][  0]MapCheck: New page: Map Check
[2019.03.30-11.18.28:293][  0]LightingResults: New page: Lighting Build
[2019.03.30-11.18.28:870][  0]LogProperty: Error: UStructProperty::Serialize Loading: Property 'StructProperty /Game/MyGame/MyGameBlueprints/MyGameInstance/MyGameInstance.MyGameInstance_C:getServerSettings.Server Settings'. Unknown structure.
[2019.03.30-11.18.28:870][  0]LogProperty: Error: UStructProperty::Serialize Loading: Property 'StructProperty /Game/MyGame/MyGameBlueprints/MyGameInstance/MyGameInstance.MyGameInstance_C:ServerSettings'. Unknown structure.
[2019.03.30-11.18.28:870][  0]LogClass: Warning: Property ServerSettings of ServerSettings has a struct type mismatch (tag STRUCT_REINST_ServerSettings_0 != prop FallbackStruct) in package:  C:/Users/joeym/OneDrive/Documenten/GitHub/PixelArcade/Content/MyGame/MyGameBlueprints/MyGameInstance/MyGameInstance.uasset. If that struct got renamed, add an entry to ActiveStructRedirects.
[2019.03.30-11.18.28:874][  0]LogClass: Warning: Property ServerSettings of ServerSettings has a struct type mismatch (tag FallbackStruct != prop ServerSettings) in package:  FObjectReader. If that struct got renamed, add an entry to ActiveStructRedirects.
[2019.03.30-11.18.28:916][  0]LogLinker: Can't find file '/Game/SimpleInventory/Item_Base_Icon'
[2019.03.30-11.18.28:917][  0]LogLinker: Can't find file '/Game/SimpleInventory/Item_Base_Icon'
[2019.03.30-11.18.29:087][  0]LogLinker: Can't find file '/Game/SimpleInventory/Item_Base'
[2019.03.30-11.18.29:087][  0]LogLinker: Can't find file '/Game/SimpleInventory/Item_Base'
[2019.03.30-11.18.29:159][  0]LogProperty: Error: UStructProperty::Serialize Loading: Property 'StructProperty /Game/MyMenu/MM_Widget/MM_GameSettingGUI/ServerSettings/Settings/MM_ServerSetting_AllowChat.MM_ServerSetting_AllowChat_C:ExecuteUbergraph_MM_ServerSetting_AllowChat.K2Node_MakeStruct_ServerSettings'. Unknown structure.
[2019.03.30-11.18.29:159][  0]LogProperty: Error: UStructProperty::Serialize Loading: Property 'StructProperty /Game/MyMenu/MM_Widget/MM_GameSettingGUI/ServerSettings/Settings/MM_ServerSetting_AllowChat.MM_ServerSetting_AllowChat_C:ExecuteUbergraph_MM_ServerSetting_AllowChat.K2Node_MakeStruct_ServerSettings1'. Unknown structure.
[2019.03.30-11.18.29:166][  0]LogProperty: Error: UStructProperty::Serialize Loading: Property 'StructProperty /Game/MyMenu/MM_Widget/MM_GameSettingGUI/ServerSettings/Settings/MM_ServerSetting_AllowFriendsOnly.MM_ServerSetting_AllowFriendsOnly_C:ExecuteUbergraph_MM_ServerSetting_AllowFriendsOnly.K2Node_MakeStruct_ServerSettings'. Unknown structure.
[2019.03.30-11.18.29:166][  0]LogProperty: Error: UStructProperty::Serialize Loading: Property 'StructProperty /Game/MyMenu/MM_Widget/MM_GameSettingGUI/ServerSettings/Settings/MM_ServerSetting_AllowFriendsOnly.MM_ServerSetting_AllowFriendsOnly_C:ExecuteUbergraph_MM_ServerSetting_AllowFriendsOnly.K2Node_MakeStruct_ServerSettings1'. Unknown structure.
[2019.03.30-11.18.29:172][  0]LogProperty: Error: UStructProperty::Serialize Loading: Property 'StructProperty /Game/MyMenu/MM_Widget/MM_GameSettingGUI/ServerSettings/Settings/MM_ServerSetting_AllowInvites.MM_ServerSetting_AllowInvites_C:ExecuteUbergraph_MM_ServerSetting_AllowInvites.K2Node_MakeStruct_ServerSettings'. Unknown structure.
[2019.03.30-11.18.29:172][  0]LogProperty: Error: UStructProperty::Serialize Loading: Property 'StructProperty /Game/MyMenu/MM_Widget/MM_GameSettingGUI/ServerSettings/Settings/MM_ServerSetting_AllowInvites.MM_ServerSetting_AllowInvites_C:ExecuteUbergraph_MM_ServerSetting_AllowInvites.K2Node_MakeStruct_ServerSettings1'. Unknown structure.
[2019.03.30-11.18.29:179][  0]LogProperty: Error: UStructProperty::Serialize Loading: Property 'StructProperty /Game/MyMenu/MM_Widget/MM_GameSettingGUI/ServerSettings/Settings/MM_ServerSetting_AllowPVP.MM_ServerSetting_AllowPVP_C:ExecuteUbergraph_MM_ServerSetting_AllowPVP.K2Node_MakeStruct_ServerSettings'. Unknown structure.
[2019.03.30-11.18.29:179][  0]LogProperty: Error: UStructProperty::Serialize Loading: Property 'StructProperty /Game/MyMenu/MM_Widget/MM_GameSettingGUI/ServerSettings/Settings/MM_ServerSetting_AllowPVP.MM_ServerSetting_AllowPVP_C:ExecuteUbergraph_MM_ServerSetting_AllowPVP.K2Node_MakeStruct_ServerSettings1'. Unknown structure.
[2019.03.30-11.18.29:185][  0]LogProperty: Error: UStructProperty::Serialize Loading: Property 'StructProperty /Game/MyMenu/MM_Widget/MM_GameSettingGUI/ServerSettings/Settings/MM_ServerSetting_AllowQuickJoin.MM_ServerSetting_AllowQuickJoin_C:ExecuteUbergraph_MM_ServerSetting_AllowQuickJoin.K2Node_MakeStruct_ServerSettings'. Unknown structure.
[2019.03.30-11.18.29:185][  0]LogProperty: Error: UStructProperty::Serialize Loading: Property 'StructProperty /Game/MyMenu/MM_Widget/MM_GameSettingGUI/ServerSettings/Settings/MM_ServerSetting_AllowQuickJoin.MM_ServerSetting_AllowQuickJoin_C:ExecuteUbergraph_MM_ServerSetting_AllowQuickJoin.K2Node_MakeStruct_ServerSettings1'. Unknown structure.
[2019.03.30-11.18.29:191][  0]LogProperty: Error: UStructProperty::Serialize Loading: Property 'StructProperty /Game/MyMenu/MM_Widget/MM_GameSettingGUI/ServerSettings/Settings/MM_ServerSetting_AllowVOIP.MM_ServerSetting_AllowVOIP_C:ExecuteUbergraph_MM_ServerSetting_AllowVOIP.K2Node_MakeStruct_ServerSettings'. Unknown structure.
[2019.03.30-11.18.29:191][  0]LogProperty: Error: UStructProperty::Serialize Loading: Property 'StructProperty /Game/MyMenu/MM_Widget/MM_GameSettingGUI/ServerSettings/Settings/MM_ServerSetting_AllowVOIP.MM_ServerSetting_AllowVOIP_C:ExecuteUbergraph_MM_ServerSetting_AllowVOIP.K2Node_MakeStruct_ServerSettings1'. Unknown structure.
[2019.03.30-11.18.29:197][  0]LogProperty: Error: UStructProperty::Serialize Loading: Property 'StructProperty /Game/MyMenu/MM_Widget/MM_GameSettingGUI/ServerSettings/Settings/MM_ServerSetting_IsLan.MM_ServerSetting_IsLan_C:ExecuteUbergraph_MM_ServerSetting_IsLan.K2Node_MakeStruct_ServerSettings'. Unknown structure.
[2019.03.30-11.18.29:197][  0]LogProperty: Error: UStructProperty::Serialize Loading: Property 'StructProperty /Game/MyMenu/MM_Widget/MM_GameSettingGUI/ServerSettings/Settings/MM_ServerSetting_IsLan.MM_ServerSetting_IsLan_C:ExecuteUbergraph_MM_ServerSetting_IsLan.K2Node_MakeStruct_ServerSettings1'. Unknown structure.
[2019.03.30-11.18.29:205][  0]LogProperty: Error: UStructProperty::Serialize Loading: Property 'StructProperty /Game/MyMenu/MM_Widget/MM_GameSettingGUI/ServerSettings/Settings/MM_ServerSetting_MaxPlayers.MM_ServerSetting_MaxPlayers_C:ExecuteUbergraph_MM_ServerSetting_MaxPlayers.K2Node_MakeStruct_ServerSettings'. Unknown structure.
[2019.03.30-11.18.29:213][  0]LogProperty: Error: UStructProperty::Serialize Loading: Property 'StructProperty /Game/MyMenu/MM_Widget/MM_GameSettingGUI/ServerSettings/Settings/MM_ServerSetting_Password.MM_ServerSetting_Password_C:ExecuteUbergraph_MM_ServerSetting_Password.K2Node_MakeStruct_ServerSettings'. Unknown structure.
[2019.03.30-11.18.29:213][  0]LogProperty: Error: UStructProperty::Serialize Loading: Property 'StructProperty /Game/MyMenu/MM_Widget/MM_GameSettingGUI/ServerSettings/Settings/MM_ServerSetting_Password.MM_ServerSetting_Password_C:ExecuteUbergraph_MM_ServerSetting_Password.K2Node_MakeStruct_ServerSettings1'. Unknown structure.
[2019.03.30-11.18.29:219][  0]LogProperty: Error: UStructProperty::Serialize Loading: Property 'StructProperty /Game/MyMenu/MM_Widget/MM_GameSettingGUI/ServerSettings/Settings/MM_ServerSetting_ServerName.MM_ServerSetting_ServerName_C:ExecuteUbergraph_MM_ServerSetting_ServerName.K2Node_MakeStruct_ServerSettings'. Unknown structure.
[2019.03.30-11.18.29:219][  0]LogProperty: Error: UStructProperty::Serialize Loading: Property 'StructProperty /Game/MyMenu/MM_Widget/MM_GameSettingGUI/ServerSettings/Settings/MM_ServerSetting_ServerName.MM_ServerSetting_ServerName_C:ExecuteUbergraph_MM_ServerSetting_ServerName.K2Node_MakeStruct_ServerSettings1'. Unknown structure.
[2019.03.30-11.18.29:224][  0]LogProperty: Error: UStructProperty::Serialize Loading: Property 'StructProperty /Game/MyMenu/MM_Widget/MM_GameSettingGUI/ServerSettings/MM_ServerSettingsHeader.MM_ServerSettingsHeader_C:ServerSettings'. Unknown structure.
[2019.03.30-11.18.29:224][  0]LogClass: Warning: Property ServerSettings of ServerSettings has a struct type mismatch (tag STRUCT_REINST_ServerSettings_0 != prop FallbackStruct) in package:  C:/Users/joeym/OneDrive/Documenten/GitHub/PixelArcade/Content/MyMenu/MM_Widget/MM_GameSettingGUI/ServerSettings/MM_ServerSettingsHeader.uasset. If that struct got renamed, add an entry to ActiveStructRedirects.
[2019.03.30-11.18.29:276][  0]LogProperty: Error: UStructProperty::Serialize Loading: Property 'StructProperty /Game/MyMenu/MM_Widget/MM_GameSettingGUI/WaveSettings/MM_WaveSettingsHeader.MM_WaveSettingsHeader_C:ServerSettings'. Unknown structure.
[2019.03.30-11.18.29:276][  0]LogClass: Warning: Property ServerSettings of ServerSettings has a struct type mismatch (tag STRUCT_REINST_ServerSettings_0 != prop FallbackStruct) in package:  C:/Users/joeym/OneDrive/Documenten/GitHub/PixelArcade/Content/MyMenu/MM_Widget/MM_GameSettingGUI/WaveSettings/MM_WaveSettingsHeader.uasset. If that struct got renamed, add an entry to ActiveStructRedirects.
[2019.03.30-11.18.29:320][  0]LogProperty: Error: UStructProperty::Serialize Loading: Property 'StructProperty /Game/MyMenu/MM_Widget/MM_GameSettingGUI/WorldSettings/MM_WorldSettingsHeader.MM_WorldSettingsHeader_C:ServerSettings'. Unknown structure.
[2019.03.30-11.18.29:320][  0]LogClass: Warning: Property ServerSettings of ServerSettings has a struct type mismatch (tag STRUCT_REINST_ServerSettings_0 != prop FallbackStruct) in package:  C:/Users/joeym/OneDrive/Documenten/GitHub/PixelArcade/Content/MyMenu/MM_Widget/MM_GameSettingGUI/WorldSettings/MM_WorldSettingsHeader.uasset. If that struct got renamed, add an entry to ActiveStructRedirects.
[2019.03.30-11.18.30:162][  0]LogClass: Warning: Property ServerSettings of ServerSettings has a struct type mismatch (tag FallbackStruct != prop ServerSettings) in package:  FObjectReader. If that struct got renamed, add an entry to ActiveStructRedirects.
[2019.03.30-11.18.30:163][  0]LogClass: Warning: Property ServerSettings of ServerSettings has a struct type mismatch (tag FallbackStruct != prop ServerSettings) in package:  FObjectReader. If that struct got renamed, add an entry to ActiveStructRedirects.
[2019.03.30-11.18.30:164][  0]LogClass: Warning: Property ServerSettings of ServerSettings has a struct type mismatch (tag FallbackStruct != prop ServerSettings) in package:  FObjectReader. If that struct got renamed, add an entry to ActiveStructRedirects.
[2019.03.30-11.18.31:573][  0]LogAIModule: Creating AISystem for world PixelMenu
[2019.03.30-11.18.31:954][  0]LogEditorServer: Finished looking for orphan Actors (0.000 secs)
[2019.03.30-11.18.32:092][  0]Cmd: MAP CHECKDEP NOCLEARLOG
[2019.03.30-11.18.32:092][  0]MapCheck: Map check complete: 0 Error(s), 0 Warning(s), took 0,155ms to complete.
[2019.03.30-11.18.32:092][  0]LogFileHelpers: Loading map 'PixelMenu' took 3.975
[2019.03.30-11.18.33:074][  0]LogSlate: Updating window title bar state: overlay mode, drag disabled, window buttons hidden, title bar hidden
[2019.03.30-11.18.33:090][  0]LogSlate: Updating window title bar state: overlay mode, drag disabled, window buttons hidden, title bar hidden
[2019.03.30-11.18.33:095][  0]LogSlate: Updating window title bar state: overlay mode, drag disabled, window buttons hidden, title bar hidden
[2019.03.30-11.18.33:100][  0]LogSlate: Updating window title bar state: overlay mode, drag disabled, window buttons hidden, title bar hidden
[2019.03.30-11.18.33:168][  0]LogCollectionManager: Loaded 0 collections in 0.001130 seconds
[2019.03.30-11.18.33:225][  0]LogFileCache: Scanning file cache for directory 'C:/Users/joeym/OneDrive/Documenten/GitHub/PixelArcade/Saved/Collections/' took 0.01s
[2019.03.30-11.18.33:225][  0]LogFileCache: Scanning file cache for directory 'C:/Users/joeym/OneDrive/Documenten/GitHub/PixelArcade/Content/Developers/joeym/Collections/' took 0.00s
[2019.03.30-11.18.33:225][  0]LogFileCache: Scanning file cache for directory 'C:/Users/joeym/OneDrive/Documenten/GitHub/PixelArcade/Content/Collections/' took 0.00s
[2019.03.30-11.18.33:225][  0]LogCollectionManager: Rebuilt the GUID cache for 0 collections in 0.000000 seconds
[2019.03.30-11.18.33:232][  0]LogContentBrowser: Native class hierarchy populated in 0.0063 seconds. Added 2687 classes and 638 folders.
[2019.03.30-11.18.33:264][  0]LogContentBrowser: Native class hierarchy updated for 'WidgetCarousel' in 0.0002 seconds. Added 0 classes and 0 folders.
[2019.03.30-11.18.33:339][  0]LogPakFile: Registered encryption key '00000000000000000000000000000000': 0 pak files mounted, 0 remain pending
[2019.03.30-11.18.33:377][  0]LogPakFile: Registered encryption key '00000000000000000000000000000000': 0 pak files mounted, 0 remain pending
[2019.03.30-11.18.33:397][  0]LogPakFile: Registered encryption key '00000000000000000000000000000000': 0 pak files mounted, 0 remain pending
[2019.03.30-11.18.33:408][  0]LogPakFile: Registered encryption key '00000000000000000000000000000000': 0 pak files mounted, 0 remain pending
[2019.03.30-11.18.33:425][  0]LogPakFile: Registered encryption key '00000000000000000000000000000000': 0 pak files mounted, 0 remain pending
[2019.03.30-11.18.33:438][  0]LogPakFile: Registered encryption key '00000000000000000000000000000000': 0 pak files mounted, 0 remain pending
[2019.03.30-11.18.33:450][  0]LogPakFile: Registered encryption key '00000000000000000000000000000000': 0 pak files mounted, 0 remain pending
[2019.03.30-11.18.33:464][  0]LogPakFile: Registered encryption key '00000000000000000000000000000000': 0 pak files mounted, 0 remain pending
[2019.03.30-11.18.33:472][  0]LogPakFile: Registered encryption key '00000000000000000000000000000000': 0 pak files mounted, 0 remain pending
[2019.03.30-11.18.33:487][  0]LogPakFile: Registered encryption key '00000000000000000000000000000000': 0 pak files mounted, 0 remain pending
[2019.03.30-11.18.33:499][  0]LogPakFile: Registered encryption key '00000000000000000000000000000000': 0 pak files mounted, 0 remain pending
[2019.03.30-11.18.33:513][  0]LogPakFile: Registered encryption key '00000000000000000000000000000000': 0 pak files mounted, 0 remain pending
[2019.03.30-11.18.33:530][  0]LogPakFile: Registered encryption key '00000000000000000000000000000000': 0 pak files mounted, 0 remain pending
[2019.03.30-11.18.33:540][  0]LogPakFile: Registered encryption key '00000000000000000000000000000000': 0 pak files mounted, 0 remain pending
[2019.03.30-11.18.33:552][  0]LogPakFile: Registered encryption key '00000000000000000000000000000000': 0 pak files mounted, 0 remain pending
[2019.03.30-11.18.33:561][  0]LogPakFile: Registered encryption key '00000000000000000000000000000000': 0 pak files mounted, 0 remain pending
[2019.03.30-11.18.33:584][  0]LogPakFile: Registered encryption key '00000000000000000000000000000000': 0 pak files mounted, 0 remain pending
[2019.03.30-11.18.33:594][  0]LogPakFile: Registered encryption key '00000000000000000000000000000000': 0 pak files mounted, 0 remain pending
[2019.03.30-11.18.33:607][  0]LogPakFile: Registered encryption key '00000000000000000000000000000000': 0 pak files mounted, 0 remain pending
[2019.03.30-11.18.33:623][  0]LogPakFile: Registered encryption key '00000000000000000000000000000000': 0 pak files mounted, 0 remain pending
[2019.03.30-11.18.33:648][  0]LogPakFile: Registered encryption key '00000000000000000000000000000000': 0 pak files mounted, 0 remain pending
[2019.03.30-11.18.33:661][  0]LogPakFile: Registered encryption key '00000000000000000000000000000000': 0 pak files mounted, 0 remain pending
[2019.03.30-11.18.33:668][  0]LogPakFile: Registered encryption key '00000000000000000000000000000000': 0 pak files mounted, 0 remain pending
[2019.03.30-11.18.33:683][  0]LogPakFile: Registered encryption key '00000000000000000000000000000000': 0 pak files mounted, 0 remain pending
[2019.03.30-11.18.33:700][  0]LogPakFile: Registered encryption key '00000000000000000000000000000000': 0 pak files mounted, 0 remain pending
[2019.03.30-11.18.33:711][  0]LogPakFile: Registered encryption key '00000000000000000000000000000000': 0 pak files mounted, 0 remain pending
[2019.03.30-11.18.34:342][  0]LogContentBrowser: Native class hierarchy updated for 'AddContentDialog' in 0.0002 seconds. Added 0 classes and 0 folders.
[2019.03.30-11.18.34:381][  0]LogContentBrowser: Native class hierarchy updated for 'SceneOutliner' in 0.0002 seconds. Added 1 classes and 2 folders.
[2019.03.30-11.18.35:179][  0]LogSlate: Took 0.015617 seconds to synchronously load lazily loaded font '../../../Engine/Content/Slate/Fonts/Roboto-Regular.ttf' (155K)
[2019.03.30-11.18.35:218][  0]LogSlate: Took 0.036960 seconds to synchronously load lazily loaded font '../../../Engine/Content/Slate/Fonts/Roboto-Bold.ttf' (160K)
[2019.03.30-11.18.35:293][  0]LogSlate: Took 0.019485 seconds to synchronously load lazily loaded font '../../../Engine/Content/Editor/Slate/Fonts/FontAwesome.ttf' (139K)
[2019.03.30-11.18.35:577][  0]LogRenderer: Reallocating scene render targets to support 1208x596 Format 10 NumSamples 1 (Frame:1).
[2019.03.30-11.18.35:827][  0]LogSlate: Took 0.036612 seconds to synchronously load lazily loaded font '../../../Engine/Content/Slate/Fonts/Roboto-Light.ttf' (167K)
[2019.03.30-11.18.36:113][  0]LogContentBrowser: Native class hierarchy updated for 'HierarchicalLODOutliner' in 0.0002 seconds. Added 0 classes and 0 folders.
[2019.03.30-11.18.36:113][  0]LogLoad: (Engine Initialization) Total time: 80.66 seconds
[2019.03.30-11.18.36:113][  0]LogLoad: (Engine Initialization) Total Blueprint compile time: 0.00 seconds
[2019.03.30-11.18.36:298][  0]LogContentStreaming: Texture pool size now 1000 MB
[2019.03.30-11.18.37:207][ 10]LogAssetRegistry: Asset discovery search completed in 57.0734 seconds
[2019.03.30-11.18.37:209][ 10]LogCollectionManager: Rebuilt the object cache for 0 collections in 0.000000 seconds (found 0 objects)
[2019.03.30-11.18.37:209][ 10]LogCollectionManager: Fixed up redirectors for 0 collections in 0.000079 seconds (updated 0 objects)
[2019.03.30-11.18.54:043][ 60]LogEditorViewport: Clicking on Actor (LMB): BP_Sky_Sphere_C (Sky Sphere)
[2019.03.30-11.35.21:017][722]LogSlate: FSceneViewport::OnFocusLost() reason 0
[2019.03.30-11.35.21:160][732]LogTemp: Repeating last play command: Standalone Game
[2019.03.30-11.47.00:000][647]LogSlate: FSceneViewport::OnFocusLost() reason 2
[2019.03.30-11.47.02:248][905]LogConfig: Applying CVar settings from Section [ViewDistanceQuality@Cine] File [C:/Users/joeym/OneDrive/Documenten/GitHub/PixelArcade/Saved/Config/Windows/Scalability.ini]
[2019.03.30-11.47.02:248][905]LogConfig: Setting CVar [[r.SkeletalMeshLODBias:0]]
[2019.03.30-11.47.02:248][905]LogConfig: Setting CVar [[r.ViewDistanceScale:10.0]]
[2019.03.30-11.47.02:248][905]LogConfig: Applying CVar settings from Section [AntiAliasingQuality@Cine] File [C:/Users/joeym/OneDrive/Documenten/GitHub/PixelArcade/Saved/Config/Windows/Scalability.ini]
[2019.03.30-11.47.02:248][905]LogConfig: Setting CVar [[r.PostProcessAAQuality:6]]
[2019.03.30-11.47.02:248][905]LogConfig: Applying CVar settings from Section [ShadowQuality@Cine] File [C:/Users/joeym/OneDrive/Documenten/GitHub/PixelArcade/Saved/Config/Windows/Scalability.ini]
[2019.03.30-11.47.02:248][905]LogConfig: Setting CVar [[r.LightFunctionQuality:1]]
[2019.03.30-11.47.02:248][905]LogConfig: Setting CVar [[r.ShadowQuality:5]]
[2019.03.30-11.47.02:248][905]LogConfig: Setting CVar [[r.Shadow.CSM.MaxCascades:10]]
[2019.03.30-11.47.02:248][905]LogConfig: Setting CVar [[r.Shadow.MaxResolution:4096]]
[2019.03.30-11.47.02:248][905]LogConfig: Setting CVar [[r.Shadow.MaxCSMResolution:4096]]
[2019.03.30-11.47.02:248][905]LogConfig: Setting CVar [[r.Shadow.RadiusThreshold:0]]
[2019.03.30-11.47.02:248][905]LogConfig: Setting CVar [[r.Shadow.DistanceScale:1.0]]
[2019.03.30-11.47.02:248][905]LogConfig: Setting CVar [[r.Shadow.CSM.TransitionScale:1.0]]
[2019.03.30-11.47.02:248][905]LogConfig: Setting CVar [[r.Shadow.PreShadowResolutionFactor:1.0]]
[2019.03.30-11.47.02:248][905]LogConfig: Setting CVar [[r.DistanceFieldShadowing:1]]
[2019.03.30-11.47.02:248][905]LogConfig: Setting CVar [[r.DistanceFieldAO:1]]
[2019.03.30-11.47.02:248][905]LogConfig: Setting CVar [[r.AOQuality:2]]
[2019.03.30-11.47.02:248][905]LogConfig: Setting CVar [[r.VolumetricFog:1]]
[2019.03.30-11.47.02:248][905]LogConfig: Setting CVar [[r.VolumetricFog.GridPixelSize:4]]
[2019.03.30-11.47.02:248][905]LogConfig: Setting CVar [[r.VolumetricFog.GridSizeZ:128]]
[2019.03.30-11.47.02:248][905]LogConfig: Setting CVar [[r.VolumetricFog.HistoryMissSupersampleCount:16]]
[2019.03.30-11.47.02:248][905]LogConfig: Setting CVar [[r.LightMaxDrawDistanceScale:1]]
[2019.03.30-11.47.02:248][905]LogConfig: Setting CVar [[r.CapsuleShadows:1]]
[2019.03.30-11.47.02:248][905]LogConfig: Applying CVar settings from Section [PostProcessQuality@Cine] File [C:/Users/joeym/OneDrive/Documenten/GitHub/PixelArcade/Saved/Config/Windows/Scalability.ini]
[2019.03.30-11.47.02:248][905]LogConfig: Setting CVar [[r.MotionBlurQuality:4]]
[2019.03.30-11.47.02:248][905]LogConfig: Setting CVar [[r.AmbientOcclusionMipLevelFactor:0.4]]
[2019.03.30-11.47.02:248][905]LogConfig: Setting CVar [[r.AmbientOcclusionMaxQuality:100]]
[2019.03.30-11.47.02:248][905]LogConfig: Setting CVar [[r.AmbientOcclusionLevels:-1]]
[2019.03.30-11.47.02:248][905]LogConfig: Setting CVar [[r.AmbientOcclusionRadiusScale:1.0]]
[2019.03.30-11.47.02:248][905]LogConfig: Setting CVar [[r.DepthOfFieldQuality:4]]
[2019.03.30-11.47.02:248][905]LogConfig: Setting CVar [[r.RenderTargetPoolMin:1000]]
[2019.03.30-11.47.02:248][905]LogConfig: Setting CVar [[r.LensFlareQuality:3]]
[2019.03.30-11.47.02:248][905]LogConfig: Setting CVar [[r.SceneColorFringeQuality:1]]
[2019.03.30-11.47.02:248][905]LogConfig: Setting CVar [[r.EyeAdaptationQuality:2]]
[2019.03.30-11.47.02:248][905]LogConfig: Setting CVar [[r.BloomQuality:5]]
[2019.03.30-11.47.02:248][905]LogConfig: Setting CVar [[r.FastBlurThreshold:100]]
[2019.03.30-11.47.02:248][905]LogConfig: Setting CVar [[r.Upscale.Quality:3]]
[2019.03.30-11.47.02:248][905]LogConfig: Setting CVar [[r.Tonemapper.GrainQuantization:1]]
[2019.03.30-11.47.02:248][905]LogConfig: Setting CVar [[r.LightShaftQuality:1]]
[2019.03.30-11.47.02:248][905]LogConfig: Setting CVar [[r.Filter.SizeScale:1]]
[2019.03.30-11.47.02:248][905]LogConfig: Setting CVar [[r.Tonemapper.Quality:5]]
[2019.03.30-11.47.02:248][905]LogConfig: Setting CVar [[r.DOF.Gather.AccumulatorQuality:1        ; higher gathering accumulator quality]]
[2019.03.30-11.47.02:248][905]LogConfig: Setting CVar [[r.DOF.Gather.PostfilterMethod:1          ; Median3x3 postfilering method]]
[2019.03.30-11.47.02:248][905]LogConfig: Setting CVar [[r.DOF.Gather.EnableBokehSettings:1       ; bokeh simulation when gathering]]
[2019.03.30-11.47.02:248][905]LogConfig: Setting CVar [[r.DOF.Gather.RingCount:5                 ; high number of samples when gathering]]
[2019.03.30-11.47.02:248][905]LogConfig: Setting CVar [[r.DOF.Scatter.ForegroundCompositing:1    ; additive foreground scattering]]
[2019.03.30-11.47.02:248][905]LogConfig: Setting CVar [[r.DOF.Scatter.BackgroundCompositing:2    ; background scattering occlusion]]
[2019.03.30-11.47.02:248][905]LogConfig: Setting CVar [[r.DOF.Scatter.EnableBokehSettings:1      ; no bokeh simulation when scattering]]
[2019.03.30-11.47.02:248][905]LogConfig: Setting CVar [[r.DOF.Scatter.MaxSpriteRatio:0.1         ; only a maximum of 10% of scattered bokeh]]
[2019.03.30-11.47.02:248][905]LogConfig: Setting CVar [[r.DOF.Recombine.Quality:2                ; highest slight out of focus]]
[2019.03.30-11.47.02:248][905]LogConfig: Setting CVar [[r.DOF.Recombine.EnableBokehSettings:1    ; bokeh simulation on slight out of focus]]
[2019.03.30-11.47.02:249][905]LogConfig: Setting CVar [[r.DOF.TemporalAAQuality:1                ; more stable temporal accumulation]]
[2019.03.30-11.47.02:249][905]LogConfig: Setting CVar [[r.DOF.Kernel.MaxForegroundRadius:0.025]]
[2019.03.30-11.47.02:249][905]LogConfig: Setting CVar [[r.DOF.Kernel.MaxBackgroundRadius:0.025]]
[2019.03.30-11.47.02:249][905]LogConfig: Applying CVar settings from Section [TextureQuality@Cine] File [C:/Users/joeym/OneDrive/Documenten/GitHub/PixelArcade/Saved/Config/Windows/Scalability.ini]
[2019.03.30-11.47.02:249][905]LogConfig: Setting CVar [[r.Streaming.MipBias:0]]
[2019.03.30-11.47.02:249][905]LogConfig: Setting CVar [[r.Streaming.AmortizeCPUToGPUCopy:0]]
[2019.03.30-11.47.02:249][905]LogConfig: Setting CVar [[r.Streaming.MaxNumTexturesToStreamPerFrame:0]]
[2019.03.30-11.47.02:249][905]LogConfig: Setting CVar [[r.Streaming.Boost:1]]
[2019.03.30-11.47.02:249][905]LogConfig: Setting CVar [[r.MaxAnisotropy:8]]
[2019.03.30-11.47.02:249][905]LogConfig: Setting CVar [[r.Streaming.LimitPoolSizeToVRAM:0]]
[2019.03.30-11.47.02:249][905]LogConfig: Setting CVar [[r.Streaming.PoolSize:3000]]
[2019.03.30-11.47.02:249][905]LogConfig: Setting CVar [[r.Streaming.MaxEffectiveScreenSize:0]]
[2019.03.30-11.47.02:249][905]LogConfig: Applying CVar settings from Section [EffectsQuality@Cine] File [C:/Users/joeym/OneDrive/Documenten/GitHub/PixelArcade/Saved/Config/Windows/Scalability.ini]
[2019.03.30-11.47.02:249][905]LogConfig: Setting CVar [[r.TranslucencyLightingVolumeDim:64]]
[2019.03.30-11.47.02:249][905]LogConfig: Setting CVar [[r.RefractionQuality:2]]
[2019.03.30-11.47.02:249][905]LogConfig: Setting CVar [[r.SSR.Quality:4]]
[2019.03.30-11.47.02:249][905]LogConfig: Setting CVar [[r.SceneColorFormat:4]]
[2019.03.30-11.47.02:249][905]LogConfig: Setting CVar [[r.DetailMode:2]]
[2019.03.30-11.47.02:249][905]LogConfig: Setting CVar [[r.TranslucencyVolumeBlur:1]]
[2019.03.30-11.47.02:249][905]LogConfig: Setting CVar [[r.MaterialQualityLevel:1 ; High quality]]
[2019.03.30-11.47.02:249][905]LogConfig: Setting CVar [[r.SSS.Scale:1]]
[2019.03.30-11.47.02:249][905]LogConfig: Setting CVar [[r.SSS.SampleSet:2]]
[2019.03.30-11.47.02:249][905]LogConfig: Setting CVar [[r.SSS.Quality:1]]
[2019.03.30-11.47.02:249][905]LogConfig: Setting CVar [[r.SSS.HalfRes:0]]
[2019.03.30-11.47.02:249][905]LogConfig: Setting CVar [[r.EmitterSpawnRateScale:1.0]]
[2019.03.30-11.47.02:249][905]LogConfig: Setting CVar [[r.ParticleLightQuality:2]]
[2019.03.30-11.47.02:249][905]LogConfig: Applying CVar settings from Section [FoliageQuality@Cine] File [C:/Users/joeym/OneDrive/Documenten/GitHub/PixelArcade/Saved/Config/Windows/Scalability.ini]
[2019.03.30-11.47.02:249][905]LogConfig: Setting CVar [[foliage.DensityScale:1.0]]
[2019.03.30-11.47.02:249][905]LogConfig: Setting CVar [[grass.DensityScale:1.0]]
[2019.03.30-11.47.02:254][906]LogRenderer: Reallocating scene render targets to support 1208x596 Format 10 NumSamples 1 (Frame:5717).
[2019.03.30-11.47.02:256][906]LogContentStreaming: Texture pool size now 3000 MB
[2019.03.30-11.47.03:180][ 16]LogTemp: Repeating last play command: Standalone Game
[2019.03.30-11.52.40:094][224]LogEditorViewport: Clicking on Actor (LMB): StaticMeshActor (Graan11)
[2019.03.30-11.52.41:421][327]LogEditorViewport: Clicking on Actor (context menu): StaticMeshActor (Graan11)
[2019.03.30-11.52.41:485][327]LogSlate: FSceneViewport::OnFocusLost() reason 2
[2019.03.30-11.52.42:761][479]LogSlate: FSceneViewport::OnFocusLost() reason 5
[2019.03.30-11.52.42:781][479]LogSlate: Took 0.000194 seconds to synchronously load lazily loaded font '../../../Engine/Content/Slate/Fonts/Roboto-Light.ttf' (167K)
[2019.03.30-11.52.42:786][479]LogAssetEditorManager: Opening Asset editor for StaticMesh /Game/PixelModels/PixelFarm/Graan.Graan
[2019.03.30-11.52.43:697][479]LogSlate: Took 0.028960 seconds to synchronously load lazily loaded font '../../../Engine/Content/Slate/Fonts/Roboto-Italic.ttf' (157K)
[2019.03.30-11.52.45:638][674]LogRenderer: Reallocating scene render targets to support 1432x924 Format 10 NumSamples 1 (Frame:197).
[2019.03.30-11.53.07:243][162]Cmd: OBJ SAVEPACKAGE PACKAGE="/Game/PixelModels/PixelFarm/Graan" FILE="C:/Users/joeym/OneDrive/Documenten/GitHub/PixelArcade/Content/PixelModels/PixelFarm/Graan.uasset" SILENT=true
[2019.03.30-11.53.07:296][162]LogSavePackage: Moving 'C:/Users/joeym/OneDrive/Documenten/GitHub/PixelArcade/Saved/GraanBB7AE81B4AC023C2D85EFDACAAD66CAA.tmp' to 'C:/Users/joeym/OneDrive/Documenten/GitHub/PixelArcade/Content/PixelModels/PixelFarm/Graan.uasset'
[2019.03.30-11.53.08:387][255]LogSlate: FSceneViewport::OnFocusLost() reason 0
[2019.03.30-11.53.08:481][266]LogSlate: Window 'Graan' being destroyed
[2019.03.30-11.53.08:484][266]LogSlate: Window 'Graan' being destroyed
[2019.03.30-11.53.08:932][306]LogSlate: FSceneViewport::OnFocusLost() reason 0
[2019.03.30-11.54.17:776][537]MapCheck: New page: Map Check
[2019.03.30-11.54.17:796][537]Cmd: MAP REBUILD ALLVISIBLE
[2019.03.30-11.54.17:796][537]LogEditorServer: Rebuildmap Clear paths rebuilt
[2019.03.30-11.54.18:009][537]LogMaterial: Display: Missing cached shader map for material FDebugViewModeMaterialProxy DefaultMaterial, compiling. 
[2019.03.30-11.54.18:042][537]LogShaderCompilers: Display: Shaders left to compile 1
[2019.03.30-11.54.18:042][537]LogMaterial: Display: Missing cached shader map for material FDebugViewModeMaterialProxy MaterialInstanceDynamic_0, compiling. 
[2019.03.30-11.54.18:048][537]LogMaterial: Display: Missing cached shader map for material FDebugViewModeMaterialProxy Barrel_material, compiling. 
[2019.03.30-11.54.18:054][537]LogMaterial: Display: Missing cached shader map for material FDebugViewModeMaterialProxy Hek_material, compiling. 
[2019.03.30-11.54.18:060][537]LogMaterial: Display: Missing cached shader map for material FDebugViewModeMaterialProxy Flowers_material, compiling. 
[2019.03.30-11.54.18:067][537]LogMaterial: Display: Missing cached shader map for material FDebugViewModeMaterialProxy FarmLand_material, compiling. 
[2019.03.30-11.54.18:073][537]LogMaterial: Display: Missing cached shader map for material FDebugViewModeMaterialProxy Graan_material, compiling. 
[2019.03.30-11.54.18:079][537]LogMaterial: Display: Missing cached shader map for material FDebugViewModeMaterialProxy Hay_material, compiling. 
[2019.03.30-11.54.18:085][537]LogMaterial: Display: Missing cached shader map for material FDebugViewModeMaterialProxy crow_material, compiling. 
[2019.03.30-11.54.18:092][537]LogMaterial: Display: Missing cached shader map for material FDebugViewModeMaterialProxy well_material, compiling. 
[2019.03.30-11.54.18:098][537]LogMaterial: Display: Missing cached shader map for material FDebugViewModeMaterialProxy MatineeCam_mat, compiling. 
[2019.03.30-11.54.18:103][537]LogMaterial: Display: Missing cached shader map for material FDebugViewModeMaterialProxy Stump_material, compiling. 
[2019.03.30-11.54.18:109][537]LogMaterial: Display: Missing cached shader map for material FDebugViewModeMaterialProxy Backpack_material, compiling. 
[2019.03.30-11.54.18:115][537]LogShaderCompilers: Display: Shaders left to compile 12
[2019.03.30-11.54.18:116][537]LogShaderCompilers: Display: Shaders left to compile 11
[2019.03.30-11.54.18:116][537]LogShaderCompilers: Display: Shaders left to compile 10
[2019.03.30-11.54.18:116][537]LogMaterial: Display: Missing cached shader map for material FDebugViewModeMaterialProxy Hooivork_material, compiling. 
[2019.03.30-11.54.19:772][537]LogShaderCompilers: Display: Shaders left to compile 10
[2019.03.30-11.54.19:772][537]LogShaderCompilers: Display: Shaders left to compile 9
[2019.03.30-11.54.19:772][537]LogShaderCompilers: Display: Shaders left to compile 8
[2019.03.30-11.54.19:772][537]LogShaderCompilers: Display: Shaders left to compile 7
[2019.03.30-11.54.19:772][537]LogShaderCompilers: Display: Shaders left to compile 6
[2019.03.30-11.54.19:772][537]LogShaderCompilers: Display: Shaders left to compile 5
[2019.03.30-11.54.19:772][537]LogShaderCompilers: Display: Shaders left to compile 4
[2019.03.30-11.54.19:772][537]LogShaderCompilers: Display: Shaders left to compile 3
[2019.03.30-11.54.19:772][537]LogShaderCompilers: Display: Shaders left to compile 2
[2019.03.30-11.54.19:772][537]LogShaderCompilers: Display: Shaders left to compile 1
[2019.03.30-11.54.19:772][537]TextureStreamingBuild: Display: Compiling optional shaders took 1.769 seconds.
[2019.03.30-11.54.19:784][537]LogLevel: Display: Export Material TexCoord Scales took 0.012 seconds.
[2019.03.30-11.54.19:820][537]TextureStreamingBuild: Display: Build Texture Streaming took 0.035 seconds.
[2019.03.30-11.54.19:875][537]LightingResults: New page: Lighting Build - 30 mrt. 2019 13:54:19
[2019.03.30-11.54.19:990][537]LogSwarmInterface: [OpenConnection] Registering TCP channel ...
[2019.03.30-11.54.20:154][537]LogSwarmInterface: [OpenConnection] Connecting to agent ...
[2019.03.30-11.54.20:164][537]LogSwarmInterface: [TryOpenConnection] Testing the Agent
[2019.03.30-11.54.20:684][537]LogSwarmInterface: [TryOpenConnection] Opening Connection to Agent
[2019.03.30-11.54.20:684][537]LogSwarmInterface: [TryOpenConnection] Local Process ID is 17488
[2019.03.30-11.54.23:263][537]LogStaticLightingSystem: Warning: No importance volume found, so the scene bounding box was used.  You can optimize your scene's quality and lighting build times by adding importance volumes.
[2019.03.30-11.54.23:287][537]LogStaticLightingSystem: Running Lightmass w/ ImmediateImport mode ENABLED
[2019.03.30-11.54.23:287][537]LogStaticLightingSystem: Running Lightmass w/ ImmediateProcess mode ENABLED
[2019.03.30-11.54.23:287][537]LogStaticLightingSystem: Running Lightmass w/ Sorting mode ENABLED
[2019.03.30-11.54.23:287][537]LogStaticLightingSystem: Running Lightmass w/ Mapping paddings ENABLED
[2019.03.30-11.54.23:287][537]LogStaticLightingSystem: Running Lightmass w/ Mapping debug paddings DISABLED
[2019.03.30-11.54.23:422][537]Cmd: MAP CHECK DONTDISPLAYDIALOG
[2019.03.30-11.54.23:422][537]MapCheck: New page: PixelMenu - 30 mrt. 2019 13:54:23
[2019.03.30-11.54.23:422][537]MapCheck: Error: WorldSettings_1 Maps need lighting rebuilt 
[2019.03.30-11.54.23:431][537]MapCheck: Map check complete: 1 Error(s), 0 Warning(s), took 9,258ms to complete.
[2019.03.30-11.54.23:454][537]LogEditorBuildUtils: Build time 0:05
[2019.03.30-11.54.23:459][537]LogSlate: FSceneViewport::OnFocusLost() reason 2
[2019.03.30-11.55.01:583][587]LogSavePackage: Moving 'C:/Users/joeym/OneDrive/Documenten/GitHub/PixelArcade/Saved/PixelMenu_Auto1DDC630BD472E92584ED8AD8DA640C0EC.tmp' to 'C:/Users/joeym/OneDrive/Documenten/GitHub/PixelArcade/Saved/Autosaves/Game/PixelWorlds/PixelMenu_Auto1.umap'
[2019.03.30-11.55.01:602][587]LogFileHelpers: Editor autosave (incl. sublevels) for '/Game/PixelWorlds/PixelMenu' took 0.561
[2019.03.30-11.55.01:602][587]LogFileHelpers: Editor autosave (incl. sublevels) for all levels took 0.561
[2019.03.30-11.56.35:013][321]Job is a success!
[2019.03.30-11.56.35:066][322]LogVolumetricLightmapImport: Imported Volumetric Lightmap in 0.007s
[2019.03.30-11.56.35:066][322]LogVolumetricLightmapImport:      Indirection Texture 16x16x16 = 0.0Mb
[2019.03.30-11.56.35:066][322]LogVolumetricLightmapImport:      BrickData 145x5x5 = 0.1Mb
[2019.03.30-11.56.35:066][322]LogVolumetricLightmapImport:      Bricks at Level
[2019.03.30-11.56.35:066][322]LogVolumetricLightmapImport:          0: 3.4% covering 100.0% of volume
[2019.03.30-11.56.35:066][322]LogVolumetricLightmapImport:          1: 6.9% covering 3.1% of volume
[2019.03.30-11.56.35:066][322]LogVolumetricLightmapImport:          2: 89.7% covering 0.6% of volume
[2019.03.30-11.56.36:293][322]LogTexture: Display: Building textures: HQ_Lightmap1_1 (AutoDXT, 1024X1024)
[2019.03.30-11.56.36:294][322]LogTexture: Display: Building textures: LQ_Lightmap_1_1 (DXT1, 1024X1024)
[2019.03.30-11.56.36:294][322]LogTexture: Display: Building textures: HQ_Lightmap1_2 (AutoDXT, 1024X1024)
[2019.03.30-11.56.36:294][322]LogTexture: Display: Building textures: LQ_Lightmap_1_2 (DXT1, 1024X1024)
[2019.03.30-11.56.36:294][322]LogTexture: Display: Building textures: HQ_Lightmap1_3 (AutoDXT, 64X64)
[2019.03.30-11.56.36:294][322]LogTexture: Display: Building textures: LQ_Lightmap_1_3 (DXT1, 64X64)
[2019.03.30-11.56.36:457][322]LogTexture: Display: Building textures: ShadowMapTexture2D_3 (G8, 32X32)
[2019.03.30-11.56.36:457][322]LogTexture: Display: Building textures: ShadowMapTexture2D_2 (G8, 1024X1024)
[2019.03.30-11.56.36:482][322]Lightmass on JOEYCOMPUTER: 2:12 min total, 215 ms importing, 50 ms setup, 3.56 sec photons, 2:08 min processing, 0 ms extra exporting [157/157 mappings]. Threads: 14:58 min total, 12:23 min processing.
[2019.03.30-11.56.36:513][322]LogStaticLightingSystem: Illumination: 2:16 min (919 ms encoding lightmaps, 153 ms encoding shadowmaps)
[2019.03.30-11.56.36:514][322]LogStaticLightingSystem: Lightmap texture memory:  4.0 MB (4.0 MB streaming, 0.0 MB non-streaming), 6 textures
[2019.03.30-11.56.36:514][322]LogStaticLightingSystem: Shadowmap texture memory: 1.3 MB (1.3 MB streaming, 0.0 MB non-streaming), 2 textures
[2019.03.30-11.56.37:364][322]DumpUnbuiltLightIteractions
[2019.03.30-11.56.37:364][322]Lights with unbuilt interactions: 0
[2019.03.30-11.56.37:364][322]
[2019.03.30-11.56.37:364][322]Primitives with unbuilt interactions: 0
[2019.03.30-11.56.37:367][322]LogSlate: FSceneViewport::OnFocusLost() reason 2
[2019.03.30-11.56.37:415][323]Cmd: MAP CHECK NOTIFYRESULTS
[2019.03.30-11.56.37:415][323]MapCheck: New page: PixelMenu - 30 mrt. 2019 13:56:37
[2019.03.30-11.56.37:418][323]MapCheck: Map check complete: 0 Error(s), 0 Warning(s), took 3,109ms to complete.
[2019.03.30-11.56.47:411][521]LogSlate: FSceneViewport::OnFocusLost() reason 0
[2019.03.30-11.56.49:001][712]LogSlate: Window 'Message Log' being destroyed
[2019.03.30-11.56.49:004][712]LogSlate: Window 'Message Log' being destroyed
[2019.03.30-11.56.50:994][951]LogSlate: FSceneViewport::OnFocusLost() reason 0
[2019.03.30-11.56.51:161][971]LogTemp: Repeating last play command: Standalone Game
[2019.03.30-11.56.52:391][971]LogSlate: Window 'Save Content' being destroyed
[2019.03.30-11.56.52:399][971]LogSlate: FSceneViewport::OnFocusLost() reason 2
[2019.03.30-11.56.52:404][971]Cmd: OBJ SAVEPACKAGE PACKAGE="/Game/PixelWorlds/PixelMenu" FILE="C:/Users/joeym/OneDrive/Documenten/GitHub/PixelArcade/Content/PixelWorlds/PixelMenu.umap" SILENT=true AUTOSAVING=false KEEPDIRTY=false
[2019.03.30-11.56.52:610][971]LogSavePackage: Moving 'C:/Users/joeym/OneDrive/Documenten/GitHub/PixelArcade/Saved/PixelMenu31D305BC4C980513CF49ACB0949F57D2.tmp' to 'C:/Users/joeym/OneDrive/Documenten/GitHub/PixelArcade/Content/PixelWorlds/PixelMenu.umap'
[2019.03.30-11.56.52:677][971]LogFileHelpers: Saving map 'PixelMenu' took 0.273
[2019.03.30-11.56.52:679][971]Cmd: OBJ SAVEPACKAGE PACKAGE="/Game/PixelWorlds/PixelMenu_BuiltData" FILE="C:/Users/joeym/OneDrive/Documenten/GitHub/PixelArcade/Content/PixelWorlds/PixelMenu_BuiltData.uasset" SILENT=true
[2019.03.30-11.56.52:899][971]LogSavePackage: Moving 'C:/Users/joeym/OneDrive/Documenten/GitHub/PixelArcade/Saved/PixelMenu_BuiltData4C353CF24A60891B489B0F8F00125E44.tmp' to 'C:/Users/joeym/OneDrive/Documenten/GitHub/PixelArcade/Content/PixelWorlds/PixelMenu_BuiltData.uasset'
[2019.03.30-11.59.30:424][676]LogSlate: FSceneViewport::OnFocusLost() reason 0
[2019.03.30-11.59.31:616][808]LogEditorViewport: Clicking on Actor (LMB): StaticMeshActor (FarmLand)
[2019.03.30-11.59.32:174][872]LogEditorViewport: Clicking on Actor (context menu): StaticMeshActor (FarmLand)
[2019.03.30-11.59.32:189][872]LogSlate: FSceneViewport::OnFocusLost() reason 2
[2019.03.30-11.59.34:223][115]LogSlate: FSceneViewport::OnFocusLost() reason 5
[2019.03.30-11.59.34:228][115]LogAssetEditorManager: Opening Asset editor for StaticMesh /Game/PixelModels/PixelFarm/FarmLand.FarmLand
[2019.03.30-11.59.38:655][585]LogStaticMesh: Building static mesh FarmLand...
[2019.03.30-11.59.38:950][585]LogStaticMesh: Built static mesh [0.29s] /Game/PixelModels/PixelFarm/FarmLand.FarmLand
[2019.03.30-11.59.43:311][ 35]LogSlate: FSceneViewport::OnFocusLost() reason 0
[2019.03.30-11.59.43:426][ 46]Cmd: OBJ SAVEPACKAGE PACKAGE="/Game/PixelModels/PixelFarm/FarmLand" FILE="C:/Users/joeym/OneDrive/Documenten/GitHub/PixelArcade/Content/PixelModels/PixelFarm/FarmLand.uasset" SILENT=true
[2019.03.30-11.59.43:448][ 46]LogSavePackage: Moving 'C:/Users/joeym/OneDrive/Documenten/GitHub/PixelArcade/Saved/FarmLand8372877048B975631ED759A8CBFF22EC.tmp' to 'C:/Users/joeym/OneDrive/Documenten/GitHub/PixelArcade/Content/PixelModels/PixelFarm/FarmLand.uasset'
[2019.03.30-11.59.45:649][211]LogSlate: FSceneViewport::OnFocusLost() reason 0
[2019.03.30-11.59.45:749][223]LogSlate: Window 'FarmLand' being destroyed
[2019.03.30-11.59.45:752][223]LogSlate: Window 'FarmLand' being destroyed
[2019.03.30-11.59.47:322][397]LogEditorViewport: Clicking on Actor (LMB): StaticMeshActor (Graan12)
[2019.03.30-11.59.47:728][442]LogEditorViewport: Clicking on Actor (context menu): StaticMeshActor (Graan12)
[2019.03.30-11.59.47:746][442]LogSlate: FSceneViewport::OnFocusLost() reason 2
[2019.03.30-11.59.50:238][740]LogSlate: FSceneViewport::OnFocusLost() reason 5
[2019.03.30-11.59.50:242][740]LogAssetEditorManager: Opening Asset editor for StaticMesh /Game/PixelModels/PixelFarm/Graan.Graan
[2019.03.30-11.59.57:258][362]Cmd: OBJ SAVEPACKAGE PACKAGE="/Game/PixelModels/PixelFarm/Graan" FILE="C:/Users/joeym/OneDrive/Documenten/GitHub/PixelArcade/Content/PixelModels/PixelFarm/Graan.uasset" SILENT=true
[2019.03.30-11.59.57:280][362]LogSavePackage: Moving 'C:/Users/joeym/OneDrive/Documenten/GitHub/PixelArcade/Saved/GraanD956DB13479AA583E04FD2BA209A6726.tmp' to 'C:/Users/joeym/OneDrive/Documenten/GitHub/PixelArcade/Content/PixelModels/PixelFarm/Graan.uasset'
[2019.03.30-11.59.58:561][457]LogSlate: FSceneViewport::OnFocusLost() reason 0
[2019.03.30-11.59.58:665][469]LogSlate: Window 'Graan' being destroyed
[2019.03.30-11.59.58:669][469]LogSlate: Window 'Graan' being destroyed
[2019.03.30-12.00.00:454][659]LogSlate: FSceneViewport::OnFocusLost() reason 0
[2019.03.30-12.00.00:564][672]MapCheck: New page: Map Check
[2019.03.30-12.00.00:576][672]Cmd: MAP REBUILD ALLVISIBLE
[2019.03.30-12.00.00:576][672]LogEditorServer: Rebuildmap Clear paths rebuilt
[2019.03.30-12.00.00:742][672]LogMaterial: Display: Missing cached shader map for material FDebugViewModeMaterialProxy DefaultMaterial, compiling. 
[2019.03.30-12.00.00:747][672]LogShaderCompilers: Display: Shaders left to compile 1
[2019.03.30-12.00.00:747][672]LogMaterial: Display: Missing cached shader map for material FDebugViewModeMaterialProxy MaterialInstanceDynamic_0, compiling. 
[2019.03.30-12.00.00:754][672]LogShaderCompilers: Display: Shaders left to compile 1
[2019.03.30-12.00.00:754][672]LogMaterial: Display: Missing cached shader map for material FDebugViewModeMaterialProxy Barrel_material, compiling. 
[2019.03.30-12.00.00:760][672]LogShaderCompilers: Display: Shaders left to compile 1
[2019.03.30-12.00.00:760][672]LogMaterial: Display: Missing cached shader map for material FDebugViewModeMaterialProxy Hek_material, compiling. 
[2019.03.30-12.00.00:768][672]LogMaterial: Display: Missing cached shader map for material FDebugViewModeMaterialProxy Flowers_material, compiling. 
[2019.03.30-12.00.00:779][672]LogShaderCompilers: Display: Shaders left to compile 1
[2019.03.30-12.00.00:779][672]LogMaterial: Display: Missing cached shader map for material FDebugViewModeMaterialProxy FarmLand_material, compiling. 
[2019.03.30-12.00.00:789][672]LogMaterial: Display: Missing cached shader map for material FDebugViewModeMaterialProxy Graan_material, compiling. 
[2019.03.30-12.00.00:799][672]LogMaterial: Display: Missing cached shader map for material FDebugViewModeMaterialProxy Hay_material, compiling. 
[2019.03.30-12.00.00:807][672]LogMaterial: Display: Missing cached shader map for material FDebugViewModeMaterialProxy crow_material, compiling. 
[2019.03.30-12.00.00:815][672]LogMaterial: Display: Missing cached shader map for material FDebugViewModeMaterialProxy well_material, compiling. 
[2019.03.30-12.00.00:821][672]LogMaterial: Display: Missing cached shader map for material FDebugViewModeMaterialProxy MatineeCam_mat, compiling. 
[2019.03.30-12.00.00:828][672]LogMaterial: Display: Missing cached shader map for material FDebugViewModeMaterialProxy Stump_material, compiling. 
[2019.03.30-12.00.00:837][672]LogMaterial: Display: Missing cached shader map for material FDebugViewModeMaterialProxy Backpack_material, compiling. 
[2019.03.30-12.00.00:843][672]LogMaterial: Display: Missing cached shader map for material FDebugViewModeMaterialProxy Hooivork_material, compiling. 
[2019.03.30-12.00.01:514][672]LogShaderCompilers: Display: Shaders left to compile 10
[2019.03.30-12.00.01:514][672]LogShaderCompilers: Display: Shaders left to compile 9
[2019.03.30-12.00.01:514][672]LogShaderCompilers: Display: Shaders left to compile 8
[2019.03.30-12.00.01:514][672]LogShaderCompilers: Display: Shaders left to compile 7
[2019.03.30-12.00.01:514][672]LogShaderCompilers: Display: Shaders left to compile 6
[2019.03.30-12.00.01:514][672]LogShaderCompilers: Display: Shaders left to compile 5
[2019.03.30-12.00.01:514][672]LogShaderCompilers: Display: Shaders left to compile 4
[2019.03.30-12.00.01:514][672]LogShaderCompilers: Display: Shaders left to compile 3
[2019.03.30-12.00.01:514][672]LogShaderCompilers: Display: Shaders left to compile 2
[2019.03.30-12.00.01:514][672]LogShaderCompilers: Display: Shaders left to compile 1
[2019.03.30-12.00.01:514][672]TextureStreamingBuild: Display: Compiling optional shaders took 0.776 seconds.
[2019.03.30-12.00.01:522][672]LogLevel: Display: Export Material TexCoord Scales took 0.008 seconds.
[2019.03.30-12.00.01:558][672]TextureStreamingBuild: Display: Build Texture Streaming took 0.036 seconds.
[2019.03.30-12.00.01:577][672]LightingResults: New page: Lighting Build - 30 mrt. 2019 14:00:01
[2019.03.30-12.00.01:583][672]LogSwarmInterface: [OpenConnection] Registering TCP channel ...
[2019.03.30-12.00.01:585][672]LogSwarmInterface: [OpenConnection] Connecting to agent ...
[2019.03.30-12.00.01:585][672]LogSwarmInterface: [TryOpenConnection] Testing the Agent
[2019.03.30-12.00.01:586][672]LogSwarmInterface: [TryOpenConnection] Opening Connection to Agent
[2019.03.30-12.00.01:586][672]LogSwarmInterface: [TryOpenConnection] Local Process ID is 17488
[2019.03.30-12.00.06:207][672]LogStaticLightingSystem: Warning: No importance volume found, so the scene bounding box was used.  You can optimize your scene's quality and lighting build times by adding importance volumes.
[2019.03.30-12.00.06:207][672]LogStaticLightingSystem: Running Lightmass w/ ImmediateImport mode ENABLED
[2019.03.30-12.00.06:207][672]LogStaticLightingSystem: Running Lightmass w/ ImmediateProcess mode ENABLED
[2019.03.30-12.00.06:207][672]LogStaticLightingSystem: Running Lightmass w/ Sorting mode ENABLED
[2019.03.30-12.00.06:207][672]LogStaticLightingSystem: Running Lightmass w/ Mapping paddings ENABLED
[2019.03.30-12.00.06:207][672]LogStaticLightingSystem: Running Lightmass w/ Mapping debug paddings DISABLED
[2019.03.30-12.00.06:312][672]Cmd: MAP CHECK DONTDISPLAYDIALOG
[2019.03.30-12.00.06:312][672]MapCheck: New page: PixelMenu - 30 mrt. 2019 14:00:06
[2019.03.30-12.00.06:312][672]MapCheck: Error: WorldSettings_1 Maps need lighting rebuilt 
[2019.03.30-12.00.06:315][672]MapCheck: Map check complete: 1 Error(s), 0 Warning(s), took 2,981ms to complete.
[2019.03.30-12.00.06:338][672]LogEditorBuildUtils: Build time 0:05
[2019.03.30-12.00.06:342][672]LogSlate: FSceneViewport::OnFocusLost() reason 2
[2019.03.30-12.03.13:348][877]Job is a success!
[2019.03.30-12.03.13:411][878]LogVolumetricLightmapImport: Imported Volumetric Lightmap in 0.006s
[2019.03.30-12.03.13:411][878]LogVolumetricLightmapImport:      Indirection Texture 16x16x16 = 0.0Mb
[2019.03.30-12.03.13:411][878]LogVolumetricLightmapImport:      BrickData 145x5x5 = 0.1Mb
[2019.03.30-12.03.13:411][878]LogVolumetricLightmapImport:      Bricks at Level
[2019.03.30-12.03.13:411][878]LogVolumetricLightmapImport:          0: 3.4% covering 100.0% of volume
[2019.03.30-12.03.13:411][878]LogVolumetricLightmapImport:          1: 6.9% covering 3.1% of volume
[2019.03.30-12.03.13:411][878]LogVolumetricLightmapImport:          2: 89.7% covering 0.6% of volume
[2019.03.30-12.03.15:033][878]LogTexture: Display: Building textures: HQ_Lightmap0_1 (AutoDXT, 1024X1024)
[2019.03.30-12.03.15:033][878]LogTexture: Display: Building textures: LQ_Lightmap_0_1 (DXT1, 1024X1024)
[2019.03.30-12.03.15:033][878]LogTexture: Display: Building textures: HQ_Lightmap0_2 (AutoDXT, 1024X1024)
[2019.03.30-12.03.15:033][878]LogTexture: Display: Building textures: LQ_Lightmap_0_2 (DXT1, 1024X1024)
[2019.03.30-12.03.15:033][878]LogTexture: Display: Building textures: HQ_Lightmap0_3 (AutoDXT, 1024X1024)
[2019.03.30-12.03.15:033][878]LogTexture: Display: Building textures: LQ_Lightmap_0_3 (DXT1, 1024X1024)
[2019.03.30-12.03.15:033][878]LogTexture: Display: Building textures: HQ_Lightmap0_4 (AutoDXT, 512X512)
[2019.03.30-12.03.15:033][878]LogTexture: Display: Building textures: LQ_Lightmap_0_4 (DXT1, 512X512)
[2019.03.30-12.03.15:033][878]LogTexture: Display: Building textures: HQ_Lightmap0_5 (AutoDXT, 64X64)
[2019.03.30-12.03.15:033][878]LogTexture: Display: Building textures: LQ_Lightmap_0_5 (DXT1, 64X64)
[2019.03.30-12.03.15:239][878]LogTexture: Display: Building textures: ShadowMapTexture2D_6 (G8, 32X32)
[2019.03.30-12.03.15:239][878]LogTexture: Display: Building textures: ShadowMapTexture2D_4 (G8, 1024X1024)
[2019.03.30-12.03.15:239][878]LogTexture: Display: Building textures: ShadowMapTexture2D_5 (G8, 1024X1024)
[2019.03.30-12.03.15:276][878]Lightmass on JOEYCOMPUTER: 3:08 min total, 122 ms importing, 45 ms setup, 5.31 sec photons, 3:02 min processing, 0 ms extra exporting [157/157 mappings]. Threads: 21:20 min total, 17:49 min processing.
[2019.03.30-12.03.15:283][878]LogStaticLightingSystem: Illumination: 3:13 min (1.49 sec encoding lightmaps, 199 ms encoding shadowmaps)
[2019.03.30-12.03.15:284][878]LogStaticLightingSystem: Lightmap texture memory:  6.5 MB (6.5 MB streaming, 0.0 MB non-streaming), 10 textures
[2019.03.30-12.03.15:284][878]LogStaticLightingSystem: Shadowmap texture memory: 2.7 MB (2.7 MB streaming, 0.0 MB non-streaming), 3 textures
[2019.03.30-12.03.15:342][878]DumpUnbuiltLightIteractions
[2019.03.30-12.03.15:342][878]Lights with unbuilt interactions: 0
[2019.03.30-12.03.15:342][878]
[2019.03.30-12.03.15:342][878]Primitives with unbuilt interactions: 0
[2019.03.30-12.03.15:345][878]LogSlate: FSceneViewport::OnFocusLost() reason 2
[2019.03.30-12.03.15:391][879]Cmd: MAP CHECK NOTIFYRESULTS
[2019.03.30-12.03.15:391][879]MapCheck: New page: PixelMenu - 30 mrt. 2019 14:03:15
[2019.03.30-12.03.15:394][879]MapCheck: Map check complete: 0 Error(s), 0 Warning(s), took 3,281ms to complete.
[2019.03.30-12.03.16:531][ 14]LogSlate: FSceneViewport::OnFocusLost() reason 0
[2019.03.30-12.03.16:638][ 27]LogSlate: Window 'Message Log' being destroyed
[2019.03.30-12.03.16:641][ 27]LogSlate: Window 'Message Log' being destroyed
