Log file open, 03/28/19 08:40:59
LogWindows: Failed to load 'aqProf.dll' (GetLastError=126)
LogWindows: File 'aqProf.dll' does not exist
LogWindows: Failed to load 'VtuneApi.dll' (GetLastError=126)
LogWindows: File 'VtuneApi.dll' does not exist
LogWindows: Failed to load 'VtuneApi32e.dll' (GetLastError=126)
LogWindows: File 'VtuneApi32e.dll' does not exist
LogConsoleResponse: Display: Failed to find resolution value strings in scalability ini. Falling back to default.
LogInit: Display: Running engine for game: PixelArcade
LogPakFile: Registered encryption key '00000000000000000000000000000000': 0 pak files mounted, 0 remain pending
LogPlatformFile: Not using cached read wrapper
LogTaskGraph: Started task graph with 5 named threads and 23 total threads with 3 sets of task threads.
LogStats: Stats thread started at 0.320404
LogD3D11RHI: Loaded GFSDK_Aftermath_Lib.x64.dll
LogICUInternationalization: ICU TimeZone Detection - Raw Offset: +1:00, Platform Override: ''
LogPluginManager: Mounting plugin Paper2D
LogPluginManager: Mounting plugin AISupport
LogPluginManager: Mounting plugin LightPropagationVolume
LogPluginManager: Mounting plugin ActorLayerUtilities
LogPluginManager: Mounting plugin CLionSourceCodeAccess
LogPluginManager: Mounting plugin CodeLiteSourceCodeAccess
LogPluginManager: Mounting plugin GitSourceControl
LogPluginManager: Mounting plugin KDevelopSourceCodeAccess
LogPluginManager: Mounting plugin NullSourceCodeAccess
LogPluginManager: Mounting plugin PerforceSourceControl
LogPluginManager: Mounting plugin SubversionSourceControl
LogPluginManager: Mounting plugin UObjectPlugin
LogPluginManager: Mounting plugin VisualStudioCodeSourceCodeAccess
LogPluginManager: Mounting plugin VisualStudioSourceCodeAccess
LogPluginManager: Mounting plugin XCodeSourceCodeAccess
LogPluginManager: Mounting plugin AssetManagerEditor
LogPluginManager: Mounting plugin CryptoKeys
LogPluginManager: Mounting plugin DataValidation
LogPluginManager: Mounting plugin FacialAnimation
LogPluginManager: Mounting plugin GameplayTagsEditor
LogPluginManager: Mounting plugin MacGraphicsSwitching
LogPluginManager: Mounting plugin MeshEditor
LogPluginManager: Mounting plugin MobileLauncherProfileWizard
LogPluginManager: Mounting plugin PluginBrowser
LogPluginManager: Mounting plugin SpeedTreeImporter
LogPluginManager: Mounting plugin DatasmithContent
LogPluginManager: Mounting plugin VariantManagerContent
LogPluginManager: Mounting plugin AlembicImporter
LogPluginManager: Mounting plugin AppleImageUtils
LogPluginManager: Mounting plugin AppleVision
LogPluginManager: Mounting plugin BackChannel
LogPluginManager: Mounting plugin CharacterAI
LogPluginManager: Mounting plugin GeometryCache
LogPluginManager: Mounting plugin HTML5Networking
LogPluginManager: Mounting plugin ProxyLODPlugin
LogPluginManager: Mounting plugin MagicLeap
LogPluginManager: Mounting plugin MagicLeapMedia
LogPluginManager: Mounting plugin ProductivityTools
LogPluginManager: Mounting plugin AndroidMedia
LogPluginManager: Mounting plugin AvfMedia
LogPluginManager: Mounting plugin ImgMedia
LogPluginManager: Mounting plugin LinearTimecode
LogPluginManager: Mounting plugin MediaCompositing
LogPluginManager: Mounting plugin MediaPlayerEditor
LogPluginManager: Mounting plugin WebMMedia
LogPluginManager: Mounting plugin WmfMedia
LogPluginManager: Mounting plugin TcpMessaging
LogPluginManager: Mounting plugin UdpMessaging
LogPluginManager: Mounting plugin ActorSequence
LogPluginManager: Mounting plugin LevelSequenceEditor
LogPluginManager: Mounting plugin MatineeToLevelSequence
LogPluginManager: Mounting plugin NetcodeUnitTest
LogPluginManager: Mounting plugin NUTUnrealEngine4
LogPluginManager: Mounting plugin OnlineSubsystemGooglePlay
LogPluginManager: Mounting plugin OnlineSubsystemIOS
LogPluginManager: Mounting plugin OnlineSubsystem
LogPluginManager: Mounting plugin OnlineSubsystemNull
LogPluginManager: Mounting plugin OnlineSubsystemSteam
LogPluginManager: Mounting plugin OnlineSubsystemUtils
LogPluginManager: Mounting plugin LauncherChunkInstaller
LogPluginManager: Mounting plugin AndroidDeviceProfileSelector
LogPluginManager: Mounting plugin AndroidMoviePlayer
LogPluginManager: Mounting plugin AndroidPermission
LogPluginManager: Mounting plugin ApexDestruction
LogPluginManager: Mounting plugin AppleMoviePlayer
LogPluginManager: Mounting plugin ArchVisCharacter
LogPluginManager: Mounting plugin AudioCapture
LogPluginManager: Mounting plugin CableComponent
LogPluginManager: Mounting plugin CustomMeshComponent
LogPluginManager: Mounting plugin EditableMesh
LogPluginManager: Mounting plugin ExampleDeviceProfileSelector
LogPluginManager: Mounting plugin Firebase
LogPluginManager: Mounting plugin GoogleCloudMessaging
LogPluginManager: Mounting plugin IOSDeviceProfileSelector
LogPluginManager: Mounting plugin LinuxDeviceProfileSelector
LogPluginManager: Mounting plugin LocationServicesBPLibrary
LogPluginManager: Mounting plugin MobilePatchingUtils
LogPluginManager: Mounting plugin OculusVR
LogPluginManager: Mounting plugin PhysXVehicles
LogPluginManager: Mounting plugin ProceduralMeshComponent
LogPluginManager: Mounting plugin RuntimePhysXCooking
LogPluginManager: Mounting plugin SteamVR
LogPluginManager: Mounting plugin WebMMoviePlayer
LogPluginManager: Mounting plugin WindowsMoviePlayer
LogPluginManager: Mounting plugin AdvancedSessions
LogPluginManager: Mounting plugin AdvancedSteamSessions
LogStreaming: Display: Took  0.102s to configure plugins.
LogInit: Using libcurl 7.55.1-DEV
LogInit:  - built for x86_64-pc-win32
LogInit:  - supports SSL with OpenSSL/1.0.2h
LogInit:  - supports HTTP deflate (compression) using libz 1.2.8
LogInit:  - other features:
LogInit:      CURL_VERSION_SSL
LogInit:      CURL_VERSION_LIBZ
LogInit:      CURL_VERSION_IPV6
LogInit:      CURL_VERSION_ASYNCHDNS
LogInit:      CURL_VERSION_LARGEFILE
LogInit:      CURL_VERSION_IDN
LogInit:  CurlRequestOptions (configurable via config and command line):
LogInit:  - bVerifyPeer = true  - Libcurl will verify peer certificate
LogInit:  - bUseHttpProxy = false  - Libcurl will NOT use HTTP proxy
LogInit:  - bDontReuseConnections = false  - Libcurl will reuse connections
LogInit:  - MaxHostConnections = 16  - Libcurl will limit the number of connections to a host
LogInit:  - LocalHostAddr = Default
LogInit:  - BufferSize = 65536
LogOnline: Display: STEAM: Loading Steam SDK 1.39
LogOnline: Warning: STEAM: Steamworks: SteamUtils() failed!
LogOnline: Warning: STEAM: Steamworks: SteamUser() failed!
LogOnline: Warning: STEAM: Steamworks: SteamFriends() failed!
LogOnline: Warning: STEAM: Steamworks: SteamRemoteStorage() failed!
LogOnline: Warning: STEAM: Steamworks: SteamUserStats() failed!
LogOnline: Warning: STEAM: Steamworks: SteamMatchmakingServers() failed!
LogOnline: Warning: STEAM: Steamworks: SteamApps() failed!
LogOnline: Warning: STEAM: Steamworks: SteamNetworking() failed!
LogOnline: Warning: STEAM: Steamworks: SteamMatchmaking() failed!
LogOnline: STEAM: [AppId: 0] Client API initialized 0
LogOnline: Display: STEAM: OnlineSubsystemSteam::Shutdown()
LogOnline: Warning: STEAM: Steam API failed to initialize!
LogOnline: Display: STEAM: OnlineSubsystemSteam::Shutdown()
LogOnline: OSS: Unable to create OnlineSubsystem module Steam
LogInit: WinSock: version 1.1 (2.2), MaxSocks=32767, MaxUdp=65467
LogInit: Build: ++UE4+Release-4.21-CL-4753647
LogInit: Engine Version: 4.21.2-4753647+++UE4+Release-4.21
LogInit: Compatible Engine Version: 4.21.0-4541578+++UE4+Release-4.21
LogInit: Net CL: 4541578
LogInit: OS: Windows 10 (), CPU:       Intel(R) Core(TM) i7-3632QM CPU @ 2.20GHz, GPU: Intel(R) HD Graphics 4000
LogInit: Compiled (64-bit): Jan 19 2019 02:07:31
LogInit: Compiled with Visual C++: 19.13.26129.00
LogInit: Build Configuration: Development
LogInit: Branch Name: ++UE4+Release-4.21
LogInit: Command Line:  /Game/PixelWorlds/PixelMenu -game -PIEVIACONSOLE -ResX=1280 -ResY=720 -Multiprocess -messaging -SessionName="Play in Standalone Game" -windowed
LogInit: Base Directory: C:/Program Files/Epic Games/UE_4.21/Engine/Binaries/Win64/
LogInit: Installed Engine Build: 1
LogDevObjectVersion: Number of dev versions registered: 22
LogDevObjectVersion:   Dev-Blueprints (B0D832E4-1F89-4F0D-ACCF-7EB736FD4AA2): 10
LogDevObjectVersion:   Dev-Build (E1C64328-A22C-4D53-A36C-8E866417BD8C): 0
LogDevObjectVersion:   Dev-Core (375EC13C-06E4-48FB-B500-84F0262A717E): 2
LogDevObjectVersion:   Dev-Editor (E4B068ED-F494-42E9-A231-DA0B2E46BB41): 26
LogDevObjectVersion:   Dev-Framework (CFFC743F-43B0-4480-9391-14DF171D2073): 34
LogDevObjectVersion:   Dev-Mobile (B02B49B5-BB20-44E9-A304-32B752E40360): 2
LogDevObjectVersion:   Dev-Networking (A4E4105C-59A1-49B5-A7C5-40C4547EDFEE): 0
LogDevObjectVersion:   Dev-Online (39C831C9-5AE6-47DC-9A44-9C173E1C8E7C): 0
LogDevObjectVersion:   Dev-Physics (78F01B33-EBEA-4F98-B9B4-84EACCB95AA2): 0
LogDevObjectVersion:   Dev-Platform (6631380F-2D4D-43E0-8009-CF276956A95A): 0
LogDevObjectVersion:   Dev-Rendering (12F88B9F-8875-4AFC-A67C-D90C383ABD29): 27
LogDevObjectVersion:   Dev-Sequencer (7B5AE74C-D270-4C10-A958-57980B212A5A): 9
LogDevObjectVersion:   Dev-VR (D7296918-1DD6-4BDD-9DE2-64A83CC13884): 2
LogDevObjectVersion:   Dev-LoadTimes (C2A15278-BFE7-4AFE-6C17-90FF531DF755): 1
LogDevObjectVersion:   Private-Geometry (6EACA3D4-40EC-4CC1-B786-8BED09428FC5): 3
LogDevObjectVersion:   Dev-AnimPhys (29E575DD-E0A3-4627-9D10-D276232CDCEA): 17
LogDevObjectVersion:   Dev-Anim (AF43A65D-7FD3-4947-9873-3E8ED9C1BB05): 2
LogDevObjectVersion:   Dev-ReflectionCapture (6B266CEC-1EC7-4B8F-A30B-E4D90942FC07): 1
LogDevObjectVersion:   Dev-Automation (0DF73D61-A23F-47EA-B727-89E90C41499A): 1
LogDevObjectVersion:   FortniteMain (601D1886-AC64-4F84-AA16-D3DE0DEAC7D6): 17
LogDevObjectVersion:   Dev-Enterprise (9DFFBCD6-494F-0158-E221-12823C92A888): 4
LogDevObjectVersion:   Dev-Niagara (F2AED0AC-9AFE-416F-8664-AA7FFA26D6FC): 1
LogStreaming: Display: Took  0.001s to delete old logs.
LogInit: Presizing for max 8388607 objects, including 0 objects not considered by GC, pre-allocating 0 bytes for permanent pool.
LogInit: Object subsystem initialized
LogConfig: Setting CVar [[con.DebugEarlyDefault:1]]
LogConfig: Setting CVar [[r.setres:1280x720]]
[2019.03.28-07.40.59:583][  0]LogConfig: Setting CVar [[con.DebugEarlyDefault:1]]
[2019.03.28-07.40.59:583][  0]LogConfig: Setting CVar [[r.setres:1280x720]]
[2019.03.28-07.40.59:583][  0]LogConfig: Applying CVar settings from Section [/Script/Engine.RendererSettings] File [C:/Users/joey.JOEY-PC/Documents/Unreal Projects/PixelArcade/PixelArcade/Saved/Config/Windows/Engine.ini]
[2019.03.28-07.40.59:583][  0]LogConfig: Setting CVar [[r.GPUCrashDebugging:0]]
[2019.03.28-07.40.59:583][  0]LogConfig: Applying CVar settings from Section [/Script/Engine.RendererOverrideSettings] File [C:/Users/joey.JOEY-PC/Documents/Unreal Projects/PixelArcade/PixelArcade/Saved/Config/Windows/Engine.ini]
[2019.03.28-07.40.59:583][  0]LogConfig: Applying CVar settings from Section [/Script/Engine.StreamingSettings] File [C:/Users/joey.JOEY-PC/Documents/Unreal Projects/PixelArcade/PixelArcade/Saved/Config/Windows/Engine.ini]
[2019.03.28-07.40.59:583][  0]LogConfig: Setting CVar [[s.MinBulkDataSizeForAsyncLoading:131072]]
[2019.03.28-07.40.59:583][  0]LogConfig: Setting CVar [[s.AsyncLoadingThreadEnabled:0]]
[2019.03.28-07.40.59:583][  0]LogConfig: Setting CVar [[s.EventDrivenLoaderEnabled:1]]
[2019.03.28-07.40.59:583][  0]LogConfig: Setting CVar [[s.WarnIfTimeLimitExceeded:0]]
[2019.03.28-07.40.59:583][  0]LogConfig: Setting CVar [[s.TimeLimitExceededMultiplier:1.5]]
[2019.03.28-07.40.59:583][  0]LogConfig: Setting CVar [[s.TimeLimitExceededMinTime:0.005]]
[2019.03.28-07.40.59:583][  0]LogConfig: Setting CVar [[s.UseBackgroundLevelStreaming:1]]
[2019.03.28-07.40.59:583][  0]LogConfig: Setting CVar [[s.PriorityAsyncLoadingExtraTime:15.0]]
[2019.03.28-07.40.59:583][  0]LogConfig: Setting CVar [[s.LevelStreamingActorsUpdateTimeLimit:5.0]]
[2019.03.28-07.40.59:583][  0]LogConfig: Setting CVar [[s.PriorityLevelStreamingActorsUpdateExtraTime:5.0]]
[2019.03.28-07.40.59:583][  0]LogConfig: Setting CVar [[s.LevelStreamingComponentsRegistrationGranularity:10]]
[2019.03.28-07.40.59:583][  0]LogConfig: Setting CVar [[s.UnregisterComponentsTimeLimit:1.0]]
[2019.03.28-07.40.59:583][  0]LogConfig: Setting CVar [[s.LevelStreamingComponentsUnregistrationGranularity:5]]
[2019.03.28-07.40.59:583][  0]LogConfig: Applying CVar settings from Section [/Script/Engine.GarbageCollectionSettings] File [C:/Users/joey.JOEY-PC/Documents/Unreal Projects/PixelArcade/PixelArcade/Saved/Config/Windows/Engine.ini]
[2019.03.28-07.40.59:584][  0]LogConfig: Setting CVar [[gc.MaxObjectsNotConsideredByGC:1]]
[2019.03.28-07.40.59:584][  0]LogConfig: Setting CVar [[gc.SizeOfPermanentObjectPool:0]]
[2019.03.28-07.40.59:584][  0]LogConfig: Setting CVar [[gc.FlushStreamingOnGC:0]]
[2019.03.28-07.40.59:584][  0]LogConfig: Setting CVar [[gc.NumRetriesBeforeForcingGC:10]]
[2019.03.28-07.40.59:584][  0]LogConfig: Setting CVar [[gc.AllowParallelGC:1]]
[2019.03.28-07.40.59:584][  0]LogConfig: Setting CVar [[gc.TimeBetweenPurgingPendingKillObjects:61.1]]
[2019.03.28-07.40.59:584][  0]LogConfig: Setting CVar [[gc.MaxObjectsInEditor:8388607]]
[2019.03.28-07.40.59:584][  0]LogConfig: Setting CVar [[gc.IncrementalBeginDestroyEnabled:1]]
[2019.03.28-07.40.59:584][  0]LogConfig: Setting CVar [[gc.CreateGCClusters:1]]
[2019.03.28-07.40.59:584][  0]LogConfig: Setting CVar [[gc.MergeGCClusters:0]]
[2019.03.28-07.40.59:584][  0]LogConfig: Setting CVar [[gc.MinGCClusterSize:5]]
[2019.03.28-07.40.59:584][  0]LogConfig: Setting CVar [[gc.ActorClusteringEnabled:0]]
[2019.03.28-07.40.59:584][  0]LogConfig: Setting CVar [[gc.BlueprintClusteringEnabled:0]]
[2019.03.28-07.40.59:584][  0]LogConfig: Setting CVar [[gc.UseDisregardForGCOnDedicatedServers:0]]
[2019.03.28-07.40.59:584][  0]LogConfig: Applying CVar settings from Section [/Script/Engine.NetworkSettings] File [C:/Users/joey.JOEY-PC/Documents/Unreal Projects/PixelArcade/PixelArcade/Saved/Config/Windows/Engine.ini]
[2019.03.28-07.40.59:584][  0]LogConfig: Applying CVar settings from Section [/Script/UnrealEd.CookerSettings] File [C:/Users/joey.JOEY-PC/Documents/Unreal Projects/PixelArcade/PixelArcade/Saved/Config/Windows/Engine.ini]
[2019.03.28-07.40.59:588][  0]LogConfig: Applying CVar settings from Section [ViewDistanceQuality@3] File [C:/Users/joey.JOEY-PC/Documents/Unreal Projects/PixelArcade/PixelArcade/Saved/Config/Windows/Scalability.ini]
[2019.03.28-07.40.59:588][  0]LogConfig: Setting CVar [[r.SkeletalMeshLODBias:0]]
[2019.03.28-07.40.59:588][  0]LogConfig: Setting CVar [[r.ViewDistanceScale:1.0]]
[2019.03.28-07.40.59:588][  0]LogConfig: Applying CVar settings from Section [AntiAliasingQuality@3] File [C:/Users/joey.JOEY-PC/Documents/Unreal Projects/PixelArcade/PixelArcade/Saved/Config/Windows/Scalability.ini]
[2019.03.28-07.40.59:588][  0]LogConfig: Setting CVar [[r.PostProcessAAQuality:4]]
[2019.03.28-07.40.59:588][  0]LogConfig: Applying CVar settings from Section [ShadowQuality@3] File [C:/Users/joey.JOEY-PC/Documents/Unreal Projects/PixelArcade/PixelArcade/Saved/Config/Windows/Scalability.ini]
[2019.03.28-07.40.59:588][  0]LogConfig: Setting CVar [[r.LightFunctionQuality:1]]
[2019.03.28-07.40.59:588][  0]LogConfig: Setting CVar [[r.ShadowQuality:5]]
[2019.03.28-07.40.59:588][  0]LogConfig: Setting CVar [[r.Shadow.CSM.MaxCascades:10]]
[2019.03.28-07.40.59:588][  0]LogConfig: Setting CVar [[r.Shadow.MaxResolution:2048]]
[2019.03.28-07.40.59:588][  0]LogConfig: Setting CVar [[r.Shadow.MaxCSMResolution:2048]]
[2019.03.28-07.40.59:588][  0]LogConfig: Setting CVar [[r.Shadow.RadiusThreshold:0.01]]
[2019.03.28-07.40.59:588][  0]LogConfig: Setting CVar [[r.Shadow.DistanceScale:1.0]]
[2019.03.28-07.40.59:588][  0]LogConfig: Setting CVar [[r.Shadow.CSM.TransitionScale:1.0]]
[2019.03.28-07.40.59:588][  0]LogConfig: Setting CVar [[r.Shadow.PreShadowResolutionFactor:1.0]]
[2019.03.28-07.40.59:588][  0]LogConfig: Setting CVar [[r.DistanceFieldShadowing:1]]
[2019.03.28-07.40.59:588][  0]LogConfig: Setting CVar [[r.DistanceFieldAO:1]]
[2019.03.28-07.40.59:588][  0]LogConfig: Setting CVar [[r.AOQuality:2]]
[2019.03.28-07.40.59:588][  0]LogConfig: Setting CVar [[r.VolumetricFog:1]]
[2019.03.28-07.40.59:588][  0]LogConfig: Setting CVar [[r.VolumetricFog.GridPixelSize:8]]
[2019.03.28-07.40.59:588][  0]LogConfig: Setting CVar [[r.VolumetricFog.GridSizeZ:128]]
[2019.03.28-07.40.59:588][  0]LogConfig: Setting CVar [[r.VolumetricFog.HistoryMissSupersampleCount:4]]
[2019.03.28-07.40.59:588][  0]LogConfig: Setting CVar [[r.LightMaxDrawDistanceScale:1]]
[2019.03.28-07.40.59:588][  0]LogConfig: Setting CVar [[r.CapsuleShadows:1]]
[2019.03.28-07.40.59:588][  0]LogConfig: Applying CVar settings from Section [PostProcessQuality@3] File [C:/Users/joey.JOEY-PC/Documents/Unreal Projects/PixelArcade/PixelArcade/Saved/Config/Windows/Scalability.ini]
[2019.03.28-07.40.59:588][  0]LogConfig: Setting CVar [[r.MotionBlurQuality:4]]
[2019.03.28-07.40.59:588][  0]LogConfig: Setting CVar [[r.AmbientOcclusionMipLevelFactor:0.4]]
[2019.03.28-07.40.59:588][  0]LogConfig: Setting CVar [[r.AmbientOcclusionMaxQuality:100]]
[2019.03.28-07.40.59:588][  0]LogConfig: Setting CVar [[r.AmbientOcclusionLevels:-1]]
[2019.03.28-07.40.59:588][  0]LogConfig: Setting CVar [[r.AmbientOcclusionRadiusScale:1.0]]
[2019.03.28-07.40.59:588][  0]LogConfig: Setting CVar [[r.DepthOfFieldQuality:2]]
[2019.03.28-07.40.59:588][  0]LogConfig: Setting CVar [[r.RenderTargetPoolMin:400]]
[2019.03.28-07.40.59:588][  0]LogConfig: Setting CVar [[r.LensFlareQuality:2]]
[2019.03.28-07.40.59:588][  0]LogConfig: Setting CVar [[r.SceneColorFringeQuality:1]]
[2019.03.28-07.40.59:588][  0]LogConfig: Setting CVar [[r.EyeAdaptationQuality:2]]
[2019.03.28-07.40.59:588][  0]LogConfig: Setting CVar [[r.BloomQuality:5]]
[2019.03.28-07.40.59:588][  0]LogConfig: Setting CVar [[r.FastBlurThreshold:100]]
[2019.03.28-07.40.59:588][  0]LogConfig: Setting CVar [[r.Upscale.Quality:3]]
[2019.03.28-07.40.59:589][  0]LogConfig: Setting CVar [[r.Tonemapper.GrainQuantization:1]]
[2019.03.28-07.40.59:589][  0]LogConfig: Setting CVar [[r.LightShaftQuality:1]]
[2019.03.28-07.40.59:589][  0]LogConfig: Setting CVar [[r.Filter.SizeScale:1]]
[2019.03.28-07.40.59:589][  0]LogConfig: Setting CVar [[r.Tonemapper.Quality:5]]
[2019.03.28-07.40.59:589][  0]LogConfig: Setting CVar [[r.DOF.Gather.AccumulatorQuality:1        ; higher gathering accumulator quality]]
[2019.03.28-07.40.59:589][  0]LogConfig: Setting CVar [[r.DOF.Gather.PostfilterMethod:1          ; Median3x3 postfilering method]]
[2019.03.28-07.40.59:589][  0]LogConfig: Setting CVar [[r.DOF.Gather.EnableBokehSettings:0       ; no bokeh simulation when gathering]]
[2019.03.28-07.40.59:589][  0]LogConfig: Setting CVar [[r.DOF.Gather.RingCount:4                 ; medium number of samples when gathering]]
[2019.03.28-07.40.59:589][  0]LogConfig: Setting CVar [[r.DOF.Scatter.ForegroundCompositing:1    ; additive foreground scattering]]
[2019.03.28-07.40.59:589][  0]LogConfig: Setting CVar [[r.DOF.Scatter.BackgroundCompositing:2    ; additive background scattering]]
[2019.03.28-07.40.59:589][  0]LogConfig: Setting CVar [[r.DOF.Scatter.EnableBokehSettings:1      ; bokeh simulation when scattering]]
[2019.03.28-07.40.59:589][  0]LogConfig: Setting CVar [[r.DOF.Scatter.MaxSpriteRatio:0.1         ; only a maximum of 10% of scattered bokeh]]
[2019.03.28-07.40.59:589][  0]LogConfig: Setting CVar [[r.DOF.Recombine.Quality:1                ; cheap slight out of focus]]
[2019.03.28-07.40.59:589][  0]LogConfig: Setting CVar [[r.DOF.Recombine.EnableBokehSettings:0    ; no bokeh simulation on slight out of focus]]
[2019.03.28-07.40.59:589][  0]LogConfig: Setting CVar [[r.DOF.TemporalAAQuality:1                ; more stable temporal accumulation]]
[2019.03.28-07.40.59:589][  0]LogConfig: Setting CVar [[r.DOF.Kernel.MaxForegroundRadius:0.025]]
[2019.03.28-07.40.59:589][  0]LogConfig: Setting CVar [[r.DOF.Kernel.MaxBackgroundRadius:0.025]]
[2019.03.28-07.40.59:589][  0]LogConfig: Applying CVar settings from Section [TextureQuality@3] File [C:/Users/joey.JOEY-PC/Documents/Unreal Projects/PixelArcade/PixelArcade/Saved/Config/Windows/Scalability.ini]
[2019.03.28-07.40.59:589][  0]LogConfig: Setting CVar [[r.Streaming.MipBias:0]]
[2019.03.28-07.40.59:589][  0]LogConfig: Setting CVar [[r.Streaming.AmortizeCPUToGPUCopy:0]]
[2019.03.28-07.40.59:589][  0]LogConfig: Setting CVar [[r.Streaming.MaxNumTexturesToStreamPerFrame:0]]
[2019.03.28-07.40.59:589][  0]LogConfig: Setting CVar [[r.Streaming.Boost:1]]
[2019.03.28-07.40.59:589][  0]LogConfig: Setting CVar [[r.MaxAnisotropy:8]]
[2019.03.28-07.40.59:589][  0]LogConfig: Setting CVar [[r.Streaming.LimitPoolSizeToVRAM:0]]
[2019.03.28-07.40.59:589][  0]LogConfig: Setting CVar [[r.Streaming.PoolSize:1000]]
[2019.03.28-07.40.59:589][  0]LogConfig: Setting CVar [[r.Streaming.MaxEffectiveScreenSize:0]]
[2019.03.28-07.40.59:589][  0]LogConfig: Applying CVar settings from Section [EffectsQuality@3] File [C:/Users/joey.JOEY-PC/Documents/Unreal Projects/PixelArcade/PixelArcade/Saved/Config/Windows/Scalability.ini]
[2019.03.28-07.40.59:589][  0]LogConfig: Setting CVar [[r.TranslucencyLightingVolumeDim:64]]
[2019.03.28-07.40.59:589][  0]LogConfig: Setting CVar [[r.RefractionQuality:2]]
[2019.03.28-07.40.59:589][  0]LogConfig: Setting CVar [[r.SSR.Quality:3]]
[2019.03.28-07.40.59:589][  0]LogConfig: Setting CVar [[r.SceneColorFormat:4]]
[2019.03.28-07.40.59:589][  0]LogConfig: Setting CVar [[r.DetailMode:2]]
[2019.03.28-07.40.59:589][  0]LogConfig: Setting CVar [[r.TranslucencyVolumeBlur:1]]
[2019.03.28-07.40.59:589][  0]LogConfig: Setting CVar [[r.MaterialQualityLevel:1 ; High quality]]
[2019.03.28-07.40.59:589][  0]LogConfig: Setting CVar [[r.SSS.Scale:1]]
[2019.03.28-07.40.59:589][  0]LogConfig: Setting CVar [[r.SSS.SampleSet:2]]
[2019.03.28-07.40.59:589][  0]LogConfig: Setting CVar [[r.SSS.Quality:1]]
[2019.03.28-07.40.59:589][  0]LogConfig: Setting CVar [[r.SSS.HalfRes:1]]
[2019.03.28-07.40.59:589][  0]LogConfig: Setting CVar [[r.EmitterSpawnRateScale:1.0]]
[2019.03.28-07.40.59:589][  0]LogConfig: Setting CVar [[r.ParticleLightQuality:2]]
[2019.03.28-07.40.59:589][  0]LogConfig: Applying CVar settings from Section [FoliageQuality@3] File [C:/Users/joey.JOEY-PC/Documents/Unreal Projects/PixelArcade/PixelArcade/Saved/Config/Windows/Scalability.ini]
[2019.03.28-07.40.59:589][  0]LogConfig: Setting CVar [[foliage.DensityScale:1.0]]
[2019.03.28-07.40.59:589][  0]LogConfig: Setting CVar [[grass.DensityScale:1.0]]
[2019.03.28-07.40.59:589][  0]LogInit: Selected Device Profile: [Windows]
[2019.03.28-07.40.59:589][  0]LogInit: Applying CVar settings loaded from the selected device profile: [Windows]
[2019.03.28-07.40.59:595][  0]LogHAL: Display: Platform has ~ 8 GB [8452411392 / 8589934592 / 8], which maps to Default [LargestMinGB=32, LargerMinGB=12, DefaultMinGB=8, SmallerMinGB=6, SmallestMinGB=0)
[2019.03.28-07.40.59:595][  0]LogConfig: Setting CVar [[r.Vulkan.UseRealUBs:1]]
[2019.03.28-07.40.59:595][  0]LogInit: Going up to parent DeviceProfile []
[2019.03.28-07.40.59:596][  0]LogConfig: Applying CVar settings from Section [ViewDistanceQuality@3] File [C:/Users/joey.JOEY-PC/Documents/Unreal Projects/PixelArcade/PixelArcade/Saved/Config/Windows/Scalability.ini]
[2019.03.28-07.40.59:596][  0]LogConfig: Setting CVar [[r.SkeletalMeshLODBias:0]]
[2019.03.28-07.40.59:596][  0]LogConfig: Setting CVar [[r.ViewDistanceScale:1.0]]
[2019.03.28-07.40.59:596][  0]LogConfig: Applying CVar settings from Section [AntiAliasingQuality@3] File [C:/Users/joey.JOEY-PC/Documents/Unreal Projects/PixelArcade/PixelArcade/Saved/Config/Windows/Scalability.ini]
[2019.03.28-07.40.59:596][  0]LogConfig: Setting CVar [[r.PostProcessAAQuality:4]]
[2019.03.28-07.40.59:596][  0]LogConfig: Applying CVar settings from Section [ShadowQuality@3] File [C:/Users/joey.JOEY-PC/Documents/Unreal Projects/PixelArcade/PixelArcade/Saved/Config/Windows/Scalability.ini]
[2019.03.28-07.40.59:596][  0]LogConfig: Setting CVar [[r.LightFunctionQuality:1]]
[2019.03.28-07.40.59:596][  0]LogConfig: Setting CVar [[r.ShadowQuality:5]]
[2019.03.28-07.40.59:596][  0]LogConfig: Setting CVar [[r.Shadow.CSM.MaxCascades:10]]
[2019.03.28-07.40.59:596][  0]LogConfig: Setting CVar [[r.Shadow.MaxResolution:2048]]
[2019.03.28-07.40.59:596][  0]LogConfig: Setting CVar [[r.Shadow.MaxCSMResolution:2048]]
[2019.03.28-07.40.59:596][  0]LogConfig: Setting CVar [[r.Shadow.RadiusThreshold:0.01]]
[2019.03.28-07.40.59:596][  0]LogConfig: Setting CVar [[r.Shadow.DistanceScale:1.0]]
[2019.03.28-07.40.59:596][  0]LogConfig: Setting CVar [[r.Shadow.CSM.TransitionScale:1.0]]
[2019.03.28-07.40.59:596][  0]LogConfig: Setting CVar [[r.Shadow.PreShadowResolutionFactor:1.0]]
[2019.03.28-07.40.59:596][  0]LogConfig: Setting CVar [[r.DistanceFieldShadowing:1]]
[2019.03.28-07.40.59:596][  0]LogConfig: Setting CVar [[r.DistanceFieldAO:1]]
[2019.03.28-07.40.59:596][  0]LogConfig: Setting CVar [[r.AOQuality:2]]
[2019.03.28-07.40.59:596][  0]LogConfig: Setting CVar [[r.VolumetricFog:1]]
[2019.03.28-07.40.59:596][  0]LogConfig: Setting CVar [[r.VolumetricFog.GridPixelSize:8]]
[2019.03.28-07.40.59:596][  0]LogConfig: Setting CVar [[r.VolumetricFog.GridSizeZ:128]]
[2019.03.28-07.40.59:596][  0]LogConfig: Setting CVar [[r.VolumetricFog.HistoryMissSupersampleCount:4]]
[2019.03.28-07.40.59:596][  0]LogConfig: Setting CVar [[r.LightMaxDrawDistanceScale:1]]
[2019.03.28-07.40.59:596][  0]LogConfig: Setting CVar [[r.CapsuleShadows:1]]
[2019.03.28-07.40.59:596][  0]LogConfig: Applying CVar settings from Section [PostProcessQuality@3] File [C:/Users/joey.JOEY-PC/Documents/Unreal Projects/PixelArcade/PixelArcade/Saved/Config/Windows/Scalability.ini]
[2019.03.28-07.40.59:596][  0]LogConfig: Setting CVar [[r.MotionBlurQuality:4]]
[2019.03.28-07.40.59:596][  0]LogConfig: Setting CVar [[r.AmbientOcclusionMipLevelFactor:0.4]]
[2019.03.28-07.40.59:596][  0]LogConfig: Setting CVar [[r.AmbientOcclusionMaxQuality:100]]
[2019.03.28-07.40.59:596][  0]LogConfig: Setting CVar [[r.AmbientOcclusionLevels:-1]]
[2019.03.28-07.40.59:596][  0]LogConfig: Setting CVar [[r.AmbientOcclusionRadiusScale:1.0]]
[2019.03.28-07.40.59:596][  0]LogConfig: Setting CVar [[r.DepthOfFieldQuality:2]]
[2019.03.28-07.40.59:596][  0]LogConfig: Setting CVar [[r.RenderTargetPoolMin:400]]
[2019.03.28-07.40.59:596][  0]LogConfig: Setting CVar [[r.LensFlareQuality:2]]
[2019.03.28-07.40.59:596][  0]LogConfig: Setting CVar [[r.SceneColorFringeQuality:1]]
[2019.03.28-07.40.59:596][  0]LogConfig: Setting CVar [[r.EyeAdaptationQuality:2]]
[2019.03.28-07.40.59:596][  0]LogConfig: Setting CVar [[r.BloomQuality:5]]
[2019.03.28-07.40.59:596][  0]LogConfig: Setting CVar [[r.FastBlurThreshold:100]]
[2019.03.28-07.40.59:596][  0]LogConfig: Setting CVar [[r.Upscale.Quality:3]]
[2019.03.28-07.40.59:596][  0]LogConfig: Setting CVar [[r.Tonemapper.GrainQuantization:1]]
[2019.03.28-07.40.59:596][  0]LogConfig: Setting CVar [[r.LightShaftQuality:1]]
[2019.03.28-07.40.59:596][  0]LogConfig: Setting CVar [[r.Filter.SizeScale:1]]
[2019.03.28-07.40.59:596][  0]LogConfig: Setting CVar [[r.Tonemapper.Quality:5]]
[2019.03.28-07.40.59:596][  0]LogConfig: Setting CVar [[r.DOF.Gather.AccumulatorQuality:1        ; higher gathering accumulator quality]]
[2019.03.28-07.40.59:596][  0]LogConfig: Setting CVar [[r.DOF.Gather.PostfilterMethod:1          ; Median3x3 postfilering method]]
[2019.03.28-07.40.59:596][  0]LogConfig: Setting CVar [[r.DOF.Gather.EnableBokehSettings:0       ; no bokeh simulation when gathering]]
[2019.03.28-07.40.59:596][  0]LogConfig: Setting CVar [[r.DOF.Gather.RingCount:4                 ; medium number of samples when gathering]]
[2019.03.28-07.40.59:596][  0]LogConfig: Setting CVar [[r.DOF.Scatter.ForegroundCompositing:1    ; additive foreground scattering]]
[2019.03.28-07.40.59:596][  0]LogConfig: Setting CVar [[r.DOF.Scatter.BackgroundCompositing:2    ; additive background scattering]]
[2019.03.28-07.40.59:596][  0]LogConfig: Setting CVar [[r.DOF.Scatter.EnableBokehSettings:1      ; bokeh simulation when scattering]]
[2019.03.28-07.40.59:596][  0]LogConfig: Setting CVar [[r.DOF.Scatter.MaxSpriteRatio:0.1         ; only a maximum of 10% of scattered bokeh]]
[2019.03.28-07.40.59:596][  0]LogConfig: Setting CVar [[r.DOF.Recombine.Quality:1                ; cheap slight out of focus]]
[2019.03.28-07.40.59:597][  0]LogConfig: Setting CVar [[r.DOF.Recombine.EnableBokehSettings:0    ; no bokeh simulation on slight out of focus]]
[2019.03.28-07.40.59:597][  0]LogConfig: Setting CVar [[r.DOF.TemporalAAQuality:1                ; more stable temporal accumulation]]
[2019.03.28-07.40.59:597][  0]LogConfig: Setting CVar [[r.DOF.Kernel.MaxForegroundRadius:0.025]]
[2019.03.28-07.40.59:597][  0]LogConfig: Setting CVar [[r.DOF.Kernel.MaxBackgroundRadius:0.025]]
[2019.03.28-07.40.59:597][  0]LogConfig: Applying CVar settings from Section [TextureQuality@3] File [C:/Users/joey.JOEY-PC/Documents/Unreal Projects/PixelArcade/PixelArcade/Saved/Config/Windows/Scalability.ini]
[2019.03.28-07.40.59:597][  0]LogConfig: Setting CVar [[r.Streaming.MipBias:0]]
[2019.03.28-07.40.59:597][  0]LogConfig: Setting CVar [[r.Streaming.AmortizeCPUToGPUCopy:0]]
[2019.03.28-07.40.59:597][  0]LogConfig: Setting CVar [[r.Streaming.MaxNumTexturesToStreamPerFrame:0]]
[2019.03.28-07.40.59:597][  0]LogConfig: Setting CVar [[r.Streaming.Boost:1]]
[2019.03.28-07.40.59:597][  0]LogConfig: Setting CVar [[r.MaxAnisotropy:8]]
[2019.03.28-07.40.59:597][  0]LogConfig: Setting CVar [[r.Streaming.LimitPoolSizeToVRAM:0]]
[2019.03.28-07.40.59:597][  0]LogConfig: Setting CVar [[r.Streaming.PoolSize:1000]]
[2019.03.28-07.40.59:597][  0]LogConfig: Setting CVar [[r.Streaming.MaxEffectiveScreenSize:0]]
[2019.03.28-07.40.59:597][  0]LogConfig: Applying CVar settings from Section [EffectsQuality@3] File [C:/Users/joey.JOEY-PC/Documents/Unreal Projects/PixelArcade/PixelArcade/Saved/Config/Windows/Scalability.ini]
[2019.03.28-07.40.59:597][  0]LogConfig: Setting CVar [[r.TranslucencyLightingVolumeDim:64]]
[2019.03.28-07.40.59:597][  0]LogConfig: Setting CVar [[r.RefractionQuality:2]]
[2019.03.28-07.40.59:597][  0]LogConfig: Setting CVar [[r.SSR.Quality:3]]
[2019.03.28-07.40.59:597][  0]LogConfig: Setting CVar [[r.SceneColorFormat:4]]
[2019.03.28-07.40.59:597][  0]LogConfig: Setting CVar [[r.DetailMode:2]]
[2019.03.28-07.40.59:597][  0]LogConfig: Setting CVar [[r.TranslucencyVolumeBlur:1]]
[2019.03.28-07.40.59:597][  0]LogConfig: Setting CVar [[r.MaterialQualityLevel:1 ; High quality]]
[2019.03.28-07.40.59:597][  0]LogConfig: Setting CVar [[r.SSS.Scale:1]]
[2019.03.28-07.40.59:597][  0]LogConfig: Setting CVar [[r.SSS.SampleSet:2]]
[2019.03.28-07.40.59:597][  0]LogConfig: Setting CVar [[r.SSS.Quality:1]]
[2019.03.28-07.40.59:597][  0]LogConfig: Setting CVar [[r.SSS.HalfRes:1]]
[2019.03.28-07.40.59:597][  0]LogConfig: Setting CVar [[r.EmitterSpawnRateScale:1.0]]
[2019.03.28-07.40.59:597][  0]LogConfig: Setting CVar [[r.ParticleLightQuality:2]]
[2019.03.28-07.40.59:597][  0]LogConfig: Applying CVar settings from Section [FoliageQuality@3] File [C:/Users/joey.JOEY-PC/Documents/Unreal Projects/PixelArcade/PixelArcade/Saved/Config/Windows/Scalability.ini]
[2019.03.28-07.40.59:597][  0]LogConfig: Setting CVar [[foliage.DensityScale:1.0]]
[2019.03.28-07.40.59:597][  0]LogConfig: Setting CVar [[grass.DensityScale:1.0]]
[2019.03.28-07.40.59:597][  0]LogConfig: Applying CVar settings from Section [Startup] File [../../../Engine/Config/ConsoleVariables.ini]
[2019.03.28-07.40.59:597][  0]LogConfig: Setting CVar [[net.UseAdaptiveNetUpdateFrequency:0]]
[2019.03.28-07.40.59:597][  0]LogConfig: Applying CVar settings from Section [ConsoleVariables] File [C:/Users/joey.JOEY-PC/Documents/Unreal Projects/PixelArcade/PixelArcade/Saved/Config/Windows/Engine.ini]
[2019.03.28-07.40.59:598][  0]LogInit: Computer: JOEY-PC
[2019.03.28-07.40.59:598][  0]LogInit: User: joey
[2019.03.28-07.40.59:598][  0]LogInit: CPU Page size=4096, Cores=4
[2019.03.28-07.40.59:598][  0]LogInit: High frequency timer resolution =10.000000 MHz
[2019.03.28-07.40.59:598][  0]LogMemory: Memory total: Physical=7.9GB (8GB approx)
[2019.03.28-07.40.59:598][  0]LogMemory: Platform Memory Stats for Windows
[2019.03.28-07.40.59:598][  0]LogMemory: Process Physical Memory: 103.48 MB used, 103.49 MB peak
[2019.03.28-07.40.59:598][  0]LogMemory: Process Virtual Memory: 89.73 MB used, 89.73 MB peak
[2019.03.28-07.40.59:598][  0]LogMemory: Physical Memory: 4972.67 MB used,  3088.18 MB free, 8060.85 MB total
[2019.03.28-07.40.59:598][  0]LogMemory: Virtual Memory: 4650.14 MB used,  134213080.00 MB free, 134217728.00 MB total
[2019.03.28-07.40.59:631][  0]LogInit: Using OS detected language (en-US).
[2019.03.28-07.40.59:631][  0]LogInit: Using OS detected locale (en-US).
[2019.03.28-07.40.59:632][  0]LogTextLocalizationManager: No specific localization for 'en-US' exists, so the 'en' localization will be used.
[2019.03.28-07.41.00:154][  0]LogStreaming: Display: Took  0.522s to InitEngineTextLocalization.
[2019.03.28-07.41.00:189][  0]LogSlate: New Slate User Created.  User Index 0, Is Virtual User: 0
[2019.03.28-07.41.00:189][  0]LogSlate: Slate User Registered.  User Index 0, Is Virtual User: 0
[2019.03.28-07.41.00:232][  0]LogHMD: Failed to initialize OpenVR with code 110
[2019.03.28-07.41.00:232][  0]LogD3D11RHI: D3D11 adapters:
[2019.03.28-07.41.00:270][  0]LogD3D11RHI:    0. 'NVIDIA GeForce GT 635M' (Feature Level 11_0)
[2019.03.28-07.41.00:270][  0]LogD3D11RHI:       1999/0/4030 MB DedicatedVideo/DedicatedSystem/SharedSystem, Outputs:1, VendorId:0x10de
[2019.03.28-07.41.00:275][  0]LogD3D11RHI:    1. 'Intel(R) HD Graphics 4000' (Feature Level 11_0)
[2019.03.28-07.41.00:275][  0]LogD3D11RHI:       32/0/1760 MB DedicatedVideo/DedicatedSystem/SharedSystem, Outputs:0, VendorId:0x8086
[2019.03.28-07.41.00:278][  0]LogD3D11RHI:    2. 'Microsoft Basic Render Driver' (Feature Level 11_0)
[2019.03.28-07.41.00:278][  0]LogD3D11RHI:       0/0/4030 MB DedicatedVideo/DedicatedSystem/SharedSystem, Outputs:0, VendorId:0x1414
[2019.03.28-07.41.00:278][  0]LogD3D11RHI: Chosen D3D11 Adapter: 0
[2019.03.28-07.41.00:334][  0]LogD3D11RHI: Creating new Direct3DDevice
[2019.03.28-07.41.00:334][  0]LogD3D11RHI:     GPU DeviceId: 0xde3 (for the marketing name, search the web for "GPU Device Id")
[2019.03.28-07.41.00:334][  0]LogWindows: EnumDisplayDevices:
[2019.03.28-07.41.00:334][  0]LogWindows:    0. 'Intel(R) HD Graphics 4000' (P:1 D:1)
[2019.03.28-07.41.00:335][  0]LogWindows:    1. 'Intel(R) HD Graphics 4000' (P:0 D:0)
[2019.03.28-07.41.00:335][  0]LogWindows:    2. 'Intel(R) HD Graphics 4000' (P:0 D:0)
[2019.03.28-07.41.00:336][  0]LogWindows:    3. 'NVIDIA GeForce GT 635M' (P:0 D:0)
[2019.03.28-07.41.00:336][  0]LogWindows: DebugString: PrimaryIsNotTheChoosenAdapter PrimaryIsNotTheChoosenAdapter PrimaryIsNotTheChoosenAdapter 
[2019.03.28-07.41.00:336][  0]LogD3D11RHI:     Adapter Name: NVIDIA GeForce GT 635M
[2019.03.28-07.41.00:336][  0]LogD3D11RHI:   Driver Version: 376.54 (internal:21.21.13.7654, unified:376.54)
[2019.03.28-07.41.00:336][  0]LogD3D11RHI:      Driver Date: 12-29-2016
[2019.03.28-07.41.00:336][  0]LogRHI: Texture pool is 1399 MB (70% of 1999 MB)
[2019.03.28-07.41.00:363][  0]LogD3D11RHI: Display: Timestamp queries are currently disabled on this hardware due to instability. Realtime GPU stats will not be available. You can override this behaviour by setting r.NVIDIATimestampWorkaround to 0
[2019.03.28-07.41.00:363][  0]LogD3D11RHI: Async texture creation enabled
[2019.03.28-07.41.00:377][  0]LogD3D11RHI: GPU Timing Frequency: 1000.000000 (Debug: 2 1)
[2019.03.28-07.41.00:856][  0]LogTemp: Display: Loaded TP WindowsClientTargetPlatform
[2019.03.28-07.41.00:876][  0]LogTemp: Display: Loaded TP WindowsNoEditorTargetPlatform
[2019.03.28-07.41.00:896][  0]LogTemp: Display: Loaded TP WindowsServerTargetPlatform
[2019.03.28-07.41.00:916][  0]LogTemp: Display: Loaded TP WindowsTargetPlatform
[2019.03.28-07.41.00:916][  0]LogTargetPlatformManager: Display: Building Assets For Windows
[2019.03.28-07.41.01:003][  0]LogShaderCompilers: Guid format shader working directory is -34 characters bigger than the processId version (../../../../../../Users/joey.JOEY-PC/Documents/Unreal Projects/PixelArcade/PixelArcade/Intermediate/Shaders/WorkingDirectory/16444/).
[2019.03.28-07.41.01:003][  0]LogShaderCompilers: Cleaned the shader compiler working directory 'C:/Users/joey.JOEY-PC/AppData/Local/Temp/UnrealShaderWorkingDir/B8010EAB4C3F9C531B565FA6B91A2452/'.
[2019.03.28-07.41.01:006][  0]LogXGEController: Cannot use XGE Controller as Incredibuild is not installed on this machine.
[2019.03.28-07.41.01:006][  0]LogShaderCompilers: Cannot use XGE Shader Compiler as Incredibuild is not installed on this machine.
[2019.03.28-07.41.01:006][  0]LogShaderCompilers: Display: Using Local Shader Compiler.
[2019.03.28-07.41.01:729][  0]LogDerivedDataCache: Display: Max Cache Size: 512 MB
[2019.03.28-07.41.01:800][  0]LogDerivedDataCache: Loaded boot cache 0.07s 71MB C:/Users/joey.JOEY-PC/AppData/Local/UnrealEngine/4.21/DerivedDataCache/Boot.ddc.
[2019.03.28-07.41.01:801][  0]LogDerivedDataCache: Display: Loaded Boot cache: C:/Users/joey.JOEY-PC/AppData/Local/UnrealEngine/4.21/DerivedDataCache/Boot.ddc
[2019.03.28-07.41.01:801][  0]LogDerivedDataCache: FDerivedDataBackendGraph:  Pak pak cache file ../../../../../../Users/joey.JOEY-PC/Documents/Unreal Projects/PixelArcade/PixelArcade/DerivedDataCache/DDC.ddp not found, will not use a pak cache.
[2019.03.28-07.41.01:801][  0]LogDerivedDataCache: Unable to find inner node Pak for hierarchical cache Hierarchy.
[2019.03.28-07.41.01:801][  0]LogDerivedDataCache: FDerivedDataBackendGraph:  CompressedPak pak cache file ../../../../../../Users/joey.JOEY-PC/Documents/Unreal Projects/PixelArcade/PixelArcade/DerivedDataCache/Compressed.ddp not found, will not use a pak cache.
[2019.03.28-07.41.01:801][  0]LogDerivedDataCache: Unable to find inner node CompressedPak for hierarchical cache Hierarchy.
[2019.03.28-07.41.01:821][  0]LogDerivedDataCache: Display: Pak cache opened for reading ../../../Engine/DerivedDataCache/Compressed.ddp.
[2019.03.28-07.41.01:821][  0]LogDerivedDataCache: FDerivedDataBackendGraph:  EnterprisePak pak cache file ../../../Enterprise/DerivedDataCache/Compressed.ddp not found, will not use a pak cache.
[2019.03.28-07.41.01:821][  0]LogDerivedDataCache: Unable to find inner node EnterprisePak for hierarchical cache Hierarchy.
[2019.03.28-07.41.01:834][  0]LogDerivedDataCache: Using Local data cache path C:/Users/joey.JOEY-PC/AppData/Local/UnrealEngine/Common/DerivedDataCache: Writable
[2019.03.28-07.41.01:834][  0]LogDerivedDataCache: Shared data cache path not found in *engine.ini, will not use an Shared cache.
[2019.03.28-07.41.01:834][  0]LogDerivedDataCache: Unable to find inner node Shared for hierarchical cache Hierarchy.
[2019.03.28-07.41.01:867][  0]LogMaterial: Verifying Global Shaders for PCD3D_SM5
[2019.03.28-07.41.01:872][  0]LogSlate: Using FreeType 2.6.0
[2019.03.28-07.41.01:873][  0]LogSlate: SlateFontServices - WITH_FREETYPE: 1, WITH_HARFBUZZ: 1
[2019.03.28-07.41.02:027][  0]LogInit: Using OS detected language (en-US).
[2019.03.28-07.41.02:027][  0]LogInit: Using OS detected locale (en-US).
[2019.03.28-07.41.02:027][  0]LogTextLocalizationManager: No localization for 'en-US' exists, so 'en' will be used for the language.
[2019.03.28-07.41.02:028][  0]LogTextLocalizationManager: No localization for 'en-US' exists, so 'en' will be used for the locale.
[2019.03.28-07.41.02:028][  0]LogSlate: FontCache flush requested. Reason: Culture for localization was changed
[2019.03.28-07.41.02:028][  0]LogSlate: FontCache flush requested. Reason: Culture for localization was changed
[2019.03.28-07.41.02:476][  0]LogStreaming: Display: Took  0.449s to InitGameTextLocalization.
[2019.03.28-07.41.02:486][  0]LogAssetRegistry: FAssetRegistry took 0.0056 seconds to start up
[2019.03.28-07.41.02:795][  0]LogPackageLocalizationCache: Processed 11 localized package path(s) for 1 prioritized culture(s) in 0.017762 seconds
[2019.03.28-07.41.02:965][  0]LogInit: Selected Device Profile: [Windows]
[2019.03.28-07.41.03:173][  0]LogSimplygon: Simplygon DLL not present - disabling.
[2019.03.28-07.41.03:178][  0]LogMeshReduction: Using SimplygonSwarm for distributed automatic mesh merging
[2019.03.28-07.41.03:178][  0]LogMeshReduction: Using ProxyLODMeshReduction for automatic mesh merging
[2019.03.28-07.41.03:178][  0]LogMeshReduction: Using QuadricMeshReduction for automatic static mesh reduction
[2019.03.28-07.41.03:178][  0]LogMeshReduction: No automatic skeletal mesh reduction module available
[2019.03.28-07.41.03:196][  0]LogNetVersion: PixelArcade 1.0.0, NetCL: 4541578, EngineNetVer: 5, GameNetVer: 0 (Checksum: 3322908292)
[2019.03.28-07.41.03:974][  0]LogMoviePlayer: Initializing movie player
[2019.03.28-07.41.04:091][  0]LogTcpMessaging: Initializing TcpMessaging bridge
[2019.03.28-07.41.04:103][  0]LogUdpMessaging: Initializing bridge on interface 0.0.0.0:0 to multicast group 230.0.0.1:6666.
[2019.03.28-07.41.04:182][  0]LogCollectionManager: Loaded 0 collections in 0.003025 seconds
[2019.03.28-07.41.04:209][  0]LogFileCache: Scanning file cache for directory 'C:/Users/joey.JOEY-PC/Documents/Unreal Projects/PixelArcade/PixelArcade/Saved/Collections/' took 0.01s
[2019.03.28-07.41.04:209][  0]LogFileCache: Scanning file cache for directory 'C:/Users/joey.JOEY-PC/Documents/Unreal Projects/PixelArcade/PixelArcade/Content/Developers/joey/Collections/' took 0.01s
[2019.03.28-07.41.04:209][  0]LogFileCache: Scanning file cache for directory 'C:/Users/joey.JOEY-PC/Documents/Unreal Projects/PixelArcade/PixelArcade/Content/Collections/' took 0.00s
[2019.03.28-07.41.04:209][  0]LogCollectionManager: Rebuilt the object cache for 0 collections in 0.000000 seconds (found 0 objects)
[2019.03.28-07.41.04:209][  0]LogCollectionManager: Fixed up redirectors for 0 collections in 0.000113 seconds (updated 0 objects)
[2019.03.28-07.41.04:263][  0]SourceControl: Source control is disabled
[2019.03.28-07.41.04:263][  0]SourceControl: Source control is disabled
[2019.03.28-07.41.04:264][  0]SourceControl: Source control is disabled
[2019.03.28-07.41.04:398][  0]LogAndroidPermission: UAndroidPermissionCallbackProxy::GetInstance
[2019.03.28-07.41.04:484][  0]LogOcInput: OculusInput pre-init called
[2019.03.28-07.41.04:494][  0]LogUObjectArray: 44021 objects as part of root set at end of initial load.
[2019.03.28-07.41.04:494][  0]LogUObjectAllocator: 7742944 out of 0 bytes used by permanent object pool.
[2019.03.28-07.41.04:494][  0]LogUObjectArray: CloseDisregardForGC: 0/0 objects in disregard for GC pool
[2019.03.28-07.41.04:640][  0]LogEngine: Initializing Engine...
[2019.03.28-07.41.04:641][  0]LogHMD: Failed to initialize OpenVR with code 110
[2019.03.28-07.41.04:654][  0]LogStats: UGameplayTagsManager::ConstructGameplayTagTree: ImportINI prefixes -  0.000 s
[2019.03.28-07.41.04:654][  0]LogStats: UGameplayTagsManager::ConstructGameplayTagTree: Construct from data asset -  0.000 s
[2019.03.28-07.41.04:654][  0]LogStats: UGameplayTagsManager::ConstructGameplayTagTree: ImportINI -  0.000 s
[2019.03.28-07.41.04:654][  0]LogStats: UGameplayTagsManager::ConstructGameplayTagTree: GameplayTagTreeChangedEvent.Broadcast -  0.000 s
[2019.03.28-07.41.04:906][  0]LogInit: Initializing FReadOnlyCVARCache
[2019.03.28-07.41.04:924][  0]LogInit: XAudio2 using 'Speakers (Conexant SmartAudio HD)' : 2 channels at 44.1 kHz using 32 bits per sample (channel mask 0x3)
[2019.03.28-07.41.04:980][  0]LogInit: FAudioDevice initialized.
[2019.03.28-07.41.04:994][  0]LogNetVersion: Set ProjectVersion to 1.0.0.0. Version Checksum will be recalculated on next use.
[2019.03.28-07.41.05:012][  0]LogInit: Texture streaming: Enabled
[2019.03.28-07.41.05:223][  0]LogSlate: Updating window title bar state: overlay mode, drag disabled, window buttons hidden, title bar hidden
[2019.03.28-07.41.05:226][  0]LogInit: Display: Game Engine Initialized.
[2019.03.28-07.41.05:226][  0]LogGameplayTags: Display: UGameplayTagsManager::DoneAddingNativeTags. DelegateIsBound: 0
[2019.03.28-07.41.05:226][  0]LogStats: UGameplayTagsManager::ConstructGameplayTagTree: ImportINI prefixes -  0.000 s
[2019.03.28-07.41.05:226][  0]LogStats: UGameplayTagsManager::ConstructGameplayTagTree: Construct from data asset -  0.000 s
[2019.03.28-07.41.05:226][  0]LogStats: UGameplayTagsManager::ConstructGameplayTagTree: ImportINI -  0.000 s
[2019.03.28-07.41.05:226][  0]LogStats: UGameplayTagsManager::ConstructGameplayTagTree: GameplayTagTreeChangedEvent.Broadcast -  0.000 s
[2019.03.28-07.41.05:246][  0]LogInit: Display: Starting Game.
[2019.03.28-07.41.05:247][  0]LogNet: Browse: /Game/PixelWorlds/PixelMenu?Name=Player
[2019.03.28-07.41.05:248][  0]LogLoad: LoadMap: /Game/PixelWorlds/PixelMenu?Name=Player
[2019.03.28-07.41.05:404][  0]LogLinker: Can't find file '/Game/SimpleInventory/Item_Base_Icon'
[2019.03.28-07.41.05:404][  0]LogLinker: Can't find file '/Game/SimpleInventory/Item_Base_Icon'
[2019.03.28-07.41.05:554][  0]LogLinker: Can't find file '/Game/SimpleInventory/Item_Base'
[2019.03.28-07.41.05:554][  0]LogLinker: Can't find file '/Game/SimpleInventory/Item_Base'
[2019.03.28-07.41.07:585][  0]LogAIModule: Creating AISystem for world PixelMenu
[2019.03.28-07.41.07:586][  0]LogLoad: Game class is 'GM_PixelMenu_C'
[2019.03.28-07.41.07:599][  0]LogWorld: Bringing World /Game/PixelWorlds/PixelMenu.PixelMenu up for play (max tick rate 0) at 2019.03.28-08.41.07
[2019.03.28-07.41.07:608][  0]LogWorld: Bringing up level for play took: 0.020073
[2019.03.28-07.41.08:179][  0]LogLoad: Took 2.930859 seconds to LoadMap(/Game/PixelWorlds/PixelMenu)
[2019.03.28-07.41.08:250][  0]LogRenderer: Reallocating scene render targets to support 1280x720 Format 10 NumSamples 1 (Frame:1).
[2019.03.28-07.41.08:250][  0]LogLoad: (Engine Initialization) Total time: 11.10 seconds
[2019.03.28-07.41.08:250][  0]LogLoad: (Engine Initialization) Total Blueprint compile time: 0.00 seconds
[2019.03.28-07.41.08:290][  0]LogContentStreaming: Texture pool size now 1000 MB
[2019.03.28-07.41.39:552][763]LogSlate: FSceneViewport::OnFocusLost() reason 0
[2019.03.28-07.41.40:818][796]LogSlate: FSceneViewport::OnFocusLost() reason 0
[2019.03.28-07.42.05:581][417]LogSlate: FSceneViewport::OnFocusLost() reason 0
[2019.03.28-07.42.06:716][446]LogBlueprintUserMessages: [MM_Player_C_0] Starting Server prompt....
[2019.03.28-07.42.09:743][523]LogBlueprintUserMessages: [MM_Player_C_0] Hosting Session....
[2019.03.28-07.42.12:787][600]LogInit: WinSock: I am joey-PC (192.168.42.116:0)
[2019.03.28-07.42.12:789][600]LogBlueprintUserMessages: [MM_Player_C_0] Session Has Been Created!
[2019.03.28-07.42.14:991][651]LogPackageName: SearchForPackageOnDisk took   0.192s to resolve PixelLobby.umap.
[2019.03.28-07.42.15:183][652]LogPackageName: SearchForPackageOnDisk took   0.189s to resolve PixelLobby.umap.
[2019.03.28-07.42.15:183][652]LogNet: Browse: /Game/PixelWorlds/PixelLobby?listen
[2019.03.28-07.42.15:183][652]LogLoad: LoadMap: /Game/PixelWorlds/PixelLobby?listen
[2019.03.28-07.42.17:476][652]LogAIModule: Creating AISystem for world PixelLobby
[2019.03.28-07.42.17:476][652]LogLoad: Game class is 'GM_PixelLobby_C'
[2019.03.28-07.42.17:479][652]LogOnline: Warning: STEAM: Steamworks: SteamUtils() failed!
[2019.03.28-07.42.17:479][652]LogOnline: Warning: STEAM: Steamworks: SteamUser() failed!
[2019.03.28-07.42.17:479][652]LogOnline: Warning: STEAM: Steamworks: SteamFriends() failed!
[2019.03.28-07.42.17:479][652]LogOnline: Warning: STEAM: Steamworks: SteamRemoteStorage() failed!
[2019.03.28-07.42.17:479][652]LogOnline: Warning: STEAM: Steamworks: SteamUserStats() failed!
[2019.03.28-07.42.17:479][652]LogOnline: Warning: STEAM: Steamworks: SteamMatchmakingServers() failed!
[2019.03.28-07.42.17:479][652]LogOnline: Warning: STEAM: Steamworks: SteamApps() failed!
[2019.03.28-07.42.17:479][652]LogOnline: Warning: STEAM: Steamworks: SteamNetworking() failed!
[2019.03.28-07.42.17:479][652]LogOnline: Warning: STEAM: Steamworks: SteamMatchmaking() failed!
[2019.03.28-07.42.17:479][652]LogOnline: STEAM: [AppId: 0] Client API initialized 0
[2019.03.28-07.42.17:479][652]LogOnline: Display: STEAM: OnlineSubsystemSteam::Shutdown()
[2019.03.28-07.42.17:480][652]LogOnline: Warning: STEAM: Steam API failed to initialize!
[2019.03.28-07.42.17:480][652]LogOnline: Display: STEAM: OnlineSubsystemSteam::Shutdown()
[2019.03.28-07.42.17:481][652]LogTemp: Display: ParseSettings for GameNetDriver
[2019.03.28-07.42.17:481][652]LogTemp: Display: ParseSettings for IpNetDriver_0
[2019.03.28-07.42.17:481][652]LogTemp: Display: ParseSettings for GameNetDriver
[2019.03.28-07.42.17:484][652]LogNet: ReplicationDriverClass is null! Not using ReplicationDriver.
[2019.03.28-07.42.17:484][652]PacketHandlerLog: DDoS detection status: detection enabled: 0 analytics enabled: 0
[2019.03.28-07.42.17:485][652]LogInit: WinSock: Socket queue 131072 / 131072
[2019.03.28-07.42.17:487][652]PacketHandlerLog: Loaded PacketHandler component: Engine.EngineHandlerComponentFactory (StatelessConnectHandlerComponent)
[2019.03.28-07.42.17:488][652]LogNet: GameNetDriver IpNetDriver_0 IpNetDriver listening on port 7777
[2019.03.28-07.42.17:490][652]LogWorld: Bringing World /Game/PixelWorlds/PixelLobby.PixelLobby up for play (max tick rate 0) at 2019.03.28-08.42.17
[2019.03.28-07.42.17:490][652]LogWorld: Bringing up level for play took: 0.000837
[2019.03.28-07.42.17:491][652]LogGameMode: FindPlayerStart: PATHS NOT DEFINED or NO PLAYERSTART with positive rating
[2019.03.28-07.42.17:712][652]LogLoad: Took 2.528252 seconds to LoadMap(/Game/PixelWorlds/PixelLobby)
[2019.03.28-07.42.43:531][713]LogSlate: FSceneViewport::OnFocusLost() reason 0
[2019.03.28-07.42.44:549][749]LogPackageName: SearchForPackageOnDisk took   0.184s to resolve FarmHunt.umap.
[2019.03.28-07.42.44:737][749]LogPackageName: SearchForPackageOnDisk took   0.186s to resolve FarmHunt.umap.
[2019.03.28-07.42.44:737][749]LogNet: Browse: /Game/PixelWorlds/FarmHunt?listen
[2019.03.28-07.42.44:737][749]LogLoad: LoadMap: /Game/PixelWorlds/FarmHunt?listen
[2019.03.28-07.42.44:737][749]LogNet: World NetDriver shutdown IpNetDriver_0 [GameNetDriver]
[2019.03.28-07.42.44:738][749]LogNet: DestroyNamedNetDriver IpNetDriver_0 [GameNetDriver]
[2019.03.28-07.42.44:740][749]LogExit: GameNetDriver IpNetDriver_0 shut down
[2019.03.28-07.42.47:108][749]LogAIModule: Creating AISystem for world FarmHunt
[2019.03.28-07.42.47:108][749]LogLoad: Game class is 'GM_FarmHunt_C'
[2019.03.28-07.42.47:109][749]LogOnline: Warning: STEAM: Steamworks: SteamUtils() failed!
[2019.03.28-07.42.47:109][749]LogOnline: Warning: STEAM: Steamworks: SteamUser() failed!
[2019.03.28-07.42.47:109][749]LogOnline: Warning: STEAM: Steamworks: SteamFriends() failed!
[2019.03.28-07.42.47:109][749]LogOnline: Warning: STEAM: Steamworks: SteamRemoteStorage() failed!
[2019.03.28-07.42.47:109][749]LogOnline: Warning: STEAM: Steamworks: SteamUserStats() failed!
[2019.03.28-07.42.47:109][749]LogOnline: Warning: STEAM: Steamworks: SteamMatchmakingServers() failed!
[2019.03.28-07.42.47:109][749]LogOnline: Warning: STEAM: Steamworks: SteamApps() failed!
[2019.03.28-07.42.47:109][749]LogOnline: Warning: STEAM: Steamworks: SteamNetworking() failed!
[2019.03.28-07.42.47:109][749]LogOnline: Warning: STEAM: Steamworks: SteamMatchmaking() failed!
[2019.03.28-07.42.47:109][749]LogOnline: STEAM: [AppId: 0] Client API initialized 0
[2019.03.28-07.42.47:109][749]LogOnline: Display: STEAM: OnlineSubsystemSteam::Shutdown()
[2019.03.28-07.42.47:110][749]LogOnline: Warning: STEAM: Steam API failed to initialize!
[2019.03.28-07.42.47:110][749]LogOnline: Display: STEAM: OnlineSubsystemSteam::Shutdown()
[2019.03.28-07.42.47:110][749]LogTemp: Display: ParseSettings for GameNetDriver
[2019.03.28-07.42.47:110][749]LogTemp: Display: ParseSettings for IpNetDriver_1
[2019.03.28-07.42.47:110][749]LogTemp: Display: ParseSettings for GameNetDriver
[2019.03.28-07.42.47:110][749]LogNet: ReplicationDriverClass is null! Not using ReplicationDriver.
[2019.03.28-07.42.47:110][749]PacketHandlerLog: DDoS detection status: detection enabled: 0 analytics enabled: 0
[2019.03.28-07.42.47:110][749]LogInit: WinSock: Socket queue 131072 / 131072
[2019.03.28-07.42.47:111][749]PacketHandlerLog: Loaded PacketHandler component: Engine.EngineHandlerComponentFactory (StatelessConnectHandlerComponent)
[2019.03.28-07.42.47:111][749]LogNet: GameNetDriver IpNetDriver_1 IpNetDriver listening on port 7777
[2019.03.28-07.42.47:144][749]LogWorld: Bringing World /Game/PixelWorlds/FarmHunt.FarmHunt up for play (max tick rate 0) at 2019.03.28-08.42.47
[2019.03.28-07.42.47:155][749]LogWorld: Bringing up level for play took: 0.043180
[2019.03.28-07.42.47:157][749]LogOnlineSession: OSS: Player joey-PC-8CAAE48949EBE9CE6575B8B9655B2F03 already registered in session GameSession
[2019.03.28-07.42.47:168][749]LogLoad: Took 2.430151 seconds to LoadMap(/Game/PixelWorlds/FarmHunt)
[2019.03.28-07.42.47:169][749]LogScript: Warning: Accessed None trying to read property MyPlayer
	Well_C /Game/PixelWorlds/FarmHunt.FarmHunt:PersistentLevel.Well_2
	Function /Game/PixelActors/PixelFarm/Well.Well_C:ExecuteUbergraph_Well:0242
[2019.03.28-07.42.47:169][749]LogScript: Warning: Script call stack:
	Function /Game/PixelActors/PixelFarm/Well.Well_C:ReceiveTick
	Function /Game/PixelActors/PixelFarm/Well.Well_C:ExecuteUbergraph_Well

[2019.03.28-07.42.47:176][750]LogScript: Warning: Accessed None trying to read property MyPlayer
	Well_C /Game/PixelWorlds/FarmHunt.FarmHunt:PersistentLevel.Well_2
	Function /Game/PixelActors/PixelFarm/Well.Well_C:ExecuteUbergraph_Well:0242
[2019.03.28-07.42.47:176][750]LogScript: Warning: Script call stack:
	Function /Game/PixelActors/PixelFarm/Well.Well_C:ReceiveTick
	Function /Game/PixelActors/PixelFarm/Well.Well_C:ExecuteUbergraph_Well

[2019.03.28-07.42.47:316][751]LogScript: Warning: Accessed None trying to read property MyPlayer
	Well_C /Game/PixelWorlds/FarmHunt.FarmHunt:PersistentLevel.Well_2
	Function /Game/PixelActors/PixelFarm/Well.Well_C:ExecuteUbergraph_Well:0242
[2019.03.28-07.42.47:316][751]LogScript: Warning: Script call stack:
	Function /Game/PixelActors/PixelFarm/Well.Well_C:ReceiveTick
	Function /Game/PixelActors/PixelFarm/Well.Well_C:ExecuteUbergraph_Well

[2019.03.28-07.42.47:354][752]LogScript: Warning: Accessed None trying to read property MyPlayer
	Well_C /Game/PixelWorlds/FarmHunt.FarmHunt:PersistentLevel.Well_2
	Function /Game/PixelActors/PixelFarm/Well.Well_C:ExecuteUbergraph_Well:0242
[2019.03.28-07.42.47:354][752]LogScript: Warning: Script call stack:
	Function /Game/PixelActors/PixelFarm/Well.Well_C:ReceiveTick
	Function /Game/PixelActors/PixelFarm/Well.Well_C:ExecuteUbergraph_Well

[2019.03.28-07.42.47:413][753]LogScript: Warning: Accessed None trying to read property MyPlayer
	Well_C /Game/PixelWorlds/FarmHunt.FarmHunt:PersistentLevel.Well_2
	Function /Game/PixelActors/PixelFarm/Well.Well_C:ExecuteUbergraph_Well:0242
[2019.03.28-07.42.47:413][753]LogScript: Warning: Script call stack:
	Function /Game/PixelActors/PixelFarm/Well.Well_C:ReceiveTick
	Function /Game/PixelActors/PixelFarm/Well.Well_C:ExecuteUbergraph_Well

[2019.03.28-07.42.47:437][754]LogScript: Warning: Accessed None trying to read property MyPlayer
	Well_C /Game/PixelWorlds/FarmHunt.FarmHunt:PersistentLevel.Well_2
	Function /Game/PixelActors/PixelFarm/Well.Well_C:ExecuteUbergraph_Well:0242
[2019.03.28-07.42.47:437][754]LogScript: Warning: Script call stack:
	Function /Game/PixelActors/PixelFarm/Well.Well_C:ReceiveTick
	Function /Game/PixelActors/PixelFarm/Well.Well_C:ExecuteUbergraph_Well

[2019.03.28-07.42.47:470][755]LogScript: Warning: Accessed None trying to read property MyPlayer
	Well_C /Game/PixelWorlds/FarmHunt.FarmHunt:PersistentLevel.Well_2
	Function /Game/PixelActors/PixelFarm/Well.Well_C:ExecuteUbergraph_Well:0242
[2019.03.28-07.42.47:470][755]LogScript: Warning: Script call stack:
	Function /Game/PixelActors/PixelFarm/Well.Well_C:ReceiveTick
	Function /Game/PixelActors/PixelFarm/Well.Well_C:ExecuteUbergraph_Well

[2019.03.28-07.42.47:509][756]LogScript: Warning: Accessed None trying to read property MyPlayer
	Well_C /Game/PixelWorlds/FarmHunt.FarmHunt:PersistentLevel.Well_2
	Function /Game/PixelActors/PixelFarm/Well.Well_C:ExecuteUbergraph_Well:0242
[2019.03.28-07.42.47:509][756]LogScript: Warning: Script call stack:
	Function /Game/PixelActors/PixelFarm/Well.Well_C:ReceiveTick
	Function /Game/PixelActors/PixelFarm/Well.Well_C:ExecuteUbergraph_Well

[2019.03.28-07.42.47:548][757]LogScript: Warning: Accessed None trying to read property MyPlayer
	Well_C /Game/PixelWorlds/FarmHunt.FarmHunt:PersistentLevel.Well_2
	Function /Game/PixelActors/PixelFarm/Well.Well_C:ExecuteUbergraph_Well:0242
[2019.03.28-07.42.47:548][757]LogScript: Warning: Script call stack:
	Function /Game/PixelActors/PixelFarm/Well.Well_C:ReceiveTick
	Function /Game/PixelActors/PixelFarm/Well.Well_C:ExecuteUbergraph_Well

[2019.03.28-07.42.47:585][758]LogScript: Warning: Accessed None trying to read property MyPlayer
	Well_C /Game/PixelWorlds/FarmHunt.FarmHunt:PersistentLevel.Well_2
	Function /Game/PixelActors/PixelFarm/Well.Well_C:ExecuteUbergraph_Well:0242
[2019.03.28-07.42.47:586][758]LogScript: Warning: Script call stack:
	Function /Game/PixelActors/PixelFarm/Well.Well_C:ReceiveTick
	Function /Game/PixelActors/PixelFarm/Well.Well_C:ExecuteUbergraph_Well

[2019.03.28-07.42.47:629][759]LogScript: Warning: Accessed None trying to read property MyPlayer
	Well_C /Game/PixelWorlds/FarmHunt.FarmHunt:PersistentLevel.Well_2
	Function /Game/PixelActors/PixelFarm/Well.Well_C:ExecuteUbergraph_Well:0242
[2019.03.28-07.42.47:629][759]LogScript: Warning: Script call stack:
	Function /Game/PixelActors/PixelFarm/Well.Well_C:ReceiveTick
	Function /Game/PixelActors/PixelFarm/Well.Well_C:ExecuteUbergraph_Well

[2019.03.28-07.42.47:667][760]LogScript: Warning: Accessed None trying to read property MyPlayer
	Well_C /Game/PixelWorlds/FarmHunt.FarmHunt:PersistentLevel.Well_2
	Function /Game/PixelActors/PixelFarm/Well.Well_C:ExecuteUbergraph_Well:0242
[2019.03.28-07.42.47:667][760]LogScript: Warning: Script call stack:
	Function /Game/PixelActors/PixelFarm/Well.Well_C:ReceiveTick
	Function /Game/PixelActors/PixelFarm/Well.Well_C:ExecuteUbergraph_Well

[2019.03.28-07.42.47:705][761]LogScript: Warning: Accessed None trying to read property MyPlayer
	Well_C /Game/PixelWorlds/FarmHunt.FarmHunt:PersistentLevel.Well_2
	Function /Game/PixelActors/PixelFarm/Well.Well_C:ExecuteUbergraph_Well:0242
[2019.03.28-07.42.47:705][761]LogScript: Warning: Script call stack:
	Function /Game/PixelActors/PixelFarm/Well.Well_C:ReceiveTick
	Function /Game/PixelActors/PixelFarm/Well.Well_C:ExecuteUbergraph_Well

[2019.03.28-07.42.47:742][762]LogScript: Warning: Accessed None trying to read property MyPlayer
	Well_C /Game/PixelWorlds/FarmHunt.FarmHunt:PersistentLevel.Well_2
	Function /Game/PixelActors/PixelFarm/Well.Well_C:ExecuteUbergraph_Well:0242
[2019.03.28-07.42.47:742][762]LogScript: Warning: Script call stack:
	Function /Game/PixelActors/PixelFarm/Well.Well_C:ReceiveTick
	Function /Game/PixelActors/PixelFarm/Well.Well_C:ExecuteUbergraph_Well

[2019.03.28-07.42.47:780][763]LogScript: Warning: Accessed None trying to read property MyPlayer
	Well_C /Game/PixelWorlds/FarmHunt.FarmHunt:PersistentLevel.Well_2
	Function /Game/PixelActors/PixelFarm/Well.Well_C:ExecuteUbergraph_Well:0242
[2019.03.28-07.42.47:780][763]LogScript: Warning: Script call stack:
	Function /Game/PixelActors/PixelFarm/Well.Well_C:ReceiveTick
	Function /Game/PixelActors/PixelFarm/Well.Well_C:ExecuteUbergraph_Well

[2019.03.28-07.42.47:818][764]LogScript: Warning: Accessed None trying to read property MyPlayer
	Well_C /Game/PixelWorlds/FarmHunt.FarmHunt:PersistentLevel.Well_2
	Function /Game/PixelActors/PixelFarm/Well.Well_C:ExecuteUbergraph_Well:0242
[2019.03.28-07.42.47:818][764]LogScript: Warning: Script call stack:
	Function /Game/PixelActors/PixelFarm/Well.Well_C:ReceiveTick
	Function /Game/PixelActors/PixelFarm/Well.Well_C:ExecuteUbergraph_Well

[2019.03.28-07.42.47:856][765]LogScript: Warning: Accessed None trying to read property MyPlayer
	Well_C /Game/PixelWorlds/FarmHunt.FarmHunt:PersistentLevel.Well_2
	Function /Game/PixelActors/PixelFarm/Well.Well_C:ExecuteUbergraph_Well:0242
[2019.03.28-07.42.47:856][765]LogScript: Warning: Script call stack:
	Function /Game/PixelActors/PixelFarm/Well.Well_C:ReceiveTick
	Function /Game/PixelActors/PixelFarm/Well.Well_C:ExecuteUbergraph_Well

[2019.03.28-07.42.53:034][894]LogScript: Warning: Script Msg: Attempted to access index -1 from array 'Tools' of length 0 in '/Game/PixelCharacters/PixelFarmHunt/Utilities/C_ScrollMechanic.C_ScrollMechanic_C'!
[2019.03.28-07.42.53:331][901]LogScript: Warning: Script Msg: Attempted to access index 0 from array 'Tools' of length 0 in '/Game/PixelCharacters/PixelFarmHunt/Utilities/C_ScrollMechanic.C_ScrollMechanic_C'!
[2019.03.28-07.42.53:371][902]LogScript: Warning: Script Msg: Attempted to access index -1 from array 'Tools' of length 0 in '/Game/PixelCharacters/PixelFarmHunt/Utilities/C_ScrollMechanic.C_ScrollMechanic_C'!
[2019.03.28-07.42.53:708][910]LogScript: Warning: Script Msg: Attempted to access index 0 from array 'Tools' of length 0 in '/Game/PixelCharacters/PixelFarmHunt/Utilities/C_ScrollMechanic.C_ScrollMechanic_C'!
[2019.03.28-07.42.54:125][920]LogScript: Warning: Script Msg: Attempted to access index -1 from array 'Tools' of length 0 in '/Game/PixelCharacters/PixelFarmHunt/Utilities/C_ScrollMechanic.C_ScrollMechanic_C'!
[2019.03.28-07.42.54:163][921]LogScript: Warning: Script Msg: Attempted to access index 0 from array 'Tools' of length 0 in '/Game/PixelCharacters/PixelFarmHunt/Utilities/C_ScrollMechanic.C_ScrollMechanic_C'!
[2019.03.28-07.42.54:494][929]LogScript: Warning: Script Msg: Attempted to access index -1 from array 'Tools' of length 0 in '/Game/PixelCharacters/PixelFarmHunt/Utilities/C_ScrollMechanic.C_ScrollMechanic_C'!
[2019.03.28-07.42.54:627][932]LogScript: Warning: Script Msg: Attempted to access index 0 from array 'Tools' of length 0 in '/Game/PixelCharacters/PixelFarmHunt/Utilities/C_ScrollMechanic.C_ScrollMechanic_C'!
[2019.03.28-07.42.58:941][ 28]LogScript: Warning: Script Msg: Attempted to access index -1 from array 'Tools' of length 0 in '/Game/PixelCharacters/PixelFarmHunt/Utilities/C_ScrollMechanic.C_ScrollMechanic_C'!
[2019.03.28-07.42.59:682][ 44]LogScript: Warning: Script Msg: Attempted to access index 0 from array 'Tools' of length 0 in '/Game/PixelCharacters/PixelFarmHunt/Utilities/C_ScrollMechanic.C_ScrollMechanic_C'!
[2019.03.28-07.43.10:530][279]LogRenderer: Reallocating scene render targets to support 864x488 Format 10 NumSamples 1 (Frame:533).
[2019.03.28-07.43.10:601][282]LogRenderer: Reallocating scene render targets to support 1280x720 Format 10 NumSamples 1 (Frame:534).
[2019.03.28-07.43.10:640][283]LogRenderer: Reallocating scene render targets to support 864x488 Format 10 NumSamples 1 (Frame:535).
[2019.03.28-07.43.14:439][384]LogSlate: FSceneViewport::OnFocusLost() reason 0
[2019.03.28-07.43.14:561][388]LogBlueprintUserMessages: [PixelFarm_Farmer_C_0] Disconnected From Session
[2019.03.28-07.43.19:732][599]LogPackageName: SearchForPackageOnDisk took   0.185s to resolve PixelMenu.umap.
[2019.03.28-07.43.19:918][600]LogPackageName: SearchForPackageOnDisk took   0.185s to resolve PixelMenu.umap.
[2019.03.28-07.43.19:918][600]LogNet: Browse: /Game/PixelWorlds/PixelMenu
[2019.03.28-07.43.19:919][600]LogLoad: LoadMap: /Game/PixelWorlds/PixelMenu
[2019.03.28-07.43.19:919][600]LogNet: World NetDriver shutdown IpNetDriver_1 [GameNetDriver]
[2019.03.28-07.43.19:919][600]LogNet: DestroyNamedNetDriver IpNetDriver_1 [GameNetDriver]
[2019.03.28-07.43.19:919][600]LogExit: GameNetDriver IpNetDriver_1 shut down
[2019.03.28-07.43.22:251][600]LogAIModule: Creating AISystem for world PixelMenu
[2019.03.28-07.43.22:251][600]LogLoad: Game class is 'GM_PixelMenu_C'
[2019.03.28-07.43.22:261][600]LogWorld: Bringing World /Game/PixelWorlds/PixelMenu.PixelMenu up for play (max tick rate 0) at 2019.03.28-08.43.22
[2019.03.28-07.43.22:261][600]LogWorld: Bringing up level for play took: 0.009260
[2019.03.28-07.43.22:768][600]LogLoad: Took 2.849391 seconds to LoadMap(/Game/PixelWorlds/PixelMenu)
