Log file open, 03/28/19 10:24:52
LogWindows: Failed to load 'aqProf.dll' (GetLastError=126)
LogWindows: File 'aqProf.dll' does not exist
LogWindows: Failed to load 'VtuneApi.dll' (GetLastError=126)
LogWindows: File 'VtuneApi.dll' does not exist
LogWindows: Failed to load 'VtuneApi32e.dll' (GetLastError=126)
LogWindows: File 'VtuneApi32e.dll' does not exist
LogConsoleResponse: Display: Failed to find resolution value strings in scalability ini. Falling back to default.
LogInit: Display: Running engine for game: PixelFarmer
LogPakFile: Registered encryption key '00000000000000000000000000000000': 0 pak files mounted, 0 remain pending
LogPlatformFile: Not using cached read wrapper
LogTaskGraph: Started task graph with 5 named threads and 23 total threads with 3 sets of task threads.
LogStats: Stats thread started at 0.312449
LogD3D11RHI: Loaded GFSDK_Aftermath_Lib.x64.dll
LogICUInternationalization: ICU TimeZone Detection - Raw Offset: +1:00, Platform Override: ''
LogPluginManager: Mounting plugin Paper2D
LogPluginManager: Mounting plugin AISupport
LogPluginManager: Mounting plugin LightPropagationVolume
LogPluginManager: Mounting plugin ActorLayerUtilities
LogPluginManager: Mounting plugin CLionSourceCodeAccess
LogPluginManager: Mounting plugin CodeLiteSourceCodeAccess
LogPluginManager: Mounting plugin GitSourceControl
LogPluginManager: Mounting plugin KDevelopSourceCodeAccess
LogPluginManager: Mounting plugin NullSourceCodeAccess
LogPluginManager: Mounting plugin PerforceSourceControl
LogPluginManager: Mounting plugin SubversionSourceControl
LogPluginManager: Mounting plugin UObjectPlugin
LogPluginManager: Mounting plugin VisualStudioCodeSourceCodeAccess
LogPluginManager: Mounting plugin VisualStudioSourceCodeAccess
LogPluginManager: Mounting plugin XCodeSourceCodeAccess
LogPluginManager: Mounting plugin AssetManagerEditor
LogPluginManager: Mounting plugin CryptoKeys
LogPluginManager: Mounting plugin DataValidation
LogPluginManager: Mounting plugin FacialAnimation
LogPluginManager: Mounting plugin GameplayTagsEditor
LogPluginManager: Mounting plugin MacGraphicsSwitching
LogPluginManager: Mounting plugin MeshEditor
LogPluginManager: Mounting plugin MobileLauncherProfileWizard
LogPluginManager: Mounting plugin PluginBrowser
LogPluginManager: Mounting plugin SpeedTreeImporter
LogPluginManager: Mounting plugin DatasmithContent
LogPluginManager: Mounting plugin VariantManagerContent
LogPluginManager: Mounting plugin AlembicImporter
LogPluginManager: Mounting plugin AppleImageUtils
LogPluginManager: Mounting plugin AppleVision
LogPluginManager: Mounting plugin BackChannel
LogPluginManager: Mounting plugin CharacterAI
LogPluginManager: Mounting plugin GeometryCache
LogPluginManager: Mounting plugin HTML5Networking
LogPluginManager: Mounting plugin ProxyLODPlugin
LogPluginManager: Mounting plugin MagicLeap
LogPluginManager: Mounting plugin MagicLeapMedia
LogPluginManager: Mounting plugin AndroidMedia
LogPluginManager: Mounting plugin AvfMedia
LogPluginManager: Mounting plugin ImgMedia
LogPluginManager: Mounting plugin LinearTimecode
LogPluginManager: Mounting plugin MediaCompositing
LogPluginManager: Mounting plugin MediaPlayerEditor
LogPluginManager: Mounting plugin WebMMedia
LogPluginManager: Mounting plugin WmfMedia
LogPluginManager: Mounting plugin TcpMessaging
LogPluginManager: Mounting plugin UdpMessaging
LogPluginManager: Mounting plugin ActorSequence
LogPluginManager: Mounting plugin LevelSequenceEditor
LogPluginManager: Mounting plugin MatineeToLevelSequence
LogPluginManager: Mounting plugin NetcodeUnitTest
LogPluginManager: Mounting plugin NUTUnrealEngine4
LogPluginManager: Mounting plugin OnlineSubsystemGooglePlay
LogPluginManager: Mounting plugin OnlineSubsystemIOS
LogPluginManager: Mounting plugin OnlineSubsystem
LogPluginManager: Mounting plugin OnlineSubsystemNull
LogPluginManager: Mounting plugin OnlineSubsystemSteam
LogPluginManager: Mounting plugin OnlineSubsystemUtils
LogPluginManager: Mounting plugin LauncherChunkInstaller
LogPluginManager: Mounting plugin AndroidDeviceProfileSelector
LogPluginManager: Mounting plugin AndroidMoviePlayer
LogPluginManager: Mounting plugin AndroidPermission
LogPluginManager: Mounting plugin ApexDestruction
LogPluginManager: Mounting plugin AppleMoviePlayer
LogPluginManager: Mounting plugin ArchVisCharacter
LogPluginManager: Mounting plugin AudioCapture
LogPluginManager: Mounting plugin CableComponent
LogPluginManager: Mounting plugin CustomMeshComponent
LogPluginManager: Mounting plugin EditableMesh
LogPluginManager: Mounting plugin ExampleDeviceProfileSelector
LogPluginManager: Mounting plugin Firebase
LogPluginManager: Mounting plugin GoogleCloudMessaging
LogPluginManager: Mounting plugin IOSDeviceProfileSelector
LogPluginManager: Mounting plugin LinuxDeviceProfileSelector
LogPluginManager: Mounting plugin LocationServicesBPLibrary
LogPluginManager: Mounting plugin MobilePatchingUtils
LogPluginManager: Mounting plugin OculusVR
LogPluginManager: Mounting plugin PhysXVehicles
LogPluginManager: Mounting plugin ProceduralMeshComponent
LogPluginManager: Mounting plugin RuntimePhysXCooking
LogPluginManager: Mounting plugin SteamVR
LogPluginManager: Mounting plugin WebMMoviePlayer
LogPluginManager: Mounting plugin WindowsMoviePlayer
LogPluginManager: Mounting plugin AdvancedSessions
LogPluginManager: Mounting plugin AdvancedSteamSessions
LogStreaming: Display: Took  0.148s to configure plugins.
LogInit: Using libcurl 7.55.1-DEV
LogInit:  - built for x86_64-pc-win32
LogInit:  - supports SSL with OpenSSL/1.0.2h
LogInit:  - supports HTTP deflate (compression) using libz 1.2.8
LogInit:  - other features:
LogInit:      CURL_VERSION_SSL
LogInit:      CURL_VERSION_LIBZ
LogInit:      CURL_VERSION_IPV6
LogInit:      CURL_VERSION_ASYNCHDNS
LogInit:      CURL_VERSION_LARGEFILE
LogInit:      CURL_VERSION_IDN
LogInit:  CurlRequestOptions (configurable via config and command line):
LogInit:  - bVerifyPeer = true  - Libcurl will verify peer certificate
LogInit:  - bUseHttpProxy = false  - Libcurl will NOT use HTTP proxy
LogInit:  - bDontReuseConnections = false  - Libcurl will reuse connections
LogInit:  - MaxHostConnections = 16  - Libcurl will limit the number of connections to a host
LogInit:  - LocalHostAddr = Default
LogInit:  - BufferSize = 65536
LogInit: WinSock: version 1.1 (2.2), MaxSocks=32767, MaxUdp=65467
LogInit: Build: ++UE4+Release-4.21-CL-4753647
LogInit: Engine Version: 4.21.2-4753647+++UE4+Release-4.21
LogInit: Compatible Engine Version: 4.21.0-4541578+++UE4+Release-4.21
LogInit: Net CL: 4541578
LogInit: OS: Windows 10 (), CPU:       Intel(R) Core(TM) i7-3632QM CPU @ 2.20GHz, GPU: Intel(R) HD Graphics 4000
LogInit: Compiled (64-bit): Jan 19 2019 02:07:31
LogInit: Compiled with Visual C++: 19.13.26129.00
LogInit: Build Configuration: Development
LogInit: Branch Name: ++UE4+Release-4.21
LogInit: Command Line: 
LogInit: Base Directory: C:/Program Files/Epic Games/UE_4.21/Engine/Binaries/Win64/
LogInit: Installed Engine Build: 1
LogDevObjectVersion: Number of dev versions registered: 22
LogDevObjectVersion:   Dev-Blueprints (B0D832E4-1F89-4F0D-ACCF-7EB736FD4AA2): 10
LogDevObjectVersion:   Dev-Build (E1C64328-A22C-4D53-A36C-8E866417BD8C): 0
LogDevObjectVersion:   Dev-Core (375EC13C-06E4-48FB-B500-84F0262A717E): 2
LogDevObjectVersion:   Dev-Editor (E4B068ED-F494-42E9-A231-DA0B2E46BB41): 26
LogDevObjectVersion:   Dev-Framework (CFFC743F-43B0-4480-9391-14DF171D2073): 34
LogDevObjectVersion:   Dev-Mobile (B02B49B5-BB20-44E9-A304-32B752E40360): 2
LogDevObjectVersion:   Dev-Networking (A4E4105C-59A1-49B5-A7C5-40C4547EDFEE): 0
LogDevObjectVersion:   Dev-Online (39C831C9-5AE6-47DC-9A44-9C173E1C8E7C): 0
LogDevObjectVersion:   Dev-Physics (78F01B33-EBEA-4F98-B9B4-84EACCB95AA2): 0
LogDevObjectVersion:   Dev-Platform (6631380F-2D4D-43E0-8009-CF276956A95A): 0
LogDevObjectVersion:   Dev-Rendering (12F88B9F-8875-4AFC-A67C-D90C383ABD29): 27
LogDevObjectVersion:   Dev-Sequencer (7B5AE74C-D270-4C10-A958-57980B212A5A): 9
LogDevObjectVersion:   Dev-VR (D7296918-1DD6-4BDD-9DE2-64A83CC13884): 2
LogDevObjectVersion:   Dev-LoadTimes (C2A15278-BFE7-4AFE-6C17-90FF531DF755): 1
LogDevObjectVersion:   Private-Geometry (6EACA3D4-40EC-4CC1-B786-8BED09428FC5): 3
LogDevObjectVersion:   Dev-AnimPhys (29E575DD-E0A3-4627-9D10-D276232CDCEA): 17
LogDevObjectVersion:   Dev-Anim (AF43A65D-7FD3-4947-9873-3E8ED9C1BB05): 2
LogDevObjectVersion:   Dev-ReflectionCapture (6B266CEC-1EC7-4B8F-A30B-E4D90942FC07): 1
LogDevObjectVersion:   Dev-Automation (0DF73D61-A23F-47EA-B727-89E90C41499A): 1
LogDevObjectVersion:   FortniteMain (601D1886-AC64-4F84-AA16-D3DE0DEAC7D6): 17
LogDevObjectVersion:   Dev-Enterprise (9DFFBCD6-494F-0158-E221-12823C92A888): 4
LogDevObjectVersion:   Dev-Niagara (F2AED0AC-9AFE-416F-8664-AA7FFA26D6FC): 1
LogStreaming: Display: Took  0.002s to delete old logs.
LogInit: Presizing for max 8388607 objects, including 0 objects not considered by GC, pre-allocating 0 bytes for permanent pool.
LogInit: Object subsystem initialized
LogConfig: Setting CVar [[con.DebugEarlyDefault:1]]
LogConfig: Setting CVar [[r.setres:1280x720]]
[2019.03.28-09.24.53:152][  0]LogConfig: Setting CVar [[r.VSync:0]]
[2019.03.28-09.24.53:152][  0]LogConfig: Setting CVar [[r.RHICmdBypass:0]]
[2019.03.28-09.24.53:152][  0]LogConfig: Applying CVar settings from Section [/Script/Engine.RendererSettings] File [C:/Users/joey.JOEY-PC/Documents/Unreal Projects/PixelFarmer/Saved/Config/Windows/Engine.ini]
[2019.03.28-09.24.53:152][  0]LogConfig: Setting CVar [[r.GPUCrashDebugging:0]]
[2019.03.28-09.24.53:152][  0]LogConfig: Applying CVar settings from Section [/Script/Engine.RendererOverrideSettings] File [C:/Users/joey.JOEY-PC/Documents/Unreal Projects/PixelFarmer/Saved/Config/Windows/Engine.ini]
[2019.03.28-09.24.53:152][  0]LogConfig: Applying CVar settings from Section [/Script/Engine.StreamingSettings] File [C:/Users/joey.JOEY-PC/Documents/Unreal Projects/PixelFarmer/Saved/Config/Windows/Engine.ini]
[2019.03.28-09.24.53:152][  0]LogConfig: Setting CVar [[s.MinBulkDataSizeForAsyncLoading:131072]]
[2019.03.28-09.24.53:152][  0]LogConfig: Setting CVar [[s.AsyncLoadingThreadEnabled:0]]
[2019.03.28-09.24.53:152][  0]LogConfig: Setting CVar [[s.EventDrivenLoaderEnabled:1]]
[2019.03.28-09.24.53:152][  0]LogConfig: Setting CVar [[s.WarnIfTimeLimitExceeded:0]]
[2019.03.28-09.24.53:152][  0]LogConfig: Setting CVar [[s.TimeLimitExceededMultiplier:1.5]]
[2019.03.28-09.24.53:152][  0]LogConfig: Setting CVar [[s.TimeLimitExceededMinTime:0.005]]
[2019.03.28-09.24.53:152][  0]LogConfig: Setting CVar [[s.UseBackgroundLevelStreaming:1]]
[2019.03.28-09.24.53:152][  0]LogConfig: Setting CVar [[s.PriorityAsyncLoadingExtraTime:15.0]]
[2019.03.28-09.24.53:152][  0]LogConfig: Setting CVar [[s.LevelStreamingActorsUpdateTimeLimit:5.0]]
[2019.03.28-09.24.53:152][  0]LogConfig: Setting CVar [[s.PriorityLevelStreamingActorsUpdateExtraTime:5.0]]
[2019.03.28-09.24.53:152][  0]LogConfig: Setting CVar [[s.LevelStreamingComponentsRegistrationGranularity:10]]
[2019.03.28-09.24.53:152][  0]LogConfig: Setting CVar [[s.UnregisterComponentsTimeLimit:1.0]]
[2019.03.28-09.24.53:153][  0]LogConfig: Setting CVar [[s.LevelStreamingComponentsUnregistrationGranularity:5]]
[2019.03.28-09.24.53:153][  0]LogConfig: Applying CVar settings from Section [/Script/Engine.GarbageCollectionSettings] File [C:/Users/joey.JOEY-PC/Documents/Unreal Projects/PixelFarmer/Saved/Config/Windows/Engine.ini]
[2019.03.28-09.24.53:153][  0]LogConfig: Setting CVar [[gc.MaxObjectsNotConsideredByGC:1]]
[2019.03.28-09.24.53:153][  0]LogConfig: Setting CVar [[gc.SizeOfPermanentObjectPool:0]]
[2019.03.28-09.24.53:153][  0]LogConfig: Setting CVar [[gc.FlushStreamingOnGC:0]]
[2019.03.28-09.24.53:153][  0]LogConfig: Setting CVar [[gc.NumRetriesBeforeForcingGC:10]]
[2019.03.28-09.24.53:153][  0]LogConfig: Setting CVar [[gc.AllowParallelGC:1]]
[2019.03.28-09.24.53:153][  0]LogConfig: Setting CVar [[gc.TimeBetweenPurgingPendingKillObjects:61.1]]
[2019.03.28-09.24.53:153][  0]LogConfig: Setting CVar [[gc.MaxObjectsInEditor:8388607]]
[2019.03.28-09.24.53:153][  0]LogConfig: Setting CVar [[gc.IncrementalBeginDestroyEnabled:1]]
[2019.03.28-09.24.53:153][  0]LogConfig: Setting CVar [[gc.CreateGCClusters:1]]
[2019.03.28-09.24.53:153][  0]LogConfig: Setting CVar [[gc.MergeGCClusters:0]]
[2019.03.28-09.24.53:153][  0]LogConfig: Setting CVar [[gc.MinGCClusterSize:5]]
[2019.03.28-09.24.53:153][  0]LogConfig: Setting CVar [[gc.ActorClusteringEnabled:0]]
[2019.03.28-09.24.53:153][  0]LogConfig: Setting CVar [[gc.BlueprintClusteringEnabled:0]]
[2019.03.28-09.24.53:153][  0]LogConfig: Setting CVar [[gc.UseDisregardForGCOnDedicatedServers:0]]
[2019.03.28-09.24.53:153][  0]LogConfig: Applying CVar settings from Section [/Script/Engine.NetworkSettings] File [C:/Users/joey.JOEY-PC/Documents/Unreal Projects/PixelFarmer/Saved/Config/Windows/Engine.ini]
[2019.03.28-09.24.53:153][  0]LogConfig: Applying CVar settings from Section [/Script/UnrealEd.CookerSettings] File [C:/Users/joey.JOEY-PC/Documents/Unreal Projects/PixelFarmer/Saved/Config/Windows/Engine.ini]
[2019.03.28-09.24.53:157][  0]LogConfig: Applying CVar settings from Section [ViewDistanceQuality@3] File [C:/Users/joey.JOEY-PC/Documents/Unreal Projects/PixelFarmer/Saved/Config/Windows/Scalability.ini]
[2019.03.28-09.24.53:157][  0]LogConfig: Setting CVar [[r.SkeletalMeshLODBias:0]]
[2019.03.28-09.24.53:157][  0]LogConfig: Setting CVar [[r.ViewDistanceScale:1.0]]
[2019.03.28-09.24.53:157][  0]LogConfig: Applying CVar settings from Section [AntiAliasingQuality@3] File [C:/Users/joey.JOEY-PC/Documents/Unreal Projects/PixelFarmer/Saved/Config/Windows/Scalability.ini]
[2019.03.28-09.24.53:157][  0]LogConfig: Setting CVar [[r.PostProcessAAQuality:4]]
[2019.03.28-09.24.53:157][  0]LogConfig: Applying CVar settings from Section [ShadowQuality@3] File [C:/Users/joey.JOEY-PC/Documents/Unreal Projects/PixelFarmer/Saved/Config/Windows/Scalability.ini]
[2019.03.28-09.24.53:157][  0]LogConfig: Setting CVar [[r.LightFunctionQuality:1]]
[2019.03.28-09.24.53:157][  0]LogConfig: Setting CVar [[r.ShadowQuality:5]]
[2019.03.28-09.24.53:157][  0]LogConfig: Setting CVar [[r.Shadow.CSM.MaxCascades:10]]
[2019.03.28-09.24.53:157][  0]LogConfig: Setting CVar [[r.Shadow.MaxResolution:2048]]
[2019.03.28-09.24.53:157][  0]LogConfig: Setting CVar [[r.Shadow.MaxCSMResolution:2048]]
[2019.03.28-09.24.53:157][  0]LogConfig: Setting CVar [[r.Shadow.RadiusThreshold:0.01]]
[2019.03.28-09.24.53:157][  0]LogConfig: Setting CVar [[r.Shadow.DistanceScale:1.0]]
[2019.03.28-09.24.53:157][  0]LogConfig: Setting CVar [[r.Shadow.CSM.TransitionScale:1.0]]
[2019.03.28-09.24.53:157][  0]LogConfig: Setting CVar [[r.Shadow.PreShadowResolutionFactor:1.0]]
[2019.03.28-09.24.53:157][  0]LogConfig: Setting CVar [[r.DistanceFieldShadowing:1]]
[2019.03.28-09.24.53:157][  0]LogConfig: Setting CVar [[r.DistanceFieldAO:1]]
[2019.03.28-09.24.53:157][  0]LogConfig: Setting CVar [[r.AOQuality:2]]
[2019.03.28-09.24.53:157][  0]LogConfig: Setting CVar [[r.VolumetricFog:1]]
[2019.03.28-09.24.53:157][  0]LogConfig: Setting CVar [[r.VolumetricFog.GridPixelSize:8]]
[2019.03.28-09.24.53:157][  0]LogConfig: Setting CVar [[r.VolumetricFog.GridSizeZ:128]]
[2019.03.28-09.24.53:157][  0]LogConfig: Setting CVar [[r.VolumetricFog.HistoryMissSupersampleCount:4]]
[2019.03.28-09.24.53:157][  0]LogConfig: Setting CVar [[r.LightMaxDrawDistanceScale:1]]
[2019.03.28-09.24.53:157][  0]LogConfig: Setting CVar [[r.CapsuleShadows:1]]
[2019.03.28-09.24.53:157][  0]LogConfig: Applying CVar settings from Section [PostProcessQuality@3] File [C:/Users/joey.JOEY-PC/Documents/Unreal Projects/PixelFarmer/Saved/Config/Windows/Scalability.ini]
[2019.03.28-09.24.53:157][  0]LogConfig: Setting CVar [[r.MotionBlurQuality:4]]
[2019.03.28-09.24.53:157][  0]LogConfig: Setting CVar [[r.AmbientOcclusionMipLevelFactor:0.4]]
[2019.03.28-09.24.53:157][  0]LogConfig: Setting CVar [[r.AmbientOcclusionMaxQuality:100]]
[2019.03.28-09.24.53:157][  0]LogConfig: Setting CVar [[r.AmbientOcclusionLevels:-1]]
[2019.03.28-09.24.53:157][  0]LogConfig: Setting CVar [[r.AmbientOcclusionRadiusScale:1.0]]
[2019.03.28-09.24.53:157][  0]LogConfig: Setting CVar [[r.DepthOfFieldQuality:2]]
[2019.03.28-09.24.53:157][  0]LogConfig: Setting CVar [[r.RenderTargetPoolMin:400]]
[2019.03.28-09.24.53:157][  0]LogConfig: Setting CVar [[r.LensFlareQuality:2]]
[2019.03.28-09.24.53:157][  0]LogConfig: Setting CVar [[r.SceneColorFringeQuality:1]]
[2019.03.28-09.24.53:157][  0]LogConfig: Setting CVar [[r.EyeAdaptationQuality:2]]
[2019.03.28-09.24.53:157][  0]LogConfig: Setting CVar [[r.BloomQuality:5]]
[2019.03.28-09.24.53:158][  0]LogConfig: Setting CVar [[r.FastBlurThreshold:100]]
[2019.03.28-09.24.53:158][  0]LogConfig: Setting CVar [[r.Upscale.Quality:3]]
[2019.03.28-09.24.53:158][  0]LogConfig: Setting CVar [[r.Tonemapper.GrainQuantization:1]]
[2019.03.28-09.24.53:158][  0]LogConfig: Setting CVar [[r.LightShaftQuality:1]]
[2019.03.28-09.24.53:158][  0]LogConfig: Setting CVar [[r.Filter.SizeScale:1]]
[2019.03.28-09.24.53:158][  0]LogConfig: Setting CVar [[r.Tonemapper.Quality:5]]
[2019.03.28-09.24.53:158][  0]LogConfig: Setting CVar [[r.DOF.Gather.AccumulatorQuality:1        ; higher gathering accumulator quality]]
[2019.03.28-09.24.53:158][  0]LogConfig: Setting CVar [[r.DOF.Gather.PostfilterMethod:1          ; Median3x3 postfilering method]]
[2019.03.28-09.24.53:158][  0]LogConfig: Setting CVar [[r.DOF.Gather.EnableBokehSettings:0       ; no bokeh simulation when gathering]]
[2019.03.28-09.24.53:158][  0]LogConfig: Setting CVar [[r.DOF.Gather.RingCount:4                 ; medium number of samples when gathering]]
[2019.03.28-09.24.53:158][  0]LogConfig: Setting CVar [[r.DOF.Scatter.ForegroundCompositing:1    ; additive foreground scattering]]
[2019.03.28-09.24.53:158][  0]LogConfig: Setting CVar [[r.DOF.Scatter.BackgroundCompositing:2    ; additive background scattering]]
[2019.03.28-09.24.53:158][  0]LogConfig: Setting CVar [[r.DOF.Scatter.EnableBokehSettings:1      ; bokeh simulation when scattering]]
[2019.03.28-09.24.53:158][  0]LogConfig: Setting CVar [[r.DOF.Scatter.MaxSpriteRatio:0.1         ; only a maximum of 10% of scattered bokeh]]
[2019.03.28-09.24.53:158][  0]LogConfig: Setting CVar [[r.DOF.Recombine.Quality:1                ; cheap slight out of focus]]
[2019.03.28-09.24.53:158][  0]LogConfig: Setting CVar [[r.DOF.Recombine.EnableBokehSettings:0    ; no bokeh simulation on slight out of focus]]
[2019.03.28-09.24.53:158][  0]LogConfig: Setting CVar [[r.DOF.TemporalAAQuality:1                ; more stable temporal accumulation]]
[2019.03.28-09.24.53:158][  0]LogConfig: Setting CVar [[r.DOF.Kernel.MaxForegroundRadius:0.025]]
[2019.03.28-09.24.53:158][  0]LogConfig: Setting CVar [[r.DOF.Kernel.MaxBackgroundRadius:0.025]]
[2019.03.28-09.24.53:158][  0]LogConfig: Applying CVar settings from Section [TextureQuality@3] File [C:/Users/joey.JOEY-PC/Documents/Unreal Projects/PixelFarmer/Saved/Config/Windows/Scalability.ini]
[2019.03.28-09.24.53:158][  0]LogConfig: Setting CVar [[r.Streaming.MipBias:0]]
[2019.03.28-09.24.53:158][  0]LogConfig: Setting CVar [[r.Streaming.AmortizeCPUToGPUCopy:0]]
[2019.03.28-09.24.53:158][  0]LogConfig: Setting CVar [[r.Streaming.MaxNumTexturesToStreamPerFrame:0]]
[2019.03.28-09.24.53:158][  0]LogConfig: Setting CVar [[r.Streaming.Boost:1]]
[2019.03.28-09.24.53:158][  0]LogConfig: Setting CVar [[r.MaxAnisotropy:8]]
[2019.03.28-09.24.53:158][  0]LogConfig: Setting CVar [[r.Streaming.LimitPoolSizeToVRAM:0]]
[2019.03.28-09.24.53:158][  0]LogConfig: Setting CVar [[r.Streaming.PoolSize:1000]]
[2019.03.28-09.24.53:158][  0]LogConfig: Setting CVar [[r.Streaming.MaxEffectiveScreenSize:0]]
[2019.03.28-09.24.53:158][  0]LogConfig: Applying CVar settings from Section [EffectsQuality@3] File [C:/Users/joey.JOEY-PC/Documents/Unreal Projects/PixelFarmer/Saved/Config/Windows/Scalability.ini]
[2019.03.28-09.24.53:158][  0]LogConfig: Setting CVar [[r.TranslucencyLightingVolumeDim:64]]
[2019.03.28-09.24.53:158][  0]LogConfig: Setting CVar [[r.RefractionQuality:2]]
[2019.03.28-09.24.53:158][  0]LogConfig: Setting CVar [[r.SSR.Quality:3]]
[2019.03.28-09.24.53:158][  0]LogConfig: Setting CVar [[r.SceneColorFormat:4]]
[2019.03.28-09.24.53:158][  0]LogConfig: Setting CVar [[r.DetailMode:2]]
[2019.03.28-09.24.53:158][  0]LogConfig: Setting CVar [[r.TranslucencyVolumeBlur:1]]
[2019.03.28-09.24.53:158][  0]LogConfig: Setting CVar [[r.MaterialQualityLevel:1 ; High quality]]
[2019.03.28-09.24.53:158][  0]LogConfig: Setting CVar [[r.SSS.Scale:1]]
[2019.03.28-09.24.53:158][  0]LogConfig: Setting CVar [[r.SSS.SampleSet:2]]
[2019.03.28-09.24.53:158][  0]LogConfig: Setting CVar [[r.SSS.Quality:1]]
[2019.03.28-09.24.53:158][  0]LogConfig: Setting CVar [[r.SSS.HalfRes:1]]
[2019.03.28-09.24.53:158][  0]LogConfig: Setting CVar [[r.EmitterSpawnRateScale:1.0]]
[2019.03.28-09.24.53:158][  0]LogConfig: Setting CVar [[r.ParticleLightQuality:2]]
[2019.03.28-09.24.53:158][  0]LogConfig: Applying CVar settings from Section [FoliageQuality@3] File [C:/Users/joey.JOEY-PC/Documents/Unreal Projects/PixelFarmer/Saved/Config/Windows/Scalability.ini]
[2019.03.28-09.24.53:158][  0]LogConfig: Setting CVar [[foliage.DensityScale:1.0]]
[2019.03.28-09.24.53:158][  0]LogConfig: Setting CVar [[grass.DensityScale:1.0]]
[2019.03.28-09.24.53:158][  0]LogInit: Selected Device Profile: [Windows]
[2019.03.28-09.24.53:158][  0]LogInit: Applying CVar settings loaded from the selected device profile: [Windows]
[2019.03.28-09.24.53:176][  0]LogHAL: Display: Platform has ~ 8 GB [8452411392 / 8589934592 / 8], which maps to Default [LargestMinGB=32, LargerMinGB=12, DefaultMinGB=8, SmallerMinGB=6, SmallestMinGB=0)
[2019.03.28-09.24.53:176][  0]LogConfig: Setting CVar [[r.Vulkan.UseRealUBs:1]]
[2019.03.28-09.24.53:176][  0]LogInit: Going up to parent DeviceProfile []
[2019.03.28-09.24.53:176][  0]LogConfig: Applying CVar settings from Section [ViewDistanceQuality@0] File [C:/Users/joey.JOEY-PC/Documents/Unreal Projects/PixelFarmer/Saved/Config/Windows/Scalability.ini]
[2019.03.28-09.24.53:176][  0]LogConfig: Setting CVar [[r.SkeletalMeshLODBias:2]]
[2019.03.28-09.24.53:176][  0]LogConfig: Setting CVar [[r.ViewDistanceScale:0.4]]
[2019.03.28-09.24.53:176][  0]LogConfig: Applying CVar settings from Section [AntiAliasingQuality@0] File [C:/Users/joey.JOEY-PC/Documents/Unreal Projects/PixelFarmer/Saved/Config/Windows/Scalability.ini]
[2019.03.28-09.24.53:176][  0]LogConfig: Setting CVar [[r.PostProcessAAQuality:0]]
[2019.03.28-09.24.53:176][  0]LogConfig: Applying CVar settings from Section [ShadowQuality@0] File [C:/Users/joey.JOEY-PC/Documents/Unreal Projects/PixelFarmer/Saved/Config/Windows/Scalability.ini]
[2019.03.28-09.24.53:176][  0]LogConfig: Setting CVar [[r.LightFunctionQuality:0]]
[2019.03.28-09.24.53:176][  0]LogConfig: Setting CVar [[r.ShadowQuality:0]]
[2019.03.28-09.24.53:176][  0]LogConfig: Setting CVar [[r.Shadow.CSM.MaxCascades:1]]
[2019.03.28-09.24.53:176][  0]LogConfig: Setting CVar [[r.Shadow.MaxResolution:512]]
[2019.03.28-09.24.53:176][  0]LogConfig: Setting CVar [[r.Shadow.MaxCSMResolution:512]]
[2019.03.28-09.24.53:176][  0]LogConfig: Setting CVar [[r.Shadow.RadiusThreshold:0.06]]
[2019.03.28-09.24.53:176][  0]LogConfig: Setting CVar [[r.Shadow.DistanceScale:0.6]]
[2019.03.28-09.24.53:176][  0]LogConfig: Setting CVar [[r.Shadow.CSM.TransitionScale:0]]
[2019.03.28-09.24.53:176][  0]LogConfig: Setting CVar [[r.Shadow.PreShadowResolutionFactor:0.5]]
[2019.03.28-09.24.53:176][  0]LogConfig: Setting CVar [[r.DistanceFieldShadowing:0]]
[2019.03.28-09.24.53:176][  0]LogConfig: Setting CVar [[r.DistanceFieldAO:0]]
[2019.03.28-09.24.53:176][  0]LogConfig: Setting CVar [[r.VolumetricFog:0]]
[2019.03.28-09.24.53:177][  0]LogConfig: Setting CVar [[r.LightMaxDrawDistanceScale:0]]
[2019.03.28-09.24.53:177][  0]LogConfig: Setting CVar [[r.CapsuleShadows:0]]
[2019.03.28-09.24.53:177][  0]LogConfig: Applying CVar settings from Section [PostProcessQuality@0] File [C:/Users/joey.JOEY-PC/Documents/Unreal Projects/PixelFarmer/Saved/Config/Windows/Scalability.ini]
[2019.03.28-09.24.53:177][  0]LogConfig: Setting CVar [[r.MotionBlurQuality:0]]
[2019.03.28-09.24.53:177][  0]LogConfig: Setting CVar [[r.AmbientOcclusionMipLevelFactor:1.0]]
[2019.03.28-09.24.53:177][  0]LogConfig: Setting CVar [[r.AmbientOcclusionMaxQuality:0]]
[2019.03.28-09.24.53:177][  0]LogConfig: Setting CVar [[r.AmbientOcclusionLevels:0]]
[2019.03.28-09.24.53:177][  0]LogConfig: Setting CVar [[r.AmbientOcclusionRadiusScale:1.2]]
[2019.03.28-09.24.53:177][  0]LogConfig: Setting CVar [[r.DepthOfFieldQuality:0]]
[2019.03.28-09.24.53:177][  0]LogConfig: Setting CVar [[r.RenderTargetPoolMin:300]]
[2019.03.28-09.24.53:177][  0]LogConfig: Setting CVar [[r.LensFlareQuality:0]]
[2019.03.28-09.24.53:177][  0]LogConfig: Setting CVar [[r.SceneColorFringeQuality:0]]
[2019.03.28-09.24.53:177][  0]LogConfig: Setting CVar [[r.EyeAdaptationQuality:0]]
[2019.03.28-09.24.53:177][  0]LogConfig: Setting CVar [[r.BloomQuality:4]]
[2019.03.28-09.24.53:177][  0]LogConfig: Setting CVar [[r.FastBlurThreshold:0]]
[2019.03.28-09.24.53:177][  0]LogConfig: Setting CVar [[r.Upscale.Quality:1]]
[2019.03.28-09.24.53:177][  0]LogConfig: Setting CVar [[r.Tonemapper.GrainQuantization:0]]
[2019.03.28-09.24.53:177][  0]LogConfig: Setting CVar [[r.LightShaftQuality:0]]
[2019.03.28-09.24.53:177][  0]LogConfig: Setting CVar [[r.Filter.SizeScale:0.6]]
[2019.03.28-09.24.53:177][  0]LogConfig: Setting CVar [[r.Tonemapper.Quality:0]]
[2019.03.28-09.24.53:177][  0]LogConfig: Applying CVar settings from Section [TextureQuality@0] File [C:/Users/joey.JOEY-PC/Documents/Unreal Projects/PixelFarmer/Saved/Config/Windows/Scalability.ini]
[2019.03.28-09.24.53:177][  0]LogConfig: Setting CVar [[r.Streaming.MipBias:16]]
[2019.03.28-09.24.53:177][  0]LogConfig: Setting CVar [[r.Streaming.AmortizeCPUToGPUCopy:1]]
[2019.03.28-09.24.53:177][  0]LogConfig: Setting CVar [[r.Streaming.MaxNumTexturesToStreamPerFrame:1]]
[2019.03.28-09.24.53:177][  0]LogConfig: Setting CVar [[r.Streaming.Boost:0.3]]
[2019.03.28-09.24.53:177][  0]LogConfig: Setting CVar [[r.MaxAnisotropy:0]]
[2019.03.28-09.24.53:177][  0]LogConfig: Setting CVar [[r.Streaming.LimitPoolSizeToVRAM:1]]
[2019.03.28-09.24.53:177][  0]LogConfig: Setting CVar [[r.Streaming.PoolSize:400]]
[2019.03.28-09.24.53:177][  0]LogConfig: Setting CVar [[r.Streaming.MaxEffectiveScreenSize:0]]
[2019.03.28-09.24.53:177][  0]LogConfig: Applying CVar settings from Section [EffectsQuality@0] File [C:/Users/joey.JOEY-PC/Documents/Unreal Projects/PixelFarmer/Saved/Config/Windows/Scalability.ini]
[2019.03.28-09.24.53:177][  0]LogConfig: Setting CVar [[r.TranslucencyLightingVolumeDim:24]]
[2019.03.28-09.24.53:177][  0]LogConfig: Setting CVar [[r.RefractionQuality:0]]
[2019.03.28-09.24.53:177][  0]LogConfig: Setting CVar [[r.SSR.Quality:0]]
[2019.03.28-09.24.53:177][  0]LogConfig: Setting CVar [[r.SceneColorFormat:3]]
[2019.03.28-09.24.53:177][  0]LogConfig: Setting CVar [[r.DetailMode:0]]
[2019.03.28-09.24.53:177][  0]LogConfig: Setting CVar [[r.TranslucencyVolumeBlur:0]]
[2019.03.28-09.24.53:177][  0]LogConfig: Setting CVar [[r.MaterialQualityLevel:0 ; Low quality]]
[2019.03.28-09.24.53:177][  0]LogConfig: Setting CVar [[r.SSS.Scale:0]]
[2019.03.28-09.24.53:177][  0]LogConfig: Setting CVar [[r.SSS.SampleSet:0]]
[2019.03.28-09.24.53:177][  0]LogConfig: Setting CVar [[r.SSS.Quality:0]]
[2019.03.28-09.24.53:177][  0]LogConfig: Setting CVar [[r.SSS.HalfRes:1]]
[2019.03.28-09.24.53:177][  0]LogConfig: Setting CVar [[r.EmitterSpawnRateScale:0.125]]
[2019.03.28-09.24.53:177][  0]LogConfig: Setting CVar [[r.ParticleLightQuality:0]]
[2019.03.28-09.24.53:177][  0]LogConfig: Applying CVar settings from Section [FoliageQuality@0] File [C:/Users/joey.JOEY-PC/Documents/Unreal Projects/PixelFarmer/Saved/Config/Windows/Scalability.ini]
[2019.03.28-09.24.53:177][  0]LogConfig: Setting CVar [[foliage.DensityScale:0]]
[2019.03.28-09.24.53:177][  0]LogConfig: Setting CVar [[grass.DensityScale:0]]
[2019.03.28-09.24.53:177][  0]LogConfig: Applying CVar settings from Section [Startup] File [../../../Engine/Config/ConsoleVariables.ini]
[2019.03.28-09.24.53:178][  0]LogConfig: Setting CVar [[net.UseAdaptiveNetUpdateFrequency:0]]
[2019.03.28-09.24.53:178][  0]LogConfig: Applying CVar settings from Section [ConsoleVariables] File [C:/Users/joey.JOEY-PC/Documents/Unreal Projects/PixelFarmer/Saved/Config/Windows/Engine.ini]
[2019.03.28-09.24.53:178][  0]LogInit: Computer: JOEY-PC
[2019.03.28-09.24.53:178][  0]LogInit: User: joey
[2019.03.28-09.24.53:178][  0]LogInit: CPU Page size=4096, Cores=4
[2019.03.28-09.24.53:178][  0]LogInit: High frequency timer resolution =10.000000 MHz
[2019.03.28-09.24.53:179][  0]LogMemory: Memory total: Physical=7.9GB (8GB approx)
[2019.03.28-09.24.53:179][  0]LogMemory: Platform Memory Stats for Windows
[2019.03.28-09.24.53:179][  0]LogMemory: Process Physical Memory: 102.63 MB used, 102.63 MB peak
[2019.03.28-09.24.53:179][  0]LogMemory: Process Virtual Memory: 91.42 MB used, 91.42 MB peak
[2019.03.28-09.24.53:179][  0]LogMemory: Physical Memory: 4790.39 MB used,  3270.46 MB free, 8060.85 MB total
[2019.03.28-09.24.53:179][  0]LogMemory: Virtual Memory: 4650.45 MB used,  134213080.00 MB free, 134217728.00 MB total
[2019.03.28-09.24.53:213][  0]LogInit: Using OS detected language (en-US).
[2019.03.28-09.24.53:214][  0]LogInit: Using OS detected locale (en-US).
[2019.03.28-09.24.53:216][  0]LogTextLocalizationManager: No specific localization for 'en-US' exists, so the 'en' localization will be used.
[2019.03.28-09.24.53:731][  0]LogStreaming: Display: Took  0.518s to InitEngineTextLocalization.
[2019.03.28-09.24.53:732][  0]LogInit: Setting process to per monitor DPI aware
[2019.03.28-09.24.53:779][  0]LogSlate: New Slate User Created.  User Index 0, Is Virtual User: 0
[2019.03.28-09.24.53:780][  0]LogSlate: Slate User Registered.  User Index 0, Is Virtual User: 0
[2019.03.28-09.24.54:101][  0]LogHMD: Failed to initialize OpenVR with code 110
[2019.03.28-09.24.54:101][  0]LogD3D11RHI: D3D11 adapters:
[2019.03.28-09.24.54:193][  0]LogD3D11RHI:    0. 'NVIDIA GeForce GT 635M' (Feature Level 11_0)
[2019.03.28-09.24.54:193][  0]LogD3D11RHI:       1999/0/4030 MB DedicatedVideo/DedicatedSystem/SharedSystem, Outputs:1, VendorId:0x10de
[2019.03.28-09.24.54:198][  0]LogD3D11RHI:    1. 'Intel(R) HD Graphics 4000' (Feature Level 11_0)
[2019.03.28-09.24.54:198][  0]LogD3D11RHI:       32/0/1760 MB DedicatedVideo/DedicatedSystem/SharedSystem, Outputs:0, VendorId:0x8086
[2019.03.28-09.24.54:202][  0]LogD3D11RHI:    2. 'Microsoft Basic Render Driver' (Feature Level 11_0)
[2019.03.28-09.24.54:202][  0]LogD3D11RHI:       0/0/4030 MB DedicatedVideo/DedicatedSystem/SharedSystem, Outputs:0, VendorId:0x1414
[2019.03.28-09.24.54:202][  0]LogD3D11RHI: Chosen D3D11 Adapter: 0
[2019.03.28-09.24.54:248][  0]LogD3D11RHI: Creating new Direct3DDevice
[2019.03.28-09.24.54:248][  0]LogD3D11RHI:     GPU DeviceId: 0xde3 (for the marketing name, search the web for "GPU Device Id")
[2019.03.28-09.24.54:248][  0]LogWindows: EnumDisplayDevices:
[2019.03.28-09.24.54:248][  0]LogWindows:    0. 'Intel(R) HD Graphics 4000' (P:1 D:1)
[2019.03.28-09.24.54:249][  0]LogWindows:    1. 'Intel(R) HD Graphics 4000' (P:0 D:0)
[2019.03.28-09.24.54:249][  0]LogWindows:    2. 'Intel(R) HD Graphics 4000' (P:0 D:0)
[2019.03.28-09.24.54:250][  0]LogWindows:    3. 'NVIDIA GeForce GT 635M' (P:0 D:0)
[2019.03.28-09.24.54:250][  0]LogWindows: DebugString: PrimaryIsNotTheChoosenAdapter PrimaryIsNotTheChoosenAdapter PrimaryIsNotTheChoosenAdapter 
[2019.03.28-09.24.54:250][  0]LogD3D11RHI:     Adapter Name: NVIDIA GeForce GT 635M
[2019.03.28-09.24.54:250][  0]LogD3D11RHI:   Driver Version: 376.54 (internal:21.21.13.7654, unified:376.54)
[2019.03.28-09.24.54:250][  0]LogD3D11RHI:      Driver Date: 12-29-2016
[2019.03.28-09.24.54:250][  0]LogRHI: Texture pool is 1399 MB (70% of 1999 MB)
[2019.03.28-09.24.54:277][  0]LogD3D11RHI: Display: Timestamp queries are currently disabled on this hardware due to instability. Realtime GPU stats will not be available. You can override this behaviour by setting r.NVIDIATimestampWorkaround to 0
[2019.03.28-09.24.54:277][  0]LogD3D11RHI: Async texture creation enabled
[2019.03.28-09.24.54:291][  0]LogD3D11RHI: GPU Timing Frequency: 1000.000000 (Debug: 2 1)
[2019.03.28-09.24.54:751][  0]LogTemp: Display: Loaded TP AllDesktopTargetPlatform
[2019.03.28-09.24.54:772][  0]LogTemp: Display: Loaded TP MacClientTargetPlatform
[2019.03.28-09.24.54:796][  0]LogTemp: Display: Loaded TP MacNoEditorTargetPlatform
[2019.03.28-09.24.54:818][  0]LogTemp: Display: Loaded TP MacServerTargetPlatform
[2019.03.28-09.24.54:841][  0]LogTemp: Display: Loaded TP MacTargetPlatform
[2019.03.28-09.24.54:864][  0]LogTemp: Display: Loaded TP WindowsClientTargetPlatform
[2019.03.28-09.24.54:886][  0]LogTemp: Display: Loaded TP WindowsNoEditorTargetPlatform
[2019.03.28-09.24.54:909][  0]LogTemp: Display: Loaded TP WindowsServerTargetPlatform
[2019.03.28-09.24.54:919][  0]LogTemp: Display: Loaded TP WindowsTargetPlatform
[2019.03.28-09.24.55:041][  0]LogTemp: Display: Loaded TP AndroidTargetPlatform
[2019.03.28-09.24.55:041][  0]LogTemp: Display: Loaded TP AndroidTargetPlatform
[2019.03.28-09.24.55:041][  0]LogTemp: Display: Loaded TP AndroidTargetPlatform
[2019.03.28-09.24.55:041][  0]LogTemp: Display: Loaded TP AndroidTargetPlatform
[2019.03.28-09.24.55:041][  0]LogTemp: Display: Loaded TP AndroidTargetPlatform
[2019.03.28-09.24.55:041][  0]LogTemp: Display: Loaded TP AndroidTargetPlatform
[2019.03.28-09.24.55:041][  0]LogTemp: Display: Loaded TP AndroidTargetPlatform
[2019.03.28-09.24.55:041][  0]LogTemp: Display: Loaded TP AndroidTargetPlatform
[2019.03.28-09.24.55:041][  0]LogTemp: Display: Loaded TP AndroidTargetPlatform
[2019.03.28-09.24.55:041][  0]LogTemp: Display: Loaded TP AndroidTargetPlatform
[2019.03.28-09.24.55:041][  0]LogTemp: Display: Loaded TP AndroidTargetPlatform
[2019.03.28-09.24.55:041][  0]LogTemp: Display: Loaded TP AndroidTargetPlatform
[2019.03.28-09.24.55:041][  0]LogTemp: Display: Loaded TP AndroidTargetPlatform
[2019.03.28-09.24.55:041][  0]LogTemp: Display: Loaded TP AndroidTargetPlatform
[2019.03.28-09.24.55:041][  0]LogTemp: Display: Loaded TP AndroidTargetPlatform
[2019.03.28-09.24.55:041][  0]LogTemp: Display: Loaded TP AndroidTargetPlatform
[2019.03.28-09.24.55:041][  0]LogTemp: Display: Loaded TP AndroidTargetPlatform
[2019.03.28-09.24.55:041][  0]LogTemp: Display: Loaded TP AndroidTargetPlatform
[2019.03.28-09.24.55:043][  0]LogTemp: Display: Loaded TP HTML5TargetPlatform
[2019.03.28-09.24.55:116][  0]LogTemp: Display: Loaded TP IOSTargetPlatform
[2019.03.28-09.24.55:116][  0]LogTemp: Display: Loaded TP IOSTargetPlatform
[2019.03.28-09.24.55:151][  0]LogTemp: Display: Loaded TP TVOSTargetPlatform
[2019.03.28-09.24.55:151][  0]LogTemp: Display: Loaded TP TVOSTargetPlatform
[2019.03.28-09.24.55:169][  0]LogTemp: Display: Loaded TP LinuxClientTargetPlatform
[2019.03.28-09.24.55:187][  0]LogTemp: Display: Loaded TP LinuxNoEditorTargetPlatform
[2019.03.28-09.24.55:205][  0]LogTemp: Display: Loaded TP LinuxServerTargetPlatform
[2019.03.28-09.24.55:225][  0]LogTemp: Display: Loaded TP LinuxTargetPlatform
[2019.03.28-09.24.55:296][  0]LogTemp: Display: Loaded TP LuminTargetPlatform
[2019.03.28-09.24.55:296][  0]LogTemp: Display: Loaded TP LuminTargetPlatform
[2019.03.28-09.24.55:296][  0]LogTargetPlatformManager: Display: Building Assets For Windows
[2019.03.28-09.24.55:387][  0]LogShaderCompilers: Guid format shader working directory is -22 characters bigger than the processId version (../../../../../../Users/joey.JOEY-PC/Documents/Unreal Projects/PixelFarmer/Intermediate/Shaders/WorkingDirectory/11192/).
[2019.03.28-09.24.55:387][  0]LogShaderCompilers: Cleaned the shader compiler working directory 'C:/Users/joey.JOEY-PC/AppData/Local/Temp/UnrealShaderWorkingDir/9D70BA0A40D7751F519440A3BD589E04/'.
[2019.03.28-09.24.55:391][  0]LogXGEController: Cleaning working directory: C:/Users/joey.JOEY-PC/AppData/Local/Temp/UnrealXGEWorkingDir/
[2019.03.28-09.24.55:391][  0]LogXGEController: Cannot use XGE Controller as Incredibuild is not installed on this machine.
[2019.03.28-09.24.55:391][  0]LogShaderCompilers: Cannot use XGE Shader Compiler as Incredibuild is not installed on this machine.
[2019.03.28-09.24.55:391][  0]LogShaderCompilers: Display: Using Local Shader Compiler.
[2019.03.28-09.24.56:154][  0]LogDerivedDataCache: Display: Max Cache Size: 512 MB
[2019.03.28-09.24.56:231][  0]LogDerivedDataCache: Loaded boot cache 0.08s 71MB C:/Users/joey.JOEY-PC/AppData/Local/UnrealEngine/4.21/DerivedDataCache/Boot.ddc.
[2019.03.28-09.24.56:231][  0]LogDerivedDataCache: Display: Loaded Boot cache: C:/Users/joey.JOEY-PC/AppData/Local/UnrealEngine/4.21/DerivedDataCache/Boot.ddc
[2019.03.28-09.24.56:231][  0]LogDerivedDataCache: FDerivedDataBackendGraph:  Pak pak cache file ../../../../../../Users/joey.JOEY-PC/Documents/Unreal Projects/PixelFarmer/DerivedDataCache/DDC.ddp not found, will not use a pak cache.
[2019.03.28-09.24.56:231][  0]LogDerivedDataCache: Unable to find inner node Pak for hierarchical cache Hierarchy.
[2019.03.28-09.24.56:232][  0]LogDerivedDataCache: FDerivedDataBackendGraph:  CompressedPak pak cache file ../../../../../../Users/joey.JOEY-PC/Documents/Unreal Projects/PixelFarmer/DerivedDataCache/Compressed.ddp not found, will not use a pak cache.
[2019.03.28-09.24.56:232][  0]LogDerivedDataCache: Unable to find inner node CompressedPak for hierarchical cache Hierarchy.
[2019.03.28-09.24.56:253][  0]LogDerivedDataCache: Display: Pak cache opened for reading ../../../Engine/DerivedDataCache/Compressed.ddp.
[2019.03.28-09.24.56:253][  0]LogDerivedDataCache: FDerivedDataBackendGraph:  EnterprisePak pak cache file ../../../Enterprise/DerivedDataCache/Compressed.ddp not found, will not use a pak cache.
[2019.03.28-09.24.56:253][  0]LogDerivedDataCache: Unable to find inner node EnterprisePak for hierarchical cache Hierarchy.
[2019.03.28-09.24.56:266][  0]LogDerivedDataCache: Using Local data cache path C:/Users/joey.JOEY-PC/AppData/Local/UnrealEngine/Common/DerivedDataCache: Writable
[2019.03.28-09.24.56:266][  0]LogDerivedDataCache: Shared data cache path not found in *engine.ini, will not use an Shared cache.
[2019.03.28-09.24.56:266][  0]LogDerivedDataCache: Unable to find inner node Shared for hierarchical cache Hierarchy.
[2019.03.28-09.24.56:299][  0]LogMaterial: Verifying Global Shaders for PCD3D_SM5
[2019.03.28-09.24.56:301][  0]LogSlate: Using FreeType 2.6.0
[2019.03.28-09.24.56:302][  0]LogSlate: SlateFontServices - WITH_FREETYPE: 1, WITH_HARFBUZZ: 1
[2019.03.28-09.24.56:410][  0]LogAssetRegistry: FAssetRegistry took 0.0388 seconds to start up
[2019.03.28-09.24.56:960][  0]LogInit: Selected Device Profile: [Windows]
[2019.03.28-09.24.57:065][  0]LogSimplygon: Simplygon DLL not present - disabling.
[2019.03.28-09.24.57:071][  0]LogMeshReduction: Using SimplygonSwarm for distributed automatic mesh merging
[2019.03.28-09.24.57:071][  0]LogMeshReduction: Using ProxyLODMeshReduction for automatic mesh merging
[2019.03.28-09.24.57:071][  0]LogMeshReduction: Using QuadricMeshReduction for automatic static mesh reduction
[2019.03.28-09.24.57:071][  0]LogMeshReduction: No automatic skeletal mesh reduction module available
[2019.03.28-09.24.57:205][  0]LogNetVersion: PixelFarmer 1.0.0, NetCL: 4541578, EngineNetVer: 5, GameNetVer: 0 (Checksum: 1704798871)
[2019.03.28-09.24.57:942][  0]LogPackageLocalizationCache: Processed 11 localized package path(s) for 2 prioritized culture(s) in 0.124042 seconds
[2019.03.28-09.24.57:950][  0]LogUObjectArray: 39775 objects as part of root set at end of initial load.
[2019.03.28-09.24.57:950][  0]LogUObjectAllocator: 6914664 out of 0 bytes used by permanent object pool.
[2019.03.28-09.24.57:950][  0]LogUObjectArray: CloseDisregardForGC: 0/0 objects in disregard for GC pool
[2019.03.28-09.24.59:118][  0]LogTcpMessaging: Initializing TcpMessaging bridge
[2019.03.28-09.24.59:132][  0]LogUdpMessaging: Initializing bridge on interface 0.0.0.0:0 to multicast group 230.0.0.1:6666.
[2019.03.28-09.25.00:032][  0]SourceControl: Source control is disabled
[2019.03.28-09.25.00:032][  0]SourceControl: Source control is disabled
[2019.03.28-09.25.00:034][  0]SourceControl: Source control is disabled
[2019.03.28-09.25.00:036][  0]SourceControl: Source control is disabled
[2019.03.28-09.25.00:224][  0]LogOnline: Display: STEAM: Loading Steam SDK 1.39
[2019.03.28-09.25.00:226][  0]LogAndroidPermission: UAndroidPermissionCallbackProxy::GetInstance
[2019.03.28-09.25.00:314][  0]LogOcInput: OculusInput pre-init called
[2019.03.28-09.25.00:475][  0]LogEngine: Initializing Engine...
[2019.03.28-09.25.00:476][  0]LogHMD: Failed to initialize OpenVR with code 110
[2019.03.28-09.25.00:478][  0]LogStats: UGameplayTagsManager::ConstructGameplayTagTree: ImportINI prefixes -  0.000 s
[2019.03.28-09.25.00:478][  0]LogStats: UGameplayTagsManager::ConstructGameplayTagTree: Construct from data asset -  0.000 s
[2019.03.28-09.25.00:478][  0]LogStats: UGameplayTagsManager::ConstructGameplayTagTree: ImportINI -  0.000 s
[2019.03.28-09.25.00:478][  0]LogStats: UGameplayTagsManager::ConstructGameplayTagTree: GameplayTagTreeChangedEvent.Broadcast -  0.000 s
[2019.03.28-09.25.00:815][  0]LogInit: Initializing FReadOnlyCVARCache
[2019.03.28-09.25.00:835][  0]LogAIModule: Creating AISystem for world Untitled
[2019.03.28-09.25.00:854][  0]LogInit: XAudio2 using 'Speakers (Conexant SmartAudio HD)' : 2 channels at 44.1 kHz using 32 bits per sample (channel mask 0x3)
[2019.03.28-09.25.00:919][  0]LogInit: FAudioDevice initialized.
[2019.03.28-09.25.00:919][  0]LogNetVersion: Set ProjectVersion to 1.0.0.0. Version Checksum will be recalculated on next use.
[2019.03.28-09.25.01:014][  0]LogDerivedDataCache: Saved boot cache 0.09s 71MB C:/Users/joey.JOEY-PC/AppData/Local/UnrealEngine/4.21/DerivedDataCache/Boot.ddc.
[2019.03.28-09.25.01:027][  0]LogInit: Texture streaming: Enabled
[2019.03.28-09.25.01:056][  0]LogEngineSessionManager: EngineSessionManager initialized
[2019.03.28-09.25.01:056][  0]LogEngineSessionManager: EngineSessionManager sent abnormal shutdown report. Type=Crashed, SessionId={6C9D6299-4EBC-1466-29F0-92B5F424C094}
[2019.03.28-09.25.01:078][  0]LogInit: Transaction tracking system initialized
[2019.03.28-09.25.01:120][  0]BlueprintLog: New page: Editor Load
[2019.03.28-09.25.01:245][  0]LocalizationService: Localization service is disabled
[2019.03.28-09.25.02:490][  0]LogFileCache: Scanning file cache for directory 'C:/Users/joey.JOEY-PC/Documents/Unreal Projects/PixelFarmer/Content/' took 0.03s
[2019.03.28-09.25.02:490][  0]LogCook: Display: Max memory allowance for cook 16384mb min free memory 0mb
[2019.03.28-09.25.02:490][  0]LogCook: Display: Mobile HDR setting 1
[2019.03.28-09.25.02:490][  0]LogGameplayTags: Display: UGameplayTagsManager::DoneAddingNativeTags. DelegateIsBound: 0
[2019.03.28-09.25.02:490][  0]LogStats: UGameplayTagsManager::ConstructGameplayTagTree: ImportINI prefixes -  0.000 s
[2019.03.28-09.25.02:490][  0]LogStats: UGameplayTagsManager::ConstructGameplayTagTree: Construct from data asset -  0.000 s
[2019.03.28-09.25.02:490][  0]LogStats: UGameplayTagsManager::ConstructGameplayTagTree: ImportINI -  0.000 s
[2019.03.28-09.25.02:490][  0]LogStats: UGameplayTagsManager::ConstructGameplayTagTree: GameplayTagTreeChangedEvent.Broadcast -  0.000 s
[2019.03.28-09.25.02:686][  0]SourceControl: Source control is disabled
[2019.03.28-09.25.02:686][  0]Cmd: MAP LOAD FILE="../../../../../../Users/joey.JOEY-PC/Documents/Unreal Projects/PixelFarmer/Content/PixelWorlds/PixelMenu.umap" TEMPLATE=0 SHOWPROGRESS=1 FEATURELEVEL=3
[2019.03.28-09.25.02:686][  0]LightingResults: New page: Lighting Build
[2019.03.28-09.25.02:690][  0]MapCheck: New page: Map Check
[2019.03.28-09.25.02:690][  0]LightingResults: New page: Lighting Build
[2019.03.28-09.25.02:911][  0]LogLinker: Can't find file '/Game/SimpleInventory/Item_Base_Icon'
[2019.03.28-09.25.02:912][  0]LogLinker: Can't find file '/Game/SimpleInventory/Item_Base_Icon'
[2019.03.28-09.25.03:216][  0]LogLinker: Can't find file '/Game/SimpleInventory/Item_Base'
[2019.03.28-09.25.03:217][  0]LogLinker: Can't find file '/Game/SimpleInventory/Item_Base'
[2019.03.28-09.25.06:780][  0]LogAIModule: Creating AISystem for world PixelMenu
[2019.03.28-09.25.06:806][  0]LogEditorServer: Finished looking for orphan Actors (0.000 secs)
[2019.03.28-09.25.06:853][  0]Cmd: MAP CHECKDEP NOCLEARLOG
[2019.03.28-09.25.06:854][  0]MapCheck: Map check complete: 0 Error(s), 0 Warning(s), took 0.258ms to complete.
[2019.03.28-09.25.06:854][  0]LogFileHelpers: Loading map 'PixelMenu' took 4.169
[2019.03.28-09.25.06:963][  0]LogSlate: Updating window title bar state: overlay mode, drag disabled, window buttons hidden, title bar hidden
[2019.03.28-09.25.06:973][  0]LogSlate: Updating window title bar state: overlay mode, drag disabled, window buttons hidden, title bar hidden
[2019.03.28-09.25.06:984][  0]LogSlate: Updating window title bar state: overlay mode, drag disabled, window buttons hidden, title bar hidden
[2019.03.28-09.25.06:998][  0]LogSlate: Updating window title bar state: overlay mode, drag disabled, window buttons hidden, title bar hidden
[2019.03.28-09.25.07:008][  0]LogCollectionManager: Loaded 0 collections in 0.003171 seconds
[2019.03.28-09.25.07:026][  0]LogFileCache: Scanning file cache for directory 'C:/Users/joey.JOEY-PC/Documents/Unreal Projects/PixelFarmer/Saved/Collections/' took 0.01s
[2019.03.28-09.25.07:027][  0]LogFileCache: Scanning file cache for directory 'C:/Users/joey.JOEY-PC/Documents/Unreal Projects/PixelFarmer/Content/Developers/joey/Collections/' took 0.00s
[2019.03.28-09.25.07:027][  0]LogFileCache: Scanning file cache for directory 'C:/Users/joey.JOEY-PC/Documents/Unreal Projects/PixelFarmer/Content/Collections/' took 0.00s
[2019.03.28-09.25.07:027][  0]LogCollectionManager: Rebuilt the GUID cache for 0 collections in 0.000001 seconds
[2019.03.28-09.25.07:039][  0]LogContentBrowser: Native class hierarchy populated in 0.0122 seconds. Added 2686 classes and 635 folders.
[2019.03.28-09.25.07:049][  0]LogContentBrowser: Native class hierarchy updated for 'WidgetCarousel' in 0.0003 seconds. Added 0 classes and 0 folders.
[2019.03.28-09.25.07:051][  0]LogPakFile: Registered encryption key '00000000000000000000000000000000': 0 pak files mounted, 0 remain pending
[2019.03.28-09.25.07:052][  0]LogPakFile: Registered encryption key '00000000000000000000000000000000': 0 pak files mounted, 0 remain pending
[2019.03.28-09.25.07:053][  0]LogPakFile: Registered encryption key '00000000000000000000000000000000': 0 pak files mounted, 0 remain pending
[2019.03.28-09.25.07:053][  0]LogPakFile: Registered encryption key '00000000000000000000000000000000': 0 pak files mounted, 0 remain pending
[2019.03.28-09.25.07:054][  0]LogPakFile: Registered encryption key '00000000000000000000000000000000': 0 pak files mounted, 0 remain pending
[2019.03.28-09.25.07:055][  0]LogPakFile: Registered encryption key '00000000000000000000000000000000': 0 pak files mounted, 0 remain pending
[2019.03.28-09.25.07:055][  0]LogPakFile: Registered encryption key '00000000000000000000000000000000': 0 pak files mounted, 0 remain pending
[2019.03.28-09.25.07:056][  0]LogPakFile: Registered encryption key '00000000000000000000000000000000': 0 pak files mounted, 0 remain pending
[2019.03.28-09.25.07:057][  0]LogPakFile: Registered encryption key '00000000000000000000000000000000': 0 pak files mounted, 0 remain pending
[2019.03.28-09.25.07:057][  0]LogPakFile: Registered encryption key '00000000000000000000000000000000': 0 pak files mounted, 0 remain pending
[2019.03.28-09.25.07:058][  0]LogPakFile: Registered encryption key '00000000000000000000000000000000': 0 pak files mounted, 0 remain pending
[2019.03.28-09.25.07:058][  0]LogPakFile: Registered encryption key '00000000000000000000000000000000': 0 pak files mounted, 0 remain pending
[2019.03.28-09.25.07:059][  0]LogPakFile: Registered encryption key '00000000000000000000000000000000': 0 pak files mounted, 0 remain pending
[2019.03.28-09.25.07:060][  0]LogPakFile: Registered encryption key '00000000000000000000000000000000': 0 pak files mounted, 0 remain pending
[2019.03.28-09.25.07:061][  0]LogPakFile: Registered encryption key '00000000000000000000000000000000': 0 pak files mounted, 0 remain pending
[2019.03.28-09.25.07:061][  0]LogPakFile: Registered encryption key '00000000000000000000000000000000': 0 pak files mounted, 0 remain pending
[2019.03.28-09.25.07:062][  0]LogPakFile: Registered encryption key '00000000000000000000000000000000': 0 pak files mounted, 0 remain pending
[2019.03.28-09.25.07:063][  0]LogPakFile: Registered encryption key '00000000000000000000000000000000': 0 pak files mounted, 0 remain pending
[2019.03.28-09.25.07:063][  0]LogPakFile: Registered encryption key '00000000000000000000000000000000': 0 pak files mounted, 0 remain pending
[2019.03.28-09.25.07:064][  0]LogPakFile: Registered encryption key '00000000000000000000000000000000': 0 pak files mounted, 0 remain pending
[2019.03.28-09.25.07:065][  0]LogPakFile: Registered encryption key '00000000000000000000000000000000': 0 pak files mounted, 0 remain pending
[2019.03.28-09.25.07:065][  0]LogPakFile: Registered encryption key '00000000000000000000000000000000': 0 pak files mounted, 0 remain pending
[2019.03.28-09.25.07:066][  0]LogPakFile: Registered encryption key '00000000000000000000000000000000': 0 pak files mounted, 0 remain pending
[2019.03.28-09.25.07:067][  0]LogPakFile: Registered encryption key '00000000000000000000000000000000': 0 pak files mounted, 0 remain pending
[2019.03.28-09.25.07:067][  0]LogPakFile: Registered encryption key '00000000000000000000000000000000': 0 pak files mounted, 0 remain pending
[2019.03.28-09.25.07:068][  0]LogPakFile: Registered encryption key '00000000000000000000000000000000': 0 pak files mounted, 0 remain pending
[2019.03.28-09.25.07:116][  0]LogContentBrowser: Native class hierarchy updated for 'AddContentDialog' in 0.0003 seconds. Added 0 classes and 0 folders.
[2019.03.28-09.25.07:123][  0]LogContentBrowser: Native class hierarchy updated for 'SceneOutliner' in 0.0004 seconds. Added 1 classes and 2 folders.
[2019.03.28-09.25.07:298][  0]LogContentBrowser: Native class hierarchy updated for 'HierarchicalLODOutliner' in 0.0004 seconds. Added 0 classes and 0 folders.
[2019.03.28-09.25.07:298][  0]LogLoad: (Engine Initialization) Total time: 16.63 seconds
[2019.03.28-09.25.07:298][  0]LogLoad: (Engine Initialization) Total Blueprint compile time: 0.00 seconds
[2019.03.28-09.25.07:379][  0]LogContentStreaming: Texture pool size now 400 MB
[2019.03.28-09.25.07:382][  0]LogSlate: Took 0.000305 seconds to synchronously load lazily loaded font '../../../Engine/Content/Slate/Fonts/Roboto-Regular.ttf' (155K)
[2019.03.28-09.25.07:385][  0]LogSlate: Took 0.000246 seconds to synchronously load lazily loaded font '../../../Engine/Content/Slate/Fonts/Roboto-Bold.ttf' (160K)
[2019.03.28-09.25.07:392][  0]LogSlate: Took 0.000240 seconds to synchronously load lazily loaded font '../../../Engine/Content/Editor/Slate/Fonts/FontAwesome.ttf' (139K)
[2019.03.28-09.25.07:505][  0]LogSlate: Took 0.000205 seconds to synchronously load lazily loaded font '../../../Engine/Content/Slate/Fonts/Roboto-Light.ttf' (167K)
[2019.03.28-09.25.07:545][  1]LogRenderer: Reallocating scene render targets to support 728x416 Format 9 NumSamples 1 (Frame:1).
[2019.03.28-09.25.11:411][ 19]LogAssetRegistry: Asset discovery search completed in 15.0238 seconds
[2019.03.28-09.25.11:413][ 19]LogCollectionManager: Rebuilt the object cache for 0 collections in 0.000000 seconds (found 0 objects)
[2019.03.28-09.25.11:413][ 19]LogCollectionManager: Fixed up redirectors for 0 collections in 0.000087 seconds (updated 0 objects)
[2019.03.28-09.25.12:200][ 46]LogRenderer: Reallocating scene render targets to support 912x528 Format 9 NumSamples 1 (Frame:45).
[2019.03.28-09.25.23:866][634]LogSlate: FSceneViewport::OnFocusLost() reason 0
[2019.03.28-09.25.23:988][641]LogTemp: Repeating last play command: Standalone Game
[2019.03.28-09.25.37:930][889]LogD3D11RHI: Timed out while waiting for GPU to catch up. (0.5 s)
[2019.03.28-09.25.38:432][890]LogD3D11RHI: Timed out while waiting for GPU to catch up. (0.5 s)
[2019.03.28-09.25.55:419][299]LogSlate: Window 'Plugins' being destroyed
[2019.03.28-09.25.55:428][299]LogSlate: Window 'Plugins' being destroyed
[2019.03.28-09.25.55:428][299]LogDirectoryWatcher: A directory notification for '../../../Engine/Plugins/' was aborted.
[2019.03.28-09.25.55:428][299]LogDirectoryWatcher: A directory notification for '../../../../../../Users/joey.JOEY-PC/Documents/Unreal Projects/PixelFarmer/Plugins/' was aborted.
[2019.03.28-09.25.57:828][411]LogSlate: Window 'PixelFarmer - Unreal Editor' being destroyed
[2019.03.28-09.25.57:829][411]LogWindowsTextInputMethodSystem: Display: IME system now deactivated.
[2019.03.28-09.25.58:040][412]Cmd: QUIT_EDITOR
[2019.03.28-09.25.58:091][412]LogExit: Preparing to exit.
[2019.03.28-09.25.59:274][412]LogExit: Editor shut down
[2019.03.28-09.25.59:274][412]LogExit: Transaction tracking system shut down
[2019.03.28-09.25.59:546][412]LogExit: Object subsystem successfully closed.
[2019.03.28-09.25.59:571][412]LogShaderCompilers: Display: Shaders left to compile 0
[2019.03.28-09.25.59:577][412]LogD3D11RHI: Shutdown
[2019.03.28-09.25.59:577][412]LogD3D11RHI: CleanupD3DDevice
[2019.03.28-09.25.59:578][412]LogD3D11RHI: ~FD3D11DynamicRHI
[2019.03.28-09.25.59:617][412]LogModuleManager: Shutting down and abandoning module HierarchicalLODOutliner (632)
[2019.03.28-09.25.59:617][412]LogModuleManager: Shutting down and abandoning module SceneOutliner (630)
[2019.03.28-09.25.59:617][412]LogModuleManager: Shutting down and abandoning module AddContentDialog (628)
[2019.03.28-09.25.59:618][412]LogModuleManager: Shutting down and abandoning module WidgetCarousel (627)
[2019.03.28-09.25.59:618][412]LogModuleManager: Shutting down and abandoning module EditorWidgets (624)
[2019.03.28-09.25.59:618][412]LogModuleManager: Shutting down and abandoning module CollectionManager (622)
[2019.03.28-09.25.59:618][412]LogModuleManager: Shutting down and abandoning module StatsViewer (620)
[2019.03.28-09.25.59:618][412]LogModuleManager: Shutting down and abandoning module FoliageEdit (618)
[2019.03.28-09.25.59:618][412]LogModuleManager: Shutting down and abandoning module LandscapeEditor (616)
[2019.03.28-09.25.59:618][412]LogModuleManager: Shutting down and abandoning module MeshPaintMode (614)
[2019.03.28-09.25.59:618][412]LogModuleManager: Shutting down and abandoning module SceneDepthPickerMode (612)
[2019.03.28-09.25.59:618][412]LogModuleManager: Shutting down and abandoning module ActorPickerMode (610)
[2019.03.28-09.25.59:618][412]LogModuleManager: Shutting down and abandoning module GeometryMode (608)
[2019.03.28-09.25.59:618][412]LogModuleManager: Shutting down and abandoning module TextureAlignMode (606)
[2019.03.28-09.25.59:618][412]LogModuleManager: Shutting down and abandoning module BspMode (604)
[2019.03.28-09.25.59:619][412]LogModuleManager: Shutting down and abandoning module PIEPreviewDeviceProfileSelector (602)
[2019.03.28-09.25.59:619][412]LogModuleManager: Shutting down and abandoning module SequenceRecorderSections (600)
[2019.03.28-09.25.59:619][412]LogModuleManager: Shutting down and abandoning module AutomationWorker (598)
[2019.03.28-09.25.59:619][412]LogModuleManager: Shutting down and abandoning module AudioCaptureEditor (596)
[2019.03.28-09.25.59:619][412]LogModuleManager: Shutting down and abandoning module MatineeToLevelSequence (594)
[2019.03.28-09.25.59:619][412]LogModuleManager: Shutting down and abandoning module LevelSequenceEditor (592)
[2019.03.28-09.25.59:619][412]LogModuleManager: Shutting down and abandoning module PlacementMode (591)
[2019.03.28-09.25.59:619][412]LogModuleManager: Shutting down and abandoning module MaterialEditor (590)
[2019.03.28-09.25.59:619][412]LogModuleManager: Shutting down and abandoning module WmfMediaFactory (586)
[2019.03.28-09.25.59:619][412]LogModuleManager: Shutting down and abandoning module WmfMediaEditor (584)
[2019.03.28-09.25.59:619][412]LogModuleManager: Shutting down and abandoning module WebMMediaFactory (582)
[2019.03.28-09.25.59:619][412]LogModuleManager: Shutting down and abandoning module WebMMediaEditor (580)
[2019.03.28-09.25.59:619][412]LogModuleManager: Shutting down and abandoning module WebMMedia (578)
[2019.03.28-09.25.59:619][412]LogModuleManager: Shutting down and abandoning module MediaPlayerEditor (576)
[2019.03.28-09.25.59:619][412]LogModuleManager: Shutting down and abandoning module MediaCompositingEditor (574)
[2019.03.28-09.25.59:619][412]LogModuleManager: Shutting down and abandoning module SequenceRecorder (573)
[2019.03.28-09.25.59:620][412]LogModuleManager: Shutting down and abandoning module OpenExrWrapper (570)
[2019.03.28-09.25.59:620][412]LogModuleManager: Shutting down and abandoning module ImgMediaFactory (568)
[2019.03.28-09.25.59:620][412]LogModuleManager: Shutting down and abandoning module ImgMediaEditor (566)
[2019.03.28-09.25.59:620][412]LogModuleManager: Shutting down and abandoning module AvfMediaFactory (564)
[2019.03.28-09.25.59:620][412]LogModuleManager: Shutting down and abandoning module AvfMediaEditor (562)
[2019.03.28-09.25.59:620][412]LogModuleManager: Shutting down and abandoning module AndroidMediaFactory (560)
[2019.03.28-09.25.59:620][412]LogModuleManager: Shutting down and abandoning module AndroidMediaEditor (558)
[2019.03.28-09.25.59:620][412]LogModuleManager: Shutting down and abandoning module MagicLeapCameraPreviewFactory (556)
[2019.03.28-09.25.59:620][412]LogModuleManager: Shutting down and abandoning module MagicLeapMediaFactory (554)
[2019.03.28-09.25.59:620][412]LogModuleManager: Shutting down and abandoning module MagicLeapMediaEditor (552)
[2019.03.28-09.25.59:620][412]LogModuleManager: Shutting down and abandoning module CharacterAI (550)
[2019.03.28-09.25.59:620][412]LogModuleManager: Shutting down and abandoning module SmartSnapping (548)
[2019.03.28-09.25.59:620][412]LogModuleManager: Shutting down and abandoning module SessionServices (546)
[2019.03.28-09.25.59:620][412]LogModuleManager: Shutting down and abandoning module ViewportSnapping (544)
[2019.03.28-09.25.59:620][412]LogModuleManager: Shutting down and abandoning module ViewportInteraction (542)
[2019.03.28-09.25.59:620][412]LogModuleManager: Shutting down and abandoning module ClothPainter (540)
[2019.03.28-09.25.59:620][412]LogModuleManager: Shutting down and abandoning module SkeletalMeshEditor (539)
[2019.03.28-09.25.59:620][412]LogModuleManager: Shutting down and abandoning module LogVisualizer (536)
[2019.03.28-09.25.59:620][412]LogModuleManager: Shutting down and abandoning module IntroTutorials (534)
[2019.03.28-09.25.59:620][412]LogModuleManager: Shutting down and abandoning module GameProjectGeneration (533)
[2019.03.28-09.25.59:621][412]LogModuleManager: Shutting down and abandoning module LuminPlatformEditor (530)
[2019.03.28-09.25.59:621][412]LogModuleManager: Shutting down and abandoning module IOSPlatformEditor (528)
[2019.03.28-09.25.59:621][412]LogModuleManager: Shutting down and abandoning module HTML5PlatformEditor (526)
[2019.03.28-09.25.59:621][412]LogModuleManager: Shutting down and abandoning module AndroidPlatformEditor (524)
[2019.03.28-09.25.59:621][412]LogModuleManager: Shutting down and abandoning module AndroidDeviceDetection (523)
[2019.03.28-09.26.00:596][412]LogModuleManager: Shutting down and abandoning module WindowsPlatformEditor (520)
[2019.03.28-09.26.00:596][412]LogModuleManager: Shutting down and abandoning module LuminRuntimeSettings (518)
[2019.03.28-09.26.00:596][412]LogModuleManager: Shutting down and abandoning module IOSRuntimeSettings (516)
[2019.03.28-09.26.00:596][412]LogModuleManager: Shutting down and abandoning module AndroidRuntimeSettings (514)
[2019.03.28-09.26.00:596][412]LogModuleManager: Shutting down and abandoning module TimeManagementEditor (512)
[2019.03.28-09.26.00:597][412]LogModuleManager: Shutting down and abandoning module InputBindingEditor (510)
[2019.03.28-09.26.00:597][412]LogModuleManager: Shutting down and abandoning module MergeActors (508)
[2019.03.28-09.26.00:597][412]LogModuleManager: Shutting down and abandoning module LocalizationDashboard (506)
[2019.03.28-09.26.00:597][412]LogModuleManager: Shutting down and abandoning module LocalizationService (505)
[2019.03.28-09.26.00:597][412]LogModuleManager: Shutting down and abandoning module HardwareTargeting (502)
[2019.03.28-09.26.00:597][412]LogModuleManager: Shutting down and abandoning module DeviceProfileEditor (500)
[2019.03.28-09.26.00:597][412]LogModuleManager: Shutting down and abandoning module UndoHistory (498)
[2019.03.28-09.26.00:597][412]LogModuleManager: Shutting down and abandoning module XmlParser (496)
[2019.03.28-09.26.00:597][412]LogModuleManager: Shutting down and abandoning module Blutility (494)
[2019.03.28-09.26.00:597][412]LogModuleManager: Shutting down and abandoning module ProjectSettingsViewer (492)
[2019.03.28-09.26.00:597][412]LogModuleManager: Shutting down and abandoning module ProjectTargetPlatformEditor (491)
[2019.03.28-09.26.00:597][412]LogModuleManager: Shutting down and abandoning module EditorSettingsViewer (488)
[2019.03.28-09.26.00:597][412]LogModuleManager: Shutting down and abandoning module SettingsEditor (486)
[2019.03.28-09.26.00:597][412]LogModuleManager: Shutting down and abandoning module ProjectLauncher (484)
[2019.03.28-09.26.00:597][412]LogModuleManager: Shutting down and abandoning module SessionFrontend (482)
[2019.03.28-09.26.00:597][412]LogModuleManager: Shutting down and abandoning module ProfilerClient (480)
[2019.03.28-09.26.00:597][412]LogModuleManager: Shutting down and abandoning module DeviceManager (478)
[2019.03.28-09.26.00:597][412]LogModuleManager: Shutting down and abandoning module TargetDeviceServices (477)
[2019.03.28-09.26.00:652][412]LogModuleManager: Shutting down and abandoning module AutomationController (474)
[2019.03.28-09.26.00:652][412]LogModuleManager: Shutting down and abandoning module AutomationWindow (472)
[2019.03.28-09.26.00:652][412]LogModuleManager: Shutting down and abandoning module Layers (470)
[2019.03.28-09.26.00:652][412]LogModuleManager: Shutting down and abandoning module ComponentVisualizers (468)
[2019.03.28-09.26.00:652][412]LogModuleManager: Shutting down and abandoning module DetailCustomizations (466)
[2019.03.28-09.26.00:652][412]LogModuleManager: Shutting down and abandoning module PackagesDialog (464)
[2019.03.28-09.26.00:652][412]LogModuleManager: Shutting down and abandoning module Persona (462)
[2019.03.28-09.26.00:652][412]LogModuleManager: Shutting down and abandoning module AdvancedPreviewScene (461)
[2019.03.28-09.26.00:652][412]LogModuleManager: Shutting down and abandoning module AnimGraph (459)
[2019.03.28-09.26.00:652][412]LogModuleManager: Shutting down and abandoning module Kismet (456)
[2019.03.28-09.26.00:655][412]LogModuleManager: Shutting down and abandoning module GraphEditor (454)
[2019.03.28-09.26.00:655][412]LogModuleManager: Shutting down and abandoning module ClassViewer (452)
[2019.03.28-09.26.00:655][412]LogModuleManager: Shutting down and abandoning module Toolbox (450)
[2019.03.28-09.26.00:655][412]LogModuleManager: Shutting down and abandoning module ModuleUI (448)
[2019.03.28-09.26.00:655][412]LogModuleManager: Shutting down and abandoning module MovieSceneTools (446)
[2019.03.28-09.26.00:655][412]LogModuleManager: Shutting down and abandoning module OutputLog (444)
[2019.03.28-09.26.00:655][412]LogModuleManager: Shutting down and abandoning module GammaUI (442)
[2019.03.28-09.26.00:655][412]LogModuleManager: Shutting down and abandoning module Documentation (440)
[2019.03.28-09.26.00:655][412]LogModuleManager: Shutting down and abandoning module MovieSceneTracks (438)
[2019.03.28-09.26.00:655][412]LogModuleManager: Shutting down and abandoning module MovieScene (436)
[2019.03.28-09.26.00:655][412]LogModuleManager: Shutting down and abandoning module StreamingPauseRendering (434)
[2019.03.28-09.26.00:655][412]LogModuleManager: Shutting down and abandoning module LauncherPlatform (432)
[2019.03.28-09.26.00:655][412]LogModuleManager: Shutting down and abandoning module AnalyticsET (430)
[2019.03.28-09.26.00:655][412]LogModuleManager: Shutting down and abandoning module PortalServices (428)
[2019.03.28-09.26.00:655][412]LogModuleManager: Shutting down and abandoning module PortalRpc (426)
[2019.03.28-09.26.00:655][412]LogModuleManager: Shutting down and abandoning module MessagingRpc (424)
[2019.03.28-09.26.00:655][412]LogModuleManager: Shutting down and abandoning module AIModule (422)
[2019.03.28-09.26.00:655][412]LogModuleManager: Shutting down and abandoning module GameplayDebugger (421)
[2019.03.28-09.26.00:655][412]LogModuleManager: Shutting down and abandoning module AITestSuite (419)
[2019.03.28-09.26.00:655][412]LogModuleManager: Shutting down and abandoning module NavigationSystem (417)
[2019.03.28-09.26.00:655][412]LogModuleManager: Shutting down and abandoning module DesktopPlatform (414)
[2019.03.28-09.26.00:655][412]LogModuleManager: Shutting down and abandoning module ImageWriteQueue (412)
[2019.03.28-09.26.00:659][412]LogModuleManager: Shutting down and abandoning module ProfilerService (410)
[2019.03.28-09.26.00:736][412]LogModuleManager: Shutting down and abandoning module TaskGraph (408)
[2019.03.28-09.26.00:736][412]LogModuleManager: Shutting down and abandoning module SteamVRController (406)
[2019.03.28-09.26.00:736][412]LogModuleManager: Shutting down and abandoning module ProceduralMeshComponentEditor (404)
[2019.03.28-09.26.00:736][412]LogModuleManager: Shutting down and abandoning module ProceduralMeshComponent (402)
[2019.03.28-09.26.00:736][412]LogModuleManager: Shutting down and abandoning module OculusInput (400)
[2019.03.28-09.26.00:736][412]LogModuleManager: Shutting down and abandoning module MobilePatchingUtils (398)
[2019.03.28-09.26.00:736][412]LogModuleManager: Shutting down and abandoning module EditableMesh (396)
[2019.03.28-09.26.00:737][412]LogModuleManager: Shutting down and abandoning module CustomMeshComponent (394)
[2019.03.28-09.26.00:737][412]LogModuleManager: Shutting down and abandoning module CableComponent (392)
[2019.03.28-09.26.00:737][412]LogModuleManager: Shutting down and abandoning module AudioCapture (390)
[2019.03.28-09.26.00:737][412]LogModuleManager: Shutting down and abandoning module ArchVisCharacter (388)
[2019.03.28-09.26.00:737][412]LogModuleManager: Shutting down and abandoning module AndroidPermission (386)
[2019.03.28-09.26.00:737][412]LogModuleManager: Shutting down and abandoning module NUTUnrealEngine4 (382)
[2019.03.28-09.26.00:737][412]LogModuleManager: Shutting down and abandoning module NetcodeUnitTest (380)
[2019.03.28-09.26.00:737][412]LogModuleManager: Shutting down and abandoning module MediaCompositing (378)
[2019.03.28-09.26.00:737][412]LogModuleManager: Shutting down and abandoning module LinearTimecode (376)
[2019.03.28-09.26.00:737][412]LogModuleManager: Shutting down and abandoning module ImgMedia (374)
[2019.03.28-09.26.00:740][412]LogModuleManager: Shutting down and abandoning module HTML5Networking (372)
[2019.03.28-09.26.00:740][412]LogModuleManager: Shutting down and abandoning module GeometryCacheTracks (370)
[2019.03.28-09.26.00:740][412]LogModuleManager: Shutting down and abandoning module GeometryCacheSequencer (368)
[2019.03.28-09.26.00:740][412]LogModuleManager: Shutting down and abandoning module BackChannel (366)
[2019.03.28-09.26.00:740][412]LogModuleManager: Shutting down and abandoning module AppleVision (364)
[2019.03.28-09.26.00:740][412]LogModuleManager: Shutting down and abandoning module AppleImageUtilsBlueprintSupport (362)
[2019.03.28-09.26.00:740][412]LogModuleManager: Shutting down and abandoning module AppleImageUtils (360)
[2019.03.28-09.26.00:740][412]LogModuleManager: Shutting down and abandoning module AlembicImporter (358)
[2019.03.28-09.26.00:740][412]LogModuleManager: Shutting down and abandoning module AlembicLibrary (357)
[2019.03.28-09.26.00:740][412]LogModuleManager: Shutting down and abandoning module GeometryCache (356)
[2019.03.28-09.26.00:740][412]LogModuleManager: Shutting down and abandoning module GeometryCacheEd (355)
[2019.03.28-09.26.00:740][412]LogModuleManager: Shutting down and abandoning module VariantManagerContent (350)
[2019.03.28-09.26.00:740][412]LogModuleManager: Shutting down and abandoning module DatasmithContentEditor (348)
[2019.03.28-09.26.00:740][412]LogModuleManager: Shutting down and abandoning module SpeedTreeImporter (346)
[2019.03.28-09.26.00:740][412]LogModuleManager: Shutting down and abandoning module PluginBrowser (344)
[2019.03.28-09.26.00:741][412]LogModuleManager: Shutting down and abandoning module MobileLauncherProfileWizard (342)
[2019.03.28-09.26.00:741][412]LogModuleManager: Shutting down and abandoning module PolygonModeling (340)
[2019.03.28-09.26.00:741][412]LogModuleManager: Shutting down and abandoning module MeshEditor (338)
[2019.03.28-09.26.00:741][412]LogModuleManager: Shutting down and abandoning module CryptoKeysOpenSSL (336)
[2019.03.28-09.26.00:741][412]LogModuleManager: Shutting down and abandoning module CryptoKeys (334)
[2019.03.28-09.26.00:741][412]LogModuleManager: Shutting down and abandoning module VisualStudioSourceCodeAccess (332)
[2019.03.28-09.26.00:741][412]LogModuleManager: Shutting down and abandoning module VisualStudioCodeSourceCodeAccess (330)
[2019.03.28-09.26.00:741][412]LogModuleManager: Shutting down and abandoning module UObjectPlugin (328)
[2019.03.28-09.26.00:741][412]LogModuleManager: Shutting down and abandoning module SubversionSourceControl (326)
[2019.03.28-09.26.00:741][412]LogModuleManager: Shutting down and abandoning module PerforceSourceControl (324)
[2019.03.28-09.26.00:741][412]LogModuleManager: Shutting down and abandoning module GitSourceControl (322)
[2019.03.28-09.26.00:741][412]LogModuleManager: Shutting down and abandoning module SourceControl (321)
[2019.03.28-09.26.00:741][412]LogModuleManager: Shutting down and abandoning module CLionSourceCodeAccess (318)
[2019.03.28-09.26.00:741][412]LogModuleManager: Shutting down and abandoning module ActorLayerUtilitiesEditor (316)
[2019.03.28-09.26.00:741][412]LogModuleManager: Shutting down and abandoning module ActorLayerUtilities (314)
[2019.03.28-09.26.00:741][412]LogModuleManager: Shutting down and abandoning module LightPropagationVolumeEditor (312)
[2019.03.28-09.26.00:741][412]LogModuleManager: Shutting down and abandoning module PaperTiledImporter (310)
[2019.03.28-09.26.00:741][412]LogModuleManager: Shutting down and abandoning module PaperSpriteSheetImporter (308)
[2019.03.28-09.26.00:741][412]LogModuleManager: Shutting down and abandoning module Paper2DEditor (306)
[2019.03.28-09.26.00:741][412]LogModuleManager: Shutting down and abandoning module MeshPaint (305)
[2019.03.28-09.26.00:741][412]LogModuleManager: Shutting down and abandoning module AdvancedSteamSessions (302)
[2019.03.28-09.26.00:741][412]LogModuleManager: Shutting down and abandoning module AdvancedSessions (300)
[2019.03.28-09.26.00:741][412]LogModuleManager: Shutting down and abandoning module RuntimePhysXCooking (298)
[2019.03.28-09.26.00:741][412]LogModuleManager: Shutting down and abandoning module PhysXVehiclesEditor (296)
[2019.03.28-09.26.00:742][412]LogModuleManager: Shutting down and abandoning module PhysXVehicles (294)
[2019.03.28-09.26.00:742][412]LogModuleManager: Shutting down and abandoning module OculusEditor (292)
[2019.03.28-09.26.00:742][412]LogModuleManager: Shutting down and abandoning module LocationServicesBPLibrary (290)
[2019.03.28-09.26.00:742][412]LogModuleManager: Shutting down and abandoning module ApexDestructionEditor (288)
[2019.03.28-09.26.00:742][412]LogModuleManager: Shutting down and abandoning module ApexDestruction (286)
[2019.03.28-09.26.00:742][412]LogModuleManager: Shutting down and abandoning module ActorSequence (284)
[2019.03.28-09.26.00:742][412]LogModuleManager: Shutting down and abandoning module UdpMessaging (282)
[2019.03.28-09.26.00:842][412]LogModuleManager: Shutting down and abandoning module TcpMessaging (280)
[2019.03.28-09.26.00:943][412]LogModuleManager: Shutting down and abandoning module MagicLeapAudio (278)
[2019.03.28-09.26.00:943][412]LogModuleManager: Shutting down and abandoning module GameplayTagsEditor (276)
[2019.03.28-09.26.00:943][412]LogModuleManager: Shutting down and abandoning module FacialAnimationEditor (274)
[2019.03.28-09.26.00:943][412]LogModuleManager: Shutting down and abandoning module FacialAnimation (272)
[2019.03.28-09.26.00:943][412]LogModuleManager: Shutting down and abandoning module DataValidation (270)
[2019.03.28-09.26.00:943][412]LogModuleManager: Shutting down and abandoning module AssetManagerEditor (268)
[2019.03.28-09.26.00:943][412]LogModuleManager: Shutting down and abandoning module LevelEditor (267)
[2019.03.28-09.26.00:944][412]LogModuleManager: Shutting down and abandoning module PixelInspectorModule (266)
[2019.03.28-09.26.00:944][412]LogModuleManager: Shutting down and abandoning module CommonMenuExtensions (264)
[2019.03.28-09.26.00:944][412]LogModuleManager: Shutting down and abandoning module MainFrame (262)
[2019.03.28-09.26.00:944][412]LogModuleManager: Shutting down and abandoning module HotReload (261)
[2019.03.28-09.26.00:945][412]LogModuleManager: Shutting down and abandoning module ContentBrowser (257)
[2019.03.28-09.26.00:946][412]LogModuleManager: Shutting down and abandoning module TreeMap (255)
[2019.03.28-09.26.00:946][412]LogModuleManager: Shutting down and abandoning module LightPropagationVolumeRuntime (252)
[2019.03.28-09.26.00:946][412]LogModuleManager: Shutting down and abandoning module AISupportModule (250)
[2019.03.28-09.26.00:946][412]LogModuleManager: Shutting down and abandoning module Paper2D (248)
[2019.03.28-09.26.00:946][412]LogModuleManager: Shutting down and abandoning module WindowsMoviePlayer (246)
[2019.03.28-09.26.00:946][412]LogModuleManager: Shutting down and abandoning module WebMMoviePlayer (244)
[2019.03.28-09.26.00:946][412]LogModuleManager: Shutting down and abandoning module WmfMedia (242)
[2019.03.28-09.26.00:947][412]LogModuleManager: Shutting down and abandoning module Media (241)
[2019.03.28-09.26.00:953][412]LogModuleManager: Shutting down and abandoning module PacketHandler (238)
[2019.03.28-09.26.00:953][412]LogModuleManager: Shutting down and abandoning module ClothingSystemEditor (236)
[2019.03.28-09.26.00:953][412]LogModuleManager: Shutting down and abandoning module ClothingSystemRuntime (234)
[2019.03.28-09.26.00:953][412]LogModuleManager: Shutting down and abandoning module MediaAssets (232)
[2019.03.28-09.26.00:953][412]LogModuleManager: Shutting down and abandoning module Overlay (230)
[2019.03.28-09.26.00:954][412]LogModuleManager: Shutting down and abandoning module OverlayEditor (229)
[2019.03.28-09.26.00:954][412]LogModuleManager: Shutting down and abandoning module VREditor (226)
[2019.03.28-09.26.00:954][412]LogModuleManager: Shutting down and abandoning module StringTableEditor (224)
[2019.03.28-09.26.00:954][412]LogModuleManager: Shutting down and abandoning module GameplayTasksEditor (222)
[2019.03.28-09.26.00:954][412]LogModuleManager: Shutting down and abandoning module BehaviorTreeEditor (220)
[2019.03.28-09.26.00:954][412]LogModuleManager: Shutting down and abandoning module FunctionalTesting (218)
[2019.03.28-09.26.00:954][412]LogModuleManager: Shutting down and abandoning module CollisionAnalyzer (216)
[2019.03.28-09.26.00:954][412]LogModuleManager: Shutting down and abandoning module WorkspaceMenuStructure (215)
[2019.03.28-09.26.00:954][412]LogModuleManager: Shutting down and abandoning module UMG (212)
[2019.03.28-09.26.00:954][412]LogModuleManager: Shutting down and abandoning module UMGEditor (211)
[2019.03.28-09.26.00:954][412]LogModuleManager: Shutting down and abandoning module Sequencer (210)
[2019.03.28-09.26.00:954][412]LogModuleManager: Shutting down and abandoning module MessageLog (207)
[2019.03.28-09.26.00:954][412]LogModuleManager: Shutting down and abandoning module SlateReflector (202)
[2019.03.28-09.26.00:954][412]LogModuleManager: Shutting down and abandoning module Slate (200)
[2019.03.28-09.26.00:954][412]LogModuleManager: Shutting down and abandoning module EditorStyle (198)
[2019.03.28-09.26.00:957][412]LogModuleManager: Shutting down and abandoning module MRMesh (196)
[2019.03.28-09.26.00:957][412]LogModuleManager: Shutting down and abandoning module SourceCodeAccess (194)
[2019.03.28-09.26.00:957][412]LogModuleManager: Shutting down and abandoning module HeadMountedDisplay (192)
[2019.03.28-09.26.00:957][412]LogModuleManager: Shutting down and abandoning module XAudio2 (190)
[2019.03.28-09.26.00:957][412]LogModuleManager: Shutting down and abandoning module Networking (188)
[2019.03.28-09.26.00:957][412]LogModuleManager: Shutting down and abandoning module Core (186)
[2019.03.28-09.26.00:957][412]LogModuleManager: Shutting down and abandoning module LevelSequence (184)
[2019.03.28-09.26.00:957][412]LogModuleManager: Shutting down and abandoning module KismetCompiler (182)
[2019.03.28-09.26.00:957][412]LogModuleManager: Shutting down and abandoning module MeshUtilities (180)
[2019.03.28-09.26.00:957][412]LogModuleManager: Shutting down and abandoning module MeshMergeUtilities (179)
[2019.03.28-09.26.00:957][412]LogModuleManager: Shutting down and abandoning module MeshReductionInterface (178)
[2019.03.28-09.26.00:957][412]LogModuleManager: Shutting down and abandoning module SimplygonSwarm (177)
[2019.03.28-09.26.00:957][412]LogModuleManager: Shutting down and abandoning module ProxyLODMeshReduction (175)
[2019.03.28-09.26.00:957][412]LogModuleManager: Shutting down and abandoning module SimplygonMeshReduction (173)
[2019.03.28-09.26.00:957][412]LogModuleManager: Shutting down and abandoning module QuadricMeshReduction (171)
[2019.03.28-09.26.00:957][412]LogModuleManager: Shutting down and abandoning module MaterialBaking (167)
[2019.03.28-09.26.00:957][412]LogModuleManager: Shutting down and abandoning module DirectoryWatcher (163)
[2019.03.28-09.26.00:957][412]LogModuleManager: Shutting down and abandoning module DerivedDataCache (160)
[2019.03.28-09.26.01:348][412]LogDerivedDataCache: Shutdown
[2019.03.28-09.26.01:349][412]LogModuleManager: Shutting down and abandoning module XGEController (158)
[2019.03.28-09.26.01:352][412]LogXGEController: Cleaning working directory: C:/Users/joey.JOEY-PC/AppData/Local/Temp/UnrealXGEWorkingDir/
[2019.03.28-09.26.01:352][412]LogModuleManager: Shutting down and abandoning module TargetPlatform (156)
[2019.03.28-09.26.01:352][412]LogModuleManager: Shutting down and abandoning module VulkanShaderFormat (155)
[2019.03.28-09.26.01:353][412]LogModuleManager: Shutting down and abandoning module ShaderFormatVectorVM (153)
[2019.03.28-09.26.01:353][412]LogModuleManager: Shutting down and abandoning module ShaderFormatOpenGL (151)
[2019.03.28-09.26.01:353][412]LogModuleManager: Shutting down and abandoning module ShaderFormatD3D (149)
[2019.03.28-09.26.01:353][412]LogModuleManager: Shutting down and abandoning module MetalShaderFormat (147)
[2019.03.28-09.26.01:353][412]LogModuleManager: Shutting down and abandoning module TextureFormatUncompressed (145)
[2019.03.28-09.26.01:353][412]LogModuleManager: Shutting down and abandoning module TextureFormatPVR (143)
[2019.03.28-09.26.01:353][412]LogModuleManager: Shutting down and abandoning module TextureFormatDXT (141)
[2019.03.28-09.26.01:353][412]LogModuleManager: Shutting down and abandoning module TextureFormatIntelISPCTexComp (139)
[2019.03.28-09.26.01:354][412]LogModuleManager: Shutting down and abandoning module TextureFormatASTC (137)
[2019.03.28-09.26.01:354][412]LogModuleManager: Shutting down and abandoning module ImageWrapper (136)
[2019.03.28-09.26.01:354][412]LogModuleManager: Shutting down and abandoning module TextureFormatAndroid (133)
[2019.03.28-09.26.01:354][412]LogModuleManager: Shutting down and abandoning module AudioFormatOpus (131)
[2019.03.28-09.26.01:354][412]LogModuleManager: Shutting down and abandoning module AudioFormatOgg (129)
[2019.03.28-09.26.01:354][412]LogModuleManager: Shutting down and abandoning module AudioFormatADPCM (127)
[2019.03.28-09.26.01:354][412]LogModuleManager: Shutting down and abandoning module LuminTargetPlatform (125)
[2019.03.28-09.26.01:355][412]LogModuleManager: Shutting down and abandoning module LinuxTargetPlatform (123)
[2019.03.28-09.26.01:356][412]LogModuleManager: Shutting down and abandoning module LinuxServerTargetPlatform (121)
[2019.03.28-09.26.01:356][412]LogModuleManager: Shutting down and abandoning module LinuxNoEditorTargetPlatform (119)
[2019.03.28-09.26.01:356][412]LogModuleManager: Shutting down and abandoning module LinuxClientTargetPlatform (117)
[2019.03.28-09.26.01:356][412]LogModuleManager: Shutting down and abandoning module TVOSTargetPlatform (115)
[2019.03.28-09.26.01:360][412]LogModuleManager: Shutting down and abandoning module Messaging (113)
[2019.03.28-09.26.01:360][412]LogModuleManager: Shutting down and abandoning module IOSTargetPlatform (111)
[2019.03.28-09.26.01:363][412]LogModuleManager: Shutting down and abandoning module HTML5TargetPlatform (109)
[2019.03.28-09.26.01:363][412]LogModuleManager: Shutting down and abandoning module AndroidTargetPlatform (107)
[2019.03.28-09.26.01:400][412]LogModuleManager: Shutting down and abandoning module WindowsTargetPlatform (105)
[2019.03.28-09.26.01:400][412]LogModuleManager: Shutting down and abandoning module WindowsServerTargetPlatform (103)
[2019.03.28-09.26.01:400][412]LogModuleManager: Shutting down and abandoning module WindowsNoEditorTargetPlatform (101)
[2019.03.28-09.26.01:400][412]LogModuleManager: Shutting down and abandoning module WindowsClientTargetPlatform (99)
[2019.03.28-09.26.01:400][412]LogModuleManager: Shutting down and abandoning module MacTargetPlatform (97)
[2019.03.28-09.26.01:400][412]LogModuleManager: Shutting down and abandoning module MacServerTargetPlatform (95)
[2019.03.28-09.26.01:400][412]LogModuleManager: Shutting down and abandoning module MacNoEditorTargetPlatform (93)
[2019.03.28-09.26.01:400][412]LogModuleManager: Shutting down and abandoning module MacClientTargetPlatform (91)
[2019.03.28-09.26.01:400][412]LogModuleManager: Shutting down and abandoning module AllDesktopTargetPlatform (89)
[2019.03.28-09.26.01:400][412]LogModuleManager: Shutting down and abandoning module InputCore (86)
[2019.03.28-09.26.01:401][412]LogModuleManager: Shutting down and abandoning module Settings (84)
[2019.03.28-09.26.01:401][412]LogModuleManager: Shutting down and abandoning module PhysXCooking (82)
[2019.03.28-09.26.01:401][412]LogModuleManager: Shutting down and abandoning module SteamVR (80)
[2019.03.28-09.26.01:401][412]LogHMD: Freeing OpenVRDLLHandle.
[2019.03.28-09.26.01:401][412]LogModuleManager: Shutting down and abandoning module OculusHMD (78)
[2019.03.28-09.26.01:401][412]LogModuleManager: Shutting down and abandoning module ExampleDeviceProfileSelector (76)
[2019.03.28-09.26.01:401][412]LogModuleManager: Shutting down and abandoning module LauncherChunkInstaller (74)
[2019.03.28-09.26.01:401][412]LogModuleManager: Shutting down and abandoning module OnlineBlueprintSupport (72)
[2019.03.28-09.26.01:401][412]LogModuleManager: Shutting down and abandoning module OnlineSubsystem (68)
[2019.03.28-09.26.01:404][412]LogModuleManager: Shutting down and abandoning module XMPP (63)
[2019.03.28-09.26.01:405][412]LogModuleManager: Shutting down and abandoning module WebSockets (62)
[2019.03.28-09.26.01:443][412]LogModuleManager: Shutting down and abandoning module HTTP (59)
[2019.03.28-09.26.01:443][412]LogHttp: Display: Http module shutting down, but needs to wait on 1 outstanding Http requests:
[2019.03.28-09.26.01:443][412]LogHttp: Display: 	verb=[POST] url=[https://datarouter.ol.epicgames.com/datarouter/api/v1/public/data?SessionID=%7BC61EE6EF-4612-1D2E-1735-57A521762D87%7D&AppID=UEEditor.Rocket.Release&AppVersion=4.21.2-4753647%2B%2B%2BUE4%2BRelease-4.21&UserID=2ff5ed2b4ea7f5724d83e4a8c7a078f7%7C52cd936612ca433ba7244efdbd41ffd6%7C78f223e4-764e-43ef-abb9-045bc1b63efa&AppEnvironment=datacollector-binary&UploadType=eteventstream] status=Processing
[2019.03.28-09.26.01:464][412]LogModuleManager: Shutting down and abandoning module SSL (58)
[2019.03.28-09.26.01:468][412]LogModuleManager: Shutting down and abandoning module MagicLeapIdentity (54)
[2019.03.28-09.26.01:468][412]LogModuleManager: Shutting down and abandoning module MagicLeapHelperVulkan (52)
[2019.03.28-09.26.01:468][412]LogModuleManager: Shutting down and abandoning module MagicLeapHelperOpenGL (50)
[2019.03.28-09.26.01:468][412]LogModuleManager: Shutting down and abandoning module MagicLeapSecureStorage (48)
[2019.03.28-09.26.01:468][412]LogModuleManager: Shutting down and abandoning module MagicLeapHandTracking (46)
[2019.03.28-09.26.01:468][412]LogModuleManager: Shutting down and abandoning module MagicLeapEyeTracker (44)
[2019.03.28-09.26.01:468][412]LogModuleManager: Shutting down and abandoning module MagicLeapController (42)
[2019.03.28-09.26.01:468][412]LogSlate: Slate User Destroyed.  User Index 0, Is Virtual User: 0
[2019.03.28-09.26.01:468][412]LogModuleManager: Shutting down and abandoning module MagicLeap (40)
[2019.03.28-09.26.01:469][412]LogModuleManager: Shutting down and abandoning module DatasmithContent (38)
[2019.03.28-09.26.01:469][412]LogModuleManager: Shutting down and abandoning module AnimationModifiers (36)
[2019.03.28-09.26.01:469][412]LogModuleManager: Shutting down and abandoning module PropertyEditor (35)
[2019.03.28-09.26.01:469][412]LogModuleManager: Shutting down and abandoning module AudioEditor (32)
[2019.03.28-09.26.01:469][412]LogModuleManager: Shutting down and abandoning module TextureCompressor (30)
[2019.03.28-09.26.01:469][412]LogModuleManager: Shutting down and abandoning module ShaderCore (28)
[2019.03.28-09.26.01:469][412]LogModuleManager: Shutting down and abandoning module Landscape (26)
[2019.03.28-09.26.01:469][412]LogModuleManager: Shutting down and abandoning module SlateRHIRenderer (24)
[2019.03.28-09.26.01:470][412]LogModuleManager: Shutting down and abandoning module OpenGLDrv (22)
[2019.03.28-09.26.01:470][412]LogModuleManager: Shutting down and abandoning module D3D11RHI (20)
[2019.03.28-09.26.01:470][412]LogModuleManager: Shutting down and abandoning module AnimGraphRuntime (18)
[2019.03.28-09.26.01:470][412]LogModuleManager: Shutting down and abandoning module Renderer (16)
[2019.03.28-09.26.01:470][412]LogModuleManager: Shutting down and abandoning module Engine (14)
[2019.03.28-09.26.01:470][412]LogModuleManager: Shutting down and abandoning module CoreUObject (12)
[2019.03.28-09.26.01:470][412]LogModuleManager: Shutting down and abandoning module NetworkFile (10)
[2019.03.28-09.26.01:470][412]LogModuleManager: Shutting down and abandoning module CookedIterativeFile (8)
[2019.03.28-09.26.01:470][412]LogModuleManager: Shutting down and abandoning module StreamingFile (6)
[2019.03.28-09.26.01:470][412]LogModuleManager: Shutting down and abandoning module SandboxFile (4)
[2019.03.28-09.26.01:470][412]LogModuleManager: Shutting down and abandoning module PakFile (2)
[2019.03.28-09.26.01:485][412]LogExit: Exiting.
[2019.03.28-09.26.01:495][412]Log file closed, 03/28/19 10:26:01
