Log file open, 03/25/19 12:43:17
LogWindows: Failed to load 'aqProf.dll' (GetLastError=126)
LogWindows: File 'aqProf.dll' does not exist
LogWindows: Failed to load 'VtuneApi.dll' (GetLastError=126)
LogWindows: File 'VtuneApi.dll' does not exist
LogWindows: Failed to load 'VtuneApi32e.dll' (GetLastError=126)
LogWindows: File 'VtuneApi32e.dll' does not exist
LogConsoleResponse: Display: Failed to find resolution value strings in scalability ini. Falling back to default.
LogInit: Display: Running engine for game: PixelArcade
LogPakFile: Registered encryption key '00000000000000000000000000000000': 0 pak files mounted, 0 remain pending
LogPlatformFile: Not using cached read wrapper
LogTaskGraph: Started task graph with 5 named threads and 23 total threads with 3 sets of task threads.
LogStats: Stats thread started at 0.337235
LogD3D11RHI: Loaded GFSDK_Aftermath_Lib.x64.dll
LogICUInternationalization: ICU TimeZone Detection - Raw Offset: +1:00, Platform Override: ''
LogPluginManager: Mounting plugin Paper2D
LogPluginManager: Mounting plugin AISupport
LogPluginManager: Mounting plugin LightPropagationVolume
LogPluginManager: Mounting plugin ActorLayerUtilities
LogPluginManager: Mounting plugin CLionSourceCodeAccess
LogPluginManager: Mounting plugin CodeLiteSourceCodeAccess
LogPluginManager: Mounting plugin GitSourceControl
LogPluginManager: Mounting plugin KDevelopSourceCodeAccess
LogPluginManager: Mounting plugin NullSourceCodeAccess
LogPluginManager: Mounting plugin PerforceSourceControl
LogPluginManager: Mounting plugin SubversionSourceControl
LogPluginManager: Mounting plugin UObjectPlugin
LogPluginManager: Mounting plugin VisualStudioCodeSourceCodeAccess
LogPluginManager: Mounting plugin VisualStudioSourceCodeAccess
LogPluginManager: Mounting plugin XCodeSourceCodeAccess
LogPluginManager: Mounting plugin AssetManagerEditor
LogPluginManager: Mounting plugin CryptoKeys
LogPluginManager: Mounting plugin DataValidation
LogPluginManager: Mounting plugin FacialAnimation
LogPluginManager: Mounting plugin GameplayTagsEditor
LogPluginManager: Mounting plugin MacGraphicsSwitching
LogPluginManager: Mounting plugin MeshEditor
LogPluginManager: Mounting plugin MobileLauncherProfileWizard
LogPluginManager: Mounting plugin PluginBrowser
LogPluginManager: Mounting plugin SpeedTreeImporter
LogPluginManager: Mounting plugin DatasmithContent
LogPluginManager: Mounting plugin VariantManagerContent
LogPluginManager: Mounting plugin AlembicImporter
LogPluginManager: Mounting plugin AppleImageUtils
LogPluginManager: Mounting plugin AppleVision
LogPluginManager: Mounting plugin BackChannel
LogPluginManager: Mounting plugin CharacterAI
LogPluginManager: Mounting plugin GeometryCache
LogPluginManager: Mounting plugin HTML5Networking
LogPluginManager: Mounting plugin ProxyLODPlugin
LogPluginManager: Mounting plugin MagicLeap
LogPluginManager: Mounting plugin MagicLeapMedia
LogPluginManager: Mounting plugin ProductivityTools
LogPluginManager: Mounting plugin SubsystemConfigurator
LogPluginManager: Mounting plugin AndroidMedia
LogPluginManager: Mounting plugin AvfMedia
LogPluginManager: Mounting plugin ImgMedia
LogPluginManager: Mounting plugin LinearTimecode
LogPluginManager: Mounting plugin MediaCompositing
LogPluginManager: Mounting plugin MediaPlayerEditor
LogPluginManager: Mounting plugin WebMMedia
LogPluginManager: Mounting plugin WmfMedia
LogPluginManager: Mounting plugin TcpMessaging
LogPluginManager: Mounting plugin UdpMessaging
LogPluginManager: Mounting plugin ActorSequence
LogPluginManager: Mounting plugin LevelSequenceEditor
LogPluginManager: Mounting plugin MatineeToLevelSequence
LogPluginManager: Mounting plugin NetcodeUnitTest
LogPluginManager: Mounting plugin NUTUnrealEngine4
LogPluginManager: Mounting plugin OnlineSubsystemGooglePlay
LogPluginManager: Mounting plugin OnlineSubsystemIOS
LogPluginManager: Mounting plugin OnlineSubsystem
LogPluginManager: Mounting plugin OnlineSubsystemNull
LogPluginManager: Mounting plugin OnlineSubsystemSteam
LogPluginManager: Mounting plugin OnlineSubsystemUtils
LogPluginManager: Mounting plugin LauncherChunkInstaller
LogPluginManager: Mounting plugin AndroidDeviceProfileSelector
LogPluginManager: Mounting plugin AndroidMoviePlayer
LogPluginManager: Mounting plugin AndroidPermission
LogPluginManager: Mounting plugin AppleMoviePlayer
LogPluginManager: Mounting plugin ArchVisCharacter
LogPluginManager: Mounting plugin AudioCapture
LogPluginManager: Mounting plugin CableComponent
LogPluginManager: Mounting plugin CustomMeshComponent
LogPluginManager: Mounting plugin EditableMesh
LogPluginManager: Mounting plugin ExampleDeviceProfileSelector
LogPluginManager: Mounting plugin Firebase
LogPluginManager: Mounting plugin GoogleCloudMessaging
LogPluginManager: Mounting plugin IOSDeviceProfileSelector
LogPluginManager: Mounting plugin LinuxDeviceProfileSelector
LogPluginManager: Mounting plugin LocationServicesBPLibrary
LogPluginManager: Mounting plugin MobilePatchingUtils
LogPluginManager: Mounting plugin OculusVR
LogPluginManager: Mounting plugin PhysXVehicles
LogPluginManager: Mounting plugin ProceduralMeshComponent
LogPluginManager: Mounting plugin RuntimePhysXCooking
LogPluginManager: Mounting plugin SteamVR
LogPluginManager: Mounting plugin WebMMoviePlayer
LogPluginManager: Mounting plugin WindowsMoviePlayer
LogStreaming: Display: Took  0.193s to configure plugins.
LogInit: Using libcurl 7.55.1-DEV
LogInit:  - built for x86_64-pc-win32
LogInit:  - supports SSL with OpenSSL/1.0.2h
LogInit:  - supports HTTP deflate (compression) using libz 1.2.8
LogInit:  - other features:
LogInit:      CURL_VERSION_SSL
LogInit:      CURL_VERSION_LIBZ
LogInit:      CURL_VERSION_IPV6
LogInit:      CURL_VERSION_ASYNCHDNS
LogInit:      CURL_VERSION_LARGEFILE
LogInit:      CURL_VERSION_IDN
LogInit:  CurlRequestOptions (configurable via config and command line):
LogInit:  - bVerifyPeer = true  - Libcurl will verify peer certificate
LogInit:  - bUseHttpProxy = false  - Libcurl will NOT use HTTP proxy
LogInit:  - bDontReuseConnections = false  - Libcurl will reuse connections
LogInit:  - MaxHostConnections = 16  - Libcurl will limit the number of connections to a host
LogInit:  - LocalHostAddr = Default
LogInit:  - BufferSize = 65536
LogInit: WinSock: version 1.1 (2.2), MaxSocks=32767, MaxUdp=65467
LogInit: Build: ++UE4+Release-4.21-CL-4753647
LogInit: Engine Version: 4.21.2-4753647+++UE4+Release-4.21
LogInit: Compatible Engine Version: 4.21.0-4541578+++UE4+Release-4.21
LogInit: Net CL: 4541578
LogInit: OS: Windows 10 (), CPU:       Intel(R) Core(TM) i7-3632QM CPU @ 2.20GHz, GPU: Intel(R) HD Graphics 4000
LogInit: Compiled (64-bit): Jan 19 2019 02:07:31
LogInit: Compiled with Visual C++: 19.13.26129.00
LogInit: Build Configuration: Development
LogInit: Branch Name: ++UE4+Release-4.21
LogInit: Command Line: 
LogInit: Base Directory: C:/Program Files/Epic Games/UE_4.21/Engine/Binaries/Win64/
LogInit: Installed Engine Build: 1
LogDevObjectVersion: Number of dev versions registered: 22
LogDevObjectVersion:   Dev-Blueprints (B0D832E4-1F89-4F0D-ACCF-7EB736FD4AA2): 10
LogDevObjectVersion:   Dev-Build (E1C64328-A22C-4D53-A36C-8E866417BD8C): 0
LogDevObjectVersion:   Dev-Core (375EC13C-06E4-48FB-B500-84F0262A717E): 2
LogDevObjectVersion:   Dev-Editor (E4B068ED-F494-42E9-A231-DA0B2E46BB41): 26
LogDevObjectVersion:   Dev-Framework (CFFC743F-43B0-4480-9391-14DF171D2073): 34
LogDevObjectVersion:   Dev-Mobile (B02B49B5-BB20-44E9-A304-32B752E40360): 2
LogDevObjectVersion:   Dev-Networking (A4E4105C-59A1-49B5-A7C5-40C4547EDFEE): 0
LogDevObjectVersion:   Dev-Online (39C831C9-5AE6-47DC-9A44-9C173E1C8E7C): 0
LogDevObjectVersion:   Dev-Physics (78F01B33-EBEA-4F98-B9B4-84EACCB95AA2): 0
LogDevObjectVersion:   Dev-Platform (6631380F-2D4D-43E0-8009-CF276956A95A): 0
LogDevObjectVersion:   Dev-Rendering (12F88B9F-8875-4AFC-A67C-D90C383ABD29): 27
LogDevObjectVersion:   Dev-Sequencer (7B5AE74C-D270-4C10-A958-57980B212A5A): 9
LogDevObjectVersion:   Dev-VR (D7296918-1DD6-4BDD-9DE2-64A83CC13884): 2
LogDevObjectVersion:   Dev-LoadTimes (C2A15278-BFE7-4AFE-6C17-90FF531DF755): 1
LogDevObjectVersion:   Private-Geometry (6EACA3D4-40EC-4CC1-B786-8BED09428FC5): 3
LogDevObjectVersion:   Dev-AnimPhys (29E575DD-E0A3-4627-9D10-D276232CDCEA): 17
LogDevObjectVersion:   Dev-Anim (AF43A65D-7FD3-4947-9873-3E8ED9C1BB05): 2
LogDevObjectVersion:   Dev-ReflectionCapture (6B266CEC-1EC7-4B8F-A30B-E4D90942FC07): 1
LogDevObjectVersion:   Dev-Automation (0DF73D61-A23F-47EA-B727-89E90C41499A): 1
LogDevObjectVersion:   FortniteMain (601D1886-AC64-4F84-AA16-D3DE0DEAC7D6): 17
LogDevObjectVersion:   Dev-Enterprise (9DFFBCD6-494F-0158-E221-12823C92A888): 4
LogDevObjectVersion:   Dev-Niagara (F2AED0AC-9AFE-416F-8664-AA7FFA26D6FC): 1
LogStreaming: Display: Took  0.016s to delete old logs.
LogInit: Presizing for max 8388607 objects, including 0 objects not considered by GC, pre-allocating 0 bytes for permanent pool.
LogInit: Object subsystem initialized
LogConfig: Setting CVar [[con.DebugEarlyDefault:1]]
LogConfig: Setting CVar [[r.setres:1280x720]]
[2019.03.25-11.43.18:170][  0]LogConfig: Setting CVar [[r.VSync:0]]
[2019.03.25-11.43.18:170][  0]LogConfig: Setting CVar [[r.RHICmdBypass:0]]
[2019.03.25-11.43.18:170][  0]LogConfig: Applying CVar settings from Section [/Script/Engine.RendererSettings] File [C:/Users/joey.JOEY-PC/Documents/Unreal Projects/PixelArcade/PixelArcade/Saved/Config/Windows/Engine.ini]
[2019.03.25-11.43.18:170][  0]LogConfig: Setting CVar [[r.GPUCrashDebugging:0]]
[2019.03.25-11.43.18:170][  0]LogConfig: Applying CVar settings from Section [/Script/Engine.RendererOverrideSettings] File [C:/Users/joey.JOEY-PC/Documents/Unreal Projects/PixelArcade/PixelArcade/Saved/Config/Windows/Engine.ini]
[2019.03.25-11.43.18:170][  0]LogConfig: Applying CVar settings from Section [/Script/Engine.StreamingSettings] File [C:/Users/joey.JOEY-PC/Documents/Unreal Projects/PixelArcade/PixelArcade/Saved/Config/Windows/Engine.ini]
[2019.03.25-11.43.18:170][  0]LogConfig: Setting CVar [[s.MinBulkDataSizeForAsyncLoading:131072]]
[2019.03.25-11.43.18:170][  0]LogConfig: Setting CVar [[s.AsyncLoadingThreadEnabled:0]]
[2019.03.25-11.43.18:170][  0]LogConfig: Setting CVar [[s.EventDrivenLoaderEnabled:1]]
[2019.03.25-11.43.18:170][  0]LogConfig: Setting CVar [[s.WarnIfTimeLimitExceeded:0]]
[2019.03.25-11.43.18:170][  0]LogConfig: Setting CVar [[s.TimeLimitExceededMultiplier:1.5]]
[2019.03.25-11.43.18:170][  0]LogConfig: Setting CVar [[s.TimeLimitExceededMinTime:0.005]]
[2019.03.25-11.43.18:170][  0]LogConfig: Setting CVar [[s.UseBackgroundLevelStreaming:1]]
[2019.03.25-11.43.18:170][  0]LogConfig: Setting CVar [[s.PriorityAsyncLoadingExtraTime:15.0]]
[2019.03.25-11.43.18:170][  0]LogConfig: Setting CVar [[s.LevelStreamingActorsUpdateTimeLimit:5.0]]
[2019.03.25-11.43.18:170][  0]LogConfig: Setting CVar [[s.PriorityLevelStreamingActorsUpdateExtraTime:5.0]]
[2019.03.25-11.43.18:170][  0]LogConfig: Setting CVar [[s.LevelStreamingComponentsRegistrationGranularity:10]]
[2019.03.25-11.43.18:170][  0]LogConfig: Setting CVar [[s.UnregisterComponentsTimeLimit:1.0]]
[2019.03.25-11.43.18:170][  0]LogConfig: Setting CVar [[s.LevelStreamingComponentsUnregistrationGranularity:5]]
[2019.03.25-11.43.18:170][  0]LogConfig: Applying CVar settings from Section [/Script/Engine.GarbageCollectionSettings] File [C:/Users/joey.JOEY-PC/Documents/Unreal Projects/PixelArcade/PixelArcade/Saved/Config/Windows/Engine.ini]
[2019.03.25-11.43.18:170][  0]LogConfig: Setting CVar [[gc.MaxObjectsNotConsideredByGC:1]]
[2019.03.25-11.43.18:170][  0]LogConfig: Setting CVar [[gc.SizeOfPermanentObjectPool:0]]
[2019.03.25-11.43.18:170][  0]LogConfig: Setting CVar [[gc.FlushStreamingOnGC:0]]
[2019.03.25-11.43.18:170][  0]LogConfig: Setting CVar [[gc.NumRetriesBeforeForcingGC:10]]
[2019.03.25-11.43.18:170][  0]LogConfig: Setting CVar [[gc.AllowParallelGC:1]]
[2019.03.25-11.43.18:170][  0]LogConfig: Setting CVar [[gc.TimeBetweenPurgingPendingKillObjects:61.1]]
[2019.03.25-11.43.18:170][  0]LogConfig: Setting CVar [[gc.MaxObjectsInEditor:8388607]]
[2019.03.25-11.43.18:170][  0]LogConfig: Setting CVar [[gc.IncrementalBeginDestroyEnabled:1]]
[2019.03.25-11.43.18:170][  0]LogConfig: Setting CVar [[gc.CreateGCClusters:1]]
[2019.03.25-11.43.18:171][  0]LogConfig: Setting CVar [[gc.MergeGCClusters:0]]
[2019.03.25-11.43.18:171][  0]LogConfig: Setting CVar [[gc.MinGCClusterSize:5]]
[2019.03.25-11.43.18:171][  0]LogConfig: Setting CVar [[gc.ActorClusteringEnabled:0]]
[2019.03.25-11.43.18:171][  0]LogConfig: Setting CVar [[gc.BlueprintClusteringEnabled:0]]
[2019.03.25-11.43.18:171][  0]LogConfig: Setting CVar [[gc.UseDisregardForGCOnDedicatedServers:0]]
[2019.03.25-11.43.18:171][  0]LogConfig: Applying CVar settings from Section [/Script/Engine.NetworkSettings] File [C:/Users/joey.JOEY-PC/Documents/Unreal Projects/PixelArcade/PixelArcade/Saved/Config/Windows/Engine.ini]
[2019.03.25-11.43.18:171][  0]LogConfig: Applying CVar settings from Section [/Script/UnrealEd.CookerSettings] File [C:/Users/joey.JOEY-PC/Documents/Unreal Projects/PixelArcade/PixelArcade/Saved/Config/Windows/Engine.ini]
[2019.03.25-11.43.18:178][  0]LogConfig: Applying CVar settings from Section [ViewDistanceQuality@3] File [C:/Users/joey.JOEY-PC/Documents/Unreal Projects/PixelArcade/PixelArcade/Saved/Config/Windows/Scalability.ini]
[2019.03.25-11.43.18:178][  0]LogConfig: Setting CVar [[r.SkeletalMeshLODBias:0]]
[2019.03.25-11.43.18:178][  0]LogConfig: Setting CVar [[r.ViewDistanceScale:1.0]]
[2019.03.25-11.43.18:178][  0]LogConfig: Applying CVar settings from Section [AntiAliasingQuality@3] File [C:/Users/joey.JOEY-PC/Documents/Unreal Projects/PixelArcade/PixelArcade/Saved/Config/Windows/Scalability.ini]
[2019.03.25-11.43.18:178][  0]LogConfig: Setting CVar [[r.PostProcessAAQuality:4]]
[2019.03.25-11.43.18:178][  0]LogConfig: Applying CVar settings from Section [ShadowQuality@3] File [C:/Users/joey.JOEY-PC/Documents/Unreal Projects/PixelArcade/PixelArcade/Saved/Config/Windows/Scalability.ini]
[2019.03.25-11.43.18:178][  0]LogConfig: Setting CVar [[r.LightFunctionQuality:1]]
[2019.03.25-11.43.18:178][  0]LogConfig: Setting CVar [[r.ShadowQuality:5]]
[2019.03.25-11.43.18:179][  0]LogConfig: Setting CVar [[r.Shadow.CSM.MaxCascades:10]]
[2019.03.25-11.43.18:179][  0]LogConfig: Setting CVar [[r.Shadow.MaxResolution:2048]]
[2019.03.25-11.43.18:179][  0]LogConfig: Setting CVar [[r.Shadow.MaxCSMResolution:2048]]
[2019.03.25-11.43.18:179][  0]LogConfig: Setting CVar [[r.Shadow.RadiusThreshold:0.01]]
[2019.03.25-11.43.18:179][  0]LogConfig: Setting CVar [[r.Shadow.DistanceScale:1.0]]
[2019.03.25-11.43.18:179][  0]LogConfig: Setting CVar [[r.Shadow.CSM.TransitionScale:1.0]]
[2019.03.25-11.43.18:179][  0]LogConfig: Setting CVar [[r.Shadow.PreShadowResolutionFactor:1.0]]
[2019.03.25-11.43.18:179][  0]LogConfig: Setting CVar [[r.DistanceFieldShadowing:1]]
[2019.03.25-11.43.18:179][  0]LogConfig: Setting CVar [[r.DistanceFieldAO:1]]
[2019.03.25-11.43.18:179][  0]LogConfig: Setting CVar [[r.AOQuality:2]]
[2019.03.25-11.43.18:179][  0]LogConfig: Setting CVar [[r.VolumetricFog:1]]
[2019.03.25-11.43.18:179][  0]LogConfig: Setting CVar [[r.VolumetricFog.GridPixelSize:8]]
[2019.03.25-11.43.18:179][  0]LogConfig: Setting CVar [[r.VolumetricFog.GridSizeZ:128]]
[2019.03.25-11.43.18:179][  0]LogConfig: Setting CVar [[r.VolumetricFog.HistoryMissSupersampleCount:4]]
[2019.03.25-11.43.18:179][  0]LogConfig: Setting CVar [[r.LightMaxDrawDistanceScale:1]]
[2019.03.25-11.43.18:179][  0]LogConfig: Setting CVar [[r.CapsuleShadows:1]]
[2019.03.25-11.43.18:179][  0]LogConfig: Applying CVar settings from Section [PostProcessQuality@3] File [C:/Users/joey.JOEY-PC/Documents/Unreal Projects/PixelArcade/PixelArcade/Saved/Config/Windows/Scalability.ini]
[2019.03.25-11.43.18:179][  0]LogConfig: Setting CVar [[r.MotionBlurQuality:4]]
[2019.03.25-11.43.18:179][  0]LogConfig: Setting CVar [[r.AmbientOcclusionMipLevelFactor:0.4]]
[2019.03.25-11.43.18:179][  0]LogConfig: Setting CVar [[r.AmbientOcclusionMaxQuality:100]]
[2019.03.25-11.43.18:179][  0]LogConfig: Setting CVar [[r.AmbientOcclusionLevels:-1]]
[2019.03.25-11.43.18:179][  0]LogConfig: Setting CVar [[r.AmbientOcclusionRadiusScale:1.0]]
[2019.03.25-11.43.18:179][  0]LogConfig: Setting CVar [[r.DepthOfFieldQuality:2]]
[2019.03.25-11.43.18:179][  0]LogConfig: Setting CVar [[r.RenderTargetPoolMin:400]]
[2019.03.25-11.43.18:179][  0]LogConfig: Setting CVar [[r.LensFlareQuality:2]]
[2019.03.25-11.43.18:179][  0]LogConfig: Setting CVar [[r.SceneColorFringeQuality:1]]
[2019.03.25-11.43.18:179][  0]LogConfig: Setting CVar [[r.EyeAdaptationQuality:2]]
[2019.03.25-11.43.18:179][  0]LogConfig: Setting CVar [[r.BloomQuality:5]]
[2019.03.25-11.43.18:179][  0]LogConfig: Setting CVar [[r.FastBlurThreshold:100]]
[2019.03.25-11.43.18:179][  0]LogConfig: Setting CVar [[r.Upscale.Quality:3]]
[2019.03.25-11.43.18:179][  0]LogConfig: Setting CVar [[r.Tonemapper.GrainQuantization:1]]
[2019.03.25-11.43.18:179][  0]LogConfig: Setting CVar [[r.LightShaftQuality:1]]
[2019.03.25-11.43.18:179][  0]LogConfig: Setting CVar [[r.Filter.SizeScale:1]]
[2019.03.25-11.43.18:179][  0]LogConfig: Setting CVar [[r.Tonemapper.Quality:5]]
[2019.03.25-11.43.18:179][  0]LogConfig: Setting CVar [[r.DOF.Gather.AccumulatorQuality:1        ; higher gathering accumulator quality]]
[2019.03.25-11.43.18:179][  0]LogConfig: Setting CVar [[r.DOF.Gather.PostfilterMethod:1          ; Median3x3 postfilering method]]
[2019.03.25-11.43.18:179][  0]LogConfig: Setting CVar [[r.DOF.Gather.EnableBokehSettings:0       ; no bokeh simulation when gathering]]
[2019.03.25-11.43.18:179][  0]LogConfig: Setting CVar [[r.DOF.Gather.RingCount:4                 ; medium number of samples when gathering]]
[2019.03.25-11.43.18:179][  0]LogConfig: Setting CVar [[r.DOF.Scatter.ForegroundCompositing:1    ; additive foreground scattering]]
[2019.03.25-11.43.18:179][  0]LogConfig: Setting CVar [[r.DOF.Scatter.BackgroundCompositing:2    ; additive background scattering]]
[2019.03.25-11.43.18:179][  0]LogConfig: Setting CVar [[r.DOF.Scatter.EnableBokehSettings:1      ; bokeh simulation when scattering]]
[2019.03.25-11.43.18:179][  0]LogConfig: Setting CVar [[r.DOF.Scatter.MaxSpriteRatio:0.1         ; only a maximum of 10% of scattered bokeh]]
[2019.03.25-11.43.18:179][  0]LogConfig: Setting CVar [[r.DOF.Recombine.Quality:1                ; cheap slight out of focus]]
[2019.03.25-11.43.18:179][  0]LogConfig: Setting CVar [[r.DOF.Recombine.EnableBokehSettings:0    ; no bokeh simulation on slight out of focus]]
[2019.03.25-11.43.18:179][  0]LogConfig: Setting CVar [[r.DOF.TemporalAAQuality:1                ; more stable temporal accumulation]]
[2019.03.25-11.43.18:179][  0]LogConfig: Setting CVar [[r.DOF.Kernel.MaxForegroundRadius:0.025]]
[2019.03.25-11.43.18:179][  0]LogConfig: Setting CVar [[r.DOF.Kernel.MaxBackgroundRadius:0.025]]
[2019.03.25-11.43.18:179][  0]LogConfig: Applying CVar settings from Section [TextureQuality@3] File [C:/Users/joey.JOEY-PC/Documents/Unreal Projects/PixelArcade/PixelArcade/Saved/Config/Windows/Scalability.ini]
[2019.03.25-11.43.18:179][  0]LogConfig: Setting CVar [[r.Streaming.MipBias:0]]
[2019.03.25-11.43.18:180][  0]LogConfig: Setting CVar [[r.Streaming.AmortizeCPUToGPUCopy:0]]
[2019.03.25-11.43.18:180][  0]LogConfig: Setting CVar [[r.Streaming.MaxNumTexturesToStreamPerFrame:0]]
[2019.03.25-11.43.18:180][  0]LogConfig: Setting CVar [[r.Streaming.Boost:1]]
[2019.03.25-11.43.18:180][  0]LogConfig: Setting CVar [[r.MaxAnisotropy:8]]
[2019.03.25-11.43.18:180][  0]LogConfig: Setting CVar [[r.Streaming.LimitPoolSizeToVRAM:0]]
[2019.03.25-11.43.18:180][  0]LogConfig: Setting CVar [[r.Streaming.PoolSize:1000]]
[2019.03.25-11.43.18:180][  0]LogConfig: Setting CVar [[r.Streaming.MaxEffectiveScreenSize:0]]
[2019.03.25-11.43.18:180][  0]LogConfig: Applying CVar settings from Section [EffectsQuality@3] File [C:/Users/joey.JOEY-PC/Documents/Unreal Projects/PixelArcade/PixelArcade/Saved/Config/Windows/Scalability.ini]
[2019.03.25-11.43.18:180][  0]LogConfig: Setting CVar [[r.TranslucencyLightingVolumeDim:64]]
[2019.03.25-11.43.18:180][  0]LogConfig: Setting CVar [[r.RefractionQuality:2]]
[2019.03.25-11.43.18:180][  0]LogConfig: Setting CVar [[r.SSR.Quality:3]]
[2019.03.25-11.43.18:180][  0]LogConfig: Setting CVar [[r.SceneColorFormat:4]]
[2019.03.25-11.43.18:180][  0]LogConfig: Setting CVar [[r.DetailMode:2]]
[2019.03.25-11.43.18:180][  0]LogConfig: Setting CVar [[r.TranslucencyVolumeBlur:1]]
[2019.03.25-11.43.18:180][  0]LogConfig: Setting CVar [[r.MaterialQualityLevel:1 ; High quality]]
[2019.03.25-11.43.18:180][  0]LogConfig: Setting CVar [[r.SSS.Scale:1]]
[2019.03.25-11.43.18:180][  0]LogConfig: Setting CVar [[r.SSS.SampleSet:2]]
[2019.03.25-11.43.18:180][  0]LogConfig: Setting CVar [[r.SSS.Quality:1]]
[2019.03.25-11.43.18:180][  0]LogConfig: Setting CVar [[r.SSS.HalfRes:1]]
[2019.03.25-11.43.18:180][  0]LogConfig: Setting CVar [[r.EmitterSpawnRateScale:1.0]]
[2019.03.25-11.43.18:180][  0]LogConfig: Setting CVar [[r.ParticleLightQuality:2]]
[2019.03.25-11.43.18:180][  0]LogConfig: Applying CVar settings from Section [FoliageQuality@3] File [C:/Users/joey.JOEY-PC/Documents/Unreal Projects/PixelArcade/PixelArcade/Saved/Config/Windows/Scalability.ini]
[2019.03.25-11.43.18:180][  0]LogConfig: Setting CVar [[foliage.DensityScale:1.0]]
[2019.03.25-11.43.18:180][  0]LogConfig: Setting CVar [[grass.DensityScale:1.0]]
[2019.03.25-11.43.18:181][  0]LogInit: Selected Device Profile: [Windows]
[2019.03.25-11.43.18:181][  0]LogInit: Applying CVar settings loaded from the selected device profile: [Windows]
[2019.03.25-11.43.18:213][  0]LogHAL: Display: Platform has ~ 8 GB [8452411392 / 8589934592 / 8], which maps to Default [LargestMinGB=32, LargerMinGB=12, DefaultMinGB=8, SmallerMinGB=6, SmallestMinGB=0)
[2019.03.25-11.43.18:215][  0]LogConfig: Setting CVar [[r.Vulkan.UseRealUBs:1]]
[2019.03.25-11.43.18:215][  0]LogInit: Going up to parent DeviceProfile []
[2019.03.25-11.43.18:215][  0]LogConfig: Applying CVar settings from Section [ViewDistanceQuality@0] File [C:/Users/joey.JOEY-PC/Documents/Unreal Projects/PixelArcade/PixelArcade/Saved/Config/Windows/Scalability.ini]
[2019.03.25-11.43.18:215][  0]LogConfig: Setting CVar [[r.SkeletalMeshLODBias:2]]
[2019.03.25-11.43.18:215][  0]LogConfig: Setting CVar [[r.ViewDistanceScale:0.4]]
[2019.03.25-11.43.18:215][  0]LogConfig: Applying CVar settings from Section [AntiAliasingQuality@0] File [C:/Users/joey.JOEY-PC/Documents/Unreal Projects/PixelArcade/PixelArcade/Saved/Config/Windows/Scalability.ini]
[2019.03.25-11.43.18:215][  0]LogConfig: Setting CVar [[r.PostProcessAAQuality:0]]
[2019.03.25-11.43.18:215][  0]LogConfig: Applying CVar settings from Section [ShadowQuality@0] File [C:/Users/joey.JOEY-PC/Documents/Unreal Projects/PixelArcade/PixelArcade/Saved/Config/Windows/Scalability.ini]
[2019.03.25-11.43.18:215][  0]LogConfig: Setting CVar [[r.LightFunctionQuality:0]]
[2019.03.25-11.43.18:215][  0]LogConfig: Setting CVar [[r.ShadowQuality:0]]
[2019.03.25-11.43.18:215][  0]LogConfig: Setting CVar [[r.Shadow.CSM.MaxCascades:1]]
[2019.03.25-11.43.18:215][  0]LogConfig: Setting CVar [[r.Shadow.MaxResolution:512]]
[2019.03.25-11.43.18:215][  0]LogConfig: Setting CVar [[r.Shadow.MaxCSMResolution:512]]
[2019.03.25-11.43.18:215][  0]LogConfig: Setting CVar [[r.Shadow.RadiusThreshold:0.06]]
[2019.03.25-11.43.18:215][  0]LogConfig: Setting CVar [[r.Shadow.DistanceScale:0.6]]
[2019.03.25-11.43.18:215][  0]LogConfig: Setting CVar [[r.Shadow.CSM.TransitionScale:0]]
[2019.03.25-11.43.18:215][  0]LogConfig: Setting CVar [[r.Shadow.PreShadowResolutionFactor:0.5]]
[2019.03.25-11.43.18:215][  0]LogConfig: Setting CVar [[r.DistanceFieldShadowing:0]]
[2019.03.25-11.43.18:215][  0]LogConfig: Setting CVar [[r.DistanceFieldAO:0]]
[2019.03.25-11.43.18:215][  0]LogConfig: Setting CVar [[r.VolumetricFog:0]]
[2019.03.25-11.43.18:215][  0]LogConfig: Setting CVar [[r.LightMaxDrawDistanceScale:0]]
[2019.03.25-11.43.18:215][  0]LogConfig: Setting CVar [[r.CapsuleShadows:0]]
[2019.03.25-11.43.18:216][  0]LogConfig: Applying CVar settings from Section [PostProcessQuality@0] File [C:/Users/joey.JOEY-PC/Documents/Unreal Projects/PixelArcade/PixelArcade/Saved/Config/Windows/Scalability.ini]
[2019.03.25-11.43.18:216][  0]LogConfig: Setting CVar [[r.MotionBlurQuality:0]]
[2019.03.25-11.43.18:216][  0]LogConfig: Setting CVar [[r.AmbientOcclusionMipLevelFactor:1.0]]
[2019.03.25-11.43.18:216][  0]LogConfig: Setting CVar [[r.AmbientOcclusionMaxQuality:0]]
[2019.03.25-11.43.18:216][  0]LogConfig: Setting CVar [[r.AmbientOcclusionLevels:0]]
[2019.03.25-11.43.18:216][  0]LogConfig: Setting CVar [[r.AmbientOcclusionRadiusScale:1.2]]
[2019.03.25-11.43.18:216][  0]LogConfig: Setting CVar [[r.DepthOfFieldQuality:0]]
[2019.03.25-11.43.18:216][  0]LogConfig: Setting CVar [[r.RenderTargetPoolMin:300]]
[2019.03.25-11.43.18:216][  0]LogConfig: Setting CVar [[r.LensFlareQuality:0]]
[2019.03.25-11.43.18:216][  0]LogConfig: Setting CVar [[r.SceneColorFringeQuality:0]]
[2019.03.25-11.43.18:216][  0]LogConfig: Setting CVar [[r.EyeAdaptationQuality:0]]
[2019.03.25-11.43.18:216][  0]LogConfig: Setting CVar [[r.BloomQuality:4]]
[2019.03.25-11.43.18:216][  0]LogConfig: Setting CVar [[r.FastBlurThreshold:0]]
[2019.03.25-11.43.18:216][  0]LogConfig: Setting CVar [[r.Upscale.Quality:1]]
[2019.03.25-11.43.18:216][  0]LogConfig: Setting CVar [[r.Tonemapper.GrainQuantization:0]]
[2019.03.25-11.43.18:216][  0]LogConfig: Setting CVar [[r.LightShaftQuality:0]]
[2019.03.25-11.43.18:216][  0]LogConfig: Setting CVar [[r.Filter.SizeScale:0.6]]
[2019.03.25-11.43.18:216][  0]LogConfig: Setting CVar [[r.Tonemapper.Quality:0]]
[2019.03.25-11.43.18:216][  0]LogConfig: Applying CVar settings from Section [TextureQuality@0] File [C:/Users/joey.JOEY-PC/Documents/Unreal Projects/PixelArcade/PixelArcade/Saved/Config/Windows/Scalability.ini]
[2019.03.25-11.43.18:216][  0]LogConfig: Setting CVar [[r.Streaming.MipBias:16]]
[2019.03.25-11.43.18:216][  0]LogConfig: Setting CVar [[r.Streaming.AmortizeCPUToGPUCopy:1]]
[2019.03.25-11.43.18:216][  0]LogConfig: Setting CVar [[r.Streaming.MaxNumTexturesToStreamPerFrame:1]]
[2019.03.25-11.43.18:216][  0]LogConfig: Setting CVar [[r.Streaming.Boost:0.3]]
[2019.03.25-11.43.18:216][  0]LogConfig: Setting CVar [[r.MaxAnisotropy:0]]
[2019.03.25-11.43.18:216][  0]LogConfig: Setting CVar [[r.Streaming.LimitPoolSizeToVRAM:1]]
[2019.03.25-11.43.18:216][  0]LogConfig: Setting CVar [[r.Streaming.PoolSize:400]]
[2019.03.25-11.43.18:216][  0]LogConfig: Setting CVar [[r.Streaming.MaxEffectiveScreenSize:0]]
[2019.03.25-11.43.18:217][  0]LogConfig: Applying CVar settings from Section [EffectsQuality@0] File [C:/Users/joey.JOEY-PC/Documents/Unreal Projects/PixelArcade/PixelArcade/Saved/Config/Windows/Scalability.ini]
[2019.03.25-11.43.18:217][  0]LogConfig: Setting CVar [[r.TranslucencyLightingVolumeDim:24]]
[2019.03.25-11.43.18:217][  0]LogConfig: Setting CVar [[r.RefractionQuality:0]]
[2019.03.25-11.43.18:217][  0]LogConfig: Setting CVar [[r.SSR.Quality:0]]
[2019.03.25-11.43.18:217][  0]LogConfig: Setting CVar [[r.SceneColorFormat:3]]
[2019.03.25-11.43.18:217][  0]LogConfig: Setting CVar [[r.DetailMode:0]]
[2019.03.25-11.43.18:217][  0]LogConfig: Setting CVar [[r.TranslucencyVolumeBlur:0]]
[2019.03.25-11.43.18:217][  0]LogConfig: Setting CVar [[r.MaterialQualityLevel:0 ; Low quality]]
[2019.03.25-11.43.18:217][  0]LogConfig: Setting CVar [[r.SSS.Scale:0]]
[2019.03.25-11.43.18:217][  0]LogConfig: Setting CVar [[r.SSS.SampleSet:0]]
[2019.03.25-11.43.18:217][  0]LogConfig: Setting CVar [[r.SSS.Quality:0]]
[2019.03.25-11.43.18:217][  0]LogConfig: Setting CVar [[r.SSS.HalfRes:1]]
[2019.03.25-11.43.18:217][  0]LogConfig: Setting CVar [[r.EmitterSpawnRateScale:0.125]]
[2019.03.25-11.43.18:217][  0]LogConfig: Setting CVar [[r.ParticleLightQuality:0]]
[2019.03.25-11.43.18:217][  0]LogConfig: Applying CVar settings from Section [FoliageQuality@0] File [C:/Users/joey.JOEY-PC/Documents/Unreal Projects/PixelArcade/PixelArcade/Saved/Config/Windows/Scalability.ini]
[2019.03.25-11.43.18:217][  0]LogConfig: Setting CVar [[foliage.DensityScale:0]]
[2019.03.25-11.43.18:217][  0]LogConfig: Setting CVar [[grass.DensityScale:0]]
[2019.03.25-11.43.18:217][  0]LogConfig: Applying CVar settings from Section [Startup] File [../../../Engine/Config/ConsoleVariables.ini]
[2019.03.25-11.43.18:220][  0]LogConfig: Setting CVar [[net.UseAdaptiveNetUpdateFrequency:0]]
[2019.03.25-11.43.18:220][  0]LogConfig: Applying CVar settings from Section [ConsoleVariables] File [C:/Users/joey.JOEY-PC/Documents/Unreal Projects/PixelArcade/PixelArcade/Saved/Config/Windows/Engine.ini]
[2019.03.25-11.43.18:223][  0]LogInit: Computer: JOEY-PC
[2019.03.25-11.43.18:223][  0]LogInit: User: joey
[2019.03.25-11.43.18:223][  0]LogInit: CPU Page size=4096, Cores=4
[2019.03.25-11.43.18:223][  0]LogInit: High frequency timer resolution =10.000000 MHz
[2019.03.25-11.43.18:223][  0]LogMemory: Memory total: Physical=7.9GB (8GB approx)
[2019.03.25-11.43.18:223][  0]LogMemory: Platform Memory Stats for Windows
[2019.03.25-11.43.18:223][  0]LogMemory: Process Physical Memory: 103.98 MB used, 103.99 MB peak
[2019.03.25-11.43.18:223][  0]LogMemory: Process Virtual Memory: 90.59 MB used, 90.59 MB peak
[2019.03.25-11.43.18:223][  0]LogMemory: Physical Memory: 4386.44 MB used,  3674.41 MB free, 8060.85 MB total
[2019.03.25-11.43.18:223][  0]LogMemory: Virtual Memory: 4649.95 MB used,  134213080.00 MB free, 134217728.00 MB total
[2019.03.25-11.43.18:490][  0]LogInit: Using OS detected language (en-US).
[2019.03.25-11.43.18:490][  0]LogInit: Using OS detected locale (en-US).
[2019.03.25-11.43.18:493][  0]LogTextLocalizationManager: No specific localization for 'en-US' exists, so the 'en' localization will be used.
[2019.03.25-11.43.19:276][  0]LogStreaming: Display: Took  0.787s to InitEngineTextLocalization.
[2019.03.25-11.43.19:277][  0]LogInit: Setting process to per monitor DPI aware
[2019.03.25-11.43.19:406][  0]LogSlate: New Slate User Created.  User Index 0, Is Virtual User: 0
[2019.03.25-11.43.19:406][  0]LogSlate: Slate User Registered.  User Index 0, Is Virtual User: 0
[2019.03.25-11.43.22:055][  0]LogHMD: Failed to initialize OpenVR with code 110
[2019.03.25-11.43.22:055][  0]LogD3D11RHI: D3D11 adapters:
[2019.03.25-11.43.22:097][  0]LogD3D11RHI:    0. 'NVIDIA GeForce GT 635M' (Feature Level 11_0)
[2019.03.25-11.43.22:097][  0]LogD3D11RHI:       1999/0/4030 MB DedicatedVideo/DedicatedSystem/SharedSystem, Outputs:1, VendorId:0x10de
[2019.03.25-11.43.22:103][  0]LogD3D11RHI:    1. 'Intel(R) HD Graphics 4000' (Feature Level 11_0)
[2019.03.25-11.43.22:103][  0]LogD3D11RHI:       32/0/1760 MB DedicatedVideo/DedicatedSystem/SharedSystem, Outputs:0, VendorId:0x8086
[2019.03.25-11.43.22:106][  0]LogD3D11RHI:    2. 'Microsoft Basic Render Driver' (Feature Level 11_0)
[2019.03.25-11.43.22:106][  0]LogD3D11RHI:       0/0/4030 MB DedicatedVideo/DedicatedSystem/SharedSystem, Outputs:0, VendorId:0x1414
[2019.03.25-11.43.22:106][  0]LogD3D11RHI: Chosen D3D11 Adapter: 0
[2019.03.25-11.43.22:152][  0]LogD3D11RHI: Creating new Direct3DDevice
[2019.03.25-11.43.22:152][  0]LogD3D11RHI:     GPU DeviceId: 0xde3 (for the marketing name, search the web for "GPU Device Id")
[2019.03.25-11.43.22:152][  0]LogWindows: EnumDisplayDevices:
[2019.03.25-11.43.22:152][  0]LogWindows:    0. 'Intel(R) HD Graphics 4000' (P:1 D:1)
[2019.03.25-11.43.22:153][  0]LogWindows:    1. 'Intel(R) HD Graphics 4000' (P:0 D:0)
[2019.03.25-11.43.22:154][  0]LogWindows:    2. 'Intel(R) HD Graphics 4000' (P:0 D:0)
[2019.03.25-11.43.22:154][  0]LogWindows:    3. 'NVIDIA GeForce GT 635M' (P:0 D:0)
[2019.03.25-11.43.22:154][  0]LogWindows: DebugString: PrimaryIsNotTheChoosenAdapter PrimaryIsNotTheChoosenAdapter PrimaryIsNotTheChoosenAdapter 
[2019.03.25-11.43.22:154][  0]LogD3D11RHI:     Adapter Name: NVIDIA GeForce GT 635M
[2019.03.25-11.43.22:155][  0]LogD3D11RHI:   Driver Version: 376.54 (internal:21.21.13.7654, unified:376.54)
[2019.03.25-11.43.22:155][  0]LogD3D11RHI:      Driver Date: 12-29-2016
[2019.03.25-11.43.22:155][  0]LogRHI: Texture pool is 1399 MB (70% of 1999 MB)
[2019.03.25-11.43.22:188][  0]LogD3D11RHI: Display: Timestamp queries are currently disabled on this hardware due to instability. Realtime GPU stats will not be available. You can override this behaviour by setting r.NVIDIATimestampWorkaround to 0
[2019.03.25-11.43.22:191][  0]LogD3D11RHI: Async texture creation enabled
[2019.03.25-11.43.22:229][  0]LogD3D11RHI: GPU Timing Frequency: 1000.000000 (Debug: 2 1)
[2019.03.25-11.43.22:930][  0]LogTemp: Display: Loaded TP AllDesktopTargetPlatform
[2019.03.25-11.43.22:952][  0]LogTemp: Display: Loaded TP MacClientTargetPlatform
[2019.03.25-11.43.22:976][  0]LogTemp: Display: Loaded TP MacNoEditorTargetPlatform
[2019.03.25-11.43.22:998][  0]LogTemp: Display: Loaded TP MacServerTargetPlatform
[2019.03.25-11.43.23:040][  0]LogTemp: Display: Loaded TP MacTargetPlatform
[2019.03.25-11.43.23:064][  0]LogTemp: Display: Loaded TP WindowsClientTargetPlatform
[2019.03.25-11.43.23:086][  0]LogTemp: Display: Loaded TP WindowsNoEditorTargetPlatform
[2019.03.25-11.43.23:115][  0]LogTemp: Display: Loaded TP WindowsServerTargetPlatform
[2019.03.25-11.43.23:128][  0]LogTemp: Display: Loaded TP WindowsTargetPlatform
[2019.03.25-11.43.23:270][  0]LogTemp: Display: Loaded TP AndroidTargetPlatform
[2019.03.25-11.43.23:270][  0]LogTemp: Display: Loaded TP AndroidTargetPlatform
[2019.03.25-11.43.23:270][  0]LogTemp: Display: Loaded TP AndroidTargetPlatform
[2019.03.25-11.43.23:270][  0]LogTemp: Display: Loaded TP AndroidTargetPlatform
[2019.03.25-11.43.23:270][  0]LogTemp: Display: Loaded TP AndroidTargetPlatform
[2019.03.25-11.43.23:270][  0]LogTemp: Display: Loaded TP AndroidTargetPlatform
[2019.03.25-11.43.23:270][  0]LogTemp: Display: Loaded TP AndroidTargetPlatform
[2019.03.25-11.43.23:270][  0]LogTemp: Display: Loaded TP AndroidTargetPlatform
[2019.03.25-11.43.23:270][  0]LogTemp: Display: Loaded TP AndroidTargetPlatform
[2019.03.25-11.43.23:270][  0]LogTemp: Display: Loaded TP AndroidTargetPlatform
[2019.03.25-11.43.23:270][  0]LogTemp: Display: Loaded TP AndroidTargetPlatform
[2019.03.25-11.43.23:270][  0]LogTemp: Display: Loaded TP AndroidTargetPlatform
[2019.03.25-11.43.23:270][  0]LogTemp: Display: Loaded TP AndroidTargetPlatform
[2019.03.25-11.43.23:270][  0]LogTemp: Display: Loaded TP AndroidTargetPlatform
[2019.03.25-11.43.23:270][  0]LogTemp: Display: Loaded TP AndroidTargetPlatform
[2019.03.25-11.43.23:270][  0]LogTemp: Display: Loaded TP AndroidTargetPlatform
[2019.03.25-11.43.23:270][  0]LogTemp: Display: Loaded TP AndroidTargetPlatform
[2019.03.25-11.43.23:270][  0]LogTemp: Display: Loaded TP AndroidTargetPlatform
[2019.03.25-11.43.23:276][  0]LogTemp: Display: Loaded TP HTML5TargetPlatform
[2019.03.25-11.43.23:365][  0]LogTemp: Display: Loaded TP IOSTargetPlatform
[2019.03.25-11.43.23:365][  0]LogTemp: Display: Loaded TP IOSTargetPlatform
[2019.03.25-11.43.23:403][  0]LogTemp: Display: Loaded TP TVOSTargetPlatform
[2019.03.25-11.43.23:403][  0]LogTemp: Display: Loaded TP TVOSTargetPlatform
[2019.03.25-11.43.23:427][  0]LogTemp: Display: Loaded TP LinuxClientTargetPlatform
[2019.03.25-11.43.23:455][  0]LogTemp: Display: Loaded TP LinuxNoEditorTargetPlatform
[2019.03.25-11.43.23:482][  0]LogTemp: Display: Loaded TP LinuxServerTargetPlatform
[2019.03.25-11.43.23:511][  0]LogTemp: Display: Loaded TP LinuxTargetPlatform
[2019.03.25-11.43.23:594][  0]LogTemp: Display: Loaded TP LuminTargetPlatform
[2019.03.25-11.43.23:594][  0]LogTemp: Display: Loaded TP LuminTargetPlatform
[2019.03.25-11.43.23:594][  0]LogTargetPlatformManager: Display: Building Assets For Windows
[2019.03.25-11.43.23:846][  0]LogShaderCompilers: Guid format shader working directory is -33 characters bigger than the processId version (../../../../../../Users/joey.JOEY-PC/Documents/Unreal Projects/PixelArcade/PixelArcade/Intermediate/Shaders/WorkingDirectory/2624/).
[2019.03.25-11.43.23:847][  0]LogShaderCompilers: Cleaned the shader compiler working directory 'C:/Users/joey.JOEY-PC/AppData/Local/Temp/UnrealShaderWorkingDir/C238124445659E7756AF789BBF7796B4/'.
[2019.03.25-11.43.23:852][  0]LogXGEController: Cleaning working directory: C:/Users/joey.JOEY-PC/AppData/Local/Temp/UnrealXGEWorkingDir/
[2019.03.25-11.43.23:853][  0]LogXGEController: Cannot use XGE Controller as Incredibuild is not installed on this machine.
[2019.03.25-11.43.23:853][  0]LogShaderCompilers: Cannot use XGE Shader Compiler as Incredibuild is not installed on this machine.
[2019.03.25-11.43.23:853][  0]LogShaderCompilers: Display: Using Local Shader Compiler.
[2019.03.25-11.43.26:234][  0]LogDerivedDataCache: Display: Max Cache Size: 512 MB
[2019.03.25-11.43.26:436][  0]LogDerivedDataCache: Loaded boot cache 0.20s 71MB C:/Users/joey.JOEY-PC/AppData/Local/UnrealEngine/4.21/DerivedDataCache/Boot.ddc.
[2019.03.25-11.43.26:436][  0]LogDerivedDataCache: Display: Loaded Boot cache: C:/Users/joey.JOEY-PC/AppData/Local/UnrealEngine/4.21/DerivedDataCache/Boot.ddc
[2019.03.25-11.43.26:436][  0]LogDerivedDataCache: FDerivedDataBackendGraph:  Pak pak cache file ../../../../../../Users/joey.JOEY-PC/Documents/Unreal Projects/PixelArcade/PixelArcade/DerivedDataCache/DDC.ddp not found, will not use a pak cache.
[2019.03.25-11.43.26:436][  0]LogDerivedDataCache: Unable to find inner node Pak for hierarchical cache Hierarchy.
[2019.03.25-11.43.26:436][  0]LogDerivedDataCache: FDerivedDataBackendGraph:  CompressedPak pak cache file ../../../../../../Users/joey.JOEY-PC/Documents/Unreal Projects/PixelArcade/PixelArcade/DerivedDataCache/Compressed.ddp not found, will not use a pak cache.
[2019.03.25-11.43.26:436][  0]LogDerivedDataCache: Unable to find inner node CompressedPak for hierarchical cache Hierarchy.
[2019.03.25-11.43.26:466][  0]LogDerivedDataCache: Display: Pak cache opened for reading ../../../Engine/DerivedDataCache/Compressed.ddp.
[2019.03.25-11.43.26:466][  0]LogDerivedDataCache: FDerivedDataBackendGraph:  EnterprisePak pak cache file ../../../Enterprise/DerivedDataCache/Compressed.ddp not found, will not use a pak cache.
[2019.03.25-11.43.26:466][  0]LogDerivedDataCache: Unable to find inner node EnterprisePak for hierarchical cache Hierarchy.
[2019.03.25-11.43.26:479][  0]LogDerivedDataCache: Using Local data cache path C:/Users/joey.JOEY-PC/AppData/Local/UnrealEngine/Common/DerivedDataCache: Writable
[2019.03.25-11.43.26:479][  0]LogDerivedDataCache: Shared data cache path not found in *engine.ini, will not use an Shared cache.
[2019.03.25-11.43.26:479][  0]LogDerivedDataCache: Unable to find inner node Shared for hierarchical cache Hierarchy.
[2019.03.25-11.43.26:518][  0]LogMaterial: Verifying Global Shaders for PCD3D_SM5
[2019.03.25-11.43.26:526][  0]LogSlate: Using FreeType 2.6.0
[2019.03.25-11.43.26:539][  0]LogSlate: SlateFontServices - WITH_FREETYPE: 1, WITH_HARFBUZZ: 1
[2019.03.25-11.43.26:958][  0]LogAssetRegistry: FAssetRegistry took 0.0476 seconds to start up
[2019.03.25-11.43.27:693][  0]LogInit: Selected Device Profile: [Windows]
[2019.03.25-11.43.28:121][  0]LogSimplygon: Simplygon DLL not present - disabling.
[2019.03.25-11.43.28:143][  0]LogMeshReduction: Using SimplygonSwarm for distributed automatic mesh merging
[2019.03.25-11.43.28:143][  0]LogMeshReduction: Using ProxyLODMeshReduction for automatic mesh merging
[2019.03.25-11.43.28:144][  0]LogMeshReduction: Using QuadricMeshReduction for automatic static mesh reduction
[2019.03.25-11.43.28:144][  0]LogMeshReduction: No automatic skeletal mesh reduction module available
[2019.03.25-11.43.28:209][  0]LogNetVersion: PixelArcade 1.0.0, NetCL: 4541578, EngineNetVer: 5, GameNetVer: 0 (Checksum: 3322908292)
[2019.03.25-11.43.30:003][  0]LogPackageLocalizationCache: Processed 12 localized package path(s) for 2 prioritized culture(s) in 0.164453 seconds
[2019.03.25-11.43.30:015][  0]LogUObjectArray: 39775 objects as part of root set at end of initial load.
[2019.03.25-11.43.30:015][  0]LogUObjectAllocator: 6914656 out of 0 bytes used by permanent object pool.
[2019.03.25-11.43.30:015][  0]LogUObjectArray: CloseDisregardForGC: 0/0 objects in disregard for GC pool
[2019.03.25-11.43.36:492][  0]LogTcpMessaging: Initializing TcpMessaging bridge
[2019.03.25-11.43.36:511][  0]LogUdpMessaging: Initializing bridge on interface 0.0.0.0:0 to multicast group 230.0.0.1:6666.
[2019.03.25-11.43.38:295][  0]SourceControl: Source control is disabled
[2019.03.25-11.43.38:295][  0]SourceControl: Source control is disabled
[2019.03.25-11.43.38:307][  0]SourceControl: Source control is disabled
[2019.03.25-11.43.38:312][  0]SourceControl: Source control is disabled
[2019.03.25-11.43.38:745][  0]LogOnline: Display: STEAM: Loading Steam SDK 1.39
[2019.03.25-11.43.38:755][  0]LogAndroidPermission: UAndroidPermissionCallbackProxy::GetInstance
[2019.03.25-11.43.38:916][  0]LogOcInput: OculusInput pre-init called
[2019.03.25-11.43.39:244][  0]LogEngine: Initializing Engine...
[2019.03.25-11.43.39:246][  0]LogHMD: Failed to initialize OpenVR with code 110
[2019.03.25-11.43.39:249][  0]LogStats: UGameplayTagsManager::ConstructGameplayTagTree: ImportINI prefixes -  0.000 s
[2019.03.25-11.43.39:249][  0]LogStats: UGameplayTagsManager::ConstructGameplayTagTree: Construct from data asset -  0.000 s
[2019.03.25-11.43.39:249][  0]LogStats: UGameplayTagsManager::ConstructGameplayTagTree: ImportINI -  0.000 s
[2019.03.25-11.43.39:249][  0]LogStats: UGameplayTagsManager::ConstructGameplayTagTree: GameplayTagTreeChangedEvent.Broadcast -  0.000 s
[2019.03.25-11.43.40:065][  0]LogInit: Initializing FReadOnlyCVARCache
[2019.03.25-11.43.40:116][  0]LogAIModule: Creating AISystem for world Untitled
[2019.03.25-11.43.40:152][  0]LogInit: XAudio2 using 'Speakers (Conexant SmartAudio HD)' : 2 channels at 44.1 kHz using 32 bits per sample (channel mask 0x3)
[2019.03.25-11.43.40:219][  0]LogInit: FAudioDevice initialized.
[2019.03.25-11.43.40:219][  0]LogNetVersion: Set ProjectVersion to 1.0.0.0. Version Checksum will be recalculated on next use.
[2019.03.25-11.43.40:322][  0]LogDerivedDataCache: Saved boot cache 0.10s 71MB C:/Users/joey.JOEY-PC/AppData/Local/UnrealEngine/4.21/DerivedDataCache/Boot.ddc.
[2019.03.25-11.43.40:335][  0]LogInit: Texture streaming: Enabled
[2019.03.25-11.43.40:381][  0]LogEngineSessionManager: EngineSessionManager initialized
[2019.03.25-11.43.40:420][  0]LogInit: Transaction tracking system initialized
[2019.03.25-11.43.40:527][  0]BlueprintLog: New page: Editor Load
[2019.03.25-11.43.40:860][  0]LocalizationService: Localization service is disabled
[2019.03.25-11.43.43:014][  0]LogFileCache: Scanning file cache for directory 'C:/Users/joey.JOEY-PC/Documents/Unreal Projects/PixelArcade/PixelArcade/Content/' took 0.02s
[2019.03.25-11.43.43:015][  0]LogCook: Display: Max memory allowance for cook 16384mb min free memory 0mb
[2019.03.25-11.43.43:018][  0]LogCook: Display: Mobile HDR setting 1
[2019.03.25-11.43.43:019][  0]LogGameplayTags: Display: UGameplayTagsManager::DoneAddingNativeTags. DelegateIsBound: 0
[2019.03.25-11.43.43:019][  0]LogStats: UGameplayTagsManager::ConstructGameplayTagTree: ImportINI prefixes -  0.000 s
[2019.03.25-11.43.43:019][  0]LogStats: UGameplayTagsManager::ConstructGameplayTagTree: Construct from data asset -  0.000 s
[2019.03.25-11.43.43:019][  0]LogStats: UGameplayTagsManager::ConstructGameplayTagTree: ImportINI -  0.000 s
[2019.03.25-11.43.43:019][  0]LogStats: UGameplayTagsManager::ConstructGameplayTagTree: GameplayTagTreeChangedEvent.Broadcast -  0.000 s
[2019.03.25-11.43.44:496][  0]SourceControl: Source control is disabled
[2019.03.25-11.43.44:498][  0]Cmd: MAP LOAD FILE="../../../../../../Users/joey.JOEY-PC/Documents/Unreal Projects/PixelArcade/PixelArcade/Content/PixelWorlds/PixelMenu.umap" TEMPLATE=0 SHOWPROGRESS=1 FEATURELEVEL=3
[2019.03.25-11.43.44:510][  0]LightingResults: New page: Lighting Build
[2019.03.25-11.43.44:529][  0]MapCheck: New page: Map Check
[2019.03.25-11.43.44:529][  0]LightingResults: New page: Lighting Build
[2019.03.25-11.43.45:003][  0]LogAIModule: Creating AISystem for world PixelMenu
[2019.03.25-11.43.45:038][  0]LogEditorServer: Finished looking for orphan Actors (0.000 secs)
[2019.03.25-11.43.45:081][  0]Cmd: MAP CHECKDEP NOCLEARLOG
[2019.03.25-11.43.45:082][  0]MapCheck: Map check complete: 0 Error(s), 0 Warning(s), took 0.245ms to complete.
[2019.03.25-11.43.45:082][  0]LogFileHelpers: Loading map 'PixelMenu' took 0.586
[2019.03.25-11.43.45:268][  0]LogSlate: Updating window title bar state: overlay mode, drag disabled, window buttons hidden, title bar hidden
[2019.03.25-11.43.45:285][  0]LogSlate: Updating window title bar state: overlay mode, drag disabled, window buttons hidden, title bar hidden
[2019.03.25-11.43.45:302][  0]LogSlate: Updating window title bar state: overlay mode, drag disabled, window buttons hidden, title bar hidden
[2019.03.25-11.43.45:316][  0]LogSlate: Updating window title bar state: overlay mode, drag disabled, window buttons hidden, title bar hidden
[2019.03.25-11.43.45:338][  0]LogCollectionManager: Loaded 0 collections in 0.003368 seconds
[2019.03.25-11.43.45:382][  0]LogFileCache: Scanning file cache for directory 'C:/Users/joey.JOEY-PC/Documents/Unreal Projects/PixelArcade/PixelArcade/Saved/Collections/' took 0.01s
[2019.03.25-11.43.45:382][  0]LogFileCache: Scanning file cache for directory 'C:/Users/joey.JOEY-PC/Documents/Unreal Projects/PixelArcade/PixelArcade/Content/Developers/joey/Collections/' took 0.01s
[2019.03.25-11.43.45:382][  0]LogFileCache: Scanning file cache for directory 'C:/Users/joey.JOEY-PC/Documents/Unreal Projects/PixelArcade/PixelArcade/Content/Collections/' took 0.00s
[2019.03.25-11.43.45:382][  0]LogCollectionManager: Rebuilt the GUID cache for 0 collections in 0.000000 seconds
[2019.03.25-11.43.45:398][  0]LogContentBrowser: Native class hierarchy populated in 0.0142 seconds. Added 2657 classes and 630 folders.
[2019.03.25-11.43.45:417][  0]LogContentBrowser: Native class hierarchy updated for 'WidgetCarousel' in 0.0004 seconds. Added 0 classes and 0 folders.
[2019.03.25-11.43.45:432][  0]LogPakFile: Registered encryption key '00000000000000000000000000000000': 0 pak files mounted, 0 remain pending
[2019.03.25-11.43.45:443][  0]LogPakFile: Registered encryption key '00000000000000000000000000000000': 0 pak files mounted, 0 remain pending
[2019.03.25-11.43.45:463][  0]LogPakFile: Registered encryption key '00000000000000000000000000000000': 0 pak files mounted, 0 remain pending
[2019.03.25-11.43.45:470][  0]LogPakFile: Registered encryption key '00000000000000000000000000000000': 0 pak files mounted, 0 remain pending
[2019.03.25-11.43.45:478][  0]LogPakFile: Registered encryption key '00000000000000000000000000000000': 0 pak files mounted, 0 remain pending
[2019.03.25-11.43.45:485][  0]LogPakFile: Registered encryption key '00000000000000000000000000000000': 0 pak files mounted, 0 remain pending
[2019.03.25-11.43.45:491][  0]LogPakFile: Registered encryption key '00000000000000000000000000000000': 0 pak files mounted, 0 remain pending
[2019.03.25-11.43.45:498][  0]LogPakFile: Registered encryption key '00000000000000000000000000000000': 0 pak files mounted, 0 remain pending
[2019.03.25-11.43.45:506][  0]LogPakFile: Registered encryption key '00000000000000000000000000000000': 0 pak files mounted, 0 remain pending
[2019.03.25-11.43.45:514][  0]LogPakFile: Registered encryption key '00000000000000000000000000000000': 0 pak files mounted, 0 remain pending
[2019.03.25-11.43.45:521][  0]LogPakFile: Registered encryption key '00000000000000000000000000000000': 0 pak files mounted, 0 remain pending
[2019.03.25-11.43.45:527][  0]LogPakFile: Registered encryption key '00000000000000000000000000000000': 0 pak files mounted, 0 remain pending
[2019.03.25-11.43.45:535][  0]LogPakFile: Registered encryption key '00000000000000000000000000000000': 0 pak files mounted, 0 remain pending
[2019.03.25-11.43.45:541][  0]LogPakFile: Registered encryption key '00000000000000000000000000000000': 0 pak files mounted, 0 remain pending
[2019.03.25-11.43.45:548][  0]LogPakFile: Registered encryption key '00000000000000000000000000000000': 0 pak files mounted, 0 remain pending
[2019.03.25-11.43.45:554][  0]LogPakFile: Registered encryption key '00000000000000000000000000000000': 0 pak files mounted, 0 remain pending
[2019.03.25-11.43.45:582][  0]LogPakFile: Registered encryption key '00000000000000000000000000000000': 0 pak files mounted, 0 remain pending
[2019.03.25-11.43.45:589][  0]LogPakFile: Registered encryption key '00000000000000000000000000000000': 0 pak files mounted, 0 remain pending
[2019.03.25-11.43.45:596][  0]LogPakFile: Registered encryption key '00000000000000000000000000000000': 0 pak files mounted, 0 remain pending
[2019.03.25-11.43.45:603][  0]LogPakFile: Registered encryption key '00000000000000000000000000000000': 0 pak files mounted, 0 remain pending
[2019.03.25-11.43.45:635][  0]LogPakFile: Registered encryption key '00000000000000000000000000000000': 0 pak files mounted, 0 remain pending
[2019.03.25-11.43.45:641][  0]LogPakFile: Registered encryption key '00000000000000000000000000000000': 0 pak files mounted, 0 remain pending
[2019.03.25-11.43.45:647][  0]LogPakFile: Registered encryption key '00000000000000000000000000000000': 0 pak files mounted, 0 remain pending
[2019.03.25-11.43.45:654][  0]LogPakFile: Registered encryption key '00000000000000000000000000000000': 0 pak files mounted, 0 remain pending
[2019.03.25-11.43.45:660][  0]LogPakFile: Registered encryption key '00000000000000000000000000000000': 0 pak files mounted, 0 remain pending
[2019.03.25-11.43.45:667][  0]LogPakFile: Registered encryption key '00000000000000000000000000000000': 0 pak files mounted, 0 remain pending
[2019.03.25-11.43.45:862][  0]LogContentBrowser: Native class hierarchy updated for 'AddContentDialog' in 0.0004 seconds. Added 0 classes and 0 folders.
[2019.03.25-11.43.45:876][  0]LogContentBrowser: Native class hierarchy updated for 'SceneOutliner' in 0.0004 seconds. Added 1 classes and 2 folders.
[2019.03.25-11.43.46:118][  0]LogContentBrowser: Native class hierarchy updated for 'HierarchicalLODOutliner' in 0.0007 seconds. Added 0 classes and 0 folders.
[2019.03.25-11.43.46:118][  0]LogLoad: (Engine Initialization) Total time: 32.20 seconds
[2019.03.25-11.43.46:118][  0]LogLoad: (Engine Initialization) Total Blueprint compile time: 0.00 seconds
[2019.03.25-11.43.46:227][  0]LogContentStreaming: Texture pool size now 400 MB
[2019.03.25-11.43.46:236][  0]LogSlate: Took 0.006326 seconds to synchronously load lazily loaded font '../../../Engine/Content/Slate/Fonts/Roboto-Regular.ttf' (155K)
[2019.03.25-11.43.46:247][  0]LogSlate: Took 0.007818 seconds to synchronously load lazily loaded font '../../../Engine/Content/Slate/Fonts/Roboto-Bold.ttf' (160K)
[2019.03.25-11.43.46:262][  0]LogSlate: Took 0.007038 seconds to synchronously load lazily loaded font '../../../Engine/Content/Editor/Slate/Fonts/FontAwesome.ttf' (139K)
[2019.03.25-11.43.46:479][  0]LogSlate: Took 0.007668 seconds to synchronously load lazily loaded font '../../../Engine/Content/Slate/Fonts/Roboto-Light.ttf' (167K)
[2019.03.25-11.43.46:523][  1]LogRenderer: Reallocating scene render targets to support 804x328 Format 9 NumSamples 1 (Frame:1).
[2019.03.25-11.43.49:241][  2]LogAssetRegistry: Asset discovery search completed in 22.3069 seconds
[2019.03.25-11.43.49:244][  2]LogCollectionManager: Rebuilt the object cache for 0 collections in 0.000001 seconds (found 0 objects)
[2019.03.25-11.43.49:244][  2]LogCollectionManager: Fixed up redirectors for 0 collections in 0.000090 seconds (updated 0 objects)
[2019.03.25-11.43.51:380][ 56]LogRenderer: Reallocating scene render targets to support 1004x412 Format 9 NumSamples 1 (Frame:55).
[2019.03.25-11.43.52:279][106]LogSlate: FSceneViewport::OnFocusLost() reason 0
[2019.03.25-11.43.53:568][181]LogSlate: Took 0.000239 seconds to synchronously load lazily loaded font '../../../Engine/Content/Slate/Fonts/Roboto-Light.ttf' (167K)
[2019.03.25-11.43.53:577][181]LogAssetEditorManager: Opening Asset editor for World /Game/PixelWorlds/PixelMenu.PixelMenu
[2019.03.25-11.43.53:604][181]Cmd: MAP LOAD FILE="../../../../../../Users/joey.JOEY-PC/Documents/Unreal Projects/PixelArcade/PixelArcade/Content/PixelWorlds/PixelMenu.umap" TEMPLATE=0 SHOWPROGRESS=1 FEATURELEVEL=3
[2019.03.25-11.43.53:604][181]LightingResults: New page: Lighting Build
[2019.03.25-11.43.53:604][181]LoadErrors: New page: Loading map: PixelMenu.umap
[2019.03.25-11.43.53:605][181]MapCheck: New page: Map Check
[2019.03.25-11.43.53:605][181]LightingResults: New page: Lighting Build
[2019.03.25-11.43.53:652][181]LogAIModule: Creating AISystem for world PixelMenu
[2019.03.25-11.43.53:732][181]LogEditorServer: Finished looking for orphan Actors (0.000 secs)
[2019.03.25-11.43.53:805][181]Cmd: MAP CHECKDEP NOCLEARLOG
[2019.03.25-11.43.53:805][181]MapCheck: Map check complete: 0 Error(s), 0 Warning(s), took 0.193ms to complete.
[2019.03.25-11.43.53:806][181]LogFileHelpers: Loading map 'PixelMenu' took 0.205
[2019.03.25-11.43.56:406][332]LogAssetEditorManager: Opening Asset editor for World /Game/PixelWorlds/PixelMenu.PixelMenu
[2019.03.25-11.43.56:430][332]Cmd: MAP LOAD FILE="../../../../../../Users/joey.JOEY-PC/Documents/Unreal Projects/PixelArcade/PixelArcade/Content/PixelWorlds/PixelMenu.umap" TEMPLATE=0 SHOWPROGRESS=1 FEATURELEVEL=3
[2019.03.25-11.43.56:430][332]LightingResults: New page: Lighting Build
[2019.03.25-11.43.56:431][332]LoadErrors: New page: Loading map: PixelMenu.umap
[2019.03.25-11.43.56:431][332]MapCheck: New page: Map Check
[2019.03.25-11.43.56:432][332]LightingResults: New page: Lighting Build
[2019.03.25-11.43.56:476][332]LogAIModule: Creating AISystem for world PixelMenu
[2019.03.25-11.43.56:552][332]LogEditorServer: Finished looking for orphan Actors (0.000 secs)
[2019.03.25-11.43.56:622][332]Cmd: MAP CHECKDEP NOCLEARLOG
[2019.03.25-11.43.56:622][332]MapCheck: Map check complete: 0 Error(s), 0 Warning(s), took 0.203ms to complete.
[2019.03.25-11.43.56:624][332]LogFileHelpers: Loading map 'PixelMenu' took 0.195
[2019.03.25-11.43.59:549][498]LogSlate: Prevented a slow task dialog from being summoned while a context menu was open
[2019.03.25-11.44.32:670][298]LogSlate: Window 'Save Content' being destroyed
[2019.03.25-11.44.32:981][298]LogSavePackage: Moving '../../../../../../Users/joey.JOEY-PC/Documents/Unreal Projects/PixelArcade/PixelArcade/Saved/PixelMenuE06A59664E5CB3D3BB92D79C9B65B20D.tmp' to '../../../../../../Users/joey.JOEY-PC/Documents/Unreal Projects/PixelArcade/PixelArcade/Content/PixelWorlds/PixelMenu.umap'
[2019.03.25-11.44.33:038][298]LogFileHelpers: Saving map 'PixelMenu' took 0.337
[2019.03.25-11.44.43:065][503]LogD3D11RHI: Timed out while waiting for GPU to catch up. (0.5 s)
[2019.03.25-11.45.05:923][768]LogSlate: FSceneViewport::OnFocusLost() reason 2
[2019.03.25-11.45.06:887][826]LogSlate: FSceneViewport::OnFocusLost() reason 2
[2019.03.25-11.45.08:344][826]LogSlate: Only BGRA pngs, bmps or icos are supported in by External Image Picker
[2019.03.25-11.45.08:462][826]LogTemp: Executing iPhonePackager certificates Engine -bundlename com.YourCompany.PixelArcade
[2019.03.25-11.45.08:462][826]LogTemp: CWD: C:\Program Files\Epic Games\UE_4.21\Engine\Binaries\DotNET\IOS
[2019.03.25-11.45.08:462][826]LogTemp: Initial Dir: C:\Program Files\Epic Games\UE_4.21
[2019.03.25-11.45.08:462][826]LogTemp: Env CWD: C:\Program Files\Epic Games\UE_4.21\Engine\Binaries\DotNET\IOS
[2019.03.25-11.45.08:468][826]LogTemp: BranchPath = JOEY-PC/C/Program Files/Epic Games/UE_4.21/Engine/Binaries --- GameBranchPath = JOEY-PC/C/Program Files/Epic Games/UE_4.21/Engine/Binaries
[2019.03.25-11.45.08:500][827]LogTemp: IPP ERROR: Could not find provision directory 'C:\Users\joey.JOEY-PC\AppData\Local/Apple Computer/MobileDevice/Provisioning Profiles/'.
[2019.03.25-11.45.15:286][195]LogTemp: Subsystem Settings Updated.
[2019.03.25-11.45.15:289][195]LogTemp: Warning: Steam Subsystem Enabled!
[2019.03.25-11.45.19:551][445]LogTemp: Subsystem Settings Updated.
[2019.03.25-11.45.19:551][445]LogTemp: Warning: Steam Subsystem Enabled!
[2019.03.25-11.45.21:554][565]LogTemp: Subsystem Settings Updated.
[2019.03.25-11.45.21:555][565]LogTemp: Warning: Steam Subsystem Enabled!
[2019.03.25-11.45.25:475][800]Cmd: CLOSE_SLATE_MAINFRAME
[2019.03.25-11.45.25:620][800]LogSlate: Window 'Project Settings' being destroyed
[2019.03.25-11.45.25:656][800]LogSlate: Window 'PixelArcade - Unreal Editor' being destroyed
[2019.03.25-11.45.25:882][801]Cmd: QUIT_EDITOR
[2019.03.25-11.45.25:927][801]LogWindowsTextInputMethodSystem: Display: IME system now deactivated.
[2019.03.25-11.45.25:958][801]LogExit: Preparing to exit.
[2019.03.25-11.45.26:604][801]LogExit: Editor shut down
[2019.03.25-11.45.26:604][801]LogExit: Transaction tracking system shut down
[2019.03.25-11.45.26:861][801]LogExit: Object subsystem successfully closed.
[2019.03.25-11.45.26:879][801]LogShaderCompilers: Display: Shaders left to compile 0
[2019.03.25-11.45.26:886][801]LogD3D11RHI: Shutdown
[2019.03.25-11.45.26:886][801]LogD3D11RHI: CleanupD3DDevice
[2019.03.25-11.45.26:887][801]LogD3D11RHI: ~FD3D11DynamicRHI
[2019.03.25-11.45.26:937][801]LogModuleManager: Shutting down and abandoning module ExternalImagePicker (630)
[2019.03.25-11.45.26:937][801]LogModuleManager: Shutting down and abandoning module HierarchicalLODOutliner (628)
[2019.03.25-11.45.26:937][801]LogModuleManager: Shutting down and abandoning module SceneOutliner (626)
[2019.03.25-11.45.26:937][801]LogModuleManager: Shutting down and abandoning module AddContentDialog (624)
[2019.03.25-11.45.26:938][801]LogModuleManager: Shutting down and abandoning module WidgetCarousel (623)
[2019.03.25-11.45.26:938][801]LogModuleManager: Shutting down and abandoning module EditorWidgets (620)
[2019.03.25-11.45.26:938][801]LogModuleManager: Shutting down and abandoning module CollectionManager (618)
[2019.03.25-11.45.26:938][801]LogModuleManager: Shutting down and abandoning module StatsViewer (616)
[2019.03.25-11.45.26:938][801]LogModuleManager: Shutting down and abandoning module FoliageEdit (614)
[2019.03.25-11.45.26:938][801]LogModuleManager: Shutting down and abandoning module LandscapeEditor (612)
[2019.03.25-11.45.26:940][801]LogModuleManager: Shutting down and abandoning module MeshPaintMode (610)
[2019.03.25-11.45.26:940][801]LogModuleManager: Shutting down and abandoning module SceneDepthPickerMode (608)
[2019.03.25-11.45.26:940][801]LogModuleManager: Shutting down and abandoning module ActorPickerMode (606)
[2019.03.25-11.45.26:940][801]LogModuleManager: Shutting down and abandoning module GeometryMode (604)
[2019.03.25-11.45.26:940][801]LogModuleManager: Shutting down and abandoning module TextureAlignMode (602)
[2019.03.25-11.45.26:940][801]LogModuleManager: Shutting down and abandoning module BspMode (600)
[2019.03.25-11.45.26:940][801]LogModuleManager: Shutting down and abandoning module PIEPreviewDeviceProfileSelector (598)
[2019.03.25-11.45.26:940][801]LogModuleManager: Shutting down and abandoning module SequenceRecorderSections (596)
[2019.03.25-11.45.26:940][801]LogModuleManager: Shutting down and abandoning module AutomationWorker (594)
[2019.03.25-11.45.26:940][801]LogModuleManager: Shutting down and abandoning module AudioCaptureEditor (592)
[2019.03.25-11.45.26:940][801]LogModuleManager: Shutting down and abandoning module MatineeToLevelSequence (590)
[2019.03.25-11.45.26:940][801]LogModuleManager: Shutting down and abandoning module LevelSequenceEditor (588)
[2019.03.25-11.45.26:940][801]LogModuleManager: Shutting down and abandoning module PlacementMode (587)
[2019.03.25-11.45.26:940][801]LogModuleManager: Shutting down and abandoning module MaterialEditor (586)
[2019.03.25-11.45.26:942][801]LogModuleManager: Shutting down and abandoning module WmfMediaFactory (582)
[2019.03.25-11.45.26:942][801]LogModuleManager: Shutting down and abandoning module WmfMediaEditor (580)
[2019.03.25-11.45.26:942][801]LogModuleManager: Shutting down and abandoning module WebMMediaFactory (578)
[2019.03.25-11.45.26:942][801]LogModuleManager: Shutting down and abandoning module WebMMediaEditor (576)
[2019.03.25-11.45.26:942][801]LogModuleManager: Shutting down and abandoning module WebMMedia (574)
[2019.03.25-11.45.26:942][801]LogModuleManager: Shutting down and abandoning module MediaPlayerEditor (572)
[2019.03.25-11.45.26:942][801]LogModuleManager: Shutting down and abandoning module MediaCompositingEditor (570)
[2019.03.25-11.45.26:942][801]LogModuleManager: Shutting down and abandoning module SequenceRecorder (569)
[2019.03.25-11.45.26:942][801]LogModuleManager: Shutting down and abandoning module OpenExrWrapper (566)
[2019.03.25-11.45.26:942][801]LogModuleManager: Shutting down and abandoning module ImgMediaFactory (564)
[2019.03.25-11.45.26:942][801]LogModuleManager: Shutting down and abandoning module ImgMediaEditor (562)
[2019.03.25-11.45.26:942][801]LogModuleManager: Shutting down and abandoning module AvfMediaFactory (560)
[2019.03.25-11.45.26:942][801]LogModuleManager: Shutting down and abandoning module AvfMediaEditor (558)
[2019.03.25-11.45.26:942][801]LogModuleManager: Shutting down and abandoning module AndroidMediaFactory (556)
[2019.03.25-11.45.26:942][801]LogModuleManager: Shutting down and abandoning module AndroidMediaEditor (554)
[2019.03.25-11.45.26:942][801]LogModuleManager: Shutting down and abandoning module ProductivityTools (552)
[2019.03.25-11.45.26:943][801]LogModuleManager: Shutting down and abandoning module MagicLeapCameraPreviewFactory (550)
[2019.03.25-11.45.26:943][801]LogModuleManager: Shutting down and abandoning module MagicLeapMediaFactory (548)
[2019.03.25-11.45.26:943][801]LogModuleManager: Shutting down and abandoning module MagicLeapMediaEditor (546)
[2019.03.25-11.45.26:943][801]LogModuleManager: Shutting down and abandoning module CharacterAI (544)
[2019.03.25-11.45.26:943][801]LogModuleManager: Shutting down and abandoning module SmartSnapping (542)
[2019.03.25-11.45.26:943][801]LogModuleManager: Shutting down and abandoning module SessionServices (540)
[2019.03.25-11.45.26:943][801]LogModuleManager: Shutting down and abandoning module ViewportSnapping (538)
[2019.03.25-11.45.26:943][801]LogModuleManager: Shutting down and abandoning module ViewportInteraction (536)
[2019.03.25-11.45.26:943][801]LogModuleManager: Shutting down and abandoning module ClothPainter (534)
[2019.03.25-11.45.26:943][801]LogModuleManager: Shutting down and abandoning module SkeletalMeshEditor (533)
[2019.03.25-11.45.26:944][801]LogModuleManager: Shutting down and abandoning module LogVisualizer (530)
[2019.03.25-11.45.26:944][801]LogModuleManager: Shutting down and abandoning module IntroTutorials (528)
[2019.03.25-11.45.26:944][801]LogModuleManager: Shutting down and abandoning module GameProjectGeneration (527)
[2019.03.25-11.45.26:945][801]LogModuleManager: Shutting down and abandoning module LuminPlatformEditor (524)
[2019.03.25-11.45.26:945][801]LogModuleManager: Shutting down and abandoning module IOSPlatformEditor (522)
[2019.03.25-11.45.26:945][801]LogModuleManager: Shutting down and abandoning module HTML5PlatformEditor (520)
[2019.03.25-11.45.26:945][801]LogModuleManager: Shutting down and abandoning module AndroidPlatformEditor (518)
[2019.03.25-11.45.26:945][801]LogModuleManager: Shutting down and abandoning module AndroidDeviceDetection (517)
[2019.03.25-11.45.27:388][801]LogModuleManager: Shutting down and abandoning module WindowsPlatformEditor (514)
[2019.03.25-11.45.27:388][801]LogModuleManager: Shutting down and abandoning module LuminRuntimeSettings (512)
[2019.03.25-11.45.27:388][801]LogModuleManager: Shutting down and abandoning module IOSRuntimeSettings (510)
[2019.03.25-11.45.27:388][801]LogModuleManager: Shutting down and abandoning module AndroidRuntimeSettings (508)
[2019.03.25-11.45.27:388][801]LogModuleManager: Shutting down and abandoning module TimeManagementEditor (506)
[2019.03.25-11.45.27:388][801]LogModuleManager: Shutting down and abandoning module InputBindingEditor (504)
[2019.03.25-11.45.27:390][801]LogModuleManager: Shutting down and abandoning module MergeActors (502)
[2019.03.25-11.45.27:390][801]LogModuleManager: Shutting down and abandoning module LocalizationDashboard (500)
[2019.03.25-11.45.27:390][801]LogModuleManager: Shutting down and abandoning module LocalizationService (499)
[2019.03.25-11.45.27:390][801]LogModuleManager: Shutting down and abandoning module HardwareTargeting (496)
[2019.03.25-11.45.27:390][801]LogModuleManager: Shutting down and abandoning module DeviceProfileEditor (494)
[2019.03.25-11.45.27:390][801]LogModuleManager: Shutting down and abandoning module UndoHistory (492)
[2019.03.25-11.45.27:390][801]LogModuleManager: Shutting down and abandoning module XmlParser (490)
[2019.03.25-11.45.27:390][801]LogModuleManager: Shutting down and abandoning module Blutility (488)
[2019.03.25-11.45.27:390][801]LogModuleManager: Shutting down and abandoning module ProjectSettingsViewer (486)
[2019.03.25-11.45.27:390][801]LogModuleManager: Shutting down and abandoning module ProjectTargetPlatformEditor (485)
[2019.03.25-11.45.27:391][801]LogModuleManager: Shutting down and abandoning module EditorSettingsViewer (482)
[2019.03.25-11.45.27:391][801]LogModuleManager: Shutting down and abandoning module SettingsEditor (480)
[2019.03.25-11.45.27:391][801]LogModuleManager: Shutting down and abandoning module ProjectLauncher (478)
[2019.03.25-11.45.27:391][801]LogModuleManager: Shutting down and abandoning module SessionFrontend (476)
[2019.03.25-11.45.27:391][801]LogModuleManager: Shutting down and abandoning module ProfilerClient (474)
[2019.03.25-11.45.27:392][801]LogModuleManager: Shutting down and abandoning module DeviceManager (472)
[2019.03.25-11.45.27:392][801]LogModuleManager: Shutting down and abandoning module TargetDeviceServices (471)
[2019.03.25-11.45.27:447][801]LogModuleManager: Shutting down and abandoning module AutomationController (468)
[2019.03.25-11.45.27:447][801]LogModuleManager: Shutting down and abandoning module AutomationWindow (466)
[2019.03.25-11.45.27:447][801]LogModuleManager: Shutting down and abandoning module Layers (464)
[2019.03.25-11.45.27:449][801]LogModuleManager: Shutting down and abandoning module ComponentVisualizers (462)
[2019.03.25-11.45.27:449][801]LogModuleManager: Shutting down and abandoning module DetailCustomizations (460)
[2019.03.25-11.45.27:449][801]LogModuleManager: Shutting down and abandoning module PackagesDialog (458)
[2019.03.25-11.45.27:449][801]LogModuleManager: Shutting down and abandoning module Persona (456)
[2019.03.25-11.45.27:450][801]LogModuleManager: Shutting down and abandoning module AdvancedPreviewScene (455)
[2019.03.25-11.45.27:450][801]LogModuleManager: Shutting down and abandoning module AnimGraph (453)
[2019.03.25-11.45.27:450][801]LogModuleManager: Shutting down and abandoning module Kismet (450)
[2019.03.25-11.45.27:451][801]LogModuleManager: Shutting down and abandoning module GraphEditor (448)
[2019.03.25-11.45.27:453][801]LogModuleManager: Shutting down and abandoning module ClassViewer (446)
[2019.03.25-11.45.27:454][801]LogModuleManager: Shutting down and abandoning module Toolbox (444)
[2019.03.25-11.45.27:454][801]LogModuleManager: Shutting down and abandoning module ModuleUI (442)
[2019.03.25-11.45.27:454][801]LogModuleManager: Shutting down and abandoning module MovieSceneTools (440)
[2019.03.25-11.45.27:454][801]LogModuleManager: Shutting down and abandoning module OutputLog (438)
[2019.03.25-11.45.27:454][801]LogModuleManager: Shutting down and abandoning module GammaUI (436)
[2019.03.25-11.45.27:455][801]LogModuleManager: Shutting down and abandoning module Documentation (434)
[2019.03.25-11.45.27:455][801]LogModuleManager: Shutting down and abandoning module MovieSceneTracks (432)
[2019.03.25-11.45.27:455][801]LogModuleManager: Shutting down and abandoning module MovieScene (430)
[2019.03.25-11.45.27:455][801]LogModuleManager: Shutting down and abandoning module StreamingPauseRendering (428)
[2019.03.25-11.45.27:455][801]LogModuleManager: Shutting down and abandoning module LauncherPlatform (426)
[2019.03.25-11.45.27:455][801]LogModuleManager: Shutting down and abandoning module AnalyticsET (424)
[2019.03.25-11.45.27:455][801]LogModuleManager: Shutting down and abandoning module PortalServices (422)
[2019.03.25-11.45.27:455][801]LogModuleManager: Shutting down and abandoning module PortalRpc (420)
[2019.03.25-11.45.27:455][801]LogModuleManager: Shutting down and abandoning module MessagingRpc (418)
[2019.03.25-11.45.27:455][801]LogModuleManager: Shutting down and abandoning module AIModule (416)
[2019.03.25-11.45.27:455][801]LogModuleManager: Shutting down and abandoning module GameplayDebugger (415)
[2019.03.25-11.45.27:455][801]LogModuleManager: Shutting down and abandoning module AITestSuite (413)
[2019.03.25-11.45.27:455][801]LogModuleManager: Shutting down and abandoning module NavigationSystem (411)
[2019.03.25-11.45.27:455][801]LogModuleManager: Shutting down and abandoning module DesktopPlatform (408)
[2019.03.25-11.45.27:455][801]LogModuleManager: Shutting down and abandoning module ImageWriteQueue (406)
[2019.03.25-11.45.27:458][801]LogModuleManager: Shutting down and abandoning module ProfilerService (404)
[2019.03.25-11.45.27:545][801]LogModuleManager: Shutting down and abandoning module TaskGraph (402)
[2019.03.25-11.45.27:545][801]LogModuleManager: Shutting down and abandoning module SteamVRController (400)
[2019.03.25-11.45.27:546][801]LogModuleManager: Shutting down and abandoning module ProceduralMeshComponentEditor (398)
[2019.03.25-11.45.27:546][801]LogModuleManager: Shutting down and abandoning module ProceduralMeshComponent (396)
[2019.03.25-11.45.27:546][801]LogModuleManager: Shutting down and abandoning module OculusInput (394)
[2019.03.25-11.45.27:546][801]LogModuleManager: Shutting down and abandoning module MobilePatchingUtils (392)
[2019.03.25-11.45.27:546][801]LogModuleManager: Shutting down and abandoning module EditableMesh (390)
[2019.03.25-11.45.27:546][801]LogModuleManager: Shutting down and abandoning module CustomMeshComponent (388)
[2019.03.25-11.45.27:546][801]LogModuleManager: Shutting down and abandoning module CableComponent (386)
[2019.03.25-11.45.27:546][801]LogModuleManager: Shutting down and abandoning module AudioCapture (384)
[2019.03.25-11.45.27:546][801]LogModuleManager: Shutting down and abandoning module ArchVisCharacter (382)
[2019.03.25-11.45.27:546][801]LogModuleManager: Shutting down and abandoning module AndroidPermission (380)
[2019.03.25-11.45.27:546][801]LogModuleManager: Shutting down and abandoning module NUTUnrealEngine4 (376)
[2019.03.25-11.45.27:546][801]LogModuleManager: Shutting down and abandoning module NetcodeUnitTest (374)
[2019.03.25-11.45.27:546][801]LogModuleManager: Shutting down and abandoning module MediaCompositing (372)
[2019.03.25-11.45.27:546][801]LogModuleManager: Shutting down and abandoning module LinearTimecode (370)
[2019.03.25-11.45.27:546][801]LogModuleManager: Shutting down and abandoning module ImgMedia (368)
[2019.03.25-11.45.27:549][801]LogModuleManager: Shutting down and abandoning module SubsystemConfigurator (366)
[2019.03.25-11.45.27:549][801]LogModuleManager: Shutting down and abandoning module HTML5Networking (364)
[2019.03.25-11.45.27:549][801]LogModuleManager: Shutting down and abandoning module GeometryCacheTracks (362)
[2019.03.25-11.45.27:550][801]LogModuleManager: Shutting down and abandoning module GeometryCacheSequencer (360)
[2019.03.25-11.45.27:550][801]LogModuleManager: Shutting down and abandoning module BackChannel (358)
[2019.03.25-11.45.27:550][801]LogModuleManager: Shutting down and abandoning module AppleVision (356)
[2019.03.25-11.45.27:550][801]LogModuleManager: Shutting down and abandoning module AppleImageUtilsBlueprintSupport (354)
[2019.03.25-11.45.27:550][801]LogModuleManager: Shutting down and abandoning module AppleImageUtils (352)
[2019.03.25-11.45.27:550][801]LogModuleManager: Shutting down and abandoning module AlembicImporter (350)
[2019.03.25-11.45.27:550][801]LogModuleManager: Shutting down and abandoning module AlembicLibrary (349)
[2019.03.25-11.45.27:550][801]LogModuleManager: Shutting down and abandoning module GeometryCache (348)
[2019.03.25-11.45.27:550][801]LogModuleManager: Shutting down and abandoning module GeometryCacheEd (347)
[2019.03.25-11.45.27:550][801]LogModuleManager: Shutting down and abandoning module VariantManagerContent (342)
[2019.03.25-11.45.27:550][801]LogModuleManager: Shutting down and abandoning module DatasmithContentEditor (340)
[2019.03.25-11.45.27:550][801]LogModuleManager: Shutting down and abandoning module SpeedTreeImporter (338)
[2019.03.25-11.45.27:550][801]LogModuleManager: Shutting down and abandoning module PluginBrowser (336)
[2019.03.25-11.45.27:552][801]LogModuleManager: Shutting down and abandoning module MobileLauncherProfileWizard (334)
[2019.03.25-11.45.27:552][801]LogModuleManager: Shutting down and abandoning module PolygonModeling (332)
[2019.03.25-11.45.27:552][801]LogModuleManager: Shutting down and abandoning module MeshEditor (330)
[2019.03.25-11.45.27:552][801]LogModuleManager: Shutting down and abandoning module CryptoKeysOpenSSL (328)
[2019.03.25-11.45.27:552][801]LogModuleManager: Shutting down and abandoning module CryptoKeys (326)
[2019.03.25-11.45.27:552][801]LogModuleManager: Shutting down and abandoning module VisualStudioSourceCodeAccess (324)
[2019.03.25-11.45.27:552][801]LogModuleManager: Shutting down and abandoning module VisualStudioCodeSourceCodeAccess (322)
[2019.03.25-11.45.27:552][801]LogModuleManager: Shutting down and abandoning module UObjectPlugin (320)
[2019.03.25-11.45.27:552][801]LogModuleManager: Shutting down and abandoning module SubversionSourceControl (318)
[2019.03.25-11.45.27:552][801]LogModuleManager: Shutting down and abandoning module PerforceSourceControl (316)
[2019.03.25-11.45.27:552][801]LogModuleManager: Shutting down and abandoning module GitSourceControl (314)
[2019.03.25-11.45.27:552][801]LogModuleManager: Shutting down and abandoning module SourceControl (313)
[2019.03.25-11.45.27:553][801]LogModuleManager: Shutting down and abandoning module CLionSourceCodeAccess (310)
[2019.03.25-11.45.27:553][801]LogModuleManager: Shutting down and abandoning module ActorLayerUtilitiesEditor (308)
[2019.03.25-11.45.27:553][801]LogModuleManager: Shutting down and abandoning module ActorLayerUtilities (306)
[2019.03.25-11.45.27:553][801]LogModuleManager: Shutting down and abandoning module LightPropagationVolumeEditor (304)
[2019.03.25-11.45.27:553][801]LogModuleManager: Shutting down and abandoning module PaperTiledImporter (302)
[2019.03.25-11.45.27:553][801]LogModuleManager: Shutting down and abandoning module PaperSpriteSheetImporter (300)
[2019.03.25-11.45.27:553][801]LogModuleManager: Shutting down and abandoning module Paper2DEditor (298)
[2019.03.25-11.45.27:554][801]LogModuleManager: Shutting down and abandoning module MeshPaint (297)
[2019.03.25-11.45.27:554][801]LogModuleManager: Shutting down and abandoning module RuntimePhysXCooking (294)
[2019.03.25-11.45.27:554][801]LogModuleManager: Shutting down and abandoning module PhysXVehiclesEditor (292)
[2019.03.25-11.45.27:554][801]LogModuleManager: Shutting down and abandoning module PhysXVehicles (290)
[2019.03.25-11.45.27:554][801]LogModuleManager: Shutting down and abandoning module OculusEditor (288)
[2019.03.25-11.45.27:554][801]LogModuleManager: Shutting down and abandoning module LocationServicesBPLibrary (286)
[2019.03.25-11.45.27:554][801]LogModuleManager: Shutting down and abandoning module ActorSequence (284)
[2019.03.25-11.45.27:554][801]LogModuleManager: Shutting down and abandoning module UdpMessaging (282)
[2019.03.25-11.45.27:656][801]LogModuleManager: Shutting down and abandoning module TcpMessaging (280)
[2019.03.25-11.45.27:757][801]LogModuleManager: Shutting down and abandoning module MagicLeapAudio (278)
[2019.03.25-11.45.27:757][801]LogModuleManager: Shutting down and abandoning module GameplayTagsEditor (276)
[2019.03.25-11.45.27:757][801]LogModuleManager: Shutting down and abandoning module FacialAnimationEditor (274)
[2019.03.25-11.45.27:757][801]LogModuleManager: Shutting down and abandoning module FacialAnimation (272)
[2019.03.25-11.45.27:757][801]LogModuleManager: Shutting down and abandoning module DataValidation (270)
[2019.03.25-11.45.27:757][801]LogModuleManager: Shutting down and abandoning module AssetManagerEditor (268)
[2019.03.25-11.45.27:757][801]LogModuleManager: Shutting down and abandoning module LevelEditor (267)
[2019.03.25-11.45.27:757][801]LogModuleManager: Shutting down and abandoning module PixelInspectorModule (266)
[2019.03.25-11.45.27:757][801]LogModuleManager: Shutting down and abandoning module CommonMenuExtensions (264)
[2019.03.25-11.45.27:757][801]LogModuleManager: Shutting down and abandoning module MainFrame (262)
[2019.03.25-11.45.27:757][801]LogModuleManager: Shutting down and abandoning module HotReload (261)
[2019.03.25-11.45.27:757][801]LogModuleManager: Shutting down and abandoning module ContentBrowser (257)
[2019.03.25-11.45.27:758][801]LogModuleManager: Shutting down and abandoning module TreeMap (255)
[2019.03.25-11.45.27:758][801]LogModuleManager: Shutting down and abandoning module LightPropagationVolumeRuntime (252)
[2019.03.25-11.45.27:758][801]LogModuleManager: Shutting down and abandoning module AISupportModule (250)
[2019.03.25-11.45.27:758][801]LogModuleManager: Shutting down and abandoning module Paper2D (248)
[2019.03.25-11.45.27:758][801]LogModuleManager: Shutting down and abandoning module WindowsMoviePlayer (246)
[2019.03.25-11.45.27:758][801]LogModuleManager: Shutting down and abandoning module WebMMoviePlayer (244)
[2019.03.25-11.45.27:758][801]LogModuleManager: Shutting down and abandoning module WmfMedia (242)
[2019.03.25-11.45.27:760][801]LogModuleManager: Shutting down and abandoning module Media (241)
[2019.03.25-11.45.27:766][801]LogModuleManager: Shutting down and abandoning module PacketHandler (238)
[2019.03.25-11.45.27:766][801]LogModuleManager: Shutting down and abandoning module ClothingSystemEditor (236)
[2019.03.25-11.45.27:766][801]LogModuleManager: Shutting down and abandoning module ClothingSystemRuntime (234)
[2019.03.25-11.45.27:766][801]LogModuleManager: Shutting down and abandoning module MediaAssets (232)
[2019.03.25-11.45.27:767][801]LogModuleManager: Shutting down and abandoning module Overlay (230)
[2019.03.25-11.45.27:767][801]LogModuleManager: Shutting down and abandoning module OverlayEditor (229)
[2019.03.25-11.45.27:767][801]LogModuleManager: Shutting down and abandoning module VREditor (226)
[2019.03.25-11.45.27:767][801]LogModuleManager: Shutting down and abandoning module StringTableEditor (224)
[2019.03.25-11.45.27:767][801]LogModuleManager: Shutting down and abandoning module GameplayTasksEditor (222)
[2019.03.25-11.45.27:767][801]LogModuleManager: Shutting down and abandoning module BehaviorTreeEditor (220)
[2019.03.25-11.45.27:767][801]LogModuleManager: Shutting down and abandoning module FunctionalTesting (218)
[2019.03.25-11.45.27:767][801]LogModuleManager: Shutting down and abandoning module CollisionAnalyzer (216)
[2019.03.25-11.45.27:767][801]LogModuleManager: Shutting down and abandoning module WorkspaceMenuStructure (215)
[2019.03.25-11.45.27:767][801]LogModuleManager: Shutting down and abandoning module UMG (212)
[2019.03.25-11.45.27:767][801]LogModuleManager: Shutting down and abandoning module UMGEditor (211)
[2019.03.25-11.45.27:767][801]LogModuleManager: Shutting down and abandoning module Sequencer (210)
[2019.03.25-11.45.27:767][801]LogModuleManager: Shutting down and abandoning module MessageLog (207)
[2019.03.25-11.45.27:767][801]LogModuleManager: Shutting down and abandoning module SlateReflector (202)
[2019.03.25-11.45.27:767][801]LogModuleManager: Shutting down and abandoning module Slate (200)
[2019.03.25-11.45.27:767][801]LogModuleManager: Shutting down and abandoning module EditorStyle (198)
[2019.03.25-11.45.27:769][801]LogModuleManager: Shutting down and abandoning module MRMesh (196)
[2019.03.25-11.45.27:769][801]LogModuleManager: Shutting down and abandoning module SourceCodeAccess (194)
[2019.03.25-11.45.27:769][801]LogModuleManager: Shutting down and abandoning module HeadMountedDisplay (192)
[2019.03.25-11.45.27:769][801]LogModuleManager: Shutting down and abandoning module XAudio2 (190)
[2019.03.25-11.45.27:769][801]LogModuleManager: Shutting down and abandoning module Networking (188)
[2019.03.25-11.45.27:769][801]LogModuleManager: Shutting down and abandoning module Core (186)
[2019.03.25-11.45.27:769][801]LogModuleManager: Shutting down and abandoning module LevelSequence (184)
[2019.03.25-11.45.27:769][801]LogModuleManager: Shutting down and abandoning module KismetCompiler (182)
[2019.03.25-11.45.27:769][801]LogModuleManager: Shutting down and abandoning module MeshUtilities (180)
[2019.03.25-11.45.27:769][801]LogModuleManager: Shutting down and abandoning module MeshMergeUtilities (179)
[2019.03.25-11.45.27:769][801]LogModuleManager: Shutting down and abandoning module MeshReductionInterface (178)
[2019.03.25-11.45.27:769][801]LogModuleManager: Shutting down and abandoning module SimplygonSwarm (177)
[2019.03.25-11.45.27:769][801]LogModuleManager: Shutting down and abandoning module ProxyLODMeshReduction (175)
[2019.03.25-11.45.27:769][801]LogModuleManager: Shutting down and abandoning module SimplygonMeshReduction (173)
[2019.03.25-11.45.27:769][801]LogModuleManager: Shutting down and abandoning module QuadricMeshReduction (171)
[2019.03.25-11.45.27:769][801]LogModuleManager: Shutting down and abandoning module MaterialBaking (167)
[2019.03.25-11.45.27:769][801]LogModuleManager: Shutting down and abandoning module DirectoryWatcher (163)
[2019.03.25-11.45.27:769][801]LogModuleManager: Shutting down and abandoning module DerivedDataCache (160)
[2019.03.25-11.45.27:779][801]LogDerivedDataCache: Shutdown
[2019.03.25-11.45.27:779][801]LogModuleManager: Shutting down and abandoning module XGEController (158)
[2019.03.25-11.45.27:779][801]LogXGEController: Cleaning working directory: C:/Users/joey.JOEY-PC/AppData/Local/Temp/UnrealXGEWorkingDir/
[2019.03.25-11.45.27:780][801]LogModuleManager: Shutting down and abandoning module TargetPlatform (156)
[2019.03.25-11.45.27:780][801]LogModuleManager: Shutting down and abandoning module VulkanShaderFormat (155)
[2019.03.25-11.45.27:780][801]LogModuleManager: Shutting down and abandoning module ShaderFormatVectorVM (153)
[2019.03.25-11.45.27:780][801]LogModuleManager: Shutting down and abandoning module ShaderFormatOpenGL (151)
[2019.03.25-11.45.27:780][801]LogModuleManager: Shutting down and abandoning module ShaderFormatD3D (149)
[2019.03.25-11.45.27:780][801]LogModuleManager: Shutting down and abandoning module MetalShaderFormat (147)
[2019.03.25-11.45.27:780][801]LogModuleManager: Shutting down and abandoning module TextureFormatUncompressed (145)
[2019.03.25-11.45.27:780][801]LogModuleManager: Shutting down and abandoning module TextureFormatPVR (143)
[2019.03.25-11.45.27:780][801]LogModuleManager: Shutting down and abandoning module TextureFormatDXT (141)
[2019.03.25-11.45.27:780][801]LogModuleManager: Shutting down and abandoning module TextureFormatIntelISPCTexComp (139)
[2019.03.25-11.45.27:780][801]LogModuleManager: Shutting down and abandoning module TextureFormatASTC (137)
[2019.03.25-11.45.27:780][801]LogModuleManager: Shutting down and abandoning module ImageWrapper (136)
[2019.03.25-11.45.27:780][801]LogModuleManager: Shutting down and abandoning module TextureFormatAndroid (133)
[2019.03.25-11.45.27:780][801]LogModuleManager: Shutting down and abandoning module AudioFormatOpus (131)
[2019.03.25-11.45.27:780][801]LogModuleManager: Shutting down and abandoning module AudioFormatOgg (129)
[2019.03.25-11.45.27:780][801]LogModuleManager: Shutting down and abandoning module AudioFormatADPCM (127)
[2019.03.25-11.45.27:780][801]LogModuleManager: Shutting down and abandoning module LuminTargetPlatform (125)
[2019.03.25-11.45.27:781][801]LogModuleManager: Shutting down and abandoning module LinuxTargetPlatform (123)
[2019.03.25-11.45.27:781][801]LogModuleManager: Shutting down and abandoning module LinuxServerTargetPlatform (121)
[2019.03.25-11.45.27:781][801]LogModuleManager: Shutting down and abandoning module LinuxNoEditorTargetPlatform (119)
[2019.03.25-11.45.27:781][801]LogModuleManager: Shutting down and abandoning module LinuxClientTargetPlatform (117)
[2019.03.25-11.45.27:781][801]LogModuleManager: Shutting down and abandoning module TVOSTargetPlatform (115)
[2019.03.25-11.45.27:783][801]LogModuleManager: Shutting down and abandoning module Messaging (113)
[2019.03.25-11.45.27:783][801]LogModuleManager: Shutting down and abandoning module IOSTargetPlatform (111)
[2019.03.25-11.45.27:784][801]LogModuleManager: Shutting down and abandoning module HTML5TargetPlatform (109)
[2019.03.25-11.45.27:784][801]LogModuleManager: Shutting down and abandoning module AndroidTargetPlatform (107)
[2019.03.25-11.45.27:790][801]LogModuleManager: Shutting down and abandoning module WindowsTargetPlatform (105)
[2019.03.25-11.45.27:790][801]LogModuleManager: Shutting down and abandoning module WindowsServerTargetPlatform (103)
[2019.03.25-11.45.27:790][801]LogModuleManager: Shutting down and abandoning module WindowsNoEditorTargetPlatform (101)
[2019.03.25-11.45.27:790][801]LogModuleManager: Shutting down and abandoning module WindowsClientTargetPlatform (99)
[2019.03.25-11.45.27:790][801]LogModuleManager: Shutting down and abandoning module MacTargetPlatform (97)
[2019.03.25-11.45.27:790][801]LogModuleManager: Shutting down and abandoning module MacServerTargetPlatform (95)
[2019.03.25-11.45.27:790][801]LogModuleManager: Shutting down and abandoning module MacNoEditorTargetPlatform (93)
[2019.03.25-11.45.27:790][801]LogModuleManager: Shutting down and abandoning module MacClientTargetPlatform (91)
[2019.03.25-11.45.27:790][801]LogModuleManager: Shutting down and abandoning module AllDesktopTargetPlatform (89)
[2019.03.25-11.45.27:790][801]LogModuleManager: Shutting down and abandoning module InputCore (86)
[2019.03.25-11.45.27:790][801]LogModuleManager: Shutting down and abandoning module Settings (84)
[2019.03.25-11.45.27:790][801]LogModuleManager: Shutting down and abandoning module PhysXCooking (82)
[2019.03.25-11.45.27:790][801]LogModuleManager: Shutting down and abandoning module SteamVR (80)
[2019.03.25-11.45.27:790][801]LogHMD: Freeing OpenVRDLLHandle.
[2019.03.25-11.45.27:790][801]LogModuleManager: Shutting down and abandoning module OculusHMD (78)
[2019.03.25-11.45.27:790][801]LogModuleManager: Shutting down and abandoning module ExampleDeviceProfileSelector (76)
[2019.03.25-11.45.27:790][801]LogModuleManager: Shutting down and abandoning module LauncherChunkInstaller (74)
[2019.03.25-11.45.27:790][801]LogModuleManager: Shutting down and abandoning module OnlineBlueprintSupport (72)
[2019.03.25-11.45.27:790][801]LogModuleManager: Shutting down and abandoning module OnlineSubsystem (68)
[2019.03.25-11.45.27:791][801]LogModuleManager: Shutting down and abandoning module XMPP (63)
[2019.03.25-11.45.27:791][801]LogModuleManager: Shutting down and abandoning module WebSockets (62)
[2019.03.25-11.45.27:806][801]LogModuleManager: Shutting down and abandoning module HTTP (59)
[2019.03.25-11.45.27:806][801]LogHttp: Display: Http module shutting down, but needs to wait on 1 outstanding Http requests:
[2019.03.25-11.45.27:806][801]LogHttp: Display: 	verb=[POST] url=[https://datarouter.ol.epicgames.com/datarouter/api/v1/public/data?SessionID=%7B2051E210-47F3-21A8-0F57-DA8F16146A68%7D&AppID=UEEditor.Rocket.Release&AppVersion=4.21.2-4753647%2B%2B%2BUE4%2BRelease-4.21&UserID=2ff5ed2b4ea7f5724d83e4a8c7a078f7%7C52cd936612ca433ba7244efdbd41ffd6%7C78f223e4-764e-43ef-abb9-045bc1b63efa&AppEnvironment=datacollector-binary&UploadType=eteventstream] status=Processing
[2019.03.25-11.45.27:820][801]LogModuleManager: Shutting down and abandoning module SSL (58)
[2019.03.25-11.45.27:821][801]LogModuleManager: Shutting down and abandoning module MagicLeapIdentity (54)
[2019.03.25-11.45.27:821][801]LogModuleManager: Shutting down and abandoning module MagicLeapHelperVulkan (52)
[2019.03.25-11.45.27:821][801]LogModuleManager: Shutting down and abandoning module MagicLeapHelperOpenGL (50)
[2019.03.25-11.45.27:821][801]LogModuleManager: Shutting down and abandoning module MagicLeapSecureStorage (48)
[2019.03.25-11.45.27:821][801]LogModuleManager: Shutting down and abandoning module MagicLeapHandTracking (46)
[2019.03.25-11.45.27:821][801]LogModuleManager: Shutting down and abandoning module MagicLeapEyeTracker (44)
[2019.03.25-11.45.27:821][801]LogModuleManager: Shutting down and abandoning module MagicLeapController (42)
[2019.03.25-11.45.27:822][801]LogSlate: Slate User Destroyed.  User Index 0, Is Virtual User: 0
[2019.03.25-11.45.27:822][801]LogModuleManager: Shutting down and abandoning module MagicLeap (40)
[2019.03.25-11.45.27:822][801]LogModuleManager: Shutting down and abandoning module DatasmithContent (38)
[2019.03.25-11.45.27:822][801]LogModuleManager: Shutting down and abandoning module AnimationModifiers (36)
[2019.03.25-11.45.27:822][801]LogModuleManager: Shutting down and abandoning module PropertyEditor (35)
[2019.03.25-11.45.27:822][801]LogModuleManager: Shutting down and abandoning module AudioEditor (32)
[2019.03.25-11.45.27:822][801]LogModuleManager: Shutting down and abandoning module TextureCompressor (30)
[2019.03.25-11.45.27:822][801]LogModuleManager: Shutting down and abandoning module ShaderCore (28)
[2019.03.25-11.45.27:822][801]LogModuleManager: Shutting down and abandoning module Landscape (26)
[2019.03.25-11.45.27:822][801]LogModuleManager: Shutting down and abandoning module SlateRHIRenderer (24)
[2019.03.25-11.45.27:823][801]LogModuleManager: Shutting down and abandoning module OpenGLDrv (22)
[2019.03.25-11.45.27:823][801]LogModuleManager: Shutting down and abandoning module D3D11RHI (20)
[2019.03.25-11.45.27:823][801]LogModuleManager: Shutting down and abandoning module AnimGraphRuntime (18)
[2019.03.25-11.45.27:823][801]LogModuleManager: Shutting down and abandoning module Renderer (16)
[2019.03.25-11.45.27:823][801]LogModuleManager: Shutting down and abandoning module Engine (14)
[2019.03.25-11.45.27:823][801]LogModuleManager: Shutting down and abandoning module CoreUObject (12)
[2019.03.25-11.45.27:823][801]LogModuleManager: Shutting down and abandoning module NetworkFile (10)
[2019.03.25-11.45.27:823][801]LogModuleManager: Shutting down and abandoning module CookedIterativeFile (8)
[2019.03.25-11.45.27:823][801]LogModuleManager: Shutting down and abandoning module StreamingFile (6)
[2019.03.25-11.45.27:823][801]LogModuleManager: Shutting down and abandoning module SandboxFile (4)
[2019.03.25-11.45.27:823][801]LogModuleManager: Shutting down and abandoning module PakFile (2)
[2019.03.25-11.45.27:831][801]LogExit: Exiting.
[2019.03.25-11.45.27:854][801]Log file closed, 03/25/19 12:45:27
