Log file open, 03/26/19 18:08:11
LogWindows: Failed to load 'aqProf.dll' (GetLastError=126)
LogWindows: File 'aqProf.dll' does not exist
LogWindows: Failed to load 'VtuneApi.dll' (GetLastError=126)
LogWindows: File 'VtuneApi.dll' does not exist
LogWindows: Failed to load 'VtuneApi32e.dll' (GetLastError=126)
LogWindows: File 'VtuneApi32e.dll' does not exist
LogConsoleResponse: Display: Failed to find resolution value strings in scalability ini. Falling back to default.
LogInit: Display: Running engine for game: PixelArcade
LogPakFile: Registered encryption key '00000000000000000000000000000000': 0 pak files mounted, 0 remain pending
LogPlatformFile: Not using cached read wrapper
LogTaskGraph: Started task graph with 5 named threads and 23 total threads with 3 sets of task threads.
LogStats: Stats thread started at 0.263280
LogD3D11RHI: Loaded GFSDK_Aftermath_Lib.x64.dll
LogICUInternationalization: ICU TimeZone Detection - Raw Offset: +1:00, Platform Override: ''
LogPluginManager: Mounting plugin Paper2D
LogPluginManager: Mounting plugin AISupport
LogPluginManager: Mounting plugin LightPropagationVolume
LogPluginManager: Mounting plugin ActorLayerUtilities
LogPluginManager: Mounting plugin CLionSourceCodeAccess
LogPluginManager: Mounting plugin CodeLiteSourceCodeAccess
LogPluginManager: Mounting plugin GitSourceControl
LogPluginManager: Mounting plugin KDevelopSourceCodeAccess
LogPluginManager: Mounting plugin NullSourceCodeAccess
LogPluginManager: Mounting plugin PerforceSourceControl
LogPluginManager: Mounting plugin SubversionSourceControl
LogPluginManager: Mounting plugin UObjectPlugin
LogPluginManager: Mounting plugin VisualStudioCodeSourceCodeAccess
LogPluginManager: Mounting plugin VisualStudioSourceCodeAccess
LogPluginManager: Mounting plugin XCodeSourceCodeAccess
LogPluginManager: Mounting plugin AssetManagerEditor
LogPluginManager: Mounting plugin CryptoKeys
LogPluginManager: Mounting plugin DataValidation
LogPluginManager: Mounting plugin FacialAnimation
LogPluginManager: Mounting plugin GameplayTagsEditor
LogPluginManager: Mounting plugin MacGraphicsSwitching
LogPluginManager: Mounting plugin MeshEditor
LogPluginManager: Mounting plugin MobileLauncherProfileWizard
LogPluginManager: Mounting plugin PluginBrowser
LogPluginManager: Mounting plugin SpeedTreeImporter
LogPluginManager: Mounting plugin DatasmithContent
LogPluginManager: Mounting plugin VariantManagerContent
LogPluginManager: Mounting plugin AlembicImporter
LogPluginManager: Mounting plugin AppleImageUtils
LogPluginManager: Mounting plugin AppleVision
LogPluginManager: Mounting plugin BackChannel
LogPluginManager: Mounting plugin CharacterAI
LogPluginManager: Mounting plugin GeometryCache
LogPluginManager: Mounting plugin HTML5Networking
LogPluginManager: Mounting plugin ProxyLODPlugin
LogPluginManager: Mounting plugin MagicLeap
LogPluginManager: Mounting plugin MagicLeapMedia
LogPluginManager: Mounting plugin ProductivityTools
LogPluginManager: Mounting plugin AndroidMedia
LogPluginManager: Mounting plugin AvfMedia
LogPluginManager: Mounting plugin ImgMedia
LogPluginManager: Mounting plugin LinearTimecode
LogPluginManager: Mounting plugin MediaCompositing
LogPluginManager: Mounting plugin MediaPlayerEditor
LogPluginManager: Mounting plugin WebMMedia
LogPluginManager: Mounting plugin WmfMedia
LogPluginManager: Mounting plugin TcpMessaging
LogPluginManager: Mounting plugin UdpMessaging
LogPluginManager: Mounting plugin ActorSequence
LogPluginManager: Mounting plugin LevelSequenceEditor
LogPluginManager: Mounting plugin MatineeToLevelSequence
LogPluginManager: Mounting plugin NetcodeUnitTest
LogPluginManager: Mounting plugin NUTUnrealEngine4
LogPluginManager: Mounting plugin OnlineSubsystemGooglePlay
LogPluginManager: Mounting plugin OnlineSubsystemIOS
LogPluginManager: Mounting plugin OnlineSubsystem
LogPluginManager: Mounting plugin OnlineSubsystemNull
LogPluginManager: Mounting plugin OnlineSubsystemSteam
LogPluginManager: Mounting plugin OnlineSubsystemUtils
LogPluginManager: Mounting plugin LauncherChunkInstaller
LogPluginManager: Mounting plugin AndroidDeviceProfileSelector
LogPluginManager: Mounting plugin AndroidMoviePlayer
LogPluginManager: Mounting plugin AndroidPermission
LogPluginManager: Mounting plugin ApexDestruction
LogPluginManager: Mounting plugin AppleMoviePlayer
LogPluginManager: Mounting plugin ArchVisCharacter
LogPluginManager: Mounting plugin AudioCapture
LogPluginManager: Mounting plugin CableComponent
LogPluginManager: Mounting plugin CustomMeshComponent
LogPluginManager: Mounting plugin EditableMesh
LogPluginManager: Mounting plugin ExampleDeviceProfileSelector
LogPluginManager: Mounting plugin Firebase
LogPluginManager: Mounting plugin GoogleCloudMessaging
LogPluginManager: Mounting plugin IOSDeviceProfileSelector
LogPluginManager: Mounting plugin LinuxDeviceProfileSelector
LogPluginManager: Mounting plugin LocationServicesBPLibrary
LogPluginManager: Mounting plugin MobilePatchingUtils
LogPluginManager: Mounting plugin OculusVR
LogPluginManager: Mounting plugin PhysXVehicles
LogPluginManager: Mounting plugin ProceduralMeshComponent
LogPluginManager: Mounting plugin RuntimePhysXCooking
LogPluginManager: Mounting plugin SteamVR
LogPluginManager: Mounting plugin WebMMoviePlayer
LogPluginManager: Mounting plugin WindowsMoviePlayer
LogPluginManager: Mounting plugin AdvancedSessions
LogPluginManager: Mounting plugin AdvancedSteamSessions
LogStreaming: Display: Took  0.050s to configure plugins.
LogInit: Using libcurl 7.55.1-DEV
LogInit:  - built for x86_64-pc-win32
LogInit:  - supports SSL with OpenSSL/1.0.2h
LogInit:  - supports HTTP deflate (compression) using libz 1.2.8
LogInit:  - other features:
LogInit:      CURL_VERSION_SSL
LogInit:      CURL_VERSION_LIBZ
LogInit:      CURL_VERSION_IPV6
LogInit:      CURL_VERSION_ASYNCHDNS
LogInit:      CURL_VERSION_LARGEFILE
LogInit:      CURL_VERSION_IDN
LogInit:  CurlRequestOptions (configurable via config and command line):
LogInit:  - bVerifyPeer = true  - Libcurl will verify peer certificate
LogInit:  - bUseHttpProxy = false  - Libcurl will NOT use HTTP proxy
LogInit:  - bDontReuseConnections = false  - Libcurl will reuse connections
LogInit:  - MaxHostConnections = 16  - Libcurl will limit the number of connections to a host
LogInit:  - LocalHostAddr = Default
LogInit:  - BufferSize = 65536
LogOnline: Display: STEAM: Loading Steam SDK 1.39
LogOnline: STEAM: Steam User is subscribed 1
LogOnline: STEAM: [AppId: 480] Client API initialized 1
LogOnline: STEAM: [AppId: 480] Game Server API initialized 1
LogInit: WinSock: version 1.1 (2.2), MaxSocks=32767, MaxUdp=65467
LogInit: Build: ++UE4+Release-4.21-CL-4753647
LogInit: Engine Version: 4.21.2-4753647+++UE4+Release-4.21
LogInit: Compatible Engine Version: 4.21.0-4541578+++UE4+Release-4.21
LogInit: Net CL: 4541578
LogInit: OS: Windows 10 (), CPU: Intel(R) Core(TM) i7-7700K CPU @ 4.20GHz, GPU: NVIDIA GeForce GTX 1080
LogInit: Compiled (64-bit): Jan 19 2019 02:07:31
LogInit: Compiled with Visual C++: 19.13.26129.00
LogInit: Build Configuration: Development
LogInit: Branch Name: ++UE4+Release-4.21
LogInit: Command Line:  /Game/PixelWorlds/PixelMenu -game -PIEVIACONSOLE -ResX=1280 -ResY=720 -Multiprocess -messaging -SessionName="Play in Standalone Game" -windowed
LogInit: Base Directory: D:/Program Files/Epic Games/UE_4.21/Engine/Binaries/Win64/
LogInit: Installed Engine Build: 1
LogDevObjectVersion: Number of dev versions registered: 22
LogDevObjectVersion:   Dev-Blueprints (B0D832E4-1F89-4F0D-ACCF-7EB736FD4AA2): 10
LogDevObjectVersion:   Dev-Build (E1C64328-A22C-4D53-A36C-8E866417BD8C): 0
LogDevObjectVersion:   Dev-Core (375EC13C-06E4-48FB-B500-84F0262A717E): 2
LogDevObjectVersion:   Dev-Editor (E4B068ED-F494-42E9-A231-DA0B2E46BB41): 26
LogDevObjectVersion:   Dev-Framework (CFFC743F-43B0-4480-9391-14DF171D2073): 34
LogDevObjectVersion:   Dev-Mobile (B02B49B5-BB20-44E9-A304-32B752E40360): 2
LogDevObjectVersion:   Dev-Networking (A4E4105C-59A1-49B5-A7C5-40C4547EDFEE): 0
LogDevObjectVersion:   Dev-Online (39C831C9-5AE6-47DC-9A44-9C173E1C8E7C): 0
LogDevObjectVersion:   Dev-Physics (78F01B33-EBEA-4F98-B9B4-84EACCB95AA2): 0
LogDevObjectVersion:   Dev-Platform (6631380F-2D4D-43E0-8009-CF276956A95A): 0
LogDevObjectVersion:   Dev-Rendering (12F88B9F-8875-4AFC-A67C-D90C383ABD29): 27
LogDevObjectVersion:   Dev-Sequencer (7B5AE74C-D270-4C10-A958-57980B212A5A): 9
LogDevObjectVersion:   Dev-VR (D7296918-1DD6-4BDD-9DE2-64A83CC13884): 2
LogDevObjectVersion:   Dev-LoadTimes (C2A15278-BFE7-4AFE-6C17-90FF531DF755): 1
LogDevObjectVersion:   Private-Geometry (6EACA3D4-40EC-4CC1-B786-8BED09428FC5): 3
LogDevObjectVersion:   Dev-AnimPhys (29E575DD-E0A3-4627-9D10-D276232CDCEA): 17
LogDevObjectVersion:   Dev-Anim (AF43A65D-7FD3-4947-9873-3E8ED9C1BB05): 2
LogDevObjectVersion:   Dev-ReflectionCapture (6B266CEC-1EC7-4B8F-A30B-E4D90942FC07): 1
LogDevObjectVersion:   Dev-Automation (0DF73D61-A23F-47EA-B727-89E90C41499A): 1
LogDevObjectVersion:   FortniteMain (601D1886-AC64-4F84-AA16-D3DE0DEAC7D6): 17
LogDevObjectVersion:   Dev-Enterprise (9DFFBCD6-494F-0158-E221-12823C92A888): 4
LogDevObjectVersion:   Dev-Niagara (F2AED0AC-9AFE-416F-8664-AA7FFA26D6FC): 1
LogStreaming: Display: Took  0.006s to delete old logs.
LogInit: Presizing for max 8388607 objects, including 0 objects not considered by GC, pre-allocating 0 bytes for permanent pool.
LogInit: Object subsystem initialized
LogConfig: Setting CVar [[con.DebugEarlyDefault:1]]
LogConfig: Setting CVar [[r.setres:1280x720]]
[2019.03.26-17.08.11:473][  0]LogConfig: Setting CVar [[con.DebugEarlyDefault:1]]
[2019.03.26-17.08.11:473][  0]LogConfig: Setting CVar [[r.setres:1280x720]]
[2019.03.26-17.08.11:473][  0]LogConfig: Applying CVar settings from Section [/Script/Engine.RendererSettings] File [C:/Users/joeym/OneDrive/Documenten/GitHub/PixelArcade/Saved/Config/Windows/Engine.ini]
[2019.03.26-17.08.11:473][  0]LogConfig: Setting CVar [[r.GPUCrashDebugging:0]]
[2019.03.26-17.08.11:473][  0]LogConfig: Applying CVar settings from Section [/Script/Engine.RendererOverrideSettings] File [C:/Users/joeym/OneDrive/Documenten/GitHub/PixelArcade/Saved/Config/Windows/Engine.ini]
[2019.03.26-17.08.11:473][  0]LogConfig: Applying CVar settings from Section [/Script/Engine.StreamingSettings] File [C:/Users/joeym/OneDrive/Documenten/GitHub/PixelArcade/Saved/Config/Windows/Engine.ini]
[2019.03.26-17.08.11:473][  0]LogConfig: Setting CVar [[s.MinBulkDataSizeForAsyncLoading:131072]]
[2019.03.26-17.08.11:473][  0]LogConfig: Setting CVar [[s.AsyncLoadingThreadEnabled:0]]
[2019.03.26-17.08.11:473][  0]LogConfig: Setting CVar [[s.EventDrivenLoaderEnabled:1]]
[2019.03.26-17.08.11:473][  0]LogConfig: Setting CVar [[s.WarnIfTimeLimitExceeded:0]]
[2019.03.26-17.08.11:473][  0]LogConfig: Setting CVar [[s.TimeLimitExceededMultiplier:1.5]]
[2019.03.26-17.08.11:473][  0]LogConfig: Setting CVar [[s.TimeLimitExceededMinTime:0.005]]
[2019.03.26-17.08.11:473][  0]LogConfig: Setting CVar [[s.UseBackgroundLevelStreaming:1]]
[2019.03.26-17.08.11:473][  0]LogConfig: Setting CVar [[s.PriorityAsyncLoadingExtraTime:15.0]]
[2019.03.26-17.08.11:473][  0]LogConfig: Setting CVar [[s.LevelStreamingActorsUpdateTimeLimit:5.0]]
[2019.03.26-17.08.11:473][  0]LogConfig: Setting CVar [[s.PriorityLevelStreamingActorsUpdateExtraTime:5.0]]
[2019.03.26-17.08.11:473][  0]LogConfig: Setting CVar [[s.LevelStreamingComponentsRegistrationGranularity:10]]
[2019.03.26-17.08.11:473][  0]LogConfig: Setting CVar [[s.UnregisterComponentsTimeLimit:1.0]]
[2019.03.26-17.08.11:473][  0]LogConfig: Setting CVar [[s.LevelStreamingComponentsUnregistrationGranularity:5]]
[2019.03.26-17.08.11:473][  0]LogConfig: Applying CVar settings from Section [/Script/Engine.GarbageCollectionSettings] File [C:/Users/joeym/OneDrive/Documenten/GitHub/PixelArcade/Saved/Config/Windows/Engine.ini]
[2019.03.26-17.08.11:473][  0]LogConfig: Setting CVar [[gc.MaxObjectsNotConsideredByGC:1]]
[2019.03.26-17.08.11:473][  0]LogConfig: Setting CVar [[gc.SizeOfPermanentObjectPool:0]]
[2019.03.26-17.08.11:473][  0]LogConfig: Setting CVar [[gc.FlushStreamingOnGC:0]]
[2019.03.26-17.08.11:473][  0]LogConfig: Setting CVar [[gc.NumRetriesBeforeForcingGC:10]]
[2019.03.26-17.08.11:473][  0]LogConfig: Setting CVar [[gc.AllowParallelGC:1]]
[2019.03.26-17.08.11:473][  0]LogConfig: Setting CVar [[gc.TimeBetweenPurgingPendingKillObjects:61.1]]
[2019.03.26-17.08.11:473][  0]LogConfig: Setting CVar [[gc.MaxObjectsInEditor:8388607]]
[2019.03.26-17.08.11:473][  0]LogConfig: Setting CVar [[gc.IncrementalBeginDestroyEnabled:1]]
[2019.03.26-17.08.11:473][  0]LogConfig: Setting CVar [[gc.CreateGCClusters:1]]
[2019.03.26-17.08.11:473][  0]LogConfig: Setting CVar [[gc.MergeGCClusters:0]]
[2019.03.26-17.08.11:473][  0]LogConfig: Setting CVar [[gc.MinGCClusterSize:5]]
[2019.03.26-17.08.11:473][  0]LogConfig: Setting CVar [[gc.ActorClusteringEnabled:0]]
[2019.03.26-17.08.11:474][  0]LogConfig: Setting CVar [[gc.BlueprintClusteringEnabled:0]]
[2019.03.26-17.08.11:474][  0]LogConfig: Setting CVar [[gc.UseDisregardForGCOnDedicatedServers:0]]
[2019.03.26-17.08.11:474][  0]LogConfig: Applying CVar settings from Section [/Script/Engine.NetworkSettings] File [C:/Users/joeym/OneDrive/Documenten/GitHub/PixelArcade/Saved/Config/Windows/Engine.ini]
[2019.03.26-17.08.11:474][  0]LogConfig: Applying CVar settings from Section [/Script/UnrealEd.CookerSettings] File [C:/Users/joeym/OneDrive/Documenten/GitHub/PixelArcade/Saved/Config/Windows/Engine.ini]
[2019.03.26-17.08.11:483][  0]LogConfig: Applying CVar settings from Section [ViewDistanceQuality@3] File [C:/Users/joeym/OneDrive/Documenten/GitHub/PixelArcade/Saved/Config/Windows/Scalability.ini]
[2019.03.26-17.08.11:483][  0]LogConfig: Setting CVar [[r.SkeletalMeshLODBias:0]]
[2019.03.26-17.08.11:483][  0]LogConfig: Setting CVar [[r.ViewDistanceScale:1.0]]
[2019.03.26-17.08.11:483][  0]LogConfig: Applying CVar settings from Section [AntiAliasingQuality@3] File [C:/Users/joeym/OneDrive/Documenten/GitHub/PixelArcade/Saved/Config/Windows/Scalability.ini]
[2019.03.26-17.08.11:483][  0]LogConfig: Setting CVar [[r.PostProcessAAQuality:4]]
[2019.03.26-17.08.11:483][  0]LogConfig: Applying CVar settings from Section [ShadowQuality@3] File [C:/Users/joeym/OneDrive/Documenten/GitHub/PixelArcade/Saved/Config/Windows/Scalability.ini]
[2019.03.26-17.08.11:483][  0]LogConfig: Setting CVar [[r.LightFunctionQuality:1]]
[2019.03.26-17.08.11:483][  0]LogConfig: Setting CVar [[r.ShadowQuality:5]]
[2019.03.26-17.08.11:483][  0]LogConfig: Setting CVar [[r.Shadow.CSM.MaxCascades:10]]
[2019.03.26-17.08.11:483][  0]LogConfig: Setting CVar [[r.Shadow.MaxResolution:2048]]
[2019.03.26-17.08.11:483][  0]LogConfig: Setting CVar [[r.Shadow.MaxCSMResolution:2048]]
[2019.03.26-17.08.11:483][  0]LogConfig: Setting CVar [[r.Shadow.RadiusThreshold:0.01]]
[2019.03.26-17.08.11:483][  0]LogConfig: Setting CVar [[r.Shadow.DistanceScale:1.0]]
[2019.03.26-17.08.11:483][  0]LogConfig: Setting CVar [[r.Shadow.CSM.TransitionScale:1.0]]
[2019.03.26-17.08.11:483][  0]LogConfig: Setting CVar [[r.Shadow.PreShadowResolutionFactor:1.0]]
[2019.03.26-17.08.11:483][  0]LogConfig: Setting CVar [[r.DistanceFieldShadowing:1]]
[2019.03.26-17.08.11:483][  0]LogConfig: Setting CVar [[r.DistanceFieldAO:1]]
[2019.03.26-17.08.11:483][  0]LogConfig: Setting CVar [[r.AOQuality:2]]
[2019.03.26-17.08.11:483][  0]LogConfig: Setting CVar [[r.VolumetricFog:1]]
[2019.03.26-17.08.11:483][  0]LogConfig: Setting CVar [[r.VolumetricFog.GridPixelSize:8]]
[2019.03.26-17.08.11:483][  0]LogConfig: Setting CVar [[r.VolumetricFog.GridSizeZ:128]]
[2019.03.26-17.08.11:483][  0]LogConfig: Setting CVar [[r.VolumetricFog.HistoryMissSupersampleCount:4]]
[2019.03.26-17.08.11:483][  0]LogConfig: Setting CVar [[r.LightMaxDrawDistanceScale:1]]
[2019.03.26-17.08.11:483][  0]LogConfig: Setting CVar [[r.CapsuleShadows:1]]
[2019.03.26-17.08.11:483][  0]LogConfig: Applying CVar settings from Section [PostProcessQuality@3] File [C:/Users/joeym/OneDrive/Documenten/GitHub/PixelArcade/Saved/Config/Windows/Scalability.ini]
[2019.03.26-17.08.11:483][  0]LogConfig: Setting CVar [[r.MotionBlurQuality:4]]
[2019.03.26-17.08.11:483][  0]LogConfig: Setting CVar [[r.AmbientOcclusionMipLevelFactor:0.4]]
[2019.03.26-17.08.11:483][  0]LogConfig: Setting CVar [[r.AmbientOcclusionMaxQuality:100]]
[2019.03.26-17.08.11:483][  0]LogConfig: Setting CVar [[r.AmbientOcclusionLevels:-1]]
[2019.03.26-17.08.11:483][  0]LogConfig: Setting CVar [[r.AmbientOcclusionRadiusScale:1.0]]
[2019.03.26-17.08.11:483][  0]LogConfig: Setting CVar [[r.DepthOfFieldQuality:2]]
[2019.03.26-17.08.11:483][  0]LogConfig: Setting CVar [[r.RenderTargetPoolMin:400]]
[2019.03.26-17.08.11:483][  0]LogConfig: Setting CVar [[r.LensFlareQuality:2]]
[2019.03.26-17.08.11:483][  0]LogConfig: Setting CVar [[r.SceneColorFringeQuality:1]]
[2019.03.26-17.08.11:483][  0]LogConfig: Setting CVar [[r.EyeAdaptationQuality:2]]
[2019.03.26-17.08.11:483][  0]LogConfig: Setting CVar [[r.BloomQuality:5]]
[2019.03.26-17.08.11:483][  0]LogConfig: Setting CVar [[r.FastBlurThreshold:100]]
[2019.03.26-17.08.11:484][  0]LogConfig: Setting CVar [[r.Upscale.Quality:3]]
[2019.03.26-17.08.11:484][  0]LogConfig: Setting CVar [[r.Tonemapper.GrainQuantization:1]]
[2019.03.26-17.08.11:484][  0]LogConfig: Setting CVar [[r.LightShaftQuality:1]]
[2019.03.26-17.08.11:484][  0]LogConfig: Setting CVar [[r.Filter.SizeScale:1]]
[2019.03.26-17.08.11:484][  0]LogConfig: Setting CVar [[r.Tonemapper.Quality:5]]
[2019.03.26-17.08.11:484][  0]LogConfig: Setting CVar [[r.DOF.Gather.AccumulatorQuality:1        ; higher gathering accumulator quality]]
[2019.03.26-17.08.11:484][  0]LogConfig: Setting CVar [[r.DOF.Gather.PostfilterMethod:1          ; Median3x3 postfilering method]]
[2019.03.26-17.08.11:484][  0]LogConfig: Setting CVar [[r.DOF.Gather.EnableBokehSettings:0       ; no bokeh simulation when gathering]]
[2019.03.26-17.08.11:484][  0]LogConfig: Setting CVar [[r.DOF.Gather.RingCount:4                 ; medium number of samples when gathering]]
[2019.03.26-17.08.11:484][  0]LogConfig: Setting CVar [[r.DOF.Scatter.ForegroundCompositing:1    ; additive foreground scattering]]
[2019.03.26-17.08.11:484][  0]LogConfig: Setting CVar [[r.DOF.Scatter.BackgroundCompositing:2    ; additive background scattering]]
[2019.03.26-17.08.11:484][  0]LogConfig: Setting CVar [[r.DOF.Scatter.EnableBokehSettings:1      ; bokeh simulation when scattering]]
[2019.03.26-17.08.11:484][  0]LogConfig: Setting CVar [[r.DOF.Scatter.MaxSpriteRatio:0.1         ; only a maximum of 10% of scattered bokeh]]
[2019.03.26-17.08.11:484][  0]LogConfig: Setting CVar [[r.DOF.Recombine.Quality:1                ; cheap slight out of focus]]
[2019.03.26-17.08.11:484][  0]LogConfig: Setting CVar [[r.DOF.Recombine.EnableBokehSettings:0    ; no bokeh simulation on slight out of focus]]
[2019.03.26-17.08.11:484][  0]LogConfig: Setting CVar [[r.DOF.TemporalAAQuality:1                ; more stable temporal accumulation]]
[2019.03.26-17.08.11:484][  0]LogConfig: Setting CVar [[r.DOF.Kernel.MaxForegroundRadius:0.025]]
[2019.03.26-17.08.11:484][  0]LogConfig: Setting CVar [[r.DOF.Kernel.MaxBackgroundRadius:0.025]]
[2019.03.26-17.08.11:484][  0]LogConfig: Applying CVar settings from Section [TextureQuality@3] File [C:/Users/joeym/OneDrive/Documenten/GitHub/PixelArcade/Saved/Config/Windows/Scalability.ini]
[2019.03.26-17.08.11:484][  0]LogConfig: Setting CVar [[r.Streaming.MipBias:0]]
[2019.03.26-17.08.11:484][  0]LogConfig: Setting CVar [[r.Streaming.AmortizeCPUToGPUCopy:0]]
[2019.03.26-17.08.11:484][  0]LogConfig: Setting CVar [[r.Streaming.MaxNumTexturesToStreamPerFrame:0]]
[2019.03.26-17.08.11:484][  0]LogConfig: Setting CVar [[r.Streaming.Boost:1]]
[2019.03.26-17.08.11:484][  0]LogConfig: Setting CVar [[r.MaxAnisotropy:8]]
[2019.03.26-17.08.11:484][  0]LogConfig: Setting CVar [[r.Streaming.LimitPoolSizeToVRAM:0]]
[2019.03.26-17.08.11:484][  0]LogConfig: Setting CVar [[r.Streaming.PoolSize:1000]]
[2019.03.26-17.08.11:484][  0]LogConfig: Setting CVar [[r.Streaming.MaxEffectiveScreenSize:0]]
[2019.03.26-17.08.11:484][  0]LogConfig: Applying CVar settings from Section [EffectsQuality@3] File [C:/Users/joeym/OneDrive/Documenten/GitHub/PixelArcade/Saved/Config/Windows/Scalability.ini]
[2019.03.26-17.08.11:484][  0]LogConfig: Setting CVar [[r.TranslucencyLightingVolumeDim:64]]
[2019.03.26-17.08.11:484][  0]LogConfig: Setting CVar [[r.RefractionQuality:2]]
[2019.03.26-17.08.11:484][  0]LogConfig: Setting CVar [[r.SSR.Quality:3]]
[2019.03.26-17.08.11:484][  0]LogConfig: Setting CVar [[r.SceneColorFormat:4]]
[2019.03.26-17.08.11:484][  0]LogConfig: Setting CVar [[r.DetailMode:2]]
[2019.03.26-17.08.11:484][  0]LogConfig: Setting CVar [[r.TranslucencyVolumeBlur:1]]
[2019.03.26-17.08.11:484][  0]LogConfig: Setting CVar [[r.MaterialQualityLevel:1 ; High quality]]
[2019.03.26-17.08.11:484][  0]LogConfig: Setting CVar [[r.SSS.Scale:1]]
[2019.03.26-17.08.11:484][  0]LogConfig: Setting CVar [[r.SSS.SampleSet:2]]
[2019.03.26-17.08.11:484][  0]LogConfig: Setting CVar [[r.SSS.Quality:1]]
[2019.03.26-17.08.11:484][  0]LogConfig: Setting CVar [[r.SSS.HalfRes:1]]
[2019.03.26-17.08.11:484][  0]LogConfig: Setting CVar [[r.EmitterSpawnRateScale:1.0]]
[2019.03.26-17.08.11:484][  0]LogConfig: Setting CVar [[r.ParticleLightQuality:2]]
[2019.03.26-17.08.11:484][  0]LogConfig: Applying CVar settings from Section [FoliageQuality@3] File [C:/Users/joeym/OneDrive/Documenten/GitHub/PixelArcade/Saved/Config/Windows/Scalability.ini]
[2019.03.26-17.08.11:484][  0]LogConfig: Setting CVar [[foliage.DensityScale:1.0]]
[2019.03.26-17.08.11:484][  0]LogConfig: Setting CVar [[grass.DensityScale:1.0]]
[2019.03.26-17.08.11:484][  0]LogInit: Selected Device Profile: [Windows]
[2019.03.26-17.08.11:485][  0]LogInit: Applying CVar settings loaded from the selected device profile: [Windows]
[2019.03.26-17.08.11:489][  0]LogHAL: Display: Platform has ~ 16 GB [17106059264 / 17179869184 / 16], which maps to Larger [LargestMinGB=32, LargerMinGB=12, DefaultMinGB=8, SmallerMinGB=6, SmallestMinGB=0)
[2019.03.26-17.08.11:489][  0]LogConfig: Setting CVar [[r.Vulkan.UseRealUBs:1]]
[2019.03.26-17.08.11:489][  0]LogInit: Going up to parent DeviceProfile []
[2019.03.26-17.08.11:489][  0]LogConfig: Applying CVar settings from Section [ViewDistanceQuality@3] File [C:/Users/joeym/OneDrive/Documenten/GitHub/PixelArcade/Saved/Config/Windows/Scalability.ini]
[2019.03.26-17.08.11:489][  0]LogConfig: Setting CVar [[r.SkeletalMeshLODBias:0]]
[2019.03.26-17.08.11:489][  0]LogConfig: Setting CVar [[r.ViewDistanceScale:1.0]]
[2019.03.26-17.08.11:489][  0]LogConfig: Applying CVar settings from Section [AntiAliasingQuality@3] File [C:/Users/joeym/OneDrive/Documenten/GitHub/PixelArcade/Saved/Config/Windows/Scalability.ini]
[2019.03.26-17.08.11:489][  0]LogConfig: Setting CVar [[r.PostProcessAAQuality:4]]
[2019.03.26-17.08.11:489][  0]LogConfig: Applying CVar settings from Section [ShadowQuality@3] File [C:/Users/joeym/OneDrive/Documenten/GitHub/PixelArcade/Saved/Config/Windows/Scalability.ini]
[2019.03.26-17.08.11:489][  0]LogConfig: Setting CVar [[r.LightFunctionQuality:1]]
[2019.03.26-17.08.11:489][  0]LogConfig: Setting CVar [[r.ShadowQuality:5]]
[2019.03.26-17.08.11:489][  0]LogConfig: Setting CVar [[r.Shadow.CSM.MaxCascades:10]]
[2019.03.26-17.08.11:489][  0]LogConfig: Setting CVar [[r.Shadow.MaxResolution:2048]]
[2019.03.26-17.08.11:489][  0]LogConfig: Setting CVar [[r.Shadow.MaxCSMResolution:2048]]
[2019.03.26-17.08.11:489][  0]LogConfig: Setting CVar [[r.Shadow.RadiusThreshold:0.01]]
[2019.03.26-17.08.11:489][  0]LogConfig: Setting CVar [[r.Shadow.DistanceScale:1.0]]
[2019.03.26-17.08.11:489][  0]LogConfig: Setting CVar [[r.Shadow.CSM.TransitionScale:1.0]]
[2019.03.26-17.08.11:489][  0]LogConfig: Setting CVar [[r.Shadow.PreShadowResolutionFactor:1.0]]
[2019.03.26-17.08.11:489][  0]LogConfig: Setting CVar [[r.DistanceFieldShadowing:1]]
[2019.03.26-17.08.11:489][  0]LogConfig: Setting CVar [[r.DistanceFieldAO:1]]
[2019.03.26-17.08.11:489][  0]LogConfig: Setting CVar [[r.AOQuality:2]]
[2019.03.26-17.08.11:489][  0]LogConfig: Setting CVar [[r.VolumetricFog:1]]
[2019.03.26-17.08.11:489][  0]LogConfig: Setting CVar [[r.VolumetricFog.GridPixelSize:8]]
[2019.03.26-17.08.11:489][  0]LogConfig: Setting CVar [[r.VolumetricFog.GridSizeZ:128]]
[2019.03.26-17.08.11:489][  0]LogConfig: Setting CVar [[r.VolumetricFog.HistoryMissSupersampleCount:4]]
[2019.03.26-17.08.11:489][  0]LogConfig: Setting CVar [[r.LightMaxDrawDistanceScale:1]]
[2019.03.26-17.08.11:489][  0]LogConfig: Setting CVar [[r.CapsuleShadows:1]]
[2019.03.26-17.08.11:489][  0]LogConfig: Applying CVar settings from Section [PostProcessQuality@3] File [C:/Users/joeym/OneDrive/Documenten/GitHub/PixelArcade/Saved/Config/Windows/Scalability.ini]
[2019.03.26-17.08.11:489][  0]LogConfig: Setting CVar [[r.MotionBlurQuality:4]]
[2019.03.26-17.08.11:489][  0]LogConfig: Setting CVar [[r.AmbientOcclusionMipLevelFactor:0.4]]
[2019.03.26-17.08.11:489][  0]LogConfig: Setting CVar [[r.AmbientOcclusionMaxQuality:100]]
[2019.03.26-17.08.11:489][  0]LogConfig: Setting CVar [[r.AmbientOcclusionLevels:-1]]
[2019.03.26-17.08.11:489][  0]LogConfig: Setting CVar [[r.AmbientOcclusionRadiusScale:1.0]]
[2019.03.26-17.08.11:489][  0]LogConfig: Setting CVar [[r.DepthOfFieldQuality:2]]
[2019.03.26-17.08.11:489][  0]LogConfig: Setting CVar [[r.RenderTargetPoolMin:400]]
[2019.03.26-17.08.11:489][  0]LogConfig: Setting CVar [[r.LensFlareQuality:2]]
[2019.03.26-17.08.11:489][  0]LogConfig: Setting CVar [[r.SceneColorFringeQuality:1]]
[2019.03.26-17.08.11:489][  0]LogConfig: Setting CVar [[r.EyeAdaptationQuality:2]]
[2019.03.26-17.08.11:489][  0]LogConfig: Setting CVar [[r.BloomQuality:5]]
[2019.03.26-17.08.11:489][  0]LogConfig: Setting CVar [[r.FastBlurThreshold:100]]
[2019.03.26-17.08.11:489][  0]LogConfig: Setting CVar [[r.Upscale.Quality:3]]
[2019.03.26-17.08.11:489][  0]LogConfig: Setting CVar [[r.Tonemapper.GrainQuantization:1]]
[2019.03.26-17.08.11:489][  0]LogConfig: Setting CVar [[r.LightShaftQuality:1]]
[2019.03.26-17.08.11:489][  0]LogConfig: Setting CVar [[r.Filter.SizeScale:1]]
[2019.03.26-17.08.11:489][  0]LogConfig: Setting CVar [[r.Tonemapper.Quality:5]]
[2019.03.26-17.08.11:489][  0]LogConfig: Setting CVar [[r.DOF.Gather.AccumulatorQuality:1        ; higher gathering accumulator quality]]
[2019.03.26-17.08.11:489][  0]LogConfig: Setting CVar [[r.DOF.Gather.PostfilterMethod:1          ; Median3x3 postfilering method]]
[2019.03.26-17.08.11:489][  0]LogConfig: Setting CVar [[r.DOF.Gather.EnableBokehSettings:0       ; no bokeh simulation when gathering]]
[2019.03.26-17.08.11:489][  0]LogConfig: Setting CVar [[r.DOF.Gather.RingCount:4                 ; medium number of samples when gathering]]
[2019.03.26-17.08.11:489][  0]LogConfig: Setting CVar [[r.DOF.Scatter.ForegroundCompositing:1    ; additive foreground scattering]]
[2019.03.26-17.08.11:489][  0]LogConfig: Setting CVar [[r.DOF.Scatter.BackgroundCompositing:2    ; additive background scattering]]
[2019.03.26-17.08.11:489][  0]LogConfig: Setting CVar [[r.DOF.Scatter.EnableBokehSettings:1      ; bokeh simulation when scattering]]
[2019.03.26-17.08.11:489][  0]LogConfig: Setting CVar [[r.DOF.Scatter.MaxSpriteRatio:0.1         ; only a maximum of 10% of scattered bokeh]]
[2019.03.26-17.08.11:489][  0]LogConfig: Setting CVar [[r.DOF.Recombine.Quality:1                ; cheap slight out of focus]]
[2019.03.26-17.08.11:489][  0]LogConfig: Setting CVar [[r.DOF.Recombine.EnableBokehSettings:0    ; no bokeh simulation on slight out of focus]]
[2019.03.26-17.08.11:489][  0]LogConfig: Setting CVar [[r.DOF.TemporalAAQuality:1                ; more stable temporal accumulation]]
[2019.03.26-17.08.11:489][  0]LogConfig: Setting CVar [[r.DOF.Kernel.MaxForegroundRadius:0.025]]
[2019.03.26-17.08.11:489][  0]LogConfig: Setting CVar [[r.DOF.Kernel.MaxBackgroundRadius:0.025]]
[2019.03.26-17.08.11:489][  0]LogConfig: Applying CVar settings from Section [TextureQuality@3] File [C:/Users/joeym/OneDrive/Documenten/GitHub/PixelArcade/Saved/Config/Windows/Scalability.ini]
[2019.03.26-17.08.11:489][  0]LogConfig: Setting CVar [[r.Streaming.MipBias:0]]
[2019.03.26-17.08.11:489][  0]LogConfig: Setting CVar [[r.Streaming.AmortizeCPUToGPUCopy:0]]
[2019.03.26-17.08.11:489][  0]LogConfig: Setting CVar [[r.Streaming.MaxNumTexturesToStreamPerFrame:0]]
[2019.03.26-17.08.11:489][  0]LogConfig: Setting CVar [[r.Streaming.Boost:1]]
[2019.03.26-17.08.11:489][  0]LogConfig: Setting CVar [[r.MaxAnisotropy:8]]
[2019.03.26-17.08.11:489][  0]LogConfig: Setting CVar [[r.Streaming.LimitPoolSizeToVRAM:0]]
[2019.03.26-17.08.11:489][  0]LogConfig: Setting CVar [[r.Streaming.PoolSize:1000]]
[2019.03.26-17.08.11:489][  0]LogConfig: Setting CVar [[r.Streaming.MaxEffectiveScreenSize:0]]
[2019.03.26-17.08.11:489][  0]LogConfig: Applying CVar settings from Section [EffectsQuality@3] File [C:/Users/joeym/OneDrive/Documenten/GitHub/PixelArcade/Saved/Config/Windows/Scalability.ini]
[2019.03.26-17.08.11:489][  0]LogConfig: Setting CVar [[r.TranslucencyLightingVolumeDim:64]]
[2019.03.26-17.08.11:489][  0]LogConfig: Setting CVar [[r.RefractionQuality:2]]
[2019.03.26-17.08.11:489][  0]LogConfig: Setting CVar [[r.SSR.Quality:3]]
[2019.03.26-17.08.11:489][  0]LogConfig: Setting CVar [[r.SceneColorFormat:4]]
[2019.03.26-17.08.11:489][  0]LogConfig: Setting CVar [[r.DetailMode:2]]
[2019.03.26-17.08.11:489][  0]LogConfig: Setting CVar [[r.TranslucencyVolumeBlur:1]]
[2019.03.26-17.08.11:489][  0]LogConfig: Setting CVar [[r.MaterialQualityLevel:1 ; High quality]]
[2019.03.26-17.08.11:489][  0]LogConfig: Setting CVar [[r.SSS.Scale:1]]
[2019.03.26-17.08.11:489][  0]LogConfig: Setting CVar [[r.SSS.SampleSet:2]]
[2019.03.26-17.08.11:489][  0]LogConfig: Setting CVar [[r.SSS.Quality:1]]
[2019.03.26-17.08.11:489][  0]LogConfig: Setting CVar [[r.SSS.HalfRes:1]]
[2019.03.26-17.08.11:489][  0]LogConfig: Setting CVar [[r.EmitterSpawnRateScale:1.0]]
[2019.03.26-17.08.11:489][  0]LogConfig: Setting CVar [[r.ParticleLightQuality:2]]
[2019.03.26-17.08.11:489][  0]LogConfig: Applying CVar settings from Section [FoliageQuality@3] File [C:/Users/joeym/OneDrive/Documenten/GitHub/PixelArcade/Saved/Config/Windows/Scalability.ini]
[2019.03.26-17.08.11:490][  0]LogConfig: Setting CVar [[foliage.DensityScale:1.0]]
[2019.03.26-17.08.11:490][  0]LogConfig: Setting CVar [[grass.DensityScale:1.0]]
[2019.03.26-17.08.11:490][  0]LogConfig: Applying CVar settings from Section [Startup] File [../../../Engine/Config/ConsoleVariables.ini]
[2019.03.26-17.08.11:490][  0]LogConfig: Setting CVar [[net.UseAdaptiveNetUpdateFrequency:0]]
[2019.03.26-17.08.11:490][  0]LogConfig: Applying CVar settings from Section [ConsoleVariables] File [C:/Users/joeym/OneDrive/Documenten/GitHub/PixelArcade/Saved/Config/Windows/Engine.ini]
[2019.03.26-17.08.11:490][  0]LogInit: Computer: JOEYCOMPUTER
[2019.03.26-17.08.11:490][  0]LogInit: User: joeym
[2019.03.26-17.08.11:490][  0]LogInit: CPU Page size=4096, Cores=4
[2019.03.26-17.08.11:490][  0]LogInit: High frequency timer resolution =10.000000 MHz
[2019.03.26-17.08.11:490][  0]LogMemory: Memory total: Physical=15.9GB (16GB approx)
[2019.03.26-17.08.11:490][  0]LogMemory: Platform Memory Stats for Windows
[2019.03.26-17.08.11:490][  0]LogMemory: Process Physical Memory: 133.55 MB used, 133.56 MB peak
[2019.03.26-17.08.11:490][  0]LogMemory: Process Virtual Memory: 99.93 MB used, 99.93 MB peak
[2019.03.26-17.08.11:490][  0]LogMemory: Physical Memory: 7314.14 MB used,  8999.47 MB free, 16313.61 MB total
[2019.03.26-17.08.11:490][  0]LogMemory: Virtual Memory: 4773.31 MB used,  134212952.00 MB free, 134217728.00 MB total
[2019.03.26-17.08.11:516][  0]LogInit: Using OS detected language (nl-NL).
[2019.03.26-17.08.11:516][  0]LogInit: Using OS detected locale (nl-NL).
[2019.03.26-17.08.11:517][  0]LogTextLocalizationManager: No localization for 'nl-NL' exists, so 'en' will be used for the language.
[2019.03.26-17.08.11:517][  0]LogTextLocalizationManager: No localization for 'nl-NL' exists, so 'en' will be used for the locale.
[2019.03.26-17.08.11:852][  0]LogStreaming: Display: Took  0.336s to InitEngineTextLocalization.
[2019.03.26-17.08.11:878][  0]LogSlate: New Slate User Created.  User Index 0, Is Virtual User: 0
[2019.03.26-17.08.11:878][  0]LogSlate: Slate User Registered.  User Index 0, Is Virtual User: 0
[2019.03.26-17.08.11:891][  0]LogHMD: Failed to initialize OpenVR with code 110
[2019.03.26-17.08.11:891][  0]LogD3D11RHI: D3D11 adapters:
[2019.03.26-17.08.11:941][  0]LogD3D11RHI:    0. 'NVIDIA GeForce GTX 1080' (Feature Level 11_0)
[2019.03.26-17.08.11:941][  0]LogD3D11RHI:       8079/0/8156 MB DedicatedVideo/DedicatedSystem/SharedSystem, Outputs:3, VendorId:0x10de
[2019.03.26-17.08.11:944][  0]LogD3D11RHI:    1. 'Microsoft Basic Render Driver' (Feature Level 11_0)
[2019.03.26-17.08.11:944][  0]LogD3D11RHI:       0/0/8156 MB DedicatedVideo/DedicatedSystem/SharedSystem, Outputs:0, VendorId:0x1414
[2019.03.26-17.08.11:944][  0]LogD3D11RHI: Chosen D3D11 Adapter: 0
[2019.03.26-17.08.11:952][  0]LogD3D11RHI: Creating new Direct3DDevice
[2019.03.26-17.08.11:953][  0]LogD3D11RHI:     GPU DeviceId: 0x1b80 (for the marketing name, search the web for "GPU Device Id")
[2019.03.26-17.08.11:953][  0]LogWindows: EnumDisplayDevices:
[2019.03.26-17.08.11:953][  0]LogWindows:    0. 'NVIDIA GeForce GTX 1080' (P:1 D:1)
[2019.03.26-17.08.11:954][  0]LogWindows:    1. 'NVIDIA GeForce GTX 1080' (P:0 D:1)
[2019.03.26-17.08.11:954][  0]LogWindows:    2. 'NVIDIA GeForce GTX 1080' (P:0 D:1)
[2019.03.26-17.08.11:954][  0]LogWindows:    3. 'NVIDIA GeForce GTX 1080' (P:0 D:0)
[2019.03.26-17.08.11:955][  0]LogWindows: DebugString: FoundDriverCount:4 
[2019.03.26-17.08.11:955][  0]LogD3D11RHI:     Adapter Name: NVIDIA GeForce GTX 1080
[2019.03.26-17.08.11:955][  0]LogD3D11RHI:   Driver Version: 419.17 (internal:25.21.14.1917, unified:419.17)
[2019.03.26-17.08.11:955][  0]LogD3D11RHI:      Driver Date: 2-20-2019
[2019.03.26-17.08.11:955][  0]LogRHI: Texture pool is 5655 MB (70% of 8079 MB)
[2019.03.26-17.08.11:999][  0]LogD3D11RHI: Async texture creation enabled
[2019.03.26-17.08.12:013][  0]LogD3D11RHI: GPU Timing Frequency: 1000.000000 (Debug: 2 1)
[2019.03.26-17.08.12:441][  0]LogTemp: Display: Loaded TP WindowsClientTargetPlatform
[2019.03.26-17.08.12:451][  0]LogTemp: Display: Loaded TP WindowsNoEditorTargetPlatform
[2019.03.26-17.08.12:461][  0]LogTemp: Display: Loaded TP WindowsServerTargetPlatform
[2019.03.26-17.08.12:468][  0]LogTemp: Display: Loaded TP WindowsTargetPlatform
[2019.03.26-17.08.12:468][  0]LogTargetPlatformManager: Display: Building Assets For Windows
[2019.03.26-17.08.12:510][  0]LogShaderCompilers: Guid format shader working directory is -7 characters bigger than the processId version (C:/Users/joeym/OneDrive/Documenten/GitHub/PixelArcade/Intermediate/Shaders/WorkingDirectory/2928/).
[2019.03.26-17.08.12:510][  0]LogShaderCompilers: Cleaned the shader compiler working directory 'C:/Users/joeym/AppData/Local/Temp/UnrealShaderWorkingDir/431FC7074B70D03C23D90CA4593ED1C9/'.
[2019.03.26-17.08.12:511][  0]LogXGEController: Cannot use XGE Controller as Incredibuild is not installed on this machine.
[2019.03.26-17.08.12:511][  0]LogShaderCompilers: Cannot use XGE Shader Compiler as Incredibuild is not installed on this machine.
[2019.03.26-17.08.12:511][  0]LogShaderCompilers: Display: Using Local Shader Compiler.
[2019.03.26-17.08.12:936][  0]LogDerivedDataCache: Display: Max Cache Size: 512 MB
[2019.03.26-17.08.12:975][  0]LogDerivedDataCache: Loaded boot cache 0.04s 71MB C:/Users/joeym/AppData/Local/UnrealEngine/4.21/DerivedDataCache/Boot.ddc.
[2019.03.26-17.08.12:975][  0]LogDerivedDataCache: Display: Loaded Boot cache: C:/Users/joeym/AppData/Local/UnrealEngine/4.21/DerivedDataCache/Boot.ddc
[2019.03.26-17.08.12:975][  0]LogDerivedDataCache: FDerivedDataBackendGraph:  Pak pak cache file C:/Users/joeym/OneDrive/Documenten/GitHub/PixelArcade/DerivedDataCache/DDC.ddp not found, will not use a pak cache.
[2019.03.26-17.08.12:975][  0]LogDerivedDataCache: Unable to find inner node Pak for hierarchical cache Hierarchy.
[2019.03.26-17.08.12:975][  0]LogDerivedDataCache: FDerivedDataBackendGraph:  CompressedPak pak cache file C:/Users/joeym/OneDrive/Documenten/GitHub/PixelArcade/DerivedDataCache/Compressed.ddp not found, will not use a pak cache.
[2019.03.26-17.08.12:975][  0]LogDerivedDataCache: Unable to find inner node CompressedPak for hierarchical cache Hierarchy.
[2019.03.26-17.08.12:988][  0]LogDerivedDataCache: Display: Pak cache opened for reading ../../../Engine/DerivedDataCache/Compressed.ddp.
[2019.03.26-17.08.12:988][  0]LogDerivedDataCache: FDerivedDataBackendGraph:  EnterprisePak pak cache file ../../../Enterprise/DerivedDataCache/Compressed.ddp not found, will not use a pak cache.
[2019.03.26-17.08.12:988][  0]LogDerivedDataCache: Unable to find inner node EnterprisePak for hierarchical cache Hierarchy.
[2019.03.26-17.08.13:000][  0]LogDerivedDataCache: Using Local data cache path C:/Users/joeym/AppData/Local/UnrealEngine/Common/DerivedDataCache: Writable
[2019.03.26-17.08.13:000][  0]LogDerivedDataCache: Shared data cache path not found in *engine.ini, will not use an Shared cache.
[2019.03.26-17.08.13:000][  0]LogDerivedDataCache: Unable to find inner node Shared for hierarchical cache Hierarchy.
[2019.03.26-17.08.13:020][  0]LogMaterial: Verifying Global Shaders for PCD3D_SM5
[2019.03.26-17.08.13:021][  0]LogSlate: Using FreeType 2.6.0
[2019.03.26-17.08.13:021][  0]LogSlate: SlateFontServices - WITH_FREETYPE: 1, WITH_HARFBUZZ: 1
[2019.03.26-17.08.13:131][  0]LogInit: Using OS detected language (nl-NL).
[2019.03.26-17.08.13:131][  0]LogInit: Using OS detected locale (nl-NL).
[2019.03.26-17.08.13:131][  0]LogTextLocalizationManager: No localization for 'nl-NL' exists, so 'en' will be used for the language.
[2019.03.26-17.08.13:131][  0]LogTextLocalizationManager: No localization for 'nl-NL' exists, so 'en' will be used for the locale.
[2019.03.26-17.08.13:132][  0]LogStreaming: Display: Took  0.001s to InitGameTextLocalization.
[2019.03.26-17.08.13:137][  0]LogAssetRegistry: FAssetRegistry took 0.0029 seconds to start up
[2019.03.26-17.08.13:310][  0]LogPackageLocalizationCache: Processed 11 localized package path(s) for 1 prioritized culture(s) in 0.018985 seconds
[2019.03.26-17.08.13:406][  0]LogInit: Selected Device Profile: [Windows]
[2019.03.26-17.08.13:523][  0]LogSimplygon: Simplygon DLL not present - disabling.
[2019.03.26-17.08.13:526][  0]LogMeshReduction: Using SimplygonSwarm for distributed automatic mesh merging
[2019.03.26-17.08.13:526][  0]LogMeshReduction: Using ProxyLODMeshReduction for automatic mesh merging
[2019.03.26-17.08.13:526][  0]LogMeshReduction: Using QuadricMeshReduction for automatic static mesh reduction
[2019.03.26-17.08.13:526][  0]LogMeshReduction: No automatic skeletal mesh reduction module available
[2019.03.26-17.08.13:537][  0]LogNetVersion: PixelArcade 1.0.0, NetCL: 4541578, EngineNetVer: 5, GameNetVer: 0 (Checksum: 3322908292)
[2019.03.26-17.08.14:018][  0]LogMoviePlayer: Initializing movie player
[2019.03.26-17.08.14:113][  0]LogTcpMessaging: Initializing TcpMessaging bridge
[2019.03.26-17.08.14:126][  0]LogUdpMessaging: Initializing bridge on interface 0.0.0.0:0 to multicast group 230.0.0.1:6666.
[2019.03.26-17.08.14:192][  0]LogCollectionManager: Loaded 0 collections in 0.000775 seconds
[2019.03.26-17.08.14:216][  0]LogFileCache: Scanning file cache for directory 'C:/Users/joeym/OneDrive/Documenten/GitHub/PixelArcade/Saved/Collections/' took 0.01s
[2019.03.26-17.08.14:216][  0]LogFileCache: Scanning file cache for directory 'C:/Users/joeym/OneDrive/Documenten/GitHub/PixelArcade/Content/Developers/joeym/Collections/' took 0.01s
[2019.03.26-17.08.14:216][  0]LogFileCache: Scanning file cache for directory 'C:/Users/joeym/OneDrive/Documenten/GitHub/PixelArcade/Content/Collections/' took 0.00s
[2019.03.26-17.08.14:216][  0]LogCollectionManager: Rebuilt the object cache for 0 collections in 0.000000 seconds (found 0 objects)
[2019.03.26-17.08.14:216][  0]LogCollectionManager: Fixed up redirectors for 0 collections in 0.000084 seconds (updated 0 objects)
[2019.03.26-17.08.14:247][  0]SourceControl: Source control is disabled
[2019.03.26-17.08.14:247][  0]SourceControl: Source control is disabled
[2019.03.26-17.08.14:248][  0]SourceControl: Source control is disabled
[2019.03.26-17.08.14:369][  0]LogAndroidPermission: UAndroidPermissionCallbackProxy::GetInstance
[2019.03.26-17.08.14:469][  0]LogOcInput: OculusInput pre-init called
[2019.03.26-17.08.14:476][  0]LogUObjectArray: 44021 objects as part of root set at end of initial load.
[2019.03.26-17.08.14:476][  0]LogUObjectAllocator: 7742944 out of 0 bytes used by permanent object pool.
[2019.03.26-17.08.14:476][  0]LogUObjectArray: CloseDisregardForGC: 0/0 objects in disregard for GC pool
[2019.03.26-17.08.14:589][  0]LogEngine: Initializing Engine...
[2019.03.26-17.08.14:590][  0]LogHMD: Failed to initialize OpenVR with code 110
[2019.03.26-17.08.14:602][  0]LogStats: UGameplayTagsManager::ConstructGameplayTagTree: ImportINI prefixes -  0.000 s
[2019.03.26-17.08.14:602][  0]LogStats: UGameplayTagsManager::ConstructGameplayTagTree: Construct from data asset -  0.000 s
[2019.03.26-17.08.14:602][  0]LogStats: UGameplayTagsManager::ConstructGameplayTagTree: ImportINI -  0.000 s
[2019.03.26-17.08.14:602][  0]LogStats: UGameplayTagsManager::ConstructGameplayTagTree: GameplayTagTreeChangedEvent.Broadcast -  0.000 s
[2019.03.26-17.08.14:748][  0]LogInit: Initializing FReadOnlyCVARCache
[2019.03.26-17.08.14:771][  0]LogInit: XAudio2 using 'luidspreker/Hoofdtelefoon (Realtek High Definition Audio)' : 2 channels at 48 kHz using 32 bits per sample (channel mask 0x3)
[2019.03.26-17.08.14:805][  0]LogInit: FAudioDevice initialized.
[2019.03.26-17.08.14:816][  0]LogNetVersion: Set ProjectVersion to 1.0.0.0. Version Checksum will be recalculated on next use.
[2019.03.26-17.08.14:821][  0]LogInit: Texture streaming: Enabled
[2019.03.26-17.08.14:935][  0]LogSlate: Updating window title bar state: overlay mode, drag disabled, window buttons hidden, title bar hidden
[2019.03.26-17.08.14:936][  0]LogInit: Display: Game Engine Initialized.
[2019.03.26-17.08.14:936][  0]LogGameplayTags: Display: UGameplayTagsManager::DoneAddingNativeTags. DelegateIsBound: 0
[2019.03.26-17.08.14:936][  0]LogStats: UGameplayTagsManager::ConstructGameplayTagTree: ImportINI prefixes -  0.000 s
[2019.03.26-17.08.14:936][  0]LogStats: UGameplayTagsManager::ConstructGameplayTagTree: Construct from data asset -  0.000 s
[2019.03.26-17.08.14:936][  0]LogStats: UGameplayTagsManager::ConstructGameplayTagTree: ImportINI -  0.000 s
[2019.03.26-17.08.14:936][  0]LogStats: UGameplayTagsManager::ConstructGameplayTagTree: GameplayTagTreeChangedEvent.Broadcast -  0.000 s
[2019.03.26-17.08.14:949][  0]LogInit: Display: Starting Game.
[2019.03.26-17.08.14:949][  0]LogNet: Browse: /Game/PixelWorlds/PixelMenu?Name=Player
[2019.03.26-17.08.14:949][  0]LogLoad: LoadMap: /Game/PixelWorlds/PixelMenu?Name=Player
[2019.03.26-17.08.15:415][  0]LogAIModule: Creating AISystem for world PixelMenu
[2019.03.26-17.08.15:415][  0]LogLoad: Game class is 'GM_PixelMenu_C'
[2019.03.26-17.08.15:418][  0]LogWorld: Bringing World /Game/PixelWorlds/PixelMenu.PixelMenu up for play (max tick rate 0) at 2019.03.26-18.08.15
[2019.03.26-17.08.15:418][  0]LogWorld: Bringing up level for play took: 0.001971
[2019.03.26-17.08.15:682][  0]LogLoad: Took 0.732703 seconds to LoadMap(/Game/PixelWorlds/PixelMenu)
[2019.03.26-17.08.15:731][  0]LogRenderer: Reallocating scene render targets to support 1280x720 Format 10 NumSamples 1 (Frame:1).
[2019.03.26-17.08.15:731][  0]LogLoad: (Engine Initialization) Total time: 6.05 seconds
[2019.03.26-17.08.15:731][  0]LogLoad: (Engine Initialization) Total Blueprint compile time: 0.00 seconds
[2019.03.26-17.08.15:755][  0]LogContentStreaming: Texture pool size now 1000 MB
[2019.03.26-17.08.28:058][743]LogSlate: FSceneViewport::OnFocusLost() reason 0
[2019.03.26-17.08.29:912][858]LogBlueprintUserMessages: [MM_Player_C_0] Starting Server prompt....
[2019.03.26-17.08.32:896][ 43]LogBlueprintUserMessages: [MM_Player_C_0] Hosting Session....
[2019.03.26-17.08.36:253][252]LogOnlineSession: Verbose: OSS: dumping NamedSession: 
[2019.03.26-17.08.36:253][252]LogOnlineSession: Verbose: OSS: 	SessionName: GameSession
[2019.03.26-17.08.36:253][252]LogOnlineSession: Verbose: OSS: 	HostingPlayerNum: 0
[2019.03.26-17.08.36:253][252]LogOnlineSession: Verbose: OSS: 	SessionState: Pending
[2019.03.26-17.08.36:253][252]LogOnlineSession: Verbose: OSS: 	RegisteredPlayers: 
[2019.03.26-17.08.36:254][252]LogOnlineSession: Verbose: OSS: 	    0 registered players
[2019.03.26-17.08.36:254][252]LogOnlineSession: Verbose: OSS: dumping Session: 
[2019.03.26-17.08.36:254][252]LogOnlineSession: Verbose: OSS: 	OwningPlayerName: Joey
[2019.03.26-17.08.36:254][252]LogOnlineSession: Verbose: OSS: 	OwningPlayerId: Joey [0x23617378AC0]
[2019.03.26-17.08.36:254][252]LogOnlineSession: Verbose: OSS: 	NumOpenPrivateConnections: 0
[2019.03.26-17.08.36:254][252]LogOnlineSession: Verbose: OSS: 	NumOpenPublicConnections: 99
[2019.03.26-17.08.36:254][252]LogOnlineSession: Verbose: OSS: 	SessionInfo: HostIP: INVALID SteamP2P: 76561198109054226:7777 Type: Lobby session SessionId: Lobby[0x18600000164BDC5]
[2019.03.26-17.08.36:254][252]LogOnlineSession: Verbose: OSS: dumping SessionSettings: 
[2019.03.26-17.08.36:254][252]LogOnlineSession: Verbose: OSS: 	NumPublicConnections: 100
[2019.03.26-17.08.36:254][252]LogOnlineSession: Verbose: OSS: 	NumPrivateConnections: 0
[2019.03.26-17.08.36:254][252]LogOnlineSession: Verbose: OSS: 	bIsLanMatch: false
[2019.03.26-17.08.36:254][252]LogOnlineSession: Verbose: OSS: 	bIsDedicated: false
[2019.03.26-17.08.36:254][252]LogOnlineSession: Verbose: OSS: 	bUsesStats: false
[2019.03.26-17.08.36:254][252]LogOnlineSession: Verbose: OSS: 	bShouldAdvertise: true
[2019.03.26-17.08.36:254][252]LogOnlineSession: Verbose: OSS: 	bAllowJoinInProgress: true
[2019.03.26-17.08.36:254][252]LogOnlineSession: Verbose: OSS: 	bAllowInvites: true
[2019.03.26-17.08.36:254][252]LogOnlineSession: Verbose: OSS: 	bUsesPresence: true
[2019.03.26-17.08.36:254][252]LogOnlineSession: Verbose: OSS: 	bAllowJoinViaPresence: true
[2019.03.26-17.08.36:254][252]LogOnlineSession: Verbose: OSS: 	bAllowJoinViaPresenceFriendsOnly: false
[2019.03.26-17.08.36:254][252]LogOnlineSession: Verbose: OSS: 	BuildUniqueId: 0x00454c8a
[2019.03.26-17.08.36:254][252]LogOnlineSession: Verbose: OSS: 	Settings:
[2019.03.26-17.08.36:254][252]LogOnlineSession: Verbose: OSS: 		PIXELARCADE=PIXEL : OnlineService
[2019.03.26-17.08.36:254][252]LogBlueprintUserMessages: [MM_Player_C_0] Session Has Been Created!
[2019.03.26-17.08.38:338][375]LogPackageName: SearchForPackageOnDisk took   0.086s to resolve FarmHunt.umap.
[2019.03.26-17.08.38:424][376]LogPackageName: SearchForPackageOnDisk took   0.084s to resolve FarmHunt.umap.
[2019.03.26-17.08.38:424][376]LogNet: Browse: /Game/PixelWorlds/FarmHunt?listen
[2019.03.26-17.08.38:424][376]LogLoad: LoadMap: /Game/PixelWorlds/FarmHunt?listen
[2019.03.26-17.08.38:489][376]LogLinker: Can't find file '/Game/SimpleInventory/Item_Base_Icon'
[2019.03.26-17.08.38:489][376]LogLinker: Can't find file '/Game/SimpleInventory/Item_Base_Icon'
[2019.03.26-17.08.38:571][376]LogLinker: Can't find file '/Game/SimpleInventory/Item_Base'
[2019.03.26-17.08.38:571][376]LogLinker: Can't find file '/Game/SimpleInventory/Item_Base'
[2019.03.26-17.08.39:582][376]LogAIModule: Creating AISystem for world FarmHunt
[2019.03.26-17.08.39:583][376]LogLoad: Game class is 'GM_FarmHunt_C'
[2019.03.26-17.08.39:583][376]LogTemp: Display: ParseSettings for GameNetDriver
[2019.03.26-17.08.39:583][376]LogTemp: Display: ParseSettings for SteamNetDriver_0
[2019.03.26-17.08.39:583][376]LogTemp: Display: ParseSettings for GameNetDriver
[2019.03.26-17.08.39:583][376]LogNet: ReplicationDriverClass is null! Not using ReplicationDriver.
[2019.03.26-17.08.39:583][376]PacketHandlerLog: DDoS detection status: detection enabled: 0 analytics enabled: 0
[2019.03.26-17.08.39:583][376]LogNet: Display: SteamNetDriver_0 bound to port 7777
[2019.03.26-17.08.39:583][376]PacketHandlerLog: Loaded PacketHandler component: Engine.EngineHandlerComponentFactory (StatelessConnectHandlerComponent)
[2019.03.26-17.08.39:583][376]LogNet: GameNetDriver SteamNetDriver_0 IpNetDriver listening on port 7777
[2019.03.26-17.08.39:597][376]LogWorld: Bringing World /Game/PixelWorlds/FarmHunt.FarmHunt up for play (max tick rate 0) at 2019.03.26-18.08.39
[2019.03.26-17.08.39:598][376]LogWorld: Bringing up level for play took: 0.014638
[2019.03.26-17.08.39:601][376]LogLoad: Took 1.176418 seconds to LoadMap(/Game/PixelWorlds/FarmHunt)
[2019.03.26-17.08.46:085][775]LogSlate: FSceneViewport::OnFocusLost() reason 0
[2019.03.26-17.08.46:199][782]LogScript: Warning: Script Msg: Attempted to access index 0 from array 'CallFunc_GetAllWidgetsOfClass_FoundWidgets2' of length 0 in '/Game/MyMenu/MM_Widget/Extra/MM_Button.MM_Button_C:ExecuteUbergraph_MM_Button'!
[2019.03.26-17.08.46:199][782]LogScript: Warning: Script Msg: Attempted to access index 0 from array 'CallFunc_GetAllWidgetsOfClass_FoundWidgets3' of length 0 in '/Game/MyMenu/MM_Widget/Extra/MM_Button.MM_Button_C:ExecuteUbergraph_MM_Button'!
[2019.03.26-17.08.46:199][782]LogScript: Warning: Accessed None trying to read property WidgetSwitcher
	MM_Button_C /Engine/Transient.GameEngine_0:GameInstance_0.MM_PauseMenu_C_0.WidgetTree_0.SingleplayerButton
	Function /Game/MyMenu/MM_Widget/Extra/MM_Button.MM_Button_C:ExecuteUbergraph_MM_Button:06FC
[2019.03.26-17.08.46:199][782]LogScript: Warning: Script call stack:
	Function /Game/MyMenu/MM_Widget/Extra/MM_Button.MM_Button_C:BndEvt__Button_125_K2Node_ComponentBoundEvent_5_OnButtonReleasedEvent__DelegateSignature
	Function /Game/MyMenu/MM_Widget/Extra/MM_Button.MM_Button_C:ExecuteUbergraph_MM_Button
	Function /Game/MyMenu/MM_Widget/Extra/MM_Button.MM_Button_C:GoToWidget
	Function /Game/MyMenu/MM_Widget/Extra/MM_Button.MM_Button_C:ExecuteUbergraph_MM_Button

[2019.03.26-17.08.48:430][914]LogSlate: Window 'PixelArcade (64-bit Development PCD3D_SM5) ' being destroyed
[2019.03.26-17.08.48:430][914]LogWindowsTextInputMethodSystem: Display: IME system now deactivated.
[2019.03.26-17.08.48:436][914]LogSlate: Updating window title bar state: overlay mode, drag disabled, window buttons hidden, title bar hidden
[2019.03.26-17.08.48:436][914]LogEngine: All Windows Closed
[2019.03.26-17.08.48:436][914]LogWindows: FPlatformMisc::RequestExit(0)
[2019.03.26-17.08.48:446][915]LogNet: World NetDriver shutdown SteamNetDriver_0 [GameNetDriver]
[2019.03.26-17.08.48:446][915]LogNet: DestroyNamedNetDriver SteamNetDriver_0 [GameNetDriver]
[2019.03.26-17.08.48:446][915]LogExit: GameNetDriver SteamNetDriver_0 shut down
[2019.03.26-17.08.48:611][915]LogExit: Preparing to exit.
[2019.03.26-17.08.48:611][915]LogMoviePlayer: Shutting down movie player
[2019.03.26-17.08.49:155][915]LogSlate: Updating window title bar state: overlay mode, drag disabled, window buttons hidden, title bar hidden
[2019.03.26-17.08.49:178][915]LogExit: Game engine shut down
[2019.03.26-17.08.49:228][915]LogExit: Object subsystem successfully closed.
[2019.03.26-17.08.49:244][915]LogShaderCompilers: Display: Shaders left to compile 0
[2019.03.26-17.08.49:246][915]LogD3D11RHI: Shutdown
[2019.03.26-17.08.49:246][915]LogD3D11RHI: CleanupD3DDevice
[2019.03.26-17.08.49:247][915]LogD3D11RHI: ~FD3D11DynamicRHI
[2019.03.26-17.08.49:253][915]LogModuleManager: Shutting down and abandoning module SequenceRecorderSections (396)
[2019.03.26-17.08.49:253][915]LogModuleManager: Shutting down and abandoning module SequenceRecorder (394)
[2019.03.26-17.08.49:253][915]LogModuleManager: Shutting down and abandoning module AutomationController (392)
[2019.03.26-17.08.49:253][915]LogModuleManager: Shutting down and abandoning module AutomationWorker (390)
[2019.03.26-17.08.49:253][915]LogModuleManager: Shutting down and abandoning module Voice (388)
[2019.03.26-17.08.49:253][915]LogModuleManager: Shutting down and abandoning module AIModule (386)
[2019.03.26-17.08.49:253][915]LogModuleManager: Shutting down and abandoning module GameplayDebugger (385)
[2019.03.26-17.08.49:253][915]LogModuleManager: Shutting down and abandoning module AITestSuite (383)
[2019.03.26-17.08.49:253][915]LogModuleManager: Shutting down and abandoning module NavigationSystem (381)
[2019.03.26-17.08.49:253][915]LogModuleManager: Shutting down and abandoning module WmfMediaFactory (378)
[2019.03.26-17.08.49:253][915]LogModuleManager: Shutting down and abandoning module WebMMediaFactory (376)
[2019.03.26-17.08.49:253][915]LogModuleManager: Shutting down and abandoning module WebMMedia (374)
[2019.03.26-17.08.49:253][915]LogModuleManager: Shutting down and abandoning module OpenExrWrapper (372)
[2019.03.26-17.08.49:253][915]LogModuleManager: Shutting down and abandoning module ImgMediaFactory (370)
[2019.03.26-17.08.49:253][915]LogModuleManager: Shutting down and abandoning module AvfMediaFactory (368)
[2019.03.26-17.08.49:253][915]LogModuleManager: Shutting down and abandoning module MagicLeapCameraPreviewFactory (366)
[2019.03.26-17.08.49:253][915]LogModuleManager: Shutting down and abandoning module MagicLeapMediaFactory (364)
[2019.03.26-17.08.49:253][915]LogModuleManager: Shutting down and abandoning module CharacterAI (362)
[2019.03.26-17.08.49:253][915]LogModuleManager: Shutting down and abandoning module SessionServices (360)
[2019.03.26-17.08.49:253][915]LogModuleManager: Shutting down and abandoning module MovieSceneCapture (358)
[2019.03.26-17.08.49:253][915]LogModuleManager: Shutting down and abandoning module MovieSceneTracks (356)
[2019.03.26-17.08.49:253][915]LogModuleManager: Shutting down and abandoning module MovieScene (354)
[2019.03.26-17.08.49:253][915]LogModuleManager: Shutting down and abandoning module StreamingPauseRendering (352)
[2019.03.26-17.08.49:253][915]LogModuleManager: Shutting down and abandoning module PortalServices (350)
[2019.03.26-17.08.49:253][915]LogModuleManager: Shutting down and abandoning module PortalRpc (348)
[2019.03.26-17.08.49:253][915]LogModuleManager: Shutting down and abandoning module MessagingRpc (346)
[2019.03.26-17.08.49:253][915]LogModuleManager: Shutting down and abandoning module ImageWriteQueue (344)
[2019.03.26-17.08.49:255][915]LogModuleManager: Shutting down and abandoning module ProfilerService (342)
[2019.03.26-17.08.49:303][915]LogModuleManager: Shutting down and abandoning module TaskGraph (340)
[2019.03.26-17.08.49:303][915]LogModuleManager: Shutting down and abandoning module SteamVRController (338)
[2019.03.26-17.08.49:303][915]LogModuleManager: Shutting down and abandoning module ProceduralMeshComponent (336)
[2019.03.26-17.08.49:303][915]LogModuleManager: Shutting down and abandoning module OculusInput (334)
[2019.03.26-17.08.49:303][915]LogModuleManager: Shutting down and abandoning module MobilePatchingUtils (332)
[2019.03.26-17.08.49:303][915]LogModuleManager: Shutting down and abandoning module EditableMesh (330)
[2019.03.26-17.08.49:303][915]LogModuleManager: Shutting down and abandoning module CustomMeshComponent (328)
[2019.03.26-17.08.49:303][915]LogModuleManager: Shutting down and abandoning module CableComponent (326)
[2019.03.26-17.08.49:303][915]LogModuleManager: Shutting down and abandoning module AudioCapture (324)
[2019.03.26-17.08.49:303][915]LogModuleManager: Shutting down and abandoning module ArchVisCharacter (322)
[2019.03.26-17.08.49:303][915]LogModuleManager: Shutting down and abandoning module AndroidPermission (320)
[2019.03.26-17.08.49:303][915]LogModuleManager: Shutting down and abandoning module NUTUnrealEngine4 (316)
[2019.03.26-17.08.49:303][915]LogModuleManager: Shutting down and abandoning module NetcodeUnitTest (314)
[2019.03.26-17.08.49:303][915]LogModuleManager: Shutting down and abandoning module MediaCompositing (312)
[2019.03.26-17.08.49:303][915]LogModuleManager: Shutting down and abandoning module LinearTimecode (310)
[2019.03.26-17.08.49:303][915]LogModuleManager: Shutting down and abandoning module ImgMedia (308)
[2019.03.26-17.08.49:305][915]LogModuleManager: Shutting down and abandoning module HTML5Networking (306)
[2019.03.26-17.08.49:305][915]LogModuleManager: Shutting down and abandoning module GeometryCacheTracks (304)
[2019.03.26-17.08.49:305][915]LogModuleManager: Shutting down and abandoning module GeometryCacheSequencer (303)
[2019.03.26-17.08.49:305][915]LogModuleManager: Shutting down and abandoning module GeometryCache (300)
[2019.03.26-17.08.49:305][915]LogModuleManager: Shutting down and abandoning module GeometryCacheEd (299)
[2019.03.26-17.08.49:305][915]LogModuleManager: Shutting down and abandoning module BackChannel (296)
[2019.03.26-17.08.49:305][915]LogModuleManager: Shutting down and abandoning module AppleVision (294)
[2019.03.26-17.08.49:305][915]LogModuleManager: Shutting down and abandoning module AppleImageUtilsBlueprintSupport (292)
[2019.03.26-17.08.49:305][915]LogModuleManager: Shutting down and abandoning module AppleImageUtils (290)
[2019.03.26-17.08.49:305][915]LogModuleManager: Shutting down and abandoning module VariantManagerContent (288)
[2019.03.26-17.08.49:305][915]LogModuleManager: Shutting down and abandoning module CryptoKeysOpenSSL (286)
[2019.03.26-17.08.49:305][915]LogModuleManager: Shutting down and abandoning module CryptoKeys (284)
[2019.03.26-17.08.49:305][915]LogModuleManager: Shutting down and abandoning module VisualStudioSourceCodeAccess (282)
[2019.03.26-17.08.49:305][915]LogModuleManager: Shutting down and abandoning module HotReload (281)
[2019.03.26-17.08.49:305][915]LogModuleManager: Shutting down and abandoning module VisualStudioCodeSourceCodeAccess (278)
[2019.03.26-17.08.49:305][915]LogModuleManager: Shutting down and abandoning module UObjectPlugin (276)
[2019.03.26-17.08.49:305][915]LogModuleManager: Shutting down and abandoning module SubversionSourceControl (274)
[2019.03.26-17.08.49:305][915]LogModuleManager: Shutting down and abandoning module PerforceSourceControl (272)
[2019.03.26-17.08.49:305][915]LogModuleManager: Shutting down and abandoning module SourceControl (271)
[2019.03.26-17.08.49:305][915]LogModuleManager: Shutting down and abandoning module CLionSourceCodeAccess (268)
[2019.03.26-17.08.49:305][915]LogModuleManager: Shutting down and abandoning module ActorLayerUtilities (266)
[2019.03.26-17.08.49:305][915]LogModuleManager: Shutting down and abandoning module AdvancedSteamSessions (264)
[2019.03.26-17.08.49:305][915]LogModuleManager: Shutting down and abandoning module AdvancedSessions (262)
[2019.03.26-17.08.49:305][915]LogModuleManager: Shutting down and abandoning module RuntimePhysXCooking (260)
[2019.03.26-17.08.49:305][915]LogModuleManager: Shutting down and abandoning module PhysXVehiclesEditor (258)
[2019.03.26-17.08.49:305][915]LogModuleManager: Shutting down and abandoning module PhysXVehicles (256)
[2019.03.26-17.08.49:305][915]LogModuleManager: Shutting down and abandoning module LocationServicesBPLibrary (254)
[2019.03.26-17.08.49:305][915]LogModuleManager: Shutting down and abandoning module ApexDestructionEditor (252)
[2019.03.26-17.08.49:305][915]LogModuleManager: Shutting down and abandoning module ContentBrowser (251)
[2019.03.26-17.08.49:305][915]LogModuleManager: Shutting down and abandoning module CollectionManager (250)
[2019.03.26-17.08.49:306][915]LogModuleManager: Shutting down and abandoning module DirectoryWatcher (249)
[2019.03.26-17.08.49:306][915]LogModuleManager: Shutting down and abandoning module ApexDestruction (244)
[2019.03.26-17.08.49:306][915]LogModuleManager: Shutting down and abandoning module ActorSequence (242)
[2019.03.26-17.08.49:306][915]LogModuleManager: Shutting down and abandoning module UdpMessaging (240)
[2019.03.26-17.08.49:407][915]LogModuleManager: Shutting down and abandoning module TcpMessaging (238)
[2019.03.26-17.08.50:134][915]LogModuleManager: Shutting down and abandoning module MagicLeapAudio (236)
[2019.03.26-17.08.50:134][915]LogModuleManager: Shutting down and abandoning module GameplayTagsEditor (234)
[2019.03.26-17.08.50:134][915]LogModuleManager: Shutting down and abandoning module FacialAnimation (232)
[2019.03.26-17.08.50:134][915]LogModuleManager: Shutting down and abandoning module DataValidation (230)
[2019.03.26-17.08.50:135][915]LogModuleManager: Shutting down and abandoning module AssetManagerEditor (228)
[2019.03.26-17.08.50:135][915]LogModuleManager: Shutting down and abandoning module TreeMap (227)
[2019.03.26-17.08.50:135][915]LogModuleManager: Shutting down and abandoning module LightPropagationVolumeRuntime (224)
[2019.03.26-17.08.50:135][915]LogModuleManager: Shutting down and abandoning module AISupportModule (222)
[2019.03.26-17.08.50:135][915]LogModuleManager: Shutting down and abandoning module Paper2D (220)
[2019.03.26-17.08.50:135][915]LogModuleManager: Shutting down and abandoning module WindowsMoviePlayer (218)
[2019.03.26-17.08.50:135][915]LogModuleManager: Shutting down and abandoning module WebMMoviePlayer (216)
[2019.03.26-17.08.50:135][915]LogModuleManager: Shutting down and abandoning module WmfMedia (214)
[2019.03.26-17.08.50:136][915]LogModuleManager: Shutting down and abandoning module Media (213)
[2019.03.26-17.08.50:142][915]LogModuleManager: Shutting down and abandoning module PacketHandler (210)
[2019.03.26-17.08.50:142][915]LogModuleManager: Shutting down and abandoning module ClothingSystemEditor (208)
[2019.03.26-17.08.50:142][915]LogModuleManager: Shutting down and abandoning module ClothingSystemRuntime (206)
[2019.03.26-17.08.50:142][915]LogModuleManager: Shutting down and abandoning module MediaAssets (204)
[2019.03.26-17.08.50:142][915]LogModuleManager: Shutting down and abandoning module Overlay (202)
[2019.03.26-17.08.50:142][915]LogModuleManager: Shutting down and abandoning module OverlayEditor (201)
[2019.03.26-17.08.50:142][915]LogModuleManager: Shutting down and abandoning module VREditor (198)
[2019.03.26-17.08.50:142][915]LogModuleManager: Shutting down and abandoning module StringTableEditor (196)
[2019.03.26-17.08.50:142][915]LogModuleManager: Shutting down and abandoning module GameplayTasksEditor (194)
[2019.03.26-17.08.50:142][915]LogModuleManager: Shutting down and abandoning module BehaviorTreeEditor (192)
[2019.03.26-17.08.50:142][915]LogModuleManager: Shutting down and abandoning module FunctionalTesting (190)
[2019.03.26-17.08.50:142][915]LogModuleManager: Shutting down and abandoning module CollisionAnalyzer (188)
[2019.03.26-17.08.50:142][915]LogModuleManager: Shutting down and abandoning module WorkspaceMenuStructure (187)
[2019.03.26-17.08.50:142][915]LogModuleManager: Shutting down and abandoning module UMG (184)
[2019.03.26-17.08.50:142][915]LogModuleManager: Shutting down and abandoning module UMGEditor (183)
[2019.03.26-17.08.50:142][915]LogModuleManager: Shutting down and abandoning module Sequencer (182)
[2019.03.26-17.08.50:142][915]LogModuleManager: Shutting down and abandoning module MessageLog (179)
[2019.03.26-17.08.50:142][915]LogModuleManager: Shutting down and abandoning module SlateReflector (174)
[2019.03.26-17.08.50:142][915]LogModuleManager: Shutting down and abandoning module Slate (172)
[2019.03.26-17.08.50:142][915]LogModuleManager: Shutting down and abandoning module EditorStyle (170)
[2019.03.26-17.08.50:143][915]LogModuleManager: Shutting down and abandoning module MRMesh (168)
[2019.03.26-17.08.50:143][915]LogModuleManager: Shutting down and abandoning module Messaging (166)
[2019.03.26-17.08.50:143][915]LogModuleManager: Shutting down and abandoning module SourceCodeAccess (164)
[2019.03.26-17.08.50:143][915]LogModuleManager: Shutting down and abandoning module HeadMountedDisplay (162)
[2019.03.26-17.08.50:143][915]LogModuleManager: Shutting down and abandoning module XAudio2 (160)
[2019.03.26-17.08.50:143][915]LogModuleManager: Shutting down and abandoning module Networking (158)
[2019.03.26-17.08.50:143][915]LogModuleManager: Shutting down and abandoning module Core (156)
[2019.03.26-17.08.50:143][915]LogModuleManager: Shutting down and abandoning module LevelSequence (154)
[2019.03.26-17.08.50:143][915]LogModuleManager: Shutting down and abandoning module KismetCompiler (152)
[2019.03.26-17.08.50:143][915]LogModuleManager: Shutting down and abandoning module MeshUtilities (150)
[2019.03.26-17.08.50:143][915]LogModuleManager: Shutting down and abandoning module MeshMergeUtilities (149)
[2019.03.26-17.08.50:143][915]LogModuleManager: Shutting down and abandoning module MeshReductionInterface (148)
[2019.03.26-17.08.50:143][915]LogModuleManager: Shutting down and abandoning module SimplygonSwarm (147)
[2019.03.26-17.08.50:143][915]LogModuleManager: Shutting down and abandoning module ProxyLODMeshReduction (145)
[2019.03.26-17.08.50:143][915]LogModuleManager: Shutting down and abandoning module SimplygonMeshReduction (143)
[2019.03.26-17.08.50:143][915]LogModuleManager: Shutting down and abandoning module QuadricMeshReduction (141)
[2019.03.26-17.08.50:143][915]LogModuleManager: Shutting down and abandoning module MaterialBaking (137)
[2019.03.26-17.08.50:143][915]LogModuleManager: Shutting down and abandoning module PIEPreviewDeviceProfileSelector (132)
[2019.03.26-17.08.50:143][915]LogModuleManager: Shutting down and abandoning module DerivedDataCache (130)
[2019.03.26-17.08.50:532][915]LogDerivedDataCache: Shutdown
[2019.03.26-17.08.50:532][915]LogModuleManager: Shutting down and abandoning module XGEController (128)
[2019.03.26-17.08.50:532][915]LogModuleManager: Shutting down and abandoning module TargetPlatform (126)
[2019.03.26-17.08.50:532][915]LogModuleManager: Shutting down and abandoning module VulkanShaderFormat (125)
[2019.03.26-17.08.50:532][915]LogModuleManager: Shutting down and abandoning module ShaderFormatVectorVM (123)
[2019.03.26-17.08.50:532][915]LogModuleManager: Shutting down and abandoning module ShaderFormatOpenGL (121)
[2019.03.26-17.08.50:532][915]LogModuleManager: Shutting down and abandoning module ShaderFormatD3D (119)
[2019.03.26-17.08.50:532][915]LogModuleManager: Shutting down and abandoning module MetalShaderFormat (117)
[2019.03.26-17.08.50:532][915]LogModuleManager: Shutting down and abandoning module TextureFormatUncompressed (115)
[2019.03.26-17.08.50:532][915]LogModuleManager: Shutting down and abandoning module TextureFormatPVR (113)
[2019.03.26-17.08.50:532][915]LogModuleManager: Shutting down and abandoning module TextureFormatDXT (111)
[2019.03.26-17.08.50:532][915]LogModuleManager: Shutting down and abandoning module TextureFormatIntelISPCTexComp (109)
[2019.03.26-17.08.50:532][915]LogModuleManager: Shutting down and abandoning module TextureFormatASTC (107)
[2019.03.26-17.08.50:532][915]LogModuleManager: Shutting down and abandoning module ImageWrapper (106)
[2019.03.26-17.08.50:532][915]LogModuleManager: Shutting down and abandoning module TextureFormatAndroid (103)
[2019.03.26-17.08.50:533][915]LogModuleManager: Shutting down and abandoning module AudioFormatOpus (101)
[2019.03.26-17.08.50:533][915]LogModuleManager: Shutting down and abandoning module AudioFormatOgg (99)
[2019.03.26-17.08.50:533][915]LogModuleManager: Shutting down and abandoning module AudioFormatADPCM (97)
[2019.03.26-17.08.50:533][915]LogModuleManager: Shutting down and abandoning module WindowsTargetPlatform (95)
[2019.03.26-17.08.50:533][915]LogModuleManager: Shutting down and abandoning module WindowsServerTargetPlatform (93)
[2019.03.26-17.08.50:533][915]LogModuleManager: Shutting down and abandoning module WindowsNoEditorTargetPlatform (91)
[2019.03.26-17.08.50:533][915]LogModuleManager: Shutting down and abandoning module WindowsClientTargetPlatform (89)
[2019.03.26-17.08.50:533][915]LogModuleManager: Shutting down and abandoning module InputCore (86)
[2019.03.26-17.08.50:533][915]LogModuleManager: Shutting down and abandoning module Settings (84)
[2019.03.26-17.08.50:533][915]LogModuleManager: Shutting down and abandoning module PhysXCooking (82)
[2019.03.26-17.08.50:533][915]LogModuleManager: Shutting down and abandoning module SteamVR (80)
[2019.03.26-17.08.50:533][915]LogHMD: Freeing OpenVRDLLHandle.
[2019.03.26-17.08.50:533][915]LogModuleManager: Shutting down and abandoning module OculusHMD (78)
[2019.03.26-17.08.50:533][915]LogModuleManager: Shutting down and abandoning module ExampleDeviceProfileSelector (76)
[2019.03.26-17.08.50:533][915]LogModuleManager: Shutting down and abandoning module LauncherChunkInstaller (74)
[2019.03.26-17.08.50:533][915]LogModuleManager: Shutting down and abandoning module OnlineBlueprintSupport (72)
[2019.03.26-17.08.50:533][915]LogModuleManager: Shutting down and abandoning module OnlineSubsystem (68)
[2019.03.26-17.08.50:533][915]LogOnline: Display: STEAM: OnlineSubsystemSteam::Shutdown()
[2019.03.26-17.08.50:533][915]LogOnline: STEAM: AUTH: Revoking all tickets.
[2019.03.26-17.08.50:550][915]LogOnline: Display: STEAM: OnlineSubsystemSteam::Shutdown()
[2019.03.26-17.08.50:550][915]LogModuleManager: Shutting down and abandoning module XMPP (63)
[2019.03.26-17.08.50:551][915]LogModuleManager: Shutting down and abandoning module WebSockets (62)
[2019.03.26-17.08.50:556][915]LogModuleManager: Shutting down and abandoning module HTTP (59)
[2019.03.26-17.08.50:564][915]LogModuleManager: Shutting down and abandoning module SSL (58)
[2019.03.26-17.08.50:565][915]LogModuleManager: Shutting down and abandoning module MagicLeapIdentity (54)
[2019.03.26-17.08.50:565][915]LogModuleManager: Shutting down and abandoning module MagicLeapHelperVulkan (52)
[2019.03.26-17.08.50:565][915]LogModuleManager: Shutting down and abandoning module MagicLeapHelperOpenGL (50)
[2019.03.26-17.08.50:565][915]LogModuleManager: Shutting down and abandoning module MagicLeapSecureStorage (48)
[2019.03.26-17.08.50:565][915]LogModuleManager: Shutting down and abandoning module MagicLeapHandTracking (46)
[2019.03.26-17.08.50:565][915]LogModuleManager: Shutting down and abandoning module MagicLeapEyeTracker (44)
[2019.03.26-17.08.50:565][915]LogModuleManager: Shutting down and abandoning module MagicLeapController (42)
[2019.03.26-17.08.50:565][915]LogSlate: Slate User Destroyed.  User Index 0, Is Virtual User: 0
[2019.03.26-17.08.50:565][915]LogModuleManager: Shutting down and abandoning module MagicLeap (40)
[2019.03.26-17.08.50:565][915]LogModuleManager: Shutting down and abandoning module DatasmithContent (38)
[2019.03.26-17.08.50:566][915]LogModuleManager: Shutting down and abandoning module AnimationModifiers (36)
[2019.03.26-17.08.50:566][915]LogModuleManager: Shutting down and abandoning module PropertyEditor (35)
[2019.03.26-17.08.50:566][915]LogModuleManager: Shutting down and abandoning module AudioEditor (32)
[2019.03.26-17.08.50:566][915]LogModuleManager: Shutting down and abandoning module TextureCompressor (30)
[2019.03.26-17.08.50:566][915]LogModuleManager: Shutting down and abandoning module ShaderCore (28)
[2019.03.26-17.08.50:566][915]LogModuleManager: Shutting down and abandoning module Landscape (26)
[2019.03.26-17.08.50:566][915]LogModuleManager: Shutting down and abandoning module SlateRHIRenderer (24)
[2019.03.26-17.08.50:566][915]LogModuleManager: Shutting down and abandoning module OpenGLDrv (22)
[2019.03.26-17.08.50:566][915]LogModuleManager: Shutting down and abandoning module D3D11RHI (20)
[2019.03.26-17.08.50:566][915]LogModuleManager: Shutting down and abandoning module AnimGraphRuntime (18)
[2019.03.26-17.08.50:566][915]LogModuleManager: Shutting down and abandoning module Renderer (16)
[2019.03.26-17.08.50:566][915]LogModuleManager: Shutting down and abandoning module Engine (14)
[2019.03.26-17.08.50:566][915]LogModuleManager: Shutting down and abandoning module CoreUObject (12)
[2019.03.26-17.08.50:566][915]LogModuleManager: Shutting down and abandoning module NetworkFile (10)
[2019.03.26-17.08.50:566][915]LogModuleManager: Shutting down and abandoning module CookedIterativeFile (8)
[2019.03.26-17.08.50:566][915]LogModuleManager: Shutting down and abandoning module StreamingFile (6)
[2019.03.26-17.08.50:566][915]LogModuleManager: Shutting down and abandoning module SandboxFile (4)
[2019.03.26-17.08.50:566][915]LogModuleManager: Shutting down and abandoning module PakFile (2)
[2019.03.26-17.08.50:571][915]LogExit: Exiting.
[2019.03.26-17.08.50:573][915]Log file closed, 03/26/19 18:08:50
