Log file open, 03/20/19 15:59:16
LogWindows: Failed to load 'aqProf.dll' (GetLastError=126)
LogWindows: File 'aqProf.dll' does not exist
LogWindows: Failed to load 'VtuneApi.dll' (GetLastError=126)
LogWindows: File 'VtuneApi.dll' does not exist
LogWindows: Failed to load 'VtuneApi32e.dll' (GetLastError=126)
LogWindows: File 'VtuneApi32e.dll' does not exist
LogConsoleResponse: Display: Failed to find resolution value strings in scalability ini. Falling back to default.
LogInit: Display: Running engine for game: PixelArcade
LogPakFile: Registered encryption key '00000000000000000000000000000000': 0 pak files mounted, 0 remain pending
LogPlatformFile: Not using cached read wrapper
LogTaskGraph: Started task graph with 5 named threads and 23 total threads with 3 sets of task threads.
LogStats: Stats thread started at 0.273292
LogD3D11RHI: Loaded GFSDK_Aftermath_Lib.x64.dll
LogICUInternationalization: ICU TimeZone Detection - Raw Offset: +1:00, Platform Override: ''
LogPluginManager: Mounting plugin Paper2D
LogPluginManager: Mounting plugin AISupport
LogPluginManager: Mounting plugin LightPropagationVolume
LogPluginManager: Mounting plugin ActorLayerUtilities
LogPluginManager: Mounting plugin CLionSourceCodeAccess
LogPluginManager: Mounting plugin CodeLiteSourceCodeAccess
LogPluginManager: Mounting plugin GitSourceControl
LogPluginManager: Mounting plugin KDevelopSourceCodeAccess
LogPluginManager: Mounting plugin NullSourceCodeAccess
LogPluginManager: Mounting plugin PerforceSourceControl
LogPluginManager: Mounting plugin SubversionSourceControl
LogPluginManager: Mounting plugin UObjectPlugin
LogPluginManager: Mounting plugin VisualStudioCodeSourceCodeAccess
LogPluginManager: Mounting plugin VisualStudioSourceCodeAccess
LogPluginManager: Mounting plugin XCodeSourceCodeAccess
LogPluginManager: Mounting plugin AssetManagerEditor
LogPluginManager: Mounting plugin CryptoKeys
LogPluginManager: Mounting plugin DataValidation
LogPluginManager: Mounting plugin FacialAnimation
LogPluginManager: Mounting plugin GameplayTagsEditor
LogPluginManager: Mounting plugin MacGraphicsSwitching
LogPluginManager: Mounting plugin MeshEditor
LogPluginManager: Mounting plugin MobileLauncherProfileWizard
LogPluginManager: Mounting plugin PluginBrowser
LogPluginManager: Mounting plugin SpeedTreeImporter
LogPluginManager: Mounting plugin DatasmithContent
LogPluginManager: Mounting plugin VariantManagerContent
LogPluginManager: Mounting plugin AlembicImporter
LogPluginManager: Mounting plugin AppleImageUtils
LogPluginManager: Mounting plugin AppleVision
LogPluginManager: Mounting plugin BackChannel
LogPluginManager: Mounting plugin CharacterAI
LogPluginManager: Mounting plugin GeometryCache
LogPluginManager: Mounting plugin HTML5Networking
LogPluginManager: Mounting plugin ProxyLODPlugin
LogPluginManager: Mounting plugin MagicLeap
LogPluginManager: Mounting plugin MagicLeapMedia
LogPluginManager: Mounting plugin SubsystemConfigurator
LogPluginManager: Mounting plugin AndroidMedia
LogPluginManager: Mounting plugin AvfMedia
LogPluginManager: Mounting plugin ImgMedia
LogPluginManager: Mounting plugin LinearTimecode
LogPluginManager: Mounting plugin MediaCompositing
LogPluginManager: Mounting plugin MediaPlayerEditor
LogPluginManager: Mounting plugin WebMMedia
LogPluginManager: Mounting plugin WmfMedia
LogPluginManager: Mounting plugin TcpMessaging
LogPluginManager: Mounting plugin UdpMessaging
LogPluginManager: Mounting plugin ActorSequence
LogPluginManager: Mounting plugin LevelSequenceEditor
LogPluginManager: Mounting plugin MatineeToLevelSequence
LogPluginManager: Mounting plugin NetcodeUnitTest
LogPluginManager: Mounting plugin NUTUnrealEngine4
LogPluginManager: Mounting plugin OnlineSubsystemGooglePlay
LogPluginManager: Mounting plugin OnlineSubsystemIOS
LogPluginManager: Mounting plugin OnlineSubsystem
LogPluginManager: Mounting plugin OnlineSubsystemNull
LogPluginManager: Mounting plugin OnlineSubsystemSteam
LogPluginManager: Mounting plugin OnlineSubsystemUtils
LogPluginManager: Mounting plugin LauncherChunkInstaller
LogPluginManager: Mounting plugin AndroidDeviceProfileSelector
LogPluginManager: Mounting plugin AndroidMoviePlayer
LogPluginManager: Mounting plugin AndroidPermission
LogPluginManager: Mounting plugin AppleMoviePlayer
LogPluginManager: Mounting plugin ArchVisCharacter
LogPluginManager: Mounting plugin AudioCapture
LogPluginManager: Mounting plugin CableComponent
LogPluginManager: Mounting plugin CustomMeshComponent
LogPluginManager: Mounting plugin EditableMesh
LogPluginManager: Mounting plugin ExampleDeviceProfileSelector
LogPluginManager: Mounting plugin Firebase
LogPluginManager: Mounting plugin GoogleCloudMessaging
LogPluginManager: Mounting plugin IOSDeviceProfileSelector
LogPluginManager: Mounting plugin LinuxDeviceProfileSelector
LogPluginManager: Mounting plugin LocationServicesBPLibrary
LogPluginManager: Mounting plugin MobilePatchingUtils
LogPluginManager: Mounting plugin OculusVR
LogPluginManager: Mounting plugin PhysXVehicles
LogPluginManager: Mounting plugin ProceduralMeshComponent
LogPluginManager: Mounting plugin RuntimePhysXCooking
LogPluginManager: Mounting plugin SteamVR
LogPluginManager: Mounting plugin WebMMoviePlayer
LogPluginManager: Mounting plugin WindowsMoviePlayer
LogStreaming: Display: Took  0.048s to configure plugins.
LogInit: Using libcurl 7.55.1-DEV
LogInit:  - built for x86_64-pc-win32
LogInit:  - supports SSL with OpenSSL/1.0.2h
LogInit:  - supports HTTP deflate (compression) using libz 1.2.8
LogInit:  - other features:
LogInit:      CURL_VERSION_SSL
LogInit:      CURL_VERSION_LIBZ
LogInit:      CURL_VERSION_IPV6
LogInit:      CURL_VERSION_ASYNCHDNS
LogInit:      CURL_VERSION_LARGEFILE
LogInit:      CURL_VERSION_IDN
LogInit:  CurlRequestOptions (configurable via config and command line):
LogInit:  - bVerifyPeer = true  - Libcurl will verify peer certificate
LogInit:  - bUseHttpProxy = false  - Libcurl will NOT use HTTP proxy
LogInit:  - bDontReuseConnections = false  - Libcurl will reuse connections
LogInit:  - MaxHostConnections = 16  - Libcurl will limit the number of connections to a host
LogInit:  - LocalHostAddr = Default
LogInit:  - BufferSize = 65536
LogOnline: Display: STEAM: Loading Steam SDK 1.39
LogOnline: STEAM: Steam User is subscribed 1
LogOnline: STEAM: [AppId: 480] Client API initialized 1
LogOnline: STEAM: [AppId: 480] Game Server API initialized 1
LogInit: WinSock: version 1.1 (2.2), MaxSocks=32767, MaxUdp=65467
LogInit: Build: ++UE4+Release-4.21-CL-4753647
LogInit: Engine Version: 4.21.2-4753647+++UE4+Release-4.21
LogInit: Compatible Engine Version: 4.21.0-4541578+++UE4+Release-4.21
LogInit: Net CL: 4541578
LogInit: OS: Windows 10 (), CPU: Intel(R) Core(TM) i7-7700K CPU @ 4.20GHz, GPU: NVIDIA GeForce GTX 1080
LogInit: Compiled (64-bit): Jan 19 2019 02:07:31
LogInit: Compiled with Visual C++: 19.13.26129.00
LogInit: Build Configuration: Development
LogInit: Branch Name: ++UE4+Release-4.21
LogInit: Command Line:  /Game/PixelWorlds/PixelMenu -game -PIEVIACONSOLE -ResX=1280 -ResY=720 -Multiprocess -messaging -SessionName="Play in Standalone Game" -windowed
LogInit: Base Directory: D:/Program Files/Epic Games/UE_4.21/Engine/Binaries/Win64/
LogInit: Installed Engine Build: 1
LogDevObjectVersion: Number of dev versions registered: 22
LogDevObjectVersion:   Dev-Blueprints (B0D832E4-1F89-4F0D-ACCF-7EB736FD4AA2): 10
LogDevObjectVersion:   Dev-Build (E1C64328-A22C-4D53-A36C-8E866417BD8C): 0
LogDevObjectVersion:   Dev-Core (375EC13C-06E4-48FB-B500-84F0262A717E): 2
LogDevObjectVersion:   Dev-Editor (E4B068ED-F494-42E9-A231-DA0B2E46BB41): 26
LogDevObjectVersion:   Dev-Framework (CFFC743F-43B0-4480-9391-14DF171D2073): 34
LogDevObjectVersion:   Dev-Mobile (B02B49B5-BB20-44E9-A304-32B752E40360): 2
LogDevObjectVersion:   Dev-Networking (A4E4105C-59A1-49B5-A7C5-40C4547EDFEE): 0
LogDevObjectVersion:   Dev-Online (39C831C9-5AE6-47DC-9A44-9C173E1C8E7C): 0
LogDevObjectVersion:   Dev-Physics (78F01B33-EBEA-4F98-B9B4-84EACCB95AA2): 0
LogDevObjectVersion:   Dev-Platform (6631380F-2D4D-43E0-8009-CF276956A95A): 0
LogDevObjectVersion:   Dev-Rendering (12F88B9F-8875-4AFC-A67C-D90C383ABD29): 27
LogDevObjectVersion:   Dev-Sequencer (7B5AE74C-D270-4C10-A958-57980B212A5A): 9
LogDevObjectVersion:   Dev-VR (D7296918-1DD6-4BDD-9DE2-64A83CC13884): 2
LogDevObjectVersion:   Dev-LoadTimes (C2A15278-BFE7-4AFE-6C17-90FF531DF755): 1
LogDevObjectVersion:   Private-Geometry (6EACA3D4-40EC-4CC1-B786-8BED09428FC5): 3
LogDevObjectVersion:   Dev-AnimPhys (29E575DD-E0A3-4627-9D10-D276232CDCEA): 17
LogDevObjectVersion:   Dev-Anim (AF43A65D-7FD3-4947-9873-3E8ED9C1BB05): 2
LogDevObjectVersion:   Dev-ReflectionCapture (6B266CEC-1EC7-4B8F-A30B-E4D90942FC07): 1
LogDevObjectVersion:   Dev-Automation (0DF73D61-A23F-47EA-B727-89E90C41499A): 1
LogDevObjectVersion:   FortniteMain (601D1886-AC64-4F84-AA16-D3DE0DEAC7D6): 17
LogDevObjectVersion:   Dev-Enterprise (9DFFBCD6-494F-0158-E221-12823C92A888): 4
LogDevObjectVersion:   Dev-Niagara (F2AED0AC-9AFE-416F-8664-AA7FFA26D6FC): 1
LogStreaming: Display: Took  0.004s to delete old logs.
LogInit: Presizing for max 8388607 objects, including 0 objects not considered by GC, pre-allocating 0 bytes for permanent pool.
LogInit: Object subsystem initialized
LogConfig: Setting CVar [[con.DebugEarlyDefault:1]]
LogConfig: Setting CVar [[r.setres:1280x720]]
[2019.03.20-14.59.16:977][  0]LogConfig: Setting CVar [[con.DebugEarlyDefault:1]]
[2019.03.20-14.59.16:977][  0]LogConfig: Setting CVar [[r.setres:1280x720]]
[2019.03.20-14.59.16:977][  0]LogConfig: Applying CVar settings from Section [/Script/Engine.RendererSettings] File [C:/Users/joeym/OneDrive/Documenten/GitHub/PixelArcade/Saved/Config/Windows/Engine.ini]
[2019.03.20-14.59.16:977][  0]LogConfig: Setting CVar [[r.GPUCrashDebugging:0]]
[2019.03.20-14.59.16:977][  0]LogConfig: Applying CVar settings from Section [/Script/Engine.RendererOverrideSettings] File [C:/Users/joeym/OneDrive/Documenten/GitHub/PixelArcade/Saved/Config/Windows/Engine.ini]
[2019.03.20-14.59.16:977][  0]LogConfig: Applying CVar settings from Section [/Script/Engine.StreamingSettings] File [C:/Users/joeym/OneDrive/Documenten/GitHub/PixelArcade/Saved/Config/Windows/Engine.ini]
[2019.03.20-14.59.16:977][  0]LogConfig: Setting CVar [[s.MinBulkDataSizeForAsyncLoading:131072]]
[2019.03.20-14.59.16:977][  0]LogConfig: Setting CVar [[s.AsyncLoadingThreadEnabled:0]]
[2019.03.20-14.59.16:977][  0]LogConfig: Setting CVar [[s.EventDrivenLoaderEnabled:1]]
[2019.03.20-14.59.16:977][  0]LogConfig: Setting CVar [[s.WarnIfTimeLimitExceeded:0]]
[2019.03.20-14.59.16:977][  0]LogConfig: Setting CVar [[s.TimeLimitExceededMultiplier:1.5]]
[2019.03.20-14.59.16:977][  0]LogConfig: Setting CVar [[s.TimeLimitExceededMinTime:0.005]]
[2019.03.20-14.59.16:977][  0]LogConfig: Setting CVar [[s.UseBackgroundLevelStreaming:1]]
[2019.03.20-14.59.16:977][  0]LogConfig: Setting CVar [[s.PriorityAsyncLoadingExtraTime:15.0]]
[2019.03.20-14.59.16:977][  0]LogConfig: Setting CVar [[s.LevelStreamingActorsUpdateTimeLimit:5.0]]
[2019.03.20-14.59.16:977][  0]LogConfig: Setting CVar [[s.PriorityLevelStreamingActorsUpdateExtraTime:5.0]]
[2019.03.20-14.59.16:977][  0]LogConfig: Setting CVar [[s.LevelStreamingComponentsRegistrationGranularity:10]]
[2019.03.20-14.59.16:977][  0]LogConfig: Setting CVar [[s.UnregisterComponentsTimeLimit:1.0]]
[2019.03.20-14.59.16:977][  0]LogConfig: Setting CVar [[s.LevelStreamingComponentsUnregistrationGranularity:5]]
[2019.03.20-14.59.16:977][  0]LogConfig: Applying CVar settings from Section [/Script/Engine.GarbageCollectionSettings] File [C:/Users/joeym/OneDrive/Documenten/GitHub/PixelArcade/Saved/Config/Windows/Engine.ini]
[2019.03.20-14.59.16:977][  0]LogConfig: Setting CVar [[gc.MaxObjectsNotConsideredByGC:1]]
[2019.03.20-14.59.16:977][  0]LogConfig: Setting CVar [[gc.SizeOfPermanentObjectPool:0]]
[2019.03.20-14.59.16:977][  0]LogConfig: Setting CVar [[gc.FlushStreamingOnGC:0]]
[2019.03.20-14.59.16:977][  0]LogConfig: Setting CVar [[gc.NumRetriesBeforeForcingGC:10]]
[2019.03.20-14.59.16:977][  0]LogConfig: Setting CVar [[gc.AllowParallelGC:1]]
[2019.03.20-14.59.16:977][  0]LogConfig: Setting CVar [[gc.TimeBetweenPurgingPendingKillObjects:61.1]]
[2019.03.20-14.59.16:977][  0]LogConfig: Setting CVar [[gc.MaxObjectsInEditor:8388607]]
[2019.03.20-14.59.16:977][  0]LogConfig: Setting CVar [[gc.IncrementalBeginDestroyEnabled:1]]
[2019.03.20-14.59.16:977][  0]LogConfig: Setting CVar [[gc.CreateGCClusters:1]]
[2019.03.20-14.59.16:977][  0]LogConfig: Setting CVar [[gc.MergeGCClusters:0]]
[2019.03.20-14.59.16:977][  0]LogConfig: Setting CVar [[gc.MinGCClusterSize:5]]
[2019.03.20-14.59.16:977][  0]LogConfig: Setting CVar [[gc.ActorClusteringEnabled:0]]
[2019.03.20-14.59.16:977][  0]LogConfig: Setting CVar [[gc.BlueprintClusteringEnabled:0]]
[2019.03.20-14.59.16:977][  0]LogConfig: Setting CVar [[gc.UseDisregardForGCOnDedicatedServers:0]]
[2019.03.20-14.59.16:977][  0]LogConfig: Applying CVar settings from Section [/Script/Engine.NetworkSettings] File [C:/Users/joeym/OneDrive/Documenten/GitHub/PixelArcade/Saved/Config/Windows/Engine.ini]
[2019.03.20-14.59.16:977][  0]LogConfig: Applying CVar settings from Section [/Script/UnrealEd.CookerSettings] File [C:/Users/joeym/OneDrive/Documenten/GitHub/PixelArcade/Saved/Config/Windows/Engine.ini]
[2019.03.20-14.59.16:981][  0]LogConfig: Applying CVar settings from Section [ViewDistanceQuality@3] File [C:/Users/joeym/OneDrive/Documenten/GitHub/PixelArcade/Saved/Config/Windows/Scalability.ini]
[2019.03.20-14.59.16:981][  0]LogConfig: Setting CVar [[r.SkeletalMeshLODBias:0]]
[2019.03.20-14.59.16:981][  0]LogConfig: Setting CVar [[r.ViewDistanceScale:1.0]]
[2019.03.20-14.59.16:981][  0]LogConfig: Applying CVar settings from Section [AntiAliasingQuality@3] File [C:/Users/joeym/OneDrive/Documenten/GitHub/PixelArcade/Saved/Config/Windows/Scalability.ini]
[2019.03.20-14.59.16:981][  0]LogConfig: Setting CVar [[r.PostProcessAAQuality:4]]
[2019.03.20-14.59.16:981][  0]LogConfig: Applying CVar settings from Section [ShadowQuality@3] File [C:/Users/joeym/OneDrive/Documenten/GitHub/PixelArcade/Saved/Config/Windows/Scalability.ini]
[2019.03.20-14.59.16:981][  0]LogConfig: Setting CVar [[r.LightFunctionQuality:1]]
[2019.03.20-14.59.16:981][  0]LogConfig: Setting CVar [[r.ShadowQuality:5]]
[2019.03.20-14.59.16:981][  0]LogConfig: Setting CVar [[r.Shadow.CSM.MaxCascades:10]]
[2019.03.20-14.59.16:981][  0]LogConfig: Setting CVar [[r.Shadow.MaxResolution:2048]]
[2019.03.20-14.59.16:981][  0]LogConfig: Setting CVar [[r.Shadow.MaxCSMResolution:2048]]
[2019.03.20-14.59.16:981][  0]LogConfig: Setting CVar [[r.Shadow.RadiusThreshold:0.01]]
[2019.03.20-14.59.16:981][  0]LogConfig: Setting CVar [[r.Shadow.DistanceScale:1.0]]
[2019.03.20-14.59.16:981][  0]LogConfig: Setting CVar [[r.Shadow.CSM.TransitionScale:1.0]]
[2019.03.20-14.59.16:981][  0]LogConfig: Setting CVar [[r.Shadow.PreShadowResolutionFactor:1.0]]
[2019.03.20-14.59.16:981][  0]LogConfig: Setting CVar [[r.DistanceFieldShadowing:1]]
[2019.03.20-14.59.16:981][  0]LogConfig: Setting CVar [[r.DistanceFieldAO:1]]
[2019.03.20-14.59.16:981][  0]LogConfig: Setting CVar [[r.AOQuality:2]]
[2019.03.20-14.59.16:981][  0]LogConfig: Setting CVar [[r.VolumetricFog:1]]
[2019.03.20-14.59.16:981][  0]LogConfig: Setting CVar [[r.VolumetricFog.GridPixelSize:8]]
[2019.03.20-14.59.16:981][  0]LogConfig: Setting CVar [[r.VolumetricFog.GridSizeZ:128]]
[2019.03.20-14.59.16:981][  0]LogConfig: Setting CVar [[r.VolumetricFog.HistoryMissSupersampleCount:4]]
[2019.03.20-14.59.16:981][  0]LogConfig: Setting CVar [[r.LightMaxDrawDistanceScale:1]]
[2019.03.20-14.59.16:981][  0]LogConfig: Setting CVar [[r.CapsuleShadows:1]]
[2019.03.20-14.59.16:981][  0]LogConfig: Applying CVar settings from Section [PostProcessQuality@3] File [C:/Users/joeym/OneDrive/Documenten/GitHub/PixelArcade/Saved/Config/Windows/Scalability.ini]
[2019.03.20-14.59.16:981][  0]LogConfig: Setting CVar [[r.MotionBlurQuality:4]]
[2019.03.20-14.59.16:981][  0]LogConfig: Setting CVar [[r.AmbientOcclusionMipLevelFactor:0.4]]
[2019.03.20-14.59.16:981][  0]LogConfig: Setting CVar [[r.AmbientOcclusionMaxQuality:100]]
[2019.03.20-14.59.16:981][  0]LogConfig: Setting CVar [[r.AmbientOcclusionLevels:-1]]
[2019.03.20-14.59.16:981][  0]LogConfig: Setting CVar [[r.AmbientOcclusionRadiusScale:1.0]]
[2019.03.20-14.59.16:981][  0]LogConfig: Setting CVar [[r.DepthOfFieldQuality:2]]
[2019.03.20-14.59.16:981][  0]LogConfig: Setting CVar [[r.RenderTargetPoolMin:400]]
[2019.03.20-14.59.16:981][  0]LogConfig: Setting CVar [[r.LensFlareQuality:2]]
[2019.03.20-14.59.16:981][  0]LogConfig: Setting CVar [[r.SceneColorFringeQuality:1]]
[2019.03.20-14.59.16:981][  0]LogConfig: Setting CVar [[r.EyeAdaptationQuality:2]]
[2019.03.20-14.59.16:981][  0]LogConfig: Setting CVar [[r.BloomQuality:5]]
[2019.03.20-14.59.16:981][  0]LogConfig: Setting CVar [[r.FastBlurThreshold:100]]
[2019.03.20-14.59.16:981][  0]LogConfig: Setting CVar [[r.Upscale.Quality:3]]
[2019.03.20-14.59.16:981][  0]LogConfig: Setting CVar [[r.Tonemapper.GrainQuantization:1]]
[2019.03.20-14.59.16:982][  0]LogConfig: Setting CVar [[r.LightShaftQuality:1]]
[2019.03.20-14.59.16:982][  0]LogConfig: Setting CVar [[r.Filter.SizeScale:1]]
[2019.03.20-14.59.16:982][  0]LogConfig: Setting CVar [[r.Tonemapper.Quality:5]]
[2019.03.20-14.59.16:982][  0]LogConfig: Setting CVar [[r.DOF.Gather.AccumulatorQuality:1        ; higher gathering accumulator quality]]
[2019.03.20-14.59.16:982][  0]LogConfig: Setting CVar [[r.DOF.Gather.PostfilterMethod:1          ; Median3x3 postfilering method]]
[2019.03.20-14.59.16:982][  0]LogConfig: Setting CVar [[r.DOF.Gather.EnableBokehSettings:0       ; no bokeh simulation when gathering]]
[2019.03.20-14.59.16:982][  0]LogConfig: Setting CVar [[r.DOF.Gather.RingCount:4                 ; medium number of samples when gathering]]
[2019.03.20-14.59.16:982][  0]LogConfig: Setting CVar [[r.DOF.Scatter.ForegroundCompositing:1    ; additive foreground scattering]]
[2019.03.20-14.59.16:982][  0]LogConfig: Setting CVar [[r.DOF.Scatter.BackgroundCompositing:2    ; additive background scattering]]
[2019.03.20-14.59.16:982][  0]LogConfig: Setting CVar [[r.DOF.Scatter.EnableBokehSettings:1      ; bokeh simulation when scattering]]
[2019.03.20-14.59.16:982][  0]LogConfig: Setting CVar [[r.DOF.Scatter.MaxSpriteRatio:0.1         ; only a maximum of 10% of scattered bokeh]]
[2019.03.20-14.59.16:982][  0]LogConfig: Setting CVar [[r.DOF.Recombine.Quality:1                ; cheap slight out of focus]]
[2019.03.20-14.59.16:982][  0]LogConfig: Setting CVar [[r.DOF.Recombine.EnableBokehSettings:0    ; no bokeh simulation on slight out of focus]]
[2019.03.20-14.59.16:982][  0]LogConfig: Setting CVar [[r.DOF.TemporalAAQuality:1                ; more stable temporal accumulation]]
[2019.03.20-14.59.16:982][  0]LogConfig: Setting CVar [[r.DOF.Kernel.MaxForegroundRadius:0.025]]
[2019.03.20-14.59.16:982][  0]LogConfig: Setting CVar [[r.DOF.Kernel.MaxBackgroundRadius:0.025]]
[2019.03.20-14.59.16:982][  0]LogConfig: Applying CVar settings from Section [TextureQuality@3] File [C:/Users/joeym/OneDrive/Documenten/GitHub/PixelArcade/Saved/Config/Windows/Scalability.ini]
[2019.03.20-14.59.16:982][  0]LogConfig: Setting CVar [[r.Streaming.MipBias:0]]
[2019.03.20-14.59.16:982][  0]LogConfig: Setting CVar [[r.Streaming.AmortizeCPUToGPUCopy:0]]
[2019.03.20-14.59.16:982][  0]LogConfig: Setting CVar [[r.Streaming.MaxNumTexturesToStreamPerFrame:0]]
[2019.03.20-14.59.16:982][  0]LogConfig: Setting CVar [[r.Streaming.Boost:1]]
[2019.03.20-14.59.16:982][  0]LogConfig: Setting CVar [[r.MaxAnisotropy:8]]
[2019.03.20-14.59.16:982][  0]LogConfig: Setting CVar [[r.Streaming.LimitPoolSizeToVRAM:0]]
[2019.03.20-14.59.16:982][  0]LogConfig: Setting CVar [[r.Streaming.PoolSize:1000]]
[2019.03.20-14.59.16:982][  0]LogConfig: Setting CVar [[r.Streaming.MaxEffectiveScreenSize:0]]
[2019.03.20-14.59.16:982][  0]LogConfig: Applying CVar settings from Section [EffectsQuality@3] File [C:/Users/joeym/OneDrive/Documenten/GitHub/PixelArcade/Saved/Config/Windows/Scalability.ini]
[2019.03.20-14.59.16:982][  0]LogConfig: Setting CVar [[r.TranslucencyLightingVolumeDim:64]]
[2019.03.20-14.59.16:982][  0]LogConfig: Setting CVar [[r.RefractionQuality:2]]
[2019.03.20-14.59.16:982][  0]LogConfig: Setting CVar [[r.SSR.Quality:3]]
[2019.03.20-14.59.16:982][  0]LogConfig: Setting CVar [[r.SceneColorFormat:4]]
[2019.03.20-14.59.16:982][  0]LogConfig: Setting CVar [[r.DetailMode:2]]
[2019.03.20-14.59.16:982][  0]LogConfig: Setting CVar [[r.TranslucencyVolumeBlur:1]]
[2019.03.20-14.59.16:982][  0]LogConfig: Setting CVar [[r.MaterialQualityLevel:1 ; High quality]]
[2019.03.20-14.59.16:982][  0]LogConfig: Setting CVar [[r.SSS.Scale:1]]
[2019.03.20-14.59.16:982][  0]LogConfig: Setting CVar [[r.SSS.SampleSet:2]]
[2019.03.20-14.59.16:982][  0]LogConfig: Setting CVar [[r.SSS.Quality:1]]
[2019.03.20-14.59.16:982][  0]LogConfig: Setting CVar [[r.SSS.HalfRes:1]]
[2019.03.20-14.59.16:982][  0]LogConfig: Setting CVar [[r.EmitterSpawnRateScale:1.0]]
[2019.03.20-14.59.16:982][  0]LogConfig: Setting CVar [[r.ParticleLightQuality:2]]
[2019.03.20-14.59.16:982][  0]LogConfig: Applying CVar settings from Section [FoliageQuality@3] File [C:/Users/joeym/OneDrive/Documenten/GitHub/PixelArcade/Saved/Config/Windows/Scalability.ini]
[2019.03.20-14.59.16:982][  0]LogConfig: Setting CVar [[foliage.DensityScale:1.0]]
[2019.03.20-14.59.16:982][  0]LogConfig: Setting CVar [[grass.DensityScale:1.0]]
[2019.03.20-14.59.16:982][  0]LogInit: Selected Device Profile: [Windows]
[2019.03.20-14.59.16:982][  0]LogInit: Applying CVar settings loaded from the selected device profile: [Windows]
[2019.03.20-14.59.16:985][  0]LogHAL: Display: Platform has ~ 16 GB [17106059264 / 17179869184 / 16], which maps to Larger [LargestMinGB=32, LargerMinGB=12, DefaultMinGB=8, SmallerMinGB=6, SmallestMinGB=0)
[2019.03.20-14.59.16:985][  0]LogConfig: Setting CVar [[r.Vulkan.UseRealUBs:1]]
[2019.03.20-14.59.16:985][  0]LogInit: Going up to parent DeviceProfile []
[2019.03.20-14.59.16:985][  0]LogConfig: Applying CVar settings from Section [ViewDistanceQuality@3] File [C:/Users/joeym/OneDrive/Documenten/GitHub/PixelArcade/Saved/Config/Windows/Scalability.ini]
[2019.03.20-14.59.16:985][  0]LogConfig: Setting CVar [[r.SkeletalMeshLODBias:0]]
[2019.03.20-14.59.16:985][  0]LogConfig: Setting CVar [[r.ViewDistanceScale:1.0]]
[2019.03.20-14.59.16:985][  0]LogConfig: Applying CVar settings from Section [AntiAliasingQuality@3] File [C:/Users/joeym/OneDrive/Documenten/GitHub/PixelArcade/Saved/Config/Windows/Scalability.ini]
[2019.03.20-14.59.16:985][  0]LogConfig: Setting CVar [[r.PostProcessAAQuality:4]]
[2019.03.20-14.59.16:985][  0]LogConfig: Applying CVar settings from Section [ShadowQuality@3] File [C:/Users/joeym/OneDrive/Documenten/GitHub/PixelArcade/Saved/Config/Windows/Scalability.ini]
[2019.03.20-14.59.16:985][  0]LogConfig: Setting CVar [[r.LightFunctionQuality:1]]
[2019.03.20-14.59.16:985][  0]LogConfig: Setting CVar [[r.ShadowQuality:5]]
[2019.03.20-14.59.16:985][  0]LogConfig: Setting CVar [[r.Shadow.CSM.MaxCascades:10]]
[2019.03.20-14.59.16:985][  0]LogConfig: Setting CVar [[r.Shadow.MaxResolution:2048]]
[2019.03.20-14.59.16:985][  0]LogConfig: Setting CVar [[r.Shadow.MaxCSMResolution:2048]]
[2019.03.20-14.59.16:985][  0]LogConfig: Setting CVar [[r.Shadow.RadiusThreshold:0.01]]
[2019.03.20-14.59.16:985][  0]LogConfig: Setting CVar [[r.Shadow.DistanceScale:1.0]]
[2019.03.20-14.59.16:985][  0]LogConfig: Setting CVar [[r.Shadow.CSM.TransitionScale:1.0]]
[2019.03.20-14.59.16:985][  0]LogConfig: Setting CVar [[r.Shadow.PreShadowResolutionFactor:1.0]]
[2019.03.20-14.59.16:985][  0]LogConfig: Setting CVar [[r.DistanceFieldShadowing:1]]
[2019.03.20-14.59.16:985][  0]LogConfig: Setting CVar [[r.DistanceFieldAO:1]]
[2019.03.20-14.59.16:985][  0]LogConfig: Setting CVar [[r.AOQuality:2]]
[2019.03.20-14.59.16:985][  0]LogConfig: Setting CVar [[r.VolumetricFog:1]]
[2019.03.20-14.59.16:985][  0]LogConfig: Setting CVar [[r.VolumetricFog.GridPixelSize:8]]
[2019.03.20-14.59.16:985][  0]LogConfig: Setting CVar [[r.VolumetricFog.GridSizeZ:128]]
[2019.03.20-14.59.16:985][  0]LogConfig: Setting CVar [[r.VolumetricFog.HistoryMissSupersampleCount:4]]
[2019.03.20-14.59.16:985][  0]LogConfig: Setting CVar [[r.LightMaxDrawDistanceScale:1]]
[2019.03.20-14.59.16:985][  0]LogConfig: Setting CVar [[r.CapsuleShadows:1]]
[2019.03.20-14.59.16:985][  0]LogConfig: Applying CVar settings from Section [PostProcessQuality@3] File [C:/Users/joeym/OneDrive/Documenten/GitHub/PixelArcade/Saved/Config/Windows/Scalability.ini]
[2019.03.20-14.59.16:985][  0]LogConfig: Setting CVar [[r.MotionBlurQuality:4]]
[2019.03.20-14.59.16:985][  0]LogConfig: Setting CVar [[r.AmbientOcclusionMipLevelFactor:0.4]]
[2019.03.20-14.59.16:985][  0]LogConfig: Setting CVar [[r.AmbientOcclusionMaxQuality:100]]
[2019.03.20-14.59.16:985][  0]LogConfig: Setting CVar [[r.AmbientOcclusionLevels:-1]]
[2019.03.20-14.59.16:985][  0]LogConfig: Setting CVar [[r.AmbientOcclusionRadiusScale:1.0]]
[2019.03.20-14.59.16:985][  0]LogConfig: Setting CVar [[r.DepthOfFieldQuality:2]]
[2019.03.20-14.59.16:985][  0]LogConfig: Setting CVar [[r.RenderTargetPoolMin:400]]
[2019.03.20-14.59.16:985][  0]LogConfig: Setting CVar [[r.LensFlareQuality:2]]
[2019.03.20-14.59.16:985][  0]LogConfig: Setting CVar [[r.SceneColorFringeQuality:1]]
[2019.03.20-14.59.16:985][  0]LogConfig: Setting CVar [[r.EyeAdaptationQuality:2]]
[2019.03.20-14.59.16:985][  0]LogConfig: Setting CVar [[r.BloomQuality:5]]
[2019.03.20-14.59.16:985][  0]LogConfig: Setting CVar [[r.FastBlurThreshold:100]]
[2019.03.20-14.59.16:985][  0]LogConfig: Setting CVar [[r.Upscale.Quality:3]]
[2019.03.20-14.59.16:985][  0]LogConfig: Setting CVar [[r.Tonemapper.GrainQuantization:1]]
[2019.03.20-14.59.16:985][  0]LogConfig: Setting CVar [[r.LightShaftQuality:1]]
[2019.03.20-14.59.16:985][  0]LogConfig: Setting CVar [[r.Filter.SizeScale:1]]
[2019.03.20-14.59.16:985][  0]LogConfig: Setting CVar [[r.Tonemapper.Quality:5]]
[2019.03.20-14.59.16:985][  0]LogConfig: Setting CVar [[r.DOF.Gather.AccumulatorQuality:1        ; higher gathering accumulator quality]]
[2019.03.20-14.59.16:985][  0]LogConfig: Setting CVar [[r.DOF.Gather.PostfilterMethod:1          ; Median3x3 postfilering method]]
[2019.03.20-14.59.16:985][  0]LogConfig: Setting CVar [[r.DOF.Gather.EnableBokehSettings:0       ; no bokeh simulation when gathering]]
[2019.03.20-14.59.16:985][  0]LogConfig: Setting CVar [[r.DOF.Gather.RingCount:4                 ; medium number of samples when gathering]]
[2019.03.20-14.59.16:985][  0]LogConfig: Setting CVar [[r.DOF.Scatter.ForegroundCompositing:1    ; additive foreground scattering]]
[2019.03.20-14.59.16:985][  0]LogConfig: Setting CVar [[r.DOF.Scatter.BackgroundCompositing:2    ; additive background scattering]]
[2019.03.20-14.59.16:986][  0]LogConfig: Setting CVar [[r.DOF.Scatter.EnableBokehSettings:1      ; bokeh simulation when scattering]]
[2019.03.20-14.59.16:986][  0]LogConfig: Setting CVar [[r.DOF.Scatter.MaxSpriteRatio:0.1         ; only a maximum of 10% of scattered bokeh]]
[2019.03.20-14.59.16:986][  0]LogConfig: Setting CVar [[r.DOF.Recombine.Quality:1                ; cheap slight out of focus]]
[2019.03.20-14.59.16:986][  0]LogConfig: Setting CVar [[r.DOF.Recombine.EnableBokehSettings:0    ; no bokeh simulation on slight out of focus]]
[2019.03.20-14.59.16:986][  0]LogConfig: Setting CVar [[r.DOF.TemporalAAQuality:1                ; more stable temporal accumulation]]
[2019.03.20-14.59.16:986][  0]LogConfig: Setting CVar [[r.DOF.Kernel.MaxForegroundRadius:0.025]]
[2019.03.20-14.59.16:986][  0]LogConfig: Setting CVar [[r.DOF.Kernel.MaxBackgroundRadius:0.025]]
[2019.03.20-14.59.16:986][  0]LogConfig: Applying CVar settings from Section [TextureQuality@3] File [C:/Users/joeym/OneDrive/Documenten/GitHub/PixelArcade/Saved/Config/Windows/Scalability.ini]
[2019.03.20-14.59.16:986][  0]LogConfig: Setting CVar [[r.Streaming.MipBias:0]]
[2019.03.20-14.59.16:986][  0]LogConfig: Setting CVar [[r.Streaming.AmortizeCPUToGPUCopy:0]]
[2019.03.20-14.59.16:986][  0]LogConfig: Setting CVar [[r.Streaming.MaxNumTexturesToStreamPerFrame:0]]
[2019.03.20-14.59.16:986][  0]LogConfig: Setting CVar [[r.Streaming.Boost:1]]
[2019.03.20-14.59.16:986][  0]LogConfig: Setting CVar [[r.MaxAnisotropy:8]]
[2019.03.20-14.59.16:986][  0]LogConfig: Setting CVar [[r.Streaming.LimitPoolSizeToVRAM:0]]
[2019.03.20-14.59.16:986][  0]LogConfig: Setting CVar [[r.Streaming.PoolSize:1000]]
[2019.03.20-14.59.16:986][  0]LogConfig: Setting CVar [[r.Streaming.MaxEffectiveScreenSize:0]]
[2019.03.20-14.59.16:986][  0]LogConfig: Applying CVar settings from Section [EffectsQuality@3] File [C:/Users/joeym/OneDrive/Documenten/GitHub/PixelArcade/Saved/Config/Windows/Scalability.ini]
[2019.03.20-14.59.16:986][  0]LogConfig: Setting CVar [[r.TranslucencyLightingVolumeDim:64]]
[2019.03.20-14.59.16:986][  0]LogConfig: Setting CVar [[r.RefractionQuality:2]]
[2019.03.20-14.59.16:986][  0]LogConfig: Setting CVar [[r.SSR.Quality:3]]
[2019.03.20-14.59.16:986][  0]LogConfig: Setting CVar [[r.SceneColorFormat:4]]
[2019.03.20-14.59.16:986][  0]LogConfig: Setting CVar [[r.DetailMode:2]]
[2019.03.20-14.59.16:986][  0]LogConfig: Setting CVar [[r.TranslucencyVolumeBlur:1]]
[2019.03.20-14.59.16:986][  0]LogConfig: Setting CVar [[r.MaterialQualityLevel:1 ; High quality]]
[2019.03.20-14.59.16:986][  0]LogConfig: Setting CVar [[r.SSS.Scale:1]]
[2019.03.20-14.59.16:986][  0]LogConfig: Setting CVar [[r.SSS.SampleSet:2]]
[2019.03.20-14.59.16:986][  0]LogConfig: Setting CVar [[r.SSS.Quality:1]]
[2019.03.20-14.59.16:986][  0]LogConfig: Setting CVar [[r.SSS.HalfRes:1]]
[2019.03.20-14.59.16:986][  0]LogConfig: Setting CVar [[r.EmitterSpawnRateScale:1.0]]
[2019.03.20-14.59.16:986][  0]LogConfig: Setting CVar [[r.ParticleLightQuality:2]]
[2019.03.20-14.59.16:986][  0]LogConfig: Applying CVar settings from Section [FoliageQuality@3] File [C:/Users/joeym/OneDrive/Documenten/GitHub/PixelArcade/Saved/Config/Windows/Scalability.ini]
[2019.03.20-14.59.16:986][  0]LogConfig: Setting CVar [[foliage.DensityScale:1.0]]
[2019.03.20-14.59.16:986][  0]LogConfig: Setting CVar [[grass.DensityScale:1.0]]
[2019.03.20-14.59.16:986][  0]LogConfig: Applying CVar settings from Section [Startup] File [../../../Engine/Config/ConsoleVariables.ini]
[2019.03.20-14.59.16:986][  0]LogConfig: Setting CVar [[net.UseAdaptiveNetUpdateFrequency:0]]
[2019.03.20-14.59.16:986][  0]LogConfig: Applying CVar settings from Section [ConsoleVariables] File [C:/Users/joeym/OneDrive/Documenten/GitHub/PixelArcade/Saved/Config/Windows/Engine.ini]
[2019.03.20-14.59.16:986][  0]LogInit: Computer: JOEYCOMPUTER
[2019.03.20-14.59.16:986][  0]LogInit: User: joeym
[2019.03.20-14.59.16:986][  0]LogInit: CPU Page size=4096, Cores=4
[2019.03.20-14.59.16:986][  0]LogInit: High frequency timer resolution =10.000000 MHz
[2019.03.20-14.59.16:986][  0]LogMemory: Memory total: Physical=15.9GB (16GB approx)
[2019.03.20-14.59.16:986][  0]LogMemory: Platform Memory Stats for Windows
[2019.03.20-14.59.16:986][  0]LogMemory: Process Physical Memory: 132.64 MB used, 132.64 MB peak
[2019.03.20-14.59.16:986][  0]LogMemory: Process Virtual Memory: 100.20 MB used, 100.20 MB peak
[2019.03.20-14.59.16:986][  0]LogMemory: Physical Memory: 7170.00 MB used,  9143.61 MB free, 16313.61 MB total
[2019.03.20-14.59.16:986][  0]LogMemory: Virtual Memory: 4773.31 MB used,  134212952.00 MB free, 134217728.00 MB total
[2019.03.20-14.59.17:013][  0]LogInit: Using OS detected language (nl-NL).
[2019.03.20-14.59.17:013][  0]LogInit: Using OS detected locale (nl-NL).
[2019.03.20-14.59.17:014][  0]LogTextLocalizationManager: No localization for 'nl-NL' exists, so 'en' will be used for the language.
[2019.03.20-14.59.17:014][  0]LogTextLocalizationManager: No localization for 'nl-NL' exists, so 'en' will be used for the locale.
[2019.03.20-14.59.17:352][  0]LogStreaming: Display: Took  0.339s to InitEngineTextLocalization.
[2019.03.20-14.59.17:375][  0]LogSlate: New Slate User Created.  User Index 0, Is Virtual User: 0
[2019.03.20-14.59.17:375][  0]LogSlate: Slate User Registered.  User Index 0, Is Virtual User: 0
[2019.03.20-14.59.17:382][  0]LogHMD: Failed to initialize OpenVR with code 110
[2019.03.20-14.59.17:382][  0]LogD3D11RHI: D3D11 adapters:
[2019.03.20-14.59.17:442][  0]LogD3D11RHI:    0. 'NVIDIA GeForce GTX 1080' (Feature Level 11_0)
[2019.03.20-14.59.17:442][  0]LogD3D11RHI:       8079/0/8156 MB DedicatedVideo/DedicatedSystem/SharedSystem, Outputs:2, VendorId:0x10de
[2019.03.20-14.59.17:445][  0]LogD3D11RHI:    1. 'Microsoft Basic Render Driver' (Feature Level 11_0)
[2019.03.20-14.59.17:445][  0]LogD3D11RHI:       0/0/8156 MB DedicatedVideo/DedicatedSystem/SharedSystem, Outputs:0, VendorId:0x1414
[2019.03.20-14.59.17:445][  0]LogD3D11RHI: Chosen D3D11 Adapter: 0
[2019.03.20-14.59.17:453][  0]LogD3D11RHI: Creating new Direct3DDevice
[2019.03.20-14.59.17:454][  0]LogD3D11RHI:     GPU DeviceId: 0x1b80 (for the marketing name, search the web for "GPU Device Id")
[2019.03.20-14.59.17:454][  0]LogWindows: EnumDisplayDevices:
[2019.03.20-14.59.17:454][  0]LogWindows:    0. 'NVIDIA GeForce GTX 1080' (P:1 D:1)
[2019.03.20-14.59.17:454][  0]LogWindows:    1. 'NVIDIA GeForce GTX 1080' (P:0 D:1)
[2019.03.20-14.59.17:454][  0]LogWindows:    2. 'NVIDIA GeForce GTX 1080' (P:0 D:0)
[2019.03.20-14.59.17:454][  0]LogWindows:    3. 'NVIDIA GeForce GTX 1080' (P:0 D:0)
[2019.03.20-14.59.17:454][  0]LogWindows: DebugString: FoundDriverCount:4 
[2019.03.20-14.59.17:454][  0]LogD3D11RHI:     Adapter Name: NVIDIA GeForce GTX 1080
[2019.03.20-14.59.17:454][  0]LogD3D11RHI:   Driver Version: 419.17 (internal:25.21.14.1917, unified:419.17)
[2019.03.20-14.59.17:454][  0]LogD3D11RHI:      Driver Date: 2-20-2019
[2019.03.20-14.59.17:454][  0]LogRHI: Texture pool is 5655 MB (70% of 8079 MB)
[2019.03.20-14.59.17:494][  0]LogD3D11RHI: Async texture creation enabled
[2019.03.20-14.59.17:505][  0]LogD3D11RHI: GPU Timing Frequency: 1000.000000 (Debug: 2 1)
[2019.03.20-14.59.17:958][  0]LogTemp: Display: Loaded TP WindowsClientTargetPlatform
[2019.03.20-14.59.17:968][  0]LogTemp: Display: Loaded TP WindowsNoEditorTargetPlatform
[2019.03.20-14.59.17:978][  0]LogTemp: Display: Loaded TP WindowsServerTargetPlatform
[2019.03.20-14.59.17:984][  0]LogTemp: Display: Loaded TP WindowsTargetPlatform
[2019.03.20-14.59.17:984][  0]LogTargetPlatformManager: Display: Building Assets For Windows
[2019.03.20-14.59.18:027][  0]LogShaderCompilers: Guid format shader working directory is -8 characters bigger than the processId version (C:/Users/joeym/OneDrive/Documenten/GitHub/PixelArcade/Intermediate/Shaders/WorkingDirectory/12564/).
[2019.03.20-14.59.18:028][  0]LogShaderCompilers: Cleaned the shader compiler working directory 'C:/Users/joeym/AppData/Local/Temp/UnrealShaderWorkingDir/49D906F34B7523B602CE5696E6DC7809/'.
[2019.03.20-14.59.18:029][  0]LogXGEController: Cannot use XGE Controller as Incredibuild is not installed on this machine.
[2019.03.20-14.59.18:029][  0]LogShaderCompilers: Cannot use XGE Shader Compiler as Incredibuild is not installed on this machine.
[2019.03.20-14.59.18:030][  0]LogShaderCompilers: Display: Using Local Shader Compiler.
[2019.03.20-14.59.18:518][  0]LogDerivedDataCache: Display: Max Cache Size: 512 MB
[2019.03.20-14.59.18:559][  0]LogDerivedDataCache: Loaded boot cache 0.04s 71MB C:/Users/joeym/AppData/Local/UnrealEngine/4.21/DerivedDataCache/Boot.ddc.
[2019.03.20-14.59.18:559][  0]LogDerivedDataCache: Display: Loaded Boot cache: C:/Users/joeym/AppData/Local/UnrealEngine/4.21/DerivedDataCache/Boot.ddc
[2019.03.20-14.59.18:559][  0]LogDerivedDataCache: FDerivedDataBackendGraph:  Pak pak cache file C:/Users/joeym/OneDrive/Documenten/GitHub/PixelArcade/DerivedDataCache/DDC.ddp not found, will not use a pak cache.
[2019.03.20-14.59.18:559][  0]LogDerivedDataCache: Unable to find inner node Pak for hierarchical cache Hierarchy.
[2019.03.20-14.59.18:559][  0]LogDerivedDataCache: FDerivedDataBackendGraph:  CompressedPak pak cache file C:/Users/joeym/OneDrive/Documenten/GitHub/PixelArcade/DerivedDataCache/Compressed.ddp not found, will not use a pak cache.
[2019.03.20-14.59.18:559][  0]LogDerivedDataCache: Unable to find inner node CompressedPak for hierarchical cache Hierarchy.
[2019.03.20-14.59.18:571][  0]LogDerivedDataCache: Display: Pak cache opened for reading ../../../Engine/DerivedDataCache/Compressed.ddp.
[2019.03.20-14.59.18:571][  0]LogDerivedDataCache: FDerivedDataBackendGraph:  EnterprisePak pak cache file ../../../Enterprise/DerivedDataCache/Compressed.ddp not found, will not use a pak cache.
[2019.03.20-14.59.18:571][  0]LogDerivedDataCache: Unable to find inner node EnterprisePak for hierarchical cache Hierarchy.
[2019.03.20-14.59.18:583][  0]LogDerivedDataCache: Using Local data cache path C:/Users/joeym/AppData/Local/UnrealEngine/Common/DerivedDataCache: Writable
[2019.03.20-14.59.18:583][  0]LogDerivedDataCache: Shared data cache path not found in *engine.ini, will not use an Shared cache.
[2019.03.20-14.59.18:583][  0]LogDerivedDataCache: Unable to find inner node Shared for hierarchical cache Hierarchy.
[2019.03.20-14.59.18:604][  0]LogMaterial: Verifying Global Shaders for PCD3D_SM5
[2019.03.20-14.59.18:605][  0]LogSlate: Using FreeType 2.6.0
[2019.03.20-14.59.18:606][  0]LogSlate: SlateFontServices - WITH_FREETYPE: 1, WITH_HARFBUZZ: 1
[2019.03.20-14.59.18:728][  0]LogInit: Using OS detected language (nl-NL).
[2019.03.20-14.59.18:728][  0]LogInit: Using OS detected locale (nl-NL).
[2019.03.20-14.59.18:728][  0]LogTextLocalizationManager: No localization for 'nl-NL' exists, so 'en' will be used for the language.
[2019.03.20-14.59.18:728][  0]LogTextLocalizationManager: No localization for 'nl-NL' exists, so 'en' will be used for the locale.
[2019.03.20-14.59.18:730][  0]LogStreaming: Display: Took  0.002s to InitGameTextLocalization.
[2019.03.20-14.59.18:737][  0]LogAssetRegistry: FAssetRegistry took 0.0040 seconds to start up
[2019.03.20-14.59.18:946][  0]LogPackageLocalizationCache: Processed 12 localized package path(s) for 1 prioritized culture(s) in 0.023760 seconds
[2019.03.20-14.59.19:074][  0]LogInit: Selected Device Profile: [Windows]
[2019.03.20-14.59.19:193][  0]LogSimplygon: Simplygon DLL not present - disabling.
[2019.03.20-14.59.19:196][  0]LogMeshReduction: Using SimplygonSwarm for distributed automatic mesh merging
[2019.03.20-14.59.19:196][  0]LogMeshReduction: Using ProxyLODMeshReduction for automatic mesh merging
[2019.03.20-14.59.19:196][  0]LogMeshReduction: Using QuadricMeshReduction for automatic static mesh reduction
[2019.03.20-14.59.19:196][  0]LogMeshReduction: No automatic skeletal mesh reduction module available
[2019.03.20-14.59.19:208][  0]LogNetVersion: PixelArcade 1.0.0, NetCL: 4541578, EngineNetVer: 5, GameNetVer: 0 (Checksum: 3322908292)
[2019.03.20-14.59.19:731][  0]LogMoviePlayer: Initializing movie player
[2019.03.20-14.59.19:824][  0]LogTcpMessaging: Initializing TcpMessaging bridge
[2019.03.20-14.59.19:836][  0]LogUdpMessaging: Initializing bridge on interface 0.0.0.0:0 to multicast group 230.0.0.1:6666.
[2019.03.20-14.59.19:916][  0]SourceControl: Source control is disabled
[2019.03.20-14.59.19:917][  0]SourceControl: Source control is disabled
[2019.03.20-14.59.19:917][  0]SourceControl: Source control is disabled
[2019.03.20-14.59.20:044][  0]LogAndroidPermission: UAndroidPermissionCallbackProxy::GetInstance
[2019.03.20-14.59.20:152][  0]LogOcInput: OculusInput pre-init called
[2019.03.20-14.59.20:160][  0]LogUObjectArray: 43235 objects as part of root set at end of initial load.
[2019.03.20-14.59.20:160][  0]LogUObjectAllocator: 7601016 out of 0 bytes used by permanent object pool.
[2019.03.20-14.59.20:160][  0]LogUObjectArray: CloseDisregardForGC: 0/0 objects in disregard for GC pool
[2019.03.20-14.59.20:277][  0]LogEngine: Initializing Engine...
[2019.03.20-14.59.20:278][  0]LogHMD: Failed to initialize OpenVR with code 110
[2019.03.20-14.59.20:291][  0]LogStats: UGameplayTagsManager::ConstructGameplayTagTree: ImportINI prefixes -  0.000 s
[2019.03.20-14.59.20:291][  0]LogStats: UGameplayTagsManager::ConstructGameplayTagTree: Construct from data asset -  0.000 s
[2019.03.20-14.59.20:291][  0]LogStats: UGameplayTagsManager::ConstructGameplayTagTree: ImportINI -  0.000 s
[2019.03.20-14.59.20:291][  0]LogStats: UGameplayTagsManager::ConstructGameplayTagTree: GameplayTagTreeChangedEvent.Broadcast -  0.000 s
[2019.03.20-14.59.20:442][  0]LogInit: Initializing FReadOnlyCVARCache
[2019.03.20-14.59.20:464][  0]LogInit: XAudio2 using 'luidspreker/Hoofdtelefoon (Realtek High Definition Audio)' : 2 channels at 48 kHz using 32 bits per sample (channel mask 0x3)
[2019.03.20-14.59.20:494][  0]LogInit: FAudioDevice initialized.
[2019.03.20-14.59.20:505][  0]LogNetVersion: Set ProjectVersion to 1.0.0.0. Version Checksum will be recalculated on next use.
[2019.03.20-14.59.20:510][  0]LogInit: Texture streaming: Enabled
[2019.03.20-14.59.20:632][  0]LogSlate: Updating window title bar state: overlay mode, drag disabled, window buttons hidden, title bar hidden
[2019.03.20-14.59.20:632][  0]LogInit: Display: Game Engine Initialized.
[2019.03.20-14.59.20:632][  0]LogGameplayTags: Display: UGameplayTagsManager::DoneAddingNativeTags. DelegateIsBound: 0
[2019.03.20-14.59.20:632][  0]LogStats: UGameplayTagsManager::ConstructGameplayTagTree: ImportINI prefixes -  0.000 s
[2019.03.20-14.59.20:632][  0]LogStats: UGameplayTagsManager::ConstructGameplayTagTree: Construct from data asset -  0.000 s
[2019.03.20-14.59.20:632][  0]LogStats: UGameplayTagsManager::ConstructGameplayTagTree: ImportINI -  0.000 s
[2019.03.20-14.59.20:632][  0]LogStats: UGameplayTagsManager::ConstructGameplayTagTree: GameplayTagTreeChangedEvent.Broadcast -  0.000 s
[2019.03.20-14.59.20:648][  0]LogInit: Display: Starting Game.
[2019.03.20-14.59.20:648][  0]LogNet: Browse: /Game/PixelWorlds/PixelMenu?Name=Player
[2019.03.20-14.59.20:648][  0]LogLoad: LoadMap: /Game/PixelWorlds/PixelMenu?Name=Player
[2019.03.20-14.59.20:741][  0]LogAIModule: Creating AISystem for world PixelMenu
[2019.03.20-14.59.20:870][  0]LogLoad: Game class is 'GM_PixelMenu_C'
[2019.03.20-14.59.20:872][  0]LogWorld: Bringing World /Game/PixelWorlds/PixelMenu.PixelMenu up for play (max tick rate 0) at 2019.03.20-15.59.20
[2019.03.20-14.59.20:872][  0]LogWorld: Bringing up level for play took: 0.001454
[2019.03.20-14.59.20:876][  0]LogLoad: Took 0.227949 seconds to LoadMap(/Game/PixelWorlds/PixelMenu)
[2019.03.20-14.59.20:928][  0]LogRenderer: Reallocating scene render targets to support 1280x720 Format 10 NumSamples 1 (Frame:1).
[2019.03.20-14.59.20:928][  0]LogLoad: (Engine Initialization) Total time: 5.75 seconds
[2019.03.20-14.59.20:928][  0]LogLoad: (Engine Initialization) Total Blueprint compile time: 0.00 seconds
[2019.03.20-14.59.20:955][  0]LogContentStreaming: Texture pool size now 1000 MB
[2019.03.20-14.59.28:817][488]LogOnlineSession: STEAM: Found 4 lobbies, finalizing the search
[2019.03.20-14.59.28:817][488]LogOnlineSession: STEAM: Search result 0: LobbyId=Lobby[0x186000001E0FC6D], LobbyId.IsValid()=true, CSteamID(LobbyId).IsLobby()=true
[2019.03.20-14.59.28:818][488]LogOnlineSession: Warning: STEAM: Unable to parse search result for lobby 'Lobby[0x186000001E0FC6D]'
[2019.03.20-14.59.28:818][488]LogOnlineSession: STEAM: Search result 1: LobbyId=Lobby[0x186000001EC5761], LobbyId.IsValid()=true, CSteamID(LobbyId).IsLobby()=true
[2019.03.20-14.59.28:819][488]LogOnlineSession: STEAM: Search result 2: LobbyId=Lobby[0x186000001E0FCE2], LobbyId.IsValid()=true, CSteamID(LobbyId).IsLobby()=true
[2019.03.20-14.59.28:819][488]LogOnlineSession: Warning: STEAM: Unable to parse search result for lobby 'Lobby[0x186000001E0FCE2]'
[2019.03.20-14.59.28:819][488]LogOnlineSession: STEAM: Search result 3: LobbyId=Lobby[0x186000001EBB33A], LobbyId.IsValid()=true, CSteamID(LobbyId).IsLobby()=true
[2019.03.20-14.59.28:819][488]LogOnlineSession: Warning: STEAM: Unknown or unsupported data type from Steam key data actual_password e1556fa73a758baa1dbf4877cafe4f64
[2019.03.20-14.59.28:819][488]LogOnlineSession: Warning: STEAM: Failed to parse setting from key actual_password value e1556fa73a758baa1dbf4877cafe4f64
[2019.03.20-14.59.28:819][488]LogOnlineSession: Warning: STEAM: Unknown or unsupported data type from Steam key data desc Stellaris
[2019.03.20-14.59.28:819][488]LogOnlineSession: Warning: STEAM: Failed to parse setting from key desc value Stellaris
[2019.03.20-14.59.28:819][488]LogOnlineSession: Warning: STEAM: Unknown or unsupported data type from Steam key data mod Stellaris
[2019.03.20-14.59.28:819][488]LogOnlineSession: Warning: STEAM: Failed to parse setting from key mod value Stellaris
[2019.03.20-14.59.28:819][488]LogOnlineSession: Warning: STEAM: Unknown or unsupported data type from Steam key data name MrFluxx
[2019.03.20-14.59.28:819][488]LogOnlineSession: Warning: STEAM: Failed to parse setting from key name value MrFluxx
[2019.03.20-14.59.28:819][488]LogOnlineSession: Warning: STEAM: Unknown or unsupported data type from Steam key data password 0
[2019.03.20-14.59.28:819][488]LogOnlineSession: Warning: STEAM: Failed to parse setting from key password value 0
[2019.03.20-14.59.28:819][488]LogOnlineSession: Warning: STEAM: Unknown or unsupported data type from Steam key data status RUNNING;Le Guin v2.2.0 (0d1c);e1556fa73a758baa1dbf4877cafe4f64
[2019.03.20-14.59.28:819][488]LogOnlineSession: Warning: STEAM: Failed to parse setting from key status value RUNNING;Le Guin v2.2.0 (0d1c);e1556fa73a758baa1dbf4877cafe4f64
[2019.03.20-14.59.28:820][488]LogOnlineSession: Warning: STEAM: Unknown or unsupported data type from Steam key data version Le Guin v2.2.0 (0d1c)
[2019.03.20-14.59.28:820][488]LogOnlineSession: Warning: STEAM: Failed to parse setting from key version value Le Guin v2.2.0 (0d1c)
[2019.03.20-14.59.28:820][488]LogOnlineSession: Warning: STEAM: Unknown or unsupported data type from Steam key data __gameserverIP 0
[2019.03.20-14.59.28:820][488]LogOnlineSession: Warning: STEAM: Failed to parse setting from key __gameserverIP value 0
[2019.03.20-14.59.28:820][488]LogOnlineSession: Warning: STEAM: Unknown or unsupported data type from Steam key data __gameserverPort 0
[2019.03.20-14.59.28:820][488]LogOnlineSession: Warning: STEAM: Failed to parse setting from key __gameserverPort value 0
[2019.03.20-14.59.28:820][488]LogOnlineSession: Warning: STEAM: Unknown or unsupported data type from Steam key data __gameserverSteamID 90124426308918273
[2019.03.20-14.59.28:820][488]LogOnlineSession: Warning: STEAM: Failed to parse setting from key __gameserverSteamID value 90124426308918273
[2019.03.20-14.59.28:820][488]LogOnlineSession: Warning: STEAM: Unable to parse search result for lobby 'Lobby[0x186000001EBB33A]'
[2019.03.20-14.59.29:140][508]LogOnlineSession: OSS: Join session: traveling to steam.76561198304318597:7777
[2019.03.20-14.59.29:140][508]LogBlueprintUserMessages: [PixelFarm_Farmer_C_0] CONNECTED
[2019.03.20-14.59.29:155][508]LogNet: Browse: steam.76561198304318597//Game/PixelWorlds/PixelMenu
[2019.03.20-14.59.29:155][508]LogTemp: Display: ParseSettings for GameNetDriver
[2019.03.20-14.59.29:155][508]LogTemp: Display: ParseSettings for SteamNetDriver_0
[2019.03.20-14.59.29:155][508]LogTemp: Display: ParseSettings for PendingNetDriver
[2019.03.20-14.59.29:155][508]LogNet: Display: SteamNetDriver_0 bound to port 7777
[2019.03.20-14.59.29:155][508]PacketHandlerLog: Loaded PacketHandler component: Engine.EngineHandlerComponentFactory (StatelessConnectHandlerComponent)
[2019.03.20-14.59.29:155][508]LogNet: Game client on port 7777, rate 10000
[2019.03.20-14.59.33:478][776]LogHandshake: SendChallengeResponse. Timestamp: 18.405842, Cookie: 087070014088106023027232058043008145147103180033024106063088
[2019.03.20-14.59.33:478][776]LogHandshake: SendChallengeResponse. Timestamp: 18.405842, Cookie: 087070014088106023027232058043008145147103180033024106063088
[2019.03.20-14.59.33:478][776]LogHandshake: SendChallengeResponse. Timestamp: 18.405842, Cookie: 087070014088106023027232058043008145147103180033024106063088
[2019.03.20-14.59.33:479][776]LogHandshake: SendChallengeResponse. Timestamp: 18.405842, Cookie: 087070014088106023027232058043008145147103180033024106063088
[2019.03.20-14.59.33:479][776]LogHandshake: SendChallengeResponse. Timestamp: 18.405842, Cookie: 087070014088106023027232058043008145147103180033024106063088
[2019.03.20-14.59.33:510][778]LogNetVersion: PixelArcade 1.0.0.0, NetCL: 4541578, EngineNetVer: 5, GameNetVer: 0 (Checksum: 4201119377)
[2019.03.20-14.59.33:510][778]LogNet: UPendingNetGame::SendInitialJoin: Sending hello. [UNetConnection] RemoteAddr: 76561198304318597:7777, Name: SteamNetConnection_0, Driver: PendingNetDriver SteamNetDriver_0, IsServer: NO, PC: NULL, Owner: NULL, UniqueId: INVALID
[2019.03.20-14.59.33:704][790]LogNet: Welcomed by server (Level: /Game/PixelWorlds/FarmHunt, Game: /Game/PixelGamemodes/GM_FarmHunt.GM_FarmHunt_C)
[2019.03.20-14.59.33:704][790]LogLoad: LoadMap: steam.76561198304318597//Game/PixelWorlds/FarmHunt?game=/Game/PixelGamemodes/GM_FarmHunt.GM_FarmHunt_C
[2019.03.20-14.59.33:911][790]LogTemp: Display: ParseSettings for GameNetDriver
[2019.03.20-14.59.33:918][790]LogWorld: Bringing World /Game/PixelWorlds/FarmHunt.FarmHunt up for play (max tick rate 0) at 2019.03.20-15.59.33
[2019.03.20-14.59.33:919][790]LogWorld: Bringing up level for play took: 0.007135
[2019.03.20-14.59.33:919][790]LogLoad: Took 0.214936 seconds to LoadMap(/Game/PixelWorlds/FarmHunt)
[2019.03.20-14.59.34:315][814]LogNetPackageMap: Warning: GetObjectFromNetGUID: Network checksum mismatch. FullNetGUIDPath: [65]/Game/PixelCharacters/PixelFarm_Farmer.[63]Default__PixelFarm_Farmer_C, 1666807410, 968088298
[2019.03.20-14.59.34:315][814]LogNetPackageMap: Warning: InternalLoadObject: Unable to resolve object from path. Path: Default__PixelFarm_Farmer_C, Outer: /Game/PixelCharacters/PixelFarm_Farmer, NetGUID: 63
[2019.03.20-14.59.34:315][814]LogNetPackageMap: Warning: InternalLoadObject: Unable to resolve object. FullNetGUIDPath: [65]/Game/PixelCharacters/PixelFarm_Farmer.[63]Default__PixelFarm_Farmer_C
[2019.03.20-14.59.34:315][814]LogNetPackageMap: Error: UPackageMapClient::SerializeNewActor. Unresolved Archetype GUID. Path: Default__PixelFarm_Farmer_C, NetGUID: 63.
[2019.03.20-14.59.34:315][814]LogNetPackageMap: Error: UPackageMapClient::SerializeNewActor Unable to read Archetype for NetGUID 6 / 63
[2019.03.20-14.59.34:315][814]LogNet: Warning: UActorChannel::ProcessBunch: SerializeNewActor failed to find/spawn actor. Actor: None, Channel: 9
[2019.03.20-14.59.34:315][814]LogNetPackageMap: Warning: InternalLoadObject: Unable to resolve object from path. Path: Default__PixelFarm_Farmer_C, Outer: /Game/PixelCharacters/PixelFarm_Farmer, NetGUID: 63
[2019.03.20-14.59.34:315][814]LogNetPackageMap: Warning: InternalLoadObject: Unable to resolve object. FullNetGUIDPath: [65]/Game/PixelCharacters/PixelFarm_Farmer.[63]Default__PixelFarm_Farmer_C
[2019.03.20-14.59.34:315][814]LogNetPackageMap: Error: UPackageMapClient::SerializeNewActor. Unresolved Archetype GUID. Path: Default__PixelFarm_Farmer_C, NetGUID: 63.
[2019.03.20-14.59.34:315][814]LogNetPackageMap: Error: UPackageMapClient::SerializeNewActor Unable to read Archetype for NetGUID 12 / 63
[2019.03.20-14.59.34:315][814]LogNet: Warning: UActorChannel::ProcessBunch: SerializeNewActor failed to find/spawn actor. Actor: None, Channel: 10
[2019.03.20-14.59.34:315][814]LogNet: Warning: UActorChannel::ProcessBunch: SerializeNewActor failed to find/spawn actor. Actor: None, Channel: 11
[2019.03.20-14.59.34:316][814]LogScript: Warning: Accessed None trying to read property MyPlayerRef
	Actor_Carrot_C /Game/PixelWorlds/FarmHunt.FarmHunt:PersistentLevel.Actor_Carrot2
	Function /Game/PixelActors/PixelFarm/Actor_Carrot.Actor_Carrot_C:RenderTheText:02A4
[2019.03.20-14.59.34:316][814]LogScript: Warning: Script call stack:
	Function /Game/PixelActors/PixelFarm/Actor_Carrot.Actor_Carrot_C:ReceiveTick
	Function /Game/PixelActors/PixelFarm/Actor_Carrot.Actor_Carrot_C:ExecuteUbergraph_Actor_Carrot
	Function /Game/PixelActors/PixelFarm/Actor_Carrot.Actor_Carrot_C:RenderText
	Function /Game/PixelActors/PixelFarm/Actor_Carrot.Actor_Carrot_C:ExecuteUbergraph_Actor_Carrot
	Function /Game/PixelActors/PixelFarm/Actor_Carrot.Actor_Carrot_C:RenderTheText

[2019.03.20-14.59.34:316][814]LogScript: Warning: Accessed None trying to read property MyPlayerRef
	Actor_Carrot_C /Game/PixelWorlds/FarmHunt.FarmHunt:PersistentLevel.Actor_Carrot3
	Function /Game/PixelActors/PixelFarm/Actor_Carrot.Actor_Carrot_C:RenderTheText:02A4
[2019.03.20-14.59.34:316][814]LogScript: Warning: Script call stack:
	Function /Game/PixelActors/PixelFarm/Actor_Carrot.Actor_Carrot_C:ReceiveTick
	Function /Game/PixelActors/PixelFarm/Actor_Carrot.Actor_Carrot_C:ExecuteUbergraph_Actor_Carrot
	Function /Game/PixelActors/PixelFarm/Actor_Carrot.Actor_Carrot_C:RenderText
	Function /Game/PixelActors/PixelFarm/Actor_Carrot.Actor_Carrot_C:ExecuteUbergraph_Actor_Carrot
	Function /Game/PixelActors/PixelFarm/Actor_Carrot.Actor_Carrot_C:RenderTheText

[2019.03.20-14.59.34:317][814]LogScript: Warning: Accessed None trying to read property MyPlayerRef
	Actor_Carrot_C /Game/PixelWorlds/FarmHunt.FarmHunt:PersistentLevel.Actor_Carrot4
	Function /Game/PixelActors/PixelFarm/Actor_Carrot.Actor_Carrot_C:RenderTheText:02A4
[2019.03.20-14.59.34:317][814]LogScript: Warning: Script call stack:
	Function /Game/PixelActors/PixelFarm/Actor_Carrot.Actor_Carrot_C:ReceiveTick
	Function /Game/PixelActors/PixelFarm/Actor_Carrot.Actor_Carrot_C:ExecuteUbergraph_Actor_Carrot
	Function /Game/PixelActors/PixelFarm/Actor_Carrot.Actor_Carrot_C:RenderText
	Function /Game/PixelActors/PixelFarm/Actor_Carrot.Actor_Carrot_C:ExecuteUbergraph_Actor_Carrot
	Function /Game/PixelActors/PixelFarm/Actor_Carrot.Actor_Carrot_C:RenderTheText

[2019.03.20-14.59.34:317][814]LogScript: Warning: Accessed None trying to read property MyPlayerRef
	Actor_Carrot_C /Game/PixelWorlds/FarmHunt.FarmHunt:PersistentLevel.Actor_Carrot5
	Function /Game/PixelActors/PixelFarm/Actor_Carrot.Actor_Carrot_C:RenderTheText:02A4
[2019.03.20-14.59.34:317][814]LogScript: Warning: Script call stack:
	Function /Game/PixelActors/PixelFarm/Actor_Carrot.Actor_Carrot_C:ReceiveTick
	Function /Game/PixelActors/PixelFarm/Actor_Carrot.Actor_Carrot_C:ExecuteUbergraph_Actor_Carrot
	Function /Game/PixelActors/PixelFarm/Actor_Carrot.Actor_Carrot_C:RenderText
	Function /Game/PixelActors/PixelFarm/Actor_Carrot.Actor_Carrot_C:ExecuteUbergraph_Actor_Carrot
	Function /Game/PixelActors/PixelFarm/Actor_Carrot.Actor_Carrot_C:RenderTheText

[2019.03.20-14.59.34:317][814]LogScript: Warning: Accessed None trying to read property MyPlayerRef
	Actor_Carrot_C /Game/PixelWorlds/FarmHunt.FarmHunt:PersistentLevel.Actor_Carrot6
	Function /Game/PixelActors/PixelFarm/Actor_Carrot.Actor_Carrot_C:RenderTheText:02A4
[2019.03.20-14.59.34:317][814]LogScript: Warning: Script call stack:
	Function /Game/PixelActors/PixelFarm/Actor_Carrot.Actor_Carrot_C:ReceiveTick
	Function /Game/PixelActors/PixelFarm/Actor_Carrot.Actor_Carrot_C:ExecuteUbergraph_Actor_Carrot
	Function /Game/PixelActors/PixelFarm/Actor_Carrot.Actor_Carrot_C:RenderText
	Function /Game/PixelActors/PixelFarm/Actor_Carrot.Actor_Carrot_C:ExecuteUbergraph_Actor_Carrot
	Function /Game/PixelActors/PixelFarm/Actor_Carrot.Actor_Carrot_C:RenderTheText

[2019.03.20-14.59.34:317][814]LogScript: Warning: Accessed None trying to read property MyPlayerRef
	Actor_Carrot_C /Game/PixelWorlds/FarmHunt.FarmHunt:PersistentLevel.Actor_Carrot_2
	Function /Game/PixelActors/PixelFarm/Actor_Carrot.Actor_Carrot_C:RenderTheText:02A4
[2019.03.20-14.59.34:317][814]LogScript: Warning: Script call stack:
	Function /Game/PixelActors/PixelFarm/Actor_Carrot.Actor_Carrot_C:ReceiveTick
	Function /Game/PixelActors/PixelFarm/Actor_Carrot.Actor_Carrot_C:ExecuteUbergraph_Actor_Carrot
	Function /Game/PixelActors/PixelFarm/Actor_Carrot.Actor_Carrot_C:RenderText
	Function /Game/PixelActors/PixelFarm/Actor_Carrot.Actor_Carrot_C:ExecuteUbergraph_Actor_Carrot
	Function /Game/PixelActors/PixelFarm/Actor_Carrot.Actor_Carrot_C:RenderTheText

[2019.03.20-14.59.34:317][814]LogNet: Warning: Network Failure: GameNetDriver[NetChecksumMismatch]: GetObjectFromNetGUID: Network checksum mismatch. FullNetGUIDPath: [65]/Game/PixelCharacters/PixelFarm_Farmer.[63]Default__PixelFarm_Farmer_C, 1666807410, 968088298
[2019.03.20-14.59.34:317][814]LogNet: NetworkFailure: NetChecksumMismatch, Error: 'GetObjectFromNetGUID: Network checksum mismatch. FullNetGUIDPath: [65]/Game/PixelCharacters/PixelFarm_Farmer.[63]Default__PixelFarm_Farmer_C, 1666807410, 968088298'
[2019.03.20-14.59.34:331][815]LogNet: Browse: /Game/PixelWorlds/PixelMenu?closed
[2019.03.20-14.59.34:332][815]LogNet: Connection failed; returning to Entry
[2019.03.20-14.59.34:332][815]LogLoad: LoadMap: /Game/PixelWorlds/PixelMenu?closed
[2019.03.20-14.59.34:332][815]LogNet: World NetDriver shutdown SteamNetDriver_0 [GameNetDriver]
[2019.03.20-14.59.34:332][815]LogNet: DestroyNamedNetDriver SteamNetDriver_0 [GameNetDriver]
[2019.03.20-14.59.34:332][815]LogNet: UNetConnection::Close: [UNetConnection] RemoteAddr: 76561198304318597:7777, Name: SteamNetConnection_0, Driver: GameNetDriver SteamNetDriver_0, IsServer: NO, PC: PlayerController_1, Owner: PlayerController_1, UniqueId: STEAM:Joey [0x24C502D6DA0], Channels: 16, Time: 2019.03.20-14.59.34
[2019.03.20-14.59.34:332][815]LogNet: UChannel::Close: Sending CloseBunch. ChIndex == 0. Name: [UChannel] ChIndex: 0, Closing: 0 [UNetConnection] RemoteAddr: 76561198304318597:7777, Name: SteamNetConnection_0, Driver: GameNetDriver SteamNetDriver_0, IsServer: NO, PC: PlayerController_1, Owner: PlayerController_1, UniqueId: STEAM:Joey [0x24C502D5E40]
[2019.03.20-14.59.34:333][815]LogExit: GameNetDriver SteamNetDriver_0 shut down
[2019.03.20-14.59.34:354][815]LogOnline: STEAM: Removing P2P Session Id: TheIndra [0x24C502D66E0], IdleTime: 0.039
[2019.03.20-14.59.34:413][815]LogAIModule: Creating AISystem for world PixelMenu
[2019.03.20-14.59.34:501][815]LogLoad: Game class is 'GM_PixelMenu_C'
[2019.03.20-14.59.34:502][815]LogWorld: Bringing World /Game/PixelWorlds/PixelMenu.PixelMenu up for play (max tick rate 0) at 2019.03.20-15.59.34
[2019.03.20-14.59.34:503][815]LogWorld: Bringing up level for play took: 0.000754
[2019.03.20-14.59.34:504][815]LogLoad: Took 0.171720 seconds to LoadMap(/Game/PixelWorlds/PixelMenu)
[2019.03.20-14.59.40:425][182]LogOnlineSession: STEAM: Found 3 lobbies, finalizing the search
[2019.03.20-14.59.40:425][182]LogOnlineSession: STEAM: Search result 0: LobbyId=Lobby[0x186000001E0FC6D], LobbyId.IsValid()=true, CSteamID(LobbyId).IsLobby()=true
[2019.03.20-14.59.40:425][182]LogOnlineSession: Warning: STEAM: Unable to parse search result for lobby 'Lobby[0x186000001E0FC6D]'
[2019.03.20-14.59.40:425][182]LogOnlineSession: STEAM: Search result 1: LobbyId=Lobby[0x186000001E0FCE2], LobbyId.IsValid()=true, CSteamID(LobbyId).IsLobby()=true
[2019.03.20-14.59.40:426][182]LogOnlineSession: Warning: STEAM: Unable to parse search result for lobby 'Lobby[0x186000001E0FCE2]'
[2019.03.20-14.59.40:426][182]LogOnlineSession: STEAM: Search result 2: LobbyId=Lobby[0x186000001EBB33A], LobbyId.IsValid()=true, CSteamID(LobbyId).IsLobby()=true
[2019.03.20-14.59.40:426][182]LogOnlineSession: Warning: STEAM: Unknown or unsupported data type from Steam key data actual_password e1556fa73a758baa1dbf4877cafe4f64
[2019.03.20-14.59.40:426][182]LogOnlineSession: Warning: STEAM: Failed to parse setting from key actual_password value e1556fa73a758baa1dbf4877cafe4f64
[2019.03.20-14.59.40:426][182]LogOnlineSession: Warning: STEAM: Unknown or unsupported data type from Steam key data desc Stellaris
[2019.03.20-14.59.40:426][182]LogOnlineSession: Warning: STEAM: Failed to parse setting from key desc value Stellaris
[2019.03.20-14.59.40:426][182]LogOnlineSession: Warning: STEAM: Unknown or unsupported data type from Steam key data mod Stellaris
[2019.03.20-14.59.40:426][182]LogOnlineSession: Warning: STEAM: Failed to parse setting from key mod value Stellaris
[2019.03.20-14.59.40:426][182]LogOnlineSession: Warning: STEAM: Unknown or unsupported data type from Steam key data name MrFluxx
[2019.03.20-14.59.40:426][182]LogOnlineSession: Warning: STEAM: Failed to parse setting from key name value MrFluxx
[2019.03.20-14.59.40:426][182]LogOnlineSession: Warning: STEAM: Unknown or unsupported data type from Steam key data password 0
[2019.03.20-14.59.40:426][182]LogOnlineSession: Warning: STEAM: Failed to parse setting from key password value 0
[2019.03.20-14.59.40:426][182]LogOnlineSession: Warning: STEAM: Unknown or unsupported data type from Steam key data status RUNNING;Le Guin v2.2.0 (0d1c);e1556fa73a758baa1dbf4877cafe4f64
[2019.03.20-14.59.40:426][182]LogOnlineSession: Warning: STEAM: Failed to parse setting from key status value RUNNING;Le Guin v2.2.0 (0d1c);e1556fa73a758baa1dbf4877cafe4f64
[2019.03.20-14.59.40:427][182]LogOnlineSession: Warning: STEAM: Unknown or unsupported data type from Steam key data version Le Guin v2.2.0 (0d1c)
[2019.03.20-14.59.40:427][182]LogOnlineSession: Warning: STEAM: Failed to parse setting from key version value Le Guin v2.2.0 (0d1c)
[2019.03.20-14.59.40:427][182]LogOnlineSession: Warning: STEAM: Unknown or unsupported data type from Steam key data __gameserverIP 0
[2019.03.20-14.59.40:427][182]LogOnlineSession: Warning: STEAM: Failed to parse setting from key __gameserverIP value 0
[2019.03.20-14.59.40:427][182]LogOnlineSession: Warning: STEAM: Unknown or unsupported data type from Steam key data __gameserverPort 0
[2019.03.20-14.59.40:427][182]LogOnlineSession: Warning: STEAM: Failed to parse setting from key __gameserverPort value 0
[2019.03.20-14.59.40:427][182]LogOnlineSession: Warning: STEAM: Unknown or unsupported data type from Steam key data __gameserverSteamID 90124426308918273
[2019.03.20-14.59.40:427][182]LogOnlineSession: Warning: STEAM: Failed to parse setting from key __gameserverSteamID value 90124426308918273
[2019.03.20-14.59.40:427][182]LogOnlineSession: Warning: STEAM: Unable to parse search result for lobby 'Lobby[0x186000001EBB33A]'
[2019.03.20-14.59.40:427][182]LogScript: Warning: Script Msg: Attempted to access index 0 from array 'result' of length 0 in '/Game/PixelCharacters/PixelFarm_Farmer.PixelFarm_Farmer_C'!
[2019.03.20-14.59.40:427][182]LogOnlineSession: Warning: STEAM: Session (GameSession) already exists, can't join twice
[2019.03.20-14.59.45:253][471]LogSlate: Window 'PixelArcade (64-bit Development PCD3D_SM5) ' being destroyed
[2019.03.20-14.59.45:254][471]LogWindowsTextInputMethodSystem: Display: IME system now deactivated.
[2019.03.20-14.59.45:257][471]LogSlate: Updating window title bar state: overlay mode, drag disabled, window buttons hidden, title bar hidden
[2019.03.20-14.59.45:257][471]LogEngine: All Windows Closed
[2019.03.20-14.59.45:257][471]LogWindows: FPlatformMisc::RequestExit(0)
[2019.03.20-14.59.45:294][472]LogExit: Preparing to exit.
[2019.03.20-14.59.45:294][472]LogMoviePlayer: Shutting down movie player
[2019.03.20-14.59.45:863][472]LogSlate: Updating window title bar state: overlay mode, drag disabled, window buttons hidden, title bar hidden
[2019.03.20-14.59.45:871][472]LogExit: Game engine shut down
[2019.03.20-14.59.45:918][472]LogExit: Object subsystem successfully closed.
[2019.03.20-14.59.45:932][472]LogShaderCompilers: Display: Shaders left to compile 0
[2019.03.20-14.59.45:934][472]LogD3D11RHI: Shutdown
[2019.03.20-14.59.45:934][472]LogD3D11RHI: CleanupD3DDevice
[2019.03.20-14.59.45:935][472]LogD3D11RHI: ~FD3D11DynamicRHI
[2019.03.20-14.59.45:939][472]LogModuleManager: Shutting down and abandoning module SequenceRecorderSections (384)
[2019.03.20-14.59.45:939][472]LogModuleManager: Shutting down and abandoning module SequenceRecorder (382)
[2019.03.20-14.59.45:939][472]LogModuleManager: Shutting down and abandoning module AutomationController (380)
[2019.03.20-14.59.45:939][472]LogModuleManager: Shutting down and abandoning module AutomationWorker (378)
[2019.03.20-14.59.45:939][472]LogModuleManager: Shutting down and abandoning module Voice (376)
[2019.03.20-14.59.45:940][472]LogModuleManager: Shutting down and abandoning module AIModule (374)
[2019.03.20-14.59.45:940][472]LogModuleManager: Shutting down and abandoning module GameplayDebugger (373)
[2019.03.20-14.59.45:940][472]LogModuleManager: Shutting down and abandoning module AITestSuite (371)
[2019.03.20-14.59.45:940][472]LogModuleManager: Shutting down and abandoning module NavigationSystem (369)
[2019.03.20-14.59.45:940][472]LogModuleManager: Shutting down and abandoning module WmfMediaFactory (366)
[2019.03.20-14.59.45:940][472]LogModuleManager: Shutting down and abandoning module WebMMediaFactory (364)
[2019.03.20-14.59.45:940][472]LogModuleManager: Shutting down and abandoning module WebMMedia (362)
[2019.03.20-14.59.45:940][472]LogModuleManager: Shutting down and abandoning module OpenExrWrapper (360)
[2019.03.20-14.59.45:940][472]LogModuleManager: Shutting down and abandoning module ImgMediaFactory (358)
[2019.03.20-14.59.45:940][472]LogModuleManager: Shutting down and abandoning module AvfMediaFactory (356)
[2019.03.20-14.59.45:940][472]LogModuleManager: Shutting down and abandoning module MagicLeapCameraPreviewFactory (354)
[2019.03.20-14.59.45:940][472]LogModuleManager: Shutting down and abandoning module MagicLeapMediaFactory (352)
[2019.03.20-14.59.45:940][472]LogModuleManager: Shutting down and abandoning module CharacterAI (350)
[2019.03.20-14.59.45:940][472]LogModuleManager: Shutting down and abandoning module SessionServices (348)
[2019.03.20-14.59.45:940][472]LogModuleManager: Shutting down and abandoning module MovieSceneCapture (346)
[2019.03.20-14.59.45:940][472]LogModuleManager: Shutting down and abandoning module MovieSceneTracks (344)
[2019.03.20-14.59.45:940][472]LogModuleManager: Shutting down and abandoning module MovieScene (342)
[2019.03.20-14.59.45:940][472]LogModuleManager: Shutting down and abandoning module StreamingPauseRendering (340)
[2019.03.20-14.59.45:940][472]LogModuleManager: Shutting down and abandoning module PortalServices (338)
[2019.03.20-14.59.45:940][472]LogModuleManager: Shutting down and abandoning module PortalRpc (336)
[2019.03.20-14.59.45:940][472]LogModuleManager: Shutting down and abandoning module MessagingRpc (334)
[2019.03.20-14.59.45:940][472]LogModuleManager: Shutting down and abandoning module ImageWriteQueue (332)
[2019.03.20-14.59.45:941][472]LogModuleManager: Shutting down and abandoning module ProfilerService (330)
[2019.03.20-14.59.45:960][472]LogModuleManager: Shutting down and abandoning module TaskGraph (328)
[2019.03.20-14.59.45:960][472]LogModuleManager: Shutting down and abandoning module SteamVRController (326)
[2019.03.20-14.59.45:960][472]LogModuleManager: Shutting down and abandoning module ProceduralMeshComponent (324)
[2019.03.20-14.59.45:960][472]LogModuleManager: Shutting down and abandoning module OculusInput (322)
[2019.03.20-14.59.45:960][472]LogModuleManager: Shutting down and abandoning module MobilePatchingUtils (320)
[2019.03.20-14.59.45:960][472]LogModuleManager: Shutting down and abandoning module EditableMesh (318)
[2019.03.20-14.59.45:960][472]LogModuleManager: Shutting down and abandoning module CustomMeshComponent (316)
[2019.03.20-14.59.45:960][472]LogModuleManager: Shutting down and abandoning module CableComponent (314)
[2019.03.20-14.59.45:960][472]LogModuleManager: Shutting down and abandoning module AudioCapture (312)
[2019.03.20-14.59.45:960][472]LogModuleManager: Shutting down and abandoning module ArchVisCharacter (310)
[2019.03.20-14.59.45:960][472]LogModuleManager: Shutting down and abandoning module AndroidPermission (308)
[2019.03.20-14.59.45:960][472]LogModuleManager: Shutting down and abandoning module NUTUnrealEngine4 (304)
[2019.03.20-14.59.45:960][472]LogModuleManager: Shutting down and abandoning module NetcodeUnitTest (302)
[2019.03.20-14.59.45:960][472]LogModuleManager: Shutting down and abandoning module MediaCompositing (300)
[2019.03.20-14.59.45:960][472]LogModuleManager: Shutting down and abandoning module LinearTimecode (298)
[2019.03.20-14.59.45:960][472]LogModuleManager: Shutting down and abandoning module ImgMedia (296)
[2019.03.20-14.59.45:962][472]LogModuleManager: Shutting down and abandoning module HTML5Networking (294)
[2019.03.20-14.59.45:962][472]LogModuleManager: Shutting down and abandoning module GeometryCacheTracks (292)
[2019.03.20-14.59.45:962][472]LogModuleManager: Shutting down and abandoning module GeometryCacheSequencer (291)
[2019.03.20-14.59.45:962][472]LogModuleManager: Shutting down and abandoning module GeometryCache (288)
[2019.03.20-14.59.45:962][472]LogModuleManager: Shutting down and abandoning module GeometryCacheEd (287)
[2019.03.20-14.59.45:962][472]LogModuleManager: Shutting down and abandoning module BackChannel (284)
[2019.03.20-14.59.45:962][472]LogModuleManager: Shutting down and abandoning module AppleVision (282)
[2019.03.20-14.59.45:962][472]LogModuleManager: Shutting down and abandoning module AppleImageUtilsBlueprintSupport (280)
[2019.03.20-14.59.45:962][472]LogModuleManager: Shutting down and abandoning module AppleImageUtils (278)
[2019.03.20-14.59.45:962][472]LogModuleManager: Shutting down and abandoning module VariantManagerContent (276)
[2019.03.20-14.59.45:962][472]LogModuleManager: Shutting down and abandoning module CryptoKeysOpenSSL (274)
[2019.03.20-14.59.45:962][472]LogModuleManager: Shutting down and abandoning module CryptoKeys (272)
[2019.03.20-14.59.45:962][472]LogModuleManager: Shutting down and abandoning module VisualStudioSourceCodeAccess (270)
[2019.03.20-14.59.45:962][472]LogModuleManager: Shutting down and abandoning module HotReload (269)
[2019.03.20-14.59.45:962][472]LogModuleManager: Shutting down and abandoning module DirectoryWatcher (268)
[2019.03.20-14.59.45:962][472]LogModuleManager: Shutting down and abandoning module VisualStudioCodeSourceCodeAccess (264)
[2019.03.20-14.59.45:962][472]LogModuleManager: Shutting down and abandoning module UObjectPlugin (262)
[2019.03.20-14.59.45:963][472]LogModuleManager: Shutting down and abandoning module SubversionSourceControl (260)
[2019.03.20-14.59.45:963][472]LogModuleManager: Shutting down and abandoning module PerforceSourceControl (258)
[2019.03.20-14.59.45:963][472]LogModuleManager: Shutting down and abandoning module SourceControl (257)
[2019.03.20-14.59.45:963][472]LogModuleManager: Shutting down and abandoning module CLionSourceCodeAccess (254)
[2019.03.20-14.59.45:963][472]LogModuleManager: Shutting down and abandoning module ActorLayerUtilities (252)
[2019.03.20-14.59.45:963][472]LogModuleManager: Shutting down and abandoning module RuntimePhysXCooking (250)
[2019.03.20-14.59.45:963][472]LogModuleManager: Shutting down and abandoning module PhysXVehiclesEditor (248)
[2019.03.20-14.59.45:963][472]LogModuleManager: Shutting down and abandoning module PhysXVehicles (246)
[2019.03.20-14.59.45:963][472]LogModuleManager: Shutting down and abandoning module LocationServicesBPLibrary (244)
[2019.03.20-14.59.45:963][472]LogModuleManager: Shutting down and abandoning module ActorSequence (242)
[2019.03.20-14.59.45:963][472]LogModuleManager: Shutting down and abandoning module UdpMessaging (240)
